[2024-12-21T20:12:21.189+0000] {taskinstance.py:1165} INFO - Dependencies all met for <TaskInstance: 5.2-orquestacion.tarea4 scheduled__2024-06-01T00:00:00+00:00 [queued]>
[2024-12-21T20:12:21.201+0000] {taskinstance.py:1165} INFO - Dependencies all met for <TaskInstance: 5.2-orquestacion.tarea4 scheduled__2024-06-01T00:00:00+00:00 [queued]>
[2024-12-21T20:12:21.202+0000] {taskinstance.py:1362} INFO - 
--------------------------------------------------------------------------------
[2024-12-21T20:12:21.202+0000] {taskinstance.py:1363} INFO - Starting attempt 1 of 1
[2024-12-21T20:12:21.202+0000] {taskinstance.py:1364} INFO - 
--------------------------------------------------------------------------------
[2024-12-21T20:12:21.218+0000] {taskinstance.py:1383} INFO - Executing <Task(BashOperator): tarea4> on 2024-06-01 00:00:00+00:00
[2024-12-21T20:12:21.222+0000] {standard_task_runner.py:55} INFO - Started process 3231 to run task
[2024-12-21T20:12:21.226+0000] {standard_task_runner.py:82} INFO - Running: ['***', 'tasks', 'run', '5.2-orquestacion', 'tarea4', 'scheduled__2024-06-01T00:00:00+00:00', '--job-id', '2178', '--raw', '--subdir', 'DAGS_FOLDER/5.2-orquestation.py', '--cfg-path', '/tmp/tmpz83ahvk7']
[2024-12-21T20:12:21.226+0000] {standard_task_runner.py:83} INFO - Job 2178: Subtask tarea4
[2024-12-21T20:12:21.288+0000] {task_command.py:376} INFO - Running <TaskInstance: 5.2-orquestacion.tarea4 scheduled__2024-06-01T00:00:00+00:00 [running]> on host a39b43f32cb0
[2024-12-21T20:12:21.345+0000] {taskinstance.py:1592} INFO - Exporting the following env vars:
AIRFLOW_CTX_DAG_OWNER=***
AIRFLOW_CTX_DAG_ID=5.2-orquestacion
AIRFLOW_CTX_TASK_ID=tarea4
AIRFLOW_CTX_EXECUTION_DATE=2024-06-01T00:00:00+00:00
AIRFLOW_CTX_TRY_NUMBER=1
AIRFLOW_CTX_DAG_RUN_ID=scheduled__2024-06-01T00:00:00+00:00
[2024-12-21T20:12:21.346+0000] {subprocess.py:63} INFO - Tmp dir root location: 
 /tmp
[2024-12-21T20:12:21.347+0000] {subprocess.py:75} INFO - Running command: ['/bin/bash', '-c', "sleep 2 && echo 'Tarea 4'"]
[2024-12-21T20:12:21.354+0000] {subprocess.py:86} INFO - Output:
[2024-12-21T20:12:23.358+0000] {subprocess.py:93} INFO - Tarea 4
[2024-12-21T20:12:23.359+0000] {subprocess.py:97} INFO - Command exited with return code 0
[2024-12-21T20:12:23.389+0000] {taskinstance.py:1406} INFO - Marking task as SUCCESS. dag_id=5.2-orquestacion, task_id=tarea4, execution_date=20240601T000000, start_date=20241221T201221, end_date=20241221T201223
[2024-12-21T20:12:23.408+0000] {local_task_job.py:164} INFO - Task exited with return code 0
[2024-12-21T20:12:23.440+0000] {local_task_job.py:273} INFO - 0 downstream tasks scheduled from follow-on schedule check
[2024-12-21T20:13:49.985+0000] {taskinstance.py:1165} INFO - Dependencies all met for <TaskInstance: 5.2-orquestacion.tarea4 scheduled__2024-06-01T00:00:00+00:00 [queued]>
[2024-12-21T20:13:49.998+0000] {taskinstance.py:1165} INFO - Dependencies all met for <TaskInstance: 5.2-orquestacion.tarea4 scheduled__2024-06-01T00:00:00+00:00 [queued]>
[2024-12-21T20:13:49.998+0000] {taskinstance.py:1362} INFO - 
--------------------------------------------------------------------------------
[2024-12-21T20:13:49.998+0000] {taskinstance.py:1363} INFO - Starting attempt 1 of 1
[2024-12-21T20:13:49.998+0000] {taskinstance.py:1364} INFO - 
--------------------------------------------------------------------------------
[2024-12-21T20:13:50.009+0000] {taskinstance.py:1383} INFO - Executing <Task(BashOperator): tarea4> on 2024-06-01 00:00:00+00:00
[2024-12-21T20:13:50.012+0000] {standard_task_runner.py:55} INFO - Started process 3344 to run task
[2024-12-21T20:13:50.015+0000] {standard_task_runner.py:82} INFO - Running: ['***', 'tasks', 'run', '5.2-orquestacion', 'tarea4', 'scheduled__2024-06-01T00:00:00+00:00', '--job-id', '2189', '--raw', '--subdir', 'DAGS_FOLDER/5.2-orquestation.py', '--cfg-path', '/tmp/tmpm9iq2vjd']
[2024-12-21T20:13:50.017+0000] {standard_task_runner.py:83} INFO - Job 2189: Subtask tarea4
[2024-12-21T20:13:50.069+0000] {task_command.py:376} INFO - Running <TaskInstance: 5.2-orquestacion.tarea4 scheduled__2024-06-01T00:00:00+00:00 [running]> on host a39b43f32cb0
[2024-12-21T20:13:50.126+0000] {taskinstance.py:1592} INFO - Exporting the following env vars:
AIRFLOW_CTX_DAG_OWNER=***
AIRFLOW_CTX_DAG_ID=5.2-orquestacion
AIRFLOW_CTX_TASK_ID=tarea4
AIRFLOW_CTX_EXECUTION_DATE=2024-06-01T00:00:00+00:00
AIRFLOW_CTX_TRY_NUMBER=1
AIRFLOW_CTX_DAG_RUN_ID=scheduled__2024-06-01T00:00:00+00:00
[2024-12-21T20:13:50.127+0000] {subprocess.py:63} INFO - Tmp dir root location: 
 /tmp
[2024-12-21T20:13:50.128+0000] {subprocess.py:75} INFO - Running command: ['/bin/bash', '-c', "sleep 2 && echo 'Tarea 4'"]
[2024-12-21T20:13:50.135+0000] {subprocess.py:86} INFO - Output:
[2024-12-21T20:13:52.140+0000] {subprocess.py:93} INFO - Tarea 4
[2024-12-21T20:13:52.142+0000] {subprocess.py:97} INFO - Command exited with return code 0
[2024-12-21T20:13:52.172+0000] {taskinstance.py:1406} INFO - Marking task as SUCCESS. dag_id=5.2-orquestacion, task_id=tarea4, execution_date=20240601T000000, start_date=20241221T201349, end_date=20241221T201352
[2024-12-21T20:13:52.221+0000] {local_task_job.py:164} INFO - Task exited with return code 0
[2024-12-21T20:13:52.241+0000] {local_task_job.py:273} INFO - 0 downstream tasks scheduled from follow-on schedule check
