[2024-12-21T21:39:00.489+0000] {taskinstance.py:1165} INFO - Dependencies all met for <TaskInstance: commiteando_cosas.check scheduled__2024-12-21T21:38:00+00:00 [queued]>
[2024-12-21T21:39:00.498+0000] {taskinstance.py:1165} INFO - Dependencies all met for <TaskInstance: commiteando_cosas.check scheduled__2024-12-21T21:38:00+00:00 [queued]>
[2024-12-21T21:39:00.498+0000] {taskinstance.py:1362} INFO - 
--------------------------------------------------------------------------------
[2024-12-21T21:39:00.498+0000] {taskinstance.py:1363} INFO - Starting attempt 1 of 1
[2024-12-21T21:39:00.498+0000] {taskinstance.py:1364} INFO - 
--------------------------------------------------------------------------------
[2024-12-21T21:39:00.509+0000] {taskinstance.py:1383} INFO - Executing <Task(BashOperator): check> on 2024-12-21 21:38:00+00:00
[2024-12-21T21:39:00.513+0000] {standard_task_runner.py:55} INFO - Started process 8796 to run task
[2024-12-21T21:39:00.517+0000] {standard_task_runner.py:82} INFO - Running: ['***', 'tasks', 'run', 'commiteando_cosas', 'check', 'scheduled__2024-12-21T21:38:00+00:00', '--job-id', '2665', '--raw', '--subdir', 'DAGS_FOLDER/elPataCommits.py', '--cfg-path', '/tmp/tmpd5g4ixy9']
[2024-12-21T21:39:00.518+0000] {standard_task_runner.py:83} INFO - Job 2665: Subtask check
[2024-12-21T21:39:00.583+0000] {task_command.py:376} INFO - Running <TaskInstance: commiteando_cosas.check scheduled__2024-12-21T21:38:00+00:00 [running]> on host a39b43f32cb0
[2024-12-21T21:39:00.648+0000] {taskinstance.py:1592} INFO - Exporting the following env vars:
AIRFLOW_CTX_DAG_OWNER=***
AIRFLOW_CTX_DAG_ID=commiteando_cosas
AIRFLOW_CTX_TASK_ID=check
AIRFLOW_CTX_EXECUTION_DATE=2024-12-21T21:38:00+00:00
AIRFLOW_CTX_TRY_NUMBER=1
AIRFLOW_CTX_DAG_RUN_ID=scheduled__2024-12-21T21:38:00+00:00
[2024-12-21T21:39:00.650+0000] {subprocess.py:63} INFO - Tmp dir root location: 
 /tmp
[2024-12-21T21:39:00.650+0000] {subprocess.py:75} INFO - Running command: ['/bin/bash', '-c', '\n        echo && \n        whoami && \n        echo && \n        pwd && \n        echo\n        ']
[2024-12-21T21:39:00.660+0000] {subprocess.py:86} INFO - Output:
[2024-12-21T21:39:00.663+0000] {subprocess.py:93} INFO - 
[2024-12-21T21:39:00.664+0000] {subprocess.py:93} INFO - ***
[2024-12-21T21:39:00.664+0000] {subprocess.py:93} INFO - 
[2024-12-21T21:39:00.664+0000] {subprocess.py:93} INFO - /tmp/***tmp1m61tt72
[2024-12-21T21:39:00.664+0000] {subprocess.py:93} INFO - 
[2024-12-21T21:39:00.665+0000] {subprocess.py:97} INFO - Command exited with return code 0
[2024-12-21T21:39:00.694+0000] {taskinstance.py:1406} INFO - Marking task as SUCCESS. dag_id=commiteando_cosas, task_id=check, execution_date=20241221T213800, start_date=20241221T213900, end_date=20241221T213900
[2024-12-21T21:39:00.749+0000] {local_task_job.py:164} INFO - Task exited with return code 0
[2024-12-21T21:39:00.773+0000] {local_task_job.py:273} INFO - 1 downstream tasks scheduled from follow-on schedule check
