[2024-12-21T20:54:10.692+0000] {taskinstance.py:1165} INFO - Dependencies all met for <TaskInstance: commiteando_cosas.crear_archivo_fecha_task scheduled__2024-12-21T15:18:00+00:00 [queued]>
[2024-12-21T20:54:10.720+0000] {taskinstance.py:1165} INFO - Dependencies all met for <TaskInstance: commiteando_cosas.crear_archivo_fecha_task scheduled__2024-12-21T15:18:00+00:00 [queued]>
[2024-12-21T20:54:10.721+0000] {taskinstance.py:1362} INFO - 
--------------------------------------------------------------------------------
[2024-12-21T20:54:10.727+0000] {taskinstance.py:1363} INFO - Starting attempt 2 of 2
[2024-12-21T20:54:10.728+0000] {taskinstance.py:1364} INFO - 
--------------------------------------------------------------------------------
[2024-12-21T20:54:10.849+0000] {taskinstance.py:1383} INFO - Executing <Task(BashOperator): crear_archivo_fecha_task> on 2024-12-21 15:18:00+00:00
[2024-12-21T20:54:10.915+0000] {standard_task_runner.py:55} INFO - Started process 6445 to run task
[2024-12-21T20:54:10.931+0000] {standard_task_runner.py:82} INFO - Running: ['***', 'tasks', 'run', 'commiteando_cosas', 'crear_archivo_fecha_task', 'scheduled__2024-12-21T15:18:00+00:00', '--job-id', '2543', '--raw', '--subdir', 'DAGS_FOLDER/elPataCommits.py', '--cfg-path', '/tmp/tmpek1u4ndh']
[2024-12-21T20:54:10.941+0000] {standard_task_runner.py:83} INFO - Job 2543: Subtask crear_archivo_fecha_task
[2024-12-21T20:54:11.200+0000] {task_command.py:376} INFO - Running <TaskInstance: commiteando_cosas.crear_archivo_fecha_task scheduled__2024-12-21T15:18:00+00:00 [running]> on host a39b43f32cb0
[2024-12-21T20:54:11.396+0000] {taskinstance.py:1592} INFO - Exporting the following env vars:
AIRFLOW_CTX_DAG_OWNER=***
AIRFLOW_CTX_DAG_ID=commiteando_cosas
AIRFLOW_CTX_TASK_ID=crear_archivo_fecha_task
AIRFLOW_CTX_EXECUTION_DATE=2024-12-21T15:18:00+00:00
AIRFLOW_CTX_TRY_NUMBER=2
AIRFLOW_CTX_DAG_RUN_ID=scheduled__2024-12-21T15:18:00+00:00
[2024-12-21T20:54:11.405+0000] {subprocess.py:63} INFO - Tmp dir root location: 
 /tmp
[2024-12-21T20:54:11.406+0000] {subprocess.py:75} INFO - Running command: ['/bin/bash', '-c', '\n        output_path="/root/usr/"\n        mkdir -p $output_path\n        today_date=$(date \'+%Y-%m-%d_%H-%M-%S\')\n        echo "Archivo creado el $today_date" > juan.txt\n        echo "Archivo juan.txt creado exitosamente."\n        ']
[2024-12-21T20:54:11.436+0000] {subprocess.py:86} INFO - Output:
[2024-12-21T20:54:11.491+0000] {subprocess.py:93} INFO - mkdir: cannot create directory ‘/root’: Permission denied
[2024-12-21T20:54:11.515+0000] {subprocess.py:93} INFO - Archivo juan.txt creado exitosamente.
[2024-12-21T20:54:11.517+0000] {subprocess.py:97} INFO - Command exited with return code 0
[2024-12-21T20:54:11.638+0000] {taskinstance.py:1406} INFO - Marking task as SUCCESS. dag_id=commiteando_cosas, task_id=crear_archivo_fecha_task, execution_date=20241221T151800, start_date=20241221T205410, end_date=20241221T205411
[2024-12-21T20:54:11.741+0000] {local_task_job.py:164} INFO - Task exited with return code 0
[2024-12-21T20:54:11.843+0000] {local_task_job.py:273} INFO - 1 downstream tasks scheduled from follow-on schedule check
