[2024-12-21T20:24:38.152+0000] {taskinstance.py:1165} INFO - Dependencies all met for <TaskInstance: 6.1-monitoreando.tarea1 scheduled__2022-06-10T00:00:00+00:00 [queued]>
[2024-12-21T20:24:38.480+0000] {taskinstance.py:1165} INFO - Dependencies all met for <TaskInstance: 6.1-monitoreando.tarea1 scheduled__2022-06-10T00:00:00+00:00 [queued]>
[2024-12-21T20:24:38.489+0000] {taskinstance.py:1362} INFO - 
--------------------------------------------------------------------------------
[2024-12-21T20:24:38.492+0000] {taskinstance.py:1363} INFO - Starting attempt 1 of 1
[2024-12-21T20:24:38.497+0000] {taskinstance.py:1364} INFO - 
--------------------------------------------------------------------------------
[2024-12-21T20:24:38.859+0000] {taskinstance.py:1383} INFO - Executing <Task(BashOperator): tarea1> on 2022-06-10 00:00:00+00:00
[2024-12-21T20:24:38.973+0000] {standard_task_runner.py:55} INFO - Started process 4204 to run task
[2024-12-21T20:24:39.045+0000] {standard_task_runner.py:82} INFO - Running: ['***', 'tasks', 'run', '6.1-monitoreando', 'tarea1', 'scheduled__2022-06-10T00:00:00+00:00', '--job-id', '2285', '--raw', '--subdir', 'DAGS_FOLDER/6.1-monitoring.py', '--cfg-path', '/tmp/tmpvlmu0gyr']
[2024-12-21T20:24:39.054+0000] {standard_task_runner.py:83} INFO - Job 2285: Subtask tarea1
[2024-12-21T20:24:39.758+0000] {task_command.py:376} INFO - Running <TaskInstance: 6.1-monitoreando.tarea1 scheduled__2022-06-10T00:00:00+00:00 [running]> on host a39b43f32cb0
[2024-12-21T20:24:40.607+0000] {taskinstance.py:1592} INFO - Exporting the following env vars:
AIRFLOW_CTX_DAG_OWNER=***
AIRFLOW_CTX_DAG_ID=6.1-monitoreando
AIRFLOW_CTX_TASK_ID=tarea1
AIRFLOW_CTX_EXECUTION_DATE=2022-06-10T00:00:00+00:00
AIRFLOW_CTX_TRY_NUMBER=1
AIRFLOW_CTX_DAG_RUN_ID=scheduled__2022-06-10T00:00:00+00:00
[2024-12-21T20:24:40.633+0000] {subprocess.py:63} INFO - Tmp dir root location: 
 /tmp
[2024-12-21T20:24:40.671+0000] {subprocess.py:75} INFO - Running command: ['/bin/bash', '-c', "sleep 2 && echo 'Tarea 1'"]
[2024-12-21T20:24:40.726+0000] {subprocess.py:86} INFO - Output:
[2024-12-21T20:24:42.759+0000] {subprocess.py:93} INFO - Tarea 1
[2024-12-21T20:24:42.767+0000] {subprocess.py:97} INFO - Command exited with return code 0
[2024-12-21T20:24:43.086+0000] {taskinstance.py:1406} INFO - Marking task as SUCCESS. dag_id=6.1-monitoreando, task_id=tarea1, execution_date=20220610T000000, start_date=20241221T202438, end_date=20241221T202443
[2024-12-21T20:24:43.276+0000] {local_task_job.py:164} INFO - Task exited with return code 0
[2024-12-21T20:24:43.538+0000] {local_task_job.py:273} INFO - 1 downstream tasks scheduled from follow-on schedule check
