[2024-12-21T20:25:46.293+0000] {taskinstance.py:1165} INFO - Dependencies all met for <TaskInstance: 6.1-monitoreando.tarea2 scheduled__2022-07-11T00:00:00+00:00 [queued]>
[2024-12-21T20:25:46.355+0000] {taskinstance.py:1165} INFO - Dependencies all met for <TaskInstance: 6.1-monitoreando.tarea2 scheduled__2022-07-11T00:00:00+00:00 [queued]>
[2024-12-21T20:25:46.361+0000] {taskinstance.py:1362} INFO - 
--------------------------------------------------------------------------------
[2024-12-21T20:25:46.367+0000] {taskinstance.py:1363} INFO - Starting attempt 1 of 1
[2024-12-21T20:25:46.371+0000] {taskinstance.py:1364} INFO - 
--------------------------------------------------------------------------------
[2024-12-21T20:25:46.934+0000] {taskinstance.py:1383} INFO - Executing <Task(BashOperator): tarea2> on 2022-07-11 00:00:00+00:00
[2024-12-21T20:25:46.995+0000] {standard_task_runner.py:55} INFO - Started process 4520 to run task
[2024-12-21T20:25:47.021+0000] {standard_task_runner.py:82} INFO - Running: ['***', 'tasks', 'run', '6.1-monitoreando', 'tarea2', 'scheduled__2022-07-11T00:00:00+00:00', '--job-id', '2363', '--raw', '--subdir', 'DAGS_FOLDER/6.1-monitoring.py', '--cfg-path', '/tmp/tmpydq8xoop']
[2024-12-21T20:25:47.023+0000] {standard_task_runner.py:83} INFO - Job 2363: Subtask tarea2
[2024-12-21T20:25:48.049+0000] {task_command.py:376} INFO - Running <TaskInstance: 6.1-monitoreando.tarea2 scheduled__2022-07-11T00:00:00+00:00 [running]> on host a39b43f32cb0
[2024-12-21T20:25:50.769+0000] {taskinstance.py:1592} INFO - Exporting the following env vars:
AIRFLOW_CTX_DAG_OWNER=***
AIRFLOW_CTX_DAG_ID=6.1-monitoreando
AIRFLOW_CTX_TASK_ID=tarea2
AIRFLOW_CTX_EXECUTION_DATE=2022-07-11T00:00:00+00:00
AIRFLOW_CTX_TRY_NUMBER=1
AIRFLOW_CTX_DAG_RUN_ID=scheduled__2022-07-11T00:00:00+00:00
[2024-12-21T20:25:50.828+0000] {subprocess.py:63} INFO - Tmp dir root location: 
 /tmp
[2024-12-21T20:25:50.839+0000] {subprocess.py:75} INFO - Running command: ['/bin/bash', '-c', "sleep 2 && echo 'Tarea 2'"]
[2024-12-21T20:25:50.979+0000] {subprocess.py:86} INFO - Output:
[2024-12-21T20:25:53.047+0000] {subprocess.py:93} INFO - Tarea 2
[2024-12-21T20:25:53.131+0000] {subprocess.py:97} INFO - Command exited with return code 0
[2024-12-21T20:25:54.556+0000] {taskinstance.py:1406} INFO - Marking task as SUCCESS. dag_id=6.1-monitoreando, task_id=tarea2, execution_date=20220711T000000, start_date=20241221T202546, end_date=20241221T202554
[2024-12-21T20:25:55.300+0000] {local_task_job.py:164} INFO - Task exited with return code 0
[2024-12-21T20:25:56.534+0000] {local_task_job.py:273} INFO - 0 downstream tasks scheduled from follow-on schedule check
