[2024-12-21T20:23:52.841+0000] {taskinstance.py:1165} INFO - Dependencies all met for <TaskInstance: 6.1-monitoreando.tarea1 scheduled__2022-05-12T00:00:00+00:00 [queued]>
[2024-12-21T20:23:52.860+0000] {taskinstance.py:1165} INFO - Dependencies all met for <TaskInstance: 6.1-monitoreando.tarea1 scheduled__2022-05-12T00:00:00+00:00 [queued]>
[2024-12-21T20:23:52.861+0000] {taskinstance.py:1362} INFO - 
--------------------------------------------------------------------------------
[2024-12-21T20:23:52.861+0000] {taskinstance.py:1363} INFO - Starting attempt 1 of 1
[2024-12-21T20:23:52.861+0000] {taskinstance.py:1364} INFO - 
--------------------------------------------------------------------------------
[2024-12-21T20:23:52.889+0000] {taskinstance.py:1383} INFO - Executing <Task(BashOperator): tarea1> on 2022-05-12 00:00:00+00:00
[2024-12-21T20:23:52.896+0000] {standard_task_runner.py:55} INFO - Started process 3980 to run task
[2024-12-21T20:23:52.907+0000] {standard_task_runner.py:82} INFO - Running: ['***', 'tasks', 'run', '6.1-monitoreando', 'tarea1', 'scheduled__2022-05-12T00:00:00+00:00', '--job-id', '2232', '--raw', '--subdir', 'DAGS_FOLDER/6.1-monitoring.py', '--cfg-path', '/tmp/tmpdm7wv3s8']
[2024-12-21T20:23:52.908+0000] {standard_task_runner.py:83} INFO - Job 2232: Subtask tarea1
[2024-12-21T20:23:53.147+0000] {task_command.py:376} INFO - Running <TaskInstance: 6.1-monitoreando.tarea1 scheduled__2022-05-12T00:00:00+00:00 [running]> on host a39b43f32cb0
[2024-12-21T20:23:53.327+0000] {taskinstance.py:1592} INFO - Exporting the following env vars:
AIRFLOW_CTX_DAG_OWNER=***
AIRFLOW_CTX_DAG_ID=6.1-monitoreando
AIRFLOW_CTX_TASK_ID=tarea1
AIRFLOW_CTX_EXECUTION_DATE=2022-05-12T00:00:00+00:00
AIRFLOW_CTX_TRY_NUMBER=1
AIRFLOW_CTX_DAG_RUN_ID=scheduled__2022-05-12T00:00:00+00:00
[2024-12-21T20:23:53.330+0000] {subprocess.py:63} INFO - Tmp dir root location: 
 /tmp
[2024-12-21T20:23:53.331+0000] {subprocess.py:75} INFO - Running command: ['/bin/bash', '-c', "sleep 2 && echo 'Tarea 1'"]
[2024-12-21T20:23:53.346+0000] {subprocess.py:86} INFO - Output:
[2024-12-21T20:23:55.359+0000] {subprocess.py:93} INFO - Tarea 1
[2024-12-21T20:23:55.366+0000] {subprocess.py:97} INFO - Command exited with return code 0
[2024-12-21T20:23:55.463+0000] {taskinstance.py:1406} INFO - Marking task as SUCCESS. dag_id=6.1-monitoreando, task_id=tarea1, execution_date=20220512T000000, start_date=20241221T202352, end_date=20241221T202355
[2024-12-21T20:23:55.540+0000] {local_task_job.py:164} INFO - Task exited with return code 0
[2024-12-21T20:23:55.617+0000] {local_task_job.py:273} INFO - 1 downstream tasks scheduled from follow-on schedule check
