[2024-12-21T20:12:28.796+0000] {taskinstance.py:1165} INFO - Dependencies all met for <TaskInstance: 5.2-orquestacion.tarea2 scheduled__2024-07-01T00:00:00+00:00 [queued]>
[2024-12-21T20:12:28.807+0000] {taskinstance.py:1165} INFO - Dependencies all met for <TaskInstance: 5.2-orquestacion.tarea2 scheduled__2024-07-01T00:00:00+00:00 [queued]>
[2024-12-21T20:12:28.807+0000] {taskinstance.py:1362} INFO - 
--------------------------------------------------------------------------------
[2024-12-21T20:12:28.807+0000] {taskinstance.py:1363} INFO - Starting attempt 1 of 1
[2024-12-21T20:12:28.807+0000] {taskinstance.py:1364} INFO - 
--------------------------------------------------------------------------------
[2024-12-21T20:12:28.819+0000] {taskinstance.py:1383} INFO - Executing <Task(BashOperator): tarea2> on 2024-07-01 00:00:00+00:00
[2024-12-21T20:12:28.822+0000] {standard_task_runner.py:55} INFO - Started process 3251 to run task
[2024-12-21T20:12:28.826+0000] {standard_task_runner.py:82} INFO - Running: ['***', 'tasks', 'run', '5.2-orquestacion', 'tarea2', 'scheduled__2024-07-01T00:00:00+00:00', '--job-id', '2181', '--raw', '--subdir', 'DAGS_FOLDER/5.2-orquestation.py', '--cfg-path', '/tmp/tmpmsyeit1f']
[2024-12-21T20:12:28.827+0000] {standard_task_runner.py:83} INFO - Job 2181: Subtask tarea2
[2024-12-21T20:12:28.885+0000] {task_command.py:376} INFO - Running <TaskInstance: 5.2-orquestacion.tarea2 scheduled__2024-07-01T00:00:00+00:00 [running]> on host a39b43f32cb0
[2024-12-21T20:12:28.944+0000] {taskinstance.py:1592} INFO - Exporting the following env vars:
AIRFLOW_CTX_DAG_OWNER=***
AIRFLOW_CTX_DAG_ID=5.2-orquestacion
AIRFLOW_CTX_TASK_ID=tarea2
AIRFLOW_CTX_EXECUTION_DATE=2024-07-01T00:00:00+00:00
AIRFLOW_CTX_TRY_NUMBER=1
AIRFLOW_CTX_DAG_RUN_ID=scheduled__2024-07-01T00:00:00+00:00
[2024-12-21T20:12:28.945+0000] {subprocess.py:63} INFO - Tmp dir root location: 
 /tmp
[2024-12-21T20:12:28.946+0000] {subprocess.py:75} INFO - Running command: ['/bin/bash', '-c', "sleep 2 && echo 'Tarea 2'"]
[2024-12-21T20:12:28.954+0000] {subprocess.py:86} INFO - Output:
[2024-12-21T20:12:30.961+0000] {subprocess.py:93} INFO - Tarea 2
[2024-12-21T20:12:30.963+0000] {subprocess.py:97} INFO - Command exited with return code 0
[2024-12-21T20:12:31.003+0000] {taskinstance.py:1406} INFO - Marking task as SUCCESS. dag_id=5.2-orquestacion, task_id=tarea2, execution_date=20240701T000000, start_date=20241221T201228, end_date=20241221T201231
[2024-12-21T20:12:31.045+0000] {local_task_job.py:164} INFO - Task exited with return code 0
[2024-12-21T20:12:31.079+0000] {local_task_job.py:273} INFO - 0 downstream tasks scheduled from follow-on schedule check
[2024-12-21T20:13:57.160+0000] {taskinstance.py:1165} INFO - Dependencies all met for <TaskInstance: 5.2-orquestacion.tarea2 scheduled__2024-07-01T00:00:00+00:00 [queued]>
[2024-12-21T20:13:57.176+0000] {taskinstance.py:1165} INFO - Dependencies all met for <TaskInstance: 5.2-orquestacion.tarea2 scheduled__2024-07-01T00:00:00+00:00 [queued]>
[2024-12-21T20:13:57.176+0000] {taskinstance.py:1362} INFO - 
--------------------------------------------------------------------------------
[2024-12-21T20:13:57.176+0000] {taskinstance.py:1363} INFO - Starting attempt 1 of 1
[2024-12-21T20:13:57.177+0000] {taskinstance.py:1364} INFO - 
--------------------------------------------------------------------------------
[2024-12-21T20:13:57.193+0000] {taskinstance.py:1383} INFO - Executing <Task(BashOperator): tarea2> on 2024-07-01 00:00:00+00:00
[2024-12-21T20:13:57.197+0000] {standard_task_runner.py:55} INFO - Started process 3354 to run task
[2024-12-21T20:13:57.202+0000] {standard_task_runner.py:82} INFO - Running: ['***', 'tasks', 'run', '5.2-orquestacion', 'tarea2', 'scheduled__2024-07-01T00:00:00+00:00', '--job-id', '2191', '--raw', '--subdir', 'DAGS_FOLDER/5.2-orquestation.py', '--cfg-path', '/tmp/tmp9nuwt6tt']
[2024-12-21T20:13:57.203+0000] {standard_task_runner.py:83} INFO - Job 2191: Subtask tarea2
[2024-12-21T20:13:57.275+0000] {task_command.py:376} INFO - Running <TaskInstance: 5.2-orquestacion.tarea2 scheduled__2024-07-01T00:00:00+00:00 [running]> on host a39b43f32cb0
[2024-12-21T20:13:57.377+0000] {taskinstance.py:1592} INFO - Exporting the following env vars:
AIRFLOW_CTX_DAG_OWNER=***
AIRFLOW_CTX_DAG_ID=5.2-orquestacion
AIRFLOW_CTX_TASK_ID=tarea2
AIRFLOW_CTX_EXECUTION_DATE=2024-07-01T00:00:00+00:00
AIRFLOW_CTX_TRY_NUMBER=1
AIRFLOW_CTX_DAG_RUN_ID=scheduled__2024-07-01T00:00:00+00:00
[2024-12-21T20:13:57.379+0000] {subprocess.py:63} INFO - Tmp dir root location: 
 /tmp
[2024-12-21T20:13:57.380+0000] {subprocess.py:75} INFO - Running command: ['/bin/bash', '-c', "sleep 2 && echo 'Tarea 2'"]
[2024-12-21T20:13:57.389+0000] {subprocess.py:86} INFO - Output:
[2024-12-21T20:13:59.400+0000] {subprocess.py:93} INFO - Tarea 2
[2024-12-21T20:13:59.403+0000] {subprocess.py:97} INFO - Command exited with return code 0
[2024-12-21T20:13:59.445+0000] {taskinstance.py:1406} INFO - Marking task as SUCCESS. dag_id=5.2-orquestacion, task_id=tarea2, execution_date=20240701T000000, start_date=20241221T201357, end_date=20241221T201359
[2024-12-21T20:13:59.504+0000] {local_task_job.py:164} INFO - Task exited with return code 0
[2024-12-21T20:13:59.602+0000] {local_task_job.py:273} INFO - 2 downstream tasks scheduled from follow-on schedule check
