[2024-12-21T20:23:42.194+0000] {taskinstance.py:1165} INFO - Dependencies all met for <TaskInstance: 6.1-monitoreando.tarea1 scheduled__2022-05-05T00:00:00+00:00 [queued]>
[2024-12-21T20:23:42.399+0000] {taskinstance.py:1165} INFO - Dependencies all met for <TaskInstance: 6.1-monitoreando.tarea1 scheduled__2022-05-05T00:00:00+00:00 [queued]>
[2024-12-21T20:23:42.400+0000] {taskinstance.py:1362} INFO - 
--------------------------------------------------------------------------------
[2024-12-21T20:23:42.401+0000] {taskinstance.py:1363} INFO - Starting attempt 1 of 1
[2024-12-21T20:23:42.401+0000] {taskinstance.py:1364} INFO - 
--------------------------------------------------------------------------------
[2024-12-21T20:23:42.463+0000] {taskinstance.py:1383} INFO - Executing <Task(BashOperator): tarea1> on 2022-05-05 00:00:00+00:00
[2024-12-21T20:23:42.479+0000] {standard_task_runner.py:55} INFO - Started process 3927 to run task
[2024-12-21T20:23:42.491+0000] {standard_task_runner.py:82} INFO - Running: ['***', 'tasks', 'run', '6.1-monitoreando', 'tarea1', 'scheduled__2022-05-05T00:00:00+00:00', '--job-id', '2217', '--raw', '--subdir', 'DAGS_FOLDER/6.1-monitoring.py', '--cfg-path', '/tmp/tmpacyexfne']
[2024-12-21T20:23:42.492+0000] {standard_task_runner.py:83} INFO - Job 2217: Subtask tarea1
[2024-12-21T20:23:42.709+0000] {task_command.py:376} INFO - Running <TaskInstance: 6.1-monitoreando.tarea1 scheduled__2022-05-05T00:00:00+00:00 [running]> on host a39b43f32cb0
[2024-12-21T20:23:43.354+0000] {taskinstance.py:1592} INFO - Exporting the following env vars:
AIRFLOW_CTX_DAG_OWNER=***
AIRFLOW_CTX_DAG_ID=6.1-monitoreando
AIRFLOW_CTX_TASK_ID=tarea1
AIRFLOW_CTX_EXECUTION_DATE=2022-05-05T00:00:00+00:00
AIRFLOW_CTX_TRY_NUMBER=1
AIRFLOW_CTX_DAG_RUN_ID=scheduled__2022-05-05T00:00:00+00:00
[2024-12-21T20:23:43.388+0000] {subprocess.py:63} INFO - Tmp dir root location: 
 /tmp
[2024-12-21T20:23:43.402+0000] {subprocess.py:75} INFO - Running command: ['/bin/bash', '-c', "sleep 2 && echo 'Tarea 1'"]
[2024-12-21T20:23:43.438+0000] {subprocess.py:86} INFO - Output:
[2024-12-21T20:23:45.459+0000] {subprocess.py:93} INFO - Tarea 1
[2024-12-21T20:23:45.468+0000] {subprocess.py:97} INFO - Command exited with return code 0
[2024-12-21T20:23:45.595+0000] {taskinstance.py:1406} INFO - Marking task as SUCCESS. dag_id=6.1-monitoreando, task_id=tarea1, execution_date=20220505T000000, start_date=20241221T202342, end_date=20241221T202345
[2024-12-21T20:23:45.695+0000] {local_task_job.py:164} INFO - Task exited with return code 0
[2024-12-21T20:23:45.827+0000] {local_task_job.py:273} INFO - 1 downstream tasks scheduled from follow-on schedule check
