[2024-12-21T13:41:48.012+0000] {taskinstance.py:1165} INFO - Dependencies all met for <TaskInstance: bashoperator.hello_with_bash scheduled__2024-05-14T00:00:00+00:00 [queued]>
[2024-12-21T13:41:48.029+0000] {taskinstance.py:1165} INFO - Dependencies all met for <TaskInstance: bashoperator.hello_with_bash scheduled__2024-05-14T00:00:00+00:00 [queued]>
[2024-12-21T13:41:48.030+0000] {taskinstance.py:1362} INFO - 
--------------------------------------------------------------------------------
[2024-12-21T13:41:48.030+0000] {taskinstance.py:1363} INFO - Starting attempt 1 of 1
[2024-12-21T13:41:48.031+0000] {taskinstance.py:1364} INFO - 
--------------------------------------------------------------------------------
[2024-12-21T13:41:48.056+0000] {taskinstance.py:1383} INFO - Executing <Task(BashOperator): hello_with_bash> on 2024-05-14 00:00:00+00:00
[2024-12-21T13:41:48.062+0000] {standard_task_runner.py:55} INFO - Started process 4220 to run task
[2024-12-21T13:41:48.066+0000] {standard_task_runner.py:82} INFO - Running: ['***', 'tasks', 'run', 'bashoperator', 'hello_with_bash', 'scheduled__2024-05-14T00:00:00+00:00', '--job-id', '829', '--raw', '--subdir', 'DAGS_FOLDER/1-bashoperator.py', '--cfg-path', '/tmp/tmpprkzny8h']
[2024-12-21T13:41:48.071+0000] {standard_task_runner.py:83} INFO - Job 829: Subtask hello_with_bash
[2024-12-21T13:41:48.174+0000] {task_command.py:376} INFO - Running <TaskInstance: bashoperator.hello_with_bash scheduled__2024-05-14T00:00:00+00:00 [running]> on host a39b43f32cb0
[2024-12-21T13:41:48.262+0000] {taskinstance.py:1592} INFO - Exporting the following env vars:
AIRFLOW_CTX_DAG_OWNER=***
AIRFLOW_CTX_DAG_ID=bashoperator
AIRFLOW_CTX_TASK_ID=hello_with_bash
AIRFLOW_CTX_EXECUTION_DATE=2024-05-14T00:00:00+00:00
AIRFLOW_CTX_TRY_NUMBER=1
AIRFLOW_CTX_DAG_RUN_ID=scheduled__2024-05-14T00:00:00+00:00
[2024-12-21T13:41:48.263+0000] {subprocess.py:63} INFO - Tmp dir root location: 
 /tmp
[2024-12-21T13:41:48.264+0000] {subprocess.py:75} INFO - Running command: ['/bin/bash', '-c', "echo 'hello gente'"]
[2024-12-21T13:41:48.273+0000] {subprocess.py:86} INFO - Output:
[2024-12-21T13:41:48.276+0000] {subprocess.py:93} INFO - hello gente
[2024-12-21T13:41:48.276+0000] {subprocess.py:97} INFO - Command exited with return code 0
[2024-12-21T13:41:48.303+0000] {taskinstance.py:1406} INFO - Marking task as SUCCESS. dag_id=bashoperator, task_id=hello_with_bash, execution_date=20240514T000000, start_date=20241221T134148, end_date=20241221T134148
[2024-12-21T13:41:48.330+0000] {local_task_job.py:164} INFO - Task exited with return code 0
[2024-12-21T13:41:48.355+0000] {local_task_job.py:273} INFO - 0 downstream tasks scheduled from follow-on schedule check
