[2024-12-21T14:35:04.175+0000] {taskinstance.py:1165} INFO - Dependencies all met for <TaskInstance: customOperator.hello scheduled__2022-06-25T00:00:00+00:00 [queued]>
[2024-12-21T14:35:04.192+0000] {taskinstance.py:1165} INFO - Dependencies all met for <TaskInstance: customOperator.hello scheduled__2022-06-25T00:00:00+00:00 [queued]>
[2024-12-21T14:35:04.192+0000] {taskinstance.py:1362} INFO - 
--------------------------------------------------------------------------------
[2024-12-21T14:35:04.193+0000] {taskinstance.py:1363} INFO - Starting attempt 1 of 1
[2024-12-21T14:35:04.193+0000] {taskinstance.py:1364} INFO - 
--------------------------------------------------------------------------------
[2024-12-21T14:35:04.207+0000] {taskinstance.py:1383} INFO - Executing <Task(HelloOperator): hello> on 2022-06-25 00:00:00+00:00
[2024-12-21T14:35:04.211+0000] {standard_task_runner.py:55} INFO - Started process 7405 to run task
[2024-12-21T14:35:04.215+0000] {standard_task_runner.py:82} INFO - Running: ['***', 'tasks', 'run', 'customOperator', 'hello', 'scheduled__2022-06-25T00:00:00+00:00', '--job-id', '1233', '--raw', '--subdir', 'DAGS_FOLDER/4-customoperator.py', '--cfg-path', '/tmp/tmpxtf8yw0a']
[2024-12-21T14:35:04.216+0000] {standard_task_runner.py:83} INFO - Job 1233: Subtask hello
[2024-12-21T14:35:04.274+0000] {task_command.py:376} INFO - Running <TaskInstance: customOperator.hello scheduled__2022-06-25T00:00:00+00:00 [running]> on host a39b43f32cb0
[2024-12-21T14:35:04.327+0000] {taskinstance.py:1592} INFO - Exporting the following env vars:
AIRFLOW_CTX_DAG_OWNER=***
AIRFLOW_CTX_DAG_ID=customOperator
AIRFLOW_CTX_TASK_ID=hello
AIRFLOW_CTX_EXECUTION_DATE=2022-06-25T00:00:00+00:00
AIRFLOW_CTX_TRY_NUMBER=1
AIRFLOW_CTX_DAG_RUN_ID=scheduled__2022-06-25T00:00:00+00:00
[2024-12-21T14:35:04.328+0000] {logging_mixin.py:120} INFO - hola Freddy
[2024-12-21T14:35:04.334+0000] {taskinstance.py:1406} INFO - Marking task as SUCCESS. dag_id=customOperator, task_id=hello, execution_date=20220625T000000, start_date=20241221T143504, end_date=20241221T143504
[2024-12-21T14:35:04.355+0000] {local_task_job.py:164} INFO - Task exited with return code 0
[2024-12-21T14:35:04.370+0000] {local_task_job.py:273} INFO - 0 downstream tasks scheduled from follow-on schedule check
