[2024-12-21T14:43:55.339+0000] {taskinstance.py:1165} INFO - Dependencies all met for <TaskInstance: customOperator.hello scheduled__2024-12-05T00:00:00+00:00 [queued]>
[2024-12-21T14:43:55.404+0000] {taskinstance.py:1165} INFO - Dependencies all met for <TaskInstance: customOperator.hello scheduled__2024-12-05T00:00:00+00:00 [queued]>
[2024-12-21T14:43:55.407+0000] {taskinstance.py:1362} INFO - 
--------------------------------------------------------------------------------
[2024-12-21T14:43:55.410+0000] {taskinstance.py:1363} INFO - Starting attempt 1 of 1
[2024-12-21T14:43:55.411+0000] {taskinstance.py:1364} INFO - 
--------------------------------------------------------------------------------
[2024-12-21T14:43:55.463+0000] {taskinstance.py:1383} INFO - Executing <Task(HelloOperator): hello> on 2024-12-05 00:00:00+00:00
[2024-12-21T14:43:55.472+0000] {standard_task_runner.py:55} INFO - Started process 9618 to run task
[2024-12-21T14:43:55.478+0000] {standard_task_runner.py:82} INFO - Running: ['***', 'tasks', 'run', 'customOperator', 'hello', 'scheduled__2024-12-05T00:00:00+00:00', '--job-id', '2127', '--raw', '--subdir', 'DAGS_FOLDER/4-customoperator.py', '--cfg-path', '/tmp/tmpau7kfepb']
[2024-12-21T14:43:55.485+0000] {standard_task_runner.py:83} INFO - Job 2127: Subtask hello
[2024-12-21T14:43:55.730+0000] {task_command.py:376} INFO - Running <TaskInstance: customOperator.hello scheduled__2024-12-05T00:00:00+00:00 [running]> on host a39b43f32cb0
[2024-12-21T14:43:55.902+0000] {taskinstance.py:1592} INFO - Exporting the following env vars:
AIRFLOW_CTX_DAG_OWNER=***
AIRFLOW_CTX_DAG_ID=customOperator
AIRFLOW_CTX_TASK_ID=hello
AIRFLOW_CTX_EXECUTION_DATE=2024-12-05T00:00:00+00:00
AIRFLOW_CTX_TRY_NUMBER=1
AIRFLOW_CTX_DAG_RUN_ID=scheduled__2024-12-05T00:00:00+00:00
[2024-12-21T14:43:55.904+0000] {logging_mixin.py:120} INFO - hola Freddy
[2024-12-21T14:43:55.924+0000] {taskinstance.py:1406} INFO - Marking task as SUCCESS. dag_id=customOperator, task_id=hello, execution_date=20241205T000000, start_date=20241221T144355, end_date=20241221T144355
[2024-12-21T14:43:56.013+0000] {local_task_job.py:164} INFO - Task exited with return code 0
[2024-12-21T14:43:56.104+0000] {local_task_job.py:273} INFO - 0 downstream tasks scheduled from follow-on schedule check
