[2024-12-21T20:25:46.974+0000] {taskinstance.py:1165} INFO - Dependencies all met for <TaskInstance: 6.1-monitoreando.tarea3 scheduled__2022-07-07T00:00:00+00:00 [queued]>
[2024-12-21T20:25:47.049+0000] {taskinstance.py:1165} INFO - Dependencies all met for <TaskInstance: 6.1-monitoreando.tarea3 scheduled__2022-07-07T00:00:00+00:00 [queued]>
[2024-12-21T20:25:47.052+0000] {taskinstance.py:1362} INFO - 
--------------------------------------------------------------------------------
[2024-12-21T20:25:47.054+0000] {taskinstance.py:1363} INFO - Starting attempt 1 of 1
[2024-12-21T20:25:47.055+0000] {taskinstance.py:1364} INFO - 
--------------------------------------------------------------------------------
[2024-12-21T20:25:47.211+0000] {taskinstance.py:1383} INFO - Executing <Task(BashOperator): tarea3> on 2022-07-07 00:00:00+00:00
[2024-12-21T20:25:47.266+0000] {standard_task_runner.py:55} INFO - Started process 4524 to run task
[2024-12-21T20:25:47.360+0000] {standard_task_runner.py:82} INFO - Running: ['***', 'tasks', 'run', '6.1-monitoreando', 'tarea3', 'scheduled__2022-07-07T00:00:00+00:00', '--job-id', '2366', '--raw', '--subdir', 'DAGS_FOLDER/6.1-monitoring.py', '--cfg-path', '/tmp/tmpq9n_em4i']
[2024-12-21T20:25:47.368+0000] {standard_task_runner.py:83} INFO - Job 2366: Subtask tarea3
[2024-12-21T20:25:51.044+0000] {task_command.py:376} INFO - Running <TaskInstance: 6.1-monitoreando.tarea3 scheduled__2022-07-07T00:00:00+00:00 [running]> on host a39b43f32cb0
[2024-12-21T20:25:52.073+0000] {taskinstance.py:1592} INFO - Exporting the following env vars:
AIRFLOW_CTX_DAG_OWNER=***
AIRFLOW_CTX_DAG_ID=6.1-monitoreando
AIRFLOW_CTX_TASK_ID=tarea3
AIRFLOW_CTX_EXECUTION_DATE=2022-07-07T00:00:00+00:00
AIRFLOW_CTX_TRY_NUMBER=1
AIRFLOW_CTX_DAG_RUN_ID=scheduled__2022-07-07T00:00:00+00:00
[2024-12-21T20:25:52.137+0000] {subprocess.py:63} INFO - Tmp dir root location: 
 /tmp
[2024-12-21T20:25:52.177+0000] {subprocess.py:75} INFO - Running command: ['/bin/bash', '-c', "sleep 2 && echo 'Tarea 3'"]
[2024-12-21T20:25:52.426+0000] {subprocess.py:86} INFO - Output:
[2024-12-21T20:25:54.430+0000] {subprocess.py:93} INFO - Tarea 3
[2024-12-21T20:25:54.447+0000] {subprocess.py:97} INFO - Command exited with return code 0
[2024-12-21T20:25:55.034+0000] {taskinstance.py:1406} INFO - Marking task as SUCCESS. dag_id=6.1-monitoreando, task_id=tarea3, execution_date=20220707T000000, start_date=20241221T202546, end_date=20241221T202555
[2024-12-21T20:25:55.385+0000] {local_task_job.py:164} INFO - Task exited with return code 0
[2024-12-21T20:25:56.531+0000] {local_task_job.py:273} INFO - 0 downstream tasks scheduled from follow-on schedule check
