[2024-12-21T20:25:38.491+0000] {taskinstance.py:1165} INFO - Dependencies all met for <TaskInstance: 6.1-monitoreando.tarea4 scheduled__2022-06-30T00:00:00+00:00 [queued]>
[2024-12-21T20:25:38.890+0000] {taskinstance.py:1165} INFO - Dependencies all met for <TaskInstance: 6.1-monitoreando.tarea4 scheduled__2022-06-30T00:00:00+00:00 [queued]>
[2024-12-21T20:25:38.909+0000] {taskinstance.py:1362} INFO - 
--------------------------------------------------------------------------------
[2024-12-21T20:25:38.933+0000] {taskinstance.py:1363} INFO - Starting attempt 1 of 1
[2024-12-21T20:25:38.936+0000] {taskinstance.py:1364} INFO - 
--------------------------------------------------------------------------------
[2024-12-21T20:25:39.305+0000] {taskinstance.py:1383} INFO - Executing <Task(BashOperator): tarea4> on 2022-06-30 00:00:00+00:00
[2024-12-21T20:25:39.360+0000] {standard_task_runner.py:55} INFO - Started process 4488 to run task
[2024-12-21T20:25:39.410+0000] {standard_task_runner.py:82} INFO - Running: ['***', 'tasks', 'run', '6.1-monitoreando', 'tarea4', 'scheduled__2022-06-30T00:00:00+00:00', '--job-id', '2360', '--raw', '--subdir', 'DAGS_FOLDER/6.1-monitoring.py', '--cfg-path', '/tmp/tmp5pzivz5p']
[2024-12-21T20:25:39.417+0000] {standard_task_runner.py:83} INFO - Job 2360: Subtask tarea4
[2024-12-21T20:25:41.647+0000] {task_command.py:376} INFO - Running <TaskInstance: 6.1-monitoreando.tarea4 scheduled__2022-06-30T00:00:00+00:00 [running]> on host a39b43f32cb0
[2024-12-21T20:25:42.858+0000] {taskinstance.py:1592} INFO - Exporting the following env vars:
AIRFLOW_CTX_DAG_OWNER=***
AIRFLOW_CTX_DAG_ID=6.1-monitoreando
AIRFLOW_CTX_TASK_ID=tarea4
AIRFLOW_CTX_EXECUTION_DATE=2022-06-30T00:00:00+00:00
AIRFLOW_CTX_TRY_NUMBER=1
AIRFLOW_CTX_DAG_RUN_ID=scheduled__2022-06-30T00:00:00+00:00
[2024-12-21T20:25:42.939+0000] {subprocess.py:63} INFO - Tmp dir root location: 
 /tmp
[2024-12-21T20:25:42.953+0000] {subprocess.py:75} INFO - Running command: ['/bin/bash', '-c', "sleep 2 && echo 'Tarea 4'"]
[2024-12-21T20:25:43.245+0000] {subprocess.py:86} INFO - Output:
[2024-12-21T20:25:45.309+0000] {subprocess.py:93} INFO - Tarea 4
[2024-12-21T20:25:45.381+0000] {subprocess.py:97} INFO - Command exited with return code 0
[2024-12-21T20:25:46.110+0000] {taskinstance.py:1406} INFO - Marking task as SUCCESS. dag_id=6.1-monitoreando, task_id=tarea4, execution_date=20220630T000000, start_date=20241221T202538, end_date=20241221T202546
[2024-12-21T20:25:46.970+0000] {local_task_job.py:164} INFO - Task exited with return code 0
[2024-12-21T20:25:47.519+0000] {local_task_job.py:273} INFO - 1 downstream tasks scheduled from follow-on schedule check
