[2024-12-21T13:37:59.387+0000] {taskinstance.py:1165} INFO - Dependencies all met for <TaskInstance: bashoperator.hello_with_bash scheduled__2023-07-03T00:00:00+00:00 [queued]>
[2024-12-21T13:37:59.402+0000] {taskinstance.py:1165} INFO - Dependencies all met for <TaskInstance: bashoperator.hello_with_bash scheduled__2023-07-03T00:00:00+00:00 [queued]>
[2024-12-21T13:37:59.403+0000] {taskinstance.py:1362} INFO - 
--------------------------------------------------------------------------------
[2024-12-21T13:37:59.406+0000] {taskinstance.py:1363} INFO - Starting attempt 1 of 1
[2024-12-21T13:37:59.406+0000] {taskinstance.py:1364} INFO - 
--------------------------------------------------------------------------------
[2024-12-21T13:37:59.469+0000] {taskinstance.py:1383} INFO - Executing <Task(BashOperator): hello_with_bash> on 2023-07-03 00:00:00+00:00
[2024-12-21T13:37:59.478+0000] {standard_task_runner.py:55} INFO - Started process 3120 to run task
[2024-12-21T13:37:59.487+0000] {standard_task_runner.py:82} INFO - Running: ['***', 'tasks', 'run', 'bashoperator', 'hello_with_bash', 'scheduled__2023-07-03T00:00:00+00:00', '--job-id', '513', '--raw', '--subdir', 'DAGS_FOLDER/1-bashoperator.py', '--cfg-path', '/tmp/tmpl5c7uz_m']
[2024-12-21T13:37:59.489+0000] {standard_task_runner.py:83} INFO - Job 513: Subtask hello_with_bash
[2024-12-21T13:37:59.600+0000] {task_command.py:376} INFO - Running <TaskInstance: bashoperator.hello_with_bash scheduled__2023-07-03T00:00:00+00:00 [running]> on host a39b43f32cb0
[2024-12-21T13:37:59.718+0000] {taskinstance.py:1592} INFO - Exporting the following env vars:
AIRFLOW_CTX_DAG_OWNER=***
AIRFLOW_CTX_DAG_ID=bashoperator
AIRFLOW_CTX_TASK_ID=hello_with_bash
AIRFLOW_CTX_EXECUTION_DATE=2023-07-03T00:00:00+00:00
AIRFLOW_CTX_TRY_NUMBER=1
AIRFLOW_CTX_DAG_RUN_ID=scheduled__2023-07-03T00:00:00+00:00
[2024-12-21T13:37:59.721+0000] {subprocess.py:63} INFO - Tmp dir root location: 
 /tmp
[2024-12-21T13:37:59.724+0000] {subprocess.py:75} INFO - Running command: ['/bin/bash', '-c', "echo 'hello gente'"]
[2024-12-21T13:37:59.735+0000] {subprocess.py:86} INFO - Output:
[2024-12-21T13:37:59.738+0000] {subprocess.py:93} INFO - hello gente
[2024-12-21T13:37:59.739+0000] {subprocess.py:97} INFO - Command exited with return code 0
[2024-12-21T13:37:59.772+0000] {taskinstance.py:1406} INFO - Marking task as SUCCESS. dag_id=bashoperator, task_id=hello_with_bash, execution_date=20230703T000000, start_date=20241221T133759, end_date=20241221T133759
[2024-12-21T13:37:59.828+0000] {local_task_job.py:164} INFO - Task exited with return code 0
[2024-12-21T13:37:59.852+0000] {local_task_job.py:273} INFO - 0 downstream tasks scheduled from follow-on schedule check
