[2024-12-21T14:43:24.572+0000] {taskinstance.py:1165} INFO - Dependencies all met for <TaskInstance: customOperator.hello scheduled__2024-10-07T00:00:00+00:00 [queued]>
[2024-12-21T14:43:24.591+0000] {taskinstance.py:1165} INFO - Dependencies all met for <TaskInstance: customOperator.hello scheduled__2024-10-07T00:00:00+00:00 [queued]>
[2024-12-21T14:43:24.592+0000] {taskinstance.py:1362} INFO - 
--------------------------------------------------------------------------------
[2024-12-21T14:43:24.593+0000] {taskinstance.py:1363} INFO - Starting attempt 1 of 1
[2024-12-21T14:43:24.594+0000] {taskinstance.py:1364} INFO - 
--------------------------------------------------------------------------------
[2024-12-21T14:43:24.620+0000] {taskinstance.py:1383} INFO - Executing <Task(HelloOperator): hello> on 2024-10-07 00:00:00+00:00
[2024-12-21T14:43:24.627+0000] {standard_task_runner.py:55} INFO - Started process 9476 to run task
[2024-12-21T14:43:24.633+0000] {standard_task_runner.py:82} INFO - Running: ['***', 'tasks', 'run', 'customOperator', 'hello', 'scheduled__2024-10-07T00:00:00+00:00', '--job-id', '2068', '--raw', '--subdir', 'DAGS_FOLDER/4-customoperator.py', '--cfg-path', '/tmp/tmpofwdwgfm']
[2024-12-21T14:43:24.634+0000] {standard_task_runner.py:83} INFO - Job 2068: Subtask hello
[2024-12-21T14:43:24.771+0000] {task_command.py:376} INFO - Running <TaskInstance: customOperator.hello scheduled__2024-10-07T00:00:00+00:00 [running]> on host a39b43f32cb0
[2024-12-21T14:43:24.908+0000] {taskinstance.py:1592} INFO - Exporting the following env vars:
AIRFLOW_CTX_DAG_OWNER=***
AIRFLOW_CTX_DAG_ID=customOperator
AIRFLOW_CTX_TASK_ID=hello
AIRFLOW_CTX_EXECUTION_DATE=2024-10-07T00:00:00+00:00
AIRFLOW_CTX_TRY_NUMBER=1
AIRFLOW_CTX_DAG_RUN_ID=scheduled__2024-10-07T00:00:00+00:00
[2024-12-21T14:43:24.909+0000] {logging_mixin.py:120} INFO - hola Freddy
[2024-12-21T14:43:24.925+0000] {taskinstance.py:1406} INFO - Marking task as SUCCESS. dag_id=customOperator, task_id=hello, execution_date=20241007T000000, start_date=20241221T144324, end_date=20241221T144324
[2024-12-21T14:43:24.979+0000] {local_task_job.py:164} INFO - Task exited with return code 0
[2024-12-21T14:43:25.001+0000] {local_task_job.py:273} INFO - 0 downstream tasks scheduled from follow-on schedule check
