[2024-12-21T20:29:34.952+0000] {taskinstance.py:1165} INFO - Dependencies all met for <TaskInstance: 6.1-monitoreando.tarea1 scheduled__2022-08-14T00:00:00+00:00 [queued]>
[2024-12-21T20:29:34.967+0000] {taskinstance.py:1165} INFO - Dependencies all met for <TaskInstance: 6.1-monitoreando.tarea1 scheduled__2022-08-14T00:00:00+00:00 [queued]>
[2024-12-21T20:29:34.968+0000] {taskinstance.py:1362} INFO - 
--------------------------------------------------------------------------------
[2024-12-21T20:29:34.969+0000] {taskinstance.py:1363} INFO - Starting attempt 1 of 1
[2024-12-21T20:29:34.969+0000] {taskinstance.py:1364} INFO - 
--------------------------------------------------------------------------------
[2024-12-21T20:29:35.088+0000] {taskinstance.py:1383} INFO - Executing <Task(BashOperator): tarea1> on 2022-08-14 00:00:00+00:00
[2024-12-21T20:29:35.092+0000] {standard_task_runner.py:55} INFO - Started process 5251 to run task
[2024-12-21T20:29:35.098+0000] {standard_task_runner.py:82} INFO - Running: ['***', 'tasks', 'run', '6.1-monitoreando', 'tarea1', 'scheduled__2022-08-14T00:00:00+00:00', '--job-id', '2532', '--raw', '--subdir', 'DAGS_FOLDER/6.1-monitoring.py', '--cfg-path', '/tmp/tmphjbtcvwb']
[2024-12-21T20:29:35.099+0000] {standard_task_runner.py:83} INFO - Job 2532: Subtask tarea1
[2024-12-21T20:29:35.237+0000] {task_command.py:376} INFO - Running <TaskInstance: 6.1-monitoreando.tarea1 scheduled__2022-08-14T00:00:00+00:00 [running]> on host a39b43f32cb0
[2024-12-21T20:29:35.506+0000] {taskinstance.py:1592} INFO - Exporting the following env vars:
AIRFLOW_CTX_DAG_OWNER=***
AIRFLOW_CTX_DAG_ID=6.1-monitoreando
AIRFLOW_CTX_TASK_ID=tarea1
AIRFLOW_CTX_EXECUTION_DATE=2022-08-14T00:00:00+00:00
AIRFLOW_CTX_TRY_NUMBER=1
AIRFLOW_CTX_DAG_RUN_ID=scheduled__2022-08-14T00:00:00+00:00
[2024-12-21T20:29:35.519+0000] {subprocess.py:63} INFO - Tmp dir root location: 
 /tmp
[2024-12-21T20:29:35.520+0000] {subprocess.py:75} INFO - Running command: ['/bin/bash', '-c', "sleep 2 && echo 'Tarea 1'"]
[2024-12-21T20:29:35.542+0000] {subprocess.py:86} INFO - Output:
[2024-12-21T20:29:37.679+0000] {subprocess.py:93} INFO - Tarea 1
[2024-12-21T20:29:37.693+0000] {subprocess.py:97} INFO - Command exited with return code 0
[2024-12-21T20:29:37.851+0000] {taskinstance.py:1406} INFO - Marking task as SUCCESS. dag_id=6.1-monitoreando, task_id=tarea1, execution_date=20220814T000000, start_date=20241221T202934, end_date=20241221T202937
[2024-12-21T20:29:37.975+0000] {local_task_job.py:164} INFO - Task exited with return code 0
[2024-12-21T20:29:38.165+0000] {local_task_job.py:273} INFO - 1 downstream tasks scheduled from follow-on schedule check
