[2024-12-21T20:12:26.107+0000] {taskinstance.py:1165} INFO - Dependencies all met for <TaskInstance: 5.2-orquestacion.tarea1 scheduled__2024-07-01T00:00:00+00:00 [queued]>
[2024-12-21T20:12:26.122+0000] {taskinstance.py:1165} INFO - Dependencies all met for <TaskInstance: 5.2-orquestacion.tarea1 scheduled__2024-07-01T00:00:00+00:00 [queued]>
[2024-12-21T20:12:26.123+0000] {taskinstance.py:1362} INFO - 
--------------------------------------------------------------------------------
[2024-12-21T20:12:26.124+0000] {taskinstance.py:1363} INFO - Starting attempt 1 of 1
[2024-12-21T20:12:26.124+0000] {taskinstance.py:1364} INFO - 
--------------------------------------------------------------------------------
[2024-12-21T20:12:26.143+0000] {taskinstance.py:1383} INFO - Executing <Task(BashOperator): tarea1> on 2024-07-01 00:00:00+00:00
[2024-12-21T20:12:26.148+0000] {standard_task_runner.py:55} INFO - Started process 3247 to run task
[2024-12-21T20:12:26.152+0000] {standard_task_runner.py:82} INFO - Running: ['***', 'tasks', 'run', '5.2-orquestacion', 'tarea1', 'scheduled__2024-07-01T00:00:00+00:00', '--job-id', '2180', '--raw', '--subdir', 'DAGS_FOLDER/5.2-orquestation.py', '--cfg-path', '/tmp/tmpznik0fc8']
[2024-12-21T20:12:26.153+0000] {standard_task_runner.py:83} INFO - Job 2180: Subtask tarea1
[2024-12-21T20:12:26.230+0000] {task_command.py:376} INFO - Running <TaskInstance: 5.2-orquestacion.tarea1 scheduled__2024-07-01T00:00:00+00:00 [running]> on host a39b43f32cb0
[2024-12-21T20:12:26.317+0000] {taskinstance.py:1592} INFO - Exporting the following env vars:
AIRFLOW_CTX_DAG_OWNER=***
AIRFLOW_CTX_DAG_ID=5.2-orquestacion
AIRFLOW_CTX_TASK_ID=tarea1
AIRFLOW_CTX_EXECUTION_DATE=2024-07-01T00:00:00+00:00
AIRFLOW_CTX_TRY_NUMBER=1
AIRFLOW_CTX_DAG_RUN_ID=scheduled__2024-07-01T00:00:00+00:00
[2024-12-21T20:12:26.319+0000] {subprocess.py:63} INFO - Tmp dir root location: 
 /tmp
[2024-12-21T20:12:26.320+0000] {subprocess.py:75} INFO - Running command: ['/bin/bash', '-c', "sleep 2 && echo 'Tarea 1'"]
[2024-12-21T20:12:26.333+0000] {subprocess.py:86} INFO - Output:
[2024-12-21T20:12:28.342+0000] {subprocess.py:93} INFO - Tarea 1
[2024-12-21T20:12:28.344+0000] {subprocess.py:97} INFO - Command exited with return code 0
[2024-12-21T20:12:28.374+0000] {taskinstance.py:1406} INFO - Marking task as SUCCESS. dag_id=5.2-orquestacion, task_id=tarea1, execution_date=20240701T000000, start_date=20241221T201226, end_date=20241221T201228
[2024-12-21T20:12:28.419+0000] {local_task_job.py:164} INFO - Task exited with return code 0
[2024-12-21T20:12:28.480+0000] {local_task_job.py:273} INFO - 0 downstream tasks scheduled from follow-on schedule check
[2024-12-21T20:13:53.634+0000] {taskinstance.py:1165} INFO - Dependencies all met for <TaskInstance: 5.2-orquestacion.tarea1 scheduled__2024-07-01T00:00:00+00:00 [queued]>
[2024-12-21T20:13:53.643+0000] {taskinstance.py:1165} INFO - Dependencies all met for <TaskInstance: 5.2-orquestacion.tarea1 scheduled__2024-07-01T00:00:00+00:00 [queued]>
[2024-12-21T20:13:53.643+0000] {taskinstance.py:1362} INFO - 
--------------------------------------------------------------------------------
[2024-12-21T20:13:53.643+0000] {taskinstance.py:1363} INFO - Starting attempt 1 of 1
[2024-12-21T20:13:53.644+0000] {taskinstance.py:1364} INFO - 
--------------------------------------------------------------------------------
[2024-12-21T20:13:53.654+0000] {taskinstance.py:1383} INFO - Executing <Task(BashOperator): tarea1> on 2024-07-01 00:00:00+00:00
[2024-12-21T20:13:53.656+0000] {standard_task_runner.py:55} INFO - Started process 3350 to run task
[2024-12-21T20:13:53.659+0000] {standard_task_runner.py:82} INFO - Running: ['***', 'tasks', 'run', '5.2-orquestacion', 'tarea1', 'scheduled__2024-07-01T00:00:00+00:00', '--job-id', '2190', '--raw', '--subdir', 'DAGS_FOLDER/5.2-orquestation.py', '--cfg-path', '/tmp/tmp77qdar9d']
[2024-12-21T20:13:53.660+0000] {standard_task_runner.py:83} INFO - Job 2190: Subtask tarea1
[2024-12-21T20:13:53.704+0000] {task_command.py:376} INFO - Running <TaskInstance: 5.2-orquestacion.tarea1 scheduled__2024-07-01T00:00:00+00:00 [running]> on host a39b43f32cb0
[2024-12-21T20:13:53.755+0000] {taskinstance.py:1592} INFO - Exporting the following env vars:
AIRFLOW_CTX_DAG_OWNER=***
AIRFLOW_CTX_DAG_ID=5.2-orquestacion
AIRFLOW_CTX_TASK_ID=tarea1
AIRFLOW_CTX_EXECUTION_DATE=2024-07-01T00:00:00+00:00
AIRFLOW_CTX_TRY_NUMBER=1
AIRFLOW_CTX_DAG_RUN_ID=scheduled__2024-07-01T00:00:00+00:00
[2024-12-21T20:13:53.756+0000] {subprocess.py:63} INFO - Tmp dir root location: 
 /tmp
[2024-12-21T20:13:53.756+0000] {subprocess.py:75} INFO - Running command: ['/bin/bash', '-c', "sleep 2 && echo 'Tarea 1'"]
[2024-12-21T20:13:53.763+0000] {subprocess.py:86} INFO - Output:
[2024-12-21T20:13:55.771+0000] {subprocess.py:93} INFO - Tarea 1
[2024-12-21T20:13:55.773+0000] {subprocess.py:97} INFO - Command exited with return code 0
[2024-12-21T20:13:55.808+0000] {taskinstance.py:1406} INFO - Marking task as SUCCESS. dag_id=5.2-orquestacion, task_id=tarea1, execution_date=20240701T000000, start_date=20241221T201353, end_date=20241221T201355
[2024-12-21T20:13:55.831+0000] {local_task_job.py:164} INFO - Task exited with return code 0
[2024-12-21T20:13:55.865+0000] {local_task_job.py:273} INFO - 1 downstream tasks scheduled from follow-on schedule check
