[2024-12-21T13:42:29.769+0000] {taskinstance.py:1165} INFO - Dependencies all met for <TaskInstance: bashoperator.hello_with_bash scheduled__2024-07-22T00:00:00+00:00 [queued]>
[2024-12-21T13:42:29.792+0000] {taskinstance.py:1165} INFO - Dependencies all met for <TaskInstance: bashoperator.hello_with_bash scheduled__2024-07-22T00:00:00+00:00 [queued]>
[2024-12-21T13:42:29.793+0000] {taskinstance.py:1362} INFO - 
--------------------------------------------------------------------------------
[2024-12-21T13:42:29.793+0000] {taskinstance.py:1363} INFO - Starting attempt 1 of 1
[2024-12-21T13:42:29.793+0000] {taskinstance.py:1364} INFO - 
--------------------------------------------------------------------------------
[2024-12-21T13:42:29.821+0000] {taskinstance.py:1383} INFO - Executing <Task(BashOperator): hello_with_bash> on 2024-07-22 00:00:00+00:00
[2024-12-21T13:42:29.826+0000] {standard_task_runner.py:55} INFO - Started process 4459 to run task
[2024-12-21T13:42:29.830+0000] {standard_task_runner.py:82} INFO - Running: ['***', 'tasks', 'run', 'bashoperator', 'hello_with_bash', 'scheduled__2024-07-22T00:00:00+00:00', '--job-id', '898', '--raw', '--subdir', 'DAGS_FOLDER/1-bashoperator.py', '--cfg-path', '/tmp/tmpairm29lz']
[2024-12-21T13:42:29.831+0000] {standard_task_runner.py:83} INFO - Job 898: Subtask hello_with_bash
[2024-12-21T13:42:29.945+0000] {task_command.py:376} INFO - Running <TaskInstance: bashoperator.hello_with_bash scheduled__2024-07-22T00:00:00+00:00 [running]> on host a39b43f32cb0
[2024-12-21T13:42:30.049+0000] {taskinstance.py:1592} INFO - Exporting the following env vars:
AIRFLOW_CTX_DAG_OWNER=***
AIRFLOW_CTX_DAG_ID=bashoperator
AIRFLOW_CTX_TASK_ID=hello_with_bash
AIRFLOW_CTX_EXECUTION_DATE=2024-07-22T00:00:00+00:00
AIRFLOW_CTX_TRY_NUMBER=1
AIRFLOW_CTX_DAG_RUN_ID=scheduled__2024-07-22T00:00:00+00:00
[2024-12-21T13:42:30.052+0000] {subprocess.py:63} INFO - Tmp dir root location: 
 /tmp
[2024-12-21T13:42:30.053+0000] {subprocess.py:75} INFO - Running command: ['/bin/bash', '-c', "echo 'hello gente'"]
[2024-12-21T13:42:30.062+0000] {subprocess.py:86} INFO - Output:
[2024-12-21T13:42:30.066+0000] {subprocess.py:93} INFO - hello gente
[2024-12-21T13:42:30.067+0000] {subprocess.py:97} INFO - Command exited with return code 0
[2024-12-21T13:42:30.101+0000] {taskinstance.py:1406} INFO - Marking task as SUCCESS. dag_id=bashoperator, task_id=hello_with_bash, execution_date=20240722T000000, start_date=20241221T134229, end_date=20241221T134230
[2024-12-21T13:42:30.138+0000] {local_task_job.py:164} INFO - Task exited with return code 0
[2024-12-21T13:42:30.159+0000] {local_task_job.py:273} INFO - 0 downstream tasks scheduled from follow-on schedule check
