[2024-12-21T20:27:20.087+0000] {taskinstance.py:1165} INFO - Dependencies all met for <TaskInstance: 6.1-monitoreando.tarea1 scheduled__2022-08-05T00:00:00+00:00 [queued]>
[2024-12-21T20:27:20.221+0000] {taskinstance.py:1165} INFO - Dependencies all met for <TaskInstance: 6.1-monitoreando.tarea1 scheduled__2022-08-05T00:00:00+00:00 [queued]>
[2024-12-21T20:27:20.221+0000] {taskinstance.py:1362} INFO - 
--------------------------------------------------------------------------------
[2024-12-21T20:27:20.222+0000] {taskinstance.py:1363} INFO - Starting attempt 1 of 1
[2024-12-21T20:27:20.222+0000] {taskinstance.py:1364} INFO - 
--------------------------------------------------------------------------------
[2024-12-21T20:27:20.314+0000] {taskinstance.py:1383} INFO - Executing <Task(BashOperator): tarea1> on 2022-08-05 00:00:00+00:00
[2024-12-21T20:27:20.349+0000] {standard_task_runner.py:55} INFO - Started process 4917 to run task
[2024-12-21T20:27:20.365+0000] {standard_task_runner.py:82} INFO - Running: ['***', 'tasks', 'run', '6.1-monitoreando', 'tarea1', 'scheduled__2022-08-05T00:00:00+00:00', '--job-id', '2461', '--raw', '--subdir', 'DAGS_FOLDER/6.1-monitoring.py', '--cfg-path', '/tmp/tmpstontv3h']
[2024-12-21T20:27:20.367+0000] {standard_task_runner.py:83} INFO - Job 2461: Subtask tarea1
[2024-12-21T20:27:20.665+0000] {task_command.py:376} INFO - Running <TaskInstance: 6.1-monitoreando.tarea1 scheduled__2022-08-05T00:00:00+00:00 [running]> on host a39b43f32cb0
[2024-12-21T20:27:20.892+0000] {taskinstance.py:1592} INFO - Exporting the following env vars:
AIRFLOW_CTX_DAG_OWNER=***
AIRFLOW_CTX_DAG_ID=6.1-monitoreando
AIRFLOW_CTX_TASK_ID=tarea1
AIRFLOW_CTX_EXECUTION_DATE=2022-08-05T00:00:00+00:00
AIRFLOW_CTX_TRY_NUMBER=1
AIRFLOW_CTX_DAG_RUN_ID=scheduled__2022-08-05T00:00:00+00:00
[2024-12-21T20:27:20.894+0000] {subprocess.py:63} INFO - Tmp dir root location: 
 /tmp
[2024-12-21T20:27:20.897+0000] {subprocess.py:75} INFO - Running command: ['/bin/bash', '-c', "sleep 2 && echo 'Tarea 1'"]
[2024-12-21T20:27:20.914+0000] {subprocess.py:86} INFO - Output:
[2024-12-21T20:27:23.017+0000] {subprocess.py:93} INFO - Tarea 1
[2024-12-21T20:27:23.043+0000] {subprocess.py:97} INFO - Command exited with return code 0
[2024-12-21T20:27:23.255+0000] {taskinstance.py:1406} INFO - Marking task as SUCCESS. dag_id=6.1-monitoreando, task_id=tarea1, execution_date=20220805T000000, start_date=20241221T202720, end_date=20241221T202723
[2024-12-21T20:27:23.535+0000] {local_task_job.py:164} INFO - Task exited with return code 0
[2024-12-21T20:27:24.139+0000] {local_task_job.py:273} INFO - 0 downstream tasks scheduled from follow-on schedule check
