[2024-12-21T20:12:15.625+0000] {taskinstance.py:1165} INFO - Dependencies all met for <TaskInstance: 5.2-orquestacion.tarea1 scheduled__2024-06-01T00:00:00+00:00 [queued]>
[2024-12-21T20:12:15.638+0000] {taskinstance.py:1165} INFO - Dependencies all met for <TaskInstance: 5.2-orquestacion.tarea1 scheduled__2024-06-01T00:00:00+00:00 [queued]>
[2024-12-21T20:12:15.638+0000] {taskinstance.py:1362} INFO - 
--------------------------------------------------------------------------------
[2024-12-21T20:12:15.639+0000] {taskinstance.py:1363} INFO - Starting attempt 1 of 1
[2024-12-21T20:12:15.639+0000] {taskinstance.py:1364} INFO - 
--------------------------------------------------------------------------------
[2024-12-21T20:12:15.652+0000] {taskinstance.py:1383} INFO - Executing <Task(BashOperator): tarea1> on 2024-06-01 00:00:00+00:00
[2024-12-21T20:12:15.657+0000] {standard_task_runner.py:55} INFO - Started process 3222 to run task
[2024-12-21T20:12:15.662+0000] {standard_task_runner.py:82} INFO - Running: ['***', 'tasks', 'run', '5.2-orquestacion', 'tarea1', 'scheduled__2024-06-01T00:00:00+00:00', '--job-id', '2176', '--raw', '--subdir', 'DAGS_FOLDER/5.2-orquestation.py', '--cfg-path', '/tmp/tmp6j50odoc']
[2024-12-21T20:12:15.663+0000] {standard_task_runner.py:83} INFO - Job 2176: Subtask tarea1
[2024-12-21T20:12:15.729+0000] {task_command.py:376} INFO - Running <TaskInstance: 5.2-orquestacion.tarea1 scheduled__2024-06-01T00:00:00+00:00 [running]> on host a39b43f32cb0
[2024-12-21T20:12:15.821+0000] {taskinstance.py:1592} INFO - Exporting the following env vars:
AIRFLOW_CTX_DAG_OWNER=***
AIRFLOW_CTX_DAG_ID=5.2-orquestacion
AIRFLOW_CTX_TASK_ID=tarea1
AIRFLOW_CTX_EXECUTION_DATE=2024-06-01T00:00:00+00:00
AIRFLOW_CTX_TRY_NUMBER=1
AIRFLOW_CTX_DAG_RUN_ID=scheduled__2024-06-01T00:00:00+00:00
[2024-12-21T20:12:15.822+0000] {subprocess.py:63} INFO - Tmp dir root location: 
 /tmp
[2024-12-21T20:12:15.823+0000] {subprocess.py:75} INFO - Running command: ['/bin/bash', '-c', "sleep 2 && echo 'Tarea 1'"]
[2024-12-21T20:12:15.831+0000] {subprocess.py:86} INFO - Output:
[2024-12-21T20:12:17.857+0000] {subprocess.py:93} INFO - Tarea 1
[2024-12-21T20:12:17.863+0000] {subprocess.py:97} INFO - Command exited with return code 0
[2024-12-21T20:12:17.926+0000] {taskinstance.py:1406} INFO - Marking task as SUCCESS. dag_id=5.2-orquestacion, task_id=tarea1, execution_date=20240601T000000, start_date=20241221T201215, end_date=20241221T201217
[2024-12-21T20:12:17.998+0000] {local_task_job.py:164} INFO - Task exited with return code 0
[2024-12-21T20:12:18.071+0000] {local_task_job.py:273} INFO - 1 downstream tasks scheduled from follow-on schedule check
[2024-12-21T20:13:44.059+0000] {taskinstance.py:1165} INFO - Dependencies all met for <TaskInstance: 5.2-orquestacion.tarea1 scheduled__2024-06-01T00:00:00+00:00 [queued]>
[2024-12-21T20:13:44.068+0000] {taskinstance.py:1165} INFO - Dependencies all met for <TaskInstance: 5.2-orquestacion.tarea1 scheduled__2024-06-01T00:00:00+00:00 [queued]>
[2024-12-21T20:13:44.068+0000] {taskinstance.py:1362} INFO - 
--------------------------------------------------------------------------------
[2024-12-21T20:13:44.069+0000] {taskinstance.py:1363} INFO - Starting attempt 1 of 1
[2024-12-21T20:13:44.069+0000] {taskinstance.py:1364} INFO - 
--------------------------------------------------------------------------------
[2024-12-21T20:13:44.081+0000] {taskinstance.py:1383} INFO - Executing <Task(BashOperator): tarea1> on 2024-06-01 00:00:00+00:00
[2024-12-21T20:13:44.084+0000] {standard_task_runner.py:55} INFO - Started process 3325 to run task
[2024-12-21T20:13:44.088+0000] {standard_task_runner.py:82} INFO - Running: ['***', 'tasks', 'run', '5.2-orquestacion', 'tarea1', 'scheduled__2024-06-01T00:00:00+00:00', '--job-id', '2186', '--raw', '--subdir', 'DAGS_FOLDER/5.2-orquestation.py', '--cfg-path', '/tmp/tmp7b8etcl5']
[2024-12-21T20:13:44.088+0000] {standard_task_runner.py:83} INFO - Job 2186: Subtask tarea1
[2024-12-21T20:13:44.135+0000] {task_command.py:376} INFO - Running <TaskInstance: 5.2-orquestacion.tarea1 scheduled__2024-06-01T00:00:00+00:00 [running]> on host a39b43f32cb0
[2024-12-21T20:13:44.186+0000] {taskinstance.py:1592} INFO - Exporting the following env vars:
AIRFLOW_CTX_DAG_OWNER=***
AIRFLOW_CTX_DAG_ID=5.2-orquestacion
AIRFLOW_CTX_TASK_ID=tarea1
AIRFLOW_CTX_EXECUTION_DATE=2024-06-01T00:00:00+00:00
AIRFLOW_CTX_TRY_NUMBER=1
AIRFLOW_CTX_DAG_RUN_ID=scheduled__2024-06-01T00:00:00+00:00
[2024-12-21T20:13:44.187+0000] {subprocess.py:63} INFO - Tmp dir root location: 
 /tmp
[2024-12-21T20:13:44.188+0000] {subprocess.py:75} INFO - Running command: ['/bin/bash', '-c', "sleep 2 && echo 'Tarea 1'"]
[2024-12-21T20:13:44.199+0000] {subprocess.py:86} INFO - Output:
[2024-12-21T20:13:46.202+0000] {subprocess.py:93} INFO - Tarea 1
[2024-12-21T20:13:46.204+0000] {subprocess.py:97} INFO - Command exited with return code 0
[2024-12-21T20:13:46.236+0000] {taskinstance.py:1406} INFO - Marking task as SUCCESS. dag_id=5.2-orquestacion, task_id=tarea1, execution_date=20240601T000000, start_date=20241221T201344, end_date=20241221T201346
[2024-12-21T20:13:46.291+0000] {local_task_job.py:164} INFO - Task exited with return code 0
[2024-12-21T20:13:46.335+0000] {local_task_job.py:273} INFO - 1 downstream tasks scheduled from follow-on schedule check
