[2024-12-21T20:26:54.659+0000] {taskinstance.py:1165} INFO - Dependencies all met for <TaskInstance: 6.1-monitoreando.tarea2 scheduled__2022-07-16T00:00:00+00:00 [queued]>
[2024-12-21T20:26:54.673+0000] {taskinstance.py:1165} INFO - Dependencies all met for <TaskInstance: 6.1-monitoreando.tarea2 scheduled__2022-07-16T00:00:00+00:00 [queued]>
[2024-12-21T20:26:54.674+0000] {taskinstance.py:1362} INFO - 
--------------------------------------------------------------------------------
[2024-12-21T20:26:54.675+0000] {taskinstance.py:1363} INFO - Starting attempt 1 of 1
[2024-12-21T20:26:54.675+0000] {taskinstance.py:1364} INFO - 
--------------------------------------------------------------------------------
[2024-12-21T20:26:54.686+0000] {taskinstance.py:1383} INFO - Executing <Task(BashOperator): tarea2> on 2022-07-16 00:00:00+00:00
[2024-12-21T20:26:54.690+0000] {standard_task_runner.py:55} INFO - Started process 4739 to run task
[2024-12-21T20:26:54.693+0000] {standard_task_runner.py:82} INFO - Running: ['***', 'tasks', 'run', '6.1-monitoreando', 'tarea2', 'scheduled__2022-07-16T00:00:00+00:00', '--job-id', '2420', '--raw', '--subdir', 'DAGS_FOLDER/6.1-monitoring.py', '--cfg-path', '/tmp/tmpaq1p2s_i']
[2024-12-21T20:26:54.693+0000] {standard_task_runner.py:83} INFO - Job 2420: Subtask tarea2
[2024-12-21T20:26:54.765+0000] {task_command.py:376} INFO - Running <TaskInstance: 6.1-monitoreando.tarea2 scheduled__2022-07-16T00:00:00+00:00 [running]> on host a39b43f32cb0
[2024-12-21T20:26:54.830+0000] {taskinstance.py:1592} INFO - Exporting the following env vars:
AIRFLOW_CTX_DAG_OWNER=***
AIRFLOW_CTX_DAG_ID=6.1-monitoreando
AIRFLOW_CTX_TASK_ID=tarea2
AIRFLOW_CTX_EXECUTION_DATE=2022-07-16T00:00:00+00:00
AIRFLOW_CTX_TRY_NUMBER=1
AIRFLOW_CTX_DAG_RUN_ID=scheduled__2022-07-16T00:00:00+00:00
[2024-12-21T20:26:54.831+0000] {subprocess.py:63} INFO - Tmp dir root location: 
 /tmp
[2024-12-21T20:26:54.832+0000] {subprocess.py:75} INFO - Running command: ['/bin/bash', '-c', "sleep 2 && echo 'Tarea 2'"]
[2024-12-21T20:26:54.839+0000] {subprocess.py:86} INFO - Output:
[2024-12-21T20:26:56.850+0000] {subprocess.py:93} INFO - Tarea 2
[2024-12-21T20:26:56.857+0000] {subprocess.py:97} INFO - Command exited with return code 0
[2024-12-21T20:26:57.048+0000] {taskinstance.py:1406} INFO - Marking task as SUCCESS. dag_id=6.1-monitoreando, task_id=tarea2, execution_date=20220716T000000, start_date=20241221T202654, end_date=20241221T202657
[2024-12-21T20:26:57.241+0000] {local_task_job.py:164} INFO - Task exited with return code 0
[2024-12-21T20:26:57.585+0000] {local_task_job.py:273} INFO - 1 downstream tasks scheduled from follow-on schedule check
