[2024-12-21T20:14:35.599+0000] {taskinstance.py:1165} INFO - Dependencies all met for <TaskInstance: 5.2-orquestacion.tarea1 scheduled__2024-11-01T00:00:00+00:00 [queued]>
[2024-12-21T20:14:35.608+0000] {taskinstance.py:1165} INFO - Dependencies all met for <TaskInstance: 5.2-orquestacion.tarea1 scheduled__2024-11-01T00:00:00+00:00 [queued]>
[2024-12-21T20:14:35.609+0000] {taskinstance.py:1362} INFO - 
--------------------------------------------------------------------------------
[2024-12-21T20:14:35.609+0000] {taskinstance.py:1363} INFO - Starting attempt 1 of 1
[2024-12-21T20:14:35.609+0000] {taskinstance.py:1364} INFO - 
--------------------------------------------------------------------------------
[2024-12-21T20:14:35.620+0000] {taskinstance.py:1383} INFO - Executing <Task(BashOperator): tarea1> on 2024-11-01 00:00:00+00:00
[2024-12-21T20:14:35.623+0000] {standard_task_runner.py:55} INFO - Started process 3450 to run task
[2024-12-21T20:14:35.626+0000] {standard_task_runner.py:82} INFO - Running: ['***', 'tasks', 'run', '5.2-orquestacion', 'tarea1', 'scheduled__2024-11-01T00:00:00+00:00', '--job-id', '2206', '--raw', '--subdir', 'DAGS_FOLDER/5.2-orquestation.py', '--cfg-path', '/tmp/tmpl3tgirsf']
[2024-12-21T20:14:35.626+0000] {standard_task_runner.py:83} INFO - Job 2206: Subtask tarea1
[2024-12-21T20:14:35.673+0000] {task_command.py:376} INFO - Running <TaskInstance: 5.2-orquestacion.tarea1 scheduled__2024-11-01T00:00:00+00:00 [running]> on host a39b43f32cb0
[2024-12-21T20:14:35.729+0000] {taskinstance.py:1592} INFO - Exporting the following env vars:
AIRFLOW_CTX_DAG_OWNER=***
AIRFLOW_CTX_DAG_ID=5.2-orquestacion
AIRFLOW_CTX_TASK_ID=tarea1
AIRFLOW_CTX_EXECUTION_DATE=2024-11-01T00:00:00+00:00
AIRFLOW_CTX_TRY_NUMBER=1
AIRFLOW_CTX_DAG_RUN_ID=scheduled__2024-11-01T00:00:00+00:00
[2024-12-21T20:14:35.730+0000] {subprocess.py:63} INFO - Tmp dir root location: 
 /tmp
[2024-12-21T20:14:35.730+0000] {subprocess.py:75} INFO - Running command: ['/bin/bash', '-c', "sleep 2 && echo 'Tarea 1'"]
[2024-12-21T20:14:35.737+0000] {subprocess.py:86} INFO - Output:
[2024-12-21T20:14:37.743+0000] {subprocess.py:93} INFO - Tarea 1
[2024-12-21T20:14:37.744+0000] {subprocess.py:97} INFO - Command exited with return code 0
[2024-12-21T20:14:37.771+0000] {taskinstance.py:1406} INFO - Marking task as SUCCESS. dag_id=5.2-orquestacion, task_id=tarea1, execution_date=20241101T000000, start_date=20241221T201435, end_date=20241221T201437
[2024-12-21T20:14:37.786+0000] {local_task_job.py:164} INFO - Task exited with return code 0
[2024-12-21T20:14:37.821+0000] {local_task_job.py:273} INFO - 1 downstream tasks scheduled from follow-on schedule check
