[2024-12-21T20:27:39.545+0000] {taskinstance.py:1165} INFO - Dependencies all met for <TaskInstance: 6.1-monitoreando.tarea4 scheduled__2022-07-30T00:00:00+00:00 [queued]>
[2024-12-21T20:27:39.596+0000] {taskinstance.py:1165} INFO - Dependencies all met for <TaskInstance: 6.1-monitoreando.tarea4 scheduled__2022-07-30T00:00:00+00:00 [queued]>
[2024-12-21T20:27:39.604+0000] {taskinstance.py:1362} INFO - 
--------------------------------------------------------------------------------
[2024-12-21T20:27:39.605+0000] {taskinstance.py:1363} INFO - Starting attempt 1 of 1
[2024-12-21T20:27:39.608+0000] {taskinstance.py:1364} INFO - 
--------------------------------------------------------------------------------
[2024-12-21T20:27:39.709+0000] {taskinstance.py:1383} INFO - Executing <Task(BashOperator): tarea4> on 2022-07-30 00:00:00+00:00
[2024-12-21T20:27:39.744+0000] {standard_task_runner.py:55} INFO - Started process 5054 to run task
[2024-12-21T20:27:39.762+0000] {standard_task_runner.py:82} INFO - Running: ['***', 'tasks', 'run', '6.1-monitoreando', 'tarea4', 'scheduled__2022-07-30T00:00:00+00:00', '--job-id', '2497', '--raw', '--subdir', 'DAGS_FOLDER/6.1-monitoring.py', '--cfg-path', '/tmp/tmp4a_oh7qk']
[2024-12-21T20:27:39.768+0000] {standard_task_runner.py:83} INFO - Job 2497: Subtask tarea4
[2024-12-21T20:27:41.040+0000] {task_command.py:376} INFO - Running <TaskInstance: 6.1-monitoreando.tarea4 scheduled__2022-07-30T00:00:00+00:00 [running]> on host a39b43f32cb0
[2024-12-21T20:27:42.364+0000] {taskinstance.py:1592} INFO - Exporting the following env vars:
AIRFLOW_CTX_DAG_OWNER=***
AIRFLOW_CTX_DAG_ID=6.1-monitoreando
AIRFLOW_CTX_TASK_ID=tarea4
AIRFLOW_CTX_EXECUTION_DATE=2022-07-30T00:00:00+00:00
AIRFLOW_CTX_TRY_NUMBER=1
AIRFLOW_CTX_DAG_RUN_ID=scheduled__2022-07-30T00:00:00+00:00
[2024-12-21T20:27:42.458+0000] {subprocess.py:63} INFO - Tmp dir root location: 
 /tmp
[2024-12-21T20:27:42.486+0000] {subprocess.py:75} INFO - Running command: ['/bin/bash', '-c', "sleep 2 && echo 'Tarea 4'"]
[2024-12-21T20:27:42.617+0000] {subprocess.py:86} INFO - Output:
[2024-12-21T20:27:44.683+0000] {subprocess.py:93} INFO - Tarea 4
[2024-12-21T20:27:44.745+0000] {subprocess.py:97} INFO - Command exited with return code 0
[2024-12-21T20:27:45.835+0000] {taskinstance.py:1406} INFO - Marking task as SUCCESS. dag_id=6.1-monitoreando, task_id=tarea4, execution_date=20220730T000000, start_date=20241221T202739, end_date=20241221T202745
[2024-12-21T20:27:46.148+0000] {local_task_job.py:164} INFO - Task exited with return code 0
[2024-12-21T20:27:46.596+0000] {local_task_job.py:273} INFO - 1 downstream tasks scheduled from follow-on schedule check
