[2024-12-21T22:24:00.854+0000] {taskinstance.py:1165} INFO - Dependencies all met for <TaskInstance: commiteando_cosas.check scheduled__2024-12-21T22:23:00+00:00 [queued]>
[2024-12-21T22:24:00.864+0000] {taskinstance.py:1165} INFO - Dependencies all met for <TaskInstance: commiteando_cosas.check scheduled__2024-12-21T22:23:00+00:00 [queued]>
[2024-12-21T22:24:00.864+0000] {taskinstance.py:1362} INFO - 
--------------------------------------------------------------------------------
[2024-12-21T22:24:00.864+0000] {taskinstance.py:1363} INFO - Starting attempt 1 of 1
[2024-12-21T22:24:00.864+0000] {taskinstance.py:1364} INFO - 
--------------------------------------------------------------------------------
[2024-12-21T22:24:00.875+0000] {taskinstance.py:1383} INFO - Executing <Task(BashOperator): check> on 2024-12-21 22:23:00+00:00
[2024-12-21T22:24:00.879+0000] {standard_task_runner.py:55} INFO - Started process 11400 to run task
[2024-12-21T22:24:00.884+0000] {standard_task_runner.py:82} INFO - Running: ['***', 'tasks', 'run', 'commiteando_cosas', 'check', 'scheduled__2024-12-21T22:23:00+00:00', '--job-id', '2800', '--raw', '--subdir', 'DAGS_FOLDER/elPataCommits.py', '--cfg-path', '/tmp/tmpz4nnjzek']
[2024-12-21T22:24:00.885+0000] {standard_task_runner.py:83} INFO - Job 2800: Subtask check
[2024-12-21T22:24:00.943+0000] {task_command.py:376} INFO - Running <TaskInstance: commiteando_cosas.check scheduled__2024-12-21T22:23:00+00:00 [running]> on host a39b43f32cb0
[2024-12-21T22:24:01.036+0000] {taskinstance.py:1592} INFO - Exporting the following env vars:
AIRFLOW_CTX_DAG_OWNER=***
AIRFLOW_CTX_DAG_ID=commiteando_cosas
AIRFLOW_CTX_TASK_ID=check
AIRFLOW_CTX_EXECUTION_DATE=2024-12-21T22:23:00+00:00
AIRFLOW_CTX_TRY_NUMBER=1
AIRFLOW_CTX_DAG_RUN_ID=scheduled__2024-12-21T22:23:00+00:00
[2024-12-21T22:24:01.038+0000] {subprocess.py:63} INFO - Tmp dir root location: 
 /tmp
[2024-12-21T22:24:01.039+0000] {subprocess.py:75} INFO - Running command: ['/bin/bash', '-c', '\n        echo && \n        whoami && \n        echo && \n        pwd && \n        echo\n        ']
[2024-12-21T22:24:01.048+0000] {subprocess.py:86} INFO - Output:
[2024-12-21T22:24:01.052+0000] {subprocess.py:93} INFO - 
[2024-12-21T22:24:01.053+0000] {subprocess.py:93} INFO - ***
[2024-12-21T22:24:01.054+0000] {subprocess.py:93} INFO - 
[2024-12-21T22:24:01.054+0000] {subprocess.py:93} INFO - /tmp/***tmp5b9dva3q
[2024-12-21T22:24:01.054+0000] {subprocess.py:93} INFO - 
[2024-12-21T22:24:01.054+0000] {subprocess.py:97} INFO - Command exited with return code 0
[2024-12-21T22:24:01.076+0000] {taskinstance.py:1406} INFO - Marking task as SUCCESS. dag_id=commiteando_cosas, task_id=check, execution_date=20241221T222300, start_date=20241221T222400, end_date=20241221T222401
[2024-12-21T22:24:01.109+0000] {local_task_job.py:164} INFO - Task exited with return code 0
[2024-12-21T22:24:01.147+0000] {local_task_job.py:273} INFO - 1 downstream tasks scheduled from follow-on schedule check
