[2024-12-21T20:27:37.181+0000] {taskinstance.py:1165} INFO - Dependencies all met for <TaskInstance: 6.1-monitoreando.tarea4 scheduled__2022-07-25T00:00:00+00:00 [queued]>
[2024-12-21T20:27:37.244+0000] {taskinstance.py:1165} INFO - Dependencies all met for <TaskInstance: 6.1-monitoreando.tarea4 scheduled__2022-07-25T00:00:00+00:00 [queued]>
[2024-12-21T20:27:37.246+0000] {taskinstance.py:1362} INFO - 
--------------------------------------------------------------------------------
[2024-12-21T20:27:37.247+0000] {taskinstance.py:1363} INFO - Starting attempt 1 of 1
[2024-12-21T20:27:37.252+0000] {taskinstance.py:1364} INFO - 
--------------------------------------------------------------------------------
[2024-12-21T20:27:37.384+0000] {taskinstance.py:1383} INFO - Executing <Task(BashOperator): tarea4> on 2022-07-25 00:00:00+00:00
[2024-12-21T20:27:37.486+0000] {standard_task_runner.py:55} INFO - Started process 5050 to run task
[2024-12-21T20:27:37.514+0000] {standard_task_runner.py:82} INFO - Running: ['***', 'tasks', 'run', '6.1-monitoreando', 'tarea4', 'scheduled__2022-07-25T00:00:00+00:00', '--job-id', '2492', '--raw', '--subdir', 'DAGS_FOLDER/6.1-monitoring.py', '--cfg-path', '/tmp/tmpdr4fro9t']
[2024-12-21T20:27:37.522+0000] {standard_task_runner.py:83} INFO - Job 2492: Subtask tarea4
[2024-12-21T20:27:39.372+0000] {task_command.py:376} INFO - Running <TaskInstance: 6.1-monitoreando.tarea4 scheduled__2022-07-25T00:00:00+00:00 [running]> on host a39b43f32cb0
[2024-12-21T20:27:39.853+0000] {taskinstance.py:1592} INFO - Exporting the following env vars:
AIRFLOW_CTX_DAG_OWNER=***
AIRFLOW_CTX_DAG_ID=6.1-monitoreando
AIRFLOW_CTX_TASK_ID=tarea4
AIRFLOW_CTX_EXECUTION_DATE=2022-07-25T00:00:00+00:00
AIRFLOW_CTX_TRY_NUMBER=1
AIRFLOW_CTX_DAG_RUN_ID=scheduled__2022-07-25T00:00:00+00:00
[2024-12-21T20:27:39.895+0000] {subprocess.py:63} INFO - Tmp dir root location: 
 /tmp
[2024-12-21T20:27:39.905+0000] {subprocess.py:75} INFO - Running command: ['/bin/bash', '-c', "sleep 2 && echo 'Tarea 4'"]
[2024-12-21T20:27:40.092+0000] {subprocess.py:86} INFO - Output:
[2024-12-21T20:27:42.253+0000] {subprocess.py:93} INFO - Tarea 4
[2024-12-21T20:27:42.287+0000] {subprocess.py:97} INFO - Command exited with return code 0
[2024-12-21T20:27:42.686+0000] {taskinstance.py:1406} INFO - Marking task as SUCCESS. dag_id=6.1-monitoreando, task_id=tarea4, execution_date=20220725T000000, start_date=20241221T202737, end_date=20241221T202742
[2024-12-21T20:27:42.835+0000] {local_task_job.py:164} INFO - Task exited with return code 0
[2024-12-21T20:27:43.016+0000] {local_task_job.py:273} INFO - 1 downstream tasks scheduled from follow-on schedule check
