[2024-12-21T14:43:44.960+0000] {taskinstance.py:1165} INFO - Dependencies all met for <TaskInstance: customOperator.hello scheduled__2024-11-14T00:00:00+00:00 [queued]>
[2024-12-21T14:43:44.998+0000] {taskinstance.py:1165} INFO - Dependencies all met for <TaskInstance: customOperator.hello scheduled__2024-11-14T00:00:00+00:00 [queued]>
[2024-12-21T14:43:44.998+0000] {taskinstance.py:1362} INFO - 
--------------------------------------------------------------------------------
[2024-12-21T14:43:44.999+0000] {taskinstance.py:1363} INFO - Starting attempt 1 of 1
[2024-12-21T14:43:44.999+0000] {taskinstance.py:1364} INFO - 
--------------------------------------------------------------------------------
[2024-12-21T14:43:45.028+0000] {taskinstance.py:1383} INFO - Executing <Task(HelloOperator): hello> on 2024-11-14 00:00:00+00:00
[2024-12-21T14:43:45.037+0000] {standard_task_runner.py:55} INFO - Started process 9577 to run task
[2024-12-21T14:43:45.048+0000] {standard_task_runner.py:82} INFO - Running: ['***', 'tasks', 'run', 'customOperator', 'hello', 'scheduled__2024-11-14T00:00:00+00:00', '--job-id', '2106', '--raw', '--subdir', 'DAGS_FOLDER/4-customoperator.py', '--cfg-path', '/tmp/tmph03qmuic']
[2024-12-21T14:43:45.052+0000] {standard_task_runner.py:83} INFO - Job 2106: Subtask hello
[2024-12-21T14:43:45.176+0000] {task_command.py:376} INFO - Running <TaskInstance: customOperator.hello scheduled__2024-11-14T00:00:00+00:00 [running]> on host a39b43f32cb0
[2024-12-21T14:43:45.320+0000] {taskinstance.py:1592} INFO - Exporting the following env vars:
AIRFLOW_CTX_DAG_OWNER=***
AIRFLOW_CTX_DAG_ID=customOperator
AIRFLOW_CTX_TASK_ID=hello
AIRFLOW_CTX_EXECUTION_DATE=2024-11-14T00:00:00+00:00
AIRFLOW_CTX_TRY_NUMBER=1
AIRFLOW_CTX_DAG_RUN_ID=scheduled__2024-11-14T00:00:00+00:00
[2024-12-21T14:43:45.321+0000] {logging_mixin.py:120} INFO - hola Freddy
[2024-12-21T14:43:45.340+0000] {taskinstance.py:1406} INFO - Marking task as SUCCESS. dag_id=customOperator, task_id=hello, execution_date=20241114T000000, start_date=20241221T144344, end_date=20241221T144345
[2024-12-21T14:43:45.395+0000] {local_task_job.py:164} INFO - Task exited with return code 0
[2024-12-21T14:43:45.449+0000] {local_task_job.py:273} INFO - 0 downstream tasks scheduled from follow-on schedule check
