[2024-12-21T14:37:47.282+0000] {taskinstance.py:1165} INFO - Dependencies all met for <TaskInstance: customOperator.hello scheduled__2023-03-17T00:00:00+00:00 [queued]>
[2024-12-21T14:37:47.328+0000] {taskinstance.py:1165} INFO - Dependencies all met for <TaskInstance: customOperator.hello scheduled__2023-03-17T00:00:00+00:00 [queued]>
[2024-12-21T14:37:47.329+0000] {taskinstance.py:1362} INFO - 
--------------------------------------------------------------------------------
[2024-12-21T14:37:47.329+0000] {taskinstance.py:1363} INFO - Starting attempt 1 of 1
[2024-12-21T14:37:47.330+0000] {taskinstance.py:1364} INFO - 
--------------------------------------------------------------------------------
[2024-12-21T14:37:47.393+0000] {taskinstance.py:1383} INFO - Executing <Task(HelloOperator): hello> on 2023-03-17 00:00:00+00:00
[2024-12-21T14:37:47.403+0000] {standard_task_runner.py:55} INFO - Started process 8063 to run task
[2024-12-21T14:37:47.412+0000] {standard_task_runner.py:82} INFO - Running: ['***', 'tasks', 'run', 'customOperator', 'hello', 'scheduled__2023-03-17T00:00:00+00:00', '--job-id', '1498', '--raw', '--subdir', 'DAGS_FOLDER/4-customoperator.py', '--cfg-path', '/tmp/tmpsgm6x_8f']
[2024-12-21T14:37:47.413+0000] {standard_task_runner.py:83} INFO - Job 1498: Subtask hello
[2024-12-21T14:37:47.622+0000] {task_command.py:376} INFO - Running <TaskInstance: customOperator.hello scheduled__2023-03-17T00:00:00+00:00 [running]> on host a39b43f32cb0
[2024-12-21T14:37:47.987+0000] {taskinstance.py:1592} INFO - Exporting the following env vars:
AIRFLOW_CTX_DAG_OWNER=***
AIRFLOW_CTX_DAG_ID=customOperator
AIRFLOW_CTX_TASK_ID=hello
AIRFLOW_CTX_EXECUTION_DATE=2023-03-17T00:00:00+00:00
AIRFLOW_CTX_TRY_NUMBER=1
AIRFLOW_CTX_DAG_RUN_ID=scheduled__2023-03-17T00:00:00+00:00
[2024-12-21T14:37:47.993+0000] {logging_mixin.py:120} INFO - hola Freddy
[2024-12-21T14:37:48.022+0000] {taskinstance.py:1406} INFO - Marking task as SUCCESS. dag_id=customOperator, task_id=hello, execution_date=20230317T000000, start_date=20241221T143747, end_date=20241221T143748
[2024-12-21T14:37:48.084+0000] {local_task_job.py:164} INFO - Task exited with return code 0
[2024-12-21T14:37:48.181+0000] {local_task_job.py:273} INFO - 0 downstream tasks scheduled from follow-on schedule check
