[2024-12-21T19:46:28.455+0000] {taskinstance.py:1165} INFO - Dependencies all met for <TaskInstance: 5.2-orquestacion.tarea1 scheduled__2024-05-13T07:00:00+00:00 [queued]>
[2024-12-21T19:46:28.468+0000] {taskinstance.py:1165} INFO - Dependencies all met for <TaskInstance: 5.2-orquestacion.tarea1 scheduled__2024-05-13T07:00:00+00:00 [queued]>
[2024-12-21T19:46:28.468+0000] {taskinstance.py:1362} INFO - 
--------------------------------------------------------------------------------
[2024-12-21T19:46:28.468+0000] {taskinstance.py:1363} INFO - Starting attempt 1 of 1
[2024-12-21T19:46:28.469+0000] {taskinstance.py:1364} INFO - 
--------------------------------------------------------------------------------
[2024-12-21T19:46:28.486+0000] {taskinstance.py:1383} INFO - Executing <Task(BashOperator): tarea1> on 2024-05-13 07:00:00+00:00
[2024-12-21T19:46:28.492+0000] {standard_task_runner.py:55} INFO - Started process 2462 to run task
[2024-12-21T19:46:28.499+0000] {standard_task_runner.py:82} INFO - Running: ['***', 'tasks', 'run', '5.2-orquestacion', 'tarea1', 'scheduled__2024-05-13T07:00:00+00:00', '--job-id', '2162', '--raw', '--subdir', 'DAGS_FOLDER/5.2-orquestation.py', '--cfg-path', '/tmp/tmp7s4pino_']
[2024-12-21T19:46:28.500+0000] {standard_task_runner.py:83} INFO - Job 2162: Subtask tarea1
[2024-12-21T19:46:28.731+0000] {task_command.py:376} INFO - Running <TaskInstance: 5.2-orquestacion.tarea1 scheduled__2024-05-13T07:00:00+00:00 [running]> on host a39b43f32cb0
[2024-12-21T19:46:28.902+0000] {taskinstance.py:1592} INFO - Exporting the following env vars:
AIRFLOW_CTX_DAG_OWNER=***
AIRFLOW_CTX_DAG_ID=5.2-orquestacion
AIRFLOW_CTX_TASK_ID=tarea1
AIRFLOW_CTX_EXECUTION_DATE=2024-05-13T07:00:00+00:00
AIRFLOW_CTX_TRY_NUMBER=1
AIRFLOW_CTX_DAG_RUN_ID=scheduled__2024-05-13T07:00:00+00:00
[2024-12-21T19:46:28.904+0000] {subprocess.py:63} INFO - Tmp dir root location: 
 /tmp
[2024-12-21T19:46:28.906+0000] {subprocess.py:75} INFO - Running command: ['/bin/bash', '-c', "sleep 2 && echo 'Tarea 1'"]
[2024-12-21T19:46:28.920+0000] {subprocess.py:86} INFO - Output:
[2024-12-21T19:46:30.931+0000] {subprocess.py:93} INFO - Tarea 1
[2024-12-21T19:46:30.933+0000] {subprocess.py:97} INFO - Command exited with return code 0
[2024-12-21T19:46:30.968+0000] {taskinstance.py:1406} INFO - Marking task as SUCCESS. dag_id=5.2-orquestacion, task_id=tarea1, execution_date=20240513T070000, start_date=20241221T194628, end_date=20241221T194630
[2024-12-21T19:46:31.026+0000] {local_task_job.py:164} INFO - Task exited with return code 0
[2024-12-21T19:46:31.067+0000] {local_task_job.py:273} INFO - 1 downstream tasks scheduled from follow-on schedule check
