[2024-12-21T14:42:51.235+0000] {taskinstance.py:1165} INFO - Dependencies all met for <TaskInstance: customOperator.hello scheduled__2024-08-22T00:00:00+00:00 [queued]>
[2024-12-21T14:42:51.257+0000] {taskinstance.py:1165} INFO - Dependencies all met for <TaskInstance: customOperator.hello scheduled__2024-08-22T00:00:00+00:00 [queued]>
[2024-12-21T14:42:51.259+0000] {taskinstance.py:1362} INFO - 
--------------------------------------------------------------------------------
[2024-12-21T14:42:51.260+0000] {taskinstance.py:1363} INFO - Starting attempt 1 of 1
[2024-12-21T14:42:51.260+0000] {taskinstance.py:1364} INFO - 
--------------------------------------------------------------------------------
[2024-12-21T14:42:51.286+0000] {taskinstance.py:1383} INFO - Executing <Task(HelloOperator): hello> on 2024-08-22 00:00:00+00:00
[2024-12-21T14:42:51.294+0000] {standard_task_runner.py:55} INFO - Started process 9358 to run task
[2024-12-21T14:42:51.298+0000] {standard_task_runner.py:82} INFO - Running: ['***', 'tasks', 'run', 'customOperator', 'hello', 'scheduled__2024-08-22T00:00:00+00:00', '--job-id', '2022', '--raw', '--subdir', 'DAGS_FOLDER/4-customoperator.py', '--cfg-path', '/tmp/tmpwr7g671x']
[2024-12-21T14:42:51.300+0000] {standard_task_runner.py:83} INFO - Job 2022: Subtask hello
[2024-12-21T14:42:51.430+0000] {task_command.py:376} INFO - Running <TaskInstance: customOperator.hello scheduled__2024-08-22T00:00:00+00:00 [running]> on host a39b43f32cb0
[2024-12-21T14:42:51.523+0000] {taskinstance.py:1592} INFO - Exporting the following env vars:
AIRFLOW_CTX_DAG_OWNER=***
AIRFLOW_CTX_DAG_ID=customOperator
AIRFLOW_CTX_TASK_ID=hello
AIRFLOW_CTX_EXECUTION_DATE=2024-08-22T00:00:00+00:00
AIRFLOW_CTX_TRY_NUMBER=1
AIRFLOW_CTX_DAG_RUN_ID=scheduled__2024-08-22T00:00:00+00:00
[2024-12-21T14:42:51.524+0000] {logging_mixin.py:120} INFO - hola Freddy
[2024-12-21T14:42:51.533+0000] {taskinstance.py:1406} INFO - Marking task as SUCCESS. dag_id=customOperator, task_id=hello, execution_date=20240822T000000, start_date=20241221T144251, end_date=20241221T144251
[2024-12-21T14:42:51.562+0000] {local_task_job.py:164} INFO - Task exited with return code 0
[2024-12-21T14:42:51.589+0000] {local_task_job.py:273} INFO - 0 downstream tasks scheduled from follow-on schedule check
