[2024-12-21T20:13:39.767+0000] {taskinstance.py:1165} INFO - Dependencies all met for <TaskInstance: 5.2-orquestacion.tarea4 scheduled__2024-05-01T00:00:00+00:00 [queued]>
[2024-12-21T20:13:39.780+0000] {taskinstance.py:1165} INFO - Dependencies all met for <TaskInstance: 5.2-orquestacion.tarea4 scheduled__2024-05-01T00:00:00+00:00 [queued]>
[2024-12-21T20:13:39.781+0000] {taskinstance.py:1362} INFO - 
--------------------------------------------------------------------------------
[2024-12-21T20:13:39.781+0000] {taskinstance.py:1363} INFO - Starting attempt 1 of 1
[2024-12-21T20:13:39.781+0000] {taskinstance.py:1364} INFO - 
--------------------------------------------------------------------------------
[2024-12-21T20:13:39.793+0000] {taskinstance.py:1383} INFO - Executing <Task(BashOperator): tarea4> on 2024-05-01 00:00:00+00:00
[2024-12-21T20:13:39.796+0000] {standard_task_runner.py:55} INFO - Started process 3319 to run task
[2024-12-21T20:13:39.800+0000] {standard_task_runner.py:82} INFO - Running: ['***', 'tasks', 'run', '5.2-orquestacion', 'tarea4', 'scheduled__2024-05-01T00:00:00+00:00', '--job-id', '2185', '--raw', '--subdir', 'DAGS_FOLDER/5.2-orquestation.py', '--cfg-path', '/tmp/tmpw64h8h4g']
[2024-12-21T20:13:39.800+0000] {standard_task_runner.py:83} INFO - Job 2185: Subtask tarea4
[2024-12-21T20:13:39.859+0000] {task_command.py:376} INFO - Running <TaskInstance: 5.2-orquestacion.tarea4 scheduled__2024-05-01T00:00:00+00:00 [running]> on host a39b43f32cb0
[2024-12-21T20:13:39.917+0000] {taskinstance.py:1592} INFO - Exporting the following env vars:
AIRFLOW_CTX_DAG_OWNER=***
AIRFLOW_CTX_DAG_ID=5.2-orquestacion
AIRFLOW_CTX_TASK_ID=tarea4
AIRFLOW_CTX_EXECUTION_DATE=2024-05-01T00:00:00+00:00
AIRFLOW_CTX_TRY_NUMBER=1
AIRFLOW_CTX_DAG_RUN_ID=scheduled__2024-05-01T00:00:00+00:00
[2024-12-21T20:13:39.918+0000] {subprocess.py:63} INFO - Tmp dir root location: 
 /tmp
[2024-12-21T20:13:39.919+0000] {subprocess.py:75} INFO - Running command: ['/bin/bash', '-c', "sleep 2 && echo 'Tarea 4'"]
[2024-12-21T20:13:39.925+0000] {subprocess.py:86} INFO - Output:
[2024-12-21T20:13:41.929+0000] {subprocess.py:93} INFO - Tarea 4
[2024-12-21T20:13:41.931+0000] {subprocess.py:97} INFO - Command exited with return code 0
[2024-12-21T20:13:41.966+0000] {taskinstance.py:1406} INFO - Marking task as SUCCESS. dag_id=5.2-orquestacion, task_id=tarea4, execution_date=20240501T000000, start_date=20241221T201339, end_date=20241221T201341
[2024-12-21T20:13:41.989+0000] {local_task_job.py:164} INFO - Task exited with return code 0
[2024-12-21T20:13:42.006+0000] {local_task_job.py:273} INFO - 0 downstream tasks scheduled from follow-on schedule check
