[2024-12-21T14:36:23.851+0000] {taskinstance.py:1165} INFO - Dependencies all met for <TaskInstance: customOperator.hello scheduled__2022-10-29T00:00:00+00:00 [queued]>
[2024-12-21T14:36:23.866+0000] {taskinstance.py:1165} INFO - Dependencies all met for <TaskInstance: customOperator.hello scheduled__2022-10-29T00:00:00+00:00 [queued]>
[2024-12-21T14:36:23.866+0000] {taskinstance.py:1362} INFO - 
--------------------------------------------------------------------------------
[2024-12-21T14:36:23.867+0000] {taskinstance.py:1363} INFO - Starting attempt 1 of 1
[2024-12-21T14:36:23.867+0000] {taskinstance.py:1364} INFO - 
--------------------------------------------------------------------------------
[2024-12-21T14:36:23.885+0000] {taskinstance.py:1383} INFO - Executing <Task(HelloOperator): hello> on 2022-10-29 00:00:00+00:00
[2024-12-21T14:36:23.889+0000] {standard_task_runner.py:55} INFO - Started process 7720 to run task
[2024-12-21T14:36:23.893+0000] {standard_task_runner.py:82} INFO - Running: ['***', 'tasks', 'run', 'customOperator', 'hello', 'scheduled__2022-10-29T00:00:00+00:00', '--job-id', '1359', '--raw', '--subdir', 'DAGS_FOLDER/4-customoperator.py', '--cfg-path', '/tmp/tmp7pge1jf7']
[2024-12-21T14:36:23.894+0000] {standard_task_runner.py:83} INFO - Job 1359: Subtask hello
[2024-12-21T14:36:23.967+0000] {task_command.py:376} INFO - Running <TaskInstance: customOperator.hello scheduled__2022-10-29T00:00:00+00:00 [running]> on host a39b43f32cb0
[2024-12-21T14:36:24.055+0000] {taskinstance.py:1592} INFO - Exporting the following env vars:
AIRFLOW_CTX_DAG_OWNER=***
AIRFLOW_CTX_DAG_ID=customOperator
AIRFLOW_CTX_TASK_ID=hello
AIRFLOW_CTX_EXECUTION_DATE=2022-10-29T00:00:00+00:00
AIRFLOW_CTX_TRY_NUMBER=1
AIRFLOW_CTX_DAG_RUN_ID=scheduled__2022-10-29T00:00:00+00:00
[2024-12-21T14:36:24.056+0000] {logging_mixin.py:120} INFO - hola Freddy
[2024-12-21T14:36:24.067+0000] {taskinstance.py:1406} INFO - Marking task as SUCCESS. dag_id=customOperator, task_id=hello, execution_date=20221029T000000, start_date=20241221T143623, end_date=20241221T143624
[2024-12-21T14:36:24.115+0000] {local_task_job.py:164} INFO - Task exited with return code 0
[2024-12-21T14:36:24.134+0000] {local_task_job.py:273} INFO - 0 downstream tasks scheduled from follow-on schedule check
