[2024-12-21T22:27:00.541+0000] {taskinstance.py:1165} INFO - Dependencies all met for <TaskInstance: commiteando_cosas.check scheduled__2024-12-21T22:26:00+00:00 [queued]>
[2024-12-21T22:27:00.551+0000] {taskinstance.py:1165} INFO - Dependencies all met for <TaskInstance: commiteando_cosas.check scheduled__2024-12-21T22:26:00+00:00 [queued]>
[2024-12-21T22:27:00.551+0000] {taskinstance.py:1362} INFO - 
--------------------------------------------------------------------------------
[2024-12-21T22:27:00.551+0000] {taskinstance.py:1363} INFO - Starting attempt 1 of 1
[2024-12-21T22:27:00.551+0000] {taskinstance.py:1364} INFO - 
--------------------------------------------------------------------------------
[2024-12-21T22:27:00.565+0000] {taskinstance.py:1383} INFO - Executing <Task(BashOperator): check> on 2024-12-21 22:26:00+00:00
[2024-12-21T22:27:00.569+0000] {standard_task_runner.py:55} INFO - Started process 11579 to run task
[2024-12-21T22:27:00.574+0000] {standard_task_runner.py:82} INFO - Running: ['***', 'tasks', 'run', 'commiteando_cosas', 'check', 'scheduled__2024-12-21T22:26:00+00:00', '--job-id', '2809', '--raw', '--subdir', 'DAGS_FOLDER/elPataCommits.py', '--cfg-path', '/tmp/tmp8dr5rjfd']
[2024-12-21T22:27:00.575+0000] {standard_task_runner.py:83} INFO - Job 2809: Subtask check
[2024-12-21T22:27:00.634+0000] {task_command.py:376} INFO - Running <TaskInstance: commiteando_cosas.check scheduled__2024-12-21T22:26:00+00:00 [running]> on host a39b43f32cb0
[2024-12-21T22:27:00.702+0000] {taskinstance.py:1592} INFO - Exporting the following env vars:
AIRFLOW_CTX_DAG_OWNER=***
AIRFLOW_CTX_DAG_ID=commiteando_cosas
AIRFLOW_CTX_TASK_ID=check
AIRFLOW_CTX_EXECUTION_DATE=2024-12-21T22:26:00+00:00
AIRFLOW_CTX_TRY_NUMBER=1
AIRFLOW_CTX_DAG_RUN_ID=scheduled__2024-12-21T22:26:00+00:00
[2024-12-21T22:27:00.703+0000] {subprocess.py:63} INFO - Tmp dir root location: 
 /tmp
[2024-12-21T22:27:00.704+0000] {subprocess.py:75} INFO - Running command: ['/bin/bash', '-c', '\n        echo && \n        whoami && \n        echo && \n        pwd && \n        echo\n        ']
[2024-12-21T22:27:00.712+0000] {subprocess.py:86} INFO - Output:
[2024-12-21T22:27:00.714+0000] {subprocess.py:93} INFO - 
[2024-12-21T22:27:00.716+0000] {subprocess.py:93} INFO - ***
[2024-12-21T22:27:00.716+0000] {subprocess.py:93} INFO - 
[2024-12-21T22:27:00.716+0000] {subprocess.py:93} INFO - /tmp/***tmpsxdl81zn
[2024-12-21T22:27:00.716+0000] {subprocess.py:93} INFO - 
[2024-12-21T22:27:00.717+0000] {subprocess.py:97} INFO - Command exited with return code 0
[2024-12-21T22:27:00.742+0000] {taskinstance.py:1406} INFO - Marking task as SUCCESS. dag_id=commiteando_cosas, task_id=check, execution_date=20241221T222600, start_date=20241221T222700, end_date=20241221T222700
[2024-12-21T22:27:00.794+0000] {local_task_job.py:164} INFO - Task exited with return code 0
[2024-12-21T22:27:00.819+0000] {local_task_job.py:273} INFO - 1 downstream tasks scheduled from follow-on schedule check
