[2024-12-21T14:37:15.112+0000] {taskinstance.py:1165} INFO - Dependencies all met for <TaskInstance: customOperator.hello scheduled__2023-01-19T00:00:00+00:00 [queued]>
[2024-12-21T14:37:15.130+0000] {taskinstance.py:1165} INFO - Dependencies all met for <TaskInstance: customOperator.hello scheduled__2023-01-19T00:00:00+00:00 [queued]>
[2024-12-21T14:37:15.130+0000] {taskinstance.py:1362} INFO - 
--------------------------------------------------------------------------------
[2024-12-21T14:37:15.131+0000] {taskinstance.py:1363} INFO - Starting attempt 1 of 1
[2024-12-21T14:37:15.131+0000] {taskinstance.py:1364} INFO - 
--------------------------------------------------------------------------------
[2024-12-21T14:37:15.160+0000] {taskinstance.py:1383} INFO - Executing <Task(HelloOperator): hello> on 2023-01-19 00:00:00+00:00
[2024-12-21T14:37:15.166+0000] {standard_task_runner.py:55} INFO - Started process 7921 to run task
[2024-12-21T14:37:15.170+0000] {standard_task_runner.py:82} INFO - Running: ['***', 'tasks', 'run', 'customOperator', 'hello', 'scheduled__2023-01-19T00:00:00+00:00', '--job-id', '1441', '--raw', '--subdir', 'DAGS_FOLDER/4-customoperator.py', '--cfg-path', '/tmp/tmpc6krmkmu']
[2024-12-21T14:37:15.172+0000] {standard_task_runner.py:83} INFO - Job 1441: Subtask hello
[2024-12-21T14:37:15.277+0000] {task_command.py:376} INFO - Running <TaskInstance: customOperator.hello scheduled__2023-01-19T00:00:00+00:00 [running]> on host a39b43f32cb0
[2024-12-21T14:37:15.375+0000] {taskinstance.py:1592} INFO - Exporting the following env vars:
AIRFLOW_CTX_DAG_OWNER=***
AIRFLOW_CTX_DAG_ID=customOperator
AIRFLOW_CTX_TASK_ID=hello
AIRFLOW_CTX_EXECUTION_DATE=2023-01-19T00:00:00+00:00
AIRFLOW_CTX_TRY_NUMBER=1
AIRFLOW_CTX_DAG_RUN_ID=scheduled__2023-01-19T00:00:00+00:00
[2024-12-21T14:37:15.378+0000] {logging_mixin.py:120} INFO - hola Freddy
[2024-12-21T14:37:15.391+0000] {taskinstance.py:1406} INFO - Marking task as SUCCESS. dag_id=customOperator, task_id=hello, execution_date=20230119T000000, start_date=20241221T143715, end_date=20241221T143715
[2024-12-21T14:37:15.437+0000] {local_task_job.py:164} INFO - Task exited with return code 0
[2024-12-21T14:37:15.470+0000] {local_task_job.py:273} INFO - 0 downstream tasks scheduled from follow-on schedule check
