[2024-12-21T20:14:28.411+0000] {taskinstance.py:1165} INFO - Dependencies all met for <TaskInstance: 5.2-orquestacion.tarea2 scheduled__2024-10-01T00:00:00+00:00 [queued]>
[2024-12-21T20:14:28.421+0000] {taskinstance.py:1165} INFO - Dependencies all met for <TaskInstance: 5.2-orquestacion.tarea2 scheduled__2024-10-01T00:00:00+00:00 [queued]>
[2024-12-21T20:14:28.421+0000] {taskinstance.py:1362} INFO - 
--------------------------------------------------------------------------------
[2024-12-21T20:14:28.422+0000] {taskinstance.py:1363} INFO - Starting attempt 1 of 1
[2024-12-21T20:14:28.422+0000] {taskinstance.py:1364} INFO - 
--------------------------------------------------------------------------------
[2024-12-21T20:14:28.433+0000] {taskinstance.py:1383} INFO - Executing <Task(BashOperator): tarea2> on 2024-10-01 00:00:00+00:00
[2024-12-21T20:14:28.435+0000] {standard_task_runner.py:55} INFO - Started process 3429 to run task
[2024-12-21T20:14:28.438+0000] {standard_task_runner.py:82} INFO - Running: ['***', 'tasks', 'run', '5.2-orquestacion', 'tarea2', 'scheduled__2024-10-01T00:00:00+00:00', '--job-id', '2203', '--raw', '--subdir', 'DAGS_FOLDER/5.2-orquestation.py', '--cfg-path', '/tmp/tmp_f7v47t4']
[2024-12-21T20:14:28.439+0000] {standard_task_runner.py:83} INFO - Job 2203: Subtask tarea2
[2024-12-21T20:14:28.492+0000] {task_command.py:376} INFO - Running <TaskInstance: 5.2-orquestacion.tarea2 scheduled__2024-10-01T00:00:00+00:00 [running]> on host a39b43f32cb0
[2024-12-21T20:14:28.564+0000] {taskinstance.py:1592} INFO - Exporting the following env vars:
AIRFLOW_CTX_DAG_OWNER=***
AIRFLOW_CTX_DAG_ID=5.2-orquestacion
AIRFLOW_CTX_TASK_ID=tarea2
AIRFLOW_CTX_EXECUTION_DATE=2024-10-01T00:00:00+00:00
AIRFLOW_CTX_TRY_NUMBER=1
AIRFLOW_CTX_DAG_RUN_ID=scheduled__2024-10-01T00:00:00+00:00
[2024-12-21T20:14:28.565+0000] {subprocess.py:63} INFO - Tmp dir root location: 
 /tmp
[2024-12-21T20:14:28.566+0000] {subprocess.py:75} INFO - Running command: ['/bin/bash', '-c', "sleep 2 && echo 'Tarea 2'"]
[2024-12-21T20:14:28.574+0000] {subprocess.py:86} INFO - Output:
[2024-12-21T20:14:30.586+0000] {subprocess.py:93} INFO - Tarea 2
[2024-12-21T20:14:30.588+0000] {subprocess.py:97} INFO - Command exited with return code 0
[2024-12-21T20:14:30.627+0000] {taskinstance.py:1406} INFO - Marking task as SUCCESS. dag_id=5.2-orquestacion, task_id=tarea2, execution_date=20241001T000000, start_date=20241221T201428, end_date=20241221T201430
[2024-12-21T20:14:30.673+0000] {local_task_job.py:164} INFO - Task exited with return code 0
[2024-12-21T20:14:30.714+0000] {local_task_job.py:273} INFO - 2 downstream tasks scheduled from follow-on schedule check
