[2024-12-21T20:25:37.750+0000] {taskinstance.py:1165} INFO - Dependencies all met for <TaskInstance: 6.1-monitoreando.tarea3 scheduled__2022-07-02T00:00:00+00:00 [queued]>
[2024-12-21T20:25:37.906+0000] {taskinstance.py:1165} INFO - Dependencies all met for <TaskInstance: 6.1-monitoreando.tarea3 scheduled__2022-07-02T00:00:00+00:00 [queued]>
[2024-12-21T20:25:37.907+0000] {taskinstance.py:1362} INFO - 
--------------------------------------------------------------------------------
[2024-12-21T20:25:37.909+0000] {taskinstance.py:1363} INFO - Starting attempt 1 of 1
[2024-12-21T20:25:37.912+0000] {taskinstance.py:1364} INFO - 
--------------------------------------------------------------------------------
[2024-12-21T20:25:38.044+0000] {taskinstance.py:1383} INFO - Executing <Task(BashOperator): tarea3> on 2022-07-02 00:00:00+00:00
[2024-12-21T20:25:38.059+0000] {standard_task_runner.py:55} INFO - Started process 4481 to run task
[2024-12-21T20:25:38.133+0000] {standard_task_runner.py:82} INFO - Running: ['***', 'tasks', 'run', '6.1-monitoreando', 'tarea3', 'scheduled__2022-07-02T00:00:00+00:00', '--job-id', '2358', '--raw', '--subdir', 'DAGS_FOLDER/6.1-monitoring.py', '--cfg-path', '/tmp/tmplagq98bj']
[2024-12-21T20:25:38.139+0000] {standard_task_runner.py:83} INFO - Job 2358: Subtask tarea3
[2024-12-21T20:25:40.240+0000] {task_command.py:376} INFO - Running <TaskInstance: 6.1-monitoreando.tarea3 scheduled__2022-07-02T00:00:00+00:00 [running]> on host a39b43f32cb0
[2024-12-21T20:25:42.640+0000] {taskinstance.py:1592} INFO - Exporting the following env vars:
AIRFLOW_CTX_DAG_OWNER=***
AIRFLOW_CTX_DAG_ID=6.1-monitoreando
AIRFLOW_CTX_TASK_ID=tarea3
AIRFLOW_CTX_EXECUTION_DATE=2022-07-02T00:00:00+00:00
AIRFLOW_CTX_TRY_NUMBER=1
AIRFLOW_CTX_DAG_RUN_ID=scheduled__2022-07-02T00:00:00+00:00
[2024-12-21T20:25:42.648+0000] {subprocess.py:63} INFO - Tmp dir root location: 
 /tmp
[2024-12-21T20:25:42.651+0000] {subprocess.py:75} INFO - Running command: ['/bin/bash', '-c', "sleep 2 && echo 'Tarea 3'"]
[2024-12-21T20:25:42.710+0000] {subprocess.py:86} INFO - Output:
[2024-12-21T20:25:44.752+0000] {subprocess.py:93} INFO - Tarea 3
[2024-12-21T20:25:44.769+0000] {subprocess.py:97} INFO - Command exited with return code 0
[2024-12-21T20:25:45.607+0000] {taskinstance.py:1406} INFO - Marking task as SUCCESS. dag_id=6.1-monitoreando, task_id=tarea3, execution_date=20220702T000000, start_date=20241221T202537, end_date=20241221T202545
[2024-12-21T20:25:46.214+0000] {local_task_job.py:164} INFO - Task exited with return code 0
[2024-12-21T20:25:47.263+0000] {local_task_job.py:273} INFO - 0 downstream tasks scheduled from follow-on schedule check
