[2024-12-21T13:38:24.652+0000] {taskinstance.py:1165} INFO - Dependencies all met for <TaskInstance: bashoperator.hello_with_bash scheduled__2023-08-10T00:00:00+00:00 [queued]>
[2024-12-21T13:38:24.675+0000] {taskinstance.py:1165} INFO - Dependencies all met for <TaskInstance: bashoperator.hello_with_bash scheduled__2023-08-10T00:00:00+00:00 [queued]>
[2024-12-21T13:38:24.677+0000] {taskinstance.py:1362} INFO - 
--------------------------------------------------------------------------------
[2024-12-21T13:38:24.678+0000] {taskinstance.py:1363} INFO - Starting attempt 1 of 1
[2024-12-21T13:38:24.678+0000] {taskinstance.py:1364} INFO - 
--------------------------------------------------------------------------------
[2024-12-21T13:38:24.726+0000] {taskinstance.py:1383} INFO - Executing <Task(BashOperator): hello_with_bash> on 2023-08-10 00:00:00+00:00
[2024-12-21T13:38:24.734+0000] {standard_task_runner.py:55} INFO - Started process 3251 to run task
[2024-12-21T13:38:24.741+0000] {standard_task_runner.py:82} INFO - Running: ['***', 'tasks', 'run', 'bashoperator', 'hello_with_bash', 'scheduled__2023-08-10T00:00:00+00:00', '--job-id', '551', '--raw', '--subdir', 'DAGS_FOLDER/1-bashoperator.py', '--cfg-path', '/tmp/tmpyv2yfp3u']
[2024-12-21T13:38:24.742+0000] {standard_task_runner.py:83} INFO - Job 551: Subtask hello_with_bash
[2024-12-21T13:38:24.850+0000] {task_command.py:376} INFO - Running <TaskInstance: bashoperator.hello_with_bash scheduled__2023-08-10T00:00:00+00:00 [running]> on host a39b43f32cb0
[2024-12-21T13:38:24.946+0000] {taskinstance.py:1592} INFO - Exporting the following env vars:
AIRFLOW_CTX_DAG_OWNER=***
AIRFLOW_CTX_DAG_ID=bashoperator
AIRFLOW_CTX_TASK_ID=hello_with_bash
AIRFLOW_CTX_EXECUTION_DATE=2023-08-10T00:00:00+00:00
AIRFLOW_CTX_TRY_NUMBER=1
AIRFLOW_CTX_DAG_RUN_ID=scheduled__2023-08-10T00:00:00+00:00
[2024-12-21T13:38:24.950+0000] {subprocess.py:63} INFO - Tmp dir root location: 
 /tmp
[2024-12-21T13:38:24.951+0000] {subprocess.py:75} INFO - Running command: ['/bin/bash', '-c', "echo 'hello gente'"]
[2024-12-21T13:38:24.964+0000] {subprocess.py:86} INFO - Output:
[2024-12-21T13:38:24.966+0000] {subprocess.py:93} INFO - hello gente
[2024-12-21T13:38:24.967+0000] {subprocess.py:97} INFO - Command exited with return code 0
[2024-12-21T13:38:24.994+0000] {taskinstance.py:1406} INFO - Marking task as SUCCESS. dag_id=bashoperator, task_id=hello_with_bash, execution_date=20230810T000000, start_date=20241221T133824, end_date=20241221T133824
[2024-12-21T13:38:25.048+0000] {local_task_job.py:164} INFO - Task exited with return code 0
[2024-12-21T13:38:25.069+0000] {local_task_job.py:273} INFO - 0 downstream tasks scheduled from follow-on schedule check
