[2024-12-21T20:27:18.569+0000] {taskinstance.py:1165} INFO - Dependencies all met for <TaskInstance: 6.1-monitoreando.tarea2 scheduled__2022-07-24T00:00:00+00:00 [queued]>
[2024-12-21T20:27:18.605+0000] {taskinstance.py:1165} INFO - Dependencies all met for <TaskInstance: 6.1-monitoreando.tarea2 scheduled__2022-07-24T00:00:00+00:00 [queued]>
[2024-12-21T20:27:18.607+0000] {taskinstance.py:1362} INFO - 
--------------------------------------------------------------------------------
[2024-12-21T20:27:18.610+0000] {taskinstance.py:1363} INFO - Starting attempt 1 of 1
[2024-12-21T20:27:18.611+0000] {taskinstance.py:1364} INFO - 
--------------------------------------------------------------------------------
[2024-12-21T20:27:18.717+0000] {taskinstance.py:1383} INFO - Executing <Task(BashOperator): tarea2> on 2022-07-24 00:00:00+00:00
[2024-12-21T20:27:18.772+0000] {standard_task_runner.py:55} INFO - Started process 4904 to run task
[2024-12-21T20:27:18.798+0000] {standard_task_runner.py:82} INFO - Running: ['***', 'tasks', 'run', '6.1-monitoreando', 'tarea2', 'scheduled__2022-07-24T00:00:00+00:00', '--job-id', '2460', '--raw', '--subdir', 'DAGS_FOLDER/6.1-monitoring.py', '--cfg-path', '/tmp/tmpth4606si']
[2024-12-21T20:27:18.805+0000] {standard_task_runner.py:83} INFO - Job 2460: Subtask tarea2
[2024-12-21T20:27:19.123+0000] {task_command.py:376} INFO - Running <TaskInstance: 6.1-monitoreando.tarea2 scheduled__2022-07-24T00:00:00+00:00 [running]> on host a39b43f32cb0
[2024-12-21T20:27:19.470+0000] {taskinstance.py:1592} INFO - Exporting the following env vars:
AIRFLOW_CTX_DAG_OWNER=***
AIRFLOW_CTX_DAG_ID=6.1-monitoreando
AIRFLOW_CTX_TASK_ID=tarea2
AIRFLOW_CTX_EXECUTION_DATE=2022-07-24T00:00:00+00:00
AIRFLOW_CTX_TRY_NUMBER=1
AIRFLOW_CTX_DAG_RUN_ID=scheduled__2022-07-24T00:00:00+00:00
[2024-12-21T20:27:19.493+0000] {subprocess.py:63} INFO - Tmp dir root location: 
 /tmp
[2024-12-21T20:27:19.499+0000] {subprocess.py:75} INFO - Running command: ['/bin/bash', '-c', "sleep 2 && echo 'Tarea 2'"]
[2024-12-21T20:27:19.520+0000] {subprocess.py:86} INFO - Output:
[2024-12-21T20:27:21.536+0000] {subprocess.py:93} INFO - Tarea 2
[2024-12-21T20:27:21.547+0000] {subprocess.py:97} INFO - Command exited with return code 0
[2024-12-21T20:27:21.734+0000] {taskinstance.py:1406} INFO - Marking task as SUCCESS. dag_id=6.1-monitoreando, task_id=tarea2, execution_date=20220724T000000, start_date=20241221T202718, end_date=20241221T202721
[2024-12-21T20:27:21.923+0000] {local_task_job.py:164} INFO - Task exited with return code 0
[2024-12-21T20:27:22.102+0000] {local_task_job.py:273} INFO - 1 downstream tasks scheduled from follow-on schedule check
