[2024-12-21T04:37:36.093+0000] {processor.py:154} INFO - Started process (PID=53) to work on /home/airflow/.local/lib/python3.7/site-packages/airflow/example_dags/example_xcomargs.py
[2024-12-21T04:37:36.096+0000] {processor.py:756} INFO - Processing file /home/airflow/.local/lib/python3.7/site-packages/airflow/example_dags/example_xcomargs.py for tasks to queue
[2024-12-21T04:37:36.103+0000] {logging_mixin.py:120} INFO - [2024-12-21T04:37:36.099+0000] {dagbag.py:537} INFO - Filling up the DagBag from /home/airflow/.local/lib/python3.7/site-packages/airflow/example_dags/example_xcomargs.py
[2024-12-21T04:37:36.157+0000] {processor.py:766} INFO - DAG(s) dict_keys(['example_xcom_args_with_operators', 'example_xcom_args']) retrieved from /home/airflow/.local/lib/python3.7/site-packages/airflow/example_dags/example_xcomargs.py
[2024-12-21T04:37:36.376+0000] {logging_mixin.py:120} INFO - [2024-12-21T04:37:36.376+0000] {manager.py:507} INFO - Created Permission View: can delete on DAG:example_xcom_args_with_operators
[2024-12-21T04:37:36.391+0000] {logging_mixin.py:120} INFO - [2024-12-21T04:37:36.391+0000] {manager.py:507} INFO - Created Permission View: can edit on DAG:example_xcom_args_with_operators
[2024-12-21T04:37:36.407+0000] {logging_mixin.py:120} INFO - [2024-12-21T04:37:36.407+0000] {manager.py:507} INFO - Created Permission View: can read on DAG:example_xcom_args_with_operators
[2024-12-21T04:37:36.439+0000] {logging_mixin.py:120} INFO - [2024-12-21T04:37:36.439+0000] {manager.py:507} INFO - Created Permission View: can delete on DAG:example_xcom_args
[2024-12-21T04:37:36.455+0000] {logging_mixin.py:120} INFO - [2024-12-21T04:37:36.455+0000] {manager.py:507} INFO - Created Permission View: can edit on DAG:example_xcom_args
[2024-12-21T04:37:36.465+0000] {logging_mixin.py:120} INFO - [2024-12-21T04:37:36.464+0000] {manager.py:507} INFO - Created Permission View: can read on DAG:example_xcom_args
[2024-12-21T04:37:36.465+0000] {logging_mixin.py:120} INFO - [2024-12-21T04:37:36.465+0000] {dag.py:2585} INFO - Sync 2 DAGs
[2024-12-21T04:37:36.490+0000] {logging_mixin.py:120} INFO - [2024-12-21T04:37:36.490+0000] {dag.py:2606} INFO - Creating ORM DAG for example_xcom_args_with_operators
[2024-12-21T04:37:36.491+0000] {logging_mixin.py:120} INFO - [2024-12-21T04:37:36.491+0000] {dag.py:2606} INFO - Creating ORM DAG for example_xcom_args
[2024-12-21T04:37:36.517+0000] {logging_mixin.py:120} INFO - [2024-12-21T04:37:36.516+0000] {dag.py:3340} INFO - Setting next_dagrun for example_xcom_args to None, run_after=None
[2024-12-21T04:37:36.518+0000] {logging_mixin.py:120} INFO - [2024-12-21T04:37:36.518+0000] {dag.py:3340} INFO - Setting next_dagrun for example_xcom_args_with_operators to None, run_after=None
[2024-12-21T04:37:36.561+0000] {processor.py:176} INFO - Processing /home/airflow/.local/lib/python3.7/site-packages/airflow/example_dags/example_xcomargs.py took 0.472 seconds
[2024-12-21T04:38:06.939+0000] {processor.py:154} INFO - Started process (PID=116) to work on /home/airflow/.local/lib/python3.7/site-packages/airflow/example_dags/example_xcomargs.py
[2024-12-21T04:38:06.939+0000] {processor.py:756} INFO - Processing file /home/airflow/.local/lib/python3.7/site-packages/airflow/example_dags/example_xcomargs.py for tasks to queue
[2024-12-21T04:38:06.940+0000] {logging_mixin.py:120} INFO - [2024-12-21T04:38:06.940+0000] {dagbag.py:537} INFO - Filling up the DagBag from /home/airflow/.local/lib/python3.7/site-packages/airflow/example_dags/example_xcomargs.py
[2024-12-21T04:38:06.964+0000] {processor.py:766} INFO - DAG(s) dict_keys(['example_xcom_args_with_operators', 'example_xcom_args']) retrieved from /home/airflow/.local/lib/python3.7/site-packages/airflow/example_dags/example_xcomargs.py
[2024-12-21T04:38:07.004+0000] {logging_mixin.py:120} INFO - [2024-12-21T04:38:07.003+0000] {dag.py:2585} INFO - Sync 2 DAGs
[2024-12-21T04:38:07.027+0000] {logging_mixin.py:120} INFO - [2024-12-21T04:38:07.027+0000] {dag.py:3340} INFO - Setting next_dagrun for example_xcom_args to None, run_after=None
[2024-12-21T04:38:07.030+0000] {logging_mixin.py:120} INFO - [2024-12-21T04:38:07.029+0000] {dag.py:3340} INFO - Setting next_dagrun for example_xcom_args_with_operators to None, run_after=None
[2024-12-21T04:38:07.049+0000] {processor.py:176} INFO - Processing /home/airflow/.local/lib/python3.7/site-packages/airflow/example_dags/example_xcomargs.py took 0.113 seconds
[2024-12-21T04:38:37.599+0000] {processor.py:154} INFO - Started process (PID=171) to work on /home/airflow/.local/lib/python3.7/site-packages/airflow/example_dags/example_xcomargs.py
[2024-12-21T04:38:37.600+0000] {processor.py:756} INFO - Processing file /home/airflow/.local/lib/python3.7/site-packages/airflow/example_dags/example_xcomargs.py for tasks to queue
[2024-12-21T04:38:37.601+0000] {logging_mixin.py:120} INFO - [2024-12-21T04:38:37.601+0000] {dagbag.py:537} INFO - Filling up the DagBag from /home/airflow/.local/lib/python3.7/site-packages/airflow/example_dags/example_xcomargs.py
[2024-12-21T04:38:37.621+0000] {processor.py:766} INFO - DAG(s) dict_keys(['example_xcom_args', 'example_xcom_args_with_operators']) retrieved from /home/airflow/.local/lib/python3.7/site-packages/airflow/example_dags/example_xcomargs.py
[2024-12-21T04:38:37.673+0000] {logging_mixin.py:120} INFO - [2024-12-21T04:38:37.673+0000] {dag.py:2585} INFO - Sync 2 DAGs
[2024-12-21T04:38:37.698+0000] {logging_mixin.py:120} INFO - [2024-12-21T04:38:37.698+0000] {dag.py:3340} INFO - Setting next_dagrun for example_xcom_args to None, run_after=None
[2024-12-21T04:38:37.701+0000] {logging_mixin.py:120} INFO - [2024-12-21T04:38:37.701+0000] {dag.py:3340} INFO - Setting next_dagrun for example_xcom_args_with_operators to None, run_after=None
[2024-12-21T04:38:37.719+0000] {processor.py:176} INFO - Processing /home/airflow/.local/lib/python3.7/site-packages/airflow/example_dags/example_xcomargs.py took 0.123 seconds
[2024-12-21T04:39:07.830+0000] {processor.py:154} INFO - Started process (PID=234) to work on /home/airflow/.local/lib/python3.7/site-packages/airflow/example_dags/example_xcomargs.py
[2024-12-21T04:39:07.831+0000] {processor.py:756} INFO - Processing file /home/airflow/.local/lib/python3.7/site-packages/airflow/example_dags/example_xcomargs.py for tasks to queue
[2024-12-21T04:39:07.832+0000] {logging_mixin.py:120} INFO - [2024-12-21T04:39:07.832+0000] {dagbag.py:537} INFO - Filling up the DagBag from /home/airflow/.local/lib/python3.7/site-packages/airflow/example_dags/example_xcomargs.py
[2024-12-21T04:39:07.851+0000] {processor.py:766} INFO - DAG(s) dict_keys(['example_xcom_args', 'example_xcom_args_with_operators']) retrieved from /home/airflow/.local/lib/python3.7/site-packages/airflow/example_dags/example_xcomargs.py
[2024-12-21T04:39:07.893+0000] {logging_mixin.py:120} INFO - [2024-12-21T04:39:07.893+0000] {dag.py:2585} INFO - Sync 2 DAGs
[2024-12-21T04:39:07.918+0000] {logging_mixin.py:120} INFO - [2024-12-21T04:39:07.918+0000] {dag.py:3340} INFO - Setting next_dagrun for example_xcom_args to None, run_after=None
[2024-12-21T04:39:07.921+0000] {logging_mixin.py:120} INFO - [2024-12-21T04:39:07.921+0000] {dag.py:3340} INFO - Setting next_dagrun for example_xcom_args_with_operators to None, run_after=None
[2024-12-21T04:39:07.937+0000] {processor.py:176} INFO - Processing /home/airflow/.local/lib/python3.7/site-packages/airflow/example_dags/example_xcomargs.py took 0.110 seconds
[2024-12-21T04:39:38.347+0000] {processor.py:154} INFO - Started process (PID=297) to work on /home/airflow/.local/lib/python3.7/site-packages/airflow/example_dags/example_xcomargs.py
[2024-12-21T04:39:38.348+0000] {processor.py:756} INFO - Processing file /home/airflow/.local/lib/python3.7/site-packages/airflow/example_dags/example_xcomargs.py for tasks to queue
[2024-12-21T04:39:38.349+0000] {logging_mixin.py:120} INFO - [2024-12-21T04:39:38.349+0000] {dagbag.py:537} INFO - Filling up the DagBag from /home/airflow/.local/lib/python3.7/site-packages/airflow/example_dags/example_xcomargs.py
[2024-12-21T04:39:38.377+0000] {processor.py:766} INFO - DAG(s) dict_keys(['example_xcom_args_with_operators', 'example_xcom_args']) retrieved from /home/airflow/.local/lib/python3.7/site-packages/airflow/example_dags/example_xcomargs.py
[2024-12-21T04:39:38.444+0000] {logging_mixin.py:120} INFO - [2024-12-21T04:39:38.444+0000] {dag.py:2585} INFO - Sync 2 DAGs
[2024-12-21T04:39:38.484+0000] {logging_mixin.py:120} INFO - [2024-12-21T04:39:38.484+0000] {dag.py:3340} INFO - Setting next_dagrun for example_xcom_args to None, run_after=None
[2024-12-21T04:39:38.490+0000] {logging_mixin.py:120} INFO - [2024-12-21T04:39:38.490+0000] {dag.py:3340} INFO - Setting next_dagrun for example_xcom_args_with_operators to None, run_after=None
[2024-12-21T04:39:38.518+0000] {processor.py:176} INFO - Processing /home/airflow/.local/lib/python3.7/site-packages/airflow/example_dags/example_xcomargs.py took 0.174 seconds
[2024-12-21T04:40:09.412+0000] {processor.py:154} INFO - Started process (PID=351) to work on /home/airflow/.local/lib/python3.7/site-packages/airflow/example_dags/example_xcomargs.py
[2024-12-21T04:40:09.413+0000] {processor.py:756} INFO - Processing file /home/airflow/.local/lib/python3.7/site-packages/airflow/example_dags/example_xcomargs.py for tasks to queue
[2024-12-21T04:40:09.414+0000] {logging_mixin.py:120} INFO - [2024-12-21T04:40:09.413+0000] {dagbag.py:537} INFO - Filling up the DagBag from /home/airflow/.local/lib/python3.7/site-packages/airflow/example_dags/example_xcomargs.py
[2024-12-21T04:40:09.444+0000] {processor.py:766} INFO - DAG(s) dict_keys(['example_xcom_args_with_operators', 'example_xcom_args']) retrieved from /home/airflow/.local/lib/python3.7/site-packages/airflow/example_dags/example_xcomargs.py
[2024-12-21T04:40:09.485+0000] {logging_mixin.py:120} INFO - [2024-12-21T04:40:09.485+0000] {dag.py:2585} INFO - Sync 2 DAGs
[2024-12-21T04:40:09.508+0000] {logging_mixin.py:120} INFO - [2024-12-21T04:40:09.508+0000] {dag.py:3340} INFO - Setting next_dagrun for example_xcom_args to None, run_after=None
[2024-12-21T04:40:09.511+0000] {logging_mixin.py:120} INFO - [2024-12-21T04:40:09.511+0000] {dag.py:3340} INFO - Setting next_dagrun for example_xcom_args_with_operators to None, run_after=None
[2024-12-21T04:40:09.533+0000] {processor.py:176} INFO - Processing /home/airflow/.local/lib/python3.7/site-packages/airflow/example_dags/example_xcomargs.py took 0.126 seconds
[2024-12-21T04:40:40.298+0000] {processor.py:154} INFO - Started process (PID=414) to work on /home/airflow/.local/lib/python3.7/site-packages/airflow/example_dags/example_xcomargs.py
[2024-12-21T04:40:40.299+0000] {processor.py:756} INFO - Processing file /home/airflow/.local/lib/python3.7/site-packages/airflow/example_dags/example_xcomargs.py for tasks to queue
[2024-12-21T04:40:40.300+0000] {logging_mixin.py:120} INFO - [2024-12-21T04:40:40.300+0000] {dagbag.py:537} INFO - Filling up the DagBag from /home/airflow/.local/lib/python3.7/site-packages/airflow/example_dags/example_xcomargs.py
[2024-12-21T04:40:40.323+0000] {processor.py:766} INFO - DAG(s) dict_keys(['example_xcom_args_with_operators', 'example_xcom_args']) retrieved from /home/airflow/.local/lib/python3.7/site-packages/airflow/example_dags/example_xcomargs.py
[2024-12-21T04:40:40.361+0000] {logging_mixin.py:120} INFO - [2024-12-21T04:40:40.361+0000] {dag.py:2585} INFO - Sync 2 DAGs
[2024-12-21T04:40:40.379+0000] {logging_mixin.py:120} INFO - [2024-12-21T04:40:40.379+0000] {dag.py:3340} INFO - Setting next_dagrun for example_xcom_args to None, run_after=None
[2024-12-21T04:40:40.383+0000] {logging_mixin.py:120} INFO - [2024-12-21T04:40:40.383+0000] {dag.py:3340} INFO - Setting next_dagrun for example_xcom_args_with_operators to None, run_after=None
[2024-12-21T04:40:40.397+0000] {processor.py:176} INFO - Processing /home/airflow/.local/lib/python3.7/site-packages/airflow/example_dags/example_xcomargs.py took 0.103 seconds
[2024-12-21T04:41:10.648+0000] {processor.py:154} INFO - Started process (PID=477) to work on /home/airflow/.local/lib/python3.7/site-packages/airflow/example_dags/example_xcomargs.py
[2024-12-21T04:41:10.649+0000] {processor.py:756} INFO - Processing file /home/airflow/.local/lib/python3.7/site-packages/airflow/example_dags/example_xcomargs.py for tasks to queue
[2024-12-21T04:41:10.651+0000] {logging_mixin.py:120} INFO - [2024-12-21T04:41:10.650+0000] {dagbag.py:537} INFO - Filling up the DagBag from /home/airflow/.local/lib/python3.7/site-packages/airflow/example_dags/example_xcomargs.py
[2024-12-21T04:41:10.675+0000] {processor.py:766} INFO - DAG(s) dict_keys(['example_xcom_args', 'example_xcom_args_with_operators']) retrieved from /home/airflow/.local/lib/python3.7/site-packages/airflow/example_dags/example_xcomargs.py
[2024-12-21T04:41:10.713+0000] {logging_mixin.py:120} INFO - [2024-12-21T04:41:10.713+0000] {dag.py:2585} INFO - Sync 2 DAGs
[2024-12-21T04:41:10.733+0000] {logging_mixin.py:120} INFO - [2024-12-21T04:41:10.733+0000] {dag.py:3340} INFO - Setting next_dagrun for example_xcom_args to None, run_after=None
[2024-12-21T04:41:10.739+0000] {logging_mixin.py:120} INFO - [2024-12-21T04:41:10.738+0000] {dag.py:3340} INFO - Setting next_dagrun for example_xcom_args_with_operators to None, run_after=None
[2024-12-21T04:41:10.754+0000] {processor.py:176} INFO - Processing /home/airflow/.local/lib/python3.7/site-packages/airflow/example_dags/example_xcomargs.py took 0.114 seconds
[2024-12-21T04:41:40.870+0000] {processor.py:154} INFO - Started process (PID=531) to work on /home/airflow/.local/lib/python3.7/site-packages/airflow/example_dags/example_xcomargs.py
[2024-12-21T04:41:40.871+0000] {processor.py:756} INFO - Processing file /home/airflow/.local/lib/python3.7/site-packages/airflow/example_dags/example_xcomargs.py for tasks to queue
[2024-12-21T04:41:40.872+0000] {logging_mixin.py:120} INFO - [2024-12-21T04:41:40.872+0000] {dagbag.py:537} INFO - Filling up the DagBag from /home/airflow/.local/lib/python3.7/site-packages/airflow/example_dags/example_xcomargs.py
[2024-12-21T04:41:40.897+0000] {processor.py:766} INFO - DAG(s) dict_keys(['example_xcom_args_with_operators', 'example_xcom_args']) retrieved from /home/airflow/.local/lib/python3.7/site-packages/airflow/example_dags/example_xcomargs.py
[2024-12-21T04:41:40.943+0000] {logging_mixin.py:120} INFO - [2024-12-21T04:41:40.943+0000] {dag.py:2585} INFO - Sync 2 DAGs
[2024-12-21T04:41:40.969+0000] {logging_mixin.py:120} INFO - [2024-12-21T04:41:40.968+0000] {dag.py:3340} INFO - Setting next_dagrun for example_xcom_args to None, run_after=None
[2024-12-21T04:41:40.973+0000] {logging_mixin.py:120} INFO - [2024-12-21T04:41:40.972+0000] {dag.py:3340} INFO - Setting next_dagrun for example_xcom_args_with_operators to None, run_after=None
[2024-12-21T04:41:40.991+0000] {processor.py:176} INFO - Processing /home/airflow/.local/lib/python3.7/site-packages/airflow/example_dags/example_xcomargs.py took 0.126 seconds
[2024-12-21T04:42:11.557+0000] {processor.py:154} INFO - Started process (PID=594) to work on /home/airflow/.local/lib/python3.7/site-packages/airflow/example_dags/example_xcomargs.py
[2024-12-21T04:42:11.558+0000] {processor.py:756} INFO - Processing file /home/airflow/.local/lib/python3.7/site-packages/airflow/example_dags/example_xcomargs.py for tasks to queue
[2024-12-21T04:42:11.559+0000] {logging_mixin.py:120} INFO - [2024-12-21T04:42:11.559+0000] {dagbag.py:537} INFO - Filling up the DagBag from /home/airflow/.local/lib/python3.7/site-packages/airflow/example_dags/example_xcomargs.py
[2024-12-21T04:42:11.589+0000] {processor.py:766} INFO - DAG(s) dict_keys(['example_xcom_args_with_operators', 'example_xcom_args']) retrieved from /home/airflow/.local/lib/python3.7/site-packages/airflow/example_dags/example_xcomargs.py
[2024-12-21T04:42:11.638+0000] {logging_mixin.py:120} INFO - [2024-12-21T04:42:11.638+0000] {dag.py:2585} INFO - Sync 2 DAGs
[2024-12-21T04:42:11.661+0000] {logging_mixin.py:120} INFO - [2024-12-21T04:42:11.661+0000] {dag.py:3340} INFO - Setting next_dagrun for example_xcom_args to None, run_after=None
[2024-12-21T04:42:11.664+0000] {logging_mixin.py:120} INFO - [2024-12-21T04:42:11.664+0000] {dag.py:3340} INFO - Setting next_dagrun for example_xcom_args_with_operators to None, run_after=None
[2024-12-21T04:42:11.684+0000] {processor.py:176} INFO - Processing /home/airflow/.local/lib/python3.7/site-packages/airflow/example_dags/example_xcomargs.py took 0.133 seconds
[2024-12-21T04:42:42.026+0000] {processor.py:154} INFO - Started process (PID=657) to work on /home/airflow/.local/lib/python3.7/site-packages/airflow/example_dags/example_xcomargs.py
[2024-12-21T04:42:42.026+0000] {processor.py:756} INFO - Processing file /home/airflow/.local/lib/python3.7/site-packages/airflow/example_dags/example_xcomargs.py for tasks to queue
[2024-12-21T04:42:42.027+0000] {logging_mixin.py:120} INFO - [2024-12-21T04:42:42.027+0000] {dagbag.py:537} INFO - Filling up the DagBag from /home/airflow/.local/lib/python3.7/site-packages/airflow/example_dags/example_xcomargs.py
[2024-12-21T04:42:42.047+0000] {processor.py:766} INFO - DAG(s) dict_keys(['example_xcom_args', 'example_xcom_args_with_operators']) retrieved from /home/airflow/.local/lib/python3.7/site-packages/airflow/example_dags/example_xcomargs.py
[2024-12-21T04:42:42.082+0000] {logging_mixin.py:120} INFO - [2024-12-21T04:42:42.082+0000] {dag.py:2585} INFO - Sync 2 DAGs
[2024-12-21T04:42:42.101+0000] {logging_mixin.py:120} INFO - [2024-12-21T04:42:42.101+0000] {dag.py:3340} INFO - Setting next_dagrun for example_xcom_args to None, run_after=None
[2024-12-21T04:42:42.105+0000] {logging_mixin.py:120} INFO - [2024-12-21T04:42:42.105+0000] {dag.py:3340} INFO - Setting next_dagrun for example_xcom_args_with_operators to None, run_after=None
[2024-12-21T04:42:42.117+0000] {processor.py:176} INFO - Processing /home/airflow/.local/lib/python3.7/site-packages/airflow/example_dags/example_xcomargs.py took 0.094 seconds
[2024-12-21T04:43:12.589+0000] {processor.py:154} INFO - Started process (PID=720) to work on /home/airflow/.local/lib/python3.7/site-packages/airflow/example_dags/example_xcomargs.py
[2024-12-21T04:43:12.590+0000] {processor.py:756} INFO - Processing file /home/airflow/.local/lib/python3.7/site-packages/airflow/example_dags/example_xcomargs.py for tasks to queue
[2024-12-21T04:43:12.591+0000] {logging_mixin.py:120} INFO - [2024-12-21T04:43:12.591+0000] {dagbag.py:537} INFO - Filling up the DagBag from /home/airflow/.local/lib/python3.7/site-packages/airflow/example_dags/example_xcomargs.py
[2024-12-21T04:43:12.633+0000] {processor.py:766} INFO - DAG(s) dict_keys(['example_xcom_args', 'example_xcom_args_with_operators']) retrieved from /home/airflow/.local/lib/python3.7/site-packages/airflow/example_dags/example_xcomargs.py
[2024-12-21T04:43:12.695+0000] {logging_mixin.py:120} INFO - [2024-12-21T04:43:12.694+0000] {dag.py:2585} INFO - Sync 2 DAGs
[2024-12-21T04:43:12.723+0000] {logging_mixin.py:120} INFO - [2024-12-21T04:43:12.723+0000] {dag.py:3340} INFO - Setting next_dagrun for example_xcom_args to None, run_after=None
[2024-12-21T04:43:12.730+0000] {logging_mixin.py:120} INFO - [2024-12-21T04:43:12.729+0000] {dag.py:3340} INFO - Setting next_dagrun for example_xcom_args_with_operators to None, run_after=None
[2024-12-21T04:43:12.749+0000] {processor.py:176} INFO - Processing /home/airflow/.local/lib/python3.7/site-packages/airflow/example_dags/example_xcomargs.py took 0.164 seconds
[2024-12-21T04:43:43.241+0000] {processor.py:154} INFO - Started process (PID=774) to work on /home/airflow/.local/lib/python3.7/site-packages/airflow/example_dags/example_xcomargs.py
[2024-12-21T04:43:43.244+0000] {processor.py:756} INFO - Processing file /home/airflow/.local/lib/python3.7/site-packages/airflow/example_dags/example_xcomargs.py for tasks to queue
[2024-12-21T04:43:43.246+0000] {logging_mixin.py:120} INFO - [2024-12-21T04:43:43.245+0000] {dagbag.py:537} INFO - Filling up the DagBag from /home/airflow/.local/lib/python3.7/site-packages/airflow/example_dags/example_xcomargs.py
[2024-12-21T04:43:43.347+0000] {processor.py:766} INFO - DAG(s) dict_keys(['example_xcom_args_with_operators', 'example_xcom_args']) retrieved from /home/airflow/.local/lib/python3.7/site-packages/airflow/example_dags/example_xcomargs.py
[2024-12-21T04:43:43.421+0000] {logging_mixin.py:120} INFO - [2024-12-21T04:43:43.420+0000] {dag.py:2585} INFO - Sync 2 DAGs
[2024-12-21T04:43:43.450+0000] {logging_mixin.py:120} INFO - [2024-12-21T04:43:43.449+0000] {dag.py:3340} INFO - Setting next_dagrun for example_xcom_args to None, run_after=None
[2024-12-21T04:43:43.455+0000] {logging_mixin.py:120} INFO - [2024-12-21T04:43:43.455+0000] {dag.py:3340} INFO - Setting next_dagrun for example_xcom_args_with_operators to None, run_after=None
[2024-12-21T04:43:43.475+0000] {processor.py:176} INFO - Processing /home/airflow/.local/lib/python3.7/site-packages/airflow/example_dags/example_xcomargs.py took 0.255 seconds
[2024-12-21T04:44:14.242+0000] {processor.py:154} INFO - Started process (PID=837) to work on /home/airflow/.local/lib/python3.7/site-packages/airflow/example_dags/example_xcomargs.py
[2024-12-21T04:44:14.242+0000] {processor.py:756} INFO - Processing file /home/airflow/.local/lib/python3.7/site-packages/airflow/example_dags/example_xcomargs.py for tasks to queue
[2024-12-21T04:44:14.244+0000] {logging_mixin.py:120} INFO - [2024-12-21T04:44:14.244+0000] {dagbag.py:537} INFO - Filling up the DagBag from /home/airflow/.local/lib/python3.7/site-packages/airflow/example_dags/example_xcomargs.py
[2024-12-21T04:44:14.266+0000] {processor.py:766} INFO - DAG(s) dict_keys(['example_xcom_args_with_operators', 'example_xcom_args']) retrieved from /home/airflow/.local/lib/python3.7/site-packages/airflow/example_dags/example_xcomargs.py
[2024-12-21T04:44:14.306+0000] {logging_mixin.py:120} INFO - [2024-12-21T04:44:14.306+0000] {dag.py:2585} INFO - Sync 2 DAGs
[2024-12-21T04:44:14.329+0000] {logging_mixin.py:120} INFO - [2024-12-21T04:44:14.328+0000] {dag.py:3340} INFO - Setting next_dagrun for example_xcom_args to None, run_after=None
[2024-12-21T04:44:14.332+0000] {logging_mixin.py:120} INFO - [2024-12-21T04:44:14.331+0000] {dag.py:3340} INFO - Setting next_dagrun for example_xcom_args_with_operators to None, run_after=None
[2024-12-21T04:44:14.346+0000] {processor.py:176} INFO - Processing /home/airflow/.local/lib/python3.7/site-packages/airflow/example_dags/example_xcomargs.py took 0.107 seconds
[2024-12-21T04:44:46.179+0000] {processor.py:154} INFO - Started process (PID=900) to work on /home/airflow/.local/lib/python3.7/site-packages/airflow/example_dags/example_xcomargs.py
[2024-12-21T04:44:46.184+0000] {processor.py:756} INFO - Processing file /home/airflow/.local/lib/python3.7/site-packages/airflow/example_dags/example_xcomargs.py for tasks to queue
[2024-12-21T04:44:46.186+0000] {logging_mixin.py:120} INFO - [2024-12-21T04:44:46.185+0000] {dagbag.py:537} INFO - Filling up the DagBag from /home/airflow/.local/lib/python3.7/site-packages/airflow/example_dags/example_xcomargs.py
[2024-12-21T04:44:46.223+0000] {processor.py:766} INFO - DAG(s) dict_keys(['example_xcom_args_with_operators', 'example_xcom_args']) retrieved from /home/airflow/.local/lib/python3.7/site-packages/airflow/example_dags/example_xcomargs.py
[2024-12-21T04:44:46.290+0000] {logging_mixin.py:120} INFO - [2024-12-21T04:44:46.289+0000] {dag.py:2585} INFO - Sync 2 DAGs
[2024-12-21T04:44:46.340+0000] {logging_mixin.py:120} INFO - [2024-12-21T04:44:46.340+0000] {dag.py:3340} INFO - Setting next_dagrun for example_xcom_args to None, run_after=None
[2024-12-21T04:44:46.347+0000] {logging_mixin.py:120} INFO - [2024-12-21T04:44:46.347+0000] {dag.py:3340} INFO - Setting next_dagrun for example_xcom_args_with_operators to None, run_after=None
[2024-12-21T04:44:46.412+0000] {processor.py:176} INFO - Processing /home/airflow/.local/lib/python3.7/site-packages/airflow/example_dags/example_xcomargs.py took 0.238 seconds
[2024-12-21T04:45:17.153+0000] {processor.py:154} INFO - Started process (PID=954) to work on /home/airflow/.local/lib/python3.7/site-packages/airflow/example_dags/example_xcomargs.py
[2024-12-21T04:45:17.154+0000] {processor.py:756} INFO - Processing file /home/airflow/.local/lib/python3.7/site-packages/airflow/example_dags/example_xcomargs.py for tasks to queue
[2024-12-21T04:45:17.154+0000] {logging_mixin.py:120} INFO - [2024-12-21T04:45:17.154+0000] {dagbag.py:537} INFO - Filling up the DagBag from /home/airflow/.local/lib/python3.7/site-packages/airflow/example_dags/example_xcomargs.py
[2024-12-21T04:45:17.176+0000] {processor.py:766} INFO - DAG(s) dict_keys(['example_xcom_args_with_operators', 'example_xcom_args']) retrieved from /home/airflow/.local/lib/python3.7/site-packages/airflow/example_dags/example_xcomargs.py
[2024-12-21T04:45:17.211+0000] {logging_mixin.py:120} INFO - [2024-12-21T04:45:17.211+0000] {dag.py:2585} INFO - Sync 2 DAGs
[2024-12-21T04:45:17.229+0000] {logging_mixin.py:120} INFO - [2024-12-21T04:45:17.229+0000] {dag.py:3340} INFO - Setting next_dagrun for example_xcom_args to None, run_after=None
[2024-12-21T04:45:17.231+0000] {logging_mixin.py:120} INFO - [2024-12-21T04:45:17.231+0000] {dag.py:3340} INFO - Setting next_dagrun for example_xcom_args_with_operators to None, run_after=None
[2024-12-21T04:45:17.243+0000] {processor.py:176} INFO - Processing /home/airflow/.local/lib/python3.7/site-packages/airflow/example_dags/example_xcomargs.py took 0.092 seconds
[2024-12-21T04:45:47.918+0000] {processor.py:154} INFO - Started process (PID=1017) to work on /home/airflow/.local/lib/python3.7/site-packages/airflow/example_dags/example_xcomargs.py
[2024-12-21T04:45:47.919+0000] {processor.py:756} INFO - Processing file /home/airflow/.local/lib/python3.7/site-packages/airflow/example_dags/example_xcomargs.py for tasks to queue
[2024-12-21T04:45:47.919+0000] {logging_mixin.py:120} INFO - [2024-12-21T04:45:47.919+0000] {dagbag.py:537} INFO - Filling up the DagBag from /home/airflow/.local/lib/python3.7/site-packages/airflow/example_dags/example_xcomargs.py
[2024-12-21T04:45:47.939+0000] {processor.py:766} INFO - DAG(s) dict_keys(['example_xcom_args_with_operators', 'example_xcom_args']) retrieved from /home/airflow/.local/lib/python3.7/site-packages/airflow/example_dags/example_xcomargs.py
[2024-12-21T04:45:47.978+0000] {logging_mixin.py:120} INFO - [2024-12-21T04:45:47.978+0000] {dag.py:2585} INFO - Sync 2 DAGs
[2024-12-21T04:45:47.999+0000] {logging_mixin.py:120} INFO - [2024-12-21T04:45:47.998+0000] {dag.py:3340} INFO - Setting next_dagrun for example_xcom_args to None, run_after=None
[2024-12-21T04:45:48.002+0000] {logging_mixin.py:120} INFO - [2024-12-21T04:45:48.002+0000] {dag.py:3340} INFO - Setting next_dagrun for example_xcom_args_with_operators to None, run_after=None
[2024-12-21T04:45:48.015+0000] {processor.py:176} INFO - Processing /home/airflow/.local/lib/python3.7/site-packages/airflow/example_dags/example_xcomargs.py took 0.100 seconds
[2024-12-21T04:46:18.941+0000] {processor.py:154} INFO - Started process (PID=1080) to work on /home/airflow/.local/lib/python3.7/site-packages/airflow/example_dags/example_xcomargs.py
[2024-12-21T04:46:18.942+0000] {processor.py:756} INFO - Processing file /home/airflow/.local/lib/python3.7/site-packages/airflow/example_dags/example_xcomargs.py for tasks to queue
[2024-12-21T04:46:18.943+0000] {logging_mixin.py:120} INFO - [2024-12-21T04:46:18.942+0000] {dagbag.py:537} INFO - Filling up the DagBag from /home/airflow/.local/lib/python3.7/site-packages/airflow/example_dags/example_xcomargs.py
[2024-12-21T04:46:18.976+0000] {processor.py:766} INFO - DAG(s) dict_keys(['example_xcom_args', 'example_xcom_args_with_operators']) retrieved from /home/airflow/.local/lib/python3.7/site-packages/airflow/example_dags/example_xcomargs.py
[2024-12-21T04:46:19.021+0000] {logging_mixin.py:120} INFO - [2024-12-21T04:46:19.021+0000] {dag.py:2585} INFO - Sync 2 DAGs
[2024-12-21T04:46:19.052+0000] {logging_mixin.py:120} INFO - [2024-12-21T04:46:19.051+0000] {dag.py:3340} INFO - Setting next_dagrun for example_xcom_args to None, run_after=None
[2024-12-21T04:46:19.055+0000] {logging_mixin.py:120} INFO - [2024-12-21T04:46:19.055+0000] {dag.py:3340} INFO - Setting next_dagrun for example_xcom_args_with_operators to None, run_after=None
[2024-12-21T04:46:19.070+0000] {processor.py:176} INFO - Processing /home/airflow/.local/lib/python3.7/site-packages/airflow/example_dags/example_xcomargs.py took 0.134 seconds
[2024-12-21T04:46:49.115+0000] {processor.py:154} INFO - Started process (PID=1134) to work on /home/airflow/.local/lib/python3.7/site-packages/airflow/example_dags/example_xcomargs.py
[2024-12-21T04:46:49.116+0000] {processor.py:756} INFO - Processing file /home/airflow/.local/lib/python3.7/site-packages/airflow/example_dags/example_xcomargs.py for tasks to queue
[2024-12-21T04:46:49.117+0000] {logging_mixin.py:120} INFO - [2024-12-21T04:46:49.116+0000] {dagbag.py:537} INFO - Filling up the DagBag from /home/airflow/.local/lib/python3.7/site-packages/airflow/example_dags/example_xcomargs.py
[2024-12-21T04:46:49.150+0000] {processor.py:766} INFO - DAG(s) dict_keys(['example_xcom_args', 'example_xcom_args_with_operators']) retrieved from /home/airflow/.local/lib/python3.7/site-packages/airflow/example_dags/example_xcomargs.py
[2024-12-21T04:46:49.188+0000] {logging_mixin.py:120} INFO - [2024-12-21T04:46:49.188+0000] {dag.py:2585} INFO - Sync 2 DAGs
[2024-12-21T04:46:49.211+0000] {logging_mixin.py:120} INFO - [2024-12-21T04:46:49.211+0000] {dag.py:3340} INFO - Setting next_dagrun for example_xcom_args to None, run_after=None
[2024-12-21T04:46:49.215+0000] {logging_mixin.py:120} INFO - [2024-12-21T04:46:49.215+0000] {dag.py:3340} INFO - Setting next_dagrun for example_xcom_args_with_operators to None, run_after=None
[2024-12-21T04:46:49.232+0000] {processor.py:176} INFO - Processing /home/airflow/.local/lib/python3.7/site-packages/airflow/example_dags/example_xcomargs.py took 0.119 seconds
[2024-12-21T04:47:19.719+0000] {processor.py:154} INFO - Started process (PID=1197) to work on /home/airflow/.local/lib/python3.7/site-packages/airflow/example_dags/example_xcomargs.py
[2024-12-21T04:47:19.721+0000] {processor.py:756} INFO - Processing file /home/airflow/.local/lib/python3.7/site-packages/airflow/example_dags/example_xcomargs.py for tasks to queue
[2024-12-21T04:47:19.722+0000] {logging_mixin.py:120} INFO - [2024-12-21T04:47:19.721+0000] {dagbag.py:537} INFO - Filling up the DagBag from /home/airflow/.local/lib/python3.7/site-packages/airflow/example_dags/example_xcomargs.py
[2024-12-21T04:47:19.747+0000] {processor.py:766} INFO - DAG(s) dict_keys(['example_xcom_args_with_operators', 'example_xcom_args']) retrieved from /home/airflow/.local/lib/python3.7/site-packages/airflow/example_dags/example_xcomargs.py
[2024-12-21T04:47:19.785+0000] {logging_mixin.py:120} INFO - [2024-12-21T04:47:19.784+0000] {dag.py:2585} INFO - Sync 2 DAGs
[2024-12-21T04:47:19.807+0000] {logging_mixin.py:120} INFO - [2024-12-21T04:47:19.806+0000] {dag.py:3340} INFO - Setting next_dagrun for example_xcom_args to None, run_after=None
[2024-12-21T04:47:19.810+0000] {logging_mixin.py:120} INFO - [2024-12-21T04:47:19.809+0000] {dag.py:3340} INFO - Setting next_dagrun for example_xcom_args_with_operators to None, run_after=None
[2024-12-21T04:47:19.823+0000] {processor.py:176} INFO - Processing /home/airflow/.local/lib/python3.7/site-packages/airflow/example_dags/example_xcomargs.py took 0.110 seconds
[2024-12-21T04:47:50.308+0000] {processor.py:154} INFO - Started process (PID=1260) to work on /home/airflow/.local/lib/python3.7/site-packages/airflow/example_dags/example_xcomargs.py
[2024-12-21T04:47:50.308+0000] {processor.py:756} INFO - Processing file /home/airflow/.local/lib/python3.7/site-packages/airflow/example_dags/example_xcomargs.py for tasks to queue
[2024-12-21T04:47:50.309+0000] {logging_mixin.py:120} INFO - [2024-12-21T04:47:50.309+0000] {dagbag.py:537} INFO - Filling up the DagBag from /home/airflow/.local/lib/python3.7/site-packages/airflow/example_dags/example_xcomargs.py
[2024-12-21T04:47:50.326+0000] {processor.py:766} INFO - DAG(s) dict_keys(['example_xcom_args', 'example_xcom_args_with_operators']) retrieved from /home/airflow/.local/lib/python3.7/site-packages/airflow/example_dags/example_xcomargs.py
[2024-12-21T04:47:50.357+0000] {logging_mixin.py:120} INFO - [2024-12-21T04:47:50.357+0000] {dag.py:2585} INFO - Sync 2 DAGs
[2024-12-21T04:47:50.377+0000] {logging_mixin.py:120} INFO - [2024-12-21T04:47:50.377+0000] {dag.py:3340} INFO - Setting next_dagrun for example_xcom_args to None, run_after=None
[2024-12-21T04:47:50.380+0000] {logging_mixin.py:120} INFO - [2024-12-21T04:47:50.380+0000] {dag.py:3340} INFO - Setting next_dagrun for example_xcom_args_with_operators to None, run_after=None
[2024-12-21T04:47:50.392+0000] {processor.py:176} INFO - Processing /home/airflow/.local/lib/python3.7/site-packages/airflow/example_dags/example_xcomargs.py took 0.087 seconds
[2024-12-21T04:48:20.503+0000] {processor.py:154} INFO - Started process (PID=1323) to work on /home/airflow/.local/lib/python3.7/site-packages/airflow/example_dags/example_xcomargs.py
[2024-12-21T04:48:20.504+0000] {processor.py:756} INFO - Processing file /home/airflow/.local/lib/python3.7/site-packages/airflow/example_dags/example_xcomargs.py for tasks to queue
[2024-12-21T04:48:20.505+0000] {logging_mixin.py:120} INFO - [2024-12-21T04:48:20.504+0000] {dagbag.py:537} INFO - Filling up the DagBag from /home/airflow/.local/lib/python3.7/site-packages/airflow/example_dags/example_xcomargs.py
[2024-12-21T04:48:20.529+0000] {processor.py:766} INFO - DAG(s) dict_keys(['example_xcom_args', 'example_xcom_args_with_operators']) retrieved from /home/airflow/.local/lib/python3.7/site-packages/airflow/example_dags/example_xcomargs.py
[2024-12-21T04:48:20.585+0000] {logging_mixin.py:120} INFO - [2024-12-21T04:48:20.585+0000] {dag.py:2585} INFO - Sync 2 DAGs
[2024-12-21T04:48:20.622+0000] {logging_mixin.py:120} INFO - [2024-12-21T04:48:20.621+0000] {dag.py:3340} INFO - Setting next_dagrun for example_xcom_args to None, run_after=None
[2024-12-21T04:48:20.626+0000] {logging_mixin.py:120} INFO - [2024-12-21T04:48:20.626+0000] {dag.py:3340} INFO - Setting next_dagrun for example_xcom_args_with_operators to None, run_after=None
[2024-12-21T04:48:20.654+0000] {processor.py:176} INFO - Processing /home/airflow/.local/lib/python3.7/site-packages/airflow/example_dags/example_xcomargs.py took 0.154 seconds
[2024-12-21T04:48:50.723+0000] {processor.py:154} INFO - Started process (PID=1377) to work on /home/airflow/.local/lib/python3.7/site-packages/airflow/example_dags/example_xcomargs.py
[2024-12-21T04:48:50.723+0000] {processor.py:756} INFO - Processing file /home/airflow/.local/lib/python3.7/site-packages/airflow/example_dags/example_xcomargs.py for tasks to queue
[2024-12-21T04:48:50.724+0000] {logging_mixin.py:120} INFO - [2024-12-21T04:48:50.724+0000] {dagbag.py:537} INFO - Filling up the DagBag from /home/airflow/.local/lib/python3.7/site-packages/airflow/example_dags/example_xcomargs.py
[2024-12-21T04:48:50.742+0000] {processor.py:766} INFO - DAG(s) dict_keys(['example_xcom_args', 'example_xcom_args_with_operators']) retrieved from /home/airflow/.local/lib/python3.7/site-packages/airflow/example_dags/example_xcomargs.py
[2024-12-21T04:48:50.780+0000] {logging_mixin.py:120} INFO - [2024-12-21T04:48:50.780+0000] {dag.py:2585} INFO - Sync 2 DAGs
[2024-12-21T04:48:50.807+0000] {logging_mixin.py:120} INFO - [2024-12-21T04:48:50.806+0000] {dag.py:3340} INFO - Setting next_dagrun for example_xcom_args to None, run_after=None
[2024-12-21T04:48:50.811+0000] {logging_mixin.py:120} INFO - [2024-12-21T04:48:50.811+0000] {dag.py:3340} INFO - Setting next_dagrun for example_xcom_args_with_operators to None, run_after=None
[2024-12-21T04:48:50.834+0000] {processor.py:176} INFO - Processing /home/airflow/.local/lib/python3.7/site-packages/airflow/example_dags/example_xcomargs.py took 0.114 seconds
[2024-12-21T04:49:21.411+0000] {processor.py:154} INFO - Started process (PID=1440) to work on /home/airflow/.local/lib/python3.7/site-packages/airflow/example_dags/example_xcomargs.py
[2024-12-21T04:49:21.412+0000] {processor.py:756} INFO - Processing file /home/airflow/.local/lib/python3.7/site-packages/airflow/example_dags/example_xcomargs.py for tasks to queue
[2024-12-21T04:49:21.412+0000] {logging_mixin.py:120} INFO - [2024-12-21T04:49:21.412+0000] {dagbag.py:537} INFO - Filling up the DagBag from /home/airflow/.local/lib/python3.7/site-packages/airflow/example_dags/example_xcomargs.py
[2024-12-21T04:49:21.435+0000] {processor.py:766} INFO - DAG(s) dict_keys(['example_xcom_args_with_operators', 'example_xcom_args']) retrieved from /home/airflow/.local/lib/python3.7/site-packages/airflow/example_dags/example_xcomargs.py
[2024-12-21T04:49:21.483+0000] {logging_mixin.py:120} INFO - [2024-12-21T04:49:21.482+0000] {dag.py:2585} INFO - Sync 2 DAGs
[2024-12-21T04:49:21.505+0000] {logging_mixin.py:120} INFO - [2024-12-21T04:49:21.505+0000] {dag.py:3340} INFO - Setting next_dagrun for example_xcom_args to None, run_after=None
[2024-12-21T04:49:21.509+0000] {logging_mixin.py:120} INFO - [2024-12-21T04:49:21.509+0000] {dag.py:3340} INFO - Setting next_dagrun for example_xcom_args_with_operators to None, run_after=None
[2024-12-21T04:49:21.527+0000] {processor.py:176} INFO - Processing /home/airflow/.local/lib/python3.7/site-packages/airflow/example_dags/example_xcomargs.py took 0.118 seconds
