[2024-12-21T04:37:42.196+0000] {processor.py:154} INFO - Started process (PID=78) to work on /home/airflow/.local/lib/python3.7/site-packages/airflow/example_dags/example_task_group.py
[2024-12-21T04:37:42.199+0000] {processor.py:756} INFO - Processing file /home/airflow/.local/lib/python3.7/site-packages/airflow/example_dags/example_task_group.py for tasks to queue
[2024-12-21T04:37:42.201+0000] {logging_mixin.py:120} INFO - [2024-12-21T04:37:42.201+0000] {dagbag.py:537} INFO - Filling up the DagBag from /home/airflow/.local/lib/python3.7/site-packages/airflow/example_dags/example_task_group.py
[2024-12-21T04:37:42.247+0000] {processor.py:766} INFO - DAG(s) dict_keys(['example_task_group']) retrieved from /home/airflow/.local/lib/python3.7/site-packages/airflow/example_dags/example_task_group.py
[2024-12-21T04:37:42.596+0000] {logging_mixin.py:120} INFO - [2024-12-21T04:37:42.596+0000] {manager.py:507} INFO - Created Permission View: can delete on DAG:example_task_group
[2024-12-21T04:37:42.631+0000] {logging_mixin.py:120} INFO - [2024-12-21T04:37:42.630+0000] {manager.py:507} INFO - Created Permission View: can edit on DAG:example_task_group
[2024-12-21T04:37:42.648+0000] {logging_mixin.py:120} INFO - [2024-12-21T04:37:42.648+0000] {manager.py:507} INFO - Created Permission View: can read on DAG:example_task_group
[2024-12-21T04:37:42.650+0000] {logging_mixin.py:120} INFO - [2024-12-21T04:37:42.649+0000] {dag.py:2585} INFO - Sync 1 DAGs
[2024-12-21T04:37:42.681+0000] {logging_mixin.py:120} INFO - [2024-12-21T04:37:42.680+0000] {dag.py:2606} INFO - Creating ORM DAG for example_task_group
[2024-12-21T04:37:42.713+0000] {logging_mixin.py:120} INFO - [2024-12-21T04:37:42.713+0000] {dag.py:3340} INFO - Setting next_dagrun for example_task_group to 2024-12-20T04:37:42.713281+00:00, run_after=2024-12-21T04:37:42.713281+00:00
[2024-12-21T04:37:42.787+0000] {processor.py:176} INFO - Processing /home/airflow/.local/lib/python3.7/site-packages/airflow/example_dags/example_task_group.py took 0.601 seconds
[2024-12-21T04:38:13.497+0000] {processor.py:154} INFO - Started process (PID=132) to work on /home/airflow/.local/lib/python3.7/site-packages/airflow/example_dags/example_task_group.py
[2024-12-21T04:38:13.498+0000] {processor.py:756} INFO - Processing file /home/airflow/.local/lib/python3.7/site-packages/airflow/example_dags/example_task_group.py for tasks to queue
[2024-12-21T04:38:13.499+0000] {logging_mixin.py:120} INFO - [2024-12-21T04:38:13.499+0000] {dagbag.py:537} INFO - Filling up the DagBag from /home/airflow/.local/lib/python3.7/site-packages/airflow/example_dags/example_task_group.py
[2024-12-21T04:38:13.515+0000] {processor.py:766} INFO - DAG(s) dict_keys(['example_task_group']) retrieved from /home/airflow/.local/lib/python3.7/site-packages/airflow/example_dags/example_task_group.py
[2024-12-21T04:38:13.551+0000] {logging_mixin.py:120} INFO - [2024-12-21T04:38:13.551+0000] {dag.py:2585} INFO - Sync 1 DAGs
[2024-12-21T04:38:13.574+0000] {logging_mixin.py:120} INFO - [2024-12-21T04:38:13.574+0000] {dag.py:3340} INFO - Setting next_dagrun for example_task_group to 2024-12-20T04:38:13.574222+00:00, run_after=2024-12-21T04:38:13.574222+00:00
[2024-12-21T04:38:13.591+0000] {processor.py:176} INFO - Processing /home/airflow/.local/lib/python3.7/site-packages/airflow/example_dags/example_task_group.py took 0.100 seconds
[2024-12-21T04:38:44.036+0000] {processor.py:154} INFO - Started process (PID=196) to work on /home/airflow/.local/lib/python3.7/site-packages/airflow/example_dags/example_task_group.py
[2024-12-21T04:38:44.037+0000] {processor.py:756} INFO - Processing file /home/airflow/.local/lib/python3.7/site-packages/airflow/example_dags/example_task_group.py for tasks to queue
[2024-12-21T04:38:44.037+0000] {logging_mixin.py:120} INFO - [2024-12-21T04:38:44.037+0000] {dagbag.py:537} INFO - Filling up the DagBag from /home/airflow/.local/lib/python3.7/site-packages/airflow/example_dags/example_task_group.py
[2024-12-21T04:38:44.057+0000] {processor.py:766} INFO - DAG(s) dict_keys(['example_task_group']) retrieved from /home/airflow/.local/lib/python3.7/site-packages/airflow/example_dags/example_task_group.py
[2024-12-21T04:38:44.090+0000] {logging_mixin.py:120} INFO - [2024-12-21T04:38:44.090+0000] {dag.py:2585} INFO - Sync 1 DAGs
[2024-12-21T04:38:44.109+0000] {logging_mixin.py:120} INFO - [2024-12-21T04:38:44.108+0000] {dag.py:3340} INFO - Setting next_dagrun for example_task_group to 2024-12-20T04:38:44.108695+00:00, run_after=2024-12-21T04:38:44.108695+00:00
[2024-12-21T04:38:44.121+0000] {processor.py:176} INFO - Processing /home/airflow/.local/lib/python3.7/site-packages/airflow/example_dags/example_task_group.py took 0.088 seconds
[2024-12-21T04:39:14.578+0000] {processor.py:154} INFO - Started process (PID=259) to work on /home/airflow/.local/lib/python3.7/site-packages/airflow/example_dags/example_task_group.py
[2024-12-21T04:39:14.579+0000] {processor.py:756} INFO - Processing file /home/airflow/.local/lib/python3.7/site-packages/airflow/example_dags/example_task_group.py for tasks to queue
[2024-12-21T04:39:14.580+0000] {logging_mixin.py:120} INFO - [2024-12-21T04:39:14.580+0000] {dagbag.py:537} INFO - Filling up the DagBag from /home/airflow/.local/lib/python3.7/site-packages/airflow/example_dags/example_task_group.py
[2024-12-21T04:39:14.596+0000] {processor.py:766} INFO - DAG(s) dict_keys(['example_task_group']) retrieved from /home/airflow/.local/lib/python3.7/site-packages/airflow/example_dags/example_task_group.py
[2024-12-21T04:39:14.632+0000] {logging_mixin.py:120} INFO - [2024-12-21T04:39:14.631+0000] {dag.py:2585} INFO - Sync 1 DAGs
[2024-12-21T04:39:14.652+0000] {logging_mixin.py:120} INFO - [2024-12-21T04:39:14.652+0000] {dag.py:3340} INFO - Setting next_dagrun for example_task_group to 2024-12-20T04:39:14.652659+00:00, run_after=2024-12-21T04:39:14.652659+00:00
[2024-12-21T04:39:14.667+0000] {processor.py:176} INFO - Processing /home/airflow/.local/lib/python3.7/site-packages/airflow/example_dags/example_task_group.py took 0.091 seconds
[2024-12-21T04:39:44.957+0000] {processor.py:154} INFO - Started process (PID=313) to work on /home/airflow/.local/lib/python3.7/site-packages/airflow/example_dags/example_task_group.py
[2024-12-21T04:39:44.958+0000] {processor.py:756} INFO - Processing file /home/airflow/.local/lib/python3.7/site-packages/airflow/example_dags/example_task_group.py for tasks to queue
[2024-12-21T04:39:44.958+0000] {logging_mixin.py:120} INFO - [2024-12-21T04:39:44.958+0000] {dagbag.py:537} INFO - Filling up the DagBag from /home/airflow/.local/lib/python3.7/site-packages/airflow/example_dags/example_task_group.py
[2024-12-21T04:39:44.973+0000] {processor.py:766} INFO - DAG(s) dict_keys(['example_task_group']) retrieved from /home/airflow/.local/lib/python3.7/site-packages/airflow/example_dags/example_task_group.py
[2024-12-21T04:39:45.004+0000] {logging_mixin.py:120} INFO - [2024-12-21T04:39:45.004+0000] {dag.py:2585} INFO - Sync 1 DAGs
[2024-12-21T04:39:45.025+0000] {logging_mixin.py:120} INFO - [2024-12-21T04:39:45.025+0000] {dag.py:3340} INFO - Setting next_dagrun for example_task_group to 2024-12-20T04:39:45.025362+00:00, run_after=2024-12-21T04:39:45.025362+00:00
[2024-12-21T04:39:45.044+0000] {processor.py:176} INFO - Processing /home/airflow/.local/lib/python3.7/site-packages/airflow/example_dags/example_task_group.py took 0.091 seconds
[2024-12-21T04:40:15.793+0000] {processor.py:154} INFO - Started process (PID=376) to work on /home/airflow/.local/lib/python3.7/site-packages/airflow/example_dags/example_task_group.py
[2024-12-21T04:40:15.794+0000] {processor.py:756} INFO - Processing file /home/airflow/.local/lib/python3.7/site-packages/airflow/example_dags/example_task_group.py for tasks to queue
[2024-12-21T04:40:15.794+0000] {logging_mixin.py:120} INFO - [2024-12-21T04:40:15.794+0000] {dagbag.py:537} INFO - Filling up the DagBag from /home/airflow/.local/lib/python3.7/site-packages/airflow/example_dags/example_task_group.py
[2024-12-21T04:40:15.809+0000] {processor.py:766} INFO - DAG(s) dict_keys(['example_task_group']) retrieved from /home/airflow/.local/lib/python3.7/site-packages/airflow/example_dags/example_task_group.py
[2024-12-21T04:40:15.842+0000] {logging_mixin.py:120} INFO - [2024-12-21T04:40:15.842+0000] {dag.py:2585} INFO - Sync 1 DAGs
[2024-12-21T04:40:15.864+0000] {logging_mixin.py:120} INFO - [2024-12-21T04:40:15.864+0000] {dag.py:3340} INFO - Setting next_dagrun for example_task_group to 2024-12-20T04:40:15.863860+00:00, run_after=2024-12-21T04:40:15.863860+00:00
[2024-12-21T04:40:15.878+0000] {processor.py:176} INFO - Processing /home/airflow/.local/lib/python3.7/site-packages/airflow/example_dags/example_task_group.py took 0.087 seconds
[2024-12-21T04:40:47.019+0000] {processor.py:154} INFO - Started process (PID=439) to work on /home/airflow/.local/lib/python3.7/site-packages/airflow/example_dags/example_task_group.py
[2024-12-21T04:40:47.022+0000] {processor.py:756} INFO - Processing file /home/airflow/.local/lib/python3.7/site-packages/airflow/example_dags/example_task_group.py for tasks to queue
[2024-12-21T04:40:47.024+0000] {logging_mixin.py:120} INFO - [2024-12-21T04:40:47.024+0000] {dagbag.py:537} INFO - Filling up the DagBag from /home/airflow/.local/lib/python3.7/site-packages/airflow/example_dags/example_task_group.py
[2024-12-21T04:40:47.061+0000] {processor.py:766} INFO - DAG(s) dict_keys(['example_task_group']) retrieved from /home/airflow/.local/lib/python3.7/site-packages/airflow/example_dags/example_task_group.py
[2024-12-21T04:40:47.120+0000] {logging_mixin.py:120} INFO - [2024-12-21T04:40:47.120+0000] {dag.py:2585} INFO - Sync 1 DAGs
[2024-12-21T04:40:47.161+0000] {logging_mixin.py:120} INFO - [2024-12-21T04:40:47.160+0000] {dag.py:3340} INFO - Setting next_dagrun for example_task_group to 2024-12-20T04:40:47.160597+00:00, run_after=2024-12-21T04:40:47.160597+00:00
[2024-12-21T04:40:47.184+0000] {processor.py:176} INFO - Processing /home/airflow/.local/lib/python3.7/site-packages/airflow/example_dags/example_task_group.py took 0.179 seconds
[2024-12-21T04:41:17.746+0000] {processor.py:154} INFO - Started process (PID=493) to work on /home/airflow/.local/lib/python3.7/site-packages/airflow/example_dags/example_task_group.py
[2024-12-21T04:41:17.746+0000] {processor.py:756} INFO - Processing file /home/airflow/.local/lib/python3.7/site-packages/airflow/example_dags/example_task_group.py for tasks to queue
[2024-12-21T04:41:17.747+0000] {logging_mixin.py:120} INFO - [2024-12-21T04:41:17.747+0000] {dagbag.py:537} INFO - Filling up the DagBag from /home/airflow/.local/lib/python3.7/site-packages/airflow/example_dags/example_task_group.py
[2024-12-21T04:41:17.764+0000] {processor.py:766} INFO - DAG(s) dict_keys(['example_task_group']) retrieved from /home/airflow/.local/lib/python3.7/site-packages/airflow/example_dags/example_task_group.py
[2024-12-21T04:41:17.802+0000] {logging_mixin.py:120} INFO - [2024-12-21T04:41:17.801+0000] {dag.py:2585} INFO - Sync 1 DAGs
[2024-12-21T04:41:17.821+0000] {logging_mixin.py:120} INFO - [2024-12-21T04:41:17.821+0000] {dag.py:3340} INFO - Setting next_dagrun for example_task_group to 2024-12-20T04:41:17.820920+00:00, run_after=2024-12-21T04:41:17.820920+00:00
[2024-12-21T04:41:17.838+0000] {processor.py:176} INFO - Processing /home/airflow/.local/lib/python3.7/site-packages/airflow/example_dags/example_task_group.py took 0.096 seconds
[2024-12-21T04:41:48.022+0000] {processor.py:154} INFO - Started process (PID=556) to work on /home/airflow/.local/lib/python3.7/site-packages/airflow/example_dags/example_task_group.py
[2024-12-21T04:41:48.023+0000] {processor.py:756} INFO - Processing file /home/airflow/.local/lib/python3.7/site-packages/airflow/example_dags/example_task_group.py for tasks to queue
[2024-12-21T04:41:48.024+0000] {logging_mixin.py:120} INFO - [2024-12-21T04:41:48.024+0000] {dagbag.py:537} INFO - Filling up the DagBag from /home/airflow/.local/lib/python3.7/site-packages/airflow/example_dags/example_task_group.py
[2024-12-21T04:41:48.039+0000] {processor.py:766} INFO - DAG(s) dict_keys(['example_task_group']) retrieved from /home/airflow/.local/lib/python3.7/site-packages/airflow/example_dags/example_task_group.py
[2024-12-21T04:41:48.083+0000] {logging_mixin.py:120} INFO - [2024-12-21T04:41:48.083+0000] {dag.py:2585} INFO - Sync 1 DAGs
[2024-12-21T04:41:48.115+0000] {logging_mixin.py:120} INFO - [2024-12-21T04:41:48.115+0000] {dag.py:3340} INFO - Setting next_dagrun for example_task_group to 2024-12-20T04:41:48.115048+00:00, run_after=2024-12-21T04:41:48.115048+00:00
[2024-12-21T04:41:48.136+0000] {processor.py:176} INFO - Processing /home/airflow/.local/lib/python3.7/site-packages/airflow/example_dags/example_task_group.py took 0.115 seconds
[2024-12-21T04:42:18.577+0000] {processor.py:154} INFO - Started process (PID=619) to work on /home/airflow/.local/lib/python3.7/site-packages/airflow/example_dags/example_task_group.py
[2024-12-21T04:42:18.578+0000] {processor.py:756} INFO - Processing file /home/airflow/.local/lib/python3.7/site-packages/airflow/example_dags/example_task_group.py for tasks to queue
[2024-12-21T04:42:18.578+0000] {logging_mixin.py:120} INFO - [2024-12-21T04:42:18.578+0000] {dagbag.py:537} INFO - Filling up the DagBag from /home/airflow/.local/lib/python3.7/site-packages/airflow/example_dags/example_task_group.py
[2024-12-21T04:42:18.591+0000] {processor.py:766} INFO - DAG(s) dict_keys(['example_task_group']) retrieved from /home/airflow/.local/lib/python3.7/site-packages/airflow/example_dags/example_task_group.py
[2024-12-21T04:42:18.619+0000] {logging_mixin.py:120} INFO - [2024-12-21T04:42:18.619+0000] {dag.py:2585} INFO - Sync 1 DAGs
[2024-12-21T04:42:18.637+0000] {logging_mixin.py:120} INFO - [2024-12-21T04:42:18.637+0000] {dag.py:3340} INFO - Setting next_dagrun for example_task_group to 2024-12-20T04:42:18.637731+00:00, run_after=2024-12-21T04:42:18.637731+00:00
[2024-12-21T04:42:18.650+0000] {processor.py:176} INFO - Processing /home/airflow/.local/lib/python3.7/site-packages/airflow/example_dags/example_task_group.py took 0.075 seconds
[2024-12-21T04:42:49.201+0000] {processor.py:154} INFO - Started process (PID=673) to work on /home/airflow/.local/lib/python3.7/site-packages/airflow/example_dags/example_task_group.py
[2024-12-21T04:42:49.201+0000] {processor.py:756} INFO - Processing file /home/airflow/.local/lib/python3.7/site-packages/airflow/example_dags/example_task_group.py for tasks to queue
[2024-12-21T04:42:49.202+0000] {logging_mixin.py:120} INFO - [2024-12-21T04:42:49.202+0000] {dagbag.py:537} INFO - Filling up the DagBag from /home/airflow/.local/lib/python3.7/site-packages/airflow/example_dags/example_task_group.py
[2024-12-21T04:42:49.214+0000] {processor.py:766} INFO - DAG(s) dict_keys(['example_task_group']) retrieved from /home/airflow/.local/lib/python3.7/site-packages/airflow/example_dags/example_task_group.py
[2024-12-21T04:42:49.242+0000] {logging_mixin.py:120} INFO - [2024-12-21T04:42:49.242+0000] {dag.py:2585} INFO - Sync 1 DAGs
[2024-12-21T04:42:49.260+0000] {logging_mixin.py:120} INFO - [2024-12-21T04:42:49.260+0000] {dag.py:3340} INFO - Setting next_dagrun for example_task_group to 2024-12-20T04:42:49.260032+00:00, run_after=2024-12-21T04:42:49.260032+00:00
[2024-12-21T04:42:49.273+0000] {processor.py:176} INFO - Processing /home/airflow/.local/lib/python3.7/site-packages/airflow/example_dags/example_task_group.py took 0.075 seconds
[2024-12-21T04:43:19.758+0000] {processor.py:154} INFO - Started process (PID=736) to work on /home/airflow/.local/lib/python3.7/site-packages/airflow/example_dags/example_task_group.py
[2024-12-21T04:43:19.758+0000] {processor.py:756} INFO - Processing file /home/airflow/.local/lib/python3.7/site-packages/airflow/example_dags/example_task_group.py for tasks to queue
[2024-12-21T04:43:19.759+0000] {logging_mixin.py:120} INFO - [2024-12-21T04:43:19.759+0000] {dagbag.py:537} INFO - Filling up the DagBag from /home/airflow/.local/lib/python3.7/site-packages/airflow/example_dags/example_task_group.py
[2024-12-21T04:43:19.771+0000] {processor.py:766} INFO - DAG(s) dict_keys(['example_task_group']) retrieved from /home/airflow/.local/lib/python3.7/site-packages/airflow/example_dags/example_task_group.py
[2024-12-21T04:43:19.799+0000] {logging_mixin.py:120} INFO - [2024-12-21T04:43:19.799+0000] {dag.py:2585} INFO - Sync 1 DAGs
[2024-12-21T04:43:19.817+0000] {logging_mixin.py:120} INFO - [2024-12-21T04:43:19.817+0000] {dag.py:3340} INFO - Setting next_dagrun for example_task_group to 2024-12-20T04:43:19.817377+00:00, run_after=2024-12-21T04:43:19.817377+00:00
[2024-12-21T04:43:19.830+0000] {processor.py:176} INFO - Processing /home/airflow/.local/lib/python3.7/site-packages/airflow/example_dags/example_task_group.py took 0.075 seconds
[2024-12-21T04:43:50.500+0000] {processor.py:154} INFO - Started process (PID=799) to work on /home/airflow/.local/lib/python3.7/site-packages/airflow/example_dags/example_task_group.py
[2024-12-21T04:43:50.500+0000] {processor.py:756} INFO - Processing file /home/airflow/.local/lib/python3.7/site-packages/airflow/example_dags/example_task_group.py for tasks to queue
[2024-12-21T04:43:50.501+0000] {logging_mixin.py:120} INFO - [2024-12-21T04:43:50.501+0000] {dagbag.py:537} INFO - Filling up the DagBag from /home/airflow/.local/lib/python3.7/site-packages/airflow/example_dags/example_task_group.py
[2024-12-21T04:43:50.513+0000] {processor.py:766} INFO - DAG(s) dict_keys(['example_task_group']) retrieved from /home/airflow/.local/lib/python3.7/site-packages/airflow/example_dags/example_task_group.py
[2024-12-21T04:43:50.548+0000] {logging_mixin.py:120} INFO - [2024-12-21T04:43:50.548+0000] {dag.py:2585} INFO - Sync 1 DAGs
[2024-12-21T04:43:50.567+0000] {logging_mixin.py:120} INFO - [2024-12-21T04:43:50.567+0000] {dag.py:3340} INFO - Setting next_dagrun for example_task_group to 2024-12-20T04:43:50.567058+00:00, run_after=2024-12-21T04:43:50.567058+00:00
[2024-12-21T04:43:50.582+0000] {processor.py:176} INFO - Processing /home/airflow/.local/lib/python3.7/site-packages/airflow/example_dags/example_task_group.py took 0.084 seconds
[2024-12-21T04:44:21.263+0000] {processor.py:154} INFO - Started process (PID=862) to work on /home/airflow/.local/lib/python3.7/site-packages/airflow/example_dags/example_task_group.py
[2024-12-21T04:44:21.265+0000] {processor.py:756} INFO - Processing file /home/airflow/.local/lib/python3.7/site-packages/airflow/example_dags/example_task_group.py for tasks to queue
[2024-12-21T04:44:21.266+0000] {logging_mixin.py:120} INFO - [2024-12-21T04:44:21.266+0000] {dagbag.py:537} INFO - Filling up the DagBag from /home/airflow/.local/lib/python3.7/site-packages/airflow/example_dags/example_task_group.py
[2024-12-21T04:44:21.279+0000] {processor.py:766} INFO - DAG(s) dict_keys(['example_task_group']) retrieved from /home/airflow/.local/lib/python3.7/site-packages/airflow/example_dags/example_task_group.py
[2024-12-21T04:44:21.308+0000] {logging_mixin.py:120} INFO - [2024-12-21T04:44:21.308+0000] {dag.py:2585} INFO - Sync 1 DAGs
[2024-12-21T04:44:21.327+0000] {logging_mixin.py:120} INFO - [2024-12-21T04:44:21.327+0000] {dag.py:3340} INFO - Setting next_dagrun for example_task_group to 2024-12-20T04:44:21.327211+00:00, run_after=2024-12-21T04:44:21.327211+00:00
[2024-12-21T04:44:21.341+0000] {processor.py:176} INFO - Processing /home/airflow/.local/lib/python3.7/site-packages/airflow/example_dags/example_task_group.py took 0.079 seconds
[2024-12-21T04:44:51.969+0000] {processor.py:154} INFO - Started process (PID=916) to work on /home/airflow/.local/lib/python3.7/site-packages/airflow/example_dags/example_task_group.py
[2024-12-21T04:44:51.970+0000] {processor.py:756} INFO - Processing file /home/airflow/.local/lib/python3.7/site-packages/airflow/example_dags/example_task_group.py for tasks to queue
[2024-12-21T04:44:51.971+0000] {logging_mixin.py:120} INFO - [2024-12-21T04:44:51.971+0000] {dagbag.py:537} INFO - Filling up the DagBag from /home/airflow/.local/lib/python3.7/site-packages/airflow/example_dags/example_task_group.py
[2024-12-21T04:44:51.985+0000] {processor.py:766} INFO - DAG(s) dict_keys(['example_task_group']) retrieved from /home/airflow/.local/lib/python3.7/site-packages/airflow/example_dags/example_task_group.py
[2024-12-21T04:44:52.015+0000] {logging_mixin.py:120} INFO - [2024-12-21T04:44:52.015+0000] {dag.py:2585} INFO - Sync 1 DAGs
[2024-12-21T04:44:52.033+0000] {logging_mixin.py:120} INFO - [2024-12-21T04:44:52.033+0000] {dag.py:3340} INFO - Setting next_dagrun for example_task_group to 2024-12-20T04:44:52.033574+00:00, run_after=2024-12-21T04:44:52.033574+00:00
[2024-12-21T04:44:52.047+0000] {processor.py:176} INFO - Processing /home/airflow/.local/lib/python3.7/site-packages/airflow/example_dags/example_task_group.py took 0.079 seconds
[2024-12-21T04:45:22.427+0000] {processor.py:154} INFO - Started process (PID=979) to work on /home/airflow/.local/lib/python3.7/site-packages/airflow/example_dags/example_task_group.py
[2024-12-21T04:45:22.428+0000] {processor.py:756} INFO - Processing file /home/airflow/.local/lib/python3.7/site-packages/airflow/example_dags/example_task_group.py for tasks to queue
[2024-12-21T04:45:22.428+0000] {logging_mixin.py:120} INFO - [2024-12-21T04:45:22.428+0000] {dagbag.py:537} INFO - Filling up the DagBag from /home/airflow/.local/lib/python3.7/site-packages/airflow/example_dags/example_task_group.py
[2024-12-21T04:45:22.445+0000] {processor.py:766} INFO - DAG(s) dict_keys(['example_task_group']) retrieved from /home/airflow/.local/lib/python3.7/site-packages/airflow/example_dags/example_task_group.py
[2024-12-21T04:45:22.477+0000] {logging_mixin.py:120} INFO - [2024-12-21T04:45:22.477+0000] {dag.py:2585} INFO - Sync 1 DAGs
[2024-12-21T04:45:22.495+0000] {logging_mixin.py:120} INFO - [2024-12-21T04:45:22.495+0000] {dag.py:3340} INFO - Setting next_dagrun for example_task_group to 2024-12-20T04:45:22.495398+00:00, run_after=2024-12-21T04:45:22.495398+00:00
[2024-12-21T04:45:22.509+0000] {processor.py:176} INFO - Processing /home/airflow/.local/lib/python3.7/site-packages/airflow/example_dags/example_task_group.py took 0.085 seconds
[2024-12-21T04:45:52.794+0000] {processor.py:154} INFO - Started process (PID=1033) to work on /home/airflow/.local/lib/python3.7/site-packages/airflow/example_dags/example_task_group.py
[2024-12-21T04:45:52.794+0000] {processor.py:756} INFO - Processing file /home/airflow/.local/lib/python3.7/site-packages/airflow/example_dags/example_task_group.py for tasks to queue
[2024-12-21T04:45:52.795+0000] {logging_mixin.py:120} INFO - [2024-12-21T04:45:52.795+0000] {dagbag.py:537} INFO - Filling up the DagBag from /home/airflow/.local/lib/python3.7/site-packages/airflow/example_dags/example_task_group.py
[2024-12-21T04:45:52.807+0000] {processor.py:766} INFO - DAG(s) dict_keys(['example_task_group']) retrieved from /home/airflow/.local/lib/python3.7/site-packages/airflow/example_dags/example_task_group.py
[2024-12-21T04:45:52.837+0000] {logging_mixin.py:120} INFO - [2024-12-21T04:45:52.837+0000] {dag.py:2585} INFO - Sync 1 DAGs
[2024-12-21T04:45:52.856+0000] {logging_mixin.py:120} INFO - [2024-12-21T04:45:52.856+0000] {dag.py:3340} INFO - Setting next_dagrun for example_task_group to 2024-12-20T04:45:52.856080+00:00, run_after=2024-12-21T04:45:52.856080+00:00
[2024-12-21T04:45:52.870+0000] {processor.py:176} INFO - Processing /home/airflow/.local/lib/python3.7/site-packages/airflow/example_dags/example_task_group.py took 0.079 seconds
[2024-12-21T04:46:23.630+0000] {processor.py:154} INFO - Started process (PID=1096) to work on /home/airflow/.local/lib/python3.7/site-packages/airflow/example_dags/example_task_group.py
[2024-12-21T04:46:23.631+0000] {processor.py:756} INFO - Processing file /home/airflow/.local/lib/python3.7/site-packages/airflow/example_dags/example_task_group.py for tasks to queue
[2024-12-21T04:46:23.632+0000] {logging_mixin.py:120} INFO - [2024-12-21T04:46:23.632+0000] {dagbag.py:537} INFO - Filling up the DagBag from /home/airflow/.local/lib/python3.7/site-packages/airflow/example_dags/example_task_group.py
[2024-12-21T04:46:23.647+0000] {processor.py:766} INFO - DAG(s) dict_keys(['example_task_group']) retrieved from /home/airflow/.local/lib/python3.7/site-packages/airflow/example_dags/example_task_group.py
[2024-12-21T04:46:23.681+0000] {logging_mixin.py:120} INFO - [2024-12-21T04:46:23.681+0000] {dag.py:2585} INFO - Sync 1 DAGs
[2024-12-21T04:46:23.703+0000] {logging_mixin.py:120} INFO - [2024-12-21T04:46:23.703+0000] {dag.py:3340} INFO - Setting next_dagrun for example_task_group to 2024-12-20T04:46:23.702997+00:00, run_after=2024-12-21T04:46:23.702997+00:00
[2024-12-21T04:46:23.718+0000] {processor.py:176} INFO - Processing /home/airflow/.local/lib/python3.7/site-packages/airflow/example_dags/example_task_group.py took 0.090 seconds
[2024-12-21T04:46:54.325+0000] {processor.py:154} INFO - Started process (PID=1159) to work on /home/airflow/.local/lib/python3.7/site-packages/airflow/example_dags/example_task_group.py
[2024-12-21T04:46:54.325+0000] {processor.py:756} INFO - Processing file /home/airflow/.local/lib/python3.7/site-packages/airflow/example_dags/example_task_group.py for tasks to queue
[2024-12-21T04:46:54.326+0000] {logging_mixin.py:120} INFO - [2024-12-21T04:46:54.326+0000] {dagbag.py:537} INFO - Filling up the DagBag from /home/airflow/.local/lib/python3.7/site-packages/airflow/example_dags/example_task_group.py
[2024-12-21T04:46:54.337+0000] {processor.py:766} INFO - DAG(s) dict_keys(['example_task_group']) retrieved from /home/airflow/.local/lib/python3.7/site-packages/airflow/example_dags/example_task_group.py
[2024-12-21T04:46:54.368+0000] {logging_mixin.py:120} INFO - [2024-12-21T04:46:54.368+0000] {dag.py:2585} INFO - Sync 1 DAGs
[2024-12-21T04:46:54.386+0000] {logging_mixin.py:120} INFO - [2024-12-21T04:46:54.386+0000] {dag.py:3340} INFO - Setting next_dagrun for example_task_group to 2024-12-20T04:46:54.386473+00:00, run_after=2024-12-21T04:46:54.386473+00:00
[2024-12-21T04:46:54.400+0000] {processor.py:176} INFO - Processing /home/airflow/.local/lib/python3.7/site-packages/airflow/example_dags/example_task_group.py took 0.078 seconds
[2024-12-21T04:47:24.837+0000] {processor.py:154} INFO - Started process (PID=1222) to work on /home/airflow/.local/lib/python3.7/site-packages/airflow/example_dags/example_task_group.py
[2024-12-21T04:47:24.838+0000] {processor.py:756} INFO - Processing file /home/airflow/.local/lib/python3.7/site-packages/airflow/example_dags/example_task_group.py for tasks to queue
[2024-12-21T04:47:24.838+0000] {logging_mixin.py:120} INFO - [2024-12-21T04:47:24.838+0000] {dagbag.py:537} INFO - Filling up the DagBag from /home/airflow/.local/lib/python3.7/site-packages/airflow/example_dags/example_task_group.py
[2024-12-21T04:47:24.850+0000] {processor.py:766} INFO - DAG(s) dict_keys(['example_task_group']) retrieved from /home/airflow/.local/lib/python3.7/site-packages/airflow/example_dags/example_task_group.py
[2024-12-21T04:47:24.879+0000] {logging_mixin.py:120} INFO - [2024-12-21T04:47:24.879+0000] {dag.py:2585} INFO - Sync 1 DAGs
[2024-12-21T04:47:24.897+0000] {logging_mixin.py:120} INFO - [2024-12-21T04:47:24.897+0000] {dag.py:3340} INFO - Setting next_dagrun for example_task_group to 2024-12-20T04:47:24.897478+00:00, run_after=2024-12-21T04:47:24.897478+00:00
[2024-12-21T04:47:24.910+0000] {processor.py:176} INFO - Processing /home/airflow/.local/lib/python3.7/site-packages/airflow/example_dags/example_task_group.py took 0.076 seconds
[2024-12-21T04:47:55.517+0000] {processor.py:154} INFO - Started process (PID=1276) to work on /home/airflow/.local/lib/python3.7/site-packages/airflow/example_dags/example_task_group.py
[2024-12-21T04:47:55.518+0000] {processor.py:756} INFO - Processing file /home/airflow/.local/lib/python3.7/site-packages/airflow/example_dags/example_task_group.py for tasks to queue
[2024-12-21T04:47:55.519+0000] {logging_mixin.py:120} INFO - [2024-12-21T04:47:55.519+0000] {dagbag.py:537} INFO - Filling up the DagBag from /home/airflow/.local/lib/python3.7/site-packages/airflow/example_dags/example_task_group.py
[2024-12-21T04:47:55.535+0000] {processor.py:766} INFO - DAG(s) dict_keys(['example_task_group']) retrieved from /home/airflow/.local/lib/python3.7/site-packages/airflow/example_dags/example_task_group.py
[2024-12-21T04:47:55.568+0000] {logging_mixin.py:120} INFO - [2024-12-21T04:47:55.568+0000] {dag.py:2585} INFO - Sync 1 DAGs
[2024-12-21T04:47:55.588+0000] {logging_mixin.py:120} INFO - [2024-12-21T04:47:55.587+0000] {dag.py:3340} INFO - Setting next_dagrun for example_task_group to 2024-12-20T04:47:55.587780+00:00, run_after=2024-12-21T04:47:55.587780+00:00
[2024-12-21T04:47:55.602+0000] {processor.py:176} INFO - Processing /home/airflow/.local/lib/python3.7/site-packages/airflow/example_dags/example_task_group.py took 0.087 seconds
[2024-12-21T04:48:25.865+0000] {processor.py:154} INFO - Started process (PID=1339) to work on /home/airflow/.local/lib/python3.7/site-packages/airflow/example_dags/example_task_group.py
[2024-12-21T04:48:25.865+0000] {processor.py:756} INFO - Processing file /home/airflow/.local/lib/python3.7/site-packages/airflow/example_dags/example_task_group.py for tasks to queue
[2024-12-21T04:48:25.866+0000] {logging_mixin.py:120} INFO - [2024-12-21T04:48:25.866+0000] {dagbag.py:537} INFO - Filling up the DagBag from /home/airflow/.local/lib/python3.7/site-packages/airflow/example_dags/example_task_group.py
[2024-12-21T04:48:25.884+0000] {processor.py:766} INFO - DAG(s) dict_keys(['example_task_group']) retrieved from /home/airflow/.local/lib/python3.7/site-packages/airflow/example_dags/example_task_group.py
[2024-12-21T04:48:25.915+0000] {logging_mixin.py:120} INFO - [2024-12-21T04:48:25.915+0000] {dag.py:2585} INFO - Sync 1 DAGs
[2024-12-21T04:48:25.933+0000] {logging_mixin.py:120} INFO - [2024-12-21T04:48:25.933+0000] {dag.py:3340} INFO - Setting next_dagrun for example_task_group to 2024-12-20T04:48:25.933627+00:00, run_after=2024-12-21T04:48:25.933627+00:00
[2024-12-21T04:48:25.948+0000] {processor.py:176} INFO - Processing /home/airflow/.local/lib/python3.7/site-packages/airflow/example_dags/example_task_group.py took 0.086 seconds
[2024-12-21T04:48:56.809+0000] {processor.py:154} INFO - Started process (PID=1402) to work on /home/airflow/.local/lib/python3.7/site-packages/airflow/example_dags/example_task_group.py
[2024-12-21T04:48:56.810+0000] {processor.py:756} INFO - Processing file /home/airflow/.local/lib/python3.7/site-packages/airflow/example_dags/example_task_group.py for tasks to queue
[2024-12-21T04:48:56.810+0000] {logging_mixin.py:120} INFO - [2024-12-21T04:48:56.810+0000] {dagbag.py:537} INFO - Filling up the DagBag from /home/airflow/.local/lib/python3.7/site-packages/airflow/example_dags/example_task_group.py
[2024-12-21T04:48:56.825+0000] {processor.py:766} INFO - DAG(s) dict_keys(['example_task_group']) retrieved from /home/airflow/.local/lib/python3.7/site-packages/airflow/example_dags/example_task_group.py
[2024-12-21T04:48:56.860+0000] {logging_mixin.py:120} INFO - [2024-12-21T04:48:56.859+0000] {dag.py:2585} INFO - Sync 1 DAGs
[2024-12-21T04:48:56.884+0000] {logging_mixin.py:120} INFO - [2024-12-21T04:48:56.884+0000] {dag.py:3340} INFO - Setting next_dagrun for example_task_group to 2024-12-20T04:48:56.884634+00:00, run_after=2024-12-21T04:48:56.884634+00:00
[2024-12-21T04:48:56.904+0000] {processor.py:176} INFO - Processing /home/airflow/.local/lib/python3.7/site-packages/airflow/example_dags/example_task_group.py took 0.098 seconds
[2024-12-21T04:49:27.183+0000] {processor.py:154} INFO - Started process (PID=1456) to work on /home/airflow/.local/lib/python3.7/site-packages/airflow/example_dags/example_task_group.py
[2024-12-21T04:49:27.184+0000] {processor.py:756} INFO - Processing file /home/airflow/.local/lib/python3.7/site-packages/airflow/example_dags/example_task_group.py for tasks to queue
[2024-12-21T04:49:27.185+0000] {logging_mixin.py:120} INFO - [2024-12-21T04:49:27.185+0000] {dagbag.py:537} INFO - Filling up the DagBag from /home/airflow/.local/lib/python3.7/site-packages/airflow/example_dags/example_task_group.py
[2024-12-21T04:49:27.216+0000] {processor.py:766} INFO - DAG(s) dict_keys(['example_task_group']) retrieved from /home/airflow/.local/lib/python3.7/site-packages/airflow/example_dags/example_task_group.py
[2024-12-21T04:49:27.276+0000] {logging_mixin.py:120} INFO - [2024-12-21T04:49:27.275+0000] {dag.py:2585} INFO - Sync 1 DAGs
[2024-12-21T04:49:27.389+0000] {logging_mixin.py:120} INFO - [2024-12-21T04:49:27.388+0000] {dag.py:3340} INFO - Setting next_dagrun for example_task_group to 2024-12-20T04:49:27.388068+00:00, run_after=2024-12-21T04:49:27.388068+00:00
[2024-12-21T04:49:27.572+0000] {processor.py:176} INFO - Processing /home/airflow/.local/lib/python3.7/site-packages/airflow/example_dags/example_task_group.py took 0.392 seconds
