[2024-12-21T04:37:34.611+0000] {processor.py:154} INFO - Started process (PID=48) to work on /home/airflow/.local/lib/python3.7/site-packages/airflow/example_dags/example_latest_only_with_trigger.py
[2024-12-21T04:37:34.612+0000] {processor.py:756} INFO - Processing file /home/airflow/.local/lib/python3.7/site-packages/airflow/example_dags/example_latest_only_with_trigger.py for tasks to queue
[2024-12-21T04:37:34.614+0000] {logging_mixin.py:120} INFO - [2024-12-21T04:37:34.614+0000] {dagbag.py:537} INFO - Filling up the DagBag from /home/airflow/.local/lib/python3.7/site-packages/airflow/example_dags/example_latest_only_with_trigger.py
[2024-12-21T04:37:34.660+0000] {processor.py:766} INFO - DAG(s) dict_keys(['latest_only_with_trigger']) retrieved from /home/airflow/.local/lib/python3.7/site-packages/airflow/example_dags/example_latest_only_with_trigger.py
[2024-12-21T04:37:35.008+0000] {logging_mixin.py:120} INFO - [2024-12-21T04:37:35.008+0000] {manager.py:507} INFO - Created Permission View: can delete on DAG:latest_only_with_trigger
[2024-12-21T04:37:35.035+0000] {logging_mixin.py:120} INFO - [2024-12-21T04:37:35.034+0000] {manager.py:507} INFO - Created Permission View: can edit on DAG:latest_only_with_trigger
[2024-12-21T04:37:35.064+0000] {logging_mixin.py:120} INFO - [2024-12-21T04:37:35.063+0000] {manager.py:507} INFO - Created Permission View: can read on DAG:latest_only_with_trigger
[2024-12-21T04:37:35.065+0000] {logging_mixin.py:120} INFO - [2024-12-21T04:37:35.064+0000] {dag.py:2585} INFO - Sync 1 DAGs
[2024-12-21T04:37:35.103+0000] {logging_mixin.py:120} INFO - [2024-12-21T04:37:35.103+0000] {dag.py:2606} INFO - Creating ORM DAG for latest_only_with_trigger
[2024-12-21T04:37:35.137+0000] {logging_mixin.py:120} INFO - [2024-12-21T04:37:35.137+0000] {dag.py:3340} INFO - Setting next_dagrun for latest_only_with_trigger to 2024-12-21T00:37:35.136239+00:00, run_after=2024-12-21T04:37:35.136239+00:00
[2024-12-21T04:37:35.183+0000] {processor.py:176} INFO - Processing /home/airflow/.local/lib/python3.7/site-packages/airflow/example_dags/example_latest_only_with_trigger.py took 0.576 seconds
[2024-12-21T04:38:05.291+0000] {processor.py:154} INFO - Started process (PID=102) to work on /home/airflow/.local/lib/python3.7/site-packages/airflow/example_dags/example_latest_only_with_trigger.py
[2024-12-21T04:38:05.291+0000] {processor.py:756} INFO - Processing file /home/airflow/.local/lib/python3.7/site-packages/airflow/example_dags/example_latest_only_with_trigger.py for tasks to queue
[2024-12-21T04:38:05.292+0000] {logging_mixin.py:120} INFO - [2024-12-21T04:38:05.292+0000] {dagbag.py:537} INFO - Filling up the DagBag from /home/airflow/.local/lib/python3.7/site-packages/airflow/example_dags/example_latest_only_with_trigger.py
[2024-12-21T04:38:05.314+0000] {processor.py:766} INFO - DAG(s) dict_keys(['latest_only_with_trigger']) retrieved from /home/airflow/.local/lib/python3.7/site-packages/airflow/example_dags/example_latest_only_with_trigger.py
[2024-12-21T04:38:05.349+0000] {logging_mixin.py:120} INFO - [2024-12-21T04:38:05.349+0000] {dag.py:2585} INFO - Sync 1 DAGs
[2024-12-21T04:38:05.368+0000] {logging_mixin.py:120} INFO - [2024-12-21T04:38:05.368+0000] {dag.py:3340} INFO - Setting next_dagrun for latest_only_with_trigger to 2024-12-21T00:38:05.368251+00:00, run_after=2024-12-21T04:38:05.368251+00:00
[2024-12-21T04:38:05.381+0000] {processor.py:176} INFO - Processing /home/airflow/.local/lib/python3.7/site-packages/airflow/example_dags/example_latest_only_with_trigger.py took 0.093 seconds
[2024-12-21T04:38:35.977+0000] {processor.py:154} INFO - Started process (PID=166) to work on /home/airflow/.local/lib/python3.7/site-packages/airflow/example_dags/example_latest_only_with_trigger.py
[2024-12-21T04:38:35.978+0000] {processor.py:756} INFO - Processing file /home/airflow/.local/lib/python3.7/site-packages/airflow/example_dags/example_latest_only_with_trigger.py for tasks to queue
[2024-12-21T04:38:35.979+0000] {logging_mixin.py:120} INFO - [2024-12-21T04:38:35.979+0000] {dagbag.py:537} INFO - Filling up the DagBag from /home/airflow/.local/lib/python3.7/site-packages/airflow/example_dags/example_latest_only_with_trigger.py
[2024-12-21T04:38:35.999+0000] {processor.py:766} INFO - DAG(s) dict_keys(['latest_only_with_trigger']) retrieved from /home/airflow/.local/lib/python3.7/site-packages/airflow/example_dags/example_latest_only_with_trigger.py
[2024-12-21T04:38:36.038+0000] {logging_mixin.py:120} INFO - [2024-12-21T04:38:36.038+0000] {dag.py:2585} INFO - Sync 1 DAGs
[2024-12-21T04:38:36.064+0000] {logging_mixin.py:120} INFO - [2024-12-21T04:38:36.063+0000] {dag.py:3340} INFO - Setting next_dagrun for latest_only_with_trigger to 2024-12-21T00:38:36.063467+00:00, run_after=2024-12-21T04:38:36.063467+00:00
[2024-12-21T04:38:36.108+0000] {processor.py:176} INFO - Processing /home/airflow/.local/lib/python3.7/site-packages/airflow/example_dags/example_latest_only_with_trigger.py took 0.134 seconds
[2024-12-21T04:39:06.322+0000] {processor.py:154} INFO - Started process (PID=229) to work on /home/airflow/.local/lib/python3.7/site-packages/airflow/example_dags/example_latest_only_with_trigger.py
[2024-12-21T04:39:06.324+0000] {processor.py:756} INFO - Processing file /home/airflow/.local/lib/python3.7/site-packages/airflow/example_dags/example_latest_only_with_trigger.py for tasks to queue
[2024-12-21T04:39:06.325+0000] {logging_mixin.py:120} INFO - [2024-12-21T04:39:06.325+0000] {dagbag.py:537} INFO - Filling up the DagBag from /home/airflow/.local/lib/python3.7/site-packages/airflow/example_dags/example_latest_only_with_trigger.py
[2024-12-21T04:39:06.337+0000] {processor.py:766} INFO - DAG(s) dict_keys(['latest_only_with_trigger']) retrieved from /home/airflow/.local/lib/python3.7/site-packages/airflow/example_dags/example_latest_only_with_trigger.py
[2024-12-21T04:39:06.369+0000] {logging_mixin.py:120} INFO - [2024-12-21T04:39:06.369+0000] {dag.py:2585} INFO - Sync 1 DAGs
[2024-12-21T04:39:06.388+0000] {logging_mixin.py:120} INFO - [2024-12-21T04:39:06.388+0000] {dag.py:3340} INFO - Setting next_dagrun for latest_only_with_trigger to 2024-12-21T00:39:06.388246+00:00, run_after=2024-12-21T04:39:06.388246+00:00
[2024-12-21T04:39:06.402+0000] {processor.py:176} INFO - Processing /home/airflow/.local/lib/python3.7/site-packages/airflow/example_dags/example_latest_only_with_trigger.py took 0.083 seconds
[2024-12-21T04:39:36.834+0000] {processor.py:154} INFO - Started process (PID=283) to work on /home/airflow/.local/lib/python3.7/site-packages/airflow/example_dags/example_latest_only_with_trigger.py
[2024-12-21T04:39:36.835+0000] {processor.py:756} INFO - Processing file /home/airflow/.local/lib/python3.7/site-packages/airflow/example_dags/example_latest_only_with_trigger.py for tasks to queue
[2024-12-21T04:39:36.835+0000] {logging_mixin.py:120} INFO - [2024-12-21T04:39:36.835+0000] {dagbag.py:537} INFO - Filling up the DagBag from /home/airflow/.local/lib/python3.7/site-packages/airflow/example_dags/example_latest_only_with_trigger.py
[2024-12-21T04:39:36.846+0000] {processor.py:766} INFO - DAG(s) dict_keys(['latest_only_with_trigger']) retrieved from /home/airflow/.local/lib/python3.7/site-packages/airflow/example_dags/example_latest_only_with_trigger.py
[2024-12-21T04:39:36.878+0000] {logging_mixin.py:120} INFO - [2024-12-21T04:39:36.878+0000] {dag.py:2585} INFO - Sync 1 DAGs
[2024-12-21T04:39:36.897+0000] {logging_mixin.py:120} INFO - [2024-12-21T04:39:36.897+0000] {dag.py:3340} INFO - Setting next_dagrun for latest_only_with_trigger to 2024-12-21T00:39:36.897605+00:00, run_after=2024-12-21T04:39:36.897605+00:00
[2024-12-21T04:39:36.914+0000] {processor.py:176} INFO - Processing /home/airflow/.local/lib/python3.7/site-packages/airflow/example_dags/example_latest_only_with_trigger.py took 0.082 seconds
[2024-12-21T04:40:07.030+0000] {processor.py:154} INFO - Started process (PID=346) to work on /home/airflow/.local/lib/python3.7/site-packages/airflow/example_dags/example_latest_only_with_trigger.py
[2024-12-21T04:40:07.035+0000] {processor.py:756} INFO - Processing file /home/airflow/.local/lib/python3.7/site-packages/airflow/example_dags/example_latest_only_with_trigger.py for tasks to queue
[2024-12-21T04:40:07.038+0000] {logging_mixin.py:120} INFO - [2024-12-21T04:40:07.038+0000] {dagbag.py:537} INFO - Filling up the DagBag from /home/airflow/.local/lib/python3.7/site-packages/airflow/example_dags/example_latest_only_with_trigger.py
[2024-12-21T04:40:07.052+0000] {processor.py:766} INFO - DAG(s) dict_keys(['latest_only_with_trigger']) retrieved from /home/airflow/.local/lib/python3.7/site-packages/airflow/example_dags/example_latest_only_with_trigger.py
[2024-12-21T04:40:07.092+0000] {logging_mixin.py:120} INFO - [2024-12-21T04:40:07.092+0000] {dag.py:2585} INFO - Sync 1 DAGs
[2024-12-21T04:40:07.120+0000] {logging_mixin.py:120} INFO - [2024-12-21T04:40:07.120+0000] {dag.py:3340} INFO - Setting next_dagrun for latest_only_with_trigger to 2024-12-21T00:40:07.120094+00:00, run_after=2024-12-21T04:40:07.120094+00:00
[2024-12-21T04:40:07.141+0000] {processor.py:176} INFO - Processing /home/airflow/.local/lib/python3.7/site-packages/airflow/example_dags/example_latest_only_with_trigger.py took 0.114 seconds
[2024-12-21T04:40:37.928+0000] {processor.py:154} INFO - Started process (PID=409) to work on /home/airflow/.local/lib/python3.7/site-packages/airflow/example_dags/example_latest_only_with_trigger.py
[2024-12-21T04:40:37.929+0000] {processor.py:756} INFO - Processing file /home/airflow/.local/lib/python3.7/site-packages/airflow/example_dags/example_latest_only_with_trigger.py for tasks to queue
[2024-12-21T04:40:37.929+0000] {logging_mixin.py:120} INFO - [2024-12-21T04:40:37.929+0000] {dagbag.py:537} INFO - Filling up the DagBag from /home/airflow/.local/lib/python3.7/site-packages/airflow/example_dags/example_latest_only_with_trigger.py
[2024-12-21T04:40:37.940+0000] {processor.py:766} INFO - DAG(s) dict_keys(['latest_only_with_trigger']) retrieved from /home/airflow/.local/lib/python3.7/site-packages/airflow/example_dags/example_latest_only_with_trigger.py
[2024-12-21T04:40:37.974+0000] {logging_mixin.py:120} INFO - [2024-12-21T04:40:37.974+0000] {dag.py:2585} INFO - Sync 1 DAGs
[2024-12-21T04:40:37.996+0000] {logging_mixin.py:120} INFO - [2024-12-21T04:40:37.996+0000] {dag.py:3340} INFO - Setting next_dagrun for latest_only_with_trigger to 2024-12-21T00:40:37.995872+00:00, run_after=2024-12-21T04:40:37.995872+00:00
[2024-12-21T04:40:38.012+0000] {processor.py:176} INFO - Processing /home/airflow/.local/lib/python3.7/site-packages/airflow/example_dags/example_latest_only_with_trigger.py took 0.086 seconds
[2024-12-21T04:41:08.140+0000] {processor.py:154} INFO - Started process (PID=463) to work on /home/airflow/.local/lib/python3.7/site-packages/airflow/example_dags/example_latest_only_with_trigger.py
[2024-12-21T04:41:08.141+0000] {processor.py:756} INFO - Processing file /home/airflow/.local/lib/python3.7/site-packages/airflow/example_dags/example_latest_only_with_trigger.py for tasks to queue
[2024-12-21T04:41:08.142+0000] {logging_mixin.py:120} INFO - [2024-12-21T04:41:08.142+0000] {dagbag.py:537} INFO - Filling up the DagBag from /home/airflow/.local/lib/python3.7/site-packages/airflow/example_dags/example_latest_only_with_trigger.py
[2024-12-21T04:41:08.155+0000] {processor.py:766} INFO - DAG(s) dict_keys(['latest_only_with_trigger']) retrieved from /home/airflow/.local/lib/python3.7/site-packages/airflow/example_dags/example_latest_only_with_trigger.py
[2024-12-21T04:41:08.202+0000] {logging_mixin.py:120} INFO - [2024-12-21T04:41:08.201+0000] {dag.py:2585} INFO - Sync 1 DAGs
[2024-12-21T04:41:08.227+0000] {logging_mixin.py:120} INFO - [2024-12-21T04:41:08.226+0000] {dag.py:3340} INFO - Setting next_dagrun for latest_only_with_trigger to 2024-12-21T00:41:08.226725+00:00, run_after=2024-12-21T04:41:08.226725+00:00
[2024-12-21T04:41:08.244+0000] {processor.py:176} INFO - Processing /home/airflow/.local/lib/python3.7/site-packages/airflow/example_dags/example_latest_only_with_trigger.py took 0.107 seconds
[2024-12-21T04:41:38.426+0000] {processor.py:154} INFO - Started process (PID=525) to work on /home/airflow/.local/lib/python3.7/site-packages/airflow/example_dags/example_latest_only_with_trigger.py
[2024-12-21T04:41:38.434+0000] {processor.py:756} INFO - Processing file /home/airflow/.local/lib/python3.7/site-packages/airflow/example_dags/example_latest_only_with_trigger.py for tasks to queue
[2024-12-21T04:41:38.438+0000] {logging_mixin.py:120} INFO - [2024-12-21T04:41:38.438+0000] {dagbag.py:537} INFO - Filling up the DagBag from /home/airflow/.local/lib/python3.7/site-packages/airflow/example_dags/example_latest_only_with_trigger.py
[2024-12-21T04:41:38.466+0000] {processor.py:766} INFO - DAG(s) dict_keys(['latest_only_with_trigger']) retrieved from /home/airflow/.local/lib/python3.7/site-packages/airflow/example_dags/example_latest_only_with_trigger.py
[2024-12-21T04:41:38.541+0000] {logging_mixin.py:120} INFO - [2024-12-21T04:41:38.541+0000] {dag.py:2585} INFO - Sync 1 DAGs
[2024-12-21T04:41:38.573+0000] {logging_mixin.py:120} INFO - [2024-12-21T04:41:38.573+0000] {dag.py:3340} INFO - Setting next_dagrun for latest_only_with_trigger to 2024-12-21T00:41:38.573018+00:00, run_after=2024-12-21T04:41:38.573018+00:00
[2024-12-21T04:41:38.596+0000] {processor.py:176} INFO - Processing /home/airflow/.local/lib/python3.7/site-packages/airflow/example_dags/example_latest_only_with_trigger.py took 0.178 seconds
[2024-12-21T04:42:09.163+0000] {processor.py:154} INFO - Started process (PID=589) to work on /home/airflow/.local/lib/python3.7/site-packages/airflow/example_dags/example_latest_only_with_trigger.py
[2024-12-21T04:42:09.165+0000] {processor.py:756} INFO - Processing file /home/airflow/.local/lib/python3.7/site-packages/airflow/example_dags/example_latest_only_with_trigger.py for tasks to queue
[2024-12-21T04:42:09.166+0000] {logging_mixin.py:120} INFO - [2024-12-21T04:42:09.166+0000] {dagbag.py:537} INFO - Filling up the DagBag from /home/airflow/.local/lib/python3.7/site-packages/airflow/example_dags/example_latest_only_with_trigger.py
[2024-12-21T04:42:09.179+0000] {processor.py:766} INFO - DAG(s) dict_keys(['latest_only_with_trigger']) retrieved from /home/airflow/.local/lib/python3.7/site-packages/airflow/example_dags/example_latest_only_with_trigger.py
[2024-12-21T04:42:09.224+0000] {logging_mixin.py:120} INFO - [2024-12-21T04:42:09.224+0000] {dag.py:2585} INFO - Sync 1 DAGs
[2024-12-21T04:42:09.246+0000] {logging_mixin.py:120} INFO - [2024-12-21T04:42:09.246+0000] {dag.py:3340} INFO - Setting next_dagrun for latest_only_with_trigger to 2024-12-21T00:42:09.246038+00:00, run_after=2024-12-21T04:42:09.246038+00:00
[2024-12-21T04:42:09.265+0000] {processor.py:176} INFO - Processing /home/airflow/.local/lib/python3.7/site-packages/airflow/example_dags/example_latest_only_with_trigger.py took 0.104 seconds
[2024-12-21T04:42:39.688+0000] {processor.py:154} INFO - Started process (PID=652) to work on /home/airflow/.local/lib/python3.7/site-packages/airflow/example_dags/example_latest_only_with_trigger.py
[2024-12-21T04:42:39.688+0000] {processor.py:756} INFO - Processing file /home/airflow/.local/lib/python3.7/site-packages/airflow/example_dags/example_latest_only_with_trigger.py for tasks to queue
[2024-12-21T04:42:39.689+0000] {logging_mixin.py:120} INFO - [2024-12-21T04:42:39.689+0000] {dagbag.py:537} INFO - Filling up the DagBag from /home/airflow/.local/lib/python3.7/site-packages/airflow/example_dags/example_latest_only_with_trigger.py
[2024-12-21T04:42:39.703+0000] {processor.py:766} INFO - DAG(s) dict_keys(['latest_only_with_trigger']) retrieved from /home/airflow/.local/lib/python3.7/site-packages/airflow/example_dags/example_latest_only_with_trigger.py
[2024-12-21T04:42:39.739+0000] {logging_mixin.py:120} INFO - [2024-12-21T04:42:39.738+0000] {dag.py:2585} INFO - Sync 1 DAGs
[2024-12-21T04:42:39.761+0000] {logging_mixin.py:120} INFO - [2024-12-21T04:42:39.761+0000] {dag.py:3340} INFO - Setting next_dagrun for latest_only_with_trigger to 2024-12-21T00:42:39.760955+00:00, run_after=2024-12-21T04:42:39.760955+00:00
[2024-12-21T04:42:39.777+0000] {processor.py:176} INFO - Processing /home/airflow/.local/lib/python3.7/site-packages/airflow/example_dags/example_latest_only_with_trigger.py took 0.093 seconds
[2024-12-21T04:43:10.267+0000] {processor.py:154} INFO - Started process (PID=706) to work on /home/airflow/.local/lib/python3.7/site-packages/airflow/example_dags/example_latest_only_with_trigger.py
[2024-12-21T04:43:10.268+0000] {processor.py:756} INFO - Processing file /home/airflow/.local/lib/python3.7/site-packages/airflow/example_dags/example_latest_only_with_trigger.py for tasks to queue
[2024-12-21T04:43:10.269+0000] {logging_mixin.py:120} INFO - [2024-12-21T04:43:10.268+0000] {dagbag.py:537} INFO - Filling up the DagBag from /home/airflow/.local/lib/python3.7/site-packages/airflow/example_dags/example_latest_only_with_trigger.py
[2024-12-21T04:43:10.280+0000] {processor.py:766} INFO - DAG(s) dict_keys(['latest_only_with_trigger']) retrieved from /home/airflow/.local/lib/python3.7/site-packages/airflow/example_dags/example_latest_only_with_trigger.py
[2024-12-21T04:43:10.311+0000] {logging_mixin.py:120} INFO - [2024-12-21T04:43:10.311+0000] {dag.py:2585} INFO - Sync 1 DAGs
[2024-12-21T04:43:10.330+0000] {logging_mixin.py:120} INFO - [2024-12-21T04:43:10.330+0000] {dag.py:3340} INFO - Setting next_dagrun for latest_only_with_trigger to 2024-12-21T00:43:10.330378+00:00, run_after=2024-12-21T04:43:10.330378+00:00
[2024-12-21T04:43:10.345+0000] {processor.py:176} INFO - Processing /home/airflow/.local/lib/python3.7/site-packages/airflow/example_dags/example_latest_only_with_trigger.py took 0.080 seconds
[2024-12-21T04:43:40.808+0000] {processor.py:154} INFO - Started process (PID=769) to work on /home/airflow/.local/lib/python3.7/site-packages/airflow/example_dags/example_latest_only_with_trigger.py
[2024-12-21T04:43:40.809+0000] {processor.py:756} INFO - Processing file /home/airflow/.local/lib/python3.7/site-packages/airflow/example_dags/example_latest_only_with_trigger.py for tasks to queue
[2024-12-21T04:43:40.809+0000] {logging_mixin.py:120} INFO - [2024-12-21T04:43:40.809+0000] {dagbag.py:537} INFO - Filling up the DagBag from /home/airflow/.local/lib/python3.7/site-packages/airflow/example_dags/example_latest_only_with_trigger.py
[2024-12-21T04:43:40.820+0000] {processor.py:766} INFO - DAG(s) dict_keys(['latest_only_with_trigger']) retrieved from /home/airflow/.local/lib/python3.7/site-packages/airflow/example_dags/example_latest_only_with_trigger.py
[2024-12-21T04:43:40.850+0000] {logging_mixin.py:120} INFO - [2024-12-21T04:43:40.850+0000] {dag.py:2585} INFO - Sync 1 DAGs
[2024-12-21T04:43:40.869+0000] {logging_mixin.py:120} INFO - [2024-12-21T04:43:40.869+0000] {dag.py:3340} INFO - Setting next_dagrun for latest_only_with_trigger to 2024-12-21T00:43:40.869285+00:00, run_after=2024-12-21T04:43:40.869285+00:00
[2024-12-21T04:43:40.883+0000] {processor.py:176} INFO - Processing /home/airflow/.local/lib/python3.7/site-packages/airflow/example_dags/example_latest_only_with_trigger.py took 0.077 seconds
[2024-12-21T04:44:11.723+0000] {processor.py:154} INFO - Started process (PID=832) to work on /home/airflow/.local/lib/python3.7/site-packages/airflow/example_dags/example_latest_only_with_trigger.py
[2024-12-21T04:44:11.724+0000] {processor.py:756} INFO - Processing file /home/airflow/.local/lib/python3.7/site-packages/airflow/example_dags/example_latest_only_with_trigger.py for tasks to queue
[2024-12-21T04:44:11.724+0000] {logging_mixin.py:120} INFO - [2024-12-21T04:44:11.724+0000] {dagbag.py:537} INFO - Filling up the DagBag from /home/airflow/.local/lib/python3.7/site-packages/airflow/example_dags/example_latest_only_with_trigger.py
[2024-12-21T04:44:11.737+0000] {processor.py:766} INFO - DAG(s) dict_keys(['latest_only_with_trigger']) retrieved from /home/airflow/.local/lib/python3.7/site-packages/airflow/example_dags/example_latest_only_with_trigger.py
[2024-12-21T04:44:11.770+0000] {logging_mixin.py:120} INFO - [2024-12-21T04:44:11.770+0000] {dag.py:2585} INFO - Sync 1 DAGs
[2024-12-21T04:44:11.790+0000] {logging_mixin.py:120} INFO - [2024-12-21T04:44:11.790+0000] {dag.py:3340} INFO - Setting next_dagrun for latest_only_with_trigger to 2024-12-21T00:44:11.790468+00:00, run_after=2024-12-21T04:44:11.790468+00:00
[2024-12-21T04:44:11.805+0000] {processor.py:176} INFO - Processing /home/airflow/.local/lib/python3.7/site-packages/airflow/example_dags/example_latest_only_with_trigger.py took 0.085 seconds
[2024-12-21T04:44:44.656+0000] {processor.py:154} INFO - Started process (PID=895) to work on /home/airflow/.local/lib/python3.7/site-packages/airflow/example_dags/example_latest_only_with_trigger.py
[2024-12-21T04:44:44.658+0000] {processor.py:756} INFO - Processing file /home/airflow/.local/lib/python3.7/site-packages/airflow/example_dags/example_latest_only_with_trigger.py for tasks to queue
[2024-12-21T04:44:44.659+0000] {logging_mixin.py:120} INFO - [2024-12-21T04:44:44.659+0000] {dagbag.py:537} INFO - Filling up the DagBag from /home/airflow/.local/lib/python3.7/site-packages/airflow/example_dags/example_latest_only_with_trigger.py
[2024-12-21T04:44:44.735+0000] {processor.py:766} INFO - DAG(s) dict_keys(['latest_only_with_trigger']) retrieved from /home/airflow/.local/lib/python3.7/site-packages/airflow/example_dags/example_latest_only_with_trigger.py
[2024-12-21T04:44:45.417+0000] {logging_mixin.py:120} INFO - [2024-12-21T04:44:45.416+0000] {dag.py:2585} INFO - Sync 1 DAGs
[2024-12-21T04:44:45.563+0000] {logging_mixin.py:120} INFO - [2024-12-21T04:44:45.563+0000] {dag.py:3340} INFO - Setting next_dagrun for latest_only_with_trigger to 2024-12-21T00:44:45.562882+00:00, run_after=2024-12-21T04:44:45.562882+00:00
[2024-12-21T04:44:45.626+0000] {processor.py:176} INFO - Processing /home/airflow/.local/lib/python3.7/site-packages/airflow/example_dags/example_latest_only_with_trigger.py took 0.978 seconds
[2024-12-21T04:45:15.691+0000] {processor.py:154} INFO - Started process (PID=949) to work on /home/airflow/.local/lib/python3.7/site-packages/airflow/example_dags/example_latest_only_with_trigger.py
[2024-12-21T04:45:15.696+0000] {processor.py:756} INFO - Processing file /home/airflow/.local/lib/python3.7/site-packages/airflow/example_dags/example_latest_only_with_trigger.py for tasks to queue
[2024-12-21T04:45:15.697+0000] {logging_mixin.py:120} INFO - [2024-12-21T04:45:15.697+0000] {dagbag.py:537} INFO - Filling up the DagBag from /home/airflow/.local/lib/python3.7/site-packages/airflow/example_dags/example_latest_only_with_trigger.py
[2024-12-21T04:45:15.723+0000] {processor.py:766} INFO - DAG(s) dict_keys(['latest_only_with_trigger']) retrieved from /home/airflow/.local/lib/python3.7/site-packages/airflow/example_dags/example_latest_only_with_trigger.py
[2024-12-21T04:45:15.803+0000] {logging_mixin.py:120} INFO - [2024-12-21T04:45:15.802+0000] {dag.py:2585} INFO - Sync 1 DAGs
[2024-12-21T04:45:15.845+0000] {logging_mixin.py:120} INFO - [2024-12-21T04:45:15.845+0000] {dag.py:3340} INFO - Setting next_dagrun for latest_only_with_trigger to 2024-12-21T00:45:15.845195+00:00, run_after=2024-12-21T04:45:15.845195+00:00
[2024-12-21T04:45:15.870+0000] {processor.py:176} INFO - Processing /home/airflow/.local/lib/python3.7/site-packages/airflow/example_dags/example_latest_only_with_trigger.py took 0.190 seconds
[2024-12-21T04:45:46.574+0000] {processor.py:154} INFO - Started process (PID=1012) to work on /home/airflow/.local/lib/python3.7/site-packages/airflow/example_dags/example_latest_only_with_trigger.py
[2024-12-21T04:45:46.574+0000] {processor.py:756} INFO - Processing file /home/airflow/.local/lib/python3.7/site-packages/airflow/example_dags/example_latest_only_with_trigger.py for tasks to queue
[2024-12-21T04:45:46.575+0000] {logging_mixin.py:120} INFO - [2024-12-21T04:45:46.575+0000] {dagbag.py:537} INFO - Filling up the DagBag from /home/airflow/.local/lib/python3.7/site-packages/airflow/example_dags/example_latest_only_with_trigger.py
[2024-12-21T04:45:46.586+0000] {processor.py:766} INFO - DAG(s) dict_keys(['latest_only_with_trigger']) retrieved from /home/airflow/.local/lib/python3.7/site-packages/airflow/example_dags/example_latest_only_with_trigger.py
[2024-12-21T04:45:46.616+0000] {logging_mixin.py:120} INFO - [2024-12-21T04:45:46.616+0000] {dag.py:2585} INFO - Sync 1 DAGs
[2024-12-21T04:45:46.634+0000] {logging_mixin.py:120} INFO - [2024-12-21T04:45:46.634+0000] {dag.py:3340} INFO - Setting next_dagrun for latest_only_with_trigger to 2024-12-21T00:45:46.634632+00:00, run_after=2024-12-21T04:45:46.634632+00:00
[2024-12-21T04:45:46.648+0000] {processor.py:176} INFO - Processing /home/airflow/.local/lib/python3.7/site-packages/airflow/example_dags/example_latest_only_with_trigger.py took 0.077 seconds
[2024-12-21T04:46:16.990+0000] {processor.py:154} INFO - Started process (PID=1075) to work on /home/airflow/.local/lib/python3.7/site-packages/airflow/example_dags/example_latest_only_with_trigger.py
[2024-12-21T04:46:16.991+0000] {processor.py:756} INFO - Processing file /home/airflow/.local/lib/python3.7/site-packages/airflow/example_dags/example_latest_only_with_trigger.py for tasks to queue
[2024-12-21T04:46:16.992+0000] {logging_mixin.py:120} INFO - [2024-12-21T04:46:16.992+0000] {dagbag.py:537} INFO - Filling up the DagBag from /home/airflow/.local/lib/python3.7/site-packages/airflow/example_dags/example_latest_only_with_trigger.py
[2024-12-21T04:46:17.005+0000] {processor.py:766} INFO - DAG(s) dict_keys(['latest_only_with_trigger']) retrieved from /home/airflow/.local/lib/python3.7/site-packages/airflow/example_dags/example_latest_only_with_trigger.py
[2024-12-21T04:46:17.039+0000] {logging_mixin.py:120} INFO - [2024-12-21T04:46:17.039+0000] {dag.py:2585} INFO - Sync 1 DAGs
[2024-12-21T04:46:17.073+0000] {logging_mixin.py:120} INFO - [2024-12-21T04:46:17.072+0000] {dag.py:3340} INFO - Setting next_dagrun for latest_only_with_trigger to 2024-12-21T00:46:17.072392+00:00, run_after=2024-12-21T04:46:17.072392+00:00
[2024-12-21T04:46:17.097+0000] {processor.py:176} INFO - Processing /home/airflow/.local/lib/python3.7/site-packages/airflow/example_dags/example_latest_only_with_trigger.py took 0.110 seconds
[2024-12-21T04:46:47.754+0000] {processor.py:154} INFO - Started process (PID=1129) to work on /home/airflow/.local/lib/python3.7/site-packages/airflow/example_dags/example_latest_only_with_trigger.py
[2024-12-21T04:46:47.755+0000] {processor.py:756} INFO - Processing file /home/airflow/.local/lib/python3.7/site-packages/airflow/example_dags/example_latest_only_with_trigger.py for tasks to queue
[2024-12-21T04:46:47.755+0000] {logging_mixin.py:120} INFO - [2024-12-21T04:46:47.755+0000] {dagbag.py:537} INFO - Filling up the DagBag from /home/airflow/.local/lib/python3.7/site-packages/airflow/example_dags/example_latest_only_with_trigger.py
[2024-12-21T04:46:47.767+0000] {processor.py:766} INFO - DAG(s) dict_keys(['latest_only_with_trigger']) retrieved from /home/airflow/.local/lib/python3.7/site-packages/airflow/example_dags/example_latest_only_with_trigger.py
[2024-12-21T04:46:47.798+0000] {logging_mixin.py:120} INFO - [2024-12-21T04:46:47.798+0000] {dag.py:2585} INFO - Sync 1 DAGs
[2024-12-21T04:46:47.819+0000] {logging_mixin.py:120} INFO - [2024-12-21T04:46:47.819+0000] {dag.py:3340} INFO - Setting next_dagrun for latest_only_with_trigger to 2024-12-21T00:46:47.819410+00:00, run_after=2024-12-21T04:46:47.819410+00:00
[2024-12-21T04:46:47.834+0000] {processor.py:176} INFO - Processing /home/airflow/.local/lib/python3.7/site-packages/airflow/example_dags/example_latest_only_with_trigger.py took 0.082 seconds
[2024-12-21T04:47:18.276+0000] {processor.py:154} INFO - Started process (PID=1192) to work on /home/airflow/.local/lib/python3.7/site-packages/airflow/example_dags/example_latest_only_with_trigger.py
[2024-12-21T04:47:18.277+0000] {processor.py:756} INFO - Processing file /home/airflow/.local/lib/python3.7/site-packages/airflow/example_dags/example_latest_only_with_trigger.py for tasks to queue
[2024-12-21T04:47:18.277+0000] {logging_mixin.py:120} INFO - [2024-12-21T04:47:18.277+0000] {dagbag.py:537} INFO - Filling up the DagBag from /home/airflow/.local/lib/python3.7/site-packages/airflow/example_dags/example_latest_only_with_trigger.py
[2024-12-21T04:47:18.289+0000] {processor.py:766} INFO - DAG(s) dict_keys(['latest_only_with_trigger']) retrieved from /home/airflow/.local/lib/python3.7/site-packages/airflow/example_dags/example_latest_only_with_trigger.py
[2024-12-21T04:47:18.319+0000] {logging_mixin.py:120} INFO - [2024-12-21T04:47:18.319+0000] {dag.py:2585} INFO - Sync 1 DAGs
[2024-12-21T04:47:18.347+0000] {logging_mixin.py:120} INFO - [2024-12-21T04:47:18.346+0000] {dag.py:3340} INFO - Setting next_dagrun for latest_only_with_trigger to 2024-12-21T00:47:18.346232+00:00, run_after=2024-12-21T04:47:18.346232+00:00
[2024-12-21T04:47:18.367+0000] {processor.py:176} INFO - Processing /home/airflow/.local/lib/python3.7/site-packages/airflow/example_dags/example_latest_only_with_trigger.py took 0.093 seconds
[2024-12-21T04:47:48.968+0000] {processor.py:154} INFO - Started process (PID=1255) to work on /home/airflow/.local/lib/python3.7/site-packages/airflow/example_dags/example_latest_only_with_trigger.py
[2024-12-21T04:47:48.969+0000] {processor.py:756} INFO - Processing file /home/airflow/.local/lib/python3.7/site-packages/airflow/example_dags/example_latest_only_with_trigger.py for tasks to queue
[2024-12-21T04:47:48.970+0000] {logging_mixin.py:120} INFO - [2024-12-21T04:47:48.970+0000] {dagbag.py:537} INFO - Filling up the DagBag from /home/airflow/.local/lib/python3.7/site-packages/airflow/example_dags/example_latest_only_with_trigger.py
[2024-12-21T04:47:48.983+0000] {processor.py:766} INFO - DAG(s) dict_keys(['latest_only_with_trigger']) retrieved from /home/airflow/.local/lib/python3.7/site-packages/airflow/example_dags/example_latest_only_with_trigger.py
[2024-12-21T04:47:49.017+0000] {logging_mixin.py:120} INFO - [2024-12-21T04:47:49.016+0000] {dag.py:2585} INFO - Sync 1 DAGs
[2024-12-21T04:47:49.037+0000] {logging_mixin.py:120} INFO - [2024-12-21T04:47:49.037+0000] {dag.py:3340} INFO - Setting next_dagrun for latest_only_with_trigger to 2024-12-21T00:47:49.037610+00:00, run_after=2024-12-21T04:47:49.037610+00:00
[2024-12-21T04:47:49.054+0000] {processor.py:176} INFO - Processing /home/airflow/.local/lib/python3.7/site-packages/airflow/example_dags/example_latest_only_with_trigger.py took 0.088 seconds
[2024-12-21T04:48:19.816+0000] {processor.py:154} INFO - Started process (PID=1318) to work on /home/airflow/.local/lib/python3.7/site-packages/airflow/example_dags/example_latest_only_with_trigger.py
[2024-12-21T04:48:19.818+0000] {processor.py:756} INFO - Processing file /home/airflow/.local/lib/python3.7/site-packages/airflow/example_dags/example_latest_only_with_trigger.py for tasks to queue
[2024-12-21T04:48:19.819+0000] {logging_mixin.py:120} INFO - [2024-12-21T04:48:19.819+0000] {dagbag.py:537} INFO - Filling up the DagBag from /home/airflow/.local/lib/python3.7/site-packages/airflow/example_dags/example_latest_only_with_trigger.py
[2024-12-21T04:48:19.837+0000] {processor.py:766} INFO - DAG(s) dict_keys(['latest_only_with_trigger']) retrieved from /home/airflow/.local/lib/python3.7/site-packages/airflow/example_dags/example_latest_only_with_trigger.py
[2024-12-21T04:48:19.888+0000] {logging_mixin.py:120} INFO - [2024-12-21T04:48:19.888+0000] {dag.py:2585} INFO - Sync 1 DAGs
[2024-12-21T04:48:19.931+0000] {logging_mixin.py:120} INFO - [2024-12-21T04:48:19.930+0000] {dag.py:3340} INFO - Setting next_dagrun for latest_only_with_trigger to 2024-12-21T00:48:19.930375+00:00, run_after=2024-12-21T04:48:19.930375+00:00
[2024-12-21T04:48:19.984+0000] {processor.py:176} INFO - Processing /home/airflow/.local/lib/python3.7/site-packages/airflow/example_dags/example_latest_only_with_trigger.py took 0.183 seconds
[2024-12-21T04:48:50.354+0000] {processor.py:154} INFO - Started process (PID=1372) to work on /home/airflow/.local/lib/python3.7/site-packages/airflow/example_dags/example_latest_only_with_trigger.py
[2024-12-21T04:48:50.356+0000] {processor.py:756} INFO - Processing file /home/airflow/.local/lib/python3.7/site-packages/airflow/example_dags/example_latest_only_with_trigger.py for tasks to queue
[2024-12-21T04:48:50.357+0000] {logging_mixin.py:120} INFO - [2024-12-21T04:48:50.356+0000] {dagbag.py:537} INFO - Filling up the DagBag from /home/airflow/.local/lib/python3.7/site-packages/airflow/example_dags/example_latest_only_with_trigger.py
[2024-12-21T04:48:50.374+0000] {processor.py:766} INFO - DAG(s) dict_keys(['latest_only_with_trigger']) retrieved from /home/airflow/.local/lib/python3.7/site-packages/airflow/example_dags/example_latest_only_with_trigger.py
[2024-12-21T04:48:50.411+0000] {logging_mixin.py:120} INFO - [2024-12-21T04:48:50.411+0000] {dag.py:2585} INFO - Sync 1 DAGs
[2024-12-21T04:48:50.437+0000] {logging_mixin.py:120} INFO - [2024-12-21T04:48:50.437+0000] {dag.py:3340} INFO - Setting next_dagrun for latest_only_with_trigger to 2024-12-21T00:48:50.436988+00:00, run_after=2024-12-21T04:48:50.436988+00:00
[2024-12-21T04:48:50.456+0000] {processor.py:176} INFO - Processing /home/airflow/.local/lib/python3.7/site-packages/airflow/example_dags/example_latest_only_with_trigger.py took 0.106 seconds
[2024-12-21T04:49:21.030+0000] {processor.py:154} INFO - Started process (PID=1435) to work on /home/airflow/.local/lib/python3.7/site-packages/airflow/example_dags/example_latest_only_with_trigger.py
[2024-12-21T04:49:21.032+0000] {processor.py:756} INFO - Processing file /home/airflow/.local/lib/python3.7/site-packages/airflow/example_dags/example_latest_only_with_trigger.py for tasks to queue
[2024-12-21T04:49:21.034+0000] {logging_mixin.py:120} INFO - [2024-12-21T04:49:21.034+0000] {dagbag.py:537} INFO - Filling up the DagBag from /home/airflow/.local/lib/python3.7/site-packages/airflow/example_dags/example_latest_only_with_trigger.py
[2024-12-21T04:49:21.048+0000] {processor.py:766} INFO - DAG(s) dict_keys(['latest_only_with_trigger']) retrieved from /home/airflow/.local/lib/python3.7/site-packages/airflow/example_dags/example_latest_only_with_trigger.py
[2024-12-21T04:49:21.087+0000] {logging_mixin.py:120} INFO - [2024-12-21T04:49:21.087+0000] {dag.py:2585} INFO - Sync 1 DAGs
[2024-12-21T04:49:21.113+0000] {logging_mixin.py:120} INFO - [2024-12-21T04:49:21.112+0000] {dag.py:3340} INFO - Setting next_dagrun for latest_only_with_trigger to 2024-12-21T00:49:21.112570+00:00, run_after=2024-12-21T04:49:21.112570+00:00
[2024-12-21T04:49:21.136+0000] {processor.py:176} INFO - Processing /home/airflow/.local/lib/python3.7/site-packages/airflow/example_dags/example_latest_only_with_trigger.py took 0.111 seconds
