[2024-12-21T04:37:40.037+0000] {processor.py:154} INFO - Started process (PID=71) to work on /home/airflow/.local/lib/python3.7/site-packages/airflow/example_dags/example_complex.py
[2024-12-21T04:37:40.040+0000] {processor.py:756} INFO - Processing file /home/airflow/.local/lib/python3.7/site-packages/airflow/example_dags/example_complex.py for tasks to queue
[2024-12-21T04:37:40.042+0000] {logging_mixin.py:120} INFO - [2024-12-21T04:37:40.042+0000] {dagbag.py:537} INFO - Filling up the DagBag from /home/airflow/.local/lib/python3.7/site-packages/airflow/example_dags/example_complex.py
[2024-12-21T04:37:40.075+0000] {logging_mixin.py:120} INFO - [2024-12-21T04:37:40.075+0000] {taskmixin.py:205} WARNING - Dependency <Task(BashOperator): create_entry_group>, delete_entry_group already registered for DAG: example_complex
[2024-12-21T04:37:40.076+0000] {logging_mixin.py:120} INFO - [2024-12-21T04:37:40.076+0000] {taskmixin.py:205} WARNING - Dependency <Task(BashOperator): delete_entry_group>, create_entry_group already registered for DAG: example_complex
[2024-12-21T04:37:40.077+0000] {logging_mixin.py:120} INFO - [2024-12-21T04:37:40.077+0000] {taskmixin.py:205} WARNING - Dependency <Task(BashOperator): create_entry_gcs>, delete_entry already registered for DAG: example_complex
[2024-12-21T04:37:40.077+0000] {logging_mixin.py:120} INFO - [2024-12-21T04:37:40.077+0000] {taskmixin.py:205} WARNING - Dependency <Task(BashOperator): delete_entry>, create_entry_gcs already registered for DAG: example_complex
[2024-12-21T04:37:40.078+0000] {logging_mixin.py:120} INFO - [2024-12-21T04:37:40.078+0000] {taskmixin.py:205} WARNING - Dependency <Task(BashOperator): create_tag>, delete_tag already registered for DAG: example_complex
[2024-12-21T04:37:40.079+0000] {logging_mixin.py:120} INFO - [2024-12-21T04:37:40.079+0000] {taskmixin.py:205} WARNING - Dependency <Task(BashOperator): delete_tag>, create_tag already registered for DAG: example_complex
[2024-12-21T04:37:40.099+0000] {processor.py:766} INFO - DAG(s) dict_keys(['example_complex']) retrieved from /home/airflow/.local/lib/python3.7/site-packages/airflow/example_dags/example_complex.py
[2024-12-21T04:37:40.398+0000] {logging_mixin.py:120} INFO - [2024-12-21T04:37:40.397+0000] {manager.py:507} INFO - Created Permission View: can delete on DAG:example_complex
[2024-12-21T04:37:40.436+0000] {logging_mixin.py:120} INFO - [2024-12-21T04:37:40.435+0000] {manager.py:507} INFO - Created Permission View: can edit on DAG:example_complex
[2024-12-21T04:37:40.459+0000] {logging_mixin.py:120} INFO - [2024-12-21T04:37:40.459+0000] {manager.py:507} INFO - Created Permission View: can read on DAG:example_complex
[2024-12-21T04:37:40.460+0000] {logging_mixin.py:120} INFO - [2024-12-21T04:37:40.460+0000] {dag.py:2585} INFO - Sync 1 DAGs
[2024-12-21T04:37:40.497+0000] {logging_mixin.py:120} INFO - [2024-12-21T04:37:40.496+0000] {dag.py:2606} INFO - Creating ORM DAG for example_complex
[2024-12-21T04:37:40.532+0000] {logging_mixin.py:120} INFO - [2024-12-21T04:37:40.531+0000] {dag.py:3340} INFO - Setting next_dagrun for example_complex to None, run_after=None
[2024-12-21T04:37:40.591+0000] {processor.py:176} INFO - Processing /home/airflow/.local/lib/python3.7/site-packages/airflow/example_dags/example_complex.py took 0.561 seconds
[2024-12-21T04:38:10.874+0000] {processor.py:154} INFO - Started process (PID=127) to work on /home/airflow/.local/lib/python3.7/site-packages/airflow/example_dags/example_complex.py
[2024-12-21T04:38:10.875+0000] {processor.py:756} INFO - Processing file /home/airflow/.local/lib/python3.7/site-packages/airflow/example_dags/example_complex.py for tasks to queue
[2024-12-21T04:38:10.876+0000] {logging_mixin.py:120} INFO - [2024-12-21T04:38:10.876+0000] {dagbag.py:537} INFO - Filling up the DagBag from /home/airflow/.local/lib/python3.7/site-packages/airflow/example_dags/example_complex.py
[2024-12-21T04:38:10.890+0000] {logging_mixin.py:120} INFO - [2024-12-21T04:38:10.890+0000] {taskmixin.py:205} WARNING - Dependency <Task(BashOperator): create_entry_group>, delete_entry_group already registered for DAG: example_complex
[2024-12-21T04:38:10.890+0000] {logging_mixin.py:120} INFO - [2024-12-21T04:38:10.890+0000] {taskmixin.py:205} WARNING - Dependency <Task(BashOperator): delete_entry_group>, create_entry_group already registered for DAG: example_complex
[2024-12-21T04:38:10.890+0000] {logging_mixin.py:120} INFO - [2024-12-21T04:38:10.890+0000] {taskmixin.py:205} WARNING - Dependency <Task(BashOperator): create_entry_gcs>, delete_entry already registered for DAG: example_complex
[2024-12-21T04:38:10.891+0000] {logging_mixin.py:120} INFO - [2024-12-21T04:38:10.890+0000] {taskmixin.py:205} WARNING - Dependency <Task(BashOperator): delete_entry>, create_entry_gcs already registered for DAG: example_complex
[2024-12-21T04:38:10.891+0000] {logging_mixin.py:120} INFO - [2024-12-21T04:38:10.891+0000] {taskmixin.py:205} WARNING - Dependency <Task(BashOperator): create_tag>, delete_tag already registered for DAG: example_complex
[2024-12-21T04:38:10.891+0000] {logging_mixin.py:120} INFO - [2024-12-21T04:38:10.891+0000] {taskmixin.py:205} WARNING - Dependency <Task(BashOperator): delete_tag>, create_tag already registered for DAG: example_complex
[2024-12-21T04:38:10.898+0000] {processor.py:766} INFO - DAG(s) dict_keys(['example_complex']) retrieved from /home/airflow/.local/lib/python3.7/site-packages/airflow/example_dags/example_complex.py
[2024-12-21T04:38:10.939+0000] {logging_mixin.py:120} INFO - [2024-12-21T04:38:10.939+0000] {dag.py:2585} INFO - Sync 1 DAGs
[2024-12-21T04:38:10.963+0000] {logging_mixin.py:120} INFO - [2024-12-21T04:38:10.963+0000] {dag.py:3340} INFO - Setting next_dagrun for example_complex to None, run_after=None
[2024-12-21T04:38:10.991+0000] {processor.py:176} INFO - Processing /home/airflow/.local/lib/python3.7/site-packages/airflow/example_dags/example_complex.py took 0.120 seconds
[2024-12-21T04:38:41.632+0000] {processor.py:154} INFO - Started process (PID=191) to work on /home/airflow/.local/lib/python3.7/site-packages/airflow/example_dags/example_complex.py
[2024-12-21T04:38:41.633+0000] {processor.py:756} INFO - Processing file /home/airflow/.local/lib/python3.7/site-packages/airflow/example_dags/example_complex.py for tasks to queue
[2024-12-21T04:38:41.634+0000] {logging_mixin.py:120} INFO - [2024-12-21T04:38:41.634+0000] {dagbag.py:537} INFO - Filling up the DagBag from /home/airflow/.local/lib/python3.7/site-packages/airflow/example_dags/example_complex.py
[2024-12-21T04:38:41.644+0000] {logging_mixin.py:120} INFO - [2024-12-21T04:38:41.644+0000] {taskmixin.py:205} WARNING - Dependency <Task(BashOperator): create_entry_group>, delete_entry_group already registered for DAG: example_complex
[2024-12-21T04:38:41.644+0000] {logging_mixin.py:120} INFO - [2024-12-21T04:38:41.644+0000] {taskmixin.py:205} WARNING - Dependency <Task(BashOperator): delete_entry_group>, create_entry_group already registered for DAG: example_complex
[2024-12-21T04:38:41.644+0000] {logging_mixin.py:120} INFO - [2024-12-21T04:38:41.644+0000] {taskmixin.py:205} WARNING - Dependency <Task(BashOperator): create_entry_gcs>, delete_entry already registered for DAG: example_complex
[2024-12-21T04:38:41.645+0000] {logging_mixin.py:120} INFO - [2024-12-21T04:38:41.645+0000] {taskmixin.py:205} WARNING - Dependency <Task(BashOperator): delete_entry>, create_entry_gcs already registered for DAG: example_complex
[2024-12-21T04:38:41.645+0000] {logging_mixin.py:120} INFO - [2024-12-21T04:38:41.645+0000] {taskmixin.py:205} WARNING - Dependency <Task(BashOperator): create_tag>, delete_tag already registered for DAG: example_complex
[2024-12-21T04:38:41.645+0000] {logging_mixin.py:120} INFO - [2024-12-21T04:38:41.645+0000] {taskmixin.py:205} WARNING - Dependency <Task(BashOperator): delete_tag>, create_tag already registered for DAG: example_complex
[2024-12-21T04:38:41.651+0000] {processor.py:766} INFO - DAG(s) dict_keys(['example_complex']) retrieved from /home/airflow/.local/lib/python3.7/site-packages/airflow/example_dags/example_complex.py
[2024-12-21T04:38:41.689+0000] {logging_mixin.py:120} INFO - [2024-12-21T04:38:41.689+0000] {dag.py:2585} INFO - Sync 1 DAGs
[2024-12-21T04:38:41.711+0000] {logging_mixin.py:120} INFO - [2024-12-21T04:38:41.711+0000] {dag.py:3340} INFO - Setting next_dagrun for example_complex to None, run_after=None
[2024-12-21T04:38:41.725+0000] {processor.py:176} INFO - Processing /home/airflow/.local/lib/python3.7/site-packages/airflow/example_dags/example_complex.py took 0.096 seconds
[2024-12-21T04:39:11.903+0000] {processor.py:154} INFO - Started process (PID=245) to work on /home/airflow/.local/lib/python3.7/site-packages/airflow/example_dags/example_complex.py
[2024-12-21T04:39:11.904+0000] {processor.py:756} INFO - Processing file /home/airflow/.local/lib/python3.7/site-packages/airflow/example_dags/example_complex.py for tasks to queue
[2024-12-21T04:39:11.905+0000] {logging_mixin.py:120} INFO - [2024-12-21T04:39:11.904+0000] {dagbag.py:537} INFO - Filling up the DagBag from /home/airflow/.local/lib/python3.7/site-packages/airflow/example_dags/example_complex.py
[2024-12-21T04:39:11.917+0000] {logging_mixin.py:120} INFO - [2024-12-21T04:39:11.917+0000] {taskmixin.py:205} WARNING - Dependency <Task(BashOperator): create_entry_group>, delete_entry_group already registered for DAG: example_complex
[2024-12-21T04:39:11.917+0000] {logging_mixin.py:120} INFO - [2024-12-21T04:39:11.917+0000] {taskmixin.py:205} WARNING - Dependency <Task(BashOperator): delete_entry_group>, create_entry_group already registered for DAG: example_complex
[2024-12-21T04:39:11.917+0000] {logging_mixin.py:120} INFO - [2024-12-21T04:39:11.917+0000] {taskmixin.py:205} WARNING - Dependency <Task(BashOperator): create_entry_gcs>, delete_entry already registered for DAG: example_complex
[2024-12-21T04:39:11.918+0000] {logging_mixin.py:120} INFO - [2024-12-21T04:39:11.917+0000] {taskmixin.py:205} WARNING - Dependency <Task(BashOperator): delete_entry>, create_entry_gcs already registered for DAG: example_complex
[2024-12-21T04:39:11.918+0000] {logging_mixin.py:120} INFO - [2024-12-21T04:39:11.918+0000] {taskmixin.py:205} WARNING - Dependency <Task(BashOperator): create_tag>, delete_tag already registered for DAG: example_complex
[2024-12-21T04:39:11.918+0000] {logging_mixin.py:120} INFO - [2024-12-21T04:39:11.918+0000] {taskmixin.py:205} WARNING - Dependency <Task(BashOperator): delete_tag>, create_tag already registered for DAG: example_complex
[2024-12-21T04:39:11.924+0000] {processor.py:766} INFO - DAG(s) dict_keys(['example_complex']) retrieved from /home/airflow/.local/lib/python3.7/site-packages/airflow/example_dags/example_complex.py
[2024-12-21T04:39:11.958+0000] {logging_mixin.py:120} INFO - [2024-12-21T04:39:11.958+0000] {dag.py:2585} INFO - Sync 1 DAGs
[2024-12-21T04:39:11.979+0000] {logging_mixin.py:120} INFO - [2024-12-21T04:39:11.979+0000] {dag.py:3340} INFO - Setting next_dagrun for example_complex to None, run_after=None
[2024-12-21T04:39:11.994+0000] {processor.py:176} INFO - Processing /home/airflow/.local/lib/python3.7/site-packages/airflow/example_dags/example_complex.py took 0.094 seconds
[2024-12-21T04:39:42.478+0000] {processor.py:154} INFO - Started process (PID=308) to work on /home/airflow/.local/lib/python3.7/site-packages/airflow/example_dags/example_complex.py
[2024-12-21T04:39:42.479+0000] {processor.py:756} INFO - Processing file /home/airflow/.local/lib/python3.7/site-packages/airflow/example_dags/example_complex.py for tasks to queue
[2024-12-21T04:39:42.480+0000] {logging_mixin.py:120} INFO - [2024-12-21T04:39:42.480+0000] {dagbag.py:537} INFO - Filling up the DagBag from /home/airflow/.local/lib/python3.7/site-packages/airflow/example_dags/example_complex.py
[2024-12-21T04:39:42.493+0000] {logging_mixin.py:120} INFO - [2024-12-21T04:39:42.493+0000] {taskmixin.py:205} WARNING - Dependency <Task(BashOperator): create_entry_group>, delete_entry_group already registered for DAG: example_complex
[2024-12-21T04:39:42.493+0000] {logging_mixin.py:120} INFO - [2024-12-21T04:39:42.493+0000] {taskmixin.py:205} WARNING - Dependency <Task(BashOperator): delete_entry_group>, create_entry_group already registered for DAG: example_complex
[2024-12-21T04:39:42.493+0000] {logging_mixin.py:120} INFO - [2024-12-21T04:39:42.493+0000] {taskmixin.py:205} WARNING - Dependency <Task(BashOperator): create_entry_gcs>, delete_entry already registered for DAG: example_complex
[2024-12-21T04:39:42.494+0000] {logging_mixin.py:120} INFO - [2024-12-21T04:39:42.494+0000] {taskmixin.py:205} WARNING - Dependency <Task(BashOperator): delete_entry>, create_entry_gcs already registered for DAG: example_complex
[2024-12-21T04:39:42.494+0000] {logging_mixin.py:120} INFO - [2024-12-21T04:39:42.494+0000] {taskmixin.py:205} WARNING - Dependency <Task(BashOperator): create_tag>, delete_tag already registered for DAG: example_complex
[2024-12-21T04:39:42.494+0000] {logging_mixin.py:120} INFO - [2024-12-21T04:39:42.494+0000] {taskmixin.py:205} WARNING - Dependency <Task(BashOperator): delete_tag>, create_tag already registered for DAG: example_complex
[2024-12-21T04:39:42.502+0000] {processor.py:766} INFO - DAG(s) dict_keys(['example_complex']) retrieved from /home/airflow/.local/lib/python3.7/site-packages/airflow/example_dags/example_complex.py
[2024-12-21T04:39:42.555+0000] {logging_mixin.py:120} INFO - [2024-12-21T04:39:42.555+0000] {dag.py:2585} INFO - Sync 1 DAGs
[2024-12-21T04:39:42.592+0000] {logging_mixin.py:120} INFO - [2024-12-21T04:39:42.592+0000] {dag.py:3340} INFO - Setting next_dagrun for example_complex to None, run_after=None
[2024-12-21T04:39:42.623+0000] {processor.py:176} INFO - Processing /home/airflow/.local/lib/python3.7/site-packages/airflow/example_dags/example_complex.py took 0.149 seconds
[2024-12-21T04:40:13.289+0000] {processor.py:154} INFO - Started process (PID=371) to work on /home/airflow/.local/lib/python3.7/site-packages/airflow/example_dags/example_complex.py
[2024-12-21T04:40:13.291+0000] {processor.py:756} INFO - Processing file /home/airflow/.local/lib/python3.7/site-packages/airflow/example_dags/example_complex.py for tasks to queue
[2024-12-21T04:40:13.291+0000] {logging_mixin.py:120} INFO - [2024-12-21T04:40:13.291+0000] {dagbag.py:537} INFO - Filling up the DagBag from /home/airflow/.local/lib/python3.7/site-packages/airflow/example_dags/example_complex.py
[2024-12-21T04:40:13.303+0000] {logging_mixin.py:120} INFO - [2024-12-21T04:40:13.303+0000] {taskmixin.py:205} WARNING - Dependency <Task(BashOperator): create_entry_group>, delete_entry_group already registered for DAG: example_complex
[2024-12-21T04:40:13.304+0000] {logging_mixin.py:120} INFO - [2024-12-21T04:40:13.304+0000] {taskmixin.py:205} WARNING - Dependency <Task(BashOperator): delete_entry_group>, create_entry_group already registered for DAG: example_complex
[2024-12-21T04:40:13.304+0000] {logging_mixin.py:120} INFO - [2024-12-21T04:40:13.304+0000] {taskmixin.py:205} WARNING - Dependency <Task(BashOperator): create_entry_gcs>, delete_entry already registered for DAG: example_complex
[2024-12-21T04:40:13.304+0000] {logging_mixin.py:120} INFO - [2024-12-21T04:40:13.304+0000] {taskmixin.py:205} WARNING - Dependency <Task(BashOperator): delete_entry>, create_entry_gcs already registered for DAG: example_complex
[2024-12-21T04:40:13.305+0000] {logging_mixin.py:120} INFO - [2024-12-21T04:40:13.304+0000] {taskmixin.py:205} WARNING - Dependency <Task(BashOperator): create_tag>, delete_tag already registered for DAG: example_complex
[2024-12-21T04:40:13.305+0000] {logging_mixin.py:120} INFO - [2024-12-21T04:40:13.305+0000] {taskmixin.py:205} WARNING - Dependency <Task(BashOperator): delete_tag>, create_tag already registered for DAG: example_complex
[2024-12-21T04:40:13.311+0000] {processor.py:766} INFO - DAG(s) dict_keys(['example_complex']) retrieved from /home/airflow/.local/lib/python3.7/site-packages/airflow/example_dags/example_complex.py
[2024-12-21T04:40:13.353+0000] {logging_mixin.py:120} INFO - [2024-12-21T04:40:13.353+0000] {dag.py:2585} INFO - Sync 1 DAGs
[2024-12-21T04:40:13.375+0000] {logging_mixin.py:120} INFO - [2024-12-21T04:40:13.374+0000] {dag.py:3340} INFO - Setting next_dagrun for example_complex to None, run_after=None
[2024-12-21T04:40:13.393+0000] {processor.py:176} INFO - Processing /home/airflow/.local/lib/python3.7/site-packages/airflow/example_dags/example_complex.py took 0.107 seconds
[2024-12-21T04:40:44.087+0000] {processor.py:154} INFO - Started process (PID=425) to work on /home/airflow/.local/lib/python3.7/site-packages/airflow/example_dags/example_complex.py
[2024-12-21T04:40:44.088+0000] {processor.py:756} INFO - Processing file /home/airflow/.local/lib/python3.7/site-packages/airflow/example_dags/example_complex.py for tasks to queue
[2024-12-21T04:40:44.089+0000] {logging_mixin.py:120} INFO - [2024-12-21T04:40:44.089+0000] {dagbag.py:537} INFO - Filling up the DagBag from /home/airflow/.local/lib/python3.7/site-packages/airflow/example_dags/example_complex.py
[2024-12-21T04:40:44.098+0000] {logging_mixin.py:120} INFO - [2024-12-21T04:40:44.098+0000] {taskmixin.py:205} WARNING - Dependency <Task(BashOperator): create_entry_group>, delete_entry_group already registered for DAG: example_complex
[2024-12-21T04:40:44.099+0000] {logging_mixin.py:120} INFO - [2024-12-21T04:40:44.099+0000] {taskmixin.py:205} WARNING - Dependency <Task(BashOperator): delete_entry_group>, create_entry_group already registered for DAG: example_complex
[2024-12-21T04:40:44.099+0000] {logging_mixin.py:120} INFO - [2024-12-21T04:40:44.099+0000] {taskmixin.py:205} WARNING - Dependency <Task(BashOperator): create_entry_gcs>, delete_entry already registered for DAG: example_complex
[2024-12-21T04:40:44.099+0000] {logging_mixin.py:120} INFO - [2024-12-21T04:40:44.099+0000] {taskmixin.py:205} WARNING - Dependency <Task(BashOperator): delete_entry>, create_entry_gcs already registered for DAG: example_complex
[2024-12-21T04:40:44.099+0000] {logging_mixin.py:120} INFO - [2024-12-21T04:40:44.099+0000] {taskmixin.py:205} WARNING - Dependency <Task(BashOperator): create_tag>, delete_tag already registered for DAG: example_complex
[2024-12-21T04:40:44.099+0000] {logging_mixin.py:120} INFO - [2024-12-21T04:40:44.099+0000] {taskmixin.py:205} WARNING - Dependency <Task(BashOperator): delete_tag>, create_tag already registered for DAG: example_complex
[2024-12-21T04:40:44.105+0000] {processor.py:766} INFO - DAG(s) dict_keys(['example_complex']) retrieved from /home/airflow/.local/lib/python3.7/site-packages/airflow/example_dags/example_complex.py
[2024-12-21T04:40:44.142+0000] {logging_mixin.py:120} INFO - [2024-12-21T04:40:44.142+0000] {dag.py:2585} INFO - Sync 1 DAGs
[2024-12-21T04:40:44.161+0000] {logging_mixin.py:120} INFO - [2024-12-21T04:40:44.161+0000] {dag.py:3340} INFO - Setting next_dagrun for example_complex to None, run_after=None
[2024-12-21T04:40:44.179+0000] {processor.py:176} INFO - Processing /home/airflow/.local/lib/python3.7/site-packages/airflow/example_dags/example_complex.py took 0.094 seconds
[2024-12-21T04:41:14.369+0000] {processor.py:154} INFO - Started process (PID=488) to work on /home/airflow/.local/lib/python3.7/site-packages/airflow/example_dags/example_complex.py
[2024-12-21T04:41:14.370+0000] {processor.py:756} INFO - Processing file /home/airflow/.local/lib/python3.7/site-packages/airflow/example_dags/example_complex.py for tasks to queue
[2024-12-21T04:41:14.370+0000] {logging_mixin.py:120} INFO - [2024-12-21T04:41:14.370+0000] {dagbag.py:537} INFO - Filling up the DagBag from /home/airflow/.local/lib/python3.7/site-packages/airflow/example_dags/example_complex.py
[2024-12-21T04:41:14.381+0000] {logging_mixin.py:120} INFO - [2024-12-21T04:41:14.381+0000] {taskmixin.py:205} WARNING - Dependency <Task(BashOperator): create_entry_group>, delete_entry_group already registered for DAG: example_complex
[2024-12-21T04:41:14.384+0000] {logging_mixin.py:120} INFO - [2024-12-21T04:41:14.384+0000] {taskmixin.py:205} WARNING - Dependency <Task(BashOperator): delete_entry_group>, create_entry_group already registered for DAG: example_complex
[2024-12-21T04:41:14.386+0000] {logging_mixin.py:120} INFO - [2024-12-21T04:41:14.386+0000] {taskmixin.py:205} WARNING - Dependency <Task(BashOperator): create_entry_gcs>, delete_entry already registered for DAG: example_complex
[2024-12-21T04:41:14.388+0000] {logging_mixin.py:120} INFO - [2024-12-21T04:41:14.388+0000] {taskmixin.py:205} WARNING - Dependency <Task(BashOperator): delete_entry>, create_entry_gcs already registered for DAG: example_complex
[2024-12-21T04:41:14.389+0000] {logging_mixin.py:120} INFO - [2024-12-21T04:41:14.389+0000] {taskmixin.py:205} WARNING - Dependency <Task(BashOperator): create_tag>, delete_tag already registered for DAG: example_complex
[2024-12-21T04:41:14.390+0000] {logging_mixin.py:120} INFO - [2024-12-21T04:41:14.390+0000] {taskmixin.py:205} WARNING - Dependency <Task(BashOperator): delete_tag>, create_tag already registered for DAG: example_complex
[2024-12-21T04:41:14.396+0000] {processor.py:766} INFO - DAG(s) dict_keys(['example_complex']) retrieved from /home/airflow/.local/lib/python3.7/site-packages/airflow/example_dags/example_complex.py
[2024-12-21T04:41:14.438+0000] {logging_mixin.py:120} INFO - [2024-12-21T04:41:14.438+0000] {dag.py:2585} INFO - Sync 1 DAGs
[2024-12-21T04:41:14.456+0000] {logging_mixin.py:120} INFO - [2024-12-21T04:41:14.456+0000] {dag.py:3340} INFO - Setting next_dagrun for example_complex to None, run_after=None
[2024-12-21T04:41:14.468+0000] {processor.py:176} INFO - Processing /home/airflow/.local/lib/python3.7/site-packages/airflow/example_dags/example_complex.py took 0.103 seconds
[2024-12-21T04:41:44.753+0000] {processor.py:154} INFO - Started process (PID=551) to work on /home/airflow/.local/lib/python3.7/site-packages/airflow/example_dags/example_complex.py
[2024-12-21T04:41:44.753+0000] {processor.py:756} INFO - Processing file /home/airflow/.local/lib/python3.7/site-packages/airflow/example_dags/example_complex.py for tasks to queue
[2024-12-21T04:41:44.754+0000] {logging_mixin.py:120} INFO - [2024-12-21T04:41:44.754+0000] {dagbag.py:537} INFO - Filling up the DagBag from /home/airflow/.local/lib/python3.7/site-packages/airflow/example_dags/example_complex.py
[2024-12-21T04:41:44.762+0000] {logging_mixin.py:120} INFO - [2024-12-21T04:41:44.762+0000] {taskmixin.py:205} WARNING - Dependency <Task(BashOperator): create_entry_group>, delete_entry_group already registered for DAG: example_complex
[2024-12-21T04:41:44.762+0000] {logging_mixin.py:120} INFO - [2024-12-21T04:41:44.762+0000] {taskmixin.py:205} WARNING - Dependency <Task(BashOperator): delete_entry_group>, create_entry_group already registered for DAG: example_complex
[2024-12-21T04:41:44.763+0000] {logging_mixin.py:120} INFO - [2024-12-21T04:41:44.763+0000] {taskmixin.py:205} WARNING - Dependency <Task(BashOperator): create_entry_gcs>, delete_entry already registered for DAG: example_complex
[2024-12-21T04:41:44.763+0000] {logging_mixin.py:120} INFO - [2024-12-21T04:41:44.763+0000] {taskmixin.py:205} WARNING - Dependency <Task(BashOperator): delete_entry>, create_entry_gcs already registered for DAG: example_complex
[2024-12-21T04:41:44.763+0000] {logging_mixin.py:120} INFO - [2024-12-21T04:41:44.763+0000] {taskmixin.py:205} WARNING - Dependency <Task(BashOperator): create_tag>, delete_tag already registered for DAG: example_complex
[2024-12-21T04:41:44.763+0000] {logging_mixin.py:120} INFO - [2024-12-21T04:41:44.763+0000] {taskmixin.py:205} WARNING - Dependency <Task(BashOperator): delete_tag>, create_tag already registered for DAG: example_complex
[2024-12-21T04:41:44.769+0000] {processor.py:766} INFO - DAG(s) dict_keys(['example_complex']) retrieved from /home/airflow/.local/lib/python3.7/site-packages/airflow/example_dags/example_complex.py
[2024-12-21T04:41:44.802+0000] {logging_mixin.py:120} INFO - [2024-12-21T04:41:44.802+0000] {dag.py:2585} INFO - Sync 1 DAGs
[2024-12-21T04:41:44.820+0000] {logging_mixin.py:120} INFO - [2024-12-21T04:41:44.820+0000] {dag.py:3340} INFO - Setting next_dagrun for example_complex to None, run_after=None
[2024-12-21T04:41:44.836+0000] {processor.py:176} INFO - Processing /home/airflow/.local/lib/python3.7/site-packages/airflow/example_dags/example_complex.py took 0.086 seconds
[2024-12-21T04:42:15.260+0000] {processor.py:154} INFO - Started process (PID=605) to work on /home/airflow/.local/lib/python3.7/site-packages/airflow/example_dags/example_complex.py
[2024-12-21T04:42:15.262+0000] {processor.py:756} INFO - Processing file /home/airflow/.local/lib/python3.7/site-packages/airflow/example_dags/example_complex.py for tasks to queue
[2024-12-21T04:42:15.262+0000] {logging_mixin.py:120} INFO - [2024-12-21T04:42:15.262+0000] {dagbag.py:537} INFO - Filling up the DagBag from /home/airflow/.local/lib/python3.7/site-packages/airflow/example_dags/example_complex.py
[2024-12-21T04:42:15.272+0000] {logging_mixin.py:120} INFO - [2024-12-21T04:42:15.272+0000] {taskmixin.py:205} WARNING - Dependency <Task(BashOperator): create_entry_group>, delete_entry_group already registered for DAG: example_complex
[2024-12-21T04:42:15.276+0000] {logging_mixin.py:120} INFO - [2024-12-21T04:42:15.276+0000] {taskmixin.py:205} WARNING - Dependency <Task(BashOperator): delete_entry_group>, create_entry_group already registered for DAG: example_complex
[2024-12-21T04:42:15.278+0000] {logging_mixin.py:120} INFO - [2024-12-21T04:42:15.278+0000] {taskmixin.py:205} WARNING - Dependency <Task(BashOperator): create_entry_gcs>, delete_entry already registered for DAG: example_complex
[2024-12-21T04:42:15.278+0000] {logging_mixin.py:120} INFO - [2024-12-21T04:42:15.278+0000] {taskmixin.py:205} WARNING - Dependency <Task(BashOperator): delete_entry>, create_entry_gcs already registered for DAG: example_complex
[2024-12-21T04:42:15.280+0000] {logging_mixin.py:120} INFO - [2024-12-21T04:42:15.280+0000] {taskmixin.py:205} WARNING - Dependency <Task(BashOperator): create_tag>, delete_tag already registered for DAG: example_complex
[2024-12-21T04:42:15.280+0000] {logging_mixin.py:120} INFO - [2024-12-21T04:42:15.280+0000] {taskmixin.py:205} WARNING - Dependency <Task(BashOperator): delete_tag>, create_tag already registered for DAG: example_complex
[2024-12-21T04:42:15.288+0000] {processor.py:766} INFO - DAG(s) dict_keys(['example_complex']) retrieved from /home/airflow/.local/lib/python3.7/site-packages/airflow/example_dags/example_complex.py
[2024-12-21T04:42:15.342+0000] {logging_mixin.py:120} INFO - [2024-12-21T04:42:15.342+0000] {dag.py:2585} INFO - Sync 1 DAGs
[2024-12-21T04:42:15.365+0000] {logging_mixin.py:120} INFO - [2024-12-21T04:42:15.365+0000] {dag.py:3340} INFO - Setting next_dagrun for example_complex to None, run_after=None
[2024-12-21T04:42:15.387+0000] {processor.py:176} INFO - Processing /home/airflow/.local/lib/python3.7/site-packages/airflow/example_dags/example_complex.py took 0.130 seconds
[2024-12-21T04:42:45.839+0000] {processor.py:154} INFO - Started process (PID=668) to work on /home/airflow/.local/lib/python3.7/site-packages/airflow/example_dags/example_complex.py
[2024-12-21T04:42:45.839+0000] {processor.py:756} INFO - Processing file /home/airflow/.local/lib/python3.7/site-packages/airflow/example_dags/example_complex.py for tasks to queue
[2024-12-21T04:42:45.840+0000] {logging_mixin.py:120} INFO - [2024-12-21T04:42:45.840+0000] {dagbag.py:537} INFO - Filling up the DagBag from /home/airflow/.local/lib/python3.7/site-packages/airflow/example_dags/example_complex.py
[2024-12-21T04:42:45.850+0000] {logging_mixin.py:120} INFO - [2024-12-21T04:42:45.849+0000] {taskmixin.py:205} WARNING - Dependency <Task(BashOperator): create_entry_group>, delete_entry_group already registered for DAG: example_complex
[2024-12-21T04:42:45.850+0000] {logging_mixin.py:120} INFO - [2024-12-21T04:42:45.850+0000] {taskmixin.py:205} WARNING - Dependency <Task(BashOperator): delete_entry_group>, create_entry_group already registered for DAG: example_complex
[2024-12-21T04:42:45.851+0000] {logging_mixin.py:120} INFO - [2024-12-21T04:42:45.850+0000] {taskmixin.py:205} WARNING - Dependency <Task(BashOperator): create_entry_gcs>, delete_entry already registered for DAG: example_complex
[2024-12-21T04:42:45.851+0000] {logging_mixin.py:120} INFO - [2024-12-21T04:42:45.851+0000] {taskmixin.py:205} WARNING - Dependency <Task(BashOperator): delete_entry>, create_entry_gcs already registered for DAG: example_complex
[2024-12-21T04:42:45.851+0000] {logging_mixin.py:120} INFO - [2024-12-21T04:42:45.851+0000] {taskmixin.py:205} WARNING - Dependency <Task(BashOperator): create_tag>, delete_tag already registered for DAG: example_complex
[2024-12-21T04:42:45.851+0000] {logging_mixin.py:120} INFO - [2024-12-21T04:42:45.851+0000] {taskmixin.py:205} WARNING - Dependency <Task(BashOperator): delete_tag>, create_tag already registered for DAG: example_complex
[2024-12-21T04:42:45.858+0000] {processor.py:766} INFO - DAG(s) dict_keys(['example_complex']) retrieved from /home/airflow/.local/lib/python3.7/site-packages/airflow/example_dags/example_complex.py
[2024-12-21T04:42:45.898+0000] {logging_mixin.py:120} INFO - [2024-12-21T04:42:45.898+0000] {dag.py:2585} INFO - Sync 1 DAGs
[2024-12-21T04:42:45.918+0000] {logging_mixin.py:120} INFO - [2024-12-21T04:42:45.918+0000] {dag.py:3340} INFO - Setting next_dagrun for example_complex to None, run_after=None
[2024-12-21T04:42:45.934+0000] {processor.py:176} INFO - Processing /home/airflow/.local/lib/python3.7/site-packages/airflow/example_dags/example_complex.py took 0.098 seconds
[2024-12-21T04:43:16.441+0000] {processor.py:154} INFO - Started process (PID=731) to work on /home/airflow/.local/lib/python3.7/site-packages/airflow/example_dags/example_complex.py
[2024-12-21T04:43:16.442+0000] {processor.py:756} INFO - Processing file /home/airflow/.local/lib/python3.7/site-packages/airflow/example_dags/example_complex.py for tasks to queue
[2024-12-21T04:43:16.442+0000] {logging_mixin.py:120} INFO - [2024-12-21T04:43:16.442+0000] {dagbag.py:537} INFO - Filling up the DagBag from /home/airflow/.local/lib/python3.7/site-packages/airflow/example_dags/example_complex.py
[2024-12-21T04:43:16.452+0000] {logging_mixin.py:120} INFO - [2024-12-21T04:43:16.452+0000] {taskmixin.py:205} WARNING - Dependency <Task(BashOperator): create_entry_group>, delete_entry_group already registered for DAG: example_complex
[2024-12-21T04:43:16.452+0000] {logging_mixin.py:120} INFO - [2024-12-21T04:43:16.452+0000] {taskmixin.py:205} WARNING - Dependency <Task(BashOperator): delete_entry_group>, create_entry_group already registered for DAG: example_complex
[2024-12-21T04:43:16.452+0000] {logging_mixin.py:120} INFO - [2024-12-21T04:43:16.452+0000] {taskmixin.py:205} WARNING - Dependency <Task(BashOperator): create_entry_gcs>, delete_entry already registered for DAG: example_complex
[2024-12-21T04:43:16.453+0000] {logging_mixin.py:120} INFO - [2024-12-21T04:43:16.453+0000] {taskmixin.py:205} WARNING - Dependency <Task(BashOperator): delete_entry>, create_entry_gcs already registered for DAG: example_complex
[2024-12-21T04:43:16.454+0000] {logging_mixin.py:120} INFO - [2024-12-21T04:43:16.454+0000] {taskmixin.py:205} WARNING - Dependency <Task(BashOperator): create_tag>, delete_tag already registered for DAG: example_complex
[2024-12-21T04:43:16.454+0000] {logging_mixin.py:120} INFO - [2024-12-21T04:43:16.454+0000] {taskmixin.py:205} WARNING - Dependency <Task(BashOperator): delete_tag>, create_tag already registered for DAG: example_complex
[2024-12-21T04:43:16.459+0000] {processor.py:766} INFO - DAG(s) dict_keys(['example_complex']) retrieved from /home/airflow/.local/lib/python3.7/site-packages/airflow/example_dags/example_complex.py
[2024-12-21T04:43:16.499+0000] {logging_mixin.py:120} INFO - [2024-12-21T04:43:16.499+0000] {dag.py:2585} INFO - Sync 1 DAGs
[2024-12-21T04:43:16.517+0000] {logging_mixin.py:120} INFO - [2024-12-21T04:43:16.517+0000] {dag.py:3340} INFO - Setting next_dagrun for example_complex to None, run_after=None
[2024-12-21T04:43:16.530+0000] {processor.py:176} INFO - Processing /home/airflow/.local/lib/python3.7/site-packages/airflow/example_dags/example_complex.py took 0.091 seconds
[2024-12-21T04:43:47.187+0000] {processor.py:154} INFO - Started process (PID=794) to work on /home/airflow/.local/lib/python3.7/site-packages/airflow/example_dags/example_complex.py
[2024-12-21T04:43:47.188+0000] {processor.py:756} INFO - Processing file /home/airflow/.local/lib/python3.7/site-packages/airflow/example_dags/example_complex.py for tasks to queue
[2024-12-21T04:43:47.189+0000] {logging_mixin.py:120} INFO - [2024-12-21T04:43:47.189+0000] {dagbag.py:537} INFO - Filling up the DagBag from /home/airflow/.local/lib/python3.7/site-packages/airflow/example_dags/example_complex.py
[2024-12-21T04:43:47.198+0000] {logging_mixin.py:120} INFO - [2024-12-21T04:43:47.198+0000] {taskmixin.py:205} WARNING - Dependency <Task(BashOperator): create_entry_group>, delete_entry_group already registered for DAG: example_complex
[2024-12-21T04:43:47.198+0000] {logging_mixin.py:120} INFO - [2024-12-21T04:43:47.198+0000] {taskmixin.py:205} WARNING - Dependency <Task(BashOperator): delete_entry_group>, create_entry_group already registered for DAG: example_complex
[2024-12-21T04:43:47.198+0000] {logging_mixin.py:120} INFO - [2024-12-21T04:43:47.198+0000] {taskmixin.py:205} WARNING - Dependency <Task(BashOperator): create_entry_gcs>, delete_entry already registered for DAG: example_complex
[2024-12-21T04:43:47.199+0000] {logging_mixin.py:120} INFO - [2024-12-21T04:43:47.199+0000] {taskmixin.py:205} WARNING - Dependency <Task(BashOperator): delete_entry>, create_entry_gcs already registered for DAG: example_complex
[2024-12-21T04:43:47.199+0000] {logging_mixin.py:120} INFO - [2024-12-21T04:43:47.199+0000] {taskmixin.py:205} WARNING - Dependency <Task(BashOperator): create_tag>, delete_tag already registered for DAG: example_complex
[2024-12-21T04:43:47.199+0000] {logging_mixin.py:120} INFO - [2024-12-21T04:43:47.199+0000] {taskmixin.py:205} WARNING - Dependency <Task(BashOperator): delete_tag>, create_tag already registered for DAG: example_complex
[2024-12-21T04:43:47.205+0000] {processor.py:766} INFO - DAG(s) dict_keys(['example_complex']) retrieved from /home/airflow/.local/lib/python3.7/site-packages/airflow/example_dags/example_complex.py
[2024-12-21T04:43:47.242+0000] {logging_mixin.py:120} INFO - [2024-12-21T04:43:47.242+0000] {dag.py:2585} INFO - Sync 1 DAGs
[2024-12-21T04:43:47.262+0000] {logging_mixin.py:120} INFO - [2024-12-21T04:43:47.262+0000] {dag.py:3340} INFO - Setting next_dagrun for example_complex to None, run_after=None
[2024-12-21T04:43:47.277+0000] {processor.py:176} INFO - Processing /home/airflow/.local/lib/python3.7/site-packages/airflow/example_dags/example_complex.py took 0.092 seconds
[2024-12-21T04:44:18.004+0000] {processor.py:154} INFO - Started process (PID=848) to work on /home/airflow/.local/lib/python3.7/site-packages/airflow/example_dags/example_complex.py
[2024-12-21T04:44:18.005+0000] {processor.py:756} INFO - Processing file /home/airflow/.local/lib/python3.7/site-packages/airflow/example_dags/example_complex.py for tasks to queue
[2024-12-21T04:44:18.006+0000] {logging_mixin.py:120} INFO - [2024-12-21T04:44:18.006+0000] {dagbag.py:537} INFO - Filling up the DagBag from /home/airflow/.local/lib/python3.7/site-packages/airflow/example_dags/example_complex.py
[2024-12-21T04:44:18.015+0000] {logging_mixin.py:120} INFO - [2024-12-21T04:44:18.015+0000] {taskmixin.py:205} WARNING - Dependency <Task(BashOperator): create_entry_group>, delete_entry_group already registered for DAG: example_complex
[2024-12-21T04:44:18.016+0000] {logging_mixin.py:120} INFO - [2024-12-21T04:44:18.016+0000] {taskmixin.py:205} WARNING - Dependency <Task(BashOperator): delete_entry_group>, create_entry_group already registered for DAG: example_complex
[2024-12-21T04:44:18.016+0000] {logging_mixin.py:120} INFO - [2024-12-21T04:44:18.016+0000] {taskmixin.py:205} WARNING - Dependency <Task(BashOperator): create_entry_gcs>, delete_entry already registered for DAG: example_complex
[2024-12-21T04:44:18.016+0000] {logging_mixin.py:120} INFO - [2024-12-21T04:44:18.016+0000] {taskmixin.py:205} WARNING - Dependency <Task(BashOperator): delete_entry>, create_entry_gcs already registered for DAG: example_complex
[2024-12-21T04:44:18.017+0000] {logging_mixin.py:120} INFO - [2024-12-21T04:44:18.017+0000] {taskmixin.py:205} WARNING - Dependency <Task(BashOperator): create_tag>, delete_tag already registered for DAG: example_complex
[2024-12-21T04:44:18.017+0000] {logging_mixin.py:120} INFO - [2024-12-21T04:44:18.017+0000] {taskmixin.py:205} WARNING - Dependency <Task(BashOperator): delete_tag>, create_tag already registered for DAG: example_complex
[2024-12-21T04:44:18.022+0000] {processor.py:766} INFO - DAG(s) dict_keys(['example_complex']) retrieved from /home/airflow/.local/lib/python3.7/site-packages/airflow/example_dags/example_complex.py
[2024-12-21T04:44:18.056+0000] {logging_mixin.py:120} INFO - [2024-12-21T04:44:18.056+0000] {dag.py:2585} INFO - Sync 1 DAGs
[2024-12-21T04:44:18.080+0000] {logging_mixin.py:120} INFO - [2024-12-21T04:44:18.080+0000] {dag.py:3340} INFO - Setting next_dagrun for example_complex to None, run_after=None
[2024-12-21T04:44:18.095+0000] {processor.py:176} INFO - Processing /home/airflow/.local/lib/python3.7/site-packages/airflow/example_dags/example_complex.py took 0.093 seconds
[2024-12-21T04:44:48.492+0000] {processor.py:154} INFO - Started process (PID=911) to work on /home/airflow/.local/lib/python3.7/site-packages/airflow/example_dags/example_complex.py
[2024-12-21T04:44:48.492+0000] {processor.py:756} INFO - Processing file /home/airflow/.local/lib/python3.7/site-packages/airflow/example_dags/example_complex.py for tasks to queue
[2024-12-21T04:44:48.493+0000] {logging_mixin.py:120} INFO - [2024-12-21T04:44:48.493+0000] {dagbag.py:537} INFO - Filling up the DagBag from /home/airflow/.local/lib/python3.7/site-packages/airflow/example_dags/example_complex.py
[2024-12-21T04:44:48.508+0000] {logging_mixin.py:120} INFO - [2024-12-21T04:44:48.507+0000] {taskmixin.py:205} WARNING - Dependency <Task(BashOperator): create_entry_group>, delete_entry_group already registered for DAG: example_complex
[2024-12-21T04:44:48.509+0000] {logging_mixin.py:120} INFO - [2024-12-21T04:44:48.508+0000] {taskmixin.py:205} WARNING - Dependency <Task(BashOperator): delete_entry_group>, create_entry_group already registered for DAG: example_complex
[2024-12-21T04:44:48.509+0000] {logging_mixin.py:120} INFO - [2024-12-21T04:44:48.509+0000] {taskmixin.py:205} WARNING - Dependency <Task(BashOperator): create_entry_gcs>, delete_entry already registered for DAG: example_complex
[2024-12-21T04:44:48.510+0000] {logging_mixin.py:120} INFO - [2024-12-21T04:44:48.510+0000] {taskmixin.py:205} WARNING - Dependency <Task(BashOperator): delete_entry>, create_entry_gcs already registered for DAG: example_complex
[2024-12-21T04:44:48.510+0000] {logging_mixin.py:120} INFO - [2024-12-21T04:44:48.510+0000] {taskmixin.py:205} WARNING - Dependency <Task(BashOperator): create_tag>, delete_tag already registered for DAG: example_complex
[2024-12-21T04:44:48.510+0000] {logging_mixin.py:120} INFO - [2024-12-21T04:44:48.510+0000] {taskmixin.py:205} WARNING - Dependency <Task(BashOperator): delete_tag>, create_tag already registered for DAG: example_complex
[2024-12-21T04:44:48.518+0000] {processor.py:766} INFO - DAG(s) dict_keys(['example_complex']) retrieved from /home/airflow/.local/lib/python3.7/site-packages/airflow/example_dags/example_complex.py
[2024-12-21T04:44:48.563+0000] {logging_mixin.py:120} INFO - [2024-12-21T04:44:48.563+0000] {dag.py:2585} INFO - Sync 1 DAGs
[2024-12-21T04:44:48.586+0000] {logging_mixin.py:120} INFO - [2024-12-21T04:44:48.586+0000] {dag.py:3340} INFO - Setting next_dagrun for example_complex to None, run_after=None
[2024-12-21T04:44:48.601+0000] {processor.py:176} INFO - Processing /home/airflow/.local/lib/python3.7/site-packages/airflow/example_dags/example_complex.py took 0.113 seconds
[2024-12-21T04:45:18.936+0000] {processor.py:154} INFO - Started process (PID=965) to work on /home/airflow/.local/lib/python3.7/site-packages/airflow/example_dags/example_complex.py
[2024-12-21T04:45:18.937+0000] {processor.py:756} INFO - Processing file /home/airflow/.local/lib/python3.7/site-packages/airflow/example_dags/example_complex.py for tasks to queue
[2024-12-21T04:45:18.937+0000] {logging_mixin.py:120} INFO - [2024-12-21T04:45:18.937+0000] {dagbag.py:537} INFO - Filling up the DagBag from /home/airflow/.local/lib/python3.7/site-packages/airflow/example_dags/example_complex.py
[2024-12-21T04:45:18.948+0000] {logging_mixin.py:120} INFO - [2024-12-21T04:45:18.947+0000] {taskmixin.py:205} WARNING - Dependency <Task(BashOperator): create_entry_group>, delete_entry_group already registered for DAG: example_complex
[2024-12-21T04:45:18.948+0000] {logging_mixin.py:120} INFO - [2024-12-21T04:45:18.948+0000] {taskmixin.py:205} WARNING - Dependency <Task(BashOperator): delete_entry_group>, create_entry_group already registered for DAG: example_complex
[2024-12-21T04:45:18.948+0000] {logging_mixin.py:120} INFO - [2024-12-21T04:45:18.948+0000] {taskmixin.py:205} WARNING - Dependency <Task(BashOperator): create_entry_gcs>, delete_entry already registered for DAG: example_complex
[2024-12-21T04:45:18.949+0000] {logging_mixin.py:120} INFO - [2024-12-21T04:45:18.949+0000] {taskmixin.py:205} WARNING - Dependency <Task(BashOperator): delete_entry>, create_entry_gcs already registered for DAG: example_complex
[2024-12-21T04:45:18.949+0000] {logging_mixin.py:120} INFO - [2024-12-21T04:45:18.949+0000] {taskmixin.py:205} WARNING - Dependency <Task(BashOperator): create_tag>, delete_tag already registered for DAG: example_complex
[2024-12-21T04:45:18.949+0000] {logging_mixin.py:120} INFO - [2024-12-21T04:45:18.949+0000] {taskmixin.py:205} WARNING - Dependency <Task(BashOperator): delete_tag>, create_tag already registered for DAG: example_complex
[2024-12-21T04:45:18.956+0000] {processor.py:766} INFO - DAG(s) dict_keys(['example_complex']) retrieved from /home/airflow/.local/lib/python3.7/site-packages/airflow/example_dags/example_complex.py
[2024-12-21T04:45:18.993+0000] {logging_mixin.py:120} INFO - [2024-12-21T04:45:18.993+0000] {dag.py:2585} INFO - Sync 1 DAGs
[2024-12-21T04:45:19.016+0000] {logging_mixin.py:120} INFO - [2024-12-21T04:45:19.016+0000] {dag.py:3340} INFO - Setting next_dagrun for example_complex to None, run_after=None
[2024-12-21T04:45:19.031+0000] {processor.py:176} INFO - Processing /home/airflow/.local/lib/python3.7/site-packages/airflow/example_dags/example_complex.py took 0.100 seconds
[2024-12-21T04:45:49.538+0000] {processor.py:154} INFO - Started process (PID=1028) to work on /home/airflow/.local/lib/python3.7/site-packages/airflow/example_dags/example_complex.py
[2024-12-21T04:45:49.540+0000] {processor.py:756} INFO - Processing file /home/airflow/.local/lib/python3.7/site-packages/airflow/example_dags/example_complex.py for tasks to queue
[2024-12-21T04:45:49.542+0000] {logging_mixin.py:120} INFO - [2024-12-21T04:45:49.542+0000] {dagbag.py:537} INFO - Filling up the DagBag from /home/airflow/.local/lib/python3.7/site-packages/airflow/example_dags/example_complex.py
[2024-12-21T04:45:49.551+0000] {logging_mixin.py:120} INFO - [2024-12-21T04:45:49.551+0000] {taskmixin.py:205} WARNING - Dependency <Task(BashOperator): create_entry_group>, delete_entry_group already registered for DAG: example_complex
[2024-12-21T04:45:49.552+0000] {logging_mixin.py:120} INFO - [2024-12-21T04:45:49.552+0000] {taskmixin.py:205} WARNING - Dependency <Task(BashOperator): delete_entry_group>, create_entry_group already registered for DAG: example_complex
[2024-12-21T04:45:49.552+0000] {logging_mixin.py:120} INFO - [2024-12-21T04:45:49.552+0000] {taskmixin.py:205} WARNING - Dependency <Task(BashOperator): create_entry_gcs>, delete_entry already registered for DAG: example_complex
[2024-12-21T04:45:49.552+0000] {logging_mixin.py:120} INFO - [2024-12-21T04:45:49.552+0000] {taskmixin.py:205} WARNING - Dependency <Task(BashOperator): delete_entry>, create_entry_gcs already registered for DAG: example_complex
[2024-12-21T04:45:49.553+0000] {logging_mixin.py:120} INFO - [2024-12-21T04:45:49.553+0000] {taskmixin.py:205} WARNING - Dependency <Task(BashOperator): create_tag>, delete_tag already registered for DAG: example_complex
[2024-12-21T04:45:49.553+0000] {logging_mixin.py:120} INFO - [2024-12-21T04:45:49.553+0000] {taskmixin.py:205} WARNING - Dependency <Task(BashOperator): delete_tag>, create_tag already registered for DAG: example_complex
[2024-12-21T04:45:49.559+0000] {processor.py:766} INFO - DAG(s) dict_keys(['example_complex']) retrieved from /home/airflow/.local/lib/python3.7/site-packages/airflow/example_dags/example_complex.py
[2024-12-21T04:45:49.595+0000] {logging_mixin.py:120} INFO - [2024-12-21T04:45:49.595+0000] {dag.py:2585} INFO - Sync 1 DAGs
[2024-12-21T04:45:49.613+0000] {logging_mixin.py:120} INFO - [2024-12-21T04:45:49.613+0000] {dag.py:3340} INFO - Setting next_dagrun for example_complex to None, run_after=None
[2024-12-21T04:45:49.626+0000] {processor.py:176} INFO - Processing /home/airflow/.local/lib/python3.7/site-packages/airflow/example_dags/example_complex.py took 0.090 seconds
[2024-12-21T04:46:20.304+0000] {processor.py:154} INFO - Started process (PID=1091) to work on /home/airflow/.local/lib/python3.7/site-packages/airflow/example_dags/example_complex.py
[2024-12-21T04:46:20.308+0000] {processor.py:756} INFO - Processing file /home/airflow/.local/lib/python3.7/site-packages/airflow/example_dags/example_complex.py for tasks to queue
[2024-12-21T04:46:20.309+0000] {logging_mixin.py:120} INFO - [2024-12-21T04:46:20.309+0000] {dagbag.py:537} INFO - Filling up the DagBag from /home/airflow/.local/lib/python3.7/site-packages/airflow/example_dags/example_complex.py
[2024-12-21T04:46:20.324+0000] {logging_mixin.py:120} INFO - [2024-12-21T04:46:20.324+0000] {taskmixin.py:205} WARNING - Dependency <Task(BashOperator): create_entry_group>, delete_entry_group already registered for DAG: example_complex
[2024-12-21T04:46:20.325+0000] {logging_mixin.py:120} INFO - [2024-12-21T04:46:20.324+0000] {taskmixin.py:205} WARNING - Dependency <Task(BashOperator): delete_entry_group>, create_entry_group already registered for DAG: example_complex
[2024-12-21T04:46:20.325+0000] {logging_mixin.py:120} INFO - [2024-12-21T04:46:20.325+0000] {taskmixin.py:205} WARNING - Dependency <Task(BashOperator): create_entry_gcs>, delete_entry already registered for DAG: example_complex
[2024-12-21T04:46:20.325+0000] {logging_mixin.py:120} INFO - [2024-12-21T04:46:20.325+0000] {taskmixin.py:205} WARNING - Dependency <Task(BashOperator): delete_entry>, create_entry_gcs already registered for DAG: example_complex
[2024-12-21T04:46:20.326+0000] {logging_mixin.py:120} INFO - [2024-12-21T04:46:20.325+0000] {taskmixin.py:205} WARNING - Dependency <Task(BashOperator): create_tag>, delete_tag already registered for DAG: example_complex
[2024-12-21T04:46:20.326+0000] {logging_mixin.py:120} INFO - [2024-12-21T04:46:20.326+0000] {taskmixin.py:205} WARNING - Dependency <Task(BashOperator): delete_tag>, create_tag already registered for DAG: example_complex
[2024-12-21T04:46:20.333+0000] {processor.py:766} INFO - DAG(s) dict_keys(['example_complex']) retrieved from /home/airflow/.local/lib/python3.7/site-packages/airflow/example_dags/example_complex.py
[2024-12-21T04:46:20.393+0000] {logging_mixin.py:120} INFO - [2024-12-21T04:46:20.393+0000] {dag.py:2585} INFO - Sync 1 DAGs
[2024-12-21T04:46:20.419+0000] {logging_mixin.py:120} INFO - [2024-12-21T04:46:20.419+0000] {dag.py:3340} INFO - Setting next_dagrun for example_complex to None, run_after=None
[2024-12-21T04:46:20.437+0000] {processor.py:176} INFO - Processing /home/airflow/.local/lib/python3.7/site-packages/airflow/example_dags/example_complex.py took 0.138 seconds
[2024-12-21T04:46:51.089+0000] {processor.py:154} INFO - Started process (PID=1154) to work on /home/airflow/.local/lib/python3.7/site-packages/airflow/example_dags/example_complex.py
[2024-12-21T04:46:51.090+0000] {processor.py:756} INFO - Processing file /home/airflow/.local/lib/python3.7/site-packages/airflow/example_dags/example_complex.py for tasks to queue
[2024-12-21T04:46:51.091+0000] {logging_mixin.py:120} INFO - [2024-12-21T04:46:51.090+0000] {dagbag.py:537} INFO - Filling up the DagBag from /home/airflow/.local/lib/python3.7/site-packages/airflow/example_dags/example_complex.py
[2024-12-21T04:46:51.100+0000] {logging_mixin.py:120} INFO - [2024-12-21T04:46:51.099+0000] {taskmixin.py:205} WARNING - Dependency <Task(BashOperator): create_entry_group>, delete_entry_group already registered for DAG: example_complex
[2024-12-21T04:46:51.100+0000] {logging_mixin.py:120} INFO - [2024-12-21T04:46:51.100+0000] {taskmixin.py:205} WARNING - Dependency <Task(BashOperator): delete_entry_group>, create_entry_group already registered for DAG: example_complex
[2024-12-21T04:46:51.100+0000] {logging_mixin.py:120} INFO - [2024-12-21T04:46:51.100+0000] {taskmixin.py:205} WARNING - Dependency <Task(BashOperator): create_entry_gcs>, delete_entry already registered for DAG: example_complex
[2024-12-21T04:46:51.100+0000] {logging_mixin.py:120} INFO - [2024-12-21T04:46:51.100+0000] {taskmixin.py:205} WARNING - Dependency <Task(BashOperator): delete_entry>, create_entry_gcs already registered for DAG: example_complex
[2024-12-21T04:46:51.101+0000] {logging_mixin.py:120} INFO - [2024-12-21T04:46:51.101+0000] {taskmixin.py:205} WARNING - Dependency <Task(BashOperator): create_tag>, delete_tag already registered for DAG: example_complex
[2024-12-21T04:46:51.101+0000] {logging_mixin.py:120} INFO - [2024-12-21T04:46:51.101+0000] {taskmixin.py:205} WARNING - Dependency <Task(BashOperator): delete_tag>, create_tag already registered for DAG: example_complex
[2024-12-21T04:46:51.106+0000] {processor.py:766} INFO - DAG(s) dict_keys(['example_complex']) retrieved from /home/airflow/.local/lib/python3.7/site-packages/airflow/example_dags/example_complex.py
[2024-12-21T04:46:51.144+0000] {logging_mixin.py:120} INFO - [2024-12-21T04:46:51.144+0000] {dag.py:2585} INFO - Sync 1 DAGs
[2024-12-21T04:46:51.163+0000] {logging_mixin.py:120} INFO - [2024-12-21T04:46:51.163+0000] {dag.py:3340} INFO - Setting next_dagrun for example_complex to None, run_after=None
[2024-12-21T04:46:51.178+0000] {processor.py:176} INFO - Processing /home/airflow/.local/lib/python3.7/site-packages/airflow/example_dags/example_complex.py took 0.091 seconds
[2024-12-21T04:47:21.422+0000] {processor.py:154} INFO - Started process (PID=1208) to work on /home/airflow/.local/lib/python3.7/site-packages/airflow/example_dags/example_complex.py
[2024-12-21T04:47:21.423+0000] {processor.py:756} INFO - Processing file /home/airflow/.local/lib/python3.7/site-packages/airflow/example_dags/example_complex.py for tasks to queue
[2024-12-21T04:47:21.424+0000] {logging_mixin.py:120} INFO - [2024-12-21T04:47:21.424+0000] {dagbag.py:537} INFO - Filling up the DagBag from /home/airflow/.local/lib/python3.7/site-packages/airflow/example_dags/example_complex.py
[2024-12-21T04:47:21.434+0000] {logging_mixin.py:120} INFO - [2024-12-21T04:47:21.434+0000] {taskmixin.py:205} WARNING - Dependency <Task(BashOperator): create_entry_group>, delete_entry_group already registered for DAG: example_complex
[2024-12-21T04:47:21.438+0000] {logging_mixin.py:120} INFO - [2024-12-21T04:47:21.438+0000] {taskmixin.py:205} WARNING - Dependency <Task(BashOperator): delete_entry_group>, create_entry_group already registered for DAG: example_complex
[2024-12-21T04:47:21.438+0000] {logging_mixin.py:120} INFO - [2024-12-21T04:47:21.438+0000] {taskmixin.py:205} WARNING - Dependency <Task(BashOperator): create_entry_gcs>, delete_entry already registered for DAG: example_complex
[2024-12-21T04:47:21.438+0000] {logging_mixin.py:120} INFO - [2024-12-21T04:47:21.438+0000] {taskmixin.py:205} WARNING - Dependency <Task(BashOperator): delete_entry>, create_entry_gcs already registered for DAG: example_complex
[2024-12-21T04:47:21.438+0000] {logging_mixin.py:120} INFO - [2024-12-21T04:47:21.438+0000] {taskmixin.py:205} WARNING - Dependency <Task(BashOperator): create_tag>, delete_tag already registered for DAG: example_complex
[2024-12-21T04:47:21.439+0000] {logging_mixin.py:120} INFO - [2024-12-21T04:47:21.439+0000] {taskmixin.py:205} WARNING - Dependency <Task(BashOperator): delete_tag>, create_tag already registered for DAG: example_complex
[2024-12-21T04:47:21.445+0000] {processor.py:766} INFO - DAG(s) dict_keys(['example_complex']) retrieved from /home/airflow/.local/lib/python3.7/site-packages/airflow/example_dags/example_complex.py
[2024-12-21T04:47:21.485+0000] {logging_mixin.py:120} INFO - [2024-12-21T04:47:21.485+0000] {dag.py:2585} INFO - Sync 1 DAGs
[2024-12-21T04:47:21.502+0000] {logging_mixin.py:120} INFO - [2024-12-21T04:47:21.502+0000] {dag.py:3340} INFO - Setting next_dagrun for example_complex to None, run_after=None
[2024-12-21T04:47:21.516+0000] {processor.py:176} INFO - Processing /home/airflow/.local/lib/python3.7/site-packages/airflow/example_dags/example_complex.py took 0.096 seconds
[2024-12-21T04:47:52.112+0000] {processor.py:154} INFO - Started process (PID=1271) to work on /home/airflow/.local/lib/python3.7/site-packages/airflow/example_dags/example_complex.py
[2024-12-21T04:47:52.113+0000] {processor.py:756} INFO - Processing file /home/airflow/.local/lib/python3.7/site-packages/airflow/example_dags/example_complex.py for tasks to queue
[2024-12-21T04:47:52.114+0000] {logging_mixin.py:120} INFO - [2024-12-21T04:47:52.114+0000] {dagbag.py:537} INFO - Filling up the DagBag from /home/airflow/.local/lib/python3.7/site-packages/airflow/example_dags/example_complex.py
[2024-12-21T04:47:52.125+0000] {logging_mixin.py:120} INFO - [2024-12-21T04:47:52.125+0000] {taskmixin.py:205} WARNING - Dependency <Task(BashOperator): create_entry_group>, delete_entry_group already registered for DAG: example_complex
[2024-12-21T04:47:52.126+0000] {logging_mixin.py:120} INFO - [2024-12-21T04:47:52.126+0000] {taskmixin.py:205} WARNING - Dependency <Task(BashOperator): delete_entry_group>, create_entry_group already registered for DAG: example_complex
[2024-12-21T04:47:52.126+0000] {logging_mixin.py:120} INFO - [2024-12-21T04:47:52.126+0000] {taskmixin.py:205} WARNING - Dependency <Task(BashOperator): create_entry_gcs>, delete_entry already registered for DAG: example_complex
[2024-12-21T04:47:52.126+0000] {logging_mixin.py:120} INFO - [2024-12-21T04:47:52.126+0000] {taskmixin.py:205} WARNING - Dependency <Task(BashOperator): delete_entry>, create_entry_gcs already registered for DAG: example_complex
[2024-12-21T04:47:52.127+0000] {logging_mixin.py:120} INFO - [2024-12-21T04:47:52.127+0000] {taskmixin.py:205} WARNING - Dependency <Task(BashOperator): create_tag>, delete_tag already registered for DAG: example_complex
[2024-12-21T04:47:52.127+0000] {logging_mixin.py:120} INFO - [2024-12-21T04:47:52.127+0000] {taskmixin.py:205} WARNING - Dependency <Task(BashOperator): delete_tag>, create_tag already registered for DAG: example_complex
[2024-12-21T04:47:52.133+0000] {processor.py:766} INFO - DAG(s) dict_keys(['example_complex']) retrieved from /home/airflow/.local/lib/python3.7/site-packages/airflow/example_dags/example_complex.py
[2024-12-21T04:47:52.168+0000] {logging_mixin.py:120} INFO - [2024-12-21T04:47:52.168+0000] {dag.py:2585} INFO - Sync 1 DAGs
[2024-12-21T04:47:52.187+0000] {logging_mixin.py:120} INFO - [2024-12-21T04:47:52.187+0000] {dag.py:3340} INFO - Setting next_dagrun for example_complex to None, run_after=None
[2024-12-21T04:47:52.200+0000] {processor.py:176} INFO - Processing /home/airflow/.local/lib/python3.7/site-packages/airflow/example_dags/example_complex.py took 0.091 seconds
[2024-12-21T04:48:22.489+0000] {processor.py:154} INFO - Started process (PID=1334) to work on /home/airflow/.local/lib/python3.7/site-packages/airflow/example_dags/example_complex.py
[2024-12-21T04:48:22.490+0000] {processor.py:756} INFO - Processing file /home/airflow/.local/lib/python3.7/site-packages/airflow/example_dags/example_complex.py for tasks to queue
[2024-12-21T04:48:22.491+0000] {logging_mixin.py:120} INFO - [2024-12-21T04:48:22.490+0000] {dagbag.py:537} INFO - Filling up the DagBag from /home/airflow/.local/lib/python3.7/site-packages/airflow/example_dags/example_complex.py
[2024-12-21T04:48:22.502+0000] {logging_mixin.py:120} INFO - [2024-12-21T04:48:22.502+0000] {taskmixin.py:205} WARNING - Dependency <Task(BashOperator): create_entry_group>, delete_entry_group already registered for DAG: example_complex
[2024-12-21T04:48:22.503+0000] {logging_mixin.py:120} INFO - [2024-12-21T04:48:22.503+0000] {taskmixin.py:205} WARNING - Dependency <Task(BashOperator): delete_entry_group>, create_entry_group already registered for DAG: example_complex
[2024-12-21T04:48:22.504+0000] {logging_mixin.py:120} INFO - [2024-12-21T04:48:22.504+0000] {taskmixin.py:205} WARNING - Dependency <Task(BashOperator): create_entry_gcs>, delete_entry already registered for DAG: example_complex
[2024-12-21T04:48:22.507+0000] {logging_mixin.py:120} INFO - [2024-12-21T04:48:22.507+0000] {taskmixin.py:205} WARNING - Dependency <Task(BashOperator): delete_entry>, create_entry_gcs already registered for DAG: example_complex
[2024-12-21T04:48:22.507+0000] {logging_mixin.py:120} INFO - [2024-12-21T04:48:22.507+0000] {taskmixin.py:205} WARNING - Dependency <Task(BashOperator): create_tag>, delete_tag already registered for DAG: example_complex
[2024-12-21T04:48:22.508+0000] {logging_mixin.py:120} INFO - [2024-12-21T04:48:22.508+0000] {taskmixin.py:205} WARNING - Dependency <Task(BashOperator): delete_tag>, create_tag already registered for DAG: example_complex
[2024-12-21T04:48:22.513+0000] {processor.py:766} INFO - DAG(s) dict_keys(['example_complex']) retrieved from /home/airflow/.local/lib/python3.7/site-packages/airflow/example_dags/example_complex.py
[2024-12-21T04:48:22.555+0000] {logging_mixin.py:120} INFO - [2024-12-21T04:48:22.554+0000] {dag.py:2585} INFO - Sync 1 DAGs
[2024-12-21T04:48:22.580+0000] {logging_mixin.py:120} INFO - [2024-12-21T04:48:22.579+0000] {dag.py:3340} INFO - Setting next_dagrun for example_complex to None, run_after=None
[2024-12-21T04:48:22.593+0000] {processor.py:176} INFO - Processing /home/airflow/.local/lib/python3.7/site-packages/airflow/example_dags/example_complex.py took 0.106 seconds
[2024-12-21T04:48:53.365+0000] {processor.py:154} INFO - Started process (PID=1388) to work on /home/airflow/.local/lib/python3.7/site-packages/airflow/example_dags/example_complex.py
[2024-12-21T04:48:53.365+0000] {processor.py:756} INFO - Processing file /home/airflow/.local/lib/python3.7/site-packages/airflow/example_dags/example_complex.py for tasks to queue
[2024-12-21T04:48:53.368+0000] {logging_mixin.py:120} INFO - [2024-12-21T04:48:53.368+0000] {dagbag.py:537} INFO - Filling up the DagBag from /home/airflow/.local/lib/python3.7/site-packages/airflow/example_dags/example_complex.py
[2024-12-21T04:48:53.377+0000] {logging_mixin.py:120} INFO - [2024-12-21T04:48:53.377+0000] {taskmixin.py:205} WARNING - Dependency <Task(BashOperator): create_entry_group>, delete_entry_group already registered for DAG: example_complex
[2024-12-21T04:48:53.377+0000] {logging_mixin.py:120} INFO - [2024-12-21T04:48:53.377+0000] {taskmixin.py:205} WARNING - Dependency <Task(BashOperator): delete_entry_group>, create_entry_group already registered for DAG: example_complex
[2024-12-21T04:48:53.377+0000] {logging_mixin.py:120} INFO - [2024-12-21T04:48:53.377+0000] {taskmixin.py:205} WARNING - Dependency <Task(BashOperator): create_entry_gcs>, delete_entry already registered for DAG: example_complex
[2024-12-21T04:48:53.378+0000] {logging_mixin.py:120} INFO - [2024-12-21T04:48:53.378+0000] {taskmixin.py:205} WARNING - Dependency <Task(BashOperator): delete_entry>, create_entry_gcs already registered for DAG: example_complex
[2024-12-21T04:48:53.378+0000] {logging_mixin.py:120} INFO - [2024-12-21T04:48:53.378+0000] {taskmixin.py:205} WARNING - Dependency <Task(BashOperator): create_tag>, delete_tag already registered for DAG: example_complex
[2024-12-21T04:48:53.378+0000] {logging_mixin.py:120} INFO - [2024-12-21T04:48:53.378+0000] {taskmixin.py:205} WARNING - Dependency <Task(BashOperator): delete_tag>, create_tag already registered for DAG: example_complex
[2024-12-21T04:48:53.383+0000] {processor.py:766} INFO - DAG(s) dict_keys(['example_complex']) retrieved from /home/airflow/.local/lib/python3.7/site-packages/airflow/example_dags/example_complex.py
[2024-12-21T04:48:53.424+0000] {logging_mixin.py:120} INFO - [2024-12-21T04:48:53.424+0000] {dag.py:2585} INFO - Sync 1 DAGs
[2024-12-21T04:48:53.443+0000] {logging_mixin.py:120} INFO - [2024-12-21T04:48:53.443+0000] {dag.py:3340} INFO - Setting next_dagrun for example_complex to None, run_after=None
[2024-12-21T04:48:53.456+0000] {processor.py:176} INFO - Processing /home/airflow/.local/lib/python3.7/site-packages/airflow/example_dags/example_complex.py took 0.094 seconds
[2024-12-21T04:49:24.132+0000] {processor.py:154} INFO - Started process (PID=1451) to work on /home/airflow/.local/lib/python3.7/site-packages/airflow/example_dags/example_complex.py
[2024-12-21T04:49:24.135+0000] {processor.py:756} INFO - Processing file /home/airflow/.local/lib/python3.7/site-packages/airflow/example_dags/example_complex.py for tasks to queue
[2024-12-21T04:49:24.135+0000] {logging_mixin.py:120} INFO - [2024-12-21T04:49:24.135+0000] {dagbag.py:537} INFO - Filling up the DagBag from /home/airflow/.local/lib/python3.7/site-packages/airflow/example_dags/example_complex.py
[2024-12-21T04:49:24.144+0000] {logging_mixin.py:120} INFO - [2024-12-21T04:49:24.144+0000] {taskmixin.py:205} WARNING - Dependency <Task(BashOperator): create_entry_group>, delete_entry_group already registered for DAG: example_complex
[2024-12-21T04:49:24.144+0000] {logging_mixin.py:120} INFO - [2024-12-21T04:49:24.144+0000] {taskmixin.py:205} WARNING - Dependency <Task(BashOperator): delete_entry_group>, create_entry_group already registered for DAG: example_complex
[2024-12-21T04:49:24.145+0000] {logging_mixin.py:120} INFO - [2024-12-21T04:49:24.145+0000] {taskmixin.py:205} WARNING - Dependency <Task(BashOperator): create_entry_gcs>, delete_entry already registered for DAG: example_complex
[2024-12-21T04:49:24.145+0000] {logging_mixin.py:120} INFO - [2024-12-21T04:49:24.145+0000] {taskmixin.py:205} WARNING - Dependency <Task(BashOperator): delete_entry>, create_entry_gcs already registered for DAG: example_complex
[2024-12-21T04:49:24.145+0000] {logging_mixin.py:120} INFO - [2024-12-21T04:49:24.145+0000] {taskmixin.py:205} WARNING - Dependency <Task(BashOperator): create_tag>, delete_tag already registered for DAG: example_complex
[2024-12-21T04:49:24.145+0000] {logging_mixin.py:120} INFO - [2024-12-21T04:49:24.145+0000] {taskmixin.py:205} WARNING - Dependency <Task(BashOperator): delete_tag>, create_tag already registered for DAG: example_complex
[2024-12-21T04:49:24.151+0000] {processor.py:766} INFO - DAG(s) dict_keys(['example_complex']) retrieved from /home/airflow/.local/lib/python3.7/site-packages/airflow/example_dags/example_complex.py
[2024-12-21T04:49:24.187+0000] {logging_mixin.py:120} INFO - [2024-12-21T04:49:24.186+0000] {dag.py:2585} INFO - Sync 1 DAGs
[2024-12-21T04:49:24.206+0000] {logging_mixin.py:120} INFO - [2024-12-21T04:49:24.206+0000] {dag.py:3340} INFO - Setting next_dagrun for example_complex to None, run_after=None
[2024-12-21T04:49:24.219+0000] {processor.py:176} INFO - Processing /home/airflow/.local/lib/python3.7/site-packages/airflow/example_dags/example_complex.py took 0.089 seconds
