[2024-12-21T04:37:34.801+0000] {processor.py:154} INFO - Started process (PID=49) to work on /home/airflow/.local/lib/python3.7/site-packages/airflow/example_dags/example_kubernetes_executor.py
[2024-12-21T04:37:34.804+0000] {processor.py:756} INFO - Processing file /home/airflow/.local/lib/python3.7/site-packages/airflow/example_dags/example_kubernetes_executor.py for tasks to queue
[2024-12-21T04:37:34.810+0000] {logging_mixin.py:120} INFO - [2024-12-21T04:37:34.809+0000] {dagbag.py:537} INFO - Filling up the DagBag from /home/airflow/.local/lib/python3.7/site-packages/airflow/example_dags/example_kubernetes_executor.py
[2024-12-21T04:37:34.997+0000] {processor.py:766} INFO - DAG(s) dict_keys(['example_kubernetes_executor']) retrieved from /home/airflow/.local/lib/python3.7/site-packages/airflow/example_dags/example_kubernetes_executor.py
[2024-12-21T04:37:35.328+0000] {logging_mixin.py:120} INFO - [2024-12-21T04:37:35.328+0000] {manager.py:507} INFO - Created Permission View: can delete on DAG:example_kubernetes_executor
[2024-12-21T04:37:35.346+0000] {logging_mixin.py:120} INFO - [2024-12-21T04:37:35.346+0000] {manager.py:507} INFO - Created Permission View: can edit on DAG:example_kubernetes_executor
[2024-12-21T04:37:35.358+0000] {logging_mixin.py:120} INFO - [2024-12-21T04:37:35.358+0000] {manager.py:507} INFO - Created Permission View: can read on DAG:example_kubernetes_executor
[2024-12-21T04:37:35.358+0000] {logging_mixin.py:120} INFO - [2024-12-21T04:37:35.358+0000] {dag.py:2585} INFO - Sync 1 DAGs
[2024-12-21T04:37:35.397+0000] {logging_mixin.py:120} INFO - [2024-12-21T04:37:35.397+0000] {dag.py:2606} INFO - Creating ORM DAG for example_kubernetes_executor
[2024-12-21T04:37:35.422+0000] {logging_mixin.py:120} INFO - [2024-12-21T04:37:35.422+0000] {dag.py:3340} INFO - Setting next_dagrun for example_kubernetes_executor to None, run_after=None
[2024-12-21T04:37:35.467+0000] {processor.py:176} INFO - Processing /home/airflow/.local/lib/python3.7/site-packages/airflow/example_dags/example_kubernetes_executor.py took 0.672 seconds
[2024-12-21T04:38:06.308+0000] {processor.py:154} INFO - Started process (PID=112) to work on /home/airflow/.local/lib/python3.7/site-packages/airflow/example_dags/example_kubernetes_executor.py
[2024-12-21T04:38:06.309+0000] {processor.py:756} INFO - Processing file /home/airflow/.local/lib/python3.7/site-packages/airflow/example_dags/example_kubernetes_executor.py for tasks to queue
[2024-12-21T04:38:06.310+0000] {logging_mixin.py:120} INFO - [2024-12-21T04:38:06.310+0000] {dagbag.py:537} INFO - Filling up the DagBag from /home/airflow/.local/lib/python3.7/site-packages/airflow/example_dags/example_kubernetes_executor.py
[2024-12-21T04:38:06.406+0000] {processor.py:766} INFO - DAG(s) dict_keys(['example_kubernetes_executor']) retrieved from /home/airflow/.local/lib/python3.7/site-packages/airflow/example_dags/example_kubernetes_executor.py
[2024-12-21T04:38:06.575+0000] {logging_mixin.py:120} INFO - [2024-12-21T04:38:06.575+0000] {dag.py:2585} INFO - Sync 1 DAGs
[2024-12-21T04:38:06.610+0000] {logging_mixin.py:120} INFO - [2024-12-21T04:38:06.610+0000] {dag.py:3340} INFO - Setting next_dagrun for example_kubernetes_executor to None, run_after=None
[2024-12-21T04:38:06.637+0000] {processor.py:176} INFO - Processing /home/airflow/.local/lib/python3.7/site-packages/airflow/example_dags/example_kubernetes_executor.py took 0.333 seconds
[2024-12-21T04:38:37.139+0000] {processor.py:154} INFO - Started process (PID=167) to work on /home/airflow/.local/lib/python3.7/site-packages/airflow/example_dags/example_kubernetes_executor.py
[2024-12-21T04:38:37.142+0000] {processor.py:756} INFO - Processing file /home/airflow/.local/lib/python3.7/site-packages/airflow/example_dags/example_kubernetes_executor.py for tasks to queue
[2024-12-21T04:38:37.145+0000] {logging_mixin.py:120} INFO - [2024-12-21T04:38:37.145+0000] {dagbag.py:537} INFO - Filling up the DagBag from /home/airflow/.local/lib/python3.7/site-packages/airflow/example_dags/example_kubernetes_executor.py
[2024-12-21T04:38:37.183+0000] {processor.py:766} INFO - DAG(s) dict_keys(['example_kubernetes_executor']) retrieved from /home/airflow/.local/lib/python3.7/site-packages/airflow/example_dags/example_kubernetes_executor.py
[2024-12-21T04:38:37.258+0000] {logging_mixin.py:120} INFO - [2024-12-21T04:38:37.258+0000] {dag.py:2585} INFO - Sync 1 DAGs
[2024-12-21T04:38:37.301+0000] {logging_mixin.py:120} INFO - [2024-12-21T04:38:37.301+0000] {dag.py:3340} INFO - Setting next_dagrun for example_kubernetes_executor to None, run_after=None
[2024-12-21T04:38:37.470+0000] {processor.py:176} INFO - Processing /home/airflow/.local/lib/python3.7/site-packages/airflow/example_dags/example_kubernetes_executor.py took 0.336 seconds
[2024-12-21T04:39:07.579+0000] {processor.py:154} INFO - Started process (PID=231) to work on /home/airflow/.local/lib/python3.7/site-packages/airflow/example_dags/example_kubernetes_executor.py
[2024-12-21T04:39:07.580+0000] {processor.py:756} INFO - Processing file /home/airflow/.local/lib/python3.7/site-packages/airflow/example_dags/example_kubernetes_executor.py for tasks to queue
[2024-12-21T04:39:07.580+0000] {logging_mixin.py:120} INFO - [2024-12-21T04:39:07.580+0000] {dagbag.py:537} INFO - Filling up the DagBag from /home/airflow/.local/lib/python3.7/site-packages/airflow/example_dags/example_kubernetes_executor.py
[2024-12-21T04:39:07.602+0000] {processor.py:766} INFO - DAG(s) dict_keys(['example_kubernetes_executor']) retrieved from /home/airflow/.local/lib/python3.7/site-packages/airflow/example_dags/example_kubernetes_executor.py
[2024-12-21T04:39:07.637+0000] {logging_mixin.py:120} INFO - [2024-12-21T04:39:07.637+0000] {dag.py:2585} INFO - Sync 1 DAGs
[2024-12-21T04:39:07.658+0000] {logging_mixin.py:120} INFO - [2024-12-21T04:39:07.658+0000] {dag.py:3340} INFO - Setting next_dagrun for example_kubernetes_executor to None, run_after=None
[2024-12-21T04:39:07.673+0000] {processor.py:176} INFO - Processing /home/airflow/.local/lib/python3.7/site-packages/airflow/example_dags/example_kubernetes_executor.py took 0.097 seconds
[2024-12-21T04:39:37.937+0000] {processor.py:154} INFO - Started process (PID=293) to work on /home/airflow/.local/lib/python3.7/site-packages/airflow/example_dags/example_kubernetes_executor.py
[2024-12-21T04:39:37.939+0000] {processor.py:756} INFO - Processing file /home/airflow/.local/lib/python3.7/site-packages/airflow/example_dags/example_kubernetes_executor.py for tasks to queue
[2024-12-21T04:39:37.939+0000] {logging_mixin.py:120} INFO - [2024-12-21T04:39:37.939+0000] {dagbag.py:537} INFO - Filling up the DagBag from /home/airflow/.local/lib/python3.7/site-packages/airflow/example_dags/example_kubernetes_executor.py
[2024-12-21T04:39:37.973+0000] {processor.py:766} INFO - DAG(s) dict_keys(['example_kubernetes_executor']) retrieved from /home/airflow/.local/lib/python3.7/site-packages/airflow/example_dags/example_kubernetes_executor.py
[2024-12-21T04:39:38.019+0000] {logging_mixin.py:120} INFO - [2024-12-21T04:39:38.019+0000] {dag.py:2585} INFO - Sync 1 DAGs
[2024-12-21T04:39:38.046+0000] {logging_mixin.py:120} INFO - [2024-12-21T04:39:38.045+0000] {dag.py:3340} INFO - Setting next_dagrun for example_kubernetes_executor to None, run_after=None
[2024-12-21T04:39:38.066+0000] {processor.py:176} INFO - Processing /home/airflow/.local/lib/python3.7/site-packages/airflow/example_dags/example_kubernetes_executor.py took 0.132 seconds
[2024-12-21T04:40:08.171+0000] {processor.py:154} INFO - Started process (PID=347) to work on /home/airflow/.local/lib/python3.7/site-packages/airflow/example_dags/example_kubernetes_executor.py
[2024-12-21T04:40:08.172+0000] {processor.py:756} INFO - Processing file /home/airflow/.local/lib/python3.7/site-packages/airflow/example_dags/example_kubernetes_executor.py for tasks to queue
[2024-12-21T04:40:08.173+0000] {logging_mixin.py:120} INFO - [2024-12-21T04:40:08.173+0000] {dagbag.py:537} INFO - Filling up the DagBag from /home/airflow/.local/lib/python3.7/site-packages/airflow/example_dags/example_kubernetes_executor.py
[2024-12-21T04:40:08.207+0000] {processor.py:766} INFO - DAG(s) dict_keys(['example_kubernetes_executor']) retrieved from /home/airflow/.local/lib/python3.7/site-packages/airflow/example_dags/example_kubernetes_executor.py
[2024-12-21T04:40:08.244+0000] {logging_mixin.py:120} INFO - [2024-12-21T04:40:08.244+0000] {dag.py:2585} INFO - Sync 1 DAGs
[2024-12-21T04:40:08.266+0000] {logging_mixin.py:120} INFO - [2024-12-21T04:40:08.266+0000] {dag.py:3340} INFO - Setting next_dagrun for example_kubernetes_executor to None, run_after=None
[2024-12-21T04:40:08.289+0000] {processor.py:176} INFO - Processing /home/airflow/.local/lib/python3.7/site-packages/airflow/example_dags/example_kubernetes_executor.py took 0.123 seconds
[2024-12-21T04:40:39.033+0000] {processor.py:154} INFO - Started process (PID=410) to work on /home/airflow/.local/lib/python3.7/site-packages/airflow/example_dags/example_kubernetes_executor.py
[2024-12-21T04:40:39.034+0000] {processor.py:756} INFO - Processing file /home/airflow/.local/lib/python3.7/site-packages/airflow/example_dags/example_kubernetes_executor.py for tasks to queue
[2024-12-21T04:40:39.036+0000] {logging_mixin.py:120} INFO - [2024-12-21T04:40:39.036+0000] {dagbag.py:537} INFO - Filling up the DagBag from /home/airflow/.local/lib/python3.7/site-packages/airflow/example_dags/example_kubernetes_executor.py
[2024-12-21T04:40:39.060+0000] {processor.py:766} INFO - DAG(s) dict_keys(['example_kubernetes_executor']) retrieved from /home/airflow/.local/lib/python3.7/site-packages/airflow/example_dags/example_kubernetes_executor.py
[2024-12-21T04:40:39.100+0000] {logging_mixin.py:120} INFO - [2024-12-21T04:40:39.100+0000] {dag.py:2585} INFO - Sync 1 DAGs
[2024-12-21T04:40:39.124+0000] {logging_mixin.py:120} INFO - [2024-12-21T04:40:39.124+0000] {dag.py:3340} INFO - Setting next_dagrun for example_kubernetes_executor to None, run_after=None
[2024-12-21T04:40:39.144+0000] {processor.py:176} INFO - Processing /home/airflow/.local/lib/python3.7/site-packages/airflow/example_dags/example_kubernetes_executor.py took 0.113 seconds
[2024-12-21T04:41:09.272+0000] {processor.py:154} INFO - Started process (PID=473) to work on /home/airflow/.local/lib/python3.7/site-packages/airflow/example_dags/example_kubernetes_executor.py
[2024-12-21T04:41:09.273+0000] {processor.py:756} INFO - Processing file /home/airflow/.local/lib/python3.7/site-packages/airflow/example_dags/example_kubernetes_executor.py for tasks to queue
[2024-12-21T04:41:09.274+0000] {logging_mixin.py:120} INFO - [2024-12-21T04:41:09.274+0000] {dagbag.py:537} INFO - Filling up the DagBag from /home/airflow/.local/lib/python3.7/site-packages/airflow/example_dags/example_kubernetes_executor.py
[2024-12-21T04:41:09.311+0000] {processor.py:766} INFO - DAG(s) dict_keys(['example_kubernetes_executor']) retrieved from /home/airflow/.local/lib/python3.7/site-packages/airflow/example_dags/example_kubernetes_executor.py
[2024-12-21T04:41:09.385+0000] {logging_mixin.py:120} INFO - [2024-12-21T04:41:09.385+0000] {dag.py:2585} INFO - Sync 1 DAGs
[2024-12-21T04:41:09.419+0000] {logging_mixin.py:120} INFO - [2024-12-21T04:41:09.418+0000] {dag.py:3340} INFO - Setting next_dagrun for example_kubernetes_executor to None, run_after=None
[2024-12-21T04:41:09.448+0000] {processor.py:176} INFO - Processing /home/airflow/.local/lib/python3.7/site-packages/airflow/example_dags/example_kubernetes_executor.py took 0.179 seconds
[2024-12-21T04:41:39.620+0000] {processor.py:154} INFO - Started process (PID=527) to work on /home/airflow/.local/lib/python3.7/site-packages/airflow/example_dags/example_kubernetes_executor.py
[2024-12-21T04:41:39.621+0000] {processor.py:756} INFO - Processing file /home/airflow/.local/lib/python3.7/site-packages/airflow/example_dags/example_kubernetes_executor.py for tasks to queue
[2024-12-21T04:41:39.622+0000] {logging_mixin.py:120} INFO - [2024-12-21T04:41:39.622+0000] {dagbag.py:537} INFO - Filling up the DagBag from /home/airflow/.local/lib/python3.7/site-packages/airflow/example_dags/example_kubernetes_executor.py
[2024-12-21T04:41:39.648+0000] {processor.py:766} INFO - DAG(s) dict_keys(['example_kubernetes_executor']) retrieved from /home/airflow/.local/lib/python3.7/site-packages/airflow/example_dags/example_kubernetes_executor.py
[2024-12-21T04:41:39.692+0000] {logging_mixin.py:120} INFO - [2024-12-21T04:41:39.692+0000] {dag.py:2585} INFO - Sync 1 DAGs
[2024-12-21T04:41:39.714+0000] {logging_mixin.py:120} INFO - [2024-12-21T04:41:39.714+0000] {dag.py:3340} INFO - Setting next_dagrun for example_kubernetes_executor to None, run_after=None
[2024-12-21T04:41:39.735+0000] {processor.py:176} INFO - Processing /home/airflow/.local/lib/python3.7/site-packages/airflow/example_dags/example_kubernetes_executor.py took 0.118 seconds
[2024-12-21T04:42:10.291+0000] {processor.py:154} INFO - Started process (PID=590) to work on /home/airflow/.local/lib/python3.7/site-packages/airflow/example_dags/example_kubernetes_executor.py
[2024-12-21T04:42:10.294+0000] {processor.py:756} INFO - Processing file /home/airflow/.local/lib/python3.7/site-packages/airflow/example_dags/example_kubernetes_executor.py for tasks to queue
[2024-12-21T04:42:10.296+0000] {logging_mixin.py:120} INFO - [2024-12-21T04:42:10.296+0000] {dagbag.py:537} INFO - Filling up the DagBag from /home/airflow/.local/lib/python3.7/site-packages/airflow/example_dags/example_kubernetes_executor.py
[2024-12-21T04:42:10.323+0000] {processor.py:766} INFO - DAG(s) dict_keys(['example_kubernetes_executor']) retrieved from /home/airflow/.local/lib/python3.7/site-packages/airflow/example_dags/example_kubernetes_executor.py
[2024-12-21T04:42:10.369+0000] {logging_mixin.py:120} INFO - [2024-12-21T04:42:10.369+0000] {dag.py:2585} INFO - Sync 1 DAGs
[2024-12-21T04:42:10.397+0000] {logging_mixin.py:120} INFO - [2024-12-21T04:42:10.397+0000] {dag.py:3340} INFO - Setting next_dagrun for example_kubernetes_executor to None, run_after=None
[2024-12-21T04:42:10.418+0000] {processor.py:176} INFO - Processing /home/airflow/.local/lib/python3.7/site-packages/airflow/example_dags/example_kubernetes_executor.py took 0.130 seconds
[2024-12-21T04:42:40.806+0000] {processor.py:154} INFO - Started process (PID=653) to work on /home/airflow/.local/lib/python3.7/site-packages/airflow/example_dags/example_kubernetes_executor.py
[2024-12-21T04:42:40.807+0000] {processor.py:756} INFO - Processing file /home/airflow/.local/lib/python3.7/site-packages/airflow/example_dags/example_kubernetes_executor.py for tasks to queue
[2024-12-21T04:42:40.808+0000] {logging_mixin.py:120} INFO - [2024-12-21T04:42:40.808+0000] {dagbag.py:537} INFO - Filling up the DagBag from /home/airflow/.local/lib/python3.7/site-packages/airflow/example_dags/example_kubernetes_executor.py
[2024-12-21T04:42:40.837+0000] {processor.py:766} INFO - DAG(s) dict_keys(['example_kubernetes_executor']) retrieved from /home/airflow/.local/lib/python3.7/site-packages/airflow/example_dags/example_kubernetes_executor.py
[2024-12-21T04:42:40.867+0000] {logging_mixin.py:120} INFO - [2024-12-21T04:42:40.867+0000] {dag.py:2585} INFO - Sync 1 DAGs
[2024-12-21T04:42:40.885+0000] {logging_mixin.py:120} INFO - [2024-12-21T04:42:40.884+0000] {dag.py:3340} INFO - Setting next_dagrun for example_kubernetes_executor to None, run_after=None
[2024-12-21T04:42:40.897+0000] {processor.py:176} INFO - Processing /home/airflow/.local/lib/python3.7/site-packages/airflow/example_dags/example_kubernetes_executor.py took 0.094 seconds
[2024-12-21T04:43:11.374+0000] {processor.py:154} INFO - Started process (PID=707) to work on /home/airflow/.local/lib/python3.7/site-packages/airflow/example_dags/example_kubernetes_executor.py
[2024-12-21T04:43:11.375+0000] {processor.py:756} INFO - Processing file /home/airflow/.local/lib/python3.7/site-packages/airflow/example_dags/example_kubernetes_executor.py for tasks to queue
[2024-12-21T04:43:11.376+0000] {logging_mixin.py:120} INFO - [2024-12-21T04:43:11.376+0000] {dagbag.py:537} INFO - Filling up the DagBag from /home/airflow/.local/lib/python3.7/site-packages/airflow/example_dags/example_kubernetes_executor.py
[2024-12-21T04:43:11.405+0000] {processor.py:766} INFO - DAG(s) dict_keys(['example_kubernetes_executor']) retrieved from /home/airflow/.local/lib/python3.7/site-packages/airflow/example_dags/example_kubernetes_executor.py
[2024-12-21T04:43:11.434+0000] {logging_mixin.py:120} INFO - [2024-12-21T04:43:11.434+0000] {dag.py:2585} INFO - Sync 1 DAGs
[2024-12-21T04:43:11.452+0000] {logging_mixin.py:120} INFO - [2024-12-21T04:43:11.452+0000] {dag.py:3340} INFO - Setting next_dagrun for example_kubernetes_executor to None, run_after=None
[2024-12-21T04:43:11.465+0000] {processor.py:176} INFO - Processing /home/airflow/.local/lib/python3.7/site-packages/airflow/example_dags/example_kubernetes_executor.py took 0.095 seconds
[2024-12-21T04:43:41.919+0000] {processor.py:154} INFO - Started process (PID=770) to work on /home/airflow/.local/lib/python3.7/site-packages/airflow/example_dags/example_kubernetes_executor.py
[2024-12-21T04:43:41.922+0000] {processor.py:756} INFO - Processing file /home/airflow/.local/lib/python3.7/site-packages/airflow/example_dags/example_kubernetes_executor.py for tasks to queue
[2024-12-21T04:43:41.923+0000] {logging_mixin.py:120} INFO - [2024-12-21T04:43:41.922+0000] {dagbag.py:537} INFO - Filling up the DagBag from /home/airflow/.local/lib/python3.7/site-packages/airflow/example_dags/example_kubernetes_executor.py
[2024-12-21T04:43:41.954+0000] {processor.py:766} INFO - DAG(s) dict_keys(['example_kubernetes_executor']) retrieved from /home/airflow/.local/lib/python3.7/site-packages/airflow/example_dags/example_kubernetes_executor.py
[2024-12-21T04:43:41.992+0000] {logging_mixin.py:120} INFO - [2024-12-21T04:43:41.992+0000] {dag.py:2585} INFO - Sync 1 DAGs
[2024-12-21T04:43:42.012+0000] {logging_mixin.py:120} INFO - [2024-12-21T04:43:42.012+0000] {dag.py:3340} INFO - Setting next_dagrun for example_kubernetes_executor to None, run_after=None
[2024-12-21T04:43:42.028+0000] {processor.py:176} INFO - Processing /home/airflow/.local/lib/python3.7/site-packages/airflow/example_dags/example_kubernetes_executor.py took 0.114 seconds
[2024-12-21T04:44:12.883+0000] {processor.py:154} INFO - Started process (PID=833) to work on /home/airflow/.local/lib/python3.7/site-packages/airflow/example_dags/example_kubernetes_executor.py
[2024-12-21T04:44:12.886+0000] {processor.py:756} INFO - Processing file /home/airflow/.local/lib/python3.7/site-packages/airflow/example_dags/example_kubernetes_executor.py for tasks to queue
[2024-12-21T04:44:12.888+0000] {logging_mixin.py:120} INFO - [2024-12-21T04:44:12.887+0000] {dagbag.py:537} INFO - Filling up the DagBag from /home/airflow/.local/lib/python3.7/site-packages/airflow/example_dags/example_kubernetes_executor.py
[2024-12-21T04:44:12.929+0000] {processor.py:766} INFO - DAG(s) dict_keys(['example_kubernetes_executor']) retrieved from /home/airflow/.local/lib/python3.7/site-packages/airflow/example_dags/example_kubernetes_executor.py
[2024-12-21T04:44:13.010+0000] {logging_mixin.py:120} INFO - [2024-12-21T04:44:13.010+0000] {dag.py:2585} INFO - Sync 1 DAGs
[2024-12-21T04:44:13.043+0000] {logging_mixin.py:120} INFO - [2024-12-21T04:44:13.043+0000] {dag.py:3340} INFO - Setting next_dagrun for example_kubernetes_executor to None, run_after=None
[2024-12-21T04:44:13.059+0000] {processor.py:176} INFO - Processing /home/airflow/.local/lib/python3.7/site-packages/airflow/example_dags/example_kubernetes_executor.py took 0.194 seconds
[2024-12-21T04:44:45.611+0000] {processor.py:154} INFO - Started process (PID=896) to work on /home/airflow/.local/lib/python3.7/site-packages/airflow/example_dags/example_kubernetes_executor.py
[2024-12-21T04:44:45.616+0000] {processor.py:756} INFO - Processing file /home/airflow/.local/lib/python3.7/site-packages/airflow/example_dags/example_kubernetes_executor.py for tasks to queue
[2024-12-21T04:44:45.618+0000] {logging_mixin.py:120} INFO - [2024-12-21T04:44:45.618+0000] {dagbag.py:537} INFO - Filling up the DagBag from /home/airflow/.local/lib/python3.7/site-packages/airflow/example_dags/example_kubernetes_executor.py
[2024-12-21T04:44:45.682+0000] {processor.py:766} INFO - DAG(s) dict_keys(['example_kubernetes_executor']) retrieved from /home/airflow/.local/lib/python3.7/site-packages/airflow/example_dags/example_kubernetes_executor.py
[2024-12-21T04:44:45.795+0000] {logging_mixin.py:120} INFO - [2024-12-21T04:44:45.794+0000] {dag.py:2585} INFO - Sync 1 DAGs
[2024-12-21T04:44:45.891+0000] {logging_mixin.py:120} INFO - [2024-12-21T04:44:45.890+0000] {dag.py:3340} INFO - Setting next_dagrun for example_kubernetes_executor to None, run_after=None
[2024-12-21T04:44:45.942+0000] {processor.py:176} INFO - Processing /home/airflow/.local/lib/python3.7/site-packages/airflow/example_dags/example_kubernetes_executor.py took 0.354 seconds
[2024-12-21T04:45:16.005+0000] {processor.py:154} INFO - Started process (PID=950) to work on /home/airflow/.local/lib/python3.7/site-packages/airflow/example_dags/example_kubernetes_executor.py
[2024-12-21T04:45:16.006+0000] {processor.py:756} INFO - Processing file /home/airflow/.local/lib/python3.7/site-packages/airflow/example_dags/example_kubernetes_executor.py for tasks to queue
[2024-12-21T04:45:16.007+0000] {logging_mixin.py:120} INFO - [2024-12-21T04:45:16.007+0000] {dagbag.py:537} INFO - Filling up the DagBag from /home/airflow/.local/lib/python3.7/site-packages/airflow/example_dags/example_kubernetes_executor.py
[2024-12-21T04:45:16.031+0000] {processor.py:766} INFO - DAG(s) dict_keys(['example_kubernetes_executor']) retrieved from /home/airflow/.local/lib/python3.7/site-packages/airflow/example_dags/example_kubernetes_executor.py
[2024-12-21T04:45:16.061+0000] {logging_mixin.py:120} INFO - [2024-12-21T04:45:16.061+0000] {dag.py:2585} INFO - Sync 1 DAGs
[2024-12-21T04:45:16.082+0000] {logging_mixin.py:120} INFO - [2024-12-21T04:45:16.082+0000] {dag.py:3340} INFO - Setting next_dagrun for example_kubernetes_executor to None, run_after=None
[2024-12-21T04:45:16.096+0000] {processor.py:176} INFO - Processing /home/airflow/.local/lib/python3.7/site-packages/airflow/example_dags/example_kubernetes_executor.py took 0.093 seconds
[2024-12-21T04:45:46.665+0000] {processor.py:154} INFO - Started process (PID=1013) to work on /home/airflow/.local/lib/python3.7/site-packages/airflow/example_dags/example_kubernetes_executor.py
[2024-12-21T04:45:46.666+0000] {processor.py:756} INFO - Processing file /home/airflow/.local/lib/python3.7/site-packages/airflow/example_dags/example_kubernetes_executor.py for tasks to queue
[2024-12-21T04:45:46.666+0000] {logging_mixin.py:120} INFO - [2024-12-21T04:45:46.666+0000] {dagbag.py:537} INFO - Filling up the DagBag from /home/airflow/.local/lib/python3.7/site-packages/airflow/example_dags/example_kubernetes_executor.py
[2024-12-21T04:45:46.699+0000] {processor.py:766} INFO - DAG(s) dict_keys(['example_kubernetes_executor']) retrieved from /home/airflow/.local/lib/python3.7/site-packages/airflow/example_dags/example_kubernetes_executor.py
[2024-12-21T04:45:46.736+0000] {logging_mixin.py:120} INFO - [2024-12-21T04:45:46.735+0000] {dag.py:2585} INFO - Sync 1 DAGs
[2024-12-21T04:45:46.760+0000] {logging_mixin.py:120} INFO - [2024-12-21T04:45:46.760+0000] {dag.py:3340} INFO - Setting next_dagrun for example_kubernetes_executor to None, run_after=None
[2024-12-21T04:45:46.778+0000] {processor.py:176} INFO - Processing /home/airflow/.local/lib/python3.7/site-packages/airflow/example_dags/example_kubernetes_executor.py took 0.116 seconds
[2024-12-21T04:46:17.118+0000] {processor.py:154} INFO - Started process (PID=1076) to work on /home/airflow/.local/lib/python3.7/site-packages/airflow/example_dags/example_kubernetes_executor.py
[2024-12-21T04:46:17.120+0000] {processor.py:756} INFO - Processing file /home/airflow/.local/lib/python3.7/site-packages/airflow/example_dags/example_kubernetes_executor.py for tasks to queue
[2024-12-21T04:46:17.121+0000] {logging_mixin.py:120} INFO - [2024-12-21T04:46:17.121+0000] {dagbag.py:537} INFO - Filling up the DagBag from /home/airflow/.local/lib/python3.7/site-packages/airflow/example_dags/example_kubernetes_executor.py
[2024-12-21T04:46:17.159+0000] {processor.py:766} INFO - DAG(s) dict_keys(['example_kubernetes_executor']) retrieved from /home/airflow/.local/lib/python3.7/site-packages/airflow/example_dags/example_kubernetes_executor.py
[2024-12-21T04:46:17.208+0000] {logging_mixin.py:120} INFO - [2024-12-21T04:46:17.208+0000] {dag.py:2585} INFO - Sync 1 DAGs
[2024-12-21T04:46:17.239+0000] {logging_mixin.py:120} INFO - [2024-12-21T04:46:17.239+0000] {dag.py:3340} INFO - Setting next_dagrun for example_kubernetes_executor to None, run_after=None
[2024-12-21T04:46:17.266+0000] {processor.py:176} INFO - Processing /home/airflow/.local/lib/python3.7/site-packages/airflow/example_dags/example_kubernetes_executor.py took 0.151 seconds
[2024-12-21T04:46:47.850+0000] {processor.py:154} INFO - Started process (PID=1130) to work on /home/airflow/.local/lib/python3.7/site-packages/airflow/example_dags/example_kubernetes_executor.py
[2024-12-21T04:46:47.850+0000] {processor.py:756} INFO - Processing file /home/airflow/.local/lib/python3.7/site-packages/airflow/example_dags/example_kubernetes_executor.py for tasks to queue
[2024-12-21T04:46:47.851+0000] {logging_mixin.py:120} INFO - [2024-12-21T04:46:47.851+0000] {dagbag.py:537} INFO - Filling up the DagBag from /home/airflow/.local/lib/python3.7/site-packages/airflow/example_dags/example_kubernetes_executor.py
[2024-12-21T04:46:47.877+0000] {processor.py:766} INFO - DAG(s) dict_keys(['example_kubernetes_executor']) retrieved from /home/airflow/.local/lib/python3.7/site-packages/airflow/example_dags/example_kubernetes_executor.py
[2024-12-21T04:46:47.912+0000] {logging_mixin.py:120} INFO - [2024-12-21T04:46:47.911+0000] {dag.py:2585} INFO - Sync 1 DAGs
[2024-12-21T04:46:47.932+0000] {logging_mixin.py:120} INFO - [2024-12-21T04:46:47.932+0000] {dag.py:3340} INFO - Setting next_dagrun for example_kubernetes_executor to None, run_after=None
[2024-12-21T04:46:47.947+0000] {processor.py:176} INFO - Processing /home/airflow/.local/lib/python3.7/site-packages/airflow/example_dags/example_kubernetes_executor.py took 0.101 seconds
[2024-12-21T04:47:18.386+0000] {processor.py:154} INFO - Started process (PID=1193) to work on /home/airflow/.local/lib/python3.7/site-packages/airflow/example_dags/example_kubernetes_executor.py
[2024-12-21T04:47:18.387+0000] {processor.py:756} INFO - Processing file /home/airflow/.local/lib/python3.7/site-packages/airflow/example_dags/example_kubernetes_executor.py for tasks to queue
[2024-12-21T04:47:18.387+0000] {logging_mixin.py:120} INFO - [2024-12-21T04:47:18.387+0000] {dagbag.py:537} INFO - Filling up the DagBag from /home/airflow/.local/lib/python3.7/site-packages/airflow/example_dags/example_kubernetes_executor.py
[2024-12-21T04:47:18.413+0000] {processor.py:766} INFO - DAG(s) dict_keys(['example_kubernetes_executor']) retrieved from /home/airflow/.local/lib/python3.7/site-packages/airflow/example_dags/example_kubernetes_executor.py
[2024-12-21T04:47:18.452+0000] {logging_mixin.py:120} INFO - [2024-12-21T04:47:18.452+0000] {dag.py:2585} INFO - Sync 1 DAGs
[2024-12-21T04:47:18.471+0000] {logging_mixin.py:120} INFO - [2024-12-21T04:47:18.471+0000] {dag.py:3340} INFO - Setting next_dagrun for example_kubernetes_executor to None, run_after=None
[2024-12-21T04:47:18.487+0000] {processor.py:176} INFO - Processing /home/airflow/.local/lib/python3.7/site-packages/airflow/example_dags/example_kubernetes_executor.py took 0.104 seconds
[2024-12-21T04:47:49.071+0000] {processor.py:154} INFO - Started process (PID=1256) to work on /home/airflow/.local/lib/python3.7/site-packages/airflow/example_dags/example_kubernetes_executor.py
[2024-12-21T04:47:49.071+0000] {processor.py:756} INFO - Processing file /home/airflow/.local/lib/python3.7/site-packages/airflow/example_dags/example_kubernetes_executor.py for tasks to queue
[2024-12-21T04:47:49.072+0000] {logging_mixin.py:120} INFO - [2024-12-21T04:47:49.072+0000] {dagbag.py:537} INFO - Filling up the DagBag from /home/airflow/.local/lib/python3.7/site-packages/airflow/example_dags/example_kubernetes_executor.py
[2024-12-21T04:47:49.099+0000] {processor.py:766} INFO - DAG(s) dict_keys(['example_kubernetes_executor']) retrieved from /home/airflow/.local/lib/python3.7/site-packages/airflow/example_dags/example_kubernetes_executor.py
[2024-12-21T04:47:49.135+0000] {logging_mixin.py:120} INFO - [2024-12-21T04:47:49.135+0000] {dag.py:2585} INFO - Sync 1 DAGs
[2024-12-21T04:47:49.159+0000] {logging_mixin.py:120} INFO - [2024-12-21T04:47:49.159+0000] {dag.py:3340} INFO - Setting next_dagrun for example_kubernetes_executor to None, run_after=None
[2024-12-21T04:47:49.175+0000] {processor.py:176} INFO - Processing /home/airflow/.local/lib/python3.7/site-packages/airflow/example_dags/example_kubernetes_executor.py took 0.108 seconds
[2024-12-21T04:48:20.068+0000] {processor.py:154} INFO - Started process (PID=1319) to work on /home/airflow/.local/lib/python3.7/site-packages/airflow/example_dags/example_kubernetes_executor.py
[2024-12-21T04:48:20.071+0000] {processor.py:756} INFO - Processing file /home/airflow/.local/lib/python3.7/site-packages/airflow/example_dags/example_kubernetes_executor.py for tasks to queue
[2024-12-21T04:48:20.073+0000] {logging_mixin.py:120} INFO - [2024-12-21T04:48:20.072+0000] {dagbag.py:537} INFO - Filling up the DagBag from /home/airflow/.local/lib/python3.7/site-packages/airflow/example_dags/example_kubernetes_executor.py
[2024-12-21T04:48:20.138+0000] {processor.py:766} INFO - DAG(s) dict_keys(['example_kubernetes_executor']) retrieved from /home/airflow/.local/lib/python3.7/site-packages/airflow/example_dags/example_kubernetes_executor.py
[2024-12-21T04:48:20.213+0000] {logging_mixin.py:120} INFO - [2024-12-21T04:48:20.213+0000] {dag.py:2585} INFO - Sync 1 DAGs
[2024-12-21T04:48:20.260+0000] {logging_mixin.py:120} INFO - [2024-12-21T04:48:20.260+0000] {dag.py:3340} INFO - Setting next_dagrun for example_kubernetes_executor to None, run_after=None
[2024-12-21T04:48:20.310+0000] {processor.py:176} INFO - Processing /home/airflow/.local/lib/python3.7/site-packages/airflow/example_dags/example_kubernetes_executor.py took 0.248 seconds
[2024-12-21T04:48:50.481+0000] {processor.py:154} INFO - Started process (PID=1373) to work on /home/airflow/.local/lib/python3.7/site-packages/airflow/example_dags/example_kubernetes_executor.py
[2024-12-21T04:48:50.483+0000] {processor.py:756} INFO - Processing file /home/airflow/.local/lib/python3.7/site-packages/airflow/example_dags/example_kubernetes_executor.py for tasks to queue
[2024-12-21T04:48:50.483+0000] {logging_mixin.py:120} INFO - [2024-12-21T04:48:50.483+0000] {dagbag.py:537} INFO - Filling up the DagBag from /home/airflow/.local/lib/python3.7/site-packages/airflow/example_dags/example_kubernetes_executor.py
[2024-12-21T04:48:50.507+0000] {processor.py:766} INFO - DAG(s) dict_keys(['example_kubernetes_executor']) retrieved from /home/airflow/.local/lib/python3.7/site-packages/airflow/example_dags/example_kubernetes_executor.py
[2024-12-21T04:48:50.547+0000] {logging_mixin.py:120} INFO - [2024-12-21T04:48:50.547+0000] {dag.py:2585} INFO - Sync 1 DAGs
[2024-12-21T04:48:50.573+0000] {logging_mixin.py:120} INFO - [2024-12-21T04:48:50.573+0000] {dag.py:3340} INFO - Setting next_dagrun for example_kubernetes_executor to None, run_after=None
[2024-12-21T04:48:50.600+0000] {processor.py:176} INFO - Processing /home/airflow/.local/lib/python3.7/site-packages/airflow/example_dags/example_kubernetes_executor.py took 0.122 seconds
[2024-12-21T04:49:21.156+0000] {processor.py:154} INFO - Started process (PID=1436) to work on /home/airflow/.local/lib/python3.7/site-packages/airflow/example_dags/example_kubernetes_executor.py
[2024-12-21T04:49:21.158+0000] {processor.py:756} INFO - Processing file /home/airflow/.local/lib/python3.7/site-packages/airflow/example_dags/example_kubernetes_executor.py for tasks to queue
[2024-12-21T04:49:21.159+0000] {logging_mixin.py:120} INFO - [2024-12-21T04:49:21.159+0000] {dagbag.py:537} INFO - Filling up the DagBag from /home/airflow/.local/lib/python3.7/site-packages/airflow/example_dags/example_kubernetes_executor.py
[2024-12-21T04:49:21.186+0000] {processor.py:766} INFO - DAG(s) dict_keys(['example_kubernetes_executor']) retrieved from /home/airflow/.local/lib/python3.7/site-packages/airflow/example_dags/example_kubernetes_executor.py
[2024-12-21T04:49:21.230+0000] {logging_mixin.py:120} INFO - [2024-12-21T04:49:21.230+0000] {dag.py:2585} INFO - Sync 1 DAGs
[2024-12-21T04:49:21.252+0000] {logging_mixin.py:120} INFO - [2024-12-21T04:49:21.252+0000] {dag.py:3340} INFO - Setting next_dagrun for example_kubernetes_executor to None, run_after=None
[2024-12-21T04:49:21.269+0000] {processor.py:176} INFO - Processing /home/airflow/.local/lib/python3.7/site-packages/airflow/example_dags/example_kubernetes_executor.py took 0.116 seconds
