[2024-12-21T04:37:33.745+0000] {processor.py:154} INFO - Started process (PID=46) to work on /home/airflow/.local/lib/python3.7/site-packages/airflow/example_dags/example_branch_day_of_week_operator.py
[2024-12-21T04:37:33.756+0000] {processor.py:756} INFO - Processing file /home/airflow/.local/lib/python3.7/site-packages/airflow/example_dags/example_branch_day_of_week_operator.py for tasks to queue
[2024-12-21T04:37:33.758+0000] {logging_mixin.py:120} INFO - [2024-12-21T04:37:33.757+0000] {dagbag.py:537} INFO - Filling up the DagBag from /home/airflow/.local/lib/python3.7/site-packages/airflow/example_dags/example_branch_day_of_week_operator.py
[2024-12-21T04:37:33.865+0000] {processor.py:766} INFO - DAG(s) dict_keys(['example_weekday_branch_operator']) retrieved from /home/airflow/.local/lib/python3.7/site-packages/airflow/example_dags/example_branch_day_of_week_operator.py
[2024-12-21T04:37:34.337+0000] {logging_mixin.py:120} INFO - [2024-12-21T04:37:34.336+0000] {manager.py:507} INFO - Created Permission View: can delete on DAG:example_weekday_branch_operator
[2024-12-21T04:37:34.366+0000] {logging_mixin.py:120} INFO - [2024-12-21T04:37:34.365+0000] {manager.py:507} INFO - Created Permission View: can edit on DAG:example_weekday_branch_operator
[2024-12-21T04:37:34.381+0000] {logging_mixin.py:120} INFO - [2024-12-21T04:37:34.381+0000] {manager.py:507} INFO - Created Permission View: can read on DAG:example_weekday_branch_operator
[2024-12-21T04:37:34.382+0000] {logging_mixin.py:120} INFO - [2024-12-21T04:37:34.382+0000] {dag.py:2585} INFO - Sync 1 DAGs
[2024-12-21T04:37:34.433+0000] {logging_mixin.py:120} INFO - [2024-12-21T04:37:34.432+0000] {dag.py:2606} INFO - Creating ORM DAG for example_weekday_branch_operator
[2024-12-21T04:37:34.476+0000] {logging_mixin.py:120} INFO - [2024-12-21T04:37:34.476+0000] {dag.py:3340} INFO - Setting next_dagrun for example_weekday_branch_operator to 2024-12-20T00:00:00+00:00, run_after=2024-12-21T00:00:00+00:00
[2024-12-21T04:37:34.567+0000] {processor.py:176} INFO - Processing /home/airflow/.local/lib/python3.7/site-packages/airflow/example_dags/example_branch_day_of_week_operator.py took 0.839 seconds
[2024-12-21T04:38:04.718+0000] {processor.py:154} INFO - Started process (PID=100) to work on /home/airflow/.local/lib/python3.7/site-packages/airflow/example_dags/example_branch_day_of_week_operator.py
[2024-12-21T04:38:04.720+0000] {processor.py:756} INFO - Processing file /home/airflow/.local/lib/python3.7/site-packages/airflow/example_dags/example_branch_day_of_week_operator.py for tasks to queue
[2024-12-21T04:38:04.721+0000] {logging_mixin.py:120} INFO - [2024-12-21T04:38:04.721+0000] {dagbag.py:537} INFO - Filling up the DagBag from /home/airflow/.local/lib/python3.7/site-packages/airflow/example_dags/example_branch_day_of_week_operator.py
[2024-12-21T04:38:04.764+0000] {processor.py:766} INFO - DAG(s) dict_keys(['example_weekday_branch_operator']) retrieved from /home/airflow/.local/lib/python3.7/site-packages/airflow/example_dags/example_branch_day_of_week_operator.py
[2024-12-21T04:38:04.898+0000] {logging_mixin.py:120} INFO - [2024-12-21T04:38:04.898+0000] {dag.py:2585} INFO - Sync 1 DAGs
[2024-12-21T04:38:04.991+0000] {logging_mixin.py:120} INFO - [2024-12-21T04:38:04.991+0000] {dag.py:3340} INFO - Setting next_dagrun for example_weekday_branch_operator to 2024-12-20T00:00:00+00:00, run_after=2024-12-21T00:00:00+00:00
[2024-12-21T04:38:05.014+0000] {processor.py:176} INFO - Processing /home/airflow/.local/lib/python3.7/site-packages/airflow/example_dags/example_branch_day_of_week_operator.py took 0.302 seconds
[2024-12-21T04:38:35.765+0000] {processor.py:154} INFO - Started process (PID=164) to work on /home/airflow/.local/lib/python3.7/site-packages/airflow/example_dags/example_branch_day_of_week_operator.py
[2024-12-21T04:38:35.768+0000] {processor.py:756} INFO - Processing file /home/airflow/.local/lib/python3.7/site-packages/airflow/example_dags/example_branch_day_of_week_operator.py for tasks to queue
[2024-12-21T04:38:35.769+0000] {logging_mixin.py:120} INFO - [2024-12-21T04:38:35.769+0000] {dagbag.py:537} INFO - Filling up the DagBag from /home/airflow/.local/lib/python3.7/site-packages/airflow/example_dags/example_branch_day_of_week_operator.py
[2024-12-21T04:38:35.816+0000] {processor.py:766} INFO - DAG(s) dict_keys(['example_weekday_branch_operator']) retrieved from /home/airflow/.local/lib/python3.7/site-packages/airflow/example_dags/example_branch_day_of_week_operator.py
[2024-12-21T04:38:35.897+0000] {logging_mixin.py:120} INFO - [2024-12-21T04:38:35.896+0000] {dag.py:2585} INFO - Sync 1 DAGs
[2024-12-21T04:38:35.930+0000] {logging_mixin.py:120} INFO - [2024-12-21T04:38:35.929+0000] {dag.py:3340} INFO - Setting next_dagrun for example_weekday_branch_operator to 2024-12-20T00:00:00+00:00, run_after=2024-12-21T00:00:00+00:00
[2024-12-21T04:38:35.956+0000] {processor.py:176} INFO - Processing /home/airflow/.local/lib/python3.7/site-packages/airflow/example_dags/example_branch_day_of_week_operator.py took 0.197 seconds
[2024-12-21T04:39:06.177+0000] {processor.py:154} INFO - Started process (PID=227) to work on /home/airflow/.local/lib/python3.7/site-packages/airflow/example_dags/example_branch_day_of_week_operator.py
[2024-12-21T04:39:06.179+0000] {processor.py:756} INFO - Processing file /home/airflow/.local/lib/python3.7/site-packages/airflow/example_dags/example_branch_day_of_week_operator.py for tasks to queue
[2024-12-21T04:39:06.180+0000] {logging_mixin.py:120} INFO - [2024-12-21T04:39:06.180+0000] {dagbag.py:537} INFO - Filling up the DagBag from /home/airflow/.local/lib/python3.7/site-packages/airflow/example_dags/example_branch_day_of_week_operator.py
[2024-12-21T04:39:06.203+0000] {processor.py:766} INFO - DAG(s) dict_keys(['example_weekday_branch_operator']) retrieved from /home/airflow/.local/lib/python3.7/site-packages/airflow/example_dags/example_branch_day_of_week_operator.py
[2024-12-21T04:39:06.250+0000] {logging_mixin.py:120} INFO - [2024-12-21T04:39:06.250+0000] {dag.py:2585} INFO - Sync 1 DAGs
[2024-12-21T04:39:06.282+0000] {logging_mixin.py:120} INFO - [2024-12-21T04:39:06.282+0000] {dag.py:3340} INFO - Setting next_dagrun for example_weekday_branch_operator to 2024-12-20T00:00:00+00:00, run_after=2024-12-21T00:00:00+00:00
[2024-12-21T04:39:06.304+0000] {processor.py:176} INFO - Processing /home/airflow/.local/lib/python3.7/site-packages/airflow/example_dags/example_branch_day_of_week_operator.py took 0.133 seconds
[2024-12-21T04:39:36.701+0000] {processor.py:154} INFO - Started process (PID=281) to work on /home/airflow/.local/lib/python3.7/site-packages/airflow/example_dags/example_branch_day_of_week_operator.py
[2024-12-21T04:39:36.704+0000] {processor.py:756} INFO - Processing file /home/airflow/.local/lib/python3.7/site-packages/airflow/example_dags/example_branch_day_of_week_operator.py for tasks to queue
[2024-12-21T04:39:36.705+0000] {logging_mixin.py:120} INFO - [2024-12-21T04:39:36.704+0000] {dagbag.py:537} INFO - Filling up the DagBag from /home/airflow/.local/lib/python3.7/site-packages/airflow/example_dags/example_branch_day_of_week_operator.py
[2024-12-21T04:39:36.725+0000] {processor.py:766} INFO - DAG(s) dict_keys(['example_weekday_branch_operator']) retrieved from /home/airflow/.local/lib/python3.7/site-packages/airflow/example_dags/example_branch_day_of_week_operator.py
[2024-12-21T04:39:36.771+0000] {logging_mixin.py:120} INFO - [2024-12-21T04:39:36.771+0000] {dag.py:2585} INFO - Sync 1 DAGs
[2024-12-21T04:39:36.796+0000] {logging_mixin.py:120} INFO - [2024-12-21T04:39:36.796+0000] {dag.py:3340} INFO - Setting next_dagrun for example_weekday_branch_operator to 2024-12-20T00:00:00+00:00, run_after=2024-12-21T00:00:00+00:00
[2024-12-21T04:39:36.818+0000] {processor.py:176} INFO - Processing /home/airflow/.local/lib/python3.7/site-packages/airflow/example_dags/example_branch_day_of_week_operator.py took 0.121 seconds
[2024-12-21T04:40:06.875+0000] {processor.py:154} INFO - Started process (PID=344) to work on /home/airflow/.local/lib/python3.7/site-packages/airflow/example_dags/example_branch_day_of_week_operator.py
[2024-12-21T04:40:06.876+0000] {processor.py:756} INFO - Processing file /home/airflow/.local/lib/python3.7/site-packages/airflow/example_dags/example_branch_day_of_week_operator.py for tasks to queue
[2024-12-21T04:40:06.878+0000] {logging_mixin.py:120} INFO - [2024-12-21T04:40:06.877+0000] {dagbag.py:537} INFO - Filling up the DagBag from /home/airflow/.local/lib/python3.7/site-packages/airflow/example_dags/example_branch_day_of_week_operator.py
[2024-12-21T04:40:06.901+0000] {processor.py:766} INFO - DAG(s) dict_keys(['example_weekday_branch_operator']) retrieved from /home/airflow/.local/lib/python3.7/site-packages/airflow/example_dags/example_branch_day_of_week_operator.py
[2024-12-21T04:40:06.966+0000] {logging_mixin.py:120} INFO - [2024-12-21T04:40:06.966+0000] {dag.py:2585} INFO - Sync 1 DAGs
[2024-12-21T04:40:06.995+0000] {logging_mixin.py:120} INFO - [2024-12-21T04:40:06.995+0000] {dag.py:3340} INFO - Setting next_dagrun for example_weekday_branch_operator to 2024-12-20T00:00:00+00:00, run_after=2024-12-21T00:00:00+00:00
[2024-12-21T04:40:07.010+0000] {processor.py:176} INFO - Processing /home/airflow/.local/lib/python3.7/site-packages/airflow/example_dags/example_branch_day_of_week_operator.py took 0.139 seconds
[2024-12-21T04:40:37.791+0000] {processor.py:154} INFO - Started process (PID=407) to work on /home/airflow/.local/lib/python3.7/site-packages/airflow/example_dags/example_branch_day_of_week_operator.py
[2024-12-21T04:40:37.795+0000] {processor.py:756} INFO - Processing file /home/airflow/.local/lib/python3.7/site-packages/airflow/example_dags/example_branch_day_of_week_operator.py for tasks to queue
[2024-12-21T04:40:37.796+0000] {logging_mixin.py:120} INFO - [2024-12-21T04:40:37.796+0000] {dagbag.py:537} INFO - Filling up the DagBag from /home/airflow/.local/lib/python3.7/site-packages/airflow/example_dags/example_branch_day_of_week_operator.py
[2024-12-21T04:40:37.817+0000] {processor.py:766} INFO - DAG(s) dict_keys(['example_weekday_branch_operator']) retrieved from /home/airflow/.local/lib/python3.7/site-packages/airflow/example_dags/example_branch_day_of_week_operator.py
[2024-12-21T04:40:37.869+0000] {logging_mixin.py:120} INFO - [2024-12-21T04:40:37.869+0000] {dag.py:2585} INFO - Sync 1 DAGs
[2024-12-21T04:40:37.899+0000] {logging_mixin.py:120} INFO - [2024-12-21T04:40:37.899+0000] {dag.py:3340} INFO - Setting next_dagrun for example_weekday_branch_operator to 2024-12-20T00:00:00+00:00, run_after=2024-12-21T00:00:00+00:00
[2024-12-21T04:40:37.915+0000] {processor.py:176} INFO - Processing /home/airflow/.local/lib/python3.7/site-packages/airflow/example_dags/example_branch_day_of_week_operator.py took 0.129 seconds
[2024-12-21T04:41:07.968+0000] {processor.py:154} INFO - Started process (PID=461) to work on /home/airflow/.local/lib/python3.7/site-packages/airflow/example_dags/example_branch_day_of_week_operator.py
[2024-12-21T04:41:07.972+0000] {processor.py:756} INFO - Processing file /home/airflow/.local/lib/python3.7/site-packages/airflow/example_dags/example_branch_day_of_week_operator.py for tasks to queue
[2024-12-21T04:41:07.976+0000] {logging_mixin.py:120} INFO - [2024-12-21T04:41:07.976+0000] {dagbag.py:537} INFO - Filling up the DagBag from /home/airflow/.local/lib/python3.7/site-packages/airflow/example_dags/example_branch_day_of_week_operator.py
[2024-12-21T04:41:08.018+0000] {processor.py:766} INFO - DAG(s) dict_keys(['example_weekday_branch_operator']) retrieved from /home/airflow/.local/lib/python3.7/site-packages/airflow/example_dags/example_branch_day_of_week_operator.py
[2024-12-21T04:41:08.076+0000] {logging_mixin.py:120} INFO - [2024-12-21T04:41:08.075+0000] {dag.py:2585} INFO - Sync 1 DAGs
[2024-12-21T04:41:08.101+0000] {logging_mixin.py:120} INFO - [2024-12-21T04:41:08.101+0000] {dag.py:3340} INFO - Setting next_dagrun for example_weekday_branch_operator to 2024-12-20T00:00:00+00:00, run_after=2024-12-21T00:00:00+00:00
[2024-12-21T04:41:08.120+0000] {processor.py:176} INFO - Processing /home/airflow/.local/lib/python3.7/site-packages/airflow/example_dags/example_branch_day_of_week_operator.py took 0.160 seconds
[2024-12-21T04:41:38.420+0000] {processor.py:154} INFO - Started process (PID=524) to work on /home/airflow/.local/lib/python3.7/site-packages/airflow/example_dags/example_branch_day_of_week_operator.py
[2024-12-21T04:41:38.424+0000] {processor.py:756} INFO - Processing file /home/airflow/.local/lib/python3.7/site-packages/airflow/example_dags/example_branch_day_of_week_operator.py for tasks to queue
[2024-12-21T04:41:38.426+0000] {logging_mixin.py:120} INFO - [2024-12-21T04:41:38.426+0000] {dagbag.py:537} INFO - Filling up the DagBag from /home/airflow/.local/lib/python3.7/site-packages/airflow/example_dags/example_branch_day_of_week_operator.py
[2024-12-21T04:41:38.466+0000] {processor.py:766} INFO - DAG(s) dict_keys(['example_weekday_branch_operator']) retrieved from /home/airflow/.local/lib/python3.7/site-packages/airflow/example_dags/example_branch_day_of_week_operator.py
[2024-12-21T04:41:38.541+0000] {logging_mixin.py:120} INFO - [2024-12-21T04:41:38.541+0000] {dag.py:2585} INFO - Sync 1 DAGs
[2024-12-21T04:41:38.574+0000] {logging_mixin.py:120} INFO - [2024-12-21T04:41:38.573+0000] {dag.py:3340} INFO - Setting next_dagrun for example_weekday_branch_operator to 2024-12-20T00:00:00+00:00, run_after=2024-12-21T00:00:00+00:00
[2024-12-21T04:41:38.593+0000] {processor.py:176} INFO - Processing /home/airflow/.local/lib/python3.7/site-packages/airflow/example_dags/example_branch_day_of_week_operator.py took 0.206 seconds
[2024-12-21T04:42:09.006+0000] {processor.py:154} INFO - Started process (PID=587) to work on /home/airflow/.local/lib/python3.7/site-packages/airflow/example_dags/example_branch_day_of_week_operator.py
[2024-12-21T04:42:09.007+0000] {processor.py:756} INFO - Processing file /home/airflow/.local/lib/python3.7/site-packages/airflow/example_dags/example_branch_day_of_week_operator.py for tasks to queue
[2024-12-21T04:42:09.009+0000] {logging_mixin.py:120} INFO - [2024-12-21T04:42:09.009+0000] {dagbag.py:537} INFO - Filling up the DagBag from /home/airflow/.local/lib/python3.7/site-packages/airflow/example_dags/example_branch_day_of_week_operator.py
[2024-12-21T04:42:09.042+0000] {processor.py:766} INFO - DAG(s) dict_keys(['example_weekday_branch_operator']) retrieved from /home/airflow/.local/lib/python3.7/site-packages/airflow/example_dags/example_branch_day_of_week_operator.py
[2024-12-21T04:42:09.093+0000] {logging_mixin.py:120} INFO - [2024-12-21T04:42:09.093+0000] {dag.py:2585} INFO - Sync 1 DAGs
[2024-12-21T04:42:09.123+0000] {logging_mixin.py:120} INFO - [2024-12-21T04:42:09.123+0000] {dag.py:3340} INFO - Setting next_dagrun for example_weekday_branch_operator to 2024-12-20T00:00:00+00:00, run_after=2024-12-21T00:00:00+00:00
[2024-12-21T04:42:09.146+0000] {processor.py:176} INFO - Processing /home/airflow/.local/lib/python3.7/site-packages/airflow/example_dags/example_branch_day_of_week_operator.py took 0.148 seconds
[2024-12-21T04:42:39.491+0000] {processor.py:154} INFO - Started process (PID=650) to work on /home/airflow/.local/lib/python3.7/site-packages/airflow/example_dags/example_branch_day_of_week_operator.py
[2024-12-21T04:42:39.493+0000] {processor.py:756} INFO - Processing file /home/airflow/.local/lib/python3.7/site-packages/airflow/example_dags/example_branch_day_of_week_operator.py for tasks to queue
[2024-12-21T04:42:39.495+0000] {logging_mixin.py:120} INFO - [2024-12-21T04:42:39.495+0000] {dagbag.py:537} INFO - Filling up the DagBag from /home/airflow/.local/lib/python3.7/site-packages/airflow/example_dags/example_branch_day_of_week_operator.py
[2024-12-21T04:42:39.568+0000] {processor.py:766} INFO - DAG(s) dict_keys(['example_weekday_branch_operator']) retrieved from /home/airflow/.local/lib/python3.7/site-packages/airflow/example_dags/example_branch_day_of_week_operator.py
[2024-12-21T04:42:39.626+0000] {logging_mixin.py:120} INFO - [2024-12-21T04:42:39.625+0000] {dag.py:2585} INFO - Sync 1 DAGs
[2024-12-21T04:42:39.654+0000] {logging_mixin.py:120} INFO - [2024-12-21T04:42:39.654+0000] {dag.py:3340} INFO - Setting next_dagrun for example_weekday_branch_operator to 2024-12-20T00:00:00+00:00, run_after=2024-12-21T00:00:00+00:00
[2024-12-21T04:42:39.671+0000] {processor.py:176} INFO - Processing /home/airflow/.local/lib/python3.7/site-packages/airflow/example_dags/example_branch_day_of_week_operator.py took 0.188 seconds
[2024-12-21T04:43:10.142+0000] {processor.py:154} INFO - Started process (PID=704) to work on /home/airflow/.local/lib/python3.7/site-packages/airflow/example_dags/example_branch_day_of_week_operator.py
[2024-12-21T04:43:10.143+0000] {processor.py:756} INFO - Processing file /home/airflow/.local/lib/python3.7/site-packages/airflow/example_dags/example_branch_day_of_week_operator.py for tasks to queue
[2024-12-21T04:43:10.144+0000] {logging_mixin.py:120} INFO - [2024-12-21T04:43:10.144+0000] {dagbag.py:537} INFO - Filling up the DagBag from /home/airflow/.local/lib/python3.7/site-packages/airflow/example_dags/example_branch_day_of_week_operator.py
[2024-12-21T04:43:10.164+0000] {processor.py:766} INFO - DAG(s) dict_keys(['example_weekday_branch_operator']) retrieved from /home/airflow/.local/lib/python3.7/site-packages/airflow/example_dags/example_branch_day_of_week_operator.py
[2024-12-21T04:43:10.213+0000] {logging_mixin.py:120} INFO - [2024-12-21T04:43:10.213+0000] {dag.py:2585} INFO - Sync 1 DAGs
[2024-12-21T04:43:10.238+0000] {logging_mixin.py:120} INFO - [2024-12-21T04:43:10.238+0000] {dag.py:3340} INFO - Setting next_dagrun for example_weekday_branch_operator to 2024-12-20T00:00:00+00:00, run_after=2024-12-21T00:00:00+00:00
[2024-12-21T04:43:10.253+0000] {processor.py:176} INFO - Processing /home/airflow/.local/lib/python3.7/site-packages/airflow/example_dags/example_branch_day_of_week_operator.py took 0.116 seconds
[2024-12-21T04:43:40.697+0000] {processor.py:154} INFO - Started process (PID=767) to work on /home/airflow/.local/lib/python3.7/site-packages/airflow/example_dags/example_branch_day_of_week_operator.py
[2024-12-21T04:43:40.698+0000] {processor.py:756} INFO - Processing file /home/airflow/.local/lib/python3.7/site-packages/airflow/example_dags/example_branch_day_of_week_operator.py for tasks to queue
[2024-12-21T04:43:40.699+0000] {logging_mixin.py:120} INFO - [2024-12-21T04:43:40.699+0000] {dagbag.py:537} INFO - Filling up the DagBag from /home/airflow/.local/lib/python3.7/site-packages/airflow/example_dags/example_branch_day_of_week_operator.py
[2024-12-21T04:43:40.716+0000] {processor.py:766} INFO - DAG(s) dict_keys(['example_weekday_branch_operator']) retrieved from /home/airflow/.local/lib/python3.7/site-packages/airflow/example_dags/example_branch_day_of_week_operator.py
[2024-12-21T04:43:40.757+0000] {logging_mixin.py:120} INFO - [2024-12-21T04:43:40.757+0000] {dag.py:2585} INFO - Sync 1 DAGs
[2024-12-21T04:43:40.780+0000] {logging_mixin.py:120} INFO - [2024-12-21T04:43:40.780+0000] {dag.py:3340} INFO - Setting next_dagrun for example_weekday_branch_operator to 2024-12-20T00:00:00+00:00, run_after=2024-12-21T00:00:00+00:00
[2024-12-21T04:43:40.795+0000] {processor.py:176} INFO - Processing /home/airflow/.local/lib/python3.7/site-packages/airflow/example_dags/example_branch_day_of_week_operator.py took 0.102 seconds
[2024-12-21T04:44:11.597+0000] {processor.py:154} INFO - Started process (PID=830) to work on /home/airflow/.local/lib/python3.7/site-packages/airflow/example_dags/example_branch_day_of_week_operator.py
[2024-12-21T04:44:11.598+0000] {processor.py:756} INFO - Processing file /home/airflow/.local/lib/python3.7/site-packages/airflow/example_dags/example_branch_day_of_week_operator.py for tasks to queue
[2024-12-21T04:44:11.599+0000] {logging_mixin.py:120} INFO - [2024-12-21T04:44:11.599+0000] {dagbag.py:537} INFO - Filling up the DagBag from /home/airflow/.local/lib/python3.7/site-packages/airflow/example_dags/example_branch_day_of_week_operator.py
[2024-12-21T04:44:11.621+0000] {processor.py:766} INFO - DAG(s) dict_keys(['example_weekday_branch_operator']) retrieved from /home/airflow/.local/lib/python3.7/site-packages/airflow/example_dags/example_branch_day_of_week_operator.py
[2024-12-21T04:44:11.666+0000] {logging_mixin.py:120} INFO - [2024-12-21T04:44:11.666+0000] {dag.py:2585} INFO - Sync 1 DAGs
[2024-12-21T04:44:11.691+0000] {logging_mixin.py:120} INFO - [2024-12-21T04:44:11.691+0000] {dag.py:3340} INFO - Setting next_dagrun for example_weekday_branch_operator to 2024-12-20T00:00:00+00:00, run_after=2024-12-21T00:00:00+00:00
[2024-12-21T04:44:11.708+0000] {processor.py:176} INFO - Processing /home/airflow/.local/lib/python3.7/site-packages/airflow/example_dags/example_branch_day_of_week_operator.py took 0.117 seconds
[2024-12-21T04:44:42.348+0000] {processor.py:154} INFO - Started process (PID=893) to work on /home/airflow/.local/lib/python3.7/site-packages/airflow/example_dags/example_branch_day_of_week_operator.py
[2024-12-21T04:44:42.350+0000] {processor.py:756} INFO - Processing file /home/airflow/.local/lib/python3.7/site-packages/airflow/example_dags/example_branch_day_of_week_operator.py for tasks to queue
[2024-12-21T04:44:42.352+0000] {logging_mixin.py:120} INFO - [2024-12-21T04:44:42.352+0000] {dagbag.py:537} INFO - Filling up the DagBag from /home/airflow/.local/lib/python3.7/site-packages/airflow/example_dags/example_branch_day_of_week_operator.py
[2024-12-21T04:44:42.424+0000] {processor.py:766} INFO - DAG(s) dict_keys(['example_weekday_branch_operator']) retrieved from /home/airflow/.local/lib/python3.7/site-packages/airflow/example_dags/example_branch_day_of_week_operator.py
[2024-12-21T04:44:42.654+0000] {logging_mixin.py:120} INFO - [2024-12-21T04:44:42.653+0000] {dag.py:2585} INFO - Sync 1 DAGs
[2024-12-21T04:44:44.316+0000] {logging_mixin.py:120} INFO - [2024-12-21T04:44:44.309+0000] {dag.py:3340} INFO - Setting next_dagrun for example_weekday_branch_operator to 2024-12-20T00:00:00+00:00, run_after=2024-12-21T00:00:00+00:00
[2024-12-21T04:44:44.497+0000] {processor.py:176} INFO - Processing /home/airflow/.local/lib/python3.7/site-packages/airflow/example_dags/example_branch_day_of_week_operator.py took 2.158 seconds
[2024-12-21T04:45:15.269+0000] {processor.py:154} INFO - Started process (PID=947) to work on /home/airflow/.local/lib/python3.7/site-packages/airflow/example_dags/example_branch_day_of_week_operator.py
[2024-12-21T04:45:15.270+0000] {processor.py:756} INFO - Processing file /home/airflow/.local/lib/python3.7/site-packages/airflow/example_dags/example_branch_day_of_week_operator.py for tasks to queue
[2024-12-21T04:45:15.271+0000] {logging_mixin.py:120} INFO - [2024-12-21T04:45:15.271+0000] {dagbag.py:537} INFO - Filling up the DagBag from /home/airflow/.local/lib/python3.7/site-packages/airflow/example_dags/example_branch_day_of_week_operator.py
[2024-12-21T04:45:15.294+0000] {processor.py:766} INFO - DAG(s) dict_keys(['example_weekday_branch_operator']) retrieved from /home/airflow/.local/lib/python3.7/site-packages/airflow/example_dags/example_branch_day_of_week_operator.py
[2024-12-21T04:45:15.539+0000] {logging_mixin.py:120} INFO - [2024-12-21T04:45:15.539+0000] {dag.py:2585} INFO - Sync 1 DAGs
[2024-12-21T04:45:15.601+0000] {logging_mixin.py:120} INFO - [2024-12-21T04:45:15.600+0000] {dag.py:3340} INFO - Setting next_dagrun for example_weekday_branch_operator to 2024-12-20T00:00:00+00:00, run_after=2024-12-21T00:00:00+00:00
[2024-12-21T04:45:15.625+0000] {processor.py:176} INFO - Processing /home/airflow/.local/lib/python3.7/site-packages/airflow/example_dags/example_branch_day_of_week_operator.py took 0.362 seconds
[2024-12-21T04:45:46.455+0000] {processor.py:154} INFO - Started process (PID=1010) to work on /home/airflow/.local/lib/python3.7/site-packages/airflow/example_dags/example_branch_day_of_week_operator.py
[2024-12-21T04:45:46.456+0000] {processor.py:756} INFO - Processing file /home/airflow/.local/lib/python3.7/site-packages/airflow/example_dags/example_branch_day_of_week_operator.py for tasks to queue
[2024-12-21T04:45:46.457+0000] {logging_mixin.py:120} INFO - [2024-12-21T04:45:46.457+0000] {dagbag.py:537} INFO - Filling up the DagBag from /home/airflow/.local/lib/python3.7/site-packages/airflow/example_dags/example_branch_day_of_week_operator.py
[2024-12-21T04:45:46.478+0000] {processor.py:766} INFO - DAG(s) dict_keys(['example_weekday_branch_operator']) retrieved from /home/airflow/.local/lib/python3.7/site-packages/airflow/example_dags/example_branch_day_of_week_operator.py
[2024-12-21T04:45:46.521+0000] {logging_mixin.py:120} INFO - [2024-12-21T04:45:46.520+0000] {dag.py:2585} INFO - Sync 1 DAGs
[2024-12-21T04:45:46.545+0000] {logging_mixin.py:120} INFO - [2024-12-21T04:45:46.545+0000] {dag.py:3340} INFO - Setting next_dagrun for example_weekday_branch_operator to 2024-12-20T00:00:00+00:00, run_after=2024-12-21T00:00:00+00:00
[2024-12-21T04:45:46.561+0000] {processor.py:176} INFO - Processing /home/airflow/.local/lib/python3.7/site-packages/airflow/example_dags/example_branch_day_of_week_operator.py took 0.112 seconds
[2024-12-21T04:46:16.820+0000] {processor.py:154} INFO - Started process (PID=1073) to work on /home/airflow/.local/lib/python3.7/site-packages/airflow/example_dags/example_branch_day_of_week_operator.py
[2024-12-21T04:46:16.821+0000] {processor.py:756} INFO - Processing file /home/airflow/.local/lib/python3.7/site-packages/airflow/example_dags/example_branch_day_of_week_operator.py for tasks to queue
[2024-12-21T04:46:16.822+0000] {logging_mixin.py:120} INFO - [2024-12-21T04:46:16.822+0000] {dagbag.py:537} INFO - Filling up the DagBag from /home/airflow/.local/lib/python3.7/site-packages/airflow/example_dags/example_branch_day_of_week_operator.py
[2024-12-21T04:46:16.855+0000] {processor.py:766} INFO - DAG(s) dict_keys(['example_weekday_branch_operator']) retrieved from /home/airflow/.local/lib/python3.7/site-packages/airflow/example_dags/example_branch_day_of_week_operator.py
[2024-12-21T04:46:16.909+0000] {logging_mixin.py:120} INFO - [2024-12-21T04:46:16.909+0000] {dag.py:2585} INFO - Sync 1 DAGs
[2024-12-21T04:46:16.938+0000] {logging_mixin.py:120} INFO - [2024-12-21T04:46:16.937+0000] {dag.py:3340} INFO - Setting next_dagrun for example_weekday_branch_operator to 2024-12-20T00:00:00+00:00, run_after=2024-12-21T00:00:00+00:00
[2024-12-21T04:46:16.973+0000] {processor.py:176} INFO - Processing /home/airflow/.local/lib/python3.7/site-packages/airflow/example_dags/example_branch_day_of_week_operator.py took 0.160 seconds
[2024-12-21T04:46:47.624+0000] {processor.py:154} INFO - Started process (PID=1127) to work on /home/airflow/.local/lib/python3.7/site-packages/airflow/example_dags/example_branch_day_of_week_operator.py
[2024-12-21T04:46:47.626+0000] {processor.py:756} INFO - Processing file /home/airflow/.local/lib/python3.7/site-packages/airflow/example_dags/example_branch_day_of_week_operator.py for tasks to queue
[2024-12-21T04:46:47.628+0000] {logging_mixin.py:120} INFO - [2024-12-21T04:46:47.628+0000] {dagbag.py:537} INFO - Filling up the DagBag from /home/airflow/.local/lib/python3.7/site-packages/airflow/example_dags/example_branch_day_of_week_operator.py
[2024-12-21T04:46:47.653+0000] {processor.py:766} INFO - DAG(s) dict_keys(['example_weekday_branch_operator']) retrieved from /home/airflow/.local/lib/python3.7/site-packages/airflow/example_dags/example_branch_day_of_week_operator.py
[2024-12-21T04:46:47.697+0000] {logging_mixin.py:120} INFO - [2024-12-21T04:46:47.697+0000] {dag.py:2585} INFO - Sync 1 DAGs
[2024-12-21T04:46:47.723+0000] {logging_mixin.py:120} INFO - [2024-12-21T04:46:47.722+0000] {dag.py:3340} INFO - Setting next_dagrun for example_weekday_branch_operator to 2024-12-20T00:00:00+00:00, run_after=2024-12-21T00:00:00+00:00
[2024-12-21T04:46:47.739+0000] {processor.py:176} INFO - Processing /home/airflow/.local/lib/python3.7/site-packages/airflow/example_dags/example_branch_day_of_week_operator.py took 0.122 seconds
[2024-12-21T04:47:18.152+0000] {processor.py:154} INFO - Started process (PID=1190) to work on /home/airflow/.local/lib/python3.7/site-packages/airflow/example_dags/example_branch_day_of_week_operator.py
[2024-12-21T04:47:18.154+0000] {processor.py:756} INFO - Processing file /home/airflow/.local/lib/python3.7/site-packages/airflow/example_dags/example_branch_day_of_week_operator.py for tasks to queue
[2024-12-21T04:47:18.155+0000] {logging_mixin.py:120} INFO - [2024-12-21T04:47:18.154+0000] {dagbag.py:537} INFO - Filling up the DagBag from /home/airflow/.local/lib/python3.7/site-packages/airflow/example_dags/example_branch_day_of_week_operator.py
[2024-12-21T04:47:18.177+0000] {processor.py:766} INFO - DAG(s) dict_keys(['example_weekday_branch_operator']) retrieved from /home/airflow/.local/lib/python3.7/site-packages/airflow/example_dags/example_branch_day_of_week_operator.py
[2024-12-21T04:47:18.222+0000] {logging_mixin.py:120} INFO - [2024-12-21T04:47:18.221+0000] {dag.py:2585} INFO - Sync 1 DAGs
[2024-12-21T04:47:18.246+0000] {logging_mixin.py:120} INFO - [2024-12-21T04:47:18.246+0000] {dag.py:3340} INFO - Setting next_dagrun for example_weekday_branch_operator to 2024-12-20T00:00:00+00:00, run_after=2024-12-21T00:00:00+00:00
[2024-12-21T04:47:18.262+0000] {processor.py:176} INFO - Processing /home/airflow/.local/lib/python3.7/site-packages/airflow/example_dags/example_branch_day_of_week_operator.py took 0.116 seconds
[2024-12-21T04:47:48.838+0000] {processor.py:154} INFO - Started process (PID=1253) to work on /home/airflow/.local/lib/python3.7/site-packages/airflow/example_dags/example_branch_day_of_week_operator.py
[2024-12-21T04:47:48.839+0000] {processor.py:756} INFO - Processing file /home/airflow/.local/lib/python3.7/site-packages/airflow/example_dags/example_branch_day_of_week_operator.py for tasks to queue
[2024-12-21T04:47:48.840+0000] {logging_mixin.py:120} INFO - [2024-12-21T04:47:48.840+0000] {dagbag.py:537} INFO - Filling up the DagBag from /home/airflow/.local/lib/python3.7/site-packages/airflow/example_dags/example_branch_day_of_week_operator.py
[2024-12-21T04:47:48.858+0000] {processor.py:766} INFO - DAG(s) dict_keys(['example_weekday_branch_operator']) retrieved from /home/airflow/.local/lib/python3.7/site-packages/airflow/example_dags/example_branch_day_of_week_operator.py
[2024-12-21T04:47:48.903+0000] {logging_mixin.py:120} INFO - [2024-12-21T04:47:48.903+0000] {dag.py:2585} INFO - Sync 1 DAGs
[2024-12-21T04:47:48.935+0000] {logging_mixin.py:120} INFO - [2024-12-21T04:47:48.935+0000] {dag.py:3340} INFO - Setting next_dagrun for example_weekday_branch_operator to 2024-12-20T00:00:00+00:00, run_after=2024-12-21T00:00:00+00:00
[2024-12-21T04:47:48.953+0000] {processor.py:176} INFO - Processing /home/airflow/.local/lib/python3.7/site-packages/airflow/example_dags/example_branch_day_of_week_operator.py took 0.119 seconds
[2024-12-21T04:48:19.578+0000] {processor.py:154} INFO - Started process (PID=1314) to work on /home/airflow/.local/lib/python3.7/site-packages/airflow/example_dags/example_branch_day_of_week_operator.py
[2024-12-21T04:48:19.579+0000] {processor.py:756} INFO - Processing file /home/airflow/.local/lib/python3.7/site-packages/airflow/example_dags/example_branch_day_of_week_operator.py for tasks to queue
[2024-12-21T04:48:19.581+0000] {logging_mixin.py:120} INFO - [2024-12-21T04:48:19.581+0000] {dagbag.py:537} INFO - Filling up the DagBag from /home/airflow/.local/lib/python3.7/site-packages/airflow/example_dags/example_branch_day_of_week_operator.py
[2024-12-21T04:48:19.622+0000] {processor.py:766} INFO - DAG(s) dict_keys(['example_weekday_branch_operator']) retrieved from /home/airflow/.local/lib/python3.7/site-packages/airflow/example_dags/example_branch_day_of_week_operator.py
[2024-12-21T04:48:19.710+0000] {logging_mixin.py:120} INFO - [2024-12-21T04:48:19.710+0000] {dag.py:2585} INFO - Sync 1 DAGs
[2024-12-21T04:48:19.751+0000] {logging_mixin.py:120} INFO - [2024-12-21T04:48:19.751+0000] {dag.py:3340} INFO - Setting next_dagrun for example_weekday_branch_operator to 2024-12-20T00:00:00+00:00, run_after=2024-12-21T00:00:00+00:00
[2024-12-21T04:48:19.780+0000] {processor.py:176} INFO - Processing /home/airflow/.local/lib/python3.7/site-packages/airflow/example_dags/example_branch_day_of_week_operator.py took 0.214 seconds
[2024-12-21T04:48:50.160+0000] {processor.py:154} INFO - Started process (PID=1370) to work on /home/airflow/.local/lib/python3.7/site-packages/airflow/example_dags/example_branch_day_of_week_operator.py
[2024-12-21T04:48:50.161+0000] {processor.py:756} INFO - Processing file /home/airflow/.local/lib/python3.7/site-packages/airflow/example_dags/example_branch_day_of_week_operator.py for tasks to queue
[2024-12-21T04:48:50.163+0000] {logging_mixin.py:120} INFO - [2024-12-21T04:48:50.163+0000] {dagbag.py:537} INFO - Filling up the DagBag from /home/airflow/.local/lib/python3.7/site-packages/airflow/example_dags/example_branch_day_of_week_operator.py
[2024-12-21T04:48:50.196+0000] {processor.py:766} INFO - DAG(s) dict_keys(['example_weekday_branch_operator']) retrieved from /home/airflow/.local/lib/python3.7/site-packages/airflow/example_dags/example_branch_day_of_week_operator.py
[2024-12-21T04:48:50.274+0000] {logging_mixin.py:120} INFO - [2024-12-21T04:48:50.274+0000] {dag.py:2585} INFO - Sync 1 DAGs
[2024-12-21T04:48:50.315+0000] {logging_mixin.py:120} INFO - [2024-12-21T04:48:50.315+0000] {dag.py:3340} INFO - Setting next_dagrun for example_weekday_branch_operator to 2024-12-20T00:00:00+00:00, run_after=2024-12-21T00:00:00+00:00
[2024-12-21T04:48:50.337+0000] {processor.py:176} INFO - Processing /home/airflow/.local/lib/python3.7/site-packages/airflow/example_dags/example_branch_day_of_week_operator.py took 0.185 seconds
[2024-12-21T04:49:20.864+0000] {processor.py:154} INFO - Started process (PID=1433) to work on /home/airflow/.local/lib/python3.7/site-packages/airflow/example_dags/example_branch_day_of_week_operator.py
[2024-12-21T04:49:20.865+0000] {processor.py:756} INFO - Processing file /home/airflow/.local/lib/python3.7/site-packages/airflow/example_dags/example_branch_day_of_week_operator.py for tasks to queue
[2024-12-21T04:49:20.866+0000] {logging_mixin.py:120} INFO - [2024-12-21T04:49:20.866+0000] {dagbag.py:537} INFO - Filling up the DagBag from /home/airflow/.local/lib/python3.7/site-packages/airflow/example_dags/example_branch_day_of_week_operator.py
[2024-12-21T04:49:20.886+0000] {processor.py:766} INFO - DAG(s) dict_keys(['example_weekday_branch_operator']) retrieved from /home/airflow/.local/lib/python3.7/site-packages/airflow/example_dags/example_branch_day_of_week_operator.py
[2024-12-21T04:49:20.953+0000] {logging_mixin.py:120} INFO - [2024-12-21T04:49:20.953+0000] {dag.py:2585} INFO - Sync 1 DAGs
[2024-12-21T04:49:20.985+0000] {logging_mixin.py:120} INFO - [2024-12-21T04:49:20.985+0000] {dag.py:3340} INFO - Setting next_dagrun for example_weekday_branch_operator to 2024-12-20T00:00:00+00:00, run_after=2024-12-21T00:00:00+00:00
[2024-12-21T04:49:21.006+0000] {processor.py:176} INFO - Processing /home/airflow/.local/lib/python3.7/site-packages/airflow/example_dags/example_branch_day_of_week_operator.py took 0.146 seconds
