[2024-12-21T04:37:35.521+0000] {processor.py:154} INFO - Started process (PID=51) to work on /home/airflow/.local/lib/python3.7/site-packages/airflow/example_dags/example_branch_operator.py
[2024-12-21T04:37:35.525+0000] {processor.py:756} INFO - Processing file /home/airflow/.local/lib/python3.7/site-packages/airflow/example_dags/example_branch_operator.py for tasks to queue
[2024-12-21T04:37:35.527+0000] {logging_mixin.py:120} INFO - [2024-12-21T04:37:35.526+0000] {dagbag.py:537} INFO - Filling up the DagBag from /home/airflow/.local/lib/python3.7/site-packages/airflow/example_dags/example_branch_operator.py
[2024-12-21T04:37:35.574+0000] {processor.py:766} INFO - DAG(s) dict_keys(['example_branch_operator']) retrieved from /home/airflow/.local/lib/python3.7/site-packages/airflow/example_dags/example_branch_operator.py
[2024-12-21T04:37:35.900+0000] {logging_mixin.py:120} INFO - [2024-12-21T04:37:35.900+0000] {manager.py:507} INFO - Created Permission View: can delete on DAG:example_branch_operator
[2024-12-21T04:37:35.921+0000] {logging_mixin.py:120} INFO - [2024-12-21T04:37:35.921+0000] {manager.py:507} INFO - Created Permission View: can edit on DAG:example_branch_operator
[2024-12-21T04:37:35.943+0000] {logging_mixin.py:120} INFO - [2024-12-21T04:37:35.942+0000] {manager.py:507} INFO - Created Permission View: can read on DAG:example_branch_operator
[2024-12-21T04:37:35.947+0000] {logging_mixin.py:120} INFO - [2024-12-21T04:37:35.946+0000] {dag.py:2585} INFO - Sync 1 DAGs
[2024-12-21T04:37:35.973+0000] {logging_mixin.py:120} INFO - [2024-12-21T04:37:35.973+0000] {dag.py:2606} INFO - Creating ORM DAG for example_branch_operator
[2024-12-21T04:37:35.996+0000] {logging_mixin.py:120} INFO - [2024-12-21T04:37:35.996+0000] {dag.py:3340} INFO - Setting next_dagrun for example_branch_operator to 2024-12-20T00:00:00+00:00, run_after=2024-12-21T00:00:00+00:00
[2024-12-21T04:37:36.056+0000] {processor.py:176} INFO - Processing /home/airflow/.local/lib/python3.7/site-packages/airflow/example_dags/example_branch_operator.py took 0.545 seconds
[2024-12-21T04:38:06.661+0000] {processor.py:154} INFO - Started process (PID=114) to work on /home/airflow/.local/lib/python3.7/site-packages/airflow/example_dags/example_branch_operator.py
[2024-12-21T04:38:06.662+0000] {processor.py:756} INFO - Processing file /home/airflow/.local/lib/python3.7/site-packages/airflow/example_dags/example_branch_operator.py for tasks to queue
[2024-12-21T04:38:06.663+0000] {logging_mixin.py:120} INFO - [2024-12-21T04:38:06.663+0000] {dagbag.py:537} INFO - Filling up the DagBag from /home/airflow/.local/lib/python3.7/site-packages/airflow/example_dags/example_branch_operator.py
[2024-12-21T04:38:06.688+0000] {processor.py:766} INFO - DAG(s) dict_keys(['example_branch_operator']) retrieved from /home/airflow/.local/lib/python3.7/site-packages/airflow/example_dags/example_branch_operator.py
[2024-12-21T04:38:06.742+0000] {logging_mixin.py:120} INFO - [2024-12-21T04:38:06.742+0000] {dag.py:2585} INFO - Sync 1 DAGs
[2024-12-21T04:38:06.779+0000] {logging_mixin.py:120} INFO - [2024-12-21T04:38:06.779+0000] {dag.py:3340} INFO - Setting next_dagrun for example_branch_operator to 2024-12-20T00:00:00+00:00, run_after=2024-12-21T00:00:00+00:00
[2024-12-21T04:38:06.808+0000] {processor.py:176} INFO - Processing /home/airflow/.local/lib/python3.7/site-packages/airflow/example_dags/example_branch_operator.py took 0.151 seconds
[2024-12-21T04:38:37.472+0000] {processor.py:154} INFO - Started process (PID=169) to work on /home/airflow/.local/lib/python3.7/site-packages/airflow/example_dags/example_branch_operator.py
[2024-12-21T04:38:37.475+0000] {processor.py:756} INFO - Processing file /home/airflow/.local/lib/python3.7/site-packages/airflow/example_dags/example_branch_operator.py for tasks to queue
[2024-12-21T04:38:37.478+0000] {logging_mixin.py:120} INFO - [2024-12-21T04:38:37.478+0000] {dagbag.py:537} INFO - Filling up the DagBag from /home/airflow/.local/lib/python3.7/site-packages/airflow/example_dags/example_branch_operator.py
[2024-12-21T04:38:37.498+0000] {processor.py:766} INFO - DAG(s) dict_keys(['example_branch_operator']) retrieved from /home/airflow/.local/lib/python3.7/site-packages/airflow/example_dags/example_branch_operator.py
[2024-12-21T04:38:37.535+0000] {logging_mixin.py:120} INFO - [2024-12-21T04:38:37.535+0000] {dag.py:2585} INFO - Sync 1 DAGs
[2024-12-21T04:38:37.557+0000] {logging_mixin.py:120} INFO - [2024-12-21T04:38:37.557+0000] {dag.py:3340} INFO - Setting next_dagrun for example_branch_operator to 2024-12-20T00:00:00+00:00, run_after=2024-12-21T00:00:00+00:00
[2024-12-21T04:38:37.582+0000] {processor.py:176} INFO - Processing /home/airflow/.local/lib/python3.7/site-packages/airflow/example_dags/example_branch_operator.py took 0.114 seconds
[2024-12-21T04:39:07.689+0000] {processor.py:154} INFO - Started process (PID=232) to work on /home/airflow/.local/lib/python3.7/site-packages/airflow/example_dags/example_branch_operator.py
[2024-12-21T04:39:07.690+0000] {processor.py:756} INFO - Processing file /home/airflow/.local/lib/python3.7/site-packages/airflow/example_dags/example_branch_operator.py for tasks to queue
[2024-12-21T04:39:07.691+0000] {logging_mixin.py:120} INFO - [2024-12-21T04:39:07.691+0000] {dagbag.py:537} INFO - Filling up the DagBag from /home/airflow/.local/lib/python3.7/site-packages/airflow/example_dags/example_branch_operator.py
[2024-12-21T04:39:07.709+0000] {processor.py:766} INFO - DAG(s) dict_keys(['example_branch_operator']) retrieved from /home/airflow/.local/lib/python3.7/site-packages/airflow/example_dags/example_branch_operator.py
[2024-12-21T04:39:07.763+0000] {logging_mixin.py:120} INFO - [2024-12-21T04:39:07.763+0000] {dag.py:2585} INFO - Sync 1 DAGs
[2024-12-21T04:39:07.790+0000] {logging_mixin.py:120} INFO - [2024-12-21T04:39:07.790+0000] {dag.py:3340} INFO - Setting next_dagrun for example_branch_operator to 2024-12-20T00:00:00+00:00, run_after=2024-12-21T00:00:00+00:00
[2024-12-21T04:39:07.814+0000] {processor.py:176} INFO - Processing /home/airflow/.local/lib/python3.7/site-packages/airflow/example_dags/example_branch_operator.py took 0.128 seconds
[2024-12-21T04:39:38.084+0000] {processor.py:154} INFO - Started process (PID=295) to work on /home/airflow/.local/lib/python3.7/site-packages/airflow/example_dags/example_branch_operator.py
[2024-12-21T04:39:38.085+0000] {processor.py:756} INFO - Processing file /home/airflow/.local/lib/python3.7/site-packages/airflow/example_dags/example_branch_operator.py for tasks to queue
[2024-12-21T04:39:38.086+0000] {logging_mixin.py:120} INFO - [2024-12-21T04:39:38.086+0000] {dagbag.py:537} INFO - Filling up the DagBag from /home/airflow/.local/lib/python3.7/site-packages/airflow/example_dags/example_branch_operator.py
[2024-12-21T04:39:38.101+0000] {processor.py:766} INFO - DAG(s) dict_keys(['example_branch_operator']) retrieved from /home/airflow/.local/lib/python3.7/site-packages/airflow/example_dags/example_branch_operator.py
[2024-12-21T04:39:38.138+0000] {logging_mixin.py:120} INFO - [2024-12-21T04:39:38.138+0000] {dag.py:2585} INFO - Sync 1 DAGs
[2024-12-21T04:39:38.165+0000] {logging_mixin.py:120} INFO - [2024-12-21T04:39:38.165+0000] {dag.py:3340} INFO - Setting next_dagrun for example_branch_operator to 2024-12-20T00:00:00+00:00, run_after=2024-12-21T00:00:00+00:00
[2024-12-21T04:39:38.187+0000] {processor.py:176} INFO - Processing /home/airflow/.local/lib/python3.7/site-packages/airflow/example_dags/example_branch_operator.py took 0.105 seconds
[2024-12-21T04:40:08.298+0000] {processor.py:154} INFO - Started process (PID=349) to work on /home/airflow/.local/lib/python3.7/site-packages/airflow/example_dags/example_branch_operator.py
[2024-12-21T04:40:08.299+0000] {processor.py:756} INFO - Processing file /home/airflow/.local/lib/python3.7/site-packages/airflow/example_dags/example_branch_operator.py for tasks to queue
[2024-12-21T04:40:08.299+0000] {logging_mixin.py:120} INFO - [2024-12-21T04:40:08.299+0000] {dagbag.py:537} INFO - Filling up the DagBag from /home/airflow/.local/lib/python3.7/site-packages/airflow/example_dags/example_branch_operator.py
[2024-12-21T04:40:08.312+0000] {processor.py:766} INFO - DAG(s) dict_keys(['example_branch_operator']) retrieved from /home/airflow/.local/lib/python3.7/site-packages/airflow/example_dags/example_branch_operator.py
[2024-12-21T04:40:08.344+0000] {logging_mixin.py:120} INFO - [2024-12-21T04:40:08.344+0000] {dag.py:2585} INFO - Sync 1 DAGs
[2024-12-21T04:40:08.364+0000] {logging_mixin.py:120} INFO - [2024-12-21T04:40:08.364+0000] {dag.py:3340} INFO - Setting next_dagrun for example_branch_operator to 2024-12-20T00:00:00+00:00, run_after=2024-12-21T00:00:00+00:00
[2024-12-21T04:40:08.377+0000] {processor.py:176} INFO - Processing /home/airflow/.local/lib/python3.7/site-packages/airflow/example_dags/example_branch_operator.py took 0.081 seconds
[2024-12-21T04:40:39.152+0000] {processor.py:154} INFO - Started process (PID=412) to work on /home/airflow/.local/lib/python3.7/site-packages/airflow/example_dags/example_branch_operator.py
[2024-12-21T04:40:39.152+0000] {processor.py:756} INFO - Processing file /home/airflow/.local/lib/python3.7/site-packages/airflow/example_dags/example_branch_operator.py for tasks to queue
[2024-12-21T04:40:39.153+0000] {logging_mixin.py:120} INFO - [2024-12-21T04:40:39.153+0000] {dagbag.py:537} INFO - Filling up the DagBag from /home/airflow/.local/lib/python3.7/site-packages/airflow/example_dags/example_branch_operator.py
[2024-12-21T04:40:39.167+0000] {processor.py:766} INFO - DAG(s) dict_keys(['example_branch_operator']) retrieved from /home/airflow/.local/lib/python3.7/site-packages/airflow/example_dags/example_branch_operator.py
[2024-12-21T04:40:39.208+0000] {logging_mixin.py:120} INFO - [2024-12-21T04:40:39.208+0000] {dag.py:2585} INFO - Sync 1 DAGs
[2024-12-21T04:40:39.233+0000] {logging_mixin.py:120} INFO - [2024-12-21T04:40:39.233+0000] {dag.py:3340} INFO - Setting next_dagrun for example_branch_operator to 2024-12-20T00:00:00+00:00, run_after=2024-12-21T00:00:00+00:00
[2024-12-21T04:40:39.256+0000] {processor.py:176} INFO - Processing /home/airflow/.local/lib/python3.7/site-packages/airflow/example_dags/example_branch_operator.py took 0.107 seconds
[2024-12-21T04:41:09.464+0000] {processor.py:154} INFO - Started process (PID=475) to work on /home/airflow/.local/lib/python3.7/site-packages/airflow/example_dags/example_branch_operator.py
[2024-12-21T04:41:09.465+0000] {processor.py:756} INFO - Processing file /home/airflow/.local/lib/python3.7/site-packages/airflow/example_dags/example_branch_operator.py for tasks to queue
[2024-12-21T04:41:09.466+0000] {logging_mixin.py:120} INFO - [2024-12-21T04:41:09.466+0000] {dagbag.py:537} INFO - Filling up the DagBag from /home/airflow/.local/lib/python3.7/site-packages/airflow/example_dags/example_branch_operator.py
[2024-12-21T04:41:09.491+0000] {processor.py:766} INFO - DAG(s) dict_keys(['example_branch_operator']) retrieved from /home/airflow/.local/lib/python3.7/site-packages/airflow/example_dags/example_branch_operator.py
[2024-12-21T04:41:09.545+0000] {logging_mixin.py:120} INFO - [2024-12-21T04:41:09.545+0000] {dag.py:2585} INFO - Sync 1 DAGs
[2024-12-21T04:41:09.574+0000] {logging_mixin.py:120} INFO - [2024-12-21T04:41:09.574+0000] {dag.py:3340} INFO - Setting next_dagrun for example_branch_operator to 2024-12-20T00:00:00+00:00, run_after=2024-12-21T00:00:00+00:00
[2024-12-21T04:41:09.596+0000] {processor.py:176} INFO - Processing /home/airflow/.local/lib/python3.7/site-packages/airflow/example_dags/example_branch_operator.py took 0.137 seconds
[2024-12-21T04:41:39.751+0000] {processor.py:154} INFO - Started process (PID=529) to work on /home/airflow/.local/lib/python3.7/site-packages/airflow/example_dags/example_branch_operator.py
[2024-12-21T04:41:39.751+0000] {processor.py:756} INFO - Processing file /home/airflow/.local/lib/python3.7/site-packages/airflow/example_dags/example_branch_operator.py for tasks to queue
[2024-12-21T04:41:39.752+0000] {logging_mixin.py:120} INFO - [2024-12-21T04:41:39.752+0000] {dagbag.py:537} INFO - Filling up the DagBag from /home/airflow/.local/lib/python3.7/site-packages/airflow/example_dags/example_branch_operator.py
[2024-12-21T04:41:39.765+0000] {processor.py:766} INFO - DAG(s) dict_keys(['example_branch_operator']) retrieved from /home/airflow/.local/lib/python3.7/site-packages/airflow/example_dags/example_branch_operator.py
[2024-12-21T04:41:39.794+0000] {logging_mixin.py:120} INFO - [2024-12-21T04:41:39.794+0000] {dag.py:2585} INFO - Sync 1 DAGs
[2024-12-21T04:41:39.813+0000] {logging_mixin.py:120} INFO - [2024-12-21T04:41:39.813+0000] {dag.py:3340} INFO - Setting next_dagrun for example_branch_operator to 2024-12-20T00:00:00+00:00, run_after=2024-12-21T00:00:00+00:00
[2024-12-21T04:41:39.826+0000] {processor.py:176} INFO - Processing /home/airflow/.local/lib/python3.7/site-packages/airflow/example_dags/example_branch_operator.py took 0.078 seconds
[2024-12-21T04:42:10.425+0000] {processor.py:154} INFO - Started process (PID=592) to work on /home/airflow/.local/lib/python3.7/site-packages/airflow/example_dags/example_branch_operator.py
[2024-12-21T04:42:10.426+0000] {processor.py:756} INFO - Processing file /home/airflow/.local/lib/python3.7/site-packages/airflow/example_dags/example_branch_operator.py for tasks to queue
[2024-12-21T04:42:10.427+0000] {logging_mixin.py:120} INFO - [2024-12-21T04:42:10.426+0000] {dagbag.py:537} INFO - Filling up the DagBag from /home/airflow/.local/lib/python3.7/site-packages/airflow/example_dags/example_branch_operator.py
[2024-12-21T04:42:10.441+0000] {processor.py:766} INFO - DAG(s) dict_keys(['example_branch_operator']) retrieved from /home/airflow/.local/lib/python3.7/site-packages/airflow/example_dags/example_branch_operator.py
[2024-12-21T04:42:10.474+0000] {logging_mixin.py:120} INFO - [2024-12-21T04:42:10.473+0000] {dag.py:2585} INFO - Sync 1 DAGs
[2024-12-21T04:42:10.496+0000] {logging_mixin.py:120} INFO - [2024-12-21T04:42:10.496+0000] {dag.py:3340} INFO - Setting next_dagrun for example_branch_operator to 2024-12-20T00:00:00+00:00, run_after=2024-12-21T00:00:00+00:00
[2024-12-21T04:42:10.514+0000] {processor.py:176} INFO - Processing /home/airflow/.local/lib/python3.7/site-packages/airflow/example_dags/example_branch_operator.py took 0.092 seconds
[2024-12-21T04:42:40.910+0000] {processor.py:154} INFO - Started process (PID=655) to work on /home/airflow/.local/lib/python3.7/site-packages/airflow/example_dags/example_branch_operator.py
[2024-12-21T04:42:40.910+0000] {processor.py:756} INFO - Processing file /home/airflow/.local/lib/python3.7/site-packages/airflow/example_dags/example_branch_operator.py for tasks to queue
[2024-12-21T04:42:40.911+0000] {logging_mixin.py:120} INFO - [2024-12-21T04:42:40.911+0000] {dagbag.py:537} INFO - Filling up the DagBag from /home/airflow/.local/lib/python3.7/site-packages/airflow/example_dags/example_branch_operator.py
[2024-12-21T04:42:40.924+0000] {processor.py:766} INFO - DAG(s) dict_keys(['example_branch_operator']) retrieved from /home/airflow/.local/lib/python3.7/site-packages/airflow/example_dags/example_branch_operator.py
[2024-12-21T04:42:40.958+0000] {logging_mixin.py:120} INFO - [2024-12-21T04:42:40.958+0000] {dag.py:2585} INFO - Sync 1 DAGs
[2024-12-21T04:42:40.980+0000] {logging_mixin.py:120} INFO - [2024-12-21T04:42:40.980+0000] {dag.py:3340} INFO - Setting next_dagrun for example_branch_operator to 2024-12-20T00:00:00+00:00, run_after=2024-12-21T00:00:00+00:00
[2024-12-21T04:42:40.994+0000] {processor.py:176} INFO - Processing /home/airflow/.local/lib/python3.7/site-packages/airflow/example_dags/example_branch_operator.py took 0.087 seconds
[2024-12-21T04:43:11.479+0000] {processor.py:154} INFO - Started process (PID=709) to work on /home/airflow/.local/lib/python3.7/site-packages/airflow/example_dags/example_branch_operator.py
[2024-12-21T04:43:11.479+0000] {processor.py:756} INFO - Processing file /home/airflow/.local/lib/python3.7/site-packages/airflow/example_dags/example_branch_operator.py for tasks to queue
[2024-12-21T04:43:11.480+0000] {logging_mixin.py:120} INFO - [2024-12-21T04:43:11.480+0000] {dagbag.py:537} INFO - Filling up the DagBag from /home/airflow/.local/lib/python3.7/site-packages/airflow/example_dags/example_branch_operator.py
[2024-12-21T04:43:11.495+0000] {processor.py:766} INFO - DAG(s) dict_keys(['example_branch_operator']) retrieved from /home/airflow/.local/lib/python3.7/site-packages/airflow/example_dags/example_branch_operator.py
[2024-12-21T04:43:11.528+0000] {logging_mixin.py:120} INFO - [2024-12-21T04:43:11.528+0000] {dag.py:2585} INFO - Sync 1 DAGs
[2024-12-21T04:43:11.549+0000] {logging_mixin.py:120} INFO - [2024-12-21T04:43:11.549+0000] {dag.py:3340} INFO - Setting next_dagrun for example_branch_operator to 2024-12-20T00:00:00+00:00, run_after=2024-12-21T00:00:00+00:00
[2024-12-21T04:43:11.564+0000] {processor.py:176} INFO - Processing /home/airflow/.local/lib/python3.7/site-packages/airflow/example_dags/example_branch_operator.py took 0.088 seconds
[2024-12-21T04:43:42.035+0000] {processor.py:154} INFO - Started process (PID=772) to work on /home/airflow/.local/lib/python3.7/site-packages/airflow/example_dags/example_branch_operator.py
[2024-12-21T04:43:42.036+0000] {processor.py:756} INFO - Processing file /home/airflow/.local/lib/python3.7/site-packages/airflow/example_dags/example_branch_operator.py for tasks to queue
[2024-12-21T04:43:42.037+0000] {logging_mixin.py:120} INFO - [2024-12-21T04:43:42.037+0000] {dagbag.py:537} INFO - Filling up the DagBag from /home/airflow/.local/lib/python3.7/site-packages/airflow/example_dags/example_branch_operator.py
[2024-12-21T04:43:42.051+0000] {processor.py:766} INFO - DAG(s) dict_keys(['example_branch_operator']) retrieved from /home/airflow/.local/lib/python3.7/site-packages/airflow/example_dags/example_branch_operator.py
[2024-12-21T04:43:42.092+0000] {logging_mixin.py:120} INFO - [2024-12-21T04:43:42.092+0000] {dag.py:2585} INFO - Sync 1 DAGs
[2024-12-21T04:43:42.112+0000] {logging_mixin.py:120} INFO - [2024-12-21T04:43:42.112+0000] {dag.py:3340} INFO - Setting next_dagrun for example_branch_operator to 2024-12-20T00:00:00+00:00, run_after=2024-12-21T00:00:00+00:00
[2024-12-21T04:43:42.127+0000] {processor.py:176} INFO - Processing /home/airflow/.local/lib/python3.7/site-packages/airflow/example_dags/example_branch_operator.py took 0.094 seconds
[2024-12-21T04:44:13.080+0000] {processor.py:154} INFO - Started process (PID=835) to work on /home/airflow/.local/lib/python3.7/site-packages/airflow/example_dags/example_branch_operator.py
[2024-12-21T04:44:13.081+0000] {processor.py:756} INFO - Processing file /home/airflow/.local/lib/python3.7/site-packages/airflow/example_dags/example_branch_operator.py for tasks to queue
[2024-12-21T04:44:13.081+0000] {logging_mixin.py:120} INFO - [2024-12-21T04:44:13.081+0000] {dagbag.py:537} INFO - Filling up the DagBag from /home/airflow/.local/lib/python3.7/site-packages/airflow/example_dags/example_branch_operator.py
[2024-12-21T04:44:13.100+0000] {processor.py:766} INFO - DAG(s) dict_keys(['example_branch_operator']) retrieved from /home/airflow/.local/lib/python3.7/site-packages/airflow/example_dags/example_branch_operator.py
[2024-12-21T04:44:13.166+0000] {logging_mixin.py:120} INFO - [2024-12-21T04:44:13.166+0000] {dag.py:2585} INFO - Sync 1 DAGs
[2024-12-21T04:44:13.195+0000] {logging_mixin.py:120} INFO - [2024-12-21T04:44:13.195+0000] {dag.py:3340} INFO - Setting next_dagrun for example_branch_operator to 2024-12-20T00:00:00+00:00, run_after=2024-12-21T00:00:00+00:00
[2024-12-21T04:44:13.219+0000] {processor.py:176} INFO - Processing /home/airflow/.local/lib/python3.7/site-packages/airflow/example_dags/example_branch_operator.py took 0.144 seconds
[2024-12-21T04:44:45.993+0000] {processor.py:154} INFO - Started process (PID=898) to work on /home/airflow/.local/lib/python3.7/site-packages/airflow/example_dags/example_branch_operator.py
[2024-12-21T04:44:45.995+0000] {processor.py:756} INFO - Processing file /home/airflow/.local/lib/python3.7/site-packages/airflow/example_dags/example_branch_operator.py for tasks to queue
[2024-12-21T04:44:45.996+0000] {logging_mixin.py:120} INFO - [2024-12-21T04:44:45.996+0000] {dagbag.py:537} INFO - Filling up the DagBag from /home/airflow/.local/lib/python3.7/site-packages/airflow/example_dags/example_branch_operator.py
[2024-12-21T04:44:46.025+0000] {processor.py:766} INFO - DAG(s) dict_keys(['example_branch_operator']) retrieved from /home/airflow/.local/lib/python3.7/site-packages/airflow/example_dags/example_branch_operator.py
[2024-12-21T04:44:46.087+0000] {logging_mixin.py:120} INFO - [2024-12-21T04:44:46.087+0000] {dag.py:2585} INFO - Sync 1 DAGs
[2024-12-21T04:44:46.122+0000] {logging_mixin.py:120} INFO - [2024-12-21T04:44:46.122+0000] {dag.py:3340} INFO - Setting next_dagrun for example_branch_operator to 2024-12-20T00:00:00+00:00, run_after=2024-12-21T00:00:00+00:00
[2024-12-21T04:44:46.146+0000] {processor.py:176} INFO - Processing /home/airflow/.local/lib/python3.7/site-packages/airflow/example_dags/example_branch_operator.py took 0.157 seconds
[2024-12-21T04:45:17.038+0000] {processor.py:154} INFO - Started process (PID=952) to work on /home/airflow/.local/lib/python3.7/site-packages/airflow/example_dags/example_branch_operator.py
[2024-12-21T04:45:17.040+0000] {processor.py:756} INFO - Processing file /home/airflow/.local/lib/python3.7/site-packages/airflow/example_dags/example_branch_operator.py for tasks to queue
[2024-12-21T04:45:17.041+0000] {logging_mixin.py:120} INFO - [2024-12-21T04:45:17.040+0000] {dagbag.py:537} INFO - Filling up the DagBag from /home/airflow/.local/lib/python3.7/site-packages/airflow/example_dags/example_branch_operator.py
[2024-12-21T04:45:17.062+0000] {processor.py:766} INFO - DAG(s) dict_keys(['example_branch_operator']) retrieved from /home/airflow/.local/lib/python3.7/site-packages/airflow/example_dags/example_branch_operator.py
[2024-12-21T04:45:17.104+0000] {logging_mixin.py:120} INFO - [2024-12-21T04:45:17.104+0000] {dag.py:2585} INFO - Sync 1 DAGs
[2024-12-21T04:45:17.126+0000] {logging_mixin.py:120} INFO - [2024-12-21T04:45:17.126+0000] {dag.py:3340} INFO - Setting next_dagrun for example_branch_operator to 2024-12-20T00:00:00+00:00, run_after=2024-12-21T00:00:00+00:00
[2024-12-21T04:45:17.140+0000] {processor.py:176} INFO - Processing /home/airflow/.local/lib/python3.7/site-packages/airflow/example_dags/example_branch_operator.py took 0.107 seconds
[2024-12-21T04:45:47.814+0000] {processor.py:154} INFO - Started process (PID=1015) to work on /home/airflow/.local/lib/python3.7/site-packages/airflow/example_dags/example_branch_operator.py
[2024-12-21T04:45:47.816+0000] {processor.py:756} INFO - Processing file /home/airflow/.local/lib/python3.7/site-packages/airflow/example_dags/example_branch_operator.py for tasks to queue
[2024-12-21T04:45:47.818+0000] {logging_mixin.py:120} INFO - [2024-12-21T04:45:47.817+0000] {dagbag.py:537} INFO - Filling up the DagBag from /home/airflow/.local/lib/python3.7/site-packages/airflow/example_dags/example_branch_operator.py
[2024-12-21T04:45:47.836+0000] {processor.py:766} INFO - DAG(s) dict_keys(['example_branch_operator']) retrieved from /home/airflow/.local/lib/python3.7/site-packages/airflow/example_dags/example_branch_operator.py
[2024-12-21T04:45:47.872+0000] {logging_mixin.py:120} INFO - [2024-12-21T04:45:47.872+0000] {dag.py:2585} INFO - Sync 1 DAGs
[2024-12-21T04:45:47.893+0000] {logging_mixin.py:120} INFO - [2024-12-21T04:45:47.893+0000] {dag.py:3340} INFO - Setting next_dagrun for example_branch_operator to 2024-12-20T00:00:00+00:00, run_after=2024-12-21T00:00:00+00:00
[2024-12-21T04:45:47.910+0000] {processor.py:176} INFO - Processing /home/airflow/.local/lib/python3.7/site-packages/airflow/example_dags/example_branch_operator.py took 0.100 seconds
[2024-12-21T04:46:18.301+0000] {processor.py:154} INFO - Started process (PID=1078) to work on /home/airflow/.local/lib/python3.7/site-packages/airflow/example_dags/example_branch_operator.py
[2024-12-21T04:46:18.303+0000] {processor.py:756} INFO - Processing file /home/airflow/.local/lib/python3.7/site-packages/airflow/example_dags/example_branch_operator.py for tasks to queue
[2024-12-21T04:46:18.303+0000] {logging_mixin.py:120} INFO - [2024-12-21T04:46:18.303+0000] {dagbag.py:537} INFO - Filling up the DagBag from /home/airflow/.local/lib/python3.7/site-packages/airflow/example_dags/example_branch_operator.py
[2024-12-21T04:46:18.564+0000] {processor.py:766} INFO - DAG(s) dict_keys(['example_branch_operator']) retrieved from /home/airflow/.local/lib/python3.7/site-packages/airflow/example_dags/example_branch_operator.py
[2024-12-21T04:46:18.797+0000] {logging_mixin.py:120} INFO - [2024-12-21T04:46:18.796+0000] {dag.py:2585} INFO - Sync 1 DAGs
[2024-12-21T04:46:18.871+0000] {logging_mixin.py:120} INFO - [2024-12-21T04:46:18.870+0000] {dag.py:3340} INFO - Setting next_dagrun for example_branch_operator to 2024-12-20T00:00:00+00:00, run_after=2024-12-21T00:00:00+00:00
[2024-12-21T04:46:18.901+0000] {processor.py:176} INFO - Processing /home/airflow/.local/lib/python3.7/site-packages/airflow/example_dags/example_branch_operator.py took 0.604 seconds
[2024-12-21T04:46:48.988+0000] {processor.py:154} INFO - Started process (PID=1132) to work on /home/airflow/.local/lib/python3.7/site-packages/airflow/example_dags/example_branch_operator.py
[2024-12-21T04:46:48.992+0000] {processor.py:756} INFO - Processing file /home/airflow/.local/lib/python3.7/site-packages/airflow/example_dags/example_branch_operator.py for tasks to queue
[2024-12-21T04:46:48.994+0000] {logging_mixin.py:120} INFO - [2024-12-21T04:46:48.993+0000] {dagbag.py:537} INFO - Filling up the DagBag from /home/airflow/.local/lib/python3.7/site-packages/airflow/example_dags/example_branch_operator.py
[2024-12-21T04:46:49.017+0000] {processor.py:766} INFO - DAG(s) dict_keys(['example_branch_operator']) retrieved from /home/airflow/.local/lib/python3.7/site-packages/airflow/example_dags/example_branch_operator.py
[2024-12-21T04:46:49.055+0000] {logging_mixin.py:120} INFO - [2024-12-21T04:46:49.055+0000] {dag.py:2585} INFO - Sync 1 DAGs
[2024-12-21T04:46:49.079+0000] {logging_mixin.py:120} INFO - [2024-12-21T04:46:49.079+0000] {dag.py:3340} INFO - Setting next_dagrun for example_branch_operator to 2024-12-20T00:00:00+00:00, run_after=2024-12-21T00:00:00+00:00
[2024-12-21T04:46:49.101+0000] {processor.py:176} INFO - Processing /home/airflow/.local/lib/python3.7/site-packages/airflow/example_dags/example_branch_operator.py took 0.120 seconds
[2024-12-21T04:47:19.540+0000] {processor.py:154} INFO - Started process (PID=1195) to work on /home/airflow/.local/lib/python3.7/site-packages/airflow/example_dags/example_branch_operator.py
[2024-12-21T04:47:19.542+0000] {processor.py:756} INFO - Processing file /home/airflow/.local/lib/python3.7/site-packages/airflow/example_dags/example_branch_operator.py for tasks to queue
[2024-12-21T04:47:19.543+0000] {logging_mixin.py:120} INFO - [2024-12-21T04:47:19.543+0000] {dagbag.py:537} INFO - Filling up the DagBag from /home/airflow/.local/lib/python3.7/site-packages/airflow/example_dags/example_branch_operator.py
[2024-12-21T04:47:19.567+0000] {processor.py:766} INFO - DAG(s) dict_keys(['example_branch_operator']) retrieved from /home/airflow/.local/lib/python3.7/site-packages/airflow/example_dags/example_branch_operator.py
[2024-12-21T04:47:19.650+0000] {logging_mixin.py:120} INFO - [2024-12-21T04:47:19.650+0000] {dag.py:2585} INFO - Sync 1 DAGs
[2024-12-21T04:47:19.679+0000] {logging_mixin.py:120} INFO - [2024-12-21T04:47:19.679+0000] {dag.py:3340} INFO - Setting next_dagrun for example_branch_operator to 2024-12-20T00:00:00+00:00, run_after=2024-12-21T00:00:00+00:00
[2024-12-21T04:47:19.699+0000] {processor.py:176} INFO - Processing /home/airflow/.local/lib/python3.7/site-packages/airflow/example_dags/example_branch_operator.py took 0.176 seconds
[2024-12-21T04:47:50.209+0000] {processor.py:154} INFO - Started process (PID=1258) to work on /home/airflow/.local/lib/python3.7/site-packages/airflow/example_dags/example_branch_operator.py
[2024-12-21T04:47:50.210+0000] {processor.py:756} INFO - Processing file /home/airflow/.local/lib/python3.7/site-packages/airflow/example_dags/example_branch_operator.py for tasks to queue
[2024-12-21T04:47:50.210+0000] {logging_mixin.py:120} INFO - [2024-12-21T04:47:50.210+0000] {dagbag.py:537} INFO - Filling up the DagBag from /home/airflow/.local/lib/python3.7/site-packages/airflow/example_dags/example_branch_operator.py
[2024-12-21T04:47:50.228+0000] {processor.py:766} INFO - DAG(s) dict_keys(['example_branch_operator']) retrieved from /home/airflow/.local/lib/python3.7/site-packages/airflow/example_dags/example_branch_operator.py
[2024-12-21T04:47:50.260+0000] {logging_mixin.py:120} INFO - [2024-12-21T04:47:50.260+0000] {dag.py:2585} INFO - Sync 1 DAGs
[2024-12-21T04:47:50.280+0000] {logging_mixin.py:120} INFO - [2024-12-21T04:47:50.280+0000] {dag.py:3340} INFO - Setting next_dagrun for example_branch_operator to 2024-12-20T00:00:00+00:00, run_after=2024-12-21T00:00:00+00:00
[2024-12-21T04:47:50.295+0000] {processor.py:176} INFO - Processing /home/airflow/.local/lib/python3.7/site-packages/airflow/example_dags/example_branch_operator.py took 0.090 seconds
[2024-12-21T04:48:20.341+0000] {processor.py:154} INFO - Started process (PID=1321) to work on /home/airflow/.local/lib/python3.7/site-packages/airflow/example_dags/example_branch_operator.py
[2024-12-21T04:48:20.343+0000] {processor.py:756} INFO - Processing file /home/airflow/.local/lib/python3.7/site-packages/airflow/example_dags/example_branch_operator.py for tasks to queue
[2024-12-21T04:48:20.344+0000] {logging_mixin.py:120} INFO - [2024-12-21T04:48:20.344+0000] {dagbag.py:537} INFO - Filling up the DagBag from /home/airflow/.local/lib/python3.7/site-packages/airflow/example_dags/example_branch_operator.py
[2024-12-21T04:48:20.367+0000] {processor.py:766} INFO - DAG(s) dict_keys(['example_branch_operator']) retrieved from /home/airflow/.local/lib/python3.7/site-packages/airflow/example_dags/example_branch_operator.py
[2024-12-21T04:48:20.411+0000] {logging_mixin.py:120} INFO - [2024-12-21T04:48:20.411+0000] {dag.py:2585} INFO - Sync 1 DAGs
[2024-12-21T04:48:20.444+0000] {logging_mixin.py:120} INFO - [2024-12-21T04:48:20.444+0000] {dag.py:3340} INFO - Setting next_dagrun for example_branch_operator to 2024-12-20T00:00:00+00:00, run_after=2024-12-21T00:00:00+00:00
[2024-12-21T04:48:20.474+0000] {processor.py:176} INFO - Processing /home/airflow/.local/lib/python3.7/site-packages/airflow/example_dags/example_branch_operator.py took 0.136 seconds
[2024-12-21T04:48:50.620+0000] {processor.py:154} INFO - Started process (PID=1375) to work on /home/airflow/.local/lib/python3.7/site-packages/airflow/example_dags/example_branch_operator.py
[2024-12-21T04:48:50.621+0000] {processor.py:756} INFO - Processing file /home/airflow/.local/lib/python3.7/site-packages/airflow/example_dags/example_branch_operator.py for tasks to queue
[2024-12-21T04:48:50.622+0000] {logging_mixin.py:120} INFO - [2024-12-21T04:48:50.622+0000] {dagbag.py:537} INFO - Filling up the DagBag from /home/airflow/.local/lib/python3.7/site-packages/airflow/example_dags/example_branch_operator.py
[2024-12-21T04:48:50.634+0000] {processor.py:766} INFO - DAG(s) dict_keys(['example_branch_operator']) retrieved from /home/airflow/.local/lib/python3.7/site-packages/airflow/example_dags/example_branch_operator.py
[2024-12-21T04:48:50.666+0000] {logging_mixin.py:120} INFO - [2024-12-21T04:48:50.666+0000] {dag.py:2585} INFO - Sync 1 DAGs
[2024-12-21T04:48:50.692+0000] {logging_mixin.py:120} INFO - [2024-12-21T04:48:50.692+0000] {dag.py:3340} INFO - Setting next_dagrun for example_branch_operator to 2024-12-20T00:00:00+00:00, run_after=2024-12-21T00:00:00+00:00
[2024-12-21T04:48:50.709+0000] {processor.py:176} INFO - Processing /home/airflow/.local/lib/python3.7/site-packages/airflow/example_dags/example_branch_operator.py took 0.093 seconds
[2024-12-21T04:49:21.286+0000] {processor.py:154} INFO - Started process (PID=1438) to work on /home/airflow/.local/lib/python3.7/site-packages/airflow/example_dags/example_branch_operator.py
[2024-12-21T04:49:21.288+0000] {processor.py:756} INFO - Processing file /home/airflow/.local/lib/python3.7/site-packages/airflow/example_dags/example_branch_operator.py for tasks to queue
[2024-12-21T04:49:21.289+0000] {logging_mixin.py:120} INFO - [2024-12-21T04:49:21.289+0000] {dagbag.py:537} INFO - Filling up the DagBag from /home/airflow/.local/lib/python3.7/site-packages/airflow/example_dags/example_branch_operator.py
[2024-12-21T04:49:21.306+0000] {processor.py:766} INFO - DAG(s) dict_keys(['example_branch_operator']) retrieved from /home/airflow/.local/lib/python3.7/site-packages/airflow/example_dags/example_branch_operator.py
[2024-12-21T04:49:21.348+0000] {logging_mixin.py:120} INFO - [2024-12-21T04:49:21.348+0000] {dag.py:2585} INFO - Sync 1 DAGs
[2024-12-21T04:49:21.372+0000] {logging_mixin.py:120} INFO - [2024-12-21T04:49:21.372+0000] {dag.py:3340} INFO - Setting next_dagrun for example_branch_operator to 2024-12-20T00:00:00+00:00, run_after=2024-12-21T00:00:00+00:00
[2024-12-21T04:49:21.396+0000] {processor.py:176} INFO - Processing /home/airflow/.local/lib/python3.7/site-packages/airflow/example_dags/example_branch_operator.py took 0.112 seconds
