[2024-12-21T04:37:44.064+0000] {processor.py:154} INFO - Started process (PID=82) to work on /home/airflow/.local/lib/python3.7/site-packages/airflow/example_dags/example_short_circuit_decorator.py
[2024-12-21T04:37:44.072+0000] {processor.py:756} INFO - Processing file /home/airflow/.local/lib/python3.7/site-packages/airflow/example_dags/example_short_circuit_decorator.py for tasks to queue
[2024-12-21T04:37:44.078+0000] {logging_mixin.py:120} INFO - [2024-12-21T04:37:44.078+0000] {dagbag.py:537} INFO - Filling up the DagBag from /home/airflow/.local/lib/python3.7/site-packages/airflow/example_dags/example_short_circuit_decorator.py
[2024-12-21T04:37:44.172+0000] {processor.py:766} INFO - DAG(s) dict_keys(['example_short_circuit_decorator']) retrieved from /home/airflow/.local/lib/python3.7/site-packages/airflow/example_dags/example_short_circuit_decorator.py
[2024-12-21T04:37:44.538+0000] {logging_mixin.py:120} INFO - [2024-12-21T04:37:44.537+0000] {manager.py:507} INFO - Created Permission View: can delete on DAG:example_short_circuit_decorator
[2024-12-21T04:37:44.579+0000] {logging_mixin.py:120} INFO - [2024-12-21T04:37:44.579+0000] {manager.py:507} INFO - Created Permission View: can edit on DAG:example_short_circuit_decorator
[2024-12-21T04:37:44.615+0000] {logging_mixin.py:120} INFO - [2024-12-21T04:37:44.615+0000] {manager.py:507} INFO - Created Permission View: can read on DAG:example_short_circuit_decorator
[2024-12-21T04:37:44.619+0000] {logging_mixin.py:120} INFO - [2024-12-21T04:37:44.618+0000] {dag.py:2585} INFO - Sync 1 DAGs
[2024-12-21T04:37:44.661+0000] {logging_mixin.py:120} INFO - [2024-12-21T04:37:44.660+0000] {dag.py:2606} INFO - Creating ORM DAG for example_short_circuit_decorator
[2024-12-21T04:37:44.699+0000] {logging_mixin.py:120} INFO - [2024-12-21T04:37:44.698+0000] {dag.py:3340} INFO - Setting next_dagrun for example_short_circuit_decorator to 2024-12-20T04:37:44.697537+00:00, run_after=2024-12-21T04:37:44.697537+00:00
[2024-12-21T04:37:44.756+0000] {processor.py:176} INFO - Processing /home/airflow/.local/lib/python3.7/site-packages/airflow/example_dags/example_short_circuit_decorator.py took 0.725 seconds
[2024-12-21T04:38:14.977+0000] {processor.py:154} INFO - Started process (PID=136) to work on /home/airflow/.local/lib/python3.7/site-packages/airflow/example_dags/example_short_circuit_decorator.py
[2024-12-21T04:38:14.977+0000] {processor.py:756} INFO - Processing file /home/airflow/.local/lib/python3.7/site-packages/airflow/example_dags/example_short_circuit_decorator.py for tasks to queue
[2024-12-21T04:38:14.978+0000] {logging_mixin.py:120} INFO - [2024-12-21T04:38:14.978+0000] {dagbag.py:537} INFO - Filling up the DagBag from /home/airflow/.local/lib/python3.7/site-packages/airflow/example_dags/example_short_circuit_decorator.py
[2024-12-21T04:38:14.999+0000] {processor.py:766} INFO - DAG(s) dict_keys(['example_short_circuit_decorator']) retrieved from /home/airflow/.local/lib/python3.7/site-packages/airflow/example_dags/example_short_circuit_decorator.py
[2024-12-21T04:38:15.044+0000] {logging_mixin.py:120} INFO - [2024-12-21T04:38:15.044+0000] {dag.py:2585} INFO - Sync 1 DAGs
[2024-12-21T04:38:15.077+0000] {logging_mixin.py:120} INFO - [2024-12-21T04:38:15.077+0000] {dag.py:3340} INFO - Setting next_dagrun for example_short_circuit_decorator to 2024-12-20T04:38:15.076860+00:00, run_after=2024-12-21T04:38:15.076860+00:00
[2024-12-21T04:38:15.096+0000] {processor.py:176} INFO - Processing /home/airflow/.local/lib/python3.7/site-packages/airflow/example_dags/example_short_circuit_decorator.py took 0.121 seconds
[2024-12-21T04:38:45.296+0000] {processor.py:154} INFO - Started process (PID=200) to work on /home/airflow/.local/lib/python3.7/site-packages/airflow/example_dags/example_short_circuit_decorator.py
[2024-12-21T04:38:45.297+0000] {processor.py:756} INFO - Processing file /home/airflow/.local/lib/python3.7/site-packages/airflow/example_dags/example_short_circuit_decorator.py for tasks to queue
[2024-12-21T04:38:45.297+0000] {logging_mixin.py:120} INFO - [2024-12-21T04:38:45.297+0000] {dagbag.py:537} INFO - Filling up the DagBag from /home/airflow/.local/lib/python3.7/site-packages/airflow/example_dags/example_short_circuit_decorator.py
[2024-12-21T04:38:45.318+0000] {processor.py:766} INFO - DAG(s) dict_keys(['example_short_circuit_decorator']) retrieved from /home/airflow/.local/lib/python3.7/site-packages/airflow/example_dags/example_short_circuit_decorator.py
[2024-12-21T04:38:45.352+0000] {logging_mixin.py:120} INFO - [2024-12-21T04:38:45.352+0000] {dag.py:2585} INFO - Sync 1 DAGs
[2024-12-21T04:38:45.371+0000] {logging_mixin.py:120} INFO - [2024-12-21T04:38:45.371+0000] {dag.py:3340} INFO - Setting next_dagrun for example_short_circuit_decorator to 2024-12-20T04:38:45.371548+00:00, run_after=2024-12-21T04:38:45.371548+00:00
[2024-12-21T04:38:45.391+0000] {processor.py:176} INFO - Processing /home/airflow/.local/lib/python3.7/site-packages/airflow/example_dags/example_short_circuit_decorator.py took 0.099 seconds
[2024-12-21T04:39:16.240+0000] {processor.py:154} INFO - Started process (PID=263) to work on /home/airflow/.local/lib/python3.7/site-packages/airflow/example_dags/example_short_circuit_decorator.py
[2024-12-21T04:39:16.246+0000] {processor.py:756} INFO - Processing file /home/airflow/.local/lib/python3.7/site-packages/airflow/example_dags/example_short_circuit_decorator.py for tasks to queue
[2024-12-21T04:39:16.261+0000] {logging_mixin.py:120} INFO - [2024-12-21T04:39:16.260+0000] {dagbag.py:537} INFO - Filling up the DagBag from /home/airflow/.local/lib/python3.7/site-packages/airflow/example_dags/example_short_circuit_decorator.py
[2024-12-21T04:39:16.390+0000] {processor.py:766} INFO - DAG(s) dict_keys(['example_short_circuit_decorator']) retrieved from /home/airflow/.local/lib/python3.7/site-packages/airflow/example_dags/example_short_circuit_decorator.py
[2024-12-21T04:39:16.480+0000] {logging_mixin.py:120} INFO - [2024-12-21T04:39:16.480+0000] {dag.py:2585} INFO - Sync 1 DAGs
[2024-12-21T04:39:16.534+0000] {logging_mixin.py:120} INFO - [2024-12-21T04:39:16.534+0000] {dag.py:3340} INFO - Setting next_dagrun for example_short_circuit_decorator to 2024-12-20T04:39:16.533942+00:00, run_after=2024-12-21T04:39:16.533942+00:00
[2024-12-21T04:39:16.563+0000] {processor.py:176} INFO - Processing /home/airflow/.local/lib/python3.7/site-packages/airflow/example_dags/example_short_circuit_decorator.py took 0.334 seconds
[2024-12-21T04:39:47.223+0000] {processor.py:154} INFO - Started process (PID=317) to work on /home/airflow/.local/lib/python3.7/site-packages/airflow/example_dags/example_short_circuit_decorator.py
[2024-12-21T04:39:47.223+0000] {processor.py:756} INFO - Processing file /home/airflow/.local/lib/python3.7/site-packages/airflow/example_dags/example_short_circuit_decorator.py for tasks to queue
[2024-12-21T04:39:47.224+0000] {logging_mixin.py:120} INFO - [2024-12-21T04:39:47.224+0000] {dagbag.py:537} INFO - Filling up the DagBag from /home/airflow/.local/lib/python3.7/site-packages/airflow/example_dags/example_short_circuit_decorator.py
[2024-12-21T04:39:47.244+0000] {processor.py:766} INFO - DAG(s) dict_keys(['example_short_circuit_decorator']) retrieved from /home/airflow/.local/lib/python3.7/site-packages/airflow/example_dags/example_short_circuit_decorator.py
[2024-12-21T04:39:47.282+0000] {logging_mixin.py:120} INFO - [2024-12-21T04:39:47.281+0000] {dag.py:2585} INFO - Sync 1 DAGs
[2024-12-21T04:39:47.306+0000] {logging_mixin.py:120} INFO - [2024-12-21T04:39:47.306+0000] {dag.py:3340} INFO - Setting next_dagrun for example_short_circuit_decorator to 2024-12-20T04:39:47.306277+00:00, run_after=2024-12-21T04:39:47.306277+00:00
[2024-12-21T04:39:47.322+0000] {processor.py:176} INFO - Processing /home/airflow/.local/lib/python3.7/site-packages/airflow/example_dags/example_short_circuit_decorator.py took 0.102 seconds
[2024-12-21T04:40:18.061+0000] {processor.py:154} INFO - Started process (PID=380) to work on /home/airflow/.local/lib/python3.7/site-packages/airflow/example_dags/example_short_circuit_decorator.py
[2024-12-21T04:40:18.062+0000] {processor.py:756} INFO - Processing file /home/airflow/.local/lib/python3.7/site-packages/airflow/example_dags/example_short_circuit_decorator.py for tasks to queue
[2024-12-21T04:40:18.063+0000] {logging_mixin.py:120} INFO - [2024-12-21T04:40:18.063+0000] {dagbag.py:537} INFO - Filling up the DagBag from /home/airflow/.local/lib/python3.7/site-packages/airflow/example_dags/example_short_circuit_decorator.py
[2024-12-21T04:40:18.085+0000] {processor.py:766} INFO - DAG(s) dict_keys(['example_short_circuit_decorator']) retrieved from /home/airflow/.local/lib/python3.7/site-packages/airflow/example_dags/example_short_circuit_decorator.py
[2024-12-21T04:40:18.121+0000] {logging_mixin.py:120} INFO - [2024-12-21T04:40:18.121+0000] {dag.py:2585} INFO - Sync 1 DAGs
[2024-12-21T04:40:18.143+0000] {logging_mixin.py:120} INFO - [2024-12-21T04:40:18.143+0000] {dag.py:3340} INFO - Setting next_dagrun for example_short_circuit_decorator to 2024-12-20T04:40:18.142975+00:00, run_after=2024-12-21T04:40:18.142975+00:00
[2024-12-21T04:40:18.165+0000] {processor.py:176} INFO - Processing /home/airflow/.local/lib/python3.7/site-packages/airflow/example_dags/example_short_circuit_decorator.py took 0.108 seconds
[2024-12-21T04:40:48.222+0000] {processor.py:154} INFO - Started process (PID=442) to work on /home/airflow/.local/lib/python3.7/site-packages/airflow/example_dags/example_short_circuit_decorator.py
[2024-12-21T04:40:48.225+0000] {processor.py:756} INFO - Processing file /home/airflow/.local/lib/python3.7/site-packages/airflow/example_dags/example_short_circuit_decorator.py for tasks to queue
[2024-12-21T04:40:48.229+0000] {logging_mixin.py:120} INFO - [2024-12-21T04:40:48.229+0000] {dagbag.py:537} INFO - Filling up the DagBag from /home/airflow/.local/lib/python3.7/site-packages/airflow/example_dags/example_short_circuit_decorator.py
[2024-12-21T04:40:48.249+0000] {processor.py:766} INFO - DAG(s) dict_keys(['example_short_circuit_decorator']) retrieved from /home/airflow/.local/lib/python3.7/site-packages/airflow/example_dags/example_short_circuit_decorator.py
[2024-12-21T04:40:48.289+0000] {logging_mixin.py:120} INFO - [2024-12-21T04:40:48.289+0000] {dag.py:2585} INFO - Sync 1 DAGs
[2024-12-21T04:40:48.309+0000] {logging_mixin.py:120} INFO - [2024-12-21T04:40:48.308+0000] {dag.py:3340} INFO - Setting next_dagrun for example_short_circuit_decorator to 2024-12-20T04:40:48.308736+00:00, run_after=2024-12-21T04:40:48.308736+00:00
[2024-12-21T04:40:48.326+0000] {processor.py:176} INFO - Processing /home/airflow/.local/lib/python3.7/site-packages/airflow/example_dags/example_short_circuit_decorator.py took 0.108 seconds
[2024-12-21T04:41:19.129+0000] {processor.py:154} INFO - Started process (PID=497) to work on /home/airflow/.local/lib/python3.7/site-packages/airflow/example_dags/example_short_circuit_decorator.py
[2024-12-21T04:41:19.130+0000] {processor.py:756} INFO - Processing file /home/airflow/.local/lib/python3.7/site-packages/airflow/example_dags/example_short_circuit_decorator.py for tasks to queue
[2024-12-21T04:41:19.131+0000] {logging_mixin.py:120} INFO - [2024-12-21T04:41:19.131+0000] {dagbag.py:537} INFO - Filling up the DagBag from /home/airflow/.local/lib/python3.7/site-packages/airflow/example_dags/example_short_circuit_decorator.py
[2024-12-21T04:41:19.159+0000] {processor.py:766} INFO - DAG(s) dict_keys(['example_short_circuit_decorator']) retrieved from /home/airflow/.local/lib/python3.7/site-packages/airflow/example_dags/example_short_circuit_decorator.py
[2024-12-21T04:41:19.258+0000] {logging_mixin.py:120} INFO - [2024-12-21T04:41:19.258+0000] {dag.py:2585} INFO - Sync 1 DAGs
[2024-12-21T04:41:19.292+0000] {logging_mixin.py:120} INFO - [2024-12-21T04:41:19.292+0000] {dag.py:3340} INFO - Setting next_dagrun for example_short_circuit_decorator to 2024-12-20T04:41:19.292098+00:00, run_after=2024-12-21T04:41:19.292098+00:00
[2024-12-21T04:41:19.309+0000] {processor.py:176} INFO - Processing /home/airflow/.local/lib/python3.7/site-packages/airflow/example_dags/example_short_circuit_decorator.py took 0.183 seconds
[2024-12-21T04:41:50.340+0000] {processor.py:154} INFO - Started process (PID=560) to work on /home/airflow/.local/lib/python3.7/site-packages/airflow/example_dags/example_short_circuit_decorator.py
[2024-12-21T04:41:50.350+0000] {processor.py:756} INFO - Processing file /home/airflow/.local/lib/python3.7/site-packages/airflow/example_dags/example_short_circuit_decorator.py for tasks to queue
[2024-12-21T04:41:50.356+0000] {logging_mixin.py:120} INFO - [2024-12-21T04:41:50.354+0000] {dagbag.py:537} INFO - Filling up the DagBag from /home/airflow/.local/lib/python3.7/site-packages/airflow/example_dags/example_short_circuit_decorator.py
[2024-12-21T04:41:50.523+0000] {processor.py:766} INFO - DAG(s) dict_keys(['example_short_circuit_decorator']) retrieved from /home/airflow/.local/lib/python3.7/site-packages/airflow/example_dags/example_short_circuit_decorator.py
[2024-12-21T04:41:50.701+0000] {logging_mixin.py:120} INFO - [2024-12-21T04:41:50.701+0000] {dag.py:2585} INFO - Sync 1 DAGs
[2024-12-21T04:41:50.792+0000] {logging_mixin.py:120} INFO - [2024-12-21T04:41:50.792+0000] {dag.py:3340} INFO - Setting next_dagrun for example_short_circuit_decorator to 2024-12-20T04:41:50.790748+00:00, run_after=2024-12-21T04:41:50.790748+00:00
[2024-12-21T04:41:50.824+0000] {processor.py:176} INFO - Processing /home/airflow/.local/lib/python3.7/site-packages/airflow/example_dags/example_short_circuit_decorator.py took 0.499 seconds
[2024-12-21T04:42:21.700+0000] {processor.py:154} INFO - Started process (PID=623) to work on /home/airflow/.local/lib/python3.7/site-packages/airflow/example_dags/example_short_circuit_decorator.py
[2024-12-21T04:42:21.706+0000] {processor.py:756} INFO - Processing file /home/airflow/.local/lib/python3.7/site-packages/airflow/example_dags/example_short_circuit_decorator.py for tasks to queue
[2024-12-21T04:42:21.707+0000] {logging_mixin.py:120} INFO - [2024-12-21T04:42:21.706+0000] {dagbag.py:537} INFO - Filling up the DagBag from /home/airflow/.local/lib/python3.7/site-packages/airflow/example_dags/example_short_circuit_decorator.py
[2024-12-21T04:42:21.729+0000] {processor.py:766} INFO - DAG(s) dict_keys(['example_short_circuit_decorator']) retrieved from /home/airflow/.local/lib/python3.7/site-packages/airflow/example_dags/example_short_circuit_decorator.py
[2024-12-21T04:42:21.769+0000] {logging_mixin.py:120} INFO - [2024-12-21T04:42:21.769+0000] {dag.py:2585} INFO - Sync 1 DAGs
[2024-12-21T04:42:21.796+0000] {logging_mixin.py:120} INFO - [2024-12-21T04:42:21.796+0000] {dag.py:3340} INFO - Setting next_dagrun for example_short_circuit_decorator to 2024-12-20T04:42:21.795824+00:00, run_after=2024-12-21T04:42:21.795824+00:00
[2024-12-21T04:42:21.811+0000] {processor.py:176} INFO - Processing /home/airflow/.local/lib/python3.7/site-packages/airflow/example_dags/example_short_circuit_decorator.py took 0.113 seconds
[2024-12-21T04:42:52.422+0000] {processor.py:154} INFO - Started process (PID=686) to work on /home/airflow/.local/lib/python3.7/site-packages/airflow/example_dags/example_short_circuit_decorator.py
[2024-12-21T04:42:52.423+0000] {processor.py:756} INFO - Processing file /home/airflow/.local/lib/python3.7/site-packages/airflow/example_dags/example_short_circuit_decorator.py for tasks to queue
[2024-12-21T04:42:52.424+0000] {logging_mixin.py:120} INFO - [2024-12-21T04:42:52.424+0000] {dagbag.py:537} INFO - Filling up the DagBag from /home/airflow/.local/lib/python3.7/site-packages/airflow/example_dags/example_short_circuit_decorator.py
[2024-12-21T04:42:52.447+0000] {processor.py:766} INFO - DAG(s) dict_keys(['example_short_circuit_decorator']) retrieved from /home/airflow/.local/lib/python3.7/site-packages/airflow/example_dags/example_short_circuit_decorator.py
[2024-12-21T04:42:52.477+0000] {logging_mixin.py:120} INFO - [2024-12-21T04:42:52.477+0000] {dag.py:2585} INFO - Sync 1 DAGs
[2024-12-21T04:42:52.498+0000] {logging_mixin.py:120} INFO - [2024-12-21T04:42:52.498+0000] {dag.py:3340} INFO - Setting next_dagrun for example_short_circuit_decorator to 2024-12-20T04:42:52.498493+00:00, run_after=2024-12-21T04:42:52.498493+00:00
[2024-12-21T04:42:52.518+0000] {processor.py:176} INFO - Processing /home/airflow/.local/lib/python3.7/site-packages/airflow/example_dags/example_short_circuit_decorator.py took 0.099 seconds
[2024-12-21T04:43:22.976+0000] {processor.py:154} INFO - Started process (PID=740) to work on /home/airflow/.local/lib/python3.7/site-packages/airflow/example_dags/example_short_circuit_decorator.py
[2024-12-21T04:43:22.977+0000] {processor.py:756} INFO - Processing file /home/airflow/.local/lib/python3.7/site-packages/airflow/example_dags/example_short_circuit_decorator.py for tasks to queue
[2024-12-21T04:43:22.978+0000] {logging_mixin.py:120} INFO - [2024-12-21T04:43:22.977+0000] {dagbag.py:537} INFO - Filling up the DagBag from /home/airflow/.local/lib/python3.7/site-packages/airflow/example_dags/example_short_circuit_decorator.py
[2024-12-21T04:43:23.001+0000] {processor.py:766} INFO - DAG(s) dict_keys(['example_short_circuit_decorator']) retrieved from /home/airflow/.local/lib/python3.7/site-packages/airflow/example_dags/example_short_circuit_decorator.py
[2024-12-21T04:43:23.037+0000] {logging_mixin.py:120} INFO - [2024-12-21T04:43:23.037+0000] {dag.py:2585} INFO - Sync 1 DAGs
[2024-12-21T04:43:23.065+0000] {logging_mixin.py:120} INFO - [2024-12-21T04:43:23.065+0000] {dag.py:3340} INFO - Setting next_dagrun for example_short_circuit_decorator to 2024-12-20T04:43:23.065226+00:00, run_after=2024-12-21T04:43:23.065226+00:00
[2024-12-21T04:43:23.083+0000] {processor.py:176} INFO - Processing /home/airflow/.local/lib/python3.7/site-packages/airflow/example_dags/example_short_circuit_decorator.py took 0.111 seconds
[2024-12-21T04:43:53.698+0000] {processor.py:154} INFO - Started process (PID=803) to work on /home/airflow/.local/lib/python3.7/site-packages/airflow/example_dags/example_short_circuit_decorator.py
[2024-12-21T04:43:53.699+0000] {processor.py:756} INFO - Processing file /home/airflow/.local/lib/python3.7/site-packages/airflow/example_dags/example_short_circuit_decorator.py for tasks to queue
[2024-12-21T04:43:53.700+0000] {logging_mixin.py:120} INFO - [2024-12-21T04:43:53.700+0000] {dagbag.py:537} INFO - Filling up the DagBag from /home/airflow/.local/lib/python3.7/site-packages/airflow/example_dags/example_short_circuit_decorator.py
[2024-12-21T04:43:53.728+0000] {processor.py:766} INFO - DAG(s) dict_keys(['example_short_circuit_decorator']) retrieved from /home/airflow/.local/lib/python3.7/site-packages/airflow/example_dags/example_short_circuit_decorator.py
[2024-12-21T04:43:53.771+0000] {logging_mixin.py:120} INFO - [2024-12-21T04:43:53.771+0000] {dag.py:2585} INFO - Sync 1 DAGs
[2024-12-21T04:43:53.814+0000] {logging_mixin.py:120} INFO - [2024-12-21T04:43:53.814+0000] {dag.py:3340} INFO - Setting next_dagrun for example_short_circuit_decorator to 2024-12-20T04:43:53.813569+00:00, run_after=2024-12-21T04:43:53.813569+00:00
[2024-12-21T04:43:53.833+0000] {processor.py:176} INFO - Processing /home/airflow/.local/lib/python3.7/site-packages/airflow/example_dags/example_short_circuit_decorator.py took 0.140 seconds
[2024-12-21T04:44:24.425+0000] {processor.py:154} INFO - Started process (PID=866) to work on /home/airflow/.local/lib/python3.7/site-packages/airflow/example_dags/example_short_circuit_decorator.py
[2024-12-21T04:44:24.428+0000] {processor.py:756} INFO - Processing file /home/airflow/.local/lib/python3.7/site-packages/airflow/example_dags/example_short_circuit_decorator.py for tasks to queue
[2024-12-21T04:44:24.429+0000] {logging_mixin.py:120} INFO - [2024-12-21T04:44:24.429+0000] {dagbag.py:537} INFO - Filling up the DagBag from /home/airflow/.local/lib/python3.7/site-packages/airflow/example_dags/example_short_circuit_decorator.py
[2024-12-21T04:44:24.457+0000] {processor.py:766} INFO - DAG(s) dict_keys(['example_short_circuit_decorator']) retrieved from /home/airflow/.local/lib/python3.7/site-packages/airflow/example_dags/example_short_circuit_decorator.py
[2024-12-21T04:44:24.496+0000] {logging_mixin.py:120} INFO - [2024-12-21T04:44:24.496+0000] {dag.py:2585} INFO - Sync 1 DAGs
[2024-12-21T04:44:24.520+0000] {logging_mixin.py:120} INFO - [2024-12-21T04:44:24.520+0000] {dag.py:3340} INFO - Setting next_dagrun for example_short_circuit_decorator to 2024-12-20T04:44:24.520634+00:00, run_after=2024-12-21T04:44:24.520634+00:00
[2024-12-21T04:44:24.538+0000] {processor.py:176} INFO - Processing /home/airflow/.local/lib/python3.7/site-packages/airflow/example_dags/example_short_circuit_decorator.py took 0.120 seconds
[2024-12-21T04:44:55.253+0000] {processor.py:154} INFO - Started process (PID=920) to work on /home/airflow/.local/lib/python3.7/site-packages/airflow/example_dags/example_short_circuit_decorator.py
[2024-12-21T04:44:55.255+0000] {processor.py:756} INFO - Processing file /home/airflow/.local/lib/python3.7/site-packages/airflow/example_dags/example_short_circuit_decorator.py for tasks to queue
[2024-12-21T04:44:55.257+0000] {logging_mixin.py:120} INFO - [2024-12-21T04:44:55.257+0000] {dagbag.py:537} INFO - Filling up the DagBag from /home/airflow/.local/lib/python3.7/site-packages/airflow/example_dags/example_short_circuit_decorator.py
[2024-12-21T04:44:55.307+0000] {processor.py:766} INFO - DAG(s) dict_keys(['example_short_circuit_decorator']) retrieved from /home/airflow/.local/lib/python3.7/site-packages/airflow/example_dags/example_short_circuit_decorator.py
[2024-12-21T04:44:55.370+0000] {logging_mixin.py:120} INFO - [2024-12-21T04:44:55.370+0000] {dag.py:2585} INFO - Sync 1 DAGs
[2024-12-21T04:44:55.397+0000] {logging_mixin.py:120} INFO - [2024-12-21T04:44:55.397+0000] {dag.py:3340} INFO - Setting next_dagrun for example_short_circuit_decorator to 2024-12-20T04:44:55.396831+00:00, run_after=2024-12-21T04:44:55.396831+00:00
[2024-12-21T04:44:55.414+0000] {processor.py:176} INFO - Processing /home/airflow/.local/lib/python3.7/site-packages/airflow/example_dags/example_short_circuit_decorator.py took 0.170 seconds
[2024-12-21T04:45:25.667+0000] {processor.py:154} INFO - Started process (PID=983) to work on /home/airflow/.local/lib/python3.7/site-packages/airflow/example_dags/example_short_circuit_decorator.py
[2024-12-21T04:45:25.668+0000] {processor.py:756} INFO - Processing file /home/airflow/.local/lib/python3.7/site-packages/airflow/example_dags/example_short_circuit_decorator.py for tasks to queue
[2024-12-21T04:45:25.669+0000] {logging_mixin.py:120} INFO - [2024-12-21T04:45:25.669+0000] {dagbag.py:537} INFO - Filling up the DagBag from /home/airflow/.local/lib/python3.7/site-packages/airflow/example_dags/example_short_circuit_decorator.py
[2024-12-21T04:45:25.695+0000] {processor.py:766} INFO - DAG(s) dict_keys(['example_short_circuit_decorator']) retrieved from /home/airflow/.local/lib/python3.7/site-packages/airflow/example_dags/example_short_circuit_decorator.py
[2024-12-21T04:45:25.729+0000] {logging_mixin.py:120} INFO - [2024-12-21T04:45:25.729+0000] {dag.py:2585} INFO - Sync 1 DAGs
[2024-12-21T04:45:25.752+0000] {logging_mixin.py:120} INFO - [2024-12-21T04:45:25.752+0000] {dag.py:3340} INFO - Setting next_dagrun for example_short_circuit_decorator to 2024-12-20T04:45:25.752264+00:00, run_after=2024-12-21T04:45:25.752264+00:00
[2024-12-21T04:45:25.774+0000] {processor.py:176} INFO - Processing /home/airflow/.local/lib/python3.7/site-packages/airflow/example_dags/example_short_circuit_decorator.py took 0.112 seconds
[2024-12-21T04:45:55.930+0000] {processor.py:154} INFO - Started process (PID=1045) to work on /home/airflow/.local/lib/python3.7/site-packages/airflow/example_dags/example_short_circuit_decorator.py
[2024-12-21T04:45:55.931+0000] {processor.py:756} INFO - Processing file /home/airflow/.local/lib/python3.7/site-packages/airflow/example_dags/example_short_circuit_decorator.py for tasks to queue
[2024-12-21T04:45:55.932+0000] {logging_mixin.py:120} INFO - [2024-12-21T04:45:55.932+0000] {dagbag.py:537} INFO - Filling up the DagBag from /home/airflow/.local/lib/python3.7/site-packages/airflow/example_dags/example_short_circuit_decorator.py
[2024-12-21T04:45:55.960+0000] {processor.py:766} INFO - DAG(s) dict_keys(['example_short_circuit_decorator']) retrieved from /home/airflow/.local/lib/python3.7/site-packages/airflow/example_dags/example_short_circuit_decorator.py
[2024-12-21T04:45:56.003+0000] {logging_mixin.py:120} INFO - [2024-12-21T04:45:56.003+0000] {dag.py:2585} INFO - Sync 1 DAGs
[2024-12-21T04:45:56.029+0000] {logging_mixin.py:120} INFO - [2024-12-21T04:45:56.029+0000] {dag.py:3340} INFO - Setting next_dagrun for example_short_circuit_decorator to 2024-12-20T04:45:56.028811+00:00, run_after=2024-12-21T04:45:56.028811+00:00
[2024-12-21T04:45:56.045+0000] {processor.py:176} INFO - Processing /home/airflow/.local/lib/python3.7/site-packages/airflow/example_dags/example_short_circuit_decorator.py took 0.119 seconds
[2024-12-21T04:46:26.793+0000] {processor.py:154} INFO - Started process (PID=1100) to work on /home/airflow/.local/lib/python3.7/site-packages/airflow/example_dags/example_short_circuit_decorator.py
[2024-12-21T04:46:26.796+0000] {processor.py:756} INFO - Processing file /home/airflow/.local/lib/python3.7/site-packages/airflow/example_dags/example_short_circuit_decorator.py for tasks to queue
[2024-12-21T04:46:26.796+0000] {logging_mixin.py:120} INFO - [2024-12-21T04:46:26.796+0000] {dagbag.py:537} INFO - Filling up the DagBag from /home/airflow/.local/lib/python3.7/site-packages/airflow/example_dags/example_short_circuit_decorator.py
[2024-12-21T04:46:26.819+0000] {processor.py:766} INFO - DAG(s) dict_keys(['example_short_circuit_decorator']) retrieved from /home/airflow/.local/lib/python3.7/site-packages/airflow/example_dags/example_short_circuit_decorator.py
[2024-12-21T04:46:26.857+0000] {logging_mixin.py:120} INFO - [2024-12-21T04:46:26.856+0000] {dag.py:2585} INFO - Sync 1 DAGs
[2024-12-21T04:46:26.886+0000] {logging_mixin.py:120} INFO - [2024-12-21T04:46:26.886+0000] {dag.py:3340} INFO - Setting next_dagrun for example_short_circuit_decorator to 2024-12-20T04:46:26.886606+00:00, run_after=2024-12-21T04:46:26.886606+00:00
[2024-12-21T04:46:26.900+0000] {processor.py:176} INFO - Processing /home/airflow/.local/lib/python3.7/site-packages/airflow/example_dags/example_short_circuit_decorator.py took 0.111 seconds
[2024-12-21T04:46:57.454+0000] {processor.py:154} INFO - Started process (PID=1163) to work on /home/airflow/.local/lib/python3.7/site-packages/airflow/example_dags/example_short_circuit_decorator.py
[2024-12-21T04:46:57.455+0000] {processor.py:756} INFO - Processing file /home/airflow/.local/lib/python3.7/site-packages/airflow/example_dags/example_short_circuit_decorator.py for tasks to queue
[2024-12-21T04:46:57.456+0000] {logging_mixin.py:120} INFO - [2024-12-21T04:46:57.455+0000] {dagbag.py:537} INFO - Filling up the DagBag from /home/airflow/.local/lib/python3.7/site-packages/airflow/example_dags/example_short_circuit_decorator.py
[2024-12-21T04:46:57.480+0000] {processor.py:766} INFO - DAG(s) dict_keys(['example_short_circuit_decorator']) retrieved from /home/airflow/.local/lib/python3.7/site-packages/airflow/example_dags/example_short_circuit_decorator.py
[2024-12-21T04:46:57.516+0000] {logging_mixin.py:120} INFO - [2024-12-21T04:46:57.515+0000] {dag.py:2585} INFO - Sync 1 DAGs
[2024-12-21T04:46:57.535+0000] {logging_mixin.py:120} INFO - [2024-12-21T04:46:57.535+0000] {dag.py:3340} INFO - Setting next_dagrun for example_short_circuit_decorator to 2024-12-20T04:46:57.534817+00:00, run_after=2024-12-21T04:46:57.534817+00:00
[2024-12-21T04:46:57.549+0000] {processor.py:176} INFO - Processing /home/airflow/.local/lib/python3.7/site-packages/airflow/example_dags/example_short_circuit_decorator.py took 0.099 seconds
[2024-12-21T04:47:28.055+0000] {processor.py:154} INFO - Started process (PID=1226) to work on /home/airflow/.local/lib/python3.7/site-packages/airflow/example_dags/example_short_circuit_decorator.py
[2024-12-21T04:47:28.056+0000] {processor.py:756} INFO - Processing file /home/airflow/.local/lib/python3.7/site-packages/airflow/example_dags/example_short_circuit_decorator.py for tasks to queue
[2024-12-21T04:47:28.057+0000] {logging_mixin.py:120} INFO - [2024-12-21T04:47:28.057+0000] {dagbag.py:537} INFO - Filling up the DagBag from /home/airflow/.local/lib/python3.7/site-packages/airflow/example_dags/example_short_circuit_decorator.py
[2024-12-21T04:47:28.082+0000] {processor.py:766} INFO - DAG(s) dict_keys(['example_short_circuit_decorator']) retrieved from /home/airflow/.local/lib/python3.7/site-packages/airflow/example_dags/example_short_circuit_decorator.py
[2024-12-21T04:47:28.117+0000] {logging_mixin.py:120} INFO - [2024-12-21T04:47:28.117+0000] {dag.py:2585} INFO - Sync 1 DAGs
[2024-12-21T04:47:28.141+0000] {logging_mixin.py:120} INFO - [2024-12-21T04:47:28.141+0000] {dag.py:3340} INFO - Setting next_dagrun for example_short_circuit_decorator to 2024-12-20T04:47:28.140884+00:00, run_after=2024-12-21T04:47:28.140884+00:00
[2024-12-21T04:47:28.161+0000] {processor.py:176} INFO - Processing /home/airflow/.local/lib/python3.7/site-packages/airflow/example_dags/example_short_circuit_decorator.py took 0.109 seconds
[2024-12-21T04:47:58.750+0000] {processor.py:154} INFO - Started process (PID=1289) to work on /home/airflow/.local/lib/python3.7/site-packages/airflow/example_dags/example_short_circuit_decorator.py
[2024-12-21T04:47:58.754+0000] {processor.py:756} INFO - Processing file /home/airflow/.local/lib/python3.7/site-packages/airflow/example_dags/example_short_circuit_decorator.py for tasks to queue
[2024-12-21T04:47:58.755+0000] {logging_mixin.py:120} INFO - [2024-12-21T04:47:58.755+0000] {dagbag.py:537} INFO - Filling up the DagBag from /home/airflow/.local/lib/python3.7/site-packages/airflow/example_dags/example_short_circuit_decorator.py
[2024-12-21T04:47:58.778+0000] {processor.py:766} INFO - DAG(s) dict_keys(['example_short_circuit_decorator']) retrieved from /home/airflow/.local/lib/python3.7/site-packages/airflow/example_dags/example_short_circuit_decorator.py
[2024-12-21T04:47:58.817+0000] {logging_mixin.py:120} INFO - [2024-12-21T04:47:58.817+0000] {dag.py:2585} INFO - Sync 1 DAGs
[2024-12-21T04:47:58.845+0000] {logging_mixin.py:120} INFO - [2024-12-21T04:47:58.845+0000] {dag.py:3340} INFO - Setting next_dagrun for example_short_circuit_decorator to 2024-12-20T04:47:58.845277+00:00, run_after=2024-12-21T04:47:58.845277+00:00
[2024-12-21T04:47:58.860+0000] {processor.py:176} INFO - Processing /home/airflow/.local/lib/python3.7/site-packages/airflow/example_dags/example_short_circuit_decorator.py took 0.113 seconds
[2024-12-21T04:48:29.106+0000] {processor.py:154} INFO - Started process (PID=1343) to work on /home/airflow/.local/lib/python3.7/site-packages/airflow/example_dags/example_short_circuit_decorator.py
[2024-12-21T04:48:29.108+0000] {processor.py:756} INFO - Processing file /home/airflow/.local/lib/python3.7/site-packages/airflow/example_dags/example_short_circuit_decorator.py for tasks to queue
[2024-12-21T04:48:29.110+0000] {logging_mixin.py:120} INFO - [2024-12-21T04:48:29.110+0000] {dagbag.py:537} INFO - Filling up the DagBag from /home/airflow/.local/lib/python3.7/site-packages/airflow/example_dags/example_short_circuit_decorator.py
[2024-12-21T04:48:29.138+0000] {processor.py:766} INFO - DAG(s) dict_keys(['example_short_circuit_decorator']) retrieved from /home/airflow/.local/lib/python3.7/site-packages/airflow/example_dags/example_short_circuit_decorator.py
[2024-12-21T04:48:29.180+0000] {logging_mixin.py:120} INFO - [2024-12-21T04:48:29.180+0000] {dag.py:2585} INFO - Sync 1 DAGs
[2024-12-21T04:48:29.204+0000] {logging_mixin.py:120} INFO - [2024-12-21T04:48:29.204+0000] {dag.py:3340} INFO - Setting next_dagrun for example_short_circuit_decorator to 2024-12-20T04:48:29.203904+00:00, run_after=2024-12-21T04:48:29.203904+00:00
[2024-12-21T04:48:29.219+0000] {processor.py:176} INFO - Processing /home/airflow/.local/lib/python3.7/site-packages/airflow/example_dags/example_short_circuit_decorator.py took 0.117 seconds
[2024-12-21T04:48:59.970+0000] {processor.py:154} INFO - Started process (PID=1406) to work on /home/airflow/.local/lib/python3.7/site-packages/airflow/example_dags/example_short_circuit_decorator.py
[2024-12-21T04:48:59.975+0000] {processor.py:756} INFO - Processing file /home/airflow/.local/lib/python3.7/site-packages/airflow/example_dags/example_short_circuit_decorator.py for tasks to queue
[2024-12-21T04:48:59.976+0000] {logging_mixin.py:120} INFO - [2024-12-21T04:48:59.976+0000] {dagbag.py:537} INFO - Filling up the DagBag from /home/airflow/.local/lib/python3.7/site-packages/airflow/example_dags/example_short_circuit_decorator.py
[2024-12-21T04:48:59.998+0000] {processor.py:766} INFO - DAG(s) dict_keys(['example_short_circuit_decorator']) retrieved from /home/airflow/.local/lib/python3.7/site-packages/airflow/example_dags/example_short_circuit_decorator.py
[2024-12-21T04:49:00.034+0000] {logging_mixin.py:120} INFO - [2024-12-21T04:49:00.034+0000] {dag.py:2585} INFO - Sync 1 DAGs
[2024-12-21T04:49:00.056+0000] {logging_mixin.py:120} INFO - [2024-12-21T04:49:00.056+0000] {dag.py:3340} INFO - Setting next_dagrun for example_short_circuit_decorator to 2024-12-20T04:49:00.055888+00:00, run_after=2024-12-21T04:49:00.055888+00:00
[2024-12-21T04:49:00.070+0000] {processor.py:176} INFO - Processing /home/airflow/.local/lib/python3.7/site-packages/airflow/example_dags/example_short_circuit_decorator.py took 0.104 seconds
[2024-12-21T04:49:30.404+0000] {processor.py:154} INFO - Started process (PID=1469) to work on /home/airflow/.local/lib/python3.7/site-packages/airflow/example_dags/example_short_circuit_decorator.py
[2024-12-21T04:49:30.408+0000] {processor.py:756} INFO - Processing file /home/airflow/.local/lib/python3.7/site-packages/airflow/example_dags/example_short_circuit_decorator.py for tasks to queue
[2024-12-21T04:49:30.410+0000] {logging_mixin.py:120} INFO - [2024-12-21T04:49:30.410+0000] {dagbag.py:537} INFO - Filling up the DagBag from /home/airflow/.local/lib/python3.7/site-packages/airflow/example_dags/example_short_circuit_decorator.py
[2024-12-21T04:49:30.471+0000] {processor.py:766} INFO - DAG(s) dict_keys(['example_short_circuit_decorator']) retrieved from /home/airflow/.local/lib/python3.7/site-packages/airflow/example_dags/example_short_circuit_decorator.py
[2024-12-21T04:49:30.660+0000] {logging_mixin.py:120} INFO - [2024-12-21T04:49:30.660+0000] {dag.py:2585} INFO - Sync 1 DAGs
[2024-12-21T04:49:31.305+0000] {logging_mixin.py:120} INFO - [2024-12-21T04:49:31.284+0000] {dag.py:3340} INFO - Setting next_dagrun for example_short_circuit_decorator to 2024-12-20T04:49:31.272309+00:00, run_after=2024-12-21T04:49:31.272309+00:00
[2024-12-21T04:49:31.443+0000] {processor.py:176} INFO - Processing /home/airflow/.local/lib/python3.7/site-packages/airflow/example_dags/example_short_circuit_decorator.py took 1.062 seconds
