[2024-12-21T04:37:37.174+0000] {processor.py:154} INFO - Started process (PID=58) to work on /home/airflow/.local/lib/python3.7/site-packages/airflow/example_dags/example_trigger_controller_dag.py
[2024-12-21T04:37:37.178+0000] {processor.py:756} INFO - Processing file /home/airflow/.local/lib/python3.7/site-packages/airflow/example_dags/example_trigger_controller_dag.py for tasks to queue
[2024-12-21T04:37:37.180+0000] {logging_mixin.py:120} INFO - [2024-12-21T04:37:37.180+0000] {dagbag.py:537} INFO - Filling up the DagBag from /home/airflow/.local/lib/python3.7/site-packages/airflow/example_dags/example_trigger_controller_dag.py
[2024-12-21T04:37:37.200+0000] {processor.py:766} INFO - DAG(s) dict_keys(['example_trigger_controller_dag']) retrieved from /home/airflow/.local/lib/python3.7/site-packages/airflow/example_dags/example_trigger_controller_dag.py
[2024-12-21T04:37:37.496+0000] {logging_mixin.py:120} INFO - [2024-12-21T04:37:37.496+0000] {manager.py:507} INFO - Created Permission View: can delete on DAG:example_trigger_controller_dag
[2024-12-21T04:37:37.528+0000] {logging_mixin.py:120} INFO - [2024-12-21T04:37:37.527+0000] {manager.py:507} INFO - Created Permission View: can edit on DAG:example_trigger_controller_dag
[2024-12-21T04:37:37.543+0000] {logging_mixin.py:120} INFO - [2024-12-21T04:37:37.543+0000] {manager.py:507} INFO - Created Permission View: can read on DAG:example_trigger_controller_dag
[2024-12-21T04:37:37.544+0000] {logging_mixin.py:120} INFO - [2024-12-21T04:37:37.544+0000] {dag.py:2585} INFO - Sync 1 DAGs
[2024-12-21T04:37:37.572+0000] {logging_mixin.py:120} INFO - [2024-12-21T04:37:37.572+0000] {dag.py:2606} INFO - Creating ORM DAG for example_trigger_controller_dag
[2024-12-21T04:37:37.607+0000] {logging_mixin.py:120} INFO - [2024-12-21T04:37:37.607+0000] {dag.py:3340} INFO - Setting next_dagrun for example_trigger_controller_dag to 2021-01-01T00:00:00+00:00, run_after=2021-01-01T00:00:00+00:00
[2024-12-21T04:37:37.646+0000] {processor.py:176} INFO - Processing /home/airflow/.local/lib/python3.7/site-packages/airflow/example_dags/example_trigger_controller_dag.py took 0.477 seconds
[2024-12-21T04:38:08.171+0000] {processor.py:154} INFO - Started process (PID=121) to work on /home/airflow/.local/lib/python3.7/site-packages/airflow/example_dags/example_trigger_controller_dag.py
[2024-12-21T04:38:08.171+0000] {processor.py:756} INFO - Processing file /home/airflow/.local/lib/python3.7/site-packages/airflow/example_dags/example_trigger_controller_dag.py for tasks to queue
[2024-12-21T04:38:08.172+0000] {logging_mixin.py:120} INFO - [2024-12-21T04:38:08.172+0000] {dagbag.py:537} INFO - Filling up the DagBag from /home/airflow/.local/lib/python3.7/site-packages/airflow/example_dags/example_trigger_controller_dag.py
[2024-12-21T04:38:08.187+0000] {processor.py:766} INFO - DAG(s) dict_keys(['example_trigger_controller_dag']) retrieved from /home/airflow/.local/lib/python3.7/site-packages/airflow/example_dags/example_trigger_controller_dag.py
[2024-12-21T04:38:08.223+0000] {logging_mixin.py:120} INFO - [2024-12-21T04:38:08.223+0000] {dag.py:2585} INFO - Sync 1 DAGs
[2024-12-21T04:38:08.251+0000] {logging_mixin.py:120} INFO - [2024-12-21T04:38:08.251+0000] {dag.py:3340} INFO - Setting next_dagrun for example_trigger_controller_dag to 2021-01-01T00:00:00+00:00, run_after=2021-01-01T00:00:00+00:00
[2024-12-21T04:38:08.273+0000] {processor.py:176} INFO - Processing /home/airflow/.local/lib/python3.7/site-packages/airflow/example_dags/example_trigger_controller_dag.py took 0.105 seconds
[2024-12-21T04:38:38.950+0000] {processor.py:154} INFO - Started process (PID=176) to work on /home/airflow/.local/lib/python3.7/site-packages/airflow/example_dags/example_trigger_controller_dag.py
[2024-12-21T04:38:38.952+0000] {processor.py:756} INFO - Processing file /home/airflow/.local/lib/python3.7/site-packages/airflow/example_dags/example_trigger_controller_dag.py for tasks to queue
[2024-12-21T04:38:38.954+0000] {logging_mixin.py:120} INFO - [2024-12-21T04:38:38.953+0000] {dagbag.py:537} INFO - Filling up the DagBag from /home/airflow/.local/lib/python3.7/site-packages/airflow/example_dags/example_trigger_controller_dag.py
[2024-12-21T04:38:39.016+0000] {processor.py:766} INFO - DAG(s) dict_keys(['example_trigger_controller_dag']) retrieved from /home/airflow/.local/lib/python3.7/site-packages/airflow/example_dags/example_trigger_controller_dag.py
[2024-12-21T04:38:39.109+0000] {logging_mixin.py:120} INFO - [2024-12-21T04:38:39.109+0000] {dag.py:2585} INFO - Sync 1 DAGs
[2024-12-21T04:38:39.174+0000] {logging_mixin.py:120} INFO - [2024-12-21T04:38:39.173+0000] {dag.py:3340} INFO - Setting next_dagrun for example_trigger_controller_dag to 2021-01-01T00:00:00+00:00, run_after=2021-01-01T00:00:00+00:00
[2024-12-21T04:38:39.211+0000] {processor.py:176} INFO - Processing /home/airflow/.local/lib/python3.7/site-packages/airflow/example_dags/example_trigger_controller_dag.py took 0.290 seconds
[2024-12-21T04:39:09.247+0000] {processor.py:154} INFO - Started process (PID=239) to work on /home/airflow/.local/lib/python3.7/site-packages/airflow/example_dags/example_trigger_controller_dag.py
[2024-12-21T04:39:09.248+0000] {processor.py:756} INFO - Processing file /home/airflow/.local/lib/python3.7/site-packages/airflow/example_dags/example_trigger_controller_dag.py for tasks to queue
[2024-12-21T04:39:09.251+0000] {logging_mixin.py:120} INFO - [2024-12-21T04:39:09.251+0000] {dagbag.py:537} INFO - Filling up the DagBag from /home/airflow/.local/lib/python3.7/site-packages/airflow/example_dags/example_trigger_controller_dag.py
[2024-12-21T04:39:09.263+0000] {processor.py:766} INFO - DAG(s) dict_keys(['example_trigger_controller_dag']) retrieved from /home/airflow/.local/lib/python3.7/site-packages/airflow/example_dags/example_trigger_controller_dag.py
[2024-12-21T04:39:09.318+0000] {logging_mixin.py:120} INFO - [2024-12-21T04:39:09.318+0000] {dag.py:2585} INFO - Sync 1 DAGs
[2024-12-21T04:39:09.339+0000] {logging_mixin.py:120} INFO - [2024-12-21T04:39:09.338+0000] {dag.py:3340} INFO - Setting next_dagrun for example_trigger_controller_dag to 2021-01-01T00:00:00+00:00, run_after=2021-01-01T00:00:00+00:00
[2024-12-21T04:39:09.352+0000] {processor.py:176} INFO - Processing /home/airflow/.local/lib/python3.7/site-packages/airflow/example_dags/example_trigger_controller_dag.py took 0.108 seconds
[2024-12-21T04:39:39.714+0000] {processor.py:154} INFO - Started process (PID=302) to work on /home/airflow/.local/lib/python3.7/site-packages/airflow/example_dags/example_trigger_controller_dag.py
[2024-12-21T04:39:39.718+0000] {processor.py:756} INFO - Processing file /home/airflow/.local/lib/python3.7/site-packages/airflow/example_dags/example_trigger_controller_dag.py for tasks to queue
[2024-12-21T04:39:39.721+0000] {logging_mixin.py:120} INFO - [2024-12-21T04:39:39.720+0000] {dagbag.py:537} INFO - Filling up the DagBag from /home/airflow/.local/lib/python3.7/site-packages/airflow/example_dags/example_trigger_controller_dag.py
[2024-12-21T04:39:39.730+0000] {processor.py:766} INFO - DAG(s) dict_keys(['example_trigger_controller_dag']) retrieved from /home/airflow/.local/lib/python3.7/site-packages/airflow/example_dags/example_trigger_controller_dag.py
[2024-12-21T04:39:39.764+0000] {logging_mixin.py:120} INFO - [2024-12-21T04:39:39.764+0000] {dag.py:2585} INFO - Sync 1 DAGs
[2024-12-21T04:39:39.784+0000] {logging_mixin.py:120} INFO - [2024-12-21T04:39:39.784+0000] {dag.py:3340} INFO - Setting next_dagrun for example_trigger_controller_dag to 2021-01-01T00:00:00+00:00, run_after=2021-01-01T00:00:00+00:00
[2024-12-21T04:39:39.796+0000] {processor.py:176} INFO - Processing /home/airflow/.local/lib/python3.7/site-packages/airflow/example_dags/example_trigger_controller_dag.py took 0.085 seconds
[2024-12-21T04:40:10.724+0000] {processor.py:154} INFO - Started process (PID=356) to work on /home/airflow/.local/lib/python3.7/site-packages/airflow/example_dags/example_trigger_controller_dag.py
[2024-12-21T04:40:10.726+0000] {processor.py:756} INFO - Processing file /home/airflow/.local/lib/python3.7/site-packages/airflow/example_dags/example_trigger_controller_dag.py for tasks to queue
[2024-12-21T04:40:10.728+0000] {logging_mixin.py:120} INFO - [2024-12-21T04:40:10.728+0000] {dagbag.py:537} INFO - Filling up the DagBag from /home/airflow/.local/lib/python3.7/site-packages/airflow/example_dags/example_trigger_controller_dag.py
[2024-12-21T04:40:10.736+0000] {processor.py:766} INFO - DAG(s) dict_keys(['example_trigger_controller_dag']) retrieved from /home/airflow/.local/lib/python3.7/site-packages/airflow/example_dags/example_trigger_controller_dag.py
[2024-12-21T04:40:10.771+0000] {logging_mixin.py:120} INFO - [2024-12-21T04:40:10.771+0000] {dag.py:2585} INFO - Sync 1 DAGs
[2024-12-21T04:40:10.792+0000] {logging_mixin.py:120} INFO - [2024-12-21T04:40:10.792+0000] {dag.py:3340} INFO - Setting next_dagrun for example_trigger_controller_dag to 2021-01-01T00:00:00+00:00, run_after=2021-01-01T00:00:00+00:00
[2024-12-21T04:40:10.807+0000] {processor.py:176} INFO - Processing /home/airflow/.local/lib/python3.7/site-packages/airflow/example_dags/example_trigger_controller_dag.py took 0.086 seconds
[2024-12-21T04:40:41.577+0000] {processor.py:154} INFO - Started process (PID=419) to work on /home/airflow/.local/lib/python3.7/site-packages/airflow/example_dags/example_trigger_controller_dag.py
[2024-12-21T04:40:41.578+0000] {processor.py:756} INFO - Processing file /home/airflow/.local/lib/python3.7/site-packages/airflow/example_dags/example_trigger_controller_dag.py for tasks to queue
[2024-12-21T04:40:41.578+0000] {logging_mixin.py:120} INFO - [2024-12-21T04:40:41.578+0000] {dagbag.py:537} INFO - Filling up the DagBag from /home/airflow/.local/lib/python3.7/site-packages/airflow/example_dags/example_trigger_controller_dag.py
[2024-12-21T04:40:41.586+0000] {processor.py:766} INFO - DAG(s) dict_keys(['example_trigger_controller_dag']) retrieved from /home/airflow/.local/lib/python3.7/site-packages/airflow/example_dags/example_trigger_controller_dag.py
[2024-12-21T04:40:41.621+0000] {logging_mixin.py:120} INFO - [2024-12-21T04:40:41.620+0000] {dag.py:2585} INFO - Sync 1 DAGs
[2024-12-21T04:40:41.641+0000] {logging_mixin.py:120} INFO - [2024-12-21T04:40:41.641+0000] {dag.py:3340} INFO - Setting next_dagrun for example_trigger_controller_dag to 2021-01-01T00:00:00+00:00, run_after=2021-01-01T00:00:00+00:00
[2024-12-21T04:40:41.654+0000] {processor.py:176} INFO - Processing /home/airflow/.local/lib/python3.7/site-packages/airflow/example_dags/example_trigger_controller_dag.py took 0.081 seconds
[2024-12-21T04:41:11.862+0000] {processor.py:154} INFO - Started process (PID=482) to work on /home/airflow/.local/lib/python3.7/site-packages/airflow/example_dags/example_trigger_controller_dag.py
[2024-12-21T04:41:11.864+0000] {processor.py:756} INFO - Processing file /home/airflow/.local/lib/python3.7/site-packages/airflow/example_dags/example_trigger_controller_dag.py for tasks to queue
[2024-12-21T04:41:11.865+0000] {logging_mixin.py:120} INFO - [2024-12-21T04:41:11.865+0000] {dagbag.py:537} INFO - Filling up the DagBag from /home/airflow/.local/lib/python3.7/site-packages/airflow/example_dags/example_trigger_controller_dag.py
[2024-12-21T04:41:11.876+0000] {processor.py:766} INFO - DAG(s) dict_keys(['example_trigger_controller_dag']) retrieved from /home/airflow/.local/lib/python3.7/site-packages/airflow/example_dags/example_trigger_controller_dag.py
[2024-12-21T04:41:11.913+0000] {logging_mixin.py:120} INFO - [2024-12-21T04:41:11.913+0000] {dag.py:2585} INFO - Sync 1 DAGs
[2024-12-21T04:41:11.934+0000] {logging_mixin.py:120} INFO - [2024-12-21T04:41:11.934+0000] {dag.py:3340} INFO - Setting next_dagrun for example_trigger_controller_dag to 2021-01-01T00:00:00+00:00, run_after=2021-01-01T00:00:00+00:00
[2024-12-21T04:41:11.950+0000] {processor.py:176} INFO - Processing /home/airflow/.local/lib/python3.7/site-packages/airflow/example_dags/example_trigger_controller_dag.py took 0.091 seconds
[2024-12-21T04:41:42.285+0000] {processor.py:154} INFO - Started process (PID=543) to work on /home/airflow/.local/lib/python3.7/site-packages/airflow/example_dags/example_trigger_controller_dag.py
[2024-12-21T04:41:42.286+0000] {processor.py:756} INFO - Processing file /home/airflow/.local/lib/python3.7/site-packages/airflow/example_dags/example_trigger_controller_dag.py for tasks to queue
[2024-12-21T04:41:42.290+0000] {logging_mixin.py:120} INFO - [2024-12-21T04:41:42.289+0000] {dagbag.py:537} INFO - Filling up the DagBag from /home/airflow/.local/lib/python3.7/site-packages/airflow/example_dags/example_trigger_controller_dag.py
[2024-12-21T04:41:42.300+0000] {processor.py:766} INFO - DAG(s) dict_keys(['example_trigger_controller_dag']) retrieved from /home/airflow/.local/lib/python3.7/site-packages/airflow/example_dags/example_trigger_controller_dag.py
[2024-12-21T04:41:42.343+0000] {logging_mixin.py:120} INFO - [2024-12-21T04:41:42.343+0000] {dag.py:2585} INFO - Sync 1 DAGs
[2024-12-21T04:41:42.365+0000] {logging_mixin.py:120} INFO - [2024-12-21T04:41:42.365+0000] {dag.py:3340} INFO - Setting next_dagrun for example_trigger_controller_dag to 2021-01-01T00:00:00+00:00, run_after=2021-01-01T00:00:00+00:00
[2024-12-21T04:41:42.381+0000] {processor.py:176} INFO - Processing /home/airflow/.local/lib/python3.7/site-packages/airflow/example_dags/example_trigger_controller_dag.py took 0.099 seconds
[2024-12-21T04:42:12.769+0000] {processor.py:154} INFO - Started process (PID=599) to work on /home/airflow/.local/lib/python3.7/site-packages/airflow/example_dags/example_trigger_controller_dag.py
[2024-12-21T04:42:12.770+0000] {processor.py:756} INFO - Processing file /home/airflow/.local/lib/python3.7/site-packages/airflow/example_dags/example_trigger_controller_dag.py for tasks to queue
[2024-12-21T04:42:12.771+0000] {logging_mixin.py:120} INFO - [2024-12-21T04:42:12.771+0000] {dagbag.py:537} INFO - Filling up the DagBag from /home/airflow/.local/lib/python3.7/site-packages/airflow/example_dags/example_trigger_controller_dag.py
[2024-12-21T04:42:12.780+0000] {processor.py:766} INFO - DAG(s) dict_keys(['example_trigger_controller_dag']) retrieved from /home/airflow/.local/lib/python3.7/site-packages/airflow/example_dags/example_trigger_controller_dag.py
[2024-12-21T04:42:12.812+0000] {logging_mixin.py:120} INFO - [2024-12-21T04:42:12.812+0000] {dag.py:2585} INFO - Sync 1 DAGs
[2024-12-21T04:42:12.836+0000] {logging_mixin.py:120} INFO - [2024-12-21T04:42:12.835+0000] {dag.py:3340} INFO - Setting next_dagrun for example_trigger_controller_dag to 2021-01-01T00:00:00+00:00, run_after=2021-01-01T00:00:00+00:00
[2024-12-21T04:42:12.849+0000] {processor.py:176} INFO - Processing /home/airflow/.local/lib/python3.7/site-packages/airflow/example_dags/example_trigger_controller_dag.py took 0.082 seconds
[2024-12-21T04:42:43.307+0000] {processor.py:154} INFO - Started process (PID=662) to work on /home/airflow/.local/lib/python3.7/site-packages/airflow/example_dags/example_trigger_controller_dag.py
[2024-12-21T04:42:43.307+0000] {processor.py:756} INFO - Processing file /home/airflow/.local/lib/python3.7/site-packages/airflow/example_dags/example_trigger_controller_dag.py for tasks to queue
[2024-12-21T04:42:43.308+0000] {logging_mixin.py:120} INFO - [2024-12-21T04:42:43.308+0000] {dagbag.py:537} INFO - Filling up the DagBag from /home/airflow/.local/lib/python3.7/site-packages/airflow/example_dags/example_trigger_controller_dag.py
[2024-12-21T04:42:43.319+0000] {processor.py:766} INFO - DAG(s) dict_keys(['example_trigger_controller_dag']) retrieved from /home/airflow/.local/lib/python3.7/site-packages/airflow/example_dags/example_trigger_controller_dag.py
[2024-12-21T04:42:43.356+0000] {logging_mixin.py:120} INFO - [2024-12-21T04:42:43.356+0000] {dag.py:2585} INFO - Sync 1 DAGs
[2024-12-21T04:42:43.381+0000] {logging_mixin.py:120} INFO - [2024-12-21T04:42:43.380+0000] {dag.py:3340} INFO - Setting next_dagrun for example_trigger_controller_dag to 2021-01-01T00:00:00+00:00, run_after=2021-01-01T00:00:00+00:00
[2024-12-21T04:42:43.398+0000] {processor.py:176} INFO - Processing /home/airflow/.local/lib/python3.7/site-packages/airflow/example_dags/example_trigger_controller_dag.py took 0.095 seconds
[2024-12-21T04:43:14.002+0000] {processor.py:154} INFO - Started process (PID=725) to work on /home/airflow/.local/lib/python3.7/site-packages/airflow/example_dags/example_trigger_controller_dag.py
[2024-12-21T04:43:14.004+0000] {processor.py:756} INFO - Processing file /home/airflow/.local/lib/python3.7/site-packages/airflow/example_dags/example_trigger_controller_dag.py for tasks to queue
[2024-12-21T04:43:14.007+0000] {logging_mixin.py:120} INFO - [2024-12-21T04:43:14.007+0000] {dagbag.py:537} INFO - Filling up the DagBag from /home/airflow/.local/lib/python3.7/site-packages/airflow/example_dags/example_trigger_controller_dag.py
[2024-12-21T04:43:14.019+0000] {processor.py:766} INFO - DAG(s) dict_keys(['example_trigger_controller_dag']) retrieved from /home/airflow/.local/lib/python3.7/site-packages/airflow/example_dags/example_trigger_controller_dag.py
[2024-12-21T04:43:14.069+0000] {logging_mixin.py:120} INFO - [2024-12-21T04:43:14.069+0000] {dag.py:2585} INFO - Sync 1 DAGs
[2024-12-21T04:43:14.088+0000] {logging_mixin.py:120} INFO - [2024-12-21T04:43:14.088+0000] {dag.py:3340} INFO - Setting next_dagrun for example_trigger_controller_dag to 2021-01-01T00:00:00+00:00, run_after=2021-01-01T00:00:00+00:00
[2024-12-21T04:43:14.101+0000] {processor.py:176} INFO - Processing /home/airflow/.local/lib/python3.7/site-packages/airflow/example_dags/example_trigger_controller_dag.py took 0.102 seconds
[2024-12-21T04:43:44.474+0000] {processor.py:154} INFO - Started process (PID=779) to work on /home/airflow/.local/lib/python3.7/site-packages/airflow/example_dags/example_trigger_controller_dag.py
[2024-12-21T04:43:44.475+0000] {processor.py:756} INFO - Processing file /home/airflow/.local/lib/python3.7/site-packages/airflow/example_dags/example_trigger_controller_dag.py for tasks to queue
[2024-12-21T04:43:44.475+0000] {logging_mixin.py:120} INFO - [2024-12-21T04:43:44.475+0000] {dagbag.py:537} INFO - Filling up the DagBag from /home/airflow/.local/lib/python3.7/site-packages/airflow/example_dags/example_trigger_controller_dag.py
[2024-12-21T04:43:44.484+0000] {processor.py:766} INFO - DAG(s) dict_keys(['example_trigger_controller_dag']) retrieved from /home/airflow/.local/lib/python3.7/site-packages/airflow/example_dags/example_trigger_controller_dag.py
[2024-12-21T04:43:44.514+0000] {logging_mixin.py:120} INFO - [2024-12-21T04:43:44.514+0000] {dag.py:2585} INFO - Sync 1 DAGs
[2024-12-21T04:43:44.534+0000] {logging_mixin.py:120} INFO - [2024-12-21T04:43:44.534+0000] {dag.py:3340} INFO - Setting next_dagrun for example_trigger_controller_dag to 2021-01-01T00:00:00+00:00, run_after=2021-01-01T00:00:00+00:00
[2024-12-21T04:43:44.548+0000] {processor.py:176} INFO - Processing /home/airflow/.local/lib/python3.7/site-packages/airflow/example_dags/example_trigger_controller_dag.py took 0.077 seconds
[2024-12-21T04:44:15.570+0000] {processor.py:154} INFO - Started process (PID=842) to work on /home/airflow/.local/lib/python3.7/site-packages/airflow/example_dags/example_trigger_controller_dag.py
[2024-12-21T04:44:15.571+0000] {processor.py:756} INFO - Processing file /home/airflow/.local/lib/python3.7/site-packages/airflow/example_dags/example_trigger_controller_dag.py for tasks to queue
[2024-12-21T04:44:15.571+0000] {logging_mixin.py:120} INFO - [2024-12-21T04:44:15.571+0000] {dagbag.py:537} INFO - Filling up the DagBag from /home/airflow/.local/lib/python3.7/site-packages/airflow/example_dags/example_trigger_controller_dag.py
[2024-12-21T04:44:15.581+0000] {processor.py:766} INFO - DAG(s) dict_keys(['example_trigger_controller_dag']) retrieved from /home/airflow/.local/lib/python3.7/site-packages/airflow/example_dags/example_trigger_controller_dag.py
[2024-12-21T04:44:15.612+0000] {logging_mixin.py:120} INFO - [2024-12-21T04:44:15.612+0000] {dag.py:2585} INFO - Sync 1 DAGs
[2024-12-21T04:44:15.631+0000] {logging_mixin.py:120} INFO - [2024-12-21T04:44:15.631+0000] {dag.py:3340} INFO - Setting next_dagrun for example_trigger_controller_dag to 2021-01-01T00:00:00+00:00, run_after=2021-01-01T00:00:00+00:00
[2024-12-21T04:44:15.644+0000] {processor.py:176} INFO - Processing /home/airflow/.local/lib/python3.7/site-packages/airflow/example_dags/example_trigger_controller_dag.py took 0.077 seconds
[2024-12-21T04:44:47.865+0000] {processor.py:154} INFO - Started process (PID=905) to work on /home/airflow/.local/lib/python3.7/site-packages/airflow/example_dags/example_trigger_controller_dag.py
[2024-12-21T04:44:47.866+0000] {processor.py:756} INFO - Processing file /home/airflow/.local/lib/python3.7/site-packages/airflow/example_dags/example_trigger_controller_dag.py for tasks to queue
[2024-12-21T04:44:47.867+0000] {logging_mixin.py:120} INFO - [2024-12-21T04:44:47.867+0000] {dagbag.py:537} INFO - Filling up the DagBag from /home/airflow/.local/lib/python3.7/site-packages/airflow/example_dags/example_trigger_controller_dag.py
[2024-12-21T04:44:47.879+0000] {processor.py:766} INFO - DAG(s) dict_keys(['example_trigger_controller_dag']) retrieved from /home/airflow/.local/lib/python3.7/site-packages/airflow/example_dags/example_trigger_controller_dag.py
[2024-12-21T04:44:47.926+0000] {logging_mixin.py:120} INFO - [2024-12-21T04:44:47.925+0000] {dag.py:2585} INFO - Sync 1 DAGs
[2024-12-21T04:44:47.956+0000] {logging_mixin.py:120} INFO - [2024-12-21T04:44:47.955+0000] {dag.py:3340} INFO - Setting next_dagrun for example_trigger_controller_dag to 2021-01-01T00:00:00+00:00, run_after=2021-01-01T00:00:00+00:00
[2024-12-21T04:44:47.975+0000] {processor.py:176} INFO - Processing /home/airflow/.local/lib/python3.7/site-packages/airflow/example_dags/example_trigger_controller_dag.py took 0.114 seconds
[2024-12-21T04:45:18.446+0000] {processor.py:154} INFO - Started process (PID=959) to work on /home/airflow/.local/lib/python3.7/site-packages/airflow/example_dags/example_trigger_controller_dag.py
[2024-12-21T04:45:18.447+0000] {processor.py:756} INFO - Processing file /home/airflow/.local/lib/python3.7/site-packages/airflow/example_dags/example_trigger_controller_dag.py for tasks to queue
[2024-12-21T04:45:18.448+0000] {logging_mixin.py:120} INFO - [2024-12-21T04:45:18.448+0000] {dagbag.py:537} INFO - Filling up the DagBag from /home/airflow/.local/lib/python3.7/site-packages/airflow/example_dags/example_trigger_controller_dag.py
[2024-12-21T04:45:18.457+0000] {processor.py:766} INFO - DAG(s) dict_keys(['example_trigger_controller_dag']) retrieved from /home/airflow/.local/lib/python3.7/site-packages/airflow/example_dags/example_trigger_controller_dag.py
[2024-12-21T04:45:18.495+0000] {logging_mixin.py:120} INFO - [2024-12-21T04:45:18.495+0000] {dag.py:2585} INFO - Sync 1 DAGs
[2024-12-21T04:45:18.515+0000] {logging_mixin.py:120} INFO - [2024-12-21T04:45:18.515+0000] {dag.py:3340} INFO - Setting next_dagrun for example_trigger_controller_dag to 2021-01-01T00:00:00+00:00, run_after=2021-01-01T00:00:00+00:00
[2024-12-21T04:45:18.529+0000] {processor.py:176} INFO - Processing /home/airflow/.local/lib/python3.7/site-packages/airflow/example_dags/example_trigger_controller_dag.py took 0.087 seconds
[2024-12-21T04:45:49.184+0000] {processor.py:154} INFO - Started process (PID=1022) to work on /home/airflow/.local/lib/python3.7/site-packages/airflow/example_dags/example_trigger_controller_dag.py
[2024-12-21T04:45:49.184+0000] {processor.py:756} INFO - Processing file /home/airflow/.local/lib/python3.7/site-packages/airflow/example_dags/example_trigger_controller_dag.py for tasks to queue
[2024-12-21T04:45:49.186+0000] {logging_mixin.py:120} INFO - [2024-12-21T04:45:49.186+0000] {dagbag.py:537} INFO - Filling up the DagBag from /home/airflow/.local/lib/python3.7/site-packages/airflow/example_dags/example_trigger_controller_dag.py
[2024-12-21T04:45:49.195+0000] {processor.py:766} INFO - DAG(s) dict_keys(['example_trigger_controller_dag']) retrieved from /home/airflow/.local/lib/python3.7/site-packages/airflow/example_dags/example_trigger_controller_dag.py
[2024-12-21T04:45:49.229+0000] {logging_mixin.py:120} INFO - [2024-12-21T04:45:49.229+0000] {dag.py:2585} INFO - Sync 1 DAGs
[2024-12-21T04:45:49.248+0000] {logging_mixin.py:120} INFO - [2024-12-21T04:45:49.248+0000] {dag.py:3340} INFO - Setting next_dagrun for example_trigger_controller_dag to 2021-01-01T00:00:00+00:00, run_after=2021-01-01T00:00:00+00:00
[2024-12-21T04:45:49.262+0000] {processor.py:176} INFO - Processing /home/airflow/.local/lib/python3.7/site-packages/airflow/example_dags/example_trigger_controller_dag.py took 0.081 seconds
[2024-12-21T04:46:19.382+0000] {processor.py:154} INFO - Started process (PID=1085) to work on /home/airflow/.local/lib/python3.7/site-packages/airflow/example_dags/example_trigger_controller_dag.py
[2024-12-21T04:46:19.383+0000] {processor.py:756} INFO - Processing file /home/airflow/.local/lib/python3.7/site-packages/airflow/example_dags/example_trigger_controller_dag.py for tasks to queue
[2024-12-21T04:46:19.383+0000] {logging_mixin.py:120} INFO - [2024-12-21T04:46:19.383+0000] {dagbag.py:537} INFO - Filling up the DagBag from /home/airflow/.local/lib/python3.7/site-packages/airflow/example_dags/example_trigger_controller_dag.py
[2024-12-21T04:46:19.393+0000] {processor.py:766} INFO - DAG(s) dict_keys(['example_trigger_controller_dag']) retrieved from /home/airflow/.local/lib/python3.7/site-packages/airflow/example_dags/example_trigger_controller_dag.py
[2024-12-21T04:46:19.438+0000] {logging_mixin.py:120} INFO - [2024-12-21T04:46:19.438+0000] {dag.py:2585} INFO - Sync 1 DAGs
[2024-12-21T04:46:19.465+0000] {logging_mixin.py:120} INFO - [2024-12-21T04:46:19.465+0000] {dag.py:3340} INFO - Setting next_dagrun for example_trigger_controller_dag to 2021-01-01T00:00:00+00:00, run_after=2021-01-01T00:00:00+00:00
[2024-12-21T04:46:19.488+0000] {processor.py:176} INFO - Processing /home/airflow/.local/lib/python3.7/site-packages/airflow/example_dags/example_trigger_controller_dag.py took 0.110 seconds
[2024-12-21T04:46:49.600+0000] {processor.py:154} INFO - Started process (PID=1139) to work on /home/airflow/.local/lib/python3.7/site-packages/airflow/example_dags/example_trigger_controller_dag.py
[2024-12-21T04:46:49.601+0000] {processor.py:756} INFO - Processing file /home/airflow/.local/lib/python3.7/site-packages/airflow/example_dags/example_trigger_controller_dag.py for tasks to queue
[2024-12-21T04:46:49.601+0000] {logging_mixin.py:120} INFO - [2024-12-21T04:46:49.601+0000] {dagbag.py:537} INFO - Filling up the DagBag from /home/airflow/.local/lib/python3.7/site-packages/airflow/example_dags/example_trigger_controller_dag.py
[2024-12-21T04:46:49.610+0000] {processor.py:766} INFO - DAG(s) dict_keys(['example_trigger_controller_dag']) retrieved from /home/airflow/.local/lib/python3.7/site-packages/airflow/example_dags/example_trigger_controller_dag.py
[2024-12-21T04:46:49.641+0000] {logging_mixin.py:120} INFO - [2024-12-21T04:46:49.641+0000] {dag.py:2585} INFO - Sync 1 DAGs
[2024-12-21T04:46:49.660+0000] {logging_mixin.py:120} INFO - [2024-12-21T04:46:49.660+0000] {dag.py:3340} INFO - Setting next_dagrun for example_trigger_controller_dag to 2021-01-01T00:00:00+00:00, run_after=2021-01-01T00:00:00+00:00
[2024-12-21T04:46:49.675+0000] {processor.py:176} INFO - Processing /home/airflow/.local/lib/python3.7/site-packages/airflow/example_dags/example_trigger_controller_dag.py took 0.078 seconds
[2024-12-21T04:47:20.050+0000] {processor.py:154} INFO - Started process (PID=1202) to work on /home/airflow/.local/lib/python3.7/site-packages/airflow/example_dags/example_trigger_controller_dag.py
[2024-12-21T04:47:20.051+0000] {processor.py:756} INFO - Processing file /home/airflow/.local/lib/python3.7/site-packages/airflow/example_dags/example_trigger_controller_dag.py for tasks to queue
[2024-12-21T04:47:20.053+0000] {logging_mixin.py:120} INFO - [2024-12-21T04:47:20.053+0000] {dagbag.py:537} INFO - Filling up the DagBag from /home/airflow/.local/lib/python3.7/site-packages/airflow/example_dags/example_trigger_controller_dag.py
[2024-12-21T04:47:20.062+0000] {processor.py:766} INFO - DAG(s) dict_keys(['example_trigger_controller_dag']) retrieved from /home/airflow/.local/lib/python3.7/site-packages/airflow/example_dags/example_trigger_controller_dag.py
[2024-12-21T04:47:20.092+0000] {logging_mixin.py:120} INFO - [2024-12-21T04:47:20.092+0000] {dag.py:2585} INFO - Sync 1 DAGs
[2024-12-21T04:47:20.114+0000] {logging_mixin.py:120} INFO - [2024-12-21T04:47:20.114+0000] {dag.py:3340} INFO - Setting next_dagrun for example_trigger_controller_dag to 2021-01-01T00:00:00+00:00, run_after=2021-01-01T00:00:00+00:00
[2024-12-21T04:47:20.130+0000] {processor.py:176} INFO - Processing /home/airflow/.local/lib/python3.7/site-packages/airflow/example_dags/example_trigger_controller_dag.py took 0.082 seconds
[2024-12-21T04:47:50.626+0000] {processor.py:154} INFO - Started process (PID=1265) to work on /home/airflow/.local/lib/python3.7/site-packages/airflow/example_dags/example_trigger_controller_dag.py
[2024-12-21T04:47:50.627+0000] {processor.py:756} INFO - Processing file /home/airflow/.local/lib/python3.7/site-packages/airflow/example_dags/example_trigger_controller_dag.py for tasks to queue
[2024-12-21T04:47:50.628+0000] {logging_mixin.py:120} INFO - [2024-12-21T04:47:50.628+0000] {dagbag.py:537} INFO - Filling up the DagBag from /home/airflow/.local/lib/python3.7/site-packages/airflow/example_dags/example_trigger_controller_dag.py
[2024-12-21T04:47:50.638+0000] {processor.py:766} INFO - DAG(s) dict_keys(['example_trigger_controller_dag']) retrieved from /home/airflow/.local/lib/python3.7/site-packages/airflow/example_dags/example_trigger_controller_dag.py
[2024-12-21T04:47:50.700+0000] {logging_mixin.py:120} INFO - [2024-12-21T04:47:50.699+0000] {dag.py:2585} INFO - Sync 1 DAGs
[2024-12-21T04:47:50.736+0000] {logging_mixin.py:120} INFO - [2024-12-21T04:47:50.735+0000] {dag.py:3340} INFO - Setting next_dagrun for example_trigger_controller_dag to 2021-01-01T00:00:00+00:00, run_after=2021-01-01T00:00:00+00:00
[2024-12-21T04:47:50.769+0000] {processor.py:176} INFO - Processing /home/airflow/.local/lib/python3.7/site-packages/airflow/example_dags/example_trigger_controller_dag.py took 0.145 seconds
[2024-12-21T04:48:21.037+0000] {processor.py:154} INFO - Started process (PID=1328) to work on /home/airflow/.local/lib/python3.7/site-packages/airflow/example_dags/example_trigger_controller_dag.py
[2024-12-21T04:48:21.041+0000] {processor.py:756} INFO - Processing file /home/airflow/.local/lib/python3.7/site-packages/airflow/example_dags/example_trigger_controller_dag.py for tasks to queue
[2024-12-21T04:48:21.042+0000] {logging_mixin.py:120} INFO - [2024-12-21T04:48:21.042+0000] {dagbag.py:537} INFO - Filling up the DagBag from /home/airflow/.local/lib/python3.7/site-packages/airflow/example_dags/example_trigger_controller_dag.py
[2024-12-21T04:48:21.058+0000] {processor.py:766} INFO - DAG(s) dict_keys(['example_trigger_controller_dag']) retrieved from /home/airflow/.local/lib/python3.7/site-packages/airflow/example_dags/example_trigger_controller_dag.py
[2024-12-21T04:48:21.124+0000] {logging_mixin.py:120} INFO - [2024-12-21T04:48:21.124+0000] {dag.py:2585} INFO - Sync 1 DAGs
[2024-12-21T04:48:21.165+0000] {logging_mixin.py:120} INFO - [2024-12-21T04:48:21.164+0000] {dag.py:3340} INFO - Setting next_dagrun for example_trigger_controller_dag to 2021-01-01T00:00:00+00:00, run_after=2021-01-01T00:00:00+00:00
[2024-12-21T04:48:21.199+0000] {processor.py:176} INFO - Processing /home/airflow/.local/lib/python3.7/site-packages/airflow/example_dags/example_trigger_controller_dag.py took 0.167 seconds
[2024-12-21T04:48:52.023+0000] {processor.py:154} INFO - Started process (PID=1382) to work on /home/airflow/.local/lib/python3.7/site-packages/airflow/example_dags/example_trigger_controller_dag.py
[2024-12-21T04:48:52.023+0000] {processor.py:756} INFO - Processing file /home/airflow/.local/lib/python3.7/site-packages/airflow/example_dags/example_trigger_controller_dag.py for tasks to queue
[2024-12-21T04:48:52.024+0000] {logging_mixin.py:120} INFO - [2024-12-21T04:48:52.024+0000] {dagbag.py:537} INFO - Filling up the DagBag from /home/airflow/.local/lib/python3.7/site-packages/airflow/example_dags/example_trigger_controller_dag.py
[2024-12-21T04:48:52.034+0000] {processor.py:766} INFO - DAG(s) dict_keys(['example_trigger_controller_dag']) retrieved from /home/airflow/.local/lib/python3.7/site-packages/airflow/example_dags/example_trigger_controller_dag.py
[2024-12-21T04:48:52.070+0000] {logging_mixin.py:120} INFO - [2024-12-21T04:48:52.070+0000] {dag.py:2585} INFO - Sync 1 DAGs
[2024-12-21T04:48:52.090+0000] {logging_mixin.py:120} INFO - [2024-12-21T04:48:52.090+0000] {dag.py:3340} INFO - Setting next_dagrun for example_trigger_controller_dag to 2021-01-01T00:00:00+00:00, run_after=2021-01-01T00:00:00+00:00
[2024-12-21T04:48:52.110+0000] {processor.py:176} INFO - Processing /home/airflow/.local/lib/python3.7/site-packages/airflow/example_dags/example_trigger_controller_dag.py took 0.090 seconds
[2024-12-21T04:49:22.721+0000] {processor.py:154} INFO - Started process (PID=1445) to work on /home/airflow/.local/lib/python3.7/site-packages/airflow/example_dags/example_trigger_controller_dag.py
[2024-12-21T04:49:22.722+0000] {processor.py:756} INFO - Processing file /home/airflow/.local/lib/python3.7/site-packages/airflow/example_dags/example_trigger_controller_dag.py for tasks to queue
[2024-12-21T04:49:22.723+0000] {logging_mixin.py:120} INFO - [2024-12-21T04:49:22.723+0000] {dagbag.py:537} INFO - Filling up the DagBag from /home/airflow/.local/lib/python3.7/site-packages/airflow/example_dags/example_trigger_controller_dag.py
[2024-12-21T04:49:22.732+0000] {processor.py:766} INFO - DAG(s) dict_keys(['example_trigger_controller_dag']) retrieved from /home/airflow/.local/lib/python3.7/site-packages/airflow/example_dags/example_trigger_controller_dag.py
[2024-12-21T04:49:22.762+0000] {logging_mixin.py:120} INFO - [2024-12-21T04:49:22.762+0000] {dag.py:2585} INFO - Sync 1 DAGs
[2024-12-21T04:49:22.787+0000] {logging_mixin.py:120} INFO - [2024-12-21T04:49:22.787+0000] {dag.py:3340} INFO - Setting next_dagrun for example_trigger_controller_dag to 2021-01-01T00:00:00+00:00, run_after=2021-01-01T00:00:00+00:00
[2024-12-21T04:49:22.801+0000] {processor.py:176} INFO - Processing /home/airflow/.local/lib/python3.7/site-packages/airflow/example_dags/example_trigger_controller_dag.py took 0.082 seconds
