[2024-12-21T04:37:33.753+0000] {processor.py:154} INFO - Started process (PID=47) to work on /home/airflow/.local/lib/python3.7/site-packages/airflow/example_dags/example_external_task_marker_dag.py
[2024-12-21T04:37:33.757+0000] {processor.py:756} INFO - Processing file /home/airflow/.local/lib/python3.7/site-packages/airflow/example_dags/example_external_task_marker_dag.py for tasks to queue
[2024-12-21T04:37:33.763+0000] {logging_mixin.py:120} INFO - [2024-12-21T04:37:33.763+0000] {dagbag.py:537} INFO - Filling up the DagBag from /home/airflow/.local/lib/python3.7/site-packages/airflow/example_dags/example_external_task_marker_dag.py
[2024-12-21T04:37:33.862+0000] {processor.py:766} INFO - DAG(s) dict_keys(['example_external_task_marker_child', 'example_external_task_marker_parent']) retrieved from /home/airflow/.local/lib/python3.7/site-packages/airflow/example_dags/example_external_task_marker_dag.py
[2024-12-21T04:37:34.533+0000] {logging_mixin.py:120} INFO - [2024-12-21T04:37:34.528+0000] {manager.py:507} INFO - Created Permission View: can delete on DAG:example_external_task_marker_child
[2024-12-21T04:37:34.568+0000] {logging_mixin.py:120} INFO - [2024-12-21T04:37:34.568+0000] {manager.py:507} INFO - Created Permission View: can edit on DAG:example_external_task_marker_child
[2024-12-21T04:37:34.586+0000] {logging_mixin.py:120} INFO - [2024-12-21T04:37:34.586+0000] {manager.py:507} INFO - Created Permission View: can read on DAG:example_external_task_marker_child
[2024-12-21T04:37:34.611+0000] {logging_mixin.py:120} INFO - [2024-12-21T04:37:34.610+0000] {manager.py:507} INFO - Created Permission View: can delete on DAG:example_external_task_marker_parent
[2024-12-21T04:37:34.628+0000] {logging_mixin.py:120} INFO - [2024-12-21T04:37:34.627+0000] {manager.py:507} INFO - Created Permission View: can edit on DAG:example_external_task_marker_parent
[2024-12-21T04:37:34.653+0000] {logging_mixin.py:120} INFO - [2024-12-21T04:37:34.652+0000] {manager.py:507} INFO - Created Permission View: can read on DAG:example_external_task_marker_parent
[2024-12-21T04:37:34.653+0000] {logging_mixin.py:120} INFO - [2024-12-21T04:37:34.653+0000] {dag.py:2585} INFO - Sync 2 DAGs
[2024-12-21T04:37:34.677+0000] {logging_mixin.py:120} INFO - [2024-12-21T04:37:34.677+0000] {dag.py:2606} INFO - Creating ORM DAG for example_external_task_marker_child
[2024-12-21T04:37:34.678+0000] {logging_mixin.py:120} INFO - [2024-12-21T04:37:34.678+0000] {dag.py:2606} INFO - Creating ORM DAG for example_external_task_marker_parent
[2024-12-21T04:37:34.702+0000] {logging_mixin.py:120} INFO - [2024-12-21T04:37:34.701+0000] {dag.py:3340} INFO - Setting next_dagrun for example_external_task_marker_child to None, run_after=None
[2024-12-21T04:37:34.704+0000] {logging_mixin.py:120} INFO - [2024-12-21T04:37:34.704+0000] {dag.py:3340} INFO - Setting next_dagrun for example_external_task_marker_parent to None, run_after=None
[2024-12-21T04:37:34.745+0000] {processor.py:176} INFO - Processing /home/airflow/.local/lib/python3.7/site-packages/airflow/example_dags/example_external_task_marker_dag.py took 1.004 seconds
[2024-12-21T04:38:05.004+0000] {processor.py:154} INFO - Started process (PID=101) to work on /home/airflow/.local/lib/python3.7/site-packages/airflow/example_dags/example_external_task_marker_dag.py
[2024-12-21T04:38:05.006+0000] {processor.py:756} INFO - Processing file /home/airflow/.local/lib/python3.7/site-packages/airflow/example_dags/example_external_task_marker_dag.py for tasks to queue
[2024-12-21T04:38:05.007+0000] {logging_mixin.py:120} INFO - [2024-12-21T04:38:05.006+0000] {dagbag.py:537} INFO - Filling up the DagBag from /home/airflow/.local/lib/python3.7/site-packages/airflow/example_dags/example_external_task_marker_dag.py
[2024-12-21T04:38:05.028+0000] {processor.py:766} INFO - DAG(s) dict_keys(['example_external_task_marker_child', 'example_external_task_marker_parent']) retrieved from /home/airflow/.local/lib/python3.7/site-packages/airflow/example_dags/example_external_task_marker_dag.py
[2024-12-21T04:38:05.232+0000] {logging_mixin.py:120} INFO - [2024-12-21T04:38:05.232+0000] {dag.py:2585} INFO - Sync 2 DAGs
[2024-12-21T04:38:05.257+0000] {logging_mixin.py:120} INFO - [2024-12-21T04:38:05.256+0000] {dag.py:3340} INFO - Setting next_dagrun for example_external_task_marker_child to None, run_after=None
[2024-12-21T04:38:05.260+0000] {logging_mixin.py:120} INFO - [2024-12-21T04:38:05.259+0000] {dag.py:3340} INFO - Setting next_dagrun for example_external_task_marker_parent to None, run_after=None
[2024-12-21T04:38:05.274+0000] {processor.py:176} INFO - Processing /home/airflow/.local/lib/python3.7/site-packages/airflow/example_dags/example_external_task_marker_dag.py took 0.273 seconds
[2024-12-21T04:38:35.765+0000] {processor.py:154} INFO - Started process (PID=165) to work on /home/airflow/.local/lib/python3.7/site-packages/airflow/example_dags/example_external_task_marker_dag.py
[2024-12-21T04:38:35.768+0000] {processor.py:756} INFO - Processing file /home/airflow/.local/lib/python3.7/site-packages/airflow/example_dags/example_external_task_marker_dag.py for tasks to queue
[2024-12-21T04:38:35.770+0000] {logging_mixin.py:120} INFO - [2024-12-21T04:38:35.770+0000] {dagbag.py:537} INFO - Filling up the DagBag from /home/airflow/.local/lib/python3.7/site-packages/airflow/example_dags/example_external_task_marker_dag.py
[2024-12-21T04:38:35.813+0000] {processor.py:766} INFO - DAG(s) dict_keys(['example_external_task_marker_child', 'example_external_task_marker_parent']) retrieved from /home/airflow/.local/lib/python3.7/site-packages/airflow/example_dags/example_external_task_marker_dag.py
[2024-12-21T04:38:36.071+0000] {logging_mixin.py:120} INFO - [2024-12-21T04:38:36.071+0000] {dag.py:2585} INFO - Sync 2 DAGs
[2024-12-21T04:38:36.115+0000] {logging_mixin.py:120} INFO - [2024-12-21T04:38:36.115+0000] {dag.py:3340} INFO - Setting next_dagrun for example_external_task_marker_child to None, run_after=None
[2024-12-21T04:38:36.120+0000] {logging_mixin.py:120} INFO - [2024-12-21T04:38:36.119+0000] {dag.py:3340} INFO - Setting next_dagrun for example_external_task_marker_parent to None, run_after=None
[2024-12-21T04:38:36.136+0000] {processor.py:176} INFO - Processing /home/airflow/.local/lib/python3.7/site-packages/airflow/example_dags/example_external_task_marker_dag.py took 0.375 seconds
[2024-12-21T04:39:06.177+0000] {processor.py:154} INFO - Started process (PID=228) to work on /home/airflow/.local/lib/python3.7/site-packages/airflow/example_dags/example_external_task_marker_dag.py
[2024-12-21T04:39:06.179+0000] {processor.py:756} INFO - Processing file /home/airflow/.local/lib/python3.7/site-packages/airflow/example_dags/example_external_task_marker_dag.py for tasks to queue
[2024-12-21T04:39:06.180+0000] {logging_mixin.py:120} INFO - [2024-12-21T04:39:06.180+0000] {dagbag.py:537} INFO - Filling up the DagBag from /home/airflow/.local/lib/python3.7/site-packages/airflow/example_dags/example_external_task_marker_dag.py
[2024-12-21T04:39:06.202+0000] {processor.py:766} INFO - DAG(s) dict_keys(['example_external_task_marker_child', 'example_external_task_marker_parent']) retrieved from /home/airflow/.local/lib/python3.7/site-packages/airflow/example_dags/example_external_task_marker_dag.py
[2024-12-21T04:39:06.406+0000] {logging_mixin.py:120} INFO - [2024-12-21T04:39:06.406+0000] {dag.py:2585} INFO - Sync 2 DAGs
[2024-12-21T04:39:06.427+0000] {logging_mixin.py:120} INFO - [2024-12-21T04:39:06.427+0000] {dag.py:3340} INFO - Setting next_dagrun for example_external_task_marker_child to None, run_after=None
[2024-12-21T04:39:06.429+0000] {logging_mixin.py:120} INFO - [2024-12-21T04:39:06.429+0000] {dag.py:3340} INFO - Setting next_dagrun for example_external_task_marker_parent to None, run_after=None
[2024-12-21T04:39:06.443+0000] {processor.py:176} INFO - Processing /home/airflow/.local/lib/python3.7/site-packages/airflow/example_dags/example_external_task_marker_dag.py took 0.271 seconds
[2024-12-21T04:39:36.701+0000] {processor.py:154} INFO - Started process (PID=282) to work on /home/airflow/.local/lib/python3.7/site-packages/airflow/example_dags/example_external_task_marker_dag.py
[2024-12-21T04:39:36.704+0000] {processor.py:756} INFO - Processing file /home/airflow/.local/lib/python3.7/site-packages/airflow/example_dags/example_external_task_marker_dag.py for tasks to queue
[2024-12-21T04:39:36.705+0000] {logging_mixin.py:120} INFO - [2024-12-21T04:39:36.705+0000] {dagbag.py:537} INFO - Filling up the DagBag from /home/airflow/.local/lib/python3.7/site-packages/airflow/example_dags/example_external_task_marker_dag.py
[2024-12-21T04:39:36.724+0000] {processor.py:766} INFO - DAG(s) dict_keys(['example_external_task_marker_parent', 'example_external_task_marker_child']) retrieved from /home/airflow/.local/lib/python3.7/site-packages/airflow/example_dags/example_external_task_marker_dag.py
[2024-12-21T04:39:36.916+0000] {logging_mixin.py:120} INFO - [2024-12-21T04:39:36.915+0000] {dag.py:2585} INFO - Sync 2 DAGs
[2024-12-21T04:39:36.937+0000] {logging_mixin.py:120} INFO - [2024-12-21T04:39:36.937+0000] {dag.py:3340} INFO - Setting next_dagrun for example_external_task_marker_child to None, run_after=None
[2024-12-21T04:39:36.940+0000] {logging_mixin.py:120} INFO - [2024-12-21T04:39:36.940+0000] {dag.py:3340} INFO - Setting next_dagrun for example_external_task_marker_parent to None, run_after=None
[2024-12-21T04:39:36.951+0000] {processor.py:176} INFO - Processing /home/airflow/.local/lib/python3.7/site-packages/airflow/example_dags/example_external_task_marker_dag.py took 0.254 seconds
[2024-12-21T04:40:07.025+0000] {processor.py:154} INFO - Started process (PID=345) to work on /home/airflow/.local/lib/python3.7/site-packages/airflow/example_dags/example_external_task_marker_dag.py
[2024-12-21T04:40:07.026+0000] {processor.py:756} INFO - Processing file /home/airflow/.local/lib/python3.7/site-packages/airflow/example_dags/example_external_task_marker_dag.py for tasks to queue
[2024-12-21T04:40:07.027+0000] {logging_mixin.py:120} INFO - [2024-12-21T04:40:07.027+0000] {dagbag.py:537} INFO - Filling up the DagBag from /home/airflow/.local/lib/python3.7/site-packages/airflow/example_dags/example_external_task_marker_dag.py
[2024-12-21T04:40:07.040+0000] {processor.py:766} INFO - DAG(s) dict_keys(['example_external_task_marker_child', 'example_external_task_marker_parent']) retrieved from /home/airflow/.local/lib/python3.7/site-packages/airflow/example_dags/example_external_task_marker_dag.py
[2024-12-21T04:40:07.218+0000] {logging_mixin.py:120} INFO - [2024-12-21T04:40:07.218+0000] {dag.py:2585} INFO - Sync 2 DAGs
[2024-12-21T04:40:07.236+0000] {logging_mixin.py:120} INFO - [2024-12-21T04:40:07.236+0000] {dag.py:3340} INFO - Setting next_dagrun for example_external_task_marker_child to None, run_after=None
[2024-12-21T04:40:07.239+0000] {logging_mixin.py:120} INFO - [2024-12-21T04:40:07.239+0000] {dag.py:3340} INFO - Setting next_dagrun for example_external_task_marker_parent to None, run_after=None
[2024-12-21T04:40:07.250+0000] {processor.py:176} INFO - Processing /home/airflow/.local/lib/python3.7/site-packages/airflow/example_dags/example_external_task_marker_dag.py took 0.228 seconds
[2024-12-21T04:40:37.793+0000] {processor.py:154} INFO - Started process (PID=408) to work on /home/airflow/.local/lib/python3.7/site-packages/airflow/example_dags/example_external_task_marker_dag.py
[2024-12-21T04:40:37.796+0000] {processor.py:756} INFO - Processing file /home/airflow/.local/lib/python3.7/site-packages/airflow/example_dags/example_external_task_marker_dag.py for tasks to queue
[2024-12-21T04:40:37.797+0000] {logging_mixin.py:120} INFO - [2024-12-21T04:40:37.797+0000] {dagbag.py:537} INFO - Filling up the DagBag from /home/airflow/.local/lib/python3.7/site-packages/airflow/example_dags/example_external_task_marker_dag.py
[2024-12-21T04:40:37.817+0000] {processor.py:766} INFO - DAG(s) dict_keys(['example_external_task_marker_parent', 'example_external_task_marker_child']) retrieved from /home/airflow/.local/lib/python3.7/site-packages/airflow/example_dags/example_external_task_marker_dag.py
[2024-12-21T04:40:38.025+0000] {logging_mixin.py:120} INFO - [2024-12-21T04:40:38.025+0000] {dag.py:2585} INFO - Sync 2 DAGs
[2024-12-21T04:40:38.044+0000] {logging_mixin.py:120} INFO - [2024-12-21T04:40:38.044+0000] {dag.py:3340} INFO - Setting next_dagrun for example_external_task_marker_child to None, run_after=None
[2024-12-21T04:40:38.046+0000] {logging_mixin.py:120} INFO - [2024-12-21T04:40:38.046+0000] {dag.py:3340} INFO - Setting next_dagrun for example_external_task_marker_parent to None, run_after=None
[2024-12-21T04:40:38.058+0000] {processor.py:176} INFO - Processing /home/airflow/.local/lib/python3.7/site-packages/airflow/example_dags/example_external_task_marker_dag.py took 0.268 seconds
[2024-12-21T04:41:08.140+0000] {processor.py:154} INFO - Started process (PID=462) to work on /home/airflow/.local/lib/python3.7/site-packages/airflow/example_dags/example_external_task_marker_dag.py
[2024-12-21T04:41:08.141+0000] {processor.py:756} INFO - Processing file /home/airflow/.local/lib/python3.7/site-packages/airflow/example_dags/example_external_task_marker_dag.py for tasks to queue
[2024-12-21T04:41:08.142+0000] {logging_mixin.py:120} INFO - [2024-12-21T04:41:08.141+0000] {dagbag.py:537} INFO - Filling up the DagBag from /home/airflow/.local/lib/python3.7/site-packages/airflow/example_dags/example_external_task_marker_dag.py
[2024-12-21T04:41:08.155+0000] {processor.py:766} INFO - DAG(s) dict_keys(['example_external_task_marker_parent', 'example_external_task_marker_child']) retrieved from /home/airflow/.local/lib/python3.7/site-packages/airflow/example_dags/example_external_task_marker_dag.py
[2024-12-21T04:41:08.343+0000] {logging_mixin.py:120} INFO - [2024-12-21T04:41:08.343+0000] {dag.py:2585} INFO - Sync 2 DAGs
[2024-12-21T04:41:08.367+0000] {logging_mixin.py:120} INFO - [2024-12-21T04:41:08.367+0000] {dag.py:3340} INFO - Setting next_dagrun for example_external_task_marker_child to None, run_after=None
[2024-12-21T04:41:08.371+0000] {logging_mixin.py:120} INFO - [2024-12-21T04:41:08.370+0000] {dag.py:3340} INFO - Setting next_dagrun for example_external_task_marker_parent to None, run_after=None
[2024-12-21T04:41:08.387+0000] {processor.py:176} INFO - Processing /home/airflow/.local/lib/python3.7/site-packages/airflow/example_dags/example_external_task_marker_dag.py took 0.252 seconds
[2024-12-21T04:41:38.607+0000] {processor.py:154} INFO - Started process (PID=526) to work on /home/airflow/.local/lib/python3.7/site-packages/airflow/example_dags/example_external_task_marker_dag.py
[2024-12-21T04:41:38.608+0000] {processor.py:756} INFO - Processing file /home/airflow/.local/lib/python3.7/site-packages/airflow/example_dags/example_external_task_marker_dag.py for tasks to queue
[2024-12-21T04:41:38.609+0000] {logging_mixin.py:120} INFO - [2024-12-21T04:41:38.609+0000] {dagbag.py:537} INFO - Filling up the DagBag from /home/airflow/.local/lib/python3.7/site-packages/airflow/example_dags/example_external_task_marker_dag.py
[2024-12-21T04:41:38.620+0000] {processor.py:766} INFO - DAG(s) dict_keys(['example_external_task_marker_parent', 'example_external_task_marker_child']) retrieved from /home/airflow/.local/lib/python3.7/site-packages/airflow/example_dags/example_external_task_marker_dag.py
[2024-12-21T04:41:38.807+0000] {logging_mixin.py:120} INFO - [2024-12-21T04:41:38.807+0000] {dag.py:2585} INFO - Sync 2 DAGs
[2024-12-21T04:41:38.837+0000] {logging_mixin.py:120} INFO - [2024-12-21T04:41:38.837+0000] {dag.py:3340} INFO - Setting next_dagrun for example_external_task_marker_child to None, run_after=None
[2024-12-21T04:41:38.839+0000] {logging_mixin.py:120} INFO - [2024-12-21T04:41:38.839+0000] {dag.py:3340} INFO - Setting next_dagrun for example_external_task_marker_parent to None, run_after=None
[2024-12-21T04:41:38.851+0000] {processor.py:176} INFO - Processing /home/airflow/.local/lib/python3.7/site-packages/airflow/example_dags/example_external_task_marker_dag.py took 0.246 seconds
[2024-12-21T04:42:09.006+0000] {processor.py:154} INFO - Started process (PID=588) to work on /home/airflow/.local/lib/python3.7/site-packages/airflow/example_dags/example_external_task_marker_dag.py
[2024-12-21T04:42:09.008+0000] {processor.py:756} INFO - Processing file /home/airflow/.local/lib/python3.7/site-packages/airflow/example_dags/example_external_task_marker_dag.py for tasks to queue
[2024-12-21T04:42:09.009+0000] {logging_mixin.py:120} INFO - [2024-12-21T04:42:09.009+0000] {dagbag.py:537} INFO - Filling up the DagBag from /home/airflow/.local/lib/python3.7/site-packages/airflow/example_dags/example_external_task_marker_dag.py
[2024-12-21T04:42:09.042+0000] {processor.py:766} INFO - DAG(s) dict_keys(['example_external_task_marker_parent', 'example_external_task_marker_child']) retrieved from /home/airflow/.local/lib/python3.7/site-packages/airflow/example_dags/example_external_task_marker_dag.py
[2024-12-21T04:42:09.248+0000] {logging_mixin.py:120} INFO - [2024-12-21T04:42:09.247+0000] {dag.py:2585} INFO - Sync 2 DAGs
[2024-12-21T04:42:09.272+0000] {logging_mixin.py:120} INFO - [2024-12-21T04:42:09.272+0000] {dag.py:3340} INFO - Setting next_dagrun for example_external_task_marker_child to None, run_after=None
[2024-12-21T04:42:09.275+0000] {logging_mixin.py:120} INFO - [2024-12-21T04:42:09.275+0000] {dag.py:3340} INFO - Setting next_dagrun for example_external_task_marker_parent to None, run_after=None
[2024-12-21T04:42:09.288+0000] {processor.py:176} INFO - Processing /home/airflow/.local/lib/python3.7/site-packages/airflow/example_dags/example_external_task_marker_dag.py took 0.290 seconds
[2024-12-21T04:42:39.494+0000] {processor.py:154} INFO - Started process (PID=651) to work on /home/airflow/.local/lib/python3.7/site-packages/airflow/example_dags/example_external_task_marker_dag.py
[2024-12-21T04:42:39.496+0000] {processor.py:756} INFO - Processing file /home/airflow/.local/lib/python3.7/site-packages/airflow/example_dags/example_external_task_marker_dag.py for tasks to queue
[2024-12-21T04:42:39.498+0000] {logging_mixin.py:120} INFO - [2024-12-21T04:42:39.498+0000] {dagbag.py:537} INFO - Filling up the DagBag from /home/airflow/.local/lib/python3.7/site-packages/airflow/example_dags/example_external_task_marker_dag.py
[2024-12-21T04:42:39.563+0000] {processor.py:766} INFO - DAG(s) dict_keys(['example_external_task_marker_child', 'example_external_task_marker_parent']) retrieved from /home/airflow/.local/lib/python3.7/site-packages/airflow/example_dags/example_external_task_marker_dag.py
[2024-12-21T04:42:39.778+0000] {logging_mixin.py:120} INFO - [2024-12-21T04:42:39.777+0000] {dag.py:2585} INFO - Sync 2 DAGs
[2024-12-21T04:42:39.805+0000] {logging_mixin.py:120} INFO - [2024-12-21T04:42:39.805+0000] {dag.py:3340} INFO - Setting next_dagrun for example_external_task_marker_child to None, run_after=None
[2024-12-21T04:42:39.807+0000] {logging_mixin.py:120} INFO - [2024-12-21T04:42:39.807+0000] {dag.py:3340} INFO - Setting next_dagrun for example_external_task_marker_parent to None, run_after=None
[2024-12-21T04:42:39.820+0000] {processor.py:176} INFO - Processing /home/airflow/.local/lib/python3.7/site-packages/airflow/example_dags/example_external_task_marker_dag.py took 0.333 seconds
[2024-12-21T04:43:10.142+0000] {processor.py:154} INFO - Started process (PID=705) to work on /home/airflow/.local/lib/python3.7/site-packages/airflow/example_dags/example_external_task_marker_dag.py
[2024-12-21T04:43:10.143+0000] {processor.py:756} INFO - Processing file /home/airflow/.local/lib/python3.7/site-packages/airflow/example_dags/example_external_task_marker_dag.py for tasks to queue
[2024-12-21T04:43:10.144+0000] {logging_mixin.py:120} INFO - [2024-12-21T04:43:10.144+0000] {dagbag.py:537} INFO - Filling up the DagBag from /home/airflow/.local/lib/python3.7/site-packages/airflow/example_dags/example_external_task_marker_dag.py
[2024-12-21T04:43:10.163+0000] {processor.py:766} INFO - DAG(s) dict_keys(['example_external_task_marker_child', 'example_external_task_marker_parent']) retrieved from /home/airflow/.local/lib/python3.7/site-packages/airflow/example_dags/example_external_task_marker_dag.py
[2024-12-21T04:43:10.344+0000] {logging_mixin.py:120} INFO - [2024-12-21T04:43:10.344+0000] {dag.py:2585} INFO - Sync 2 DAGs
[2024-12-21T04:43:10.364+0000] {logging_mixin.py:120} INFO - [2024-12-21T04:43:10.364+0000] {dag.py:3340} INFO - Setting next_dagrun for example_external_task_marker_child to None, run_after=None
[2024-12-21T04:43:10.366+0000] {logging_mixin.py:120} INFO - [2024-12-21T04:43:10.366+0000] {dag.py:3340} INFO - Setting next_dagrun for example_external_task_marker_parent to None, run_after=None
[2024-12-21T04:43:10.378+0000] {processor.py:176} INFO - Processing /home/airflow/.local/lib/python3.7/site-packages/airflow/example_dags/example_external_task_marker_dag.py took 0.240 seconds
[2024-12-21T04:43:40.697+0000] {processor.py:154} INFO - Started process (PID=768) to work on /home/airflow/.local/lib/python3.7/site-packages/airflow/example_dags/example_external_task_marker_dag.py
[2024-12-21T04:43:40.698+0000] {processor.py:756} INFO - Processing file /home/airflow/.local/lib/python3.7/site-packages/airflow/example_dags/example_external_task_marker_dag.py for tasks to queue
[2024-12-21T04:43:40.699+0000] {logging_mixin.py:120} INFO - [2024-12-21T04:43:40.699+0000] {dagbag.py:537} INFO - Filling up the DagBag from /home/airflow/.local/lib/python3.7/site-packages/airflow/example_dags/example_external_task_marker_dag.py
[2024-12-21T04:43:40.715+0000] {processor.py:766} INFO - DAG(s) dict_keys(['example_external_task_marker_parent', 'example_external_task_marker_child']) retrieved from /home/airflow/.local/lib/python3.7/site-packages/airflow/example_dags/example_external_task_marker_dag.py
[2024-12-21T04:43:40.889+0000] {logging_mixin.py:120} INFO - [2024-12-21T04:43:40.889+0000] {dag.py:2585} INFO - Sync 2 DAGs
[2024-12-21T04:43:40.911+0000] {logging_mixin.py:120} INFO - [2024-12-21T04:43:40.911+0000] {dag.py:3340} INFO - Setting next_dagrun for example_external_task_marker_child to None, run_after=None
[2024-12-21T04:43:40.917+0000] {logging_mixin.py:120} INFO - [2024-12-21T04:43:40.917+0000] {dag.py:3340} INFO - Setting next_dagrun for example_external_task_marker_parent to None, run_after=None
[2024-12-21T04:43:40.930+0000] {processor.py:176} INFO - Processing /home/airflow/.local/lib/python3.7/site-packages/airflow/example_dags/example_external_task_marker_dag.py took 0.236 seconds
[2024-12-21T04:44:11.597+0000] {processor.py:154} INFO - Started process (PID=831) to work on /home/airflow/.local/lib/python3.7/site-packages/airflow/example_dags/example_external_task_marker_dag.py
[2024-12-21T04:44:11.598+0000] {processor.py:756} INFO - Processing file /home/airflow/.local/lib/python3.7/site-packages/airflow/example_dags/example_external_task_marker_dag.py for tasks to queue
[2024-12-21T04:44:11.599+0000] {logging_mixin.py:120} INFO - [2024-12-21T04:44:11.599+0000] {dagbag.py:537} INFO - Filling up the DagBag from /home/airflow/.local/lib/python3.7/site-packages/airflow/example_dags/example_external_task_marker_dag.py
[2024-12-21T04:44:11.620+0000] {processor.py:766} INFO - DAG(s) dict_keys(['example_external_task_marker_child', 'example_external_task_marker_parent']) retrieved from /home/airflow/.local/lib/python3.7/site-packages/airflow/example_dags/example_external_task_marker_dag.py
[2024-12-21T04:44:11.800+0000] {logging_mixin.py:120} INFO - [2024-12-21T04:44:11.800+0000] {dag.py:2585} INFO - Sync 2 DAGs
[2024-12-21T04:44:11.822+0000] {logging_mixin.py:120} INFO - [2024-12-21T04:44:11.822+0000] {dag.py:3340} INFO - Setting next_dagrun for example_external_task_marker_child to None, run_after=None
[2024-12-21T04:44:11.825+0000] {logging_mixin.py:120} INFO - [2024-12-21T04:44:11.825+0000] {dag.py:3340} INFO - Setting next_dagrun for example_external_task_marker_parent to None, run_after=None
[2024-12-21T04:44:11.836+0000] {processor.py:176} INFO - Processing /home/airflow/.local/lib/python3.7/site-packages/airflow/example_dags/example_external_task_marker_dag.py took 0.245 seconds
[2024-12-21T04:44:42.348+0000] {processor.py:154} INFO - Started process (PID=894) to work on /home/airflow/.local/lib/python3.7/site-packages/airflow/example_dags/example_external_task_marker_dag.py
[2024-12-21T04:44:42.350+0000] {processor.py:756} INFO - Processing file /home/airflow/.local/lib/python3.7/site-packages/airflow/example_dags/example_external_task_marker_dag.py for tasks to queue
[2024-12-21T04:44:42.352+0000] {logging_mixin.py:120} INFO - [2024-12-21T04:44:42.352+0000] {dagbag.py:537} INFO - Filling up the DagBag from /home/airflow/.local/lib/python3.7/site-packages/airflow/example_dags/example_external_task_marker_dag.py
[2024-12-21T04:44:42.423+0000] {processor.py:766} INFO - DAG(s) dict_keys(['example_external_task_marker_parent', 'example_external_task_marker_child']) retrieved from /home/airflow/.local/lib/python3.7/site-packages/airflow/example_dags/example_external_task_marker_dag.py
[2024-12-21T04:44:44.856+0000] {logging_mixin.py:120} INFO - [2024-12-21T04:44:44.855+0000] {dag.py:2585} INFO - Sync 2 DAGs
[2024-12-21T04:44:45.171+0000] {logging_mixin.py:120} INFO - [2024-12-21T04:44:45.159+0000] {dag.py:3340} INFO - Setting next_dagrun for example_external_task_marker_child to None, run_after=None
[2024-12-21T04:44:45.349+0000] {logging_mixin.py:120} INFO - [2024-12-21T04:44:45.348+0000] {dag.py:3340} INFO - Setting next_dagrun for example_external_task_marker_parent to None, run_after=None
[2024-12-21T04:44:45.528+0000] {processor.py:176} INFO - Processing /home/airflow/.local/lib/python3.7/site-packages/airflow/example_dags/example_external_task_marker_dag.py took 3.189 seconds
[2024-12-21T04:45:15.676+0000] {processor.py:154} INFO - Started process (PID=948) to work on /home/airflow/.local/lib/python3.7/site-packages/airflow/example_dags/example_external_task_marker_dag.py
[2024-12-21T04:45:15.679+0000] {processor.py:756} INFO - Processing file /home/airflow/.local/lib/python3.7/site-packages/airflow/example_dags/example_external_task_marker_dag.py for tasks to queue
[2024-12-21T04:45:15.681+0000] {logging_mixin.py:120} INFO - [2024-12-21T04:45:15.680+0000] {dagbag.py:537} INFO - Filling up the DagBag from /home/airflow/.local/lib/python3.7/site-packages/airflow/example_dags/example_external_task_marker_dag.py
[2024-12-21T04:45:15.705+0000] {processor.py:766} INFO - DAG(s) dict_keys(['example_external_task_marker_child', 'example_external_task_marker_parent']) retrieved from /home/airflow/.local/lib/python3.7/site-packages/airflow/example_dags/example_external_task_marker_dag.py
[2024-12-21T04:45:15.957+0000] {logging_mixin.py:120} INFO - [2024-12-21T04:45:15.957+0000] {dag.py:2585} INFO - Sync 2 DAGs
[2024-12-21T04:45:15.976+0000] {logging_mixin.py:120} INFO - [2024-12-21T04:45:15.976+0000] {dag.py:3340} INFO - Setting next_dagrun for example_external_task_marker_child to None, run_after=None
[2024-12-21T04:45:15.978+0000] {logging_mixin.py:120} INFO - [2024-12-21T04:45:15.978+0000] {dag.py:3340} INFO - Setting next_dagrun for example_external_task_marker_parent to None, run_after=None
[2024-12-21T04:45:15.990+0000] {processor.py:176} INFO - Processing /home/airflow/.local/lib/python3.7/site-packages/airflow/example_dags/example_external_task_marker_dag.py took 0.329 seconds
[2024-12-21T04:45:46.455+0000] {processor.py:154} INFO - Started process (PID=1011) to work on /home/airflow/.local/lib/python3.7/site-packages/airflow/example_dags/example_external_task_marker_dag.py
[2024-12-21T04:45:46.456+0000] {processor.py:756} INFO - Processing file /home/airflow/.local/lib/python3.7/site-packages/airflow/example_dags/example_external_task_marker_dag.py for tasks to queue
[2024-12-21T04:45:46.457+0000] {logging_mixin.py:120} INFO - [2024-12-21T04:45:46.457+0000] {dagbag.py:537} INFO - Filling up the DagBag from /home/airflow/.local/lib/python3.7/site-packages/airflow/example_dags/example_external_task_marker_dag.py
[2024-12-21T04:45:46.477+0000] {processor.py:766} INFO - DAG(s) dict_keys(['example_external_task_marker_parent', 'example_external_task_marker_child']) retrieved from /home/airflow/.local/lib/python3.7/site-packages/airflow/example_dags/example_external_task_marker_dag.py
[2024-12-21T04:45:46.652+0000] {logging_mixin.py:120} INFO - [2024-12-21T04:45:46.652+0000] {dag.py:2585} INFO - Sync 2 DAGs
[2024-12-21T04:45:46.674+0000] {logging_mixin.py:120} INFO - [2024-12-21T04:45:46.674+0000] {dag.py:3340} INFO - Setting next_dagrun for example_external_task_marker_child to None, run_after=None
[2024-12-21T04:45:46.678+0000] {logging_mixin.py:120} INFO - [2024-12-21T04:45:46.678+0000] {dag.py:3340} INFO - Setting next_dagrun for example_external_task_marker_parent to None, run_after=None
[2024-12-21T04:45:46.695+0000] {processor.py:176} INFO - Processing /home/airflow/.local/lib/python3.7/site-packages/airflow/example_dags/example_external_task_marker_dag.py took 0.246 seconds
[2024-12-21T04:46:16.820+0000] {processor.py:154} INFO - Started process (PID=1074) to work on /home/airflow/.local/lib/python3.7/site-packages/airflow/example_dags/example_external_task_marker_dag.py
[2024-12-21T04:46:16.821+0000] {processor.py:756} INFO - Processing file /home/airflow/.local/lib/python3.7/site-packages/airflow/example_dags/example_external_task_marker_dag.py for tasks to queue
[2024-12-21T04:46:16.822+0000] {logging_mixin.py:120} INFO - [2024-12-21T04:46:16.822+0000] {dagbag.py:537} INFO - Filling up the DagBag from /home/airflow/.local/lib/python3.7/site-packages/airflow/example_dags/example_external_task_marker_dag.py
[2024-12-21T04:46:16.854+0000] {processor.py:766} INFO - DAG(s) dict_keys(['example_external_task_marker_parent', 'example_external_task_marker_child']) retrieved from /home/airflow/.local/lib/python3.7/site-packages/airflow/example_dags/example_external_task_marker_dag.py
[2024-12-21T04:46:17.077+0000] {logging_mixin.py:120} INFO - [2024-12-21T04:46:17.077+0000] {dag.py:2585} INFO - Sync 2 DAGs
[2024-12-21T04:46:17.107+0000] {logging_mixin.py:120} INFO - [2024-12-21T04:46:17.107+0000] {dag.py:3340} INFO - Setting next_dagrun for example_external_task_marker_child to None, run_after=None
[2024-12-21T04:46:17.113+0000] {logging_mixin.py:120} INFO - [2024-12-21T04:46:17.113+0000] {dag.py:3340} INFO - Setting next_dagrun for example_external_task_marker_parent to None, run_after=None
[2024-12-21T04:46:17.130+0000] {processor.py:176} INFO - Processing /home/airflow/.local/lib/python3.7/site-packages/airflow/example_dags/example_external_task_marker_dag.py took 0.316 seconds
[2024-12-21T04:46:47.626+0000] {processor.py:154} INFO - Started process (PID=1128) to work on /home/airflow/.local/lib/python3.7/site-packages/airflow/example_dags/example_external_task_marker_dag.py
[2024-12-21T04:46:47.627+0000] {processor.py:756} INFO - Processing file /home/airflow/.local/lib/python3.7/site-packages/airflow/example_dags/example_external_task_marker_dag.py for tasks to queue
[2024-12-21T04:46:47.629+0000] {logging_mixin.py:120} INFO - [2024-12-21T04:46:47.628+0000] {dagbag.py:537} INFO - Filling up the DagBag from /home/airflow/.local/lib/python3.7/site-packages/airflow/example_dags/example_external_task_marker_dag.py
[2024-12-21T04:46:47.651+0000] {processor.py:766} INFO - DAG(s) dict_keys(['example_external_task_marker_child', 'example_external_task_marker_parent']) retrieved from /home/airflow/.local/lib/python3.7/site-packages/airflow/example_dags/example_external_task_marker_dag.py
[2024-12-21T04:46:47.831+0000] {logging_mixin.py:120} INFO - [2024-12-21T04:46:47.831+0000] {dag.py:2585} INFO - Sync 2 DAGs
[2024-12-21T04:46:47.855+0000] {logging_mixin.py:120} INFO - [2024-12-21T04:46:47.855+0000] {dag.py:3340} INFO - Setting next_dagrun for example_external_task_marker_child to None, run_after=None
[2024-12-21T04:46:47.862+0000] {logging_mixin.py:120} INFO - [2024-12-21T04:46:47.862+0000] {dag.py:3340} INFO - Setting next_dagrun for example_external_task_marker_parent to None, run_after=None
[2024-12-21T04:46:47.875+0000] {processor.py:176} INFO - Processing /home/airflow/.local/lib/python3.7/site-packages/airflow/example_dags/example_external_task_marker_dag.py took 0.253 seconds
[2024-12-21T04:47:18.152+0000] {processor.py:154} INFO - Started process (PID=1191) to work on /home/airflow/.local/lib/python3.7/site-packages/airflow/example_dags/example_external_task_marker_dag.py
[2024-12-21T04:47:18.154+0000] {processor.py:756} INFO - Processing file /home/airflow/.local/lib/python3.7/site-packages/airflow/example_dags/example_external_task_marker_dag.py for tasks to queue
[2024-12-21T04:47:18.155+0000] {logging_mixin.py:120} INFO - [2024-12-21T04:47:18.155+0000] {dagbag.py:537} INFO - Filling up the DagBag from /home/airflow/.local/lib/python3.7/site-packages/airflow/example_dags/example_external_task_marker_dag.py
[2024-12-21T04:47:18.176+0000] {processor.py:766} INFO - DAG(s) dict_keys(['example_external_task_marker_child', 'example_external_task_marker_parent']) retrieved from /home/airflow/.local/lib/python3.7/site-packages/airflow/example_dags/example_external_task_marker_dag.py
[2024-12-21T04:47:18.365+0000] {logging_mixin.py:120} INFO - [2024-12-21T04:47:18.364+0000] {dag.py:2585} INFO - Sync 2 DAGs
[2024-12-21T04:47:18.392+0000] {logging_mixin.py:120} INFO - [2024-12-21T04:47:18.392+0000] {dag.py:3340} INFO - Setting next_dagrun for example_external_task_marker_child to None, run_after=None
[2024-12-21T04:47:18.397+0000] {logging_mixin.py:120} INFO - [2024-12-21T04:47:18.397+0000] {dag.py:3340} INFO - Setting next_dagrun for example_external_task_marker_parent to None, run_after=None
[2024-12-21T04:47:18.411+0000] {processor.py:176} INFO - Processing /home/airflow/.local/lib/python3.7/site-packages/airflow/example_dags/example_external_task_marker_dag.py took 0.265 seconds
[2024-12-21T04:47:48.838+0000] {processor.py:154} INFO - Started process (PID=1254) to work on /home/airflow/.local/lib/python3.7/site-packages/airflow/example_dags/example_external_task_marker_dag.py
[2024-12-21T04:47:48.839+0000] {processor.py:756} INFO - Processing file /home/airflow/.local/lib/python3.7/site-packages/airflow/example_dags/example_external_task_marker_dag.py for tasks to queue
[2024-12-21T04:47:48.840+0000] {logging_mixin.py:120} INFO - [2024-12-21T04:47:48.840+0000] {dagbag.py:537} INFO - Filling up the DagBag from /home/airflow/.local/lib/python3.7/site-packages/airflow/example_dags/example_external_task_marker_dag.py
[2024-12-21T04:47:48.858+0000] {processor.py:766} INFO - DAG(s) dict_keys(['example_external_task_marker_child', 'example_external_task_marker_parent']) retrieved from /home/airflow/.local/lib/python3.7/site-packages/airflow/example_dags/example_external_task_marker_dag.py
[2024-12-21T04:47:49.053+0000] {logging_mixin.py:120} INFO - [2024-12-21T04:47:49.053+0000] {dag.py:2585} INFO - Sync 2 DAGs
[2024-12-21T04:47:49.078+0000] {logging_mixin.py:120} INFO - [2024-12-21T04:47:49.078+0000] {dag.py:3340} INFO - Setting next_dagrun for example_external_task_marker_child to None, run_after=None
[2024-12-21T04:47:49.081+0000] {logging_mixin.py:120} INFO - [2024-12-21T04:47:49.081+0000] {dag.py:3340} INFO - Setting next_dagrun for example_external_task_marker_parent to None, run_after=None
[2024-12-21T04:47:49.095+0000] {processor.py:176} INFO - Processing /home/airflow/.local/lib/python3.7/site-packages/airflow/example_dags/example_external_task_marker_dag.py took 0.262 seconds
[2024-12-21T04:48:19.578+0000] {processor.py:154} INFO - Started process (PID=1315) to work on /home/airflow/.local/lib/python3.7/site-packages/airflow/example_dags/example_external_task_marker_dag.py
[2024-12-21T04:48:19.580+0000] {processor.py:756} INFO - Processing file /home/airflow/.local/lib/python3.7/site-packages/airflow/example_dags/example_external_task_marker_dag.py for tasks to queue
[2024-12-21T04:48:19.581+0000] {logging_mixin.py:120} INFO - [2024-12-21T04:48:19.581+0000] {dagbag.py:537} INFO - Filling up the DagBag from /home/airflow/.local/lib/python3.7/site-packages/airflow/example_dags/example_external_task_marker_dag.py
[2024-12-21T04:48:19.621+0000] {processor.py:766} INFO - DAG(s) dict_keys(['example_external_task_marker_parent', 'example_external_task_marker_child']) retrieved from /home/airflow/.local/lib/python3.7/site-packages/airflow/example_dags/example_external_task_marker_dag.py
[2024-12-21T04:48:19.947+0000] {logging_mixin.py:120} INFO - [2024-12-21T04:48:19.946+0000] {dag.py:2585} INFO - Sync 2 DAGs
[2024-12-21T04:48:20.057+0000] {logging_mixin.py:120} INFO - [2024-12-21T04:48:20.057+0000] {dag.py:3340} INFO - Setting next_dagrun for example_external_task_marker_child to None, run_after=None
[2024-12-21T04:48:20.066+0000] {logging_mixin.py:120} INFO - [2024-12-21T04:48:20.065+0000] {dag.py:3340} INFO - Setting next_dagrun for example_external_task_marker_parent to None, run_after=None
[2024-12-21T04:48:20.102+0000] {processor.py:176} INFO - Processing /home/airflow/.local/lib/python3.7/site-packages/airflow/example_dags/example_external_task_marker_dag.py took 0.530 seconds
[2024-12-21T04:48:50.160+0000] {processor.py:154} INFO - Started process (PID=1371) to work on /home/airflow/.local/lib/python3.7/site-packages/airflow/example_dags/example_external_task_marker_dag.py
[2024-12-21T04:48:50.161+0000] {processor.py:756} INFO - Processing file /home/airflow/.local/lib/python3.7/site-packages/airflow/example_dags/example_external_task_marker_dag.py for tasks to queue
[2024-12-21T04:48:50.162+0000] {logging_mixin.py:120} INFO - [2024-12-21T04:48:50.162+0000] {dagbag.py:537} INFO - Filling up the DagBag from /home/airflow/.local/lib/python3.7/site-packages/airflow/example_dags/example_external_task_marker_dag.py
[2024-12-21T04:48:50.194+0000] {processor.py:766} INFO - DAG(s) dict_keys(['example_external_task_marker_parent', 'example_external_task_marker_child']) retrieved from /home/airflow/.local/lib/python3.7/site-packages/airflow/example_dags/example_external_task_marker_dag.py
[2024-12-21T04:48:50.452+0000] {logging_mixin.py:120} INFO - [2024-12-21T04:48:50.452+0000] {dag.py:2585} INFO - Sync 2 DAGs
[2024-12-21T04:48:50.480+0000] {logging_mixin.py:120} INFO - [2024-12-21T04:48:50.480+0000] {dag.py:3340} INFO - Setting next_dagrun for example_external_task_marker_child to None, run_after=None
[2024-12-21T04:48:50.483+0000] {logging_mixin.py:120} INFO - [2024-12-21T04:48:50.483+0000] {dag.py:3340} INFO - Setting next_dagrun for example_external_task_marker_parent to None, run_after=None
[2024-12-21T04:48:50.506+0000] {processor.py:176} INFO - Processing /home/airflow/.local/lib/python3.7/site-packages/airflow/example_dags/example_external_task_marker_dag.py took 0.354 seconds
[2024-12-21T04:49:20.864+0000] {processor.py:154} INFO - Started process (PID=1434) to work on /home/airflow/.local/lib/python3.7/site-packages/airflow/example_dags/example_external_task_marker_dag.py
[2024-12-21T04:49:20.865+0000] {processor.py:756} INFO - Processing file /home/airflow/.local/lib/python3.7/site-packages/airflow/example_dags/example_external_task_marker_dag.py for tasks to queue
[2024-12-21T04:49:20.866+0000] {logging_mixin.py:120} INFO - [2024-12-21T04:49:20.866+0000] {dagbag.py:537} INFO - Filling up the DagBag from /home/airflow/.local/lib/python3.7/site-packages/airflow/example_dags/example_external_task_marker_dag.py
[2024-12-21T04:49:20.885+0000] {processor.py:766} INFO - DAG(s) dict_keys(['example_external_task_marker_parent', 'example_external_task_marker_child']) retrieved from /home/airflow/.local/lib/python3.7/site-packages/airflow/example_dags/example_external_task_marker_dag.py
[2024-12-21T04:49:21.130+0000] {logging_mixin.py:120} INFO - [2024-12-21T04:49:21.129+0000] {dag.py:2585} INFO - Sync 2 DAGs
[2024-12-21T04:49:21.163+0000] {logging_mixin.py:120} INFO - [2024-12-21T04:49:21.163+0000] {dag.py:3340} INFO - Setting next_dagrun for example_external_task_marker_child to None, run_after=None
[2024-12-21T04:49:21.170+0000] {logging_mixin.py:120} INFO - [2024-12-21T04:49:21.170+0000] {dag.py:3340} INFO - Setting next_dagrun for example_external_task_marker_parent to None, run_after=None
[2024-12-21T04:49:21.190+0000] {processor.py:176} INFO - Processing /home/airflow/.local/lib/python3.7/site-packages/airflow/example_dags/example_external_task_marker_dag.py took 0.331 seconds
