[2024-12-21T04:37:38.950+0000] {processor.py:154} INFO - Started process (PID=61) to work on /home/airflow/.local/lib/python3.7/site-packages/airflow/example_dags/example_skip_dag.py
[2024-12-21T04:37:38.953+0000] {processor.py:756} INFO - Processing file /home/airflow/.local/lib/python3.7/site-packages/airflow/example_dags/example_skip_dag.py for tasks to queue
[2024-12-21T04:37:38.954+0000] {logging_mixin.py:120} INFO - [2024-12-21T04:37:38.954+0000] {dagbag.py:537} INFO - Filling up the DagBag from /home/airflow/.local/lib/python3.7/site-packages/airflow/example_dags/example_skip_dag.py
[2024-12-21T04:37:39.009+0000] {processor.py:766} INFO - DAG(s) dict_keys(['example_skip_dag']) retrieved from /home/airflow/.local/lib/python3.7/site-packages/airflow/example_dags/example_skip_dag.py
[2024-12-21T04:37:39.613+0000] {logging_mixin.py:120} INFO - [2024-12-21T04:37:39.612+0000] {manager.py:507} INFO - Created Permission View: can delete on DAG:example_skip_dag
[2024-12-21T04:37:39.649+0000] {logging_mixin.py:120} INFO - [2024-12-21T04:37:39.649+0000] {manager.py:507} INFO - Created Permission View: can edit on DAG:example_skip_dag
[2024-12-21T04:37:39.704+0000] {logging_mixin.py:120} INFO - [2024-12-21T04:37:39.703+0000] {manager.py:507} INFO - Created Permission View: can read on DAG:example_skip_dag
[2024-12-21T04:37:39.709+0000] {logging_mixin.py:120} INFO - [2024-12-21T04:37:39.709+0000] {dag.py:2585} INFO - Sync 1 DAGs
[2024-12-21T04:37:39.782+0000] {logging_mixin.py:120} INFO - [2024-12-21T04:37:39.782+0000] {dag.py:2606} INFO - Creating ORM DAG for example_skip_dag
[2024-12-21T04:37:39.817+0000] {logging_mixin.py:120} INFO - [2024-12-21T04:37:39.817+0000] {dag.py:3340} INFO - Setting next_dagrun for example_skip_dag to 2024-12-20T04:37:39.816801+00:00, run_after=2024-12-21T04:37:39.816801+00:00
[2024-12-21T04:37:39.859+0000] {processor.py:176} INFO - Processing /home/airflow/.local/lib/python3.7/site-packages/airflow/example_dags/example_skip_dag.py took 0.917 seconds
[2024-12-21T04:38:10.528+0000] {processor.py:154} INFO - Started process (PID=124) to work on /home/airflow/.local/lib/python3.7/site-packages/airflow/example_dags/example_skip_dag.py
[2024-12-21T04:38:10.530+0000] {processor.py:756} INFO - Processing file /home/airflow/.local/lib/python3.7/site-packages/airflow/example_dags/example_skip_dag.py for tasks to queue
[2024-12-21T04:38:10.531+0000] {logging_mixin.py:120} INFO - [2024-12-21T04:38:10.531+0000] {dagbag.py:537} INFO - Filling up the DagBag from /home/airflow/.local/lib/python3.7/site-packages/airflow/example_dags/example_skip_dag.py
[2024-12-21T04:38:10.563+0000] {processor.py:766} INFO - DAG(s) dict_keys(['example_skip_dag']) retrieved from /home/airflow/.local/lib/python3.7/site-packages/airflow/example_dags/example_skip_dag.py
[2024-12-21T04:38:10.657+0000] {logging_mixin.py:120} INFO - [2024-12-21T04:38:10.657+0000] {dag.py:2585} INFO - Sync 1 DAGs
[2024-12-21T04:38:10.714+0000] {logging_mixin.py:120} INFO - [2024-12-21T04:38:10.714+0000] {dag.py:3340} INFO - Setting next_dagrun for example_skip_dag to 2024-12-20T04:38:10.713862+00:00, run_after=2024-12-21T04:38:10.713862+00:00
[2024-12-21T04:38:10.738+0000] {processor.py:176} INFO - Processing /home/airflow/.local/lib/python3.7/site-packages/airflow/example_dags/example_skip_dag.py took 0.224 seconds
[2024-12-21T04:38:40.935+0000] {processor.py:154} INFO - Started process (PID=188) to work on /home/airflow/.local/lib/python3.7/site-packages/airflow/example_dags/example_skip_dag.py
[2024-12-21T04:38:40.937+0000] {processor.py:756} INFO - Processing file /home/airflow/.local/lib/python3.7/site-packages/airflow/example_dags/example_skip_dag.py for tasks to queue
[2024-12-21T04:38:40.938+0000] {logging_mixin.py:120} INFO - [2024-12-21T04:38:40.938+0000] {dagbag.py:537} INFO - Filling up the DagBag from /home/airflow/.local/lib/python3.7/site-packages/airflow/example_dags/example_skip_dag.py
[2024-12-21T04:38:40.969+0000] {processor.py:766} INFO - DAG(s) dict_keys(['example_skip_dag']) retrieved from /home/airflow/.local/lib/python3.7/site-packages/airflow/example_dags/example_skip_dag.py
[2024-12-21T04:38:41.041+0000] {logging_mixin.py:120} INFO - [2024-12-21T04:38:41.040+0000] {dag.py:2585} INFO - Sync 1 DAGs
[2024-12-21T04:38:41.153+0000] {logging_mixin.py:120} INFO - [2024-12-21T04:38:41.148+0000] {dag.py:3340} INFO - Setting next_dagrun for example_skip_dag to 2024-12-20T04:38:41.147576+00:00, run_after=2024-12-21T04:38:41.147576+00:00
[2024-12-21T04:38:41.223+0000] {processor.py:176} INFO - Processing /home/airflow/.local/lib/python3.7/site-packages/airflow/example_dags/example_skip_dag.py took 0.296 seconds
[2024-12-21T04:39:11.596+0000] {processor.py:154} INFO - Started process (PID=242) to work on /home/airflow/.local/lib/python3.7/site-packages/airflow/example_dags/example_skip_dag.py
[2024-12-21T04:39:11.596+0000] {processor.py:756} INFO - Processing file /home/airflow/.local/lib/python3.7/site-packages/airflow/example_dags/example_skip_dag.py for tasks to queue
[2024-12-21T04:39:11.597+0000] {logging_mixin.py:120} INFO - [2024-12-21T04:39:11.597+0000] {dagbag.py:537} INFO - Filling up the DagBag from /home/airflow/.local/lib/python3.7/site-packages/airflow/example_dags/example_skip_dag.py
[2024-12-21T04:39:11.609+0000] {processor.py:766} INFO - DAG(s) dict_keys(['example_skip_dag']) retrieved from /home/airflow/.local/lib/python3.7/site-packages/airflow/example_dags/example_skip_dag.py
[2024-12-21T04:39:11.641+0000] {logging_mixin.py:120} INFO - [2024-12-21T04:39:11.641+0000] {dag.py:2585} INFO - Sync 1 DAGs
[2024-12-21T04:39:11.662+0000] {logging_mixin.py:120} INFO - [2024-12-21T04:39:11.661+0000] {dag.py:3340} INFO - Setting next_dagrun for example_skip_dag to 2024-12-20T04:39:11.661706+00:00, run_after=2024-12-21T04:39:11.661706+00:00
[2024-12-21T04:39:11.683+0000] {processor.py:176} INFO - Processing /home/airflow/.local/lib/python3.7/site-packages/airflow/example_dags/example_skip_dag.py took 0.090 seconds
[2024-12-21T04:39:42.022+0000] {processor.py:154} INFO - Started process (PID=305) to work on /home/airflow/.local/lib/python3.7/site-packages/airflow/example_dags/example_skip_dag.py
[2024-12-21T04:39:42.023+0000] {processor.py:756} INFO - Processing file /home/airflow/.local/lib/python3.7/site-packages/airflow/example_dags/example_skip_dag.py for tasks to queue
[2024-12-21T04:39:42.027+0000] {logging_mixin.py:120} INFO - [2024-12-21T04:39:42.026+0000] {dagbag.py:537} INFO - Filling up the DagBag from /home/airflow/.local/lib/python3.7/site-packages/airflow/example_dags/example_skip_dag.py
[2024-12-21T04:39:42.060+0000] {processor.py:766} INFO - DAG(s) dict_keys(['example_skip_dag']) retrieved from /home/airflow/.local/lib/python3.7/site-packages/airflow/example_dags/example_skip_dag.py
[2024-12-21T04:39:42.137+0000] {logging_mixin.py:120} INFO - [2024-12-21T04:39:42.137+0000] {dag.py:2585} INFO - Sync 1 DAGs
[2024-12-21T04:39:42.187+0000] {logging_mixin.py:120} INFO - [2024-12-21T04:39:42.187+0000] {dag.py:3340} INFO - Setting next_dagrun for example_skip_dag to 2024-12-20T04:39:42.186398+00:00, run_after=2024-12-21T04:39:42.186398+00:00
[2024-12-21T04:39:42.234+0000] {processor.py:176} INFO - Processing /home/airflow/.local/lib/python3.7/site-packages/airflow/example_dags/example_skip_dag.py took 0.222 seconds
[2024-12-21T04:40:13.050+0000] {processor.py:154} INFO - Started process (PID=368) to work on /home/airflow/.local/lib/python3.7/site-packages/airflow/example_dags/example_skip_dag.py
[2024-12-21T04:40:13.051+0000] {processor.py:756} INFO - Processing file /home/airflow/.local/lib/python3.7/site-packages/airflow/example_dags/example_skip_dag.py for tasks to queue
[2024-12-21T04:40:13.052+0000] {logging_mixin.py:120} INFO - [2024-12-21T04:40:13.051+0000] {dagbag.py:537} INFO - Filling up the DagBag from /home/airflow/.local/lib/python3.7/site-packages/airflow/example_dags/example_skip_dag.py
[2024-12-21T04:40:13.066+0000] {processor.py:766} INFO - DAG(s) dict_keys(['example_skip_dag']) retrieved from /home/airflow/.local/lib/python3.7/site-packages/airflow/example_dags/example_skip_dag.py
[2024-12-21T04:40:13.107+0000] {logging_mixin.py:120} INFO - [2024-12-21T04:40:13.107+0000] {dag.py:2585} INFO - Sync 1 DAGs
[2024-12-21T04:40:13.138+0000] {logging_mixin.py:120} INFO - [2024-12-21T04:40:13.138+0000] {dag.py:3340} INFO - Setting next_dagrun for example_skip_dag to 2024-12-20T04:40:13.138336+00:00, run_after=2024-12-21T04:40:13.138336+00:00
[2024-12-21T04:40:13.163+0000] {processor.py:176} INFO - Processing /home/airflow/.local/lib/python3.7/site-packages/airflow/example_dags/example_skip_dag.py took 0.118 seconds
[2024-12-21T04:40:43.884+0000] {processor.py:154} INFO - Started process (PID=422) to work on /home/airflow/.local/lib/python3.7/site-packages/airflow/example_dags/example_skip_dag.py
[2024-12-21T04:40:43.885+0000] {processor.py:756} INFO - Processing file /home/airflow/.local/lib/python3.7/site-packages/airflow/example_dags/example_skip_dag.py for tasks to queue
[2024-12-21T04:40:43.886+0000] {logging_mixin.py:120} INFO - [2024-12-21T04:40:43.886+0000] {dagbag.py:537} INFO - Filling up the DagBag from /home/airflow/.local/lib/python3.7/site-packages/airflow/example_dags/example_skip_dag.py
[2024-12-21T04:40:43.902+0000] {processor.py:766} INFO - DAG(s) dict_keys(['example_skip_dag']) retrieved from /home/airflow/.local/lib/python3.7/site-packages/airflow/example_dags/example_skip_dag.py
[2024-12-21T04:40:43.945+0000] {logging_mixin.py:120} INFO - [2024-12-21T04:40:43.945+0000] {dag.py:2585} INFO - Sync 1 DAGs
[2024-12-21T04:40:43.965+0000] {logging_mixin.py:120} INFO - [2024-12-21T04:40:43.965+0000] {dag.py:3340} INFO - Setting next_dagrun for example_skip_dag to 2024-12-20T04:40:43.965310+00:00, run_after=2024-12-21T04:40:43.965310+00:00
[2024-12-21T04:40:43.982+0000] {processor.py:176} INFO - Processing /home/airflow/.local/lib/python3.7/site-packages/airflow/example_dags/example_skip_dag.py took 0.102 seconds
[2024-12-21T04:41:14.126+0000] {processor.py:154} INFO - Started process (PID=485) to work on /home/airflow/.local/lib/python3.7/site-packages/airflow/example_dags/example_skip_dag.py
[2024-12-21T04:41:14.128+0000] {processor.py:756} INFO - Processing file /home/airflow/.local/lib/python3.7/site-packages/airflow/example_dags/example_skip_dag.py for tasks to queue
[2024-12-21T04:41:14.129+0000] {logging_mixin.py:120} INFO - [2024-12-21T04:41:14.128+0000] {dagbag.py:537} INFO - Filling up the DagBag from /home/airflow/.local/lib/python3.7/site-packages/airflow/example_dags/example_skip_dag.py
[2024-12-21T04:41:14.141+0000] {processor.py:766} INFO - DAG(s) dict_keys(['example_skip_dag']) retrieved from /home/airflow/.local/lib/python3.7/site-packages/airflow/example_dags/example_skip_dag.py
[2024-12-21T04:41:14.181+0000] {logging_mixin.py:120} INFO - [2024-12-21T04:41:14.181+0000] {dag.py:2585} INFO - Sync 1 DAGs
[2024-12-21T04:41:14.206+0000] {logging_mixin.py:120} INFO - [2024-12-21T04:41:14.205+0000] {dag.py:3340} INFO - Setting next_dagrun for example_skip_dag to 2024-12-20T04:41:14.205727+00:00, run_after=2024-12-21T04:41:14.205727+00:00
[2024-12-21T04:41:14.222+0000] {processor.py:176} INFO - Processing /home/airflow/.local/lib/python3.7/site-packages/airflow/example_dags/example_skip_dag.py took 0.100 seconds
[2024-12-21T04:41:44.532+0000] {processor.py:154} INFO - Started process (PID=548) to work on /home/airflow/.local/lib/python3.7/site-packages/airflow/example_dags/example_skip_dag.py
[2024-12-21T04:41:44.533+0000] {processor.py:756} INFO - Processing file /home/airflow/.local/lib/python3.7/site-packages/airflow/example_dags/example_skip_dag.py for tasks to queue
[2024-12-21T04:41:44.533+0000] {logging_mixin.py:120} INFO - [2024-12-21T04:41:44.533+0000] {dagbag.py:537} INFO - Filling up the DagBag from /home/airflow/.local/lib/python3.7/site-packages/airflow/example_dags/example_skip_dag.py
[2024-12-21T04:41:44.544+0000] {processor.py:766} INFO - DAG(s) dict_keys(['example_skip_dag']) retrieved from /home/airflow/.local/lib/python3.7/site-packages/airflow/example_dags/example_skip_dag.py
[2024-12-21T04:41:44.575+0000] {logging_mixin.py:120} INFO - [2024-12-21T04:41:44.574+0000] {dag.py:2585} INFO - Sync 1 DAGs
[2024-12-21T04:41:44.599+0000] {logging_mixin.py:120} INFO - [2024-12-21T04:41:44.599+0000] {dag.py:3340} INFO - Setting next_dagrun for example_skip_dag to 2024-12-20T04:41:44.598995+00:00, run_after=2024-12-21T04:41:44.598995+00:00
[2024-12-21T04:41:44.620+0000] {processor.py:176} INFO - Processing /home/airflow/.local/lib/python3.7/site-packages/airflow/example_dags/example_skip_dag.py took 0.091 seconds
[2024-12-21T04:42:15.001+0000] {processor.py:154} INFO - Started process (PID=602) to work on /home/airflow/.local/lib/python3.7/site-packages/airflow/example_dags/example_skip_dag.py
[2024-12-21T04:42:15.002+0000] {processor.py:756} INFO - Processing file /home/airflow/.local/lib/python3.7/site-packages/airflow/example_dags/example_skip_dag.py for tasks to queue
[2024-12-21T04:42:15.002+0000] {logging_mixin.py:120} INFO - [2024-12-21T04:42:15.002+0000] {dagbag.py:537} INFO - Filling up the DagBag from /home/airflow/.local/lib/python3.7/site-packages/airflow/example_dags/example_skip_dag.py
[2024-12-21T04:42:15.013+0000] {processor.py:766} INFO - DAG(s) dict_keys(['example_skip_dag']) retrieved from /home/airflow/.local/lib/python3.7/site-packages/airflow/example_dags/example_skip_dag.py
[2024-12-21T04:42:15.044+0000] {logging_mixin.py:120} INFO - [2024-12-21T04:42:15.044+0000] {dag.py:2585} INFO - Sync 1 DAGs
[2024-12-21T04:42:15.068+0000] {logging_mixin.py:120} INFO - [2024-12-21T04:42:15.067+0000] {dag.py:3340} INFO - Setting next_dagrun for example_skip_dag to 2024-12-20T04:42:15.067711+00:00, run_after=2024-12-21T04:42:15.067711+00:00
[2024-12-21T04:42:15.105+0000] {processor.py:176} INFO - Processing /home/airflow/.local/lib/python3.7/site-packages/airflow/example_dags/example_skip_dag.py took 0.107 seconds
[2024-12-21T04:42:45.566+0000] {processor.py:154} INFO - Started process (PID=665) to work on /home/airflow/.local/lib/python3.7/site-packages/airflow/example_dags/example_skip_dag.py
[2024-12-21T04:42:45.568+0000] {processor.py:756} INFO - Processing file /home/airflow/.local/lib/python3.7/site-packages/airflow/example_dags/example_skip_dag.py for tasks to queue
[2024-12-21T04:42:45.568+0000] {logging_mixin.py:120} INFO - [2024-12-21T04:42:45.568+0000] {dagbag.py:537} INFO - Filling up the DagBag from /home/airflow/.local/lib/python3.7/site-packages/airflow/example_dags/example_skip_dag.py
[2024-12-21T04:42:45.579+0000] {processor.py:766} INFO - DAG(s) dict_keys(['example_skip_dag']) retrieved from /home/airflow/.local/lib/python3.7/site-packages/airflow/example_dags/example_skip_dag.py
[2024-12-21T04:42:45.627+0000] {logging_mixin.py:120} INFO - [2024-12-21T04:42:45.627+0000] {dag.py:2585} INFO - Sync 1 DAGs
[2024-12-21T04:42:45.663+0000] {logging_mixin.py:120} INFO - [2024-12-21T04:42:45.663+0000] {dag.py:3340} INFO - Setting next_dagrun for example_skip_dag to 2024-12-20T04:42:45.662933+00:00, run_after=2024-12-21T04:42:45.662933+00:00
[2024-12-21T04:42:45.686+0000] {processor.py:176} INFO - Processing /home/airflow/.local/lib/python3.7/site-packages/airflow/example_dags/example_skip_dag.py took 0.123 seconds
[2024-12-21T04:43:16.246+0000] {processor.py:154} INFO - Started process (PID=728) to work on /home/airflow/.local/lib/python3.7/site-packages/airflow/example_dags/example_skip_dag.py
[2024-12-21T04:43:16.247+0000] {processor.py:756} INFO - Processing file /home/airflow/.local/lib/python3.7/site-packages/airflow/example_dags/example_skip_dag.py for tasks to queue
[2024-12-21T04:43:16.247+0000] {logging_mixin.py:120} INFO - [2024-12-21T04:43:16.247+0000] {dagbag.py:537} INFO - Filling up the DagBag from /home/airflow/.local/lib/python3.7/site-packages/airflow/example_dags/example_skip_dag.py
[2024-12-21T04:43:16.260+0000] {processor.py:766} INFO - DAG(s) dict_keys(['example_skip_dag']) retrieved from /home/airflow/.local/lib/python3.7/site-packages/airflow/example_dags/example_skip_dag.py
[2024-12-21T04:43:16.295+0000] {logging_mixin.py:120} INFO - [2024-12-21T04:43:16.295+0000] {dag.py:2585} INFO - Sync 1 DAGs
[2024-12-21T04:43:16.316+0000] {logging_mixin.py:120} INFO - [2024-12-21T04:43:16.316+0000] {dag.py:3340} INFO - Setting next_dagrun for example_skip_dag to 2024-12-20T04:43:16.316397+00:00, run_after=2024-12-21T04:43:16.316397+00:00
[2024-12-21T04:43:16.330+0000] {processor.py:176} INFO - Processing /home/airflow/.local/lib/python3.7/site-packages/airflow/example_dags/example_skip_dag.py took 0.087 seconds
[2024-12-21T04:43:46.852+0000] {processor.py:154} INFO - Started process (PID=791) to work on /home/airflow/.local/lib/python3.7/site-packages/airflow/example_dags/example_skip_dag.py
[2024-12-21T04:43:46.854+0000] {processor.py:756} INFO - Processing file /home/airflow/.local/lib/python3.7/site-packages/airflow/example_dags/example_skip_dag.py for tasks to queue
[2024-12-21T04:43:46.855+0000] {logging_mixin.py:120} INFO - [2024-12-21T04:43:46.855+0000] {dagbag.py:537} INFO - Filling up the DagBag from /home/airflow/.local/lib/python3.7/site-packages/airflow/example_dags/example_skip_dag.py
[2024-12-21T04:43:46.879+0000] {processor.py:766} INFO - DAG(s) dict_keys(['example_skip_dag']) retrieved from /home/airflow/.local/lib/python3.7/site-packages/airflow/example_dags/example_skip_dag.py
[2024-12-21T04:43:46.956+0000] {logging_mixin.py:120} INFO - [2024-12-21T04:43:46.956+0000] {dag.py:2585} INFO - Sync 1 DAGs
[2024-12-21T04:43:46.997+0000] {logging_mixin.py:120} INFO - [2024-12-21T04:43:46.996+0000] {dag.py:3340} INFO - Setting next_dagrun for example_skip_dag to 2024-12-20T04:43:46.996234+00:00, run_after=2024-12-21T04:43:46.996234+00:00
[2024-12-21T04:43:47.032+0000] {processor.py:176} INFO - Processing /home/airflow/.local/lib/python3.7/site-packages/airflow/example_dags/example_skip_dag.py took 0.187 seconds
[2024-12-21T04:44:17.803+0000] {processor.py:154} INFO - Started process (PID=845) to work on /home/airflow/.local/lib/python3.7/site-packages/airflow/example_dags/example_skip_dag.py
[2024-12-21T04:44:17.804+0000] {processor.py:756} INFO - Processing file /home/airflow/.local/lib/python3.7/site-packages/airflow/example_dags/example_skip_dag.py for tasks to queue
[2024-12-21T04:44:17.804+0000] {logging_mixin.py:120} INFO - [2024-12-21T04:44:17.804+0000] {dagbag.py:537} INFO - Filling up the DagBag from /home/airflow/.local/lib/python3.7/site-packages/airflow/example_dags/example_skip_dag.py
[2024-12-21T04:44:17.816+0000] {processor.py:766} INFO - DAG(s) dict_keys(['example_skip_dag']) retrieved from /home/airflow/.local/lib/python3.7/site-packages/airflow/example_dags/example_skip_dag.py
[2024-12-21T04:44:17.845+0000] {logging_mixin.py:120} INFO - [2024-12-21T04:44:17.845+0000] {dag.py:2585} INFO - Sync 1 DAGs
[2024-12-21T04:44:17.864+0000] {logging_mixin.py:120} INFO - [2024-12-21T04:44:17.864+0000] {dag.py:3340} INFO - Setting next_dagrun for example_skip_dag to 2024-12-20T04:44:17.864619+00:00, run_after=2024-12-21T04:44:17.864619+00:00
[2024-12-21T04:44:17.878+0000] {processor.py:176} INFO - Processing /home/airflow/.local/lib/python3.7/site-packages/airflow/example_dags/example_skip_dag.py took 0.077 seconds
[2024-12-21T04:44:48.143+0000] {processor.py:154} INFO - Started process (PID=908) to work on /home/airflow/.local/lib/python3.7/site-packages/airflow/example_dags/example_skip_dag.py
[2024-12-21T04:44:48.146+0000] {processor.py:756} INFO - Processing file /home/airflow/.local/lib/python3.7/site-packages/airflow/example_dags/example_skip_dag.py for tasks to queue
[2024-12-21T04:44:48.149+0000] {logging_mixin.py:120} INFO - [2024-12-21T04:44:48.148+0000] {dagbag.py:537} INFO - Filling up the DagBag from /home/airflow/.local/lib/python3.7/site-packages/airflow/example_dags/example_skip_dag.py
[2024-12-21T04:44:48.182+0000] {processor.py:766} INFO - DAG(s) dict_keys(['example_skip_dag']) retrieved from /home/airflow/.local/lib/python3.7/site-packages/airflow/example_dags/example_skip_dag.py
[2024-12-21T04:44:48.249+0000] {logging_mixin.py:120} INFO - [2024-12-21T04:44:48.248+0000] {dag.py:2585} INFO - Sync 1 DAGs
[2024-12-21T04:44:48.281+0000] {logging_mixin.py:120} INFO - [2024-12-21T04:44:48.281+0000] {dag.py:3340} INFO - Setting next_dagrun for example_skip_dag to 2024-12-20T04:44:48.281421+00:00, run_after=2024-12-21T04:44:48.281421+00:00
[2024-12-21T04:44:48.304+0000] {processor.py:176} INFO - Processing /home/airflow/.local/lib/python3.7/site-packages/airflow/example_dags/example_skip_dag.py took 0.169 seconds
[2024-12-21T04:45:18.668+0000] {processor.py:154} INFO - Started process (PID=962) to work on /home/airflow/.local/lib/python3.7/site-packages/airflow/example_dags/example_skip_dag.py
[2024-12-21T04:45:18.669+0000] {processor.py:756} INFO - Processing file /home/airflow/.local/lib/python3.7/site-packages/airflow/example_dags/example_skip_dag.py for tasks to queue
[2024-12-21T04:45:18.670+0000] {logging_mixin.py:120} INFO - [2024-12-21T04:45:18.670+0000] {dagbag.py:537} INFO - Filling up the DagBag from /home/airflow/.local/lib/python3.7/site-packages/airflow/example_dags/example_skip_dag.py
[2024-12-21T04:45:18.684+0000] {processor.py:766} INFO - DAG(s) dict_keys(['example_skip_dag']) retrieved from /home/airflow/.local/lib/python3.7/site-packages/airflow/example_dags/example_skip_dag.py
[2024-12-21T04:45:18.724+0000] {logging_mixin.py:120} INFO - [2024-12-21T04:45:18.724+0000] {dag.py:2585} INFO - Sync 1 DAGs
[2024-12-21T04:45:18.748+0000] {logging_mixin.py:120} INFO - [2024-12-21T04:45:18.747+0000] {dag.py:3340} INFO - Setting next_dagrun for example_skip_dag to 2024-12-20T04:45:18.747678+00:00, run_after=2024-12-21T04:45:18.747678+00:00
[2024-12-21T04:45:18.765+0000] {processor.py:176} INFO - Processing /home/airflow/.local/lib/python3.7/site-packages/airflow/example_dags/example_skip_dag.py took 0.102 seconds
[2024-12-21T04:45:49.350+0000] {processor.py:154} INFO - Started process (PID=1025) to work on /home/airflow/.local/lib/python3.7/site-packages/airflow/example_dags/example_skip_dag.py
[2024-12-21T04:45:49.351+0000] {processor.py:756} INFO - Processing file /home/airflow/.local/lib/python3.7/site-packages/airflow/example_dags/example_skip_dag.py for tasks to queue
[2024-12-21T04:45:49.351+0000] {logging_mixin.py:120} INFO - [2024-12-21T04:45:49.351+0000] {dagbag.py:537} INFO - Filling up the DagBag from /home/airflow/.local/lib/python3.7/site-packages/airflow/example_dags/example_skip_dag.py
[2024-12-21T04:45:49.362+0000] {processor.py:766} INFO - DAG(s) dict_keys(['example_skip_dag']) retrieved from /home/airflow/.local/lib/python3.7/site-packages/airflow/example_dags/example_skip_dag.py
[2024-12-21T04:45:49.392+0000] {logging_mixin.py:120} INFO - [2024-12-21T04:45:49.392+0000] {dag.py:2585} INFO - Sync 1 DAGs
[2024-12-21T04:45:49.410+0000] {logging_mixin.py:120} INFO - [2024-12-21T04:45:49.410+0000] {dag.py:3340} INFO - Setting next_dagrun for example_skip_dag to 2024-12-20T04:45:49.410692+00:00, run_after=2024-12-21T04:45:49.410692+00:00
[2024-12-21T04:45:49.425+0000] {processor.py:176} INFO - Processing /home/airflow/.local/lib/python3.7/site-packages/airflow/example_dags/example_skip_dag.py took 0.077 seconds
[2024-12-21T04:46:19.654+0000] {processor.py:154} INFO - Started process (PID=1088) to work on /home/airflow/.local/lib/python3.7/site-packages/airflow/example_dags/example_skip_dag.py
[2024-12-21T04:46:19.656+0000] {processor.py:756} INFO - Processing file /home/airflow/.local/lib/python3.7/site-packages/airflow/example_dags/example_skip_dag.py for tasks to queue
[2024-12-21T04:46:19.657+0000] {logging_mixin.py:120} INFO - [2024-12-21T04:46:19.657+0000] {dagbag.py:537} INFO - Filling up the DagBag from /home/airflow/.local/lib/python3.7/site-packages/airflow/example_dags/example_skip_dag.py
[2024-12-21T04:46:19.674+0000] {processor.py:766} INFO - DAG(s) dict_keys(['example_skip_dag']) retrieved from /home/airflow/.local/lib/python3.7/site-packages/airflow/example_dags/example_skip_dag.py
[2024-12-21T04:46:19.724+0000] {logging_mixin.py:120} INFO - [2024-12-21T04:46:19.724+0000] {dag.py:2585} INFO - Sync 1 DAGs
[2024-12-21T04:46:19.846+0000] {logging_mixin.py:120} INFO - [2024-12-21T04:46:19.845+0000] {dag.py:3340} INFO - Setting next_dagrun for example_skip_dag to 2024-12-20T04:46:19.843568+00:00, run_after=2024-12-21T04:46:19.843568+00:00
[2024-12-21T04:46:19.957+0000] {processor.py:176} INFO - Processing /home/airflow/.local/lib/python3.7/site-packages/airflow/example_dags/example_skip_dag.py took 0.309 seconds
[2024-12-21T04:46:50.704+0000] {processor.py:154} INFO - Started process (PID=1151) to work on /home/airflow/.local/lib/python3.7/site-packages/airflow/example_dags/example_skip_dag.py
[2024-12-21T04:46:50.707+0000] {processor.py:756} INFO - Processing file /home/airflow/.local/lib/python3.7/site-packages/airflow/example_dags/example_skip_dag.py for tasks to queue
[2024-12-21T04:46:50.708+0000] {logging_mixin.py:120} INFO - [2024-12-21T04:46:50.708+0000] {dagbag.py:537} INFO - Filling up the DagBag from /home/airflow/.local/lib/python3.7/site-packages/airflow/example_dags/example_skip_dag.py
[2024-12-21T04:46:50.720+0000] {processor.py:766} INFO - DAG(s) dict_keys(['example_skip_dag']) retrieved from /home/airflow/.local/lib/python3.7/site-packages/airflow/example_dags/example_skip_dag.py
[2024-12-21T04:46:50.769+0000] {logging_mixin.py:120} INFO - [2024-12-21T04:46:50.769+0000] {dag.py:2585} INFO - Sync 1 DAGs
[2024-12-21T04:46:50.798+0000] {logging_mixin.py:120} INFO - [2024-12-21T04:46:50.798+0000] {dag.py:3340} INFO - Setting next_dagrun for example_skip_dag to 2024-12-20T04:46:50.798228+00:00, run_after=2024-12-21T04:46:50.798228+00:00
[2024-12-21T04:46:50.825+0000] {processor.py:176} INFO - Processing /home/airflow/.local/lib/python3.7/site-packages/airflow/example_dags/example_skip_dag.py took 0.124 seconds
[2024-12-21T04:47:21.168+0000] {processor.py:154} INFO - Started process (PID=1205) to work on /home/airflow/.local/lib/python3.7/site-packages/airflow/example_dags/example_skip_dag.py
[2024-12-21T04:47:21.170+0000] {processor.py:756} INFO - Processing file /home/airflow/.local/lib/python3.7/site-packages/airflow/example_dags/example_skip_dag.py for tasks to queue
[2024-12-21T04:47:21.171+0000] {logging_mixin.py:120} INFO - [2024-12-21T04:47:21.171+0000] {dagbag.py:537} INFO - Filling up the DagBag from /home/airflow/.local/lib/python3.7/site-packages/airflow/example_dags/example_skip_dag.py
[2024-12-21T04:47:21.185+0000] {processor.py:766} INFO - DAG(s) dict_keys(['example_skip_dag']) retrieved from /home/airflow/.local/lib/python3.7/site-packages/airflow/example_dags/example_skip_dag.py
[2024-12-21T04:47:21.221+0000] {logging_mixin.py:120} INFO - [2024-12-21T04:47:21.221+0000] {dag.py:2585} INFO - Sync 1 DAGs
[2024-12-21T04:47:21.248+0000] {logging_mixin.py:120} INFO - [2024-12-21T04:47:21.248+0000] {dag.py:3340} INFO - Setting next_dagrun for example_skip_dag to 2024-12-20T04:47:21.248192+00:00, run_after=2024-12-21T04:47:21.248192+00:00
[2024-12-21T04:47:21.262+0000] {processor.py:176} INFO - Processing /home/airflow/.local/lib/python3.7/site-packages/airflow/example_dags/example_skip_dag.py took 0.099 seconds
[2024-12-21T04:47:51.829+0000] {processor.py:154} INFO - Started process (PID=1268) to work on /home/airflow/.local/lib/python3.7/site-packages/airflow/example_dags/example_skip_dag.py
[2024-12-21T04:47:51.831+0000] {processor.py:756} INFO - Processing file /home/airflow/.local/lib/python3.7/site-packages/airflow/example_dags/example_skip_dag.py for tasks to queue
[2024-12-21T04:47:51.832+0000] {logging_mixin.py:120} INFO - [2024-12-21T04:47:51.831+0000] {dagbag.py:537} INFO - Filling up the DagBag from /home/airflow/.local/lib/python3.7/site-packages/airflow/example_dags/example_skip_dag.py
[2024-12-21T04:47:51.850+0000] {processor.py:766} INFO - DAG(s) dict_keys(['example_skip_dag']) retrieved from /home/airflow/.local/lib/python3.7/site-packages/airflow/example_dags/example_skip_dag.py
[2024-12-21T04:47:51.900+0000] {logging_mixin.py:120} INFO - [2024-12-21T04:47:51.900+0000] {dag.py:2585} INFO - Sync 1 DAGs
[2024-12-21T04:47:51.930+0000] {logging_mixin.py:120} INFO - [2024-12-21T04:47:51.930+0000] {dag.py:3340} INFO - Setting next_dagrun for example_skip_dag to 2024-12-20T04:47:51.930255+00:00, run_after=2024-12-21T04:47:51.930255+00:00
[2024-12-21T04:47:51.948+0000] {processor.py:176} INFO - Processing /home/airflow/.local/lib/python3.7/site-packages/airflow/example_dags/example_skip_dag.py took 0.126 seconds
[2024-12-21T04:48:22.256+0000] {processor.py:154} INFO - Started process (PID=1331) to work on /home/airflow/.local/lib/python3.7/site-packages/airflow/example_dags/example_skip_dag.py
[2024-12-21T04:48:22.259+0000] {processor.py:756} INFO - Processing file /home/airflow/.local/lib/python3.7/site-packages/airflow/example_dags/example_skip_dag.py for tasks to queue
[2024-12-21T04:48:22.262+0000] {logging_mixin.py:120} INFO - [2024-12-21T04:48:22.262+0000] {dagbag.py:537} INFO - Filling up the DagBag from /home/airflow/.local/lib/python3.7/site-packages/airflow/example_dags/example_skip_dag.py
[2024-12-21T04:48:22.275+0000] {processor.py:766} INFO - DAG(s) dict_keys(['example_skip_dag']) retrieved from /home/airflow/.local/lib/python3.7/site-packages/airflow/example_dags/example_skip_dag.py
[2024-12-21T04:48:22.312+0000] {logging_mixin.py:120} INFO - [2024-12-21T04:48:22.312+0000] {dag.py:2585} INFO - Sync 1 DAGs
[2024-12-21T04:48:22.333+0000] {logging_mixin.py:120} INFO - [2024-12-21T04:48:22.333+0000] {dag.py:3340} INFO - Setting next_dagrun for example_skip_dag to 2024-12-20T04:48:22.332944+00:00, run_after=2024-12-21T04:48:22.332944+00:00
[2024-12-21T04:48:22.347+0000] {processor.py:176} INFO - Processing /home/airflow/.local/lib/python3.7/site-packages/airflow/example_dags/example_skip_dag.py took 0.096 seconds
[2024-12-21T04:48:53.154+0000] {processor.py:154} INFO - Started process (PID=1385) to work on /home/airflow/.local/lib/python3.7/site-packages/airflow/example_dags/example_skip_dag.py
[2024-12-21T04:48:53.156+0000] {processor.py:756} INFO - Processing file /home/airflow/.local/lib/python3.7/site-packages/airflow/example_dags/example_skip_dag.py for tasks to queue
[2024-12-21T04:48:53.157+0000] {logging_mixin.py:120} INFO - [2024-12-21T04:48:53.157+0000] {dagbag.py:537} INFO - Filling up the DagBag from /home/airflow/.local/lib/python3.7/site-packages/airflow/example_dags/example_skip_dag.py
[2024-12-21T04:48:53.171+0000] {processor.py:766} INFO - DAG(s) dict_keys(['example_skip_dag']) retrieved from /home/airflow/.local/lib/python3.7/site-packages/airflow/example_dags/example_skip_dag.py
[2024-12-21T04:48:53.208+0000] {logging_mixin.py:120} INFO - [2024-12-21T04:48:53.207+0000] {dag.py:2585} INFO - Sync 1 DAGs
[2024-12-21T04:48:53.226+0000] {logging_mixin.py:120} INFO - [2024-12-21T04:48:53.226+0000] {dag.py:3340} INFO - Setting next_dagrun for example_skip_dag to 2024-12-20T04:48:53.226629+00:00, run_after=2024-12-21T04:48:53.226629+00:00
[2024-12-21T04:48:53.240+0000] {processor.py:176} INFO - Processing /home/airflow/.local/lib/python3.7/site-packages/airflow/example_dags/example_skip_dag.py took 0.090 seconds
[2024-12-21T04:49:23.841+0000] {processor.py:154} INFO - Started process (PID=1448) to work on /home/airflow/.local/lib/python3.7/site-packages/airflow/example_dags/example_skip_dag.py
[2024-12-21T04:49:23.842+0000] {processor.py:756} INFO - Processing file /home/airflow/.local/lib/python3.7/site-packages/airflow/example_dags/example_skip_dag.py for tasks to queue
[2024-12-21T04:49:23.846+0000] {logging_mixin.py:120} INFO - [2024-12-21T04:49:23.846+0000] {dagbag.py:537} INFO - Filling up the DagBag from /home/airflow/.local/lib/python3.7/site-packages/airflow/example_dags/example_skip_dag.py
[2024-12-21T04:49:23.866+0000] {processor.py:766} INFO - DAG(s) dict_keys(['example_skip_dag']) retrieved from /home/airflow/.local/lib/python3.7/site-packages/airflow/example_dags/example_skip_dag.py
[2024-12-21T04:49:23.917+0000] {logging_mixin.py:120} INFO - [2024-12-21T04:49:23.917+0000] {dag.py:2585} INFO - Sync 1 DAGs
[2024-12-21T04:49:23.949+0000] {logging_mixin.py:120} INFO - [2024-12-21T04:49:23.949+0000] {dag.py:3340} INFO - Setting next_dagrun for example_skip_dag to 2024-12-20T04:49:23.948958+00:00, run_after=2024-12-21T04:49:23.948958+00:00
[2024-12-21T04:49:23.974+0000] {processor.py:176} INFO - Processing /home/airflow/.local/lib/python3.7/site-packages/airflow/example_dags/example_skip_dag.py took 0.136 seconds
