[2024-12-21T04:37:37.614+0000] {processor.py:154} INFO - Started process (PID=59) to work on /home/airflow/.local/lib/python3.7/site-packages/airflow/example_dags/example_datasets.py
[2024-12-21T04:37:37.618+0000] {processor.py:756} INFO - Processing file /home/airflow/.local/lib/python3.7/site-packages/airflow/example_dags/example_datasets.py for tasks to queue
[2024-12-21T04:37:37.620+0000] {logging_mixin.py:120} INFO - [2024-12-21T04:37:37.620+0000] {dagbag.py:537} INFO - Filling up the DagBag from /home/airflow/.local/lib/python3.7/site-packages/airflow/example_dags/example_datasets.py
[2024-12-21T04:37:37.659+0000] {processor.py:766} INFO - DAG(s) dict_keys(['dataset_consumes_1_and_2', 'dataset_produces_1', 'dataset_consumes_1', 'dataset_consumes_1_never_scheduled', 'dataset_consumes_unknown_never_scheduled', 'dataset_produces_2']) retrieved from /home/airflow/.local/lib/python3.7/site-packages/airflow/example_dags/example_datasets.py
[2024-12-21T04:37:38.063+0000] {logging_mixin.py:120} INFO - [2024-12-21T04:37:38.063+0000] {manager.py:507} INFO - Created Permission View: can delete on DAG:dataset_consumes_1_and_2
[2024-12-21T04:37:38.087+0000] {logging_mixin.py:120} INFO - [2024-12-21T04:37:38.087+0000] {manager.py:507} INFO - Created Permission View: can edit on DAG:dataset_consumes_1_and_2
[2024-12-21T04:37:38.098+0000] {logging_mixin.py:120} INFO - [2024-12-21T04:37:38.098+0000] {manager.py:507} INFO - Created Permission View: can read on DAG:dataset_consumes_1_and_2
[2024-12-21T04:37:38.119+0000] {logging_mixin.py:120} INFO - [2024-12-21T04:37:38.119+0000] {manager.py:507} INFO - Created Permission View: can delete on DAG:dataset_produces_1
[2024-12-21T04:37:38.133+0000] {logging_mixin.py:120} INFO - [2024-12-21T04:37:38.133+0000] {manager.py:507} INFO - Created Permission View: can edit on DAG:dataset_produces_1
[2024-12-21T04:37:38.153+0000] {logging_mixin.py:120} INFO - [2024-12-21T04:37:38.152+0000] {manager.py:507} INFO - Created Permission View: can read on DAG:dataset_produces_1
[2024-12-21T04:37:38.186+0000] {logging_mixin.py:120} INFO - [2024-12-21T04:37:38.185+0000] {manager.py:507} INFO - Created Permission View: can delete on DAG:dataset_consumes_1
[2024-12-21T04:37:38.213+0000] {logging_mixin.py:120} INFO - [2024-12-21T04:37:38.212+0000] {manager.py:507} INFO - Created Permission View: can edit on DAG:dataset_consumes_1
[2024-12-21T04:37:38.249+0000] {logging_mixin.py:120} INFO - [2024-12-21T04:37:38.248+0000] {manager.py:507} INFO - Created Permission View: can read on DAG:dataset_consumes_1
[2024-12-21T04:37:38.288+0000] {logging_mixin.py:120} INFO - [2024-12-21T04:37:38.288+0000] {manager.py:507} INFO - Created Permission View: can delete on DAG:dataset_consumes_1_never_scheduled
[2024-12-21T04:37:38.315+0000] {logging_mixin.py:120} INFO - [2024-12-21T04:37:38.314+0000] {manager.py:507} INFO - Created Permission View: can edit on DAG:dataset_consumes_1_never_scheduled
[2024-12-21T04:37:38.330+0000] {logging_mixin.py:120} INFO - [2024-12-21T04:37:38.330+0000] {manager.py:507} INFO - Created Permission View: can read on DAG:dataset_consumes_1_never_scheduled
[2024-12-21T04:37:38.359+0000] {logging_mixin.py:120} INFO - [2024-12-21T04:37:38.359+0000] {manager.py:507} INFO - Created Permission View: can delete on DAG:dataset_consumes_unknown_never_scheduled
[2024-12-21T04:37:38.377+0000] {logging_mixin.py:120} INFO - [2024-12-21T04:37:38.377+0000] {manager.py:507} INFO - Created Permission View: can edit on DAG:dataset_consumes_unknown_never_scheduled
[2024-12-21T04:37:38.452+0000] {logging_mixin.py:120} INFO - [2024-12-21T04:37:38.451+0000] {manager.py:507} INFO - Created Permission View: can read on DAG:dataset_consumes_unknown_never_scheduled
[2024-12-21T04:37:38.482+0000] {logging_mixin.py:120} INFO - [2024-12-21T04:37:38.482+0000] {manager.py:507} INFO - Created Permission View: can delete on DAG:dataset_produces_2
[2024-12-21T04:37:38.495+0000] {logging_mixin.py:120} INFO - [2024-12-21T04:37:38.494+0000] {manager.py:507} INFO - Created Permission View: can edit on DAG:dataset_produces_2
[2024-12-21T04:37:38.509+0000] {logging_mixin.py:120} INFO - [2024-12-21T04:37:38.509+0000] {manager.py:507} INFO - Created Permission View: can read on DAG:dataset_produces_2
[2024-12-21T04:37:38.510+0000] {logging_mixin.py:120} INFO - [2024-12-21T04:37:38.510+0000] {dag.py:2585} INFO - Sync 6 DAGs
[2024-12-21T04:37:38.545+0000] {logging_mixin.py:120} INFO - [2024-12-21T04:37:38.544+0000] {dag.py:2606} INFO - Creating ORM DAG for dataset_consumes_1_never_scheduled
[2024-12-21T04:37:38.549+0000] {logging_mixin.py:120} INFO - [2024-12-21T04:37:38.548+0000] {dag.py:2606} INFO - Creating ORM DAG for dataset_consumes_1
[2024-12-21T04:37:38.551+0000] {logging_mixin.py:120} INFO - [2024-12-21T04:37:38.551+0000] {dag.py:2606} INFO - Creating ORM DAG for dataset_produces_2
[2024-12-21T04:37:38.554+0000] {logging_mixin.py:120} INFO - [2024-12-21T04:37:38.554+0000] {dag.py:2606} INFO - Creating ORM DAG for dataset_consumes_unknown_never_scheduled
[2024-12-21T04:37:38.556+0000] {logging_mixin.py:120} INFO - [2024-12-21T04:37:38.556+0000] {dag.py:2606} INFO - Creating ORM DAG for dataset_produces_1
[2024-12-21T04:37:38.558+0000] {logging_mixin.py:120} INFO - [2024-12-21T04:37:38.557+0000] {dag.py:2606} INFO - Creating ORM DAG for dataset_consumes_1_and_2
[2024-12-21T04:37:38.594+0000] {logging_mixin.py:120} INFO - [2024-12-21T04:37:38.594+0000] {dag.py:3340} INFO - Setting next_dagrun for dataset_consumes_1 to None, run_after=None
[2024-12-21T04:37:38.596+0000] {logging_mixin.py:120} INFO - [2024-12-21T04:37:38.596+0000] {dag.py:3340} INFO - Setting next_dagrun for dataset_consumes_1_and_2 to None, run_after=None
[2024-12-21T04:37:38.598+0000] {logging_mixin.py:120} INFO - [2024-12-21T04:37:38.598+0000] {dag.py:3340} INFO - Setting next_dagrun for dataset_consumes_1_never_scheduled to None, run_after=None
[2024-12-21T04:37:38.602+0000] {logging_mixin.py:120} INFO - [2024-12-21T04:37:38.601+0000] {dag.py:3340} INFO - Setting next_dagrun for dataset_consumes_unknown_never_scheduled to None, run_after=None
[2024-12-21T04:37:38.623+0000] {logging_mixin.py:120} INFO - [2024-12-21T04:37:38.621+0000] {dag.py:3340} INFO - Setting next_dagrun for dataset_produces_1 to 2024-12-20T00:00:00+00:00, run_after=2024-12-21T00:00:00+00:00
[2024-12-21T04:37:38.629+0000] {logging_mixin.py:120} INFO - [2024-12-21T04:37:38.628+0000] {dag.py:3340} INFO - Setting next_dagrun for dataset_produces_2 to None, run_after=None
[2024-12-21T04:37:38.875+0000] {processor.py:176} INFO - Processing /home/airflow/.local/lib/python3.7/site-packages/airflow/example_dags/example_datasets.py took 1.267 seconds
[2024-12-21T04:38:09.254+0000] {processor.py:154} INFO - Started process (PID=122) to work on /home/airflow/.local/lib/python3.7/site-packages/airflow/example_dags/example_datasets.py
[2024-12-21T04:38:09.254+0000] {processor.py:756} INFO - Processing file /home/airflow/.local/lib/python3.7/site-packages/airflow/example_dags/example_datasets.py for tasks to queue
[2024-12-21T04:38:09.259+0000] {logging_mixin.py:120} INFO - [2024-12-21T04:38:09.259+0000] {dagbag.py:537} INFO - Filling up the DagBag from /home/airflow/.local/lib/python3.7/site-packages/airflow/example_dags/example_datasets.py
[2024-12-21T04:38:09.333+0000] {processor.py:766} INFO - DAG(s) dict_keys(['dataset_consumes_unknown_never_scheduled', 'dataset_produces_1', 'dataset_produces_2', 'dataset_consumes_1_never_scheduled', 'dataset_consumes_1', 'dataset_consumes_1_and_2']) retrieved from /home/airflow/.local/lib/python3.7/site-packages/airflow/example_dags/example_datasets.py
[2024-12-21T04:38:09.408+0000] {logging_mixin.py:120} INFO - [2024-12-21T04:38:09.407+0000] {dag.py:2585} INFO - Sync 6 DAGs
[2024-12-21T04:38:09.438+0000] {logging_mixin.py:120} INFO - [2024-12-21T04:38:09.438+0000] {dag.py:3340} INFO - Setting next_dagrun for dataset_consumes_1 to None, run_after=None
[2024-12-21T04:38:09.441+0000] {logging_mixin.py:120} INFO - [2024-12-21T04:38:09.441+0000] {dag.py:3340} INFO - Setting next_dagrun for dataset_consumes_1_and_2 to None, run_after=None
[2024-12-21T04:38:09.442+0000] {logging_mixin.py:120} INFO - [2024-12-21T04:38:09.442+0000] {dag.py:3340} INFO - Setting next_dagrun for dataset_consumes_1_never_scheduled to None, run_after=None
[2024-12-21T04:38:09.443+0000] {logging_mixin.py:120} INFO - [2024-12-21T04:38:09.443+0000] {dag.py:3340} INFO - Setting next_dagrun for dataset_consumes_unknown_never_scheduled to None, run_after=None
[2024-12-21T04:38:09.445+0000] {logging_mixin.py:120} INFO - [2024-12-21T04:38:09.445+0000] {dag.py:3340} INFO - Setting next_dagrun for dataset_produces_1 to 2024-12-20T00:00:00+00:00, run_after=2024-12-21T00:00:00+00:00
[2024-12-21T04:38:09.446+0000] {logging_mixin.py:120} INFO - [2024-12-21T04:38:09.446+0000] {dag.py:3340} INFO - Setting next_dagrun for dataset_produces_2 to None, run_after=None
[2024-12-21T04:38:09.470+0000] {processor.py:176} INFO - Processing /home/airflow/.local/lib/python3.7/site-packages/airflow/example_dags/example_datasets.py took 0.219 seconds
[2024-12-21T04:38:40.417+0000] {processor.py:154} INFO - Started process (PID=186) to work on /home/airflow/.local/lib/python3.7/site-packages/airflow/example_dags/example_datasets.py
[2024-12-21T04:38:40.424+0000] {processor.py:756} INFO - Processing file /home/airflow/.local/lib/python3.7/site-packages/airflow/example_dags/example_datasets.py for tasks to queue
[2024-12-21T04:38:40.427+0000] {logging_mixin.py:120} INFO - [2024-12-21T04:38:40.427+0000] {dagbag.py:537} INFO - Filling up the DagBag from /home/airflow/.local/lib/python3.7/site-packages/airflow/example_dags/example_datasets.py
[2024-12-21T04:38:40.522+0000] {processor.py:766} INFO - DAG(s) dict_keys(['dataset_produces_2', 'dataset_consumes_1_never_scheduled', 'dataset_produces_1', 'dataset_consumes_1_and_2', 'dataset_consumes_1', 'dataset_consumes_unknown_never_scheduled']) retrieved from /home/airflow/.local/lib/python3.7/site-packages/airflow/example_dags/example_datasets.py
[2024-12-21T04:38:40.754+0000] {logging_mixin.py:120} INFO - [2024-12-21T04:38:40.753+0000] {dag.py:2585} INFO - Sync 6 DAGs
[2024-12-21T04:38:40.805+0000] {logging_mixin.py:120} INFO - [2024-12-21T04:38:40.804+0000] {dag.py:3340} INFO - Setting next_dagrun for dataset_consumes_1 to None, run_after=None
[2024-12-21T04:38:40.812+0000] {logging_mixin.py:120} INFO - [2024-12-21T04:38:40.811+0000] {dag.py:3340} INFO - Setting next_dagrun for dataset_consumes_1_and_2 to None, run_after=None
[2024-12-21T04:38:40.814+0000] {logging_mixin.py:120} INFO - [2024-12-21T04:38:40.814+0000] {dag.py:3340} INFO - Setting next_dagrun for dataset_consumes_1_never_scheduled to None, run_after=None
[2024-12-21T04:38:40.817+0000] {logging_mixin.py:120} INFO - [2024-12-21T04:38:40.817+0000] {dag.py:3340} INFO - Setting next_dagrun for dataset_consumes_unknown_never_scheduled to None, run_after=None
[2024-12-21T04:38:40.822+0000] {logging_mixin.py:120} INFO - [2024-12-21T04:38:40.822+0000] {dag.py:3340} INFO - Setting next_dagrun for dataset_produces_1 to 2024-12-20T00:00:00+00:00, run_after=2024-12-21T00:00:00+00:00
[2024-12-21T04:38:40.824+0000] {logging_mixin.py:120} INFO - [2024-12-21T04:38:40.824+0000] {dag.py:3340} INFO - Setting next_dagrun for dataset_produces_2 to None, run_after=None
[2024-12-21T04:38:40.881+0000] {processor.py:176} INFO - Processing /home/airflow/.local/lib/python3.7/site-packages/airflow/example_dags/example_datasets.py took 0.493 seconds
[2024-12-21T04:39:11.400+0000] {processor.py:154} INFO - Started process (PID=240) to work on /home/airflow/.local/lib/python3.7/site-packages/airflow/example_dags/example_datasets.py
[2024-12-21T04:39:11.403+0000] {processor.py:756} INFO - Processing file /home/airflow/.local/lib/python3.7/site-packages/airflow/example_dags/example_datasets.py for tasks to queue
[2024-12-21T04:39:11.404+0000] {logging_mixin.py:120} INFO - [2024-12-21T04:39:11.403+0000] {dagbag.py:537} INFO - Filling up the DagBag from /home/airflow/.local/lib/python3.7/site-packages/airflow/example_dags/example_datasets.py
[2024-12-21T04:39:11.445+0000] {processor.py:766} INFO - DAG(s) dict_keys(['dataset_produces_1', 'dataset_consumes_1_and_2', 'dataset_consumes_1', 'dataset_consumes_1_never_scheduled', 'dataset_consumes_unknown_never_scheduled', 'dataset_produces_2']) retrieved from /home/airflow/.local/lib/python3.7/site-packages/airflow/example_dags/example_datasets.py
[2024-12-21T04:39:11.519+0000] {logging_mixin.py:120} INFO - [2024-12-21T04:39:11.519+0000] {dag.py:2585} INFO - Sync 6 DAGs
[2024-12-21T04:39:11.547+0000] {logging_mixin.py:120} INFO - [2024-12-21T04:39:11.546+0000] {dag.py:3340} INFO - Setting next_dagrun for dataset_consumes_1 to None, run_after=None
[2024-12-21T04:39:11.550+0000] {logging_mixin.py:120} INFO - [2024-12-21T04:39:11.550+0000] {dag.py:3340} INFO - Setting next_dagrun for dataset_consumes_1_and_2 to None, run_after=None
[2024-12-21T04:39:11.551+0000] {logging_mixin.py:120} INFO - [2024-12-21T04:39:11.551+0000] {dag.py:3340} INFO - Setting next_dagrun for dataset_consumes_1_never_scheduled to None, run_after=None
[2024-12-21T04:39:11.552+0000] {logging_mixin.py:120} INFO - [2024-12-21T04:39:11.551+0000] {dag.py:3340} INFO - Setting next_dagrun for dataset_consumes_unknown_never_scheduled to None, run_after=None
[2024-12-21T04:39:11.554+0000] {logging_mixin.py:120} INFO - [2024-12-21T04:39:11.554+0000] {dag.py:3340} INFO - Setting next_dagrun for dataset_produces_1 to 2024-12-20T00:00:00+00:00, run_after=2024-12-21T00:00:00+00:00
[2024-12-21T04:39:11.555+0000] {logging_mixin.py:120} INFO - [2024-12-21T04:39:11.554+0000] {dag.py:3340} INFO - Setting next_dagrun for dataset_produces_2 to None, run_after=None
[2024-12-21T04:39:11.579+0000] {processor.py:176} INFO - Processing /home/airflow/.local/lib/python3.7/site-packages/airflow/example_dags/example_datasets.py took 0.187 seconds
[2024-12-21T04:39:41.825+0000] {processor.py:154} INFO - Started process (PID=303) to work on /home/airflow/.local/lib/python3.7/site-packages/airflow/example_dags/example_datasets.py
[2024-12-21T04:39:41.827+0000] {processor.py:756} INFO - Processing file /home/airflow/.local/lib/python3.7/site-packages/airflow/example_dags/example_datasets.py for tasks to queue
[2024-12-21T04:39:41.827+0000] {logging_mixin.py:120} INFO - [2024-12-21T04:39:41.827+0000] {dagbag.py:537} INFO - Filling up the DagBag from /home/airflow/.local/lib/python3.7/site-packages/airflow/example_dags/example_datasets.py
[2024-12-21T04:39:41.845+0000] {processor.py:766} INFO - DAG(s) dict_keys(['dataset_consumes_unknown_never_scheduled', 'dataset_produces_1', 'dataset_consumes_1', 'dataset_consumes_1_never_scheduled', 'dataset_produces_2', 'dataset_consumes_1_and_2']) retrieved from /home/airflow/.local/lib/python3.7/site-packages/airflow/example_dags/example_datasets.py
[2024-12-21T04:39:41.911+0000] {logging_mixin.py:120} INFO - [2024-12-21T04:39:41.911+0000] {dag.py:2585} INFO - Sync 6 DAGs
[2024-12-21T04:39:41.945+0000] {logging_mixin.py:120} INFO - [2024-12-21T04:39:41.945+0000] {dag.py:3340} INFO - Setting next_dagrun for dataset_consumes_1 to None, run_after=None
[2024-12-21T04:39:41.951+0000] {logging_mixin.py:120} INFO - [2024-12-21T04:39:41.951+0000] {dag.py:3340} INFO - Setting next_dagrun for dataset_consumes_1_and_2 to None, run_after=None
[2024-12-21T04:39:41.952+0000] {logging_mixin.py:120} INFO - [2024-12-21T04:39:41.952+0000] {dag.py:3340} INFO - Setting next_dagrun for dataset_consumes_1_never_scheduled to None, run_after=None
[2024-12-21T04:39:41.954+0000] {logging_mixin.py:120} INFO - [2024-12-21T04:39:41.954+0000] {dag.py:3340} INFO - Setting next_dagrun for dataset_consumes_unknown_never_scheduled to None, run_after=None
[2024-12-21T04:39:41.960+0000] {logging_mixin.py:120} INFO - [2024-12-21T04:39:41.959+0000] {dag.py:3340} INFO - Setting next_dagrun for dataset_produces_1 to 2024-12-20T00:00:00+00:00, run_after=2024-12-21T00:00:00+00:00
[2024-12-21T04:39:41.962+0000] {logging_mixin.py:120} INFO - [2024-12-21T04:39:41.961+0000] {dag.py:3340} INFO - Setting next_dagrun for dataset_produces_2 to None, run_after=None
[2024-12-21T04:39:41.994+0000] {processor.py:176} INFO - Processing /home/airflow/.local/lib/python3.7/site-packages/airflow/example_dags/example_datasets.py took 0.181 seconds
[2024-12-21T04:40:12.806+0000] {processor.py:154} INFO - Started process (PID=366) to work on /home/airflow/.local/lib/python3.7/site-packages/airflow/example_dags/example_datasets.py
[2024-12-21T04:40:12.808+0000] {processor.py:756} INFO - Processing file /home/airflow/.local/lib/python3.7/site-packages/airflow/example_dags/example_datasets.py for tasks to queue
[2024-12-21T04:40:12.809+0000] {logging_mixin.py:120} INFO - [2024-12-21T04:40:12.809+0000] {dagbag.py:537} INFO - Filling up the DagBag from /home/airflow/.local/lib/python3.7/site-packages/airflow/example_dags/example_datasets.py
[2024-12-21T04:40:12.835+0000] {processor.py:766} INFO - DAG(s) dict_keys(['dataset_consumes_1_and_2', 'dataset_produces_2', 'dataset_consumes_1_never_scheduled', 'dataset_consumes_1', 'dataset_consumes_unknown_never_scheduled', 'dataset_produces_1']) retrieved from /home/airflow/.local/lib/python3.7/site-packages/airflow/example_dags/example_datasets.py
[2024-12-21T04:40:12.946+0000] {logging_mixin.py:120} INFO - [2024-12-21T04:40:12.945+0000] {dag.py:2585} INFO - Sync 6 DAGs
[2024-12-21T04:40:12.975+0000] {logging_mixin.py:120} INFO - [2024-12-21T04:40:12.975+0000] {dag.py:3340} INFO - Setting next_dagrun for dataset_consumes_1 to None, run_after=None
[2024-12-21T04:40:12.979+0000] {logging_mixin.py:120} INFO - [2024-12-21T04:40:12.979+0000] {dag.py:3340} INFO - Setting next_dagrun for dataset_consumes_1_and_2 to None, run_after=None
[2024-12-21T04:40:12.981+0000] {logging_mixin.py:120} INFO - [2024-12-21T04:40:12.981+0000] {dag.py:3340} INFO - Setting next_dagrun for dataset_consumes_1_never_scheduled to None, run_after=None
[2024-12-21T04:40:12.982+0000] {logging_mixin.py:120} INFO - [2024-12-21T04:40:12.982+0000] {dag.py:3340} INFO - Setting next_dagrun for dataset_consumes_unknown_never_scheduled to None, run_after=None
[2024-12-21T04:40:12.985+0000] {logging_mixin.py:120} INFO - [2024-12-21T04:40:12.985+0000] {dag.py:3340} INFO - Setting next_dagrun for dataset_produces_1 to 2024-12-20T00:00:00+00:00, run_after=2024-12-21T00:00:00+00:00
[2024-12-21T04:40:12.987+0000] {logging_mixin.py:120} INFO - [2024-12-21T04:40:12.987+0000] {dag.py:3340} INFO - Setting next_dagrun for dataset_produces_2 to None, run_after=None
[2024-12-21T04:40:13.027+0000] {processor.py:176} INFO - Processing /home/airflow/.local/lib/python3.7/site-packages/airflow/example_dags/example_datasets.py took 0.229 seconds
[2024-12-21T04:40:43.702+0000] {processor.py:154} INFO - Started process (PID=420) to work on /home/airflow/.local/lib/python3.7/site-packages/airflow/example_dags/example_datasets.py
[2024-12-21T04:40:43.704+0000] {processor.py:756} INFO - Processing file /home/airflow/.local/lib/python3.7/site-packages/airflow/example_dags/example_datasets.py for tasks to queue
[2024-12-21T04:40:43.705+0000] {logging_mixin.py:120} INFO - [2024-12-21T04:40:43.705+0000] {dagbag.py:537} INFO - Filling up the DagBag from /home/airflow/.local/lib/python3.7/site-packages/airflow/example_dags/example_datasets.py
[2024-12-21T04:40:43.727+0000] {processor.py:766} INFO - DAG(s) dict_keys(['dataset_produces_1', 'dataset_consumes_1', 'dataset_produces_2', 'dataset_consumes_1_and_2', 'dataset_consumes_unknown_never_scheduled', 'dataset_consumes_1_never_scheduled']) retrieved from /home/airflow/.local/lib/python3.7/site-packages/airflow/example_dags/example_datasets.py
[2024-12-21T04:40:43.805+0000] {logging_mixin.py:120} INFO - [2024-12-21T04:40:43.804+0000] {dag.py:2585} INFO - Sync 6 DAGs
[2024-12-21T04:40:43.833+0000] {logging_mixin.py:120} INFO - [2024-12-21T04:40:43.833+0000] {dag.py:3340} INFO - Setting next_dagrun for dataset_consumes_1 to None, run_after=None
[2024-12-21T04:40:43.836+0000] {logging_mixin.py:120} INFO - [2024-12-21T04:40:43.836+0000] {dag.py:3340} INFO - Setting next_dagrun for dataset_consumes_1_and_2 to None, run_after=None
[2024-12-21T04:40:43.837+0000] {logging_mixin.py:120} INFO - [2024-12-21T04:40:43.837+0000] {dag.py:3340} INFO - Setting next_dagrun for dataset_consumes_1_never_scheduled to None, run_after=None
[2024-12-21T04:40:43.838+0000] {logging_mixin.py:120} INFO - [2024-12-21T04:40:43.838+0000] {dag.py:3340} INFO - Setting next_dagrun for dataset_consumes_unknown_never_scheduled to None, run_after=None
[2024-12-21T04:40:43.840+0000] {logging_mixin.py:120} INFO - [2024-12-21T04:40:43.840+0000] {dag.py:3340} INFO - Setting next_dagrun for dataset_produces_1 to 2024-12-20T00:00:00+00:00, run_after=2024-12-21T00:00:00+00:00
[2024-12-21T04:40:43.841+0000] {logging_mixin.py:120} INFO - [2024-12-21T04:40:43.841+0000] {dag.py:3340} INFO - Setting next_dagrun for dataset_produces_2 to None, run_after=None
[2024-12-21T04:40:43.864+0000] {processor.py:176} INFO - Processing /home/airflow/.local/lib/python3.7/site-packages/airflow/example_dags/example_datasets.py took 0.169 seconds
[2024-12-21T04:41:13.964+0000] {processor.py:154} INFO - Started process (PID=483) to work on /home/airflow/.local/lib/python3.7/site-packages/airflow/example_dags/example_datasets.py
[2024-12-21T04:41:13.964+0000] {processor.py:756} INFO - Processing file /home/airflow/.local/lib/python3.7/site-packages/airflow/example_dags/example_datasets.py for tasks to queue
[2024-12-21T04:41:13.965+0000] {logging_mixin.py:120} INFO - [2024-12-21T04:41:13.965+0000] {dagbag.py:537} INFO - Filling up the DagBag from /home/airflow/.local/lib/python3.7/site-packages/airflow/example_dags/example_datasets.py
[2024-12-21T04:41:13.983+0000] {processor.py:766} INFO - DAG(s) dict_keys(['dataset_produces_2', 'dataset_produces_1', 'dataset_consumes_unknown_never_scheduled', 'dataset_consumes_1_and_2', 'dataset_consumes_1', 'dataset_consumes_1_never_scheduled']) retrieved from /home/airflow/.local/lib/python3.7/site-packages/airflow/example_dags/example_datasets.py
[2024-12-21T04:41:14.034+0000] {logging_mixin.py:120} INFO - [2024-12-21T04:41:14.034+0000] {dag.py:2585} INFO - Sync 6 DAGs
[2024-12-21T04:41:14.076+0000] {logging_mixin.py:120} INFO - [2024-12-21T04:41:14.076+0000] {dag.py:3340} INFO - Setting next_dagrun for dataset_consumes_1 to None, run_after=None
[2024-12-21T04:41:14.079+0000] {logging_mixin.py:120} INFO - [2024-12-21T04:41:14.079+0000] {dag.py:3340} INFO - Setting next_dagrun for dataset_consumes_1_and_2 to None, run_after=None
[2024-12-21T04:41:14.080+0000] {logging_mixin.py:120} INFO - [2024-12-21T04:41:14.080+0000] {dag.py:3340} INFO - Setting next_dagrun for dataset_consumes_1_never_scheduled to None, run_after=None
[2024-12-21T04:41:14.081+0000] {logging_mixin.py:120} INFO - [2024-12-21T04:41:14.081+0000] {dag.py:3340} INFO - Setting next_dagrun for dataset_consumes_unknown_never_scheduled to None, run_after=None
[2024-12-21T04:41:14.083+0000] {logging_mixin.py:120} INFO - [2024-12-21T04:41:14.083+0000] {dag.py:3340} INFO - Setting next_dagrun for dataset_produces_1 to 2024-12-20T00:00:00+00:00, run_after=2024-12-21T00:00:00+00:00
[2024-12-21T04:41:14.084+0000] {logging_mixin.py:120} INFO - [2024-12-21T04:41:14.084+0000] {dag.py:3340} INFO - Setting next_dagrun for dataset_produces_2 to None, run_after=None
[2024-12-21T04:41:14.105+0000] {processor.py:176} INFO - Processing /home/airflow/.local/lib/python3.7/site-packages/airflow/example_dags/example_datasets.py took 0.144 seconds
[2024-12-21T04:41:44.404+0000] {processor.py:154} INFO - Started process (PID=546) to work on /home/airflow/.local/lib/python3.7/site-packages/airflow/example_dags/example_datasets.py
[2024-12-21T04:41:44.405+0000] {processor.py:756} INFO - Processing file /home/airflow/.local/lib/python3.7/site-packages/airflow/example_dags/example_datasets.py for tasks to queue
[2024-12-21T04:41:44.406+0000] {logging_mixin.py:120} INFO - [2024-12-21T04:41:44.406+0000] {dagbag.py:537} INFO - Filling up the DagBag from /home/airflow/.local/lib/python3.7/site-packages/airflow/example_dags/example_datasets.py
[2024-12-21T04:41:44.419+0000] {processor.py:766} INFO - DAG(s) dict_keys(['dataset_consumes_1', 'dataset_consumes_1_and_2', 'dataset_produces_1', 'dataset_consumes_unknown_never_scheduled', 'dataset_produces_2', 'dataset_consumes_1_never_scheduled']) retrieved from /home/airflow/.local/lib/python3.7/site-packages/airflow/example_dags/example_datasets.py
[2024-12-21T04:41:44.467+0000] {logging_mixin.py:120} INFO - [2024-12-21T04:41:44.467+0000] {dag.py:2585} INFO - Sync 6 DAGs
[2024-12-21T04:41:44.489+0000] {logging_mixin.py:120} INFO - [2024-12-21T04:41:44.489+0000] {dag.py:3340} INFO - Setting next_dagrun for dataset_consumes_1 to None, run_after=None
[2024-12-21T04:41:44.492+0000] {logging_mixin.py:120} INFO - [2024-12-21T04:41:44.492+0000] {dag.py:3340} INFO - Setting next_dagrun for dataset_consumes_1_and_2 to None, run_after=None
[2024-12-21T04:41:44.493+0000] {logging_mixin.py:120} INFO - [2024-12-21T04:41:44.493+0000] {dag.py:3340} INFO - Setting next_dagrun for dataset_consumes_1_never_scheduled to None, run_after=None
[2024-12-21T04:41:44.494+0000] {logging_mixin.py:120} INFO - [2024-12-21T04:41:44.494+0000] {dag.py:3340} INFO - Setting next_dagrun for dataset_consumes_unknown_never_scheduled to None, run_after=None
[2024-12-21T04:41:44.496+0000] {logging_mixin.py:120} INFO - [2024-12-21T04:41:44.496+0000] {dag.py:3340} INFO - Setting next_dagrun for dataset_produces_1 to 2024-12-20T00:00:00+00:00, run_after=2024-12-21T00:00:00+00:00
[2024-12-21T04:41:44.497+0000] {logging_mixin.py:120} INFO - [2024-12-21T04:41:44.497+0000] {dag.py:3340} INFO - Setting next_dagrun for dataset_produces_2 to None, run_after=None
[2024-12-21T04:41:44.517+0000] {processor.py:176} INFO - Processing /home/airflow/.local/lib/python3.7/site-packages/airflow/example_dags/example_datasets.py took 0.116 seconds
[2024-12-21T04:42:14.864+0000] {processor.py:154} INFO - Started process (PID=600) to work on /home/airflow/.local/lib/python3.7/site-packages/airflow/example_dags/example_datasets.py
[2024-12-21T04:42:14.866+0000] {processor.py:756} INFO - Processing file /home/airflow/.local/lib/python3.7/site-packages/airflow/example_dags/example_datasets.py for tasks to queue
[2024-12-21T04:42:14.867+0000] {logging_mixin.py:120} INFO - [2024-12-21T04:42:14.867+0000] {dagbag.py:537} INFO - Filling up the DagBag from /home/airflow/.local/lib/python3.7/site-packages/airflow/example_dags/example_datasets.py
[2024-12-21T04:42:14.883+0000] {processor.py:766} INFO - DAG(s) dict_keys(['dataset_consumes_unknown_never_scheduled', 'dataset_consumes_1_never_scheduled', 'dataset_produces_1', 'dataset_produces_2', 'dataset_consumes_1_and_2', 'dataset_consumes_1']) retrieved from /home/airflow/.local/lib/python3.7/site-packages/airflow/example_dags/example_datasets.py
[2024-12-21T04:42:14.929+0000] {logging_mixin.py:120} INFO - [2024-12-21T04:42:14.929+0000] {dag.py:2585} INFO - Sync 6 DAGs
[2024-12-21T04:42:14.952+0000] {logging_mixin.py:120} INFO - [2024-12-21T04:42:14.951+0000] {dag.py:3340} INFO - Setting next_dagrun for dataset_consumes_1 to None, run_after=None
[2024-12-21T04:42:14.954+0000] {logging_mixin.py:120} INFO - [2024-12-21T04:42:14.954+0000] {dag.py:3340} INFO - Setting next_dagrun for dataset_consumes_1_and_2 to None, run_after=None
[2024-12-21T04:42:14.955+0000] {logging_mixin.py:120} INFO - [2024-12-21T04:42:14.955+0000] {dag.py:3340} INFO - Setting next_dagrun for dataset_consumes_1_never_scheduled to None, run_after=None
[2024-12-21T04:42:14.956+0000] {logging_mixin.py:120} INFO - [2024-12-21T04:42:14.956+0000] {dag.py:3340} INFO - Setting next_dagrun for dataset_consumes_unknown_never_scheduled to None, run_after=None
[2024-12-21T04:42:14.958+0000] {logging_mixin.py:120} INFO - [2024-12-21T04:42:14.958+0000] {dag.py:3340} INFO - Setting next_dagrun for dataset_produces_1 to 2024-12-20T00:00:00+00:00, run_after=2024-12-21T00:00:00+00:00
[2024-12-21T04:42:14.959+0000] {logging_mixin.py:120} INFO - [2024-12-21T04:42:14.959+0000] {dag.py:3340} INFO - Setting next_dagrun for dataset_produces_2 to None, run_after=None
[2024-12-21T04:42:14.982+0000] {processor.py:176} INFO - Processing /home/airflow/.local/lib/python3.7/site-packages/airflow/example_dags/example_datasets.py took 0.121 seconds
[2024-12-21T04:42:45.432+0000] {processor.py:154} INFO - Started process (PID=663) to work on /home/airflow/.local/lib/python3.7/site-packages/airflow/example_dags/example_datasets.py
[2024-12-21T04:42:45.434+0000] {processor.py:756} INFO - Processing file /home/airflow/.local/lib/python3.7/site-packages/airflow/example_dags/example_datasets.py for tasks to queue
[2024-12-21T04:42:45.435+0000] {logging_mixin.py:120} INFO - [2024-12-21T04:42:45.435+0000] {dagbag.py:537} INFO - Filling up the DagBag from /home/airflow/.local/lib/python3.7/site-packages/airflow/example_dags/example_datasets.py
[2024-12-21T04:42:45.454+0000] {processor.py:766} INFO - DAG(s) dict_keys(['dataset_consumes_1_and_2', 'dataset_consumes_unknown_never_scheduled', 'dataset_produces_2', 'dataset_consumes_1_never_scheduled', 'dataset_consumes_1', 'dataset_produces_1']) retrieved from /home/airflow/.local/lib/python3.7/site-packages/airflow/example_dags/example_datasets.py
[2024-12-21T04:42:45.500+0000] {logging_mixin.py:120} INFO - [2024-12-21T04:42:45.500+0000] {dag.py:2585} INFO - Sync 6 DAGs
[2024-12-21T04:42:45.521+0000] {logging_mixin.py:120} INFO - [2024-12-21T04:42:45.521+0000] {dag.py:3340} INFO - Setting next_dagrun for dataset_consumes_1 to None, run_after=None
[2024-12-21T04:42:45.524+0000] {logging_mixin.py:120} INFO - [2024-12-21T04:42:45.524+0000] {dag.py:3340} INFO - Setting next_dagrun for dataset_consumes_1_and_2 to None, run_after=None
[2024-12-21T04:42:45.525+0000] {logging_mixin.py:120} INFO - [2024-12-21T04:42:45.525+0000] {dag.py:3340} INFO - Setting next_dagrun for dataset_consumes_1_never_scheduled to None, run_after=None
[2024-12-21T04:42:45.525+0000] {logging_mixin.py:120} INFO - [2024-12-21T04:42:45.525+0000] {dag.py:3340} INFO - Setting next_dagrun for dataset_consumes_unknown_never_scheduled to None, run_after=None
[2024-12-21T04:42:45.527+0000] {logging_mixin.py:120} INFO - [2024-12-21T04:42:45.527+0000] {dag.py:3340} INFO - Setting next_dagrun for dataset_produces_1 to 2024-12-20T00:00:00+00:00, run_after=2024-12-21T00:00:00+00:00
[2024-12-21T04:42:45.528+0000] {logging_mixin.py:120} INFO - [2024-12-21T04:42:45.528+0000] {dag.py:3340} INFO - Setting next_dagrun for dataset_produces_2 to None, run_after=None
[2024-12-21T04:42:45.549+0000] {processor.py:176} INFO - Processing /home/airflow/.local/lib/python3.7/site-packages/airflow/example_dags/example_datasets.py took 0.123 seconds
[2024-12-21T04:43:16.109+0000] {processor.py:154} INFO - Started process (PID=726) to work on /home/airflow/.local/lib/python3.7/site-packages/airflow/example_dags/example_datasets.py
[2024-12-21T04:43:16.110+0000] {processor.py:756} INFO - Processing file /home/airflow/.local/lib/python3.7/site-packages/airflow/example_dags/example_datasets.py for tasks to queue
[2024-12-21T04:43:16.110+0000] {logging_mixin.py:120} INFO - [2024-12-21T04:43:16.110+0000] {dagbag.py:537} INFO - Filling up the DagBag from /home/airflow/.local/lib/python3.7/site-packages/airflow/example_dags/example_datasets.py
[2024-12-21T04:43:16.128+0000] {processor.py:766} INFO - DAG(s) dict_keys(['dataset_consumes_1_never_scheduled', 'dataset_consumes_unknown_never_scheduled', 'dataset_produces_1', 'dataset_consumes_1_and_2', 'dataset_produces_2', 'dataset_consumes_1']) retrieved from /home/airflow/.local/lib/python3.7/site-packages/airflow/example_dags/example_datasets.py
[2024-12-21T04:43:16.179+0000] {logging_mixin.py:120} INFO - [2024-12-21T04:43:16.179+0000] {dag.py:2585} INFO - Sync 6 DAGs
[2024-12-21T04:43:16.202+0000] {logging_mixin.py:120} INFO - [2024-12-21T04:43:16.202+0000] {dag.py:3340} INFO - Setting next_dagrun for dataset_consumes_1 to None, run_after=None
[2024-12-21T04:43:16.205+0000] {logging_mixin.py:120} INFO - [2024-12-21T04:43:16.205+0000] {dag.py:3340} INFO - Setting next_dagrun for dataset_consumes_1_and_2 to None, run_after=None
[2024-12-21T04:43:16.206+0000] {logging_mixin.py:120} INFO - [2024-12-21T04:43:16.206+0000] {dag.py:3340} INFO - Setting next_dagrun for dataset_consumes_1_never_scheduled to None, run_after=None
[2024-12-21T04:43:16.207+0000] {logging_mixin.py:120} INFO - [2024-12-21T04:43:16.207+0000] {dag.py:3340} INFO - Setting next_dagrun for dataset_consumes_unknown_never_scheduled to None, run_after=None
[2024-12-21T04:43:16.209+0000] {logging_mixin.py:120} INFO - [2024-12-21T04:43:16.209+0000] {dag.py:3340} INFO - Setting next_dagrun for dataset_produces_1 to 2024-12-20T00:00:00+00:00, run_after=2024-12-21T00:00:00+00:00
[2024-12-21T04:43:16.210+0000] {logging_mixin.py:120} INFO - [2024-12-21T04:43:16.210+0000] {dag.py:3340} INFO - Setting next_dagrun for dataset_produces_2 to None, run_after=None
[2024-12-21T04:43:16.232+0000] {processor.py:176} INFO - Processing /home/airflow/.local/lib/python3.7/site-packages/airflow/example_dags/example_datasets.py took 0.127 seconds
[2024-12-21T04:43:46.584+0000] {processor.py:154} INFO - Started process (PID=789) to work on /home/airflow/.local/lib/python3.7/site-packages/airflow/example_dags/example_datasets.py
[2024-12-21T04:43:46.586+0000] {processor.py:756} INFO - Processing file /home/airflow/.local/lib/python3.7/site-packages/airflow/example_dags/example_datasets.py for tasks to queue
[2024-12-21T04:43:46.587+0000] {logging_mixin.py:120} INFO - [2024-12-21T04:43:46.587+0000] {dagbag.py:537} INFO - Filling up the DagBag from /home/airflow/.local/lib/python3.7/site-packages/airflow/example_dags/example_datasets.py
[2024-12-21T04:43:46.615+0000] {processor.py:766} INFO - DAG(s) dict_keys(['dataset_produces_1', 'dataset_produces_2', 'dataset_consumes_unknown_never_scheduled', 'dataset_consumes_1_and_2', 'dataset_consumes_1', 'dataset_consumes_1_never_scheduled']) retrieved from /home/airflow/.local/lib/python3.7/site-packages/airflow/example_dags/example_datasets.py
[2024-12-21T04:43:46.720+0000] {logging_mixin.py:120} INFO - [2024-12-21T04:43:46.719+0000] {dag.py:2585} INFO - Sync 6 DAGs
[2024-12-21T04:43:46.758+0000] {logging_mixin.py:120} INFO - [2024-12-21T04:43:46.758+0000] {dag.py:3340} INFO - Setting next_dagrun for dataset_consumes_1 to None, run_after=None
[2024-12-21T04:43:46.761+0000] {logging_mixin.py:120} INFO - [2024-12-21T04:43:46.761+0000] {dag.py:3340} INFO - Setting next_dagrun for dataset_consumes_1_and_2 to None, run_after=None
[2024-12-21T04:43:46.763+0000] {logging_mixin.py:120} INFO - [2024-12-21T04:43:46.762+0000] {dag.py:3340} INFO - Setting next_dagrun for dataset_consumes_1_never_scheduled to None, run_after=None
[2024-12-21T04:43:46.764+0000] {logging_mixin.py:120} INFO - [2024-12-21T04:43:46.764+0000] {dag.py:3340} INFO - Setting next_dagrun for dataset_consumes_unknown_never_scheduled to None, run_after=None
[2024-12-21T04:43:46.766+0000] {logging_mixin.py:120} INFO - [2024-12-21T04:43:46.766+0000] {dag.py:3340} INFO - Setting next_dagrun for dataset_produces_1 to 2024-12-20T00:00:00+00:00, run_after=2024-12-21T00:00:00+00:00
[2024-12-21T04:43:46.769+0000] {logging_mixin.py:120} INFO - [2024-12-21T04:43:46.768+0000] {dag.py:3340} INFO - Setting next_dagrun for dataset_produces_2 to None, run_after=None
[2024-12-21T04:43:46.817+0000] {processor.py:176} INFO - Processing /home/airflow/.local/lib/python3.7/site-packages/airflow/example_dags/example_datasets.py took 0.241 seconds
[2024-12-21T04:44:17.656+0000] {processor.py:154} INFO - Started process (PID=843) to work on /home/airflow/.local/lib/python3.7/site-packages/airflow/example_dags/example_datasets.py
[2024-12-21T04:44:17.659+0000] {processor.py:756} INFO - Processing file /home/airflow/.local/lib/python3.7/site-packages/airflow/example_dags/example_datasets.py for tasks to queue
[2024-12-21T04:44:17.660+0000] {logging_mixin.py:120} INFO - [2024-12-21T04:44:17.660+0000] {dagbag.py:537} INFO - Filling up the DagBag from /home/airflow/.local/lib/python3.7/site-packages/airflow/example_dags/example_datasets.py
[2024-12-21T04:44:17.682+0000] {processor.py:766} INFO - DAG(s) dict_keys(['dataset_produces_1', 'dataset_consumes_1', 'dataset_consumes_1_and_2', 'dataset_consumes_unknown_never_scheduled', 'dataset_consumes_1_never_scheduled', 'dataset_produces_2']) retrieved from /home/airflow/.local/lib/python3.7/site-packages/airflow/example_dags/example_datasets.py
[2024-12-21T04:44:17.735+0000] {logging_mixin.py:120} INFO - [2024-12-21T04:44:17.735+0000] {dag.py:2585} INFO - Sync 6 DAGs
[2024-12-21T04:44:17.760+0000] {logging_mixin.py:120} INFO - [2024-12-21T04:44:17.760+0000] {dag.py:3340} INFO - Setting next_dagrun for dataset_consumes_1 to None, run_after=None
[2024-12-21T04:44:17.763+0000] {logging_mixin.py:120} INFO - [2024-12-21T04:44:17.763+0000] {dag.py:3340} INFO - Setting next_dagrun for dataset_consumes_1_and_2 to None, run_after=None
[2024-12-21T04:44:17.764+0000] {logging_mixin.py:120} INFO - [2024-12-21T04:44:17.764+0000] {dag.py:3340} INFO - Setting next_dagrun for dataset_consumes_1_never_scheduled to None, run_after=None
[2024-12-21T04:44:17.765+0000] {logging_mixin.py:120} INFO - [2024-12-21T04:44:17.765+0000] {dag.py:3340} INFO - Setting next_dagrun for dataset_consumes_unknown_never_scheduled to None, run_after=None
[2024-12-21T04:44:17.767+0000] {logging_mixin.py:120} INFO - [2024-12-21T04:44:17.767+0000] {dag.py:3340} INFO - Setting next_dagrun for dataset_produces_1 to 2024-12-20T00:00:00+00:00, run_after=2024-12-21T00:00:00+00:00
[2024-12-21T04:44:17.768+0000] {logging_mixin.py:120} INFO - [2024-12-21T04:44:17.768+0000] {dag.py:3340} INFO - Setting next_dagrun for dataset_produces_2 to None, run_after=None
[2024-12-21T04:44:17.790+0000] {processor.py:176} INFO - Processing /home/airflow/.local/lib/python3.7/site-packages/airflow/example_dags/example_datasets.py took 0.139 seconds
[2024-12-21T04:44:47.965+0000] {processor.py:154} INFO - Started process (PID=906) to work on /home/airflow/.local/lib/python3.7/site-packages/airflow/example_dags/example_datasets.py
[2024-12-21T04:44:47.967+0000] {processor.py:756} INFO - Processing file /home/airflow/.local/lib/python3.7/site-packages/airflow/example_dags/example_datasets.py for tasks to queue
[2024-12-21T04:44:47.967+0000] {logging_mixin.py:120} INFO - [2024-12-21T04:44:47.967+0000] {dagbag.py:537} INFO - Filling up the DagBag from /home/airflow/.local/lib/python3.7/site-packages/airflow/example_dags/example_datasets.py
[2024-12-21T04:44:47.982+0000] {processor.py:766} INFO - DAG(s) dict_keys(['dataset_produces_1', 'dataset_consumes_1_and_2', 'dataset_consumes_1', 'dataset_consumes_unknown_never_scheduled', 'dataset_consumes_1_never_scheduled', 'dataset_produces_2']) retrieved from /home/airflow/.local/lib/python3.7/site-packages/airflow/example_dags/example_datasets.py
[2024-12-21T04:44:48.035+0000] {logging_mixin.py:120} INFO - [2024-12-21T04:44:48.034+0000] {dag.py:2585} INFO - Sync 6 DAGs
[2024-12-21T04:44:48.060+0000] {logging_mixin.py:120} INFO - [2024-12-21T04:44:48.059+0000] {dag.py:3340} INFO - Setting next_dagrun for dataset_consumes_1 to None, run_after=None
[2024-12-21T04:44:48.065+0000] {logging_mixin.py:120} INFO - [2024-12-21T04:44:48.065+0000] {dag.py:3340} INFO - Setting next_dagrun for dataset_consumes_1_and_2 to None, run_after=None
[2024-12-21T04:44:48.067+0000] {logging_mixin.py:120} INFO - [2024-12-21T04:44:48.067+0000] {dag.py:3340} INFO - Setting next_dagrun for dataset_consumes_1_never_scheduled to None, run_after=None
[2024-12-21T04:44:48.069+0000] {logging_mixin.py:120} INFO - [2024-12-21T04:44:48.068+0000] {dag.py:3340} INFO - Setting next_dagrun for dataset_consumes_unknown_never_scheduled to None, run_after=None
[2024-12-21T04:44:48.071+0000] {logging_mixin.py:120} INFO - [2024-12-21T04:44:48.071+0000] {dag.py:3340} INFO - Setting next_dagrun for dataset_produces_1 to 2024-12-20T00:00:00+00:00, run_after=2024-12-21T00:00:00+00:00
[2024-12-21T04:44:48.072+0000] {logging_mixin.py:120} INFO - [2024-12-21T04:44:48.072+0000] {dag.py:3340} INFO - Setting next_dagrun for dataset_produces_2 to None, run_after=None
[2024-12-21T04:44:48.099+0000] {processor.py:176} INFO - Processing /home/airflow/.local/lib/python3.7/site-packages/airflow/example_dags/example_datasets.py took 0.137 seconds
[2024-12-21T04:45:18.485+0000] {processor.py:154} INFO - Started process (PID=960) to work on /home/airflow/.local/lib/python3.7/site-packages/airflow/example_dags/example_datasets.py
[2024-12-21T04:45:18.485+0000] {processor.py:756} INFO - Processing file /home/airflow/.local/lib/python3.7/site-packages/airflow/example_dags/example_datasets.py for tasks to queue
[2024-12-21T04:45:18.486+0000] {logging_mixin.py:120} INFO - [2024-12-21T04:45:18.486+0000] {dagbag.py:537} INFO - Filling up the DagBag from /home/airflow/.local/lib/python3.7/site-packages/airflow/example_dags/example_datasets.py
[2024-12-21T04:45:18.499+0000] {processor.py:766} INFO - DAG(s) dict_keys(['dataset_consumes_1_and_2', 'dataset_consumes_1', 'dataset_produces_2', 'dataset_consumes_1_never_scheduled', 'dataset_consumes_unknown_never_scheduled', 'dataset_produces_1']) retrieved from /home/airflow/.local/lib/python3.7/site-packages/airflow/example_dags/example_datasets.py
[2024-12-21T04:45:18.544+0000] {logging_mixin.py:120} INFO - [2024-12-21T04:45:18.544+0000] {dag.py:2585} INFO - Sync 6 DAGs
[2024-12-21T04:45:18.577+0000] {logging_mixin.py:120} INFO - [2024-12-21T04:45:18.577+0000] {dag.py:3340} INFO - Setting next_dagrun for dataset_consumes_1 to None, run_after=None
[2024-12-21T04:45:18.580+0000] {logging_mixin.py:120} INFO - [2024-12-21T04:45:18.579+0000] {dag.py:3340} INFO - Setting next_dagrun for dataset_consumes_1_and_2 to None, run_after=None
[2024-12-21T04:45:18.581+0000] {logging_mixin.py:120} INFO - [2024-12-21T04:45:18.581+0000] {dag.py:3340} INFO - Setting next_dagrun for dataset_consumes_1_never_scheduled to None, run_after=None
[2024-12-21T04:45:18.582+0000] {logging_mixin.py:120} INFO - [2024-12-21T04:45:18.582+0000] {dag.py:3340} INFO - Setting next_dagrun for dataset_consumes_unknown_never_scheduled to None, run_after=None
[2024-12-21T04:45:18.585+0000] {logging_mixin.py:120} INFO - [2024-12-21T04:45:18.585+0000] {dag.py:3340} INFO - Setting next_dagrun for dataset_produces_1 to 2024-12-20T00:00:00+00:00, run_after=2024-12-21T00:00:00+00:00
[2024-12-21T04:45:18.587+0000] {logging_mixin.py:120} INFO - [2024-12-21T04:45:18.586+0000] {dag.py:3340} INFO - Setting next_dagrun for dataset_produces_2 to None, run_after=None
[2024-12-21T04:45:18.625+0000] {processor.py:176} INFO - Processing /home/airflow/.local/lib/python3.7/site-packages/airflow/example_dags/example_datasets.py took 0.144 seconds
[2024-12-21T04:45:49.214+0000] {processor.py:154} INFO - Started process (PID=1023) to work on /home/airflow/.local/lib/python3.7/site-packages/airflow/example_dags/example_datasets.py
[2024-12-21T04:45:49.216+0000] {processor.py:756} INFO - Processing file /home/airflow/.local/lib/python3.7/site-packages/airflow/example_dags/example_datasets.py for tasks to queue
[2024-12-21T04:45:49.217+0000] {logging_mixin.py:120} INFO - [2024-12-21T04:45:49.217+0000] {dagbag.py:537} INFO - Filling up the DagBag from /home/airflow/.local/lib/python3.7/site-packages/airflow/example_dags/example_datasets.py
[2024-12-21T04:45:49.234+0000] {processor.py:766} INFO - DAG(s) dict_keys(['dataset_produces_2', 'dataset_consumes_unknown_never_scheduled', 'dataset_consumes_1', 'dataset_consumes_1_and_2', 'dataset_consumes_1_never_scheduled', 'dataset_produces_1']) retrieved from /home/airflow/.local/lib/python3.7/site-packages/airflow/example_dags/example_datasets.py
[2024-12-21T04:45:49.280+0000] {logging_mixin.py:120} INFO - [2024-12-21T04:45:49.280+0000] {dag.py:2585} INFO - Sync 6 DAGs
[2024-12-21T04:45:49.303+0000] {logging_mixin.py:120} INFO - [2024-12-21T04:45:49.302+0000] {dag.py:3340} INFO - Setting next_dagrun for dataset_consumes_1 to None, run_after=None
[2024-12-21T04:45:49.305+0000] {logging_mixin.py:120} INFO - [2024-12-21T04:45:49.305+0000] {dag.py:3340} INFO - Setting next_dagrun for dataset_consumes_1_and_2 to None, run_after=None
[2024-12-21T04:45:49.307+0000] {logging_mixin.py:120} INFO - [2024-12-21T04:45:49.307+0000] {dag.py:3340} INFO - Setting next_dagrun for dataset_consumes_1_never_scheduled to None, run_after=None
[2024-12-21T04:45:49.311+0000] {logging_mixin.py:120} INFO - [2024-12-21T04:45:49.311+0000] {dag.py:3340} INFO - Setting next_dagrun for dataset_consumes_unknown_never_scheduled to None, run_after=None
[2024-12-21T04:45:49.313+0000] {logging_mixin.py:120} INFO - [2024-12-21T04:45:49.313+0000] {dag.py:3340} INFO - Setting next_dagrun for dataset_produces_1 to 2024-12-20T00:00:00+00:00, run_after=2024-12-21T00:00:00+00:00
[2024-12-21T04:45:49.314+0000] {logging_mixin.py:120} INFO - [2024-12-21T04:45:49.314+0000] {dag.py:3340} INFO - Setting next_dagrun for dataset_produces_2 to None, run_after=None
[2024-12-21T04:45:49.336+0000] {processor.py:176} INFO - Processing /home/airflow/.local/lib/python3.7/site-packages/airflow/example_dags/example_datasets.py took 0.125 seconds
[2024-12-21T04:46:19.481+0000] {processor.py:154} INFO - Started process (PID=1086) to work on /home/airflow/.local/lib/python3.7/site-packages/airflow/example_dags/example_datasets.py
[2024-12-21T04:46:19.482+0000] {processor.py:756} INFO - Processing file /home/airflow/.local/lib/python3.7/site-packages/airflow/example_dags/example_datasets.py for tasks to queue
[2024-12-21T04:46:19.482+0000] {logging_mixin.py:120} INFO - [2024-12-21T04:46:19.482+0000] {dagbag.py:537} INFO - Filling up the DagBag from /home/airflow/.local/lib/python3.7/site-packages/airflow/example_dags/example_datasets.py
[2024-12-21T04:46:19.499+0000] {processor.py:766} INFO - DAG(s) dict_keys(['dataset_consumes_1_and_2', 'dataset_produces_2', 'dataset_consumes_1_never_scheduled', 'dataset_consumes_unknown_never_scheduled', 'dataset_produces_1', 'dataset_consumes_1']) retrieved from /home/airflow/.local/lib/python3.7/site-packages/airflow/example_dags/example_datasets.py
[2024-12-21T04:46:19.560+0000] {logging_mixin.py:120} INFO - [2024-12-21T04:46:19.560+0000] {dag.py:2585} INFO - Sync 6 DAGs
[2024-12-21T04:46:19.597+0000] {logging_mixin.py:120} INFO - [2024-12-21T04:46:19.597+0000] {dag.py:3340} INFO - Setting next_dagrun for dataset_consumes_1 to None, run_after=None
[2024-12-21T04:46:19.601+0000] {logging_mixin.py:120} INFO - [2024-12-21T04:46:19.601+0000] {dag.py:3340} INFO - Setting next_dagrun for dataset_consumes_1_and_2 to None, run_after=None
[2024-12-21T04:46:19.603+0000] {logging_mixin.py:120} INFO - [2024-12-21T04:46:19.603+0000] {dag.py:3340} INFO - Setting next_dagrun for dataset_consumes_1_never_scheduled to None, run_after=None
[2024-12-21T04:46:19.604+0000] {logging_mixin.py:120} INFO - [2024-12-21T04:46:19.604+0000] {dag.py:3340} INFO - Setting next_dagrun for dataset_consumes_unknown_never_scheduled to None, run_after=None
[2024-12-21T04:46:19.606+0000] {logging_mixin.py:120} INFO - [2024-12-21T04:46:19.606+0000] {dag.py:3340} INFO - Setting next_dagrun for dataset_produces_1 to 2024-12-20T00:00:00+00:00, run_after=2024-12-21T00:00:00+00:00
[2024-12-21T04:46:19.608+0000] {logging_mixin.py:120} INFO - [2024-12-21T04:46:19.607+0000] {dag.py:3340} INFO - Setting next_dagrun for dataset_produces_2 to None, run_after=None
[2024-12-21T04:46:19.633+0000] {processor.py:176} INFO - Processing /home/airflow/.local/lib/python3.7/site-packages/airflow/example_dags/example_datasets.py took 0.155 seconds
[2024-12-21T04:46:49.689+0000] {processor.py:154} INFO - Started process (PID=1140) to work on /home/airflow/.local/lib/python3.7/site-packages/airflow/example_dags/example_datasets.py
[2024-12-21T04:46:49.690+0000] {processor.py:756} INFO - Processing file /home/airflow/.local/lib/python3.7/site-packages/airflow/example_dags/example_datasets.py for tasks to queue
[2024-12-21T04:46:49.690+0000] {logging_mixin.py:120} INFO - [2024-12-21T04:46:49.690+0000] {dagbag.py:537} INFO - Filling up the DagBag from /home/airflow/.local/lib/python3.7/site-packages/airflow/example_dags/example_datasets.py
[2024-12-21T04:46:49.702+0000] {processor.py:766} INFO - DAG(s) dict_keys(['dataset_consumes_1_never_scheduled', 'dataset_produces_2', 'dataset_consumes_1', 'dataset_produces_1', 'dataset_consumes_1_and_2', 'dataset_consumes_unknown_never_scheduled']) retrieved from /home/airflow/.local/lib/python3.7/site-packages/airflow/example_dags/example_datasets.py
[2024-12-21T04:46:49.740+0000] {logging_mixin.py:120} INFO - [2024-12-21T04:46:49.740+0000] {dag.py:2585} INFO - Sync 6 DAGs
[2024-12-21T04:46:49.761+0000] {logging_mixin.py:120} INFO - [2024-12-21T04:46:49.761+0000] {dag.py:3340} INFO - Setting next_dagrun for dataset_consumes_1 to None, run_after=None
[2024-12-21T04:46:49.764+0000] {logging_mixin.py:120} INFO - [2024-12-21T04:46:49.763+0000] {dag.py:3340} INFO - Setting next_dagrun for dataset_consumes_1_and_2 to None, run_after=None
[2024-12-21T04:46:49.764+0000] {logging_mixin.py:120} INFO - [2024-12-21T04:46:49.764+0000] {dag.py:3340} INFO - Setting next_dagrun for dataset_consumes_1_never_scheduled to None, run_after=None
[2024-12-21T04:46:49.765+0000] {logging_mixin.py:120} INFO - [2024-12-21T04:46:49.765+0000] {dag.py:3340} INFO - Setting next_dagrun for dataset_consumes_unknown_never_scheduled to None, run_after=None
[2024-12-21T04:46:49.767+0000] {logging_mixin.py:120} INFO - [2024-12-21T04:46:49.767+0000] {dag.py:3340} INFO - Setting next_dagrun for dataset_produces_1 to 2024-12-20T00:00:00+00:00, run_after=2024-12-21T00:00:00+00:00
[2024-12-21T04:46:49.768+0000] {logging_mixin.py:120} INFO - [2024-12-21T04:46:49.768+0000] {dag.py:3340} INFO - Setting next_dagrun for dataset_produces_2 to None, run_after=None
[2024-12-21T04:46:49.787+0000] {processor.py:176} INFO - Processing /home/airflow/.local/lib/python3.7/site-packages/airflow/example_dags/example_datasets.py took 0.100 seconds
[2024-12-21T04:47:20.083+0000] {processor.py:154} INFO - Started process (PID=1203) to work on /home/airflow/.local/lib/python3.7/site-packages/airflow/example_dags/example_datasets.py
[2024-12-21T04:47:20.084+0000] {processor.py:756} INFO - Processing file /home/airflow/.local/lib/python3.7/site-packages/airflow/example_dags/example_datasets.py for tasks to queue
[2024-12-21T04:47:20.085+0000] {logging_mixin.py:120} INFO - [2024-12-21T04:47:20.084+0000] {dagbag.py:537} INFO - Filling up the DagBag from /home/airflow/.local/lib/python3.7/site-packages/airflow/example_dags/example_datasets.py
[2024-12-21T04:47:20.096+0000] {processor.py:766} INFO - DAG(s) dict_keys(['dataset_consumes_1', 'dataset_consumes_1_and_2', 'dataset_consumes_1_never_scheduled', 'dataset_produces_2', 'dataset_produces_1', 'dataset_consumes_unknown_never_scheduled']) retrieved from /home/airflow/.local/lib/python3.7/site-packages/airflow/example_dags/example_datasets.py
[2024-12-21T04:47:20.136+0000] {logging_mixin.py:120} INFO - [2024-12-21T04:47:20.136+0000] {dag.py:2585} INFO - Sync 6 DAGs
[2024-12-21T04:47:20.156+0000] {logging_mixin.py:120} INFO - [2024-12-21T04:47:20.156+0000] {dag.py:3340} INFO - Setting next_dagrun for dataset_consumes_1 to None, run_after=None
[2024-12-21T04:47:20.158+0000] {logging_mixin.py:120} INFO - [2024-12-21T04:47:20.158+0000] {dag.py:3340} INFO - Setting next_dagrun for dataset_consumes_1_and_2 to None, run_after=None
[2024-12-21T04:47:20.159+0000] {logging_mixin.py:120} INFO - [2024-12-21T04:47:20.159+0000] {dag.py:3340} INFO - Setting next_dagrun for dataset_consumes_1_never_scheduled to None, run_after=None
[2024-12-21T04:47:20.160+0000] {logging_mixin.py:120} INFO - [2024-12-21T04:47:20.160+0000] {dag.py:3340} INFO - Setting next_dagrun for dataset_consumes_unknown_never_scheduled to None, run_after=None
[2024-12-21T04:47:20.162+0000] {logging_mixin.py:120} INFO - [2024-12-21T04:47:20.162+0000] {dag.py:3340} INFO - Setting next_dagrun for dataset_produces_1 to 2024-12-20T00:00:00+00:00, run_after=2024-12-21T00:00:00+00:00
[2024-12-21T04:47:20.163+0000] {logging_mixin.py:120} INFO - [2024-12-21T04:47:20.163+0000] {dag.py:3340} INFO - Setting next_dagrun for dataset_produces_2 to None, run_after=None
[2024-12-21T04:47:20.181+0000] {processor.py:176} INFO - Processing /home/airflow/.local/lib/python3.7/site-packages/airflow/example_dags/example_datasets.py took 0.101 seconds
[2024-12-21T04:47:50.629+0000] {processor.py:154} INFO - Started process (PID=1266) to work on /home/airflow/.local/lib/python3.7/site-packages/airflow/example_dags/example_datasets.py
[2024-12-21T04:47:50.631+0000] {processor.py:756} INFO - Processing file /home/airflow/.local/lib/python3.7/site-packages/airflow/example_dags/example_datasets.py for tasks to queue
[2024-12-21T04:47:50.632+0000] {logging_mixin.py:120} INFO - [2024-12-21T04:47:50.632+0000] {dagbag.py:537} INFO - Filling up the DagBag from /home/airflow/.local/lib/python3.7/site-packages/airflow/example_dags/example_datasets.py
[2024-12-21T04:47:50.648+0000] {processor.py:766} INFO - DAG(s) dict_keys(['dataset_consumes_1_and_2', 'dataset_consumes_1', 'dataset_produces_2', 'dataset_consumes_1_never_scheduled', 'dataset_produces_1', 'dataset_consumes_unknown_never_scheduled']) retrieved from /home/airflow/.local/lib/python3.7/site-packages/airflow/example_dags/example_datasets.py
[2024-12-21T04:47:50.736+0000] {logging_mixin.py:120} INFO - [2024-12-21T04:47:50.735+0000] {dag.py:2585} INFO - Sync 6 DAGs
[2024-12-21T04:47:50.780+0000] {logging_mixin.py:120} INFO - [2024-12-21T04:47:50.779+0000] {dag.py:3340} INFO - Setting next_dagrun for dataset_consumes_1 to None, run_after=None
[2024-12-21T04:47:50.783+0000] {logging_mixin.py:120} INFO - [2024-12-21T04:47:50.783+0000] {dag.py:3340} INFO - Setting next_dagrun for dataset_consumes_1_and_2 to None, run_after=None
[2024-12-21T04:47:50.784+0000] {logging_mixin.py:120} INFO - [2024-12-21T04:47:50.784+0000] {dag.py:3340} INFO - Setting next_dagrun for dataset_consumes_1_never_scheduled to None, run_after=None
[2024-12-21T04:47:50.785+0000] {logging_mixin.py:120} INFO - [2024-12-21T04:47:50.785+0000] {dag.py:3340} INFO - Setting next_dagrun for dataset_consumes_unknown_never_scheduled to None, run_after=None
[2024-12-21T04:47:50.787+0000] {logging_mixin.py:120} INFO - [2024-12-21T04:47:50.787+0000] {dag.py:3340} INFO - Setting next_dagrun for dataset_produces_1 to 2024-12-20T00:00:00+00:00, run_after=2024-12-21T00:00:00+00:00
[2024-12-21T04:47:50.788+0000] {logging_mixin.py:120} INFO - [2024-12-21T04:47:50.788+0000] {dag.py:3340} INFO - Setting next_dagrun for dataset_produces_2 to None, run_after=None
[2024-12-21T04:47:50.812+0000] {processor.py:176} INFO - Processing /home/airflow/.local/lib/python3.7/site-packages/airflow/example_dags/example_datasets.py took 0.185 seconds
[2024-12-21T04:48:21.225+0000] {processor.py:154} INFO - Started process (PID=1329) to work on /home/airflow/.local/lib/python3.7/site-packages/airflow/example_dags/example_datasets.py
[2024-12-21T04:48:21.227+0000] {processor.py:756} INFO - Processing file /home/airflow/.local/lib/python3.7/site-packages/airflow/example_dags/example_datasets.py for tasks to queue
[2024-12-21T04:48:21.228+0000] {logging_mixin.py:120} INFO - [2024-12-21T04:48:21.228+0000] {dagbag.py:537} INFO - Filling up the DagBag from /home/airflow/.local/lib/python3.7/site-packages/airflow/example_dags/example_datasets.py
[2024-12-21T04:48:21.251+0000] {processor.py:766} INFO - DAG(s) dict_keys(['dataset_consumes_unknown_never_scheduled', 'dataset_consumes_1_and_2', 'dataset_produces_1', 'dataset_consumes_1_never_scheduled', 'dataset_consumes_1', 'dataset_produces_2']) retrieved from /home/airflow/.local/lib/python3.7/site-packages/airflow/example_dags/example_datasets.py
[2024-12-21T04:48:21.317+0000] {logging_mixin.py:120} INFO - [2024-12-21T04:48:21.317+0000] {dag.py:2585} INFO - Sync 6 DAGs
[2024-12-21T04:48:21.341+0000] {logging_mixin.py:120} INFO - [2024-12-21T04:48:21.341+0000] {dag.py:3340} INFO - Setting next_dagrun for dataset_consumes_1 to None, run_after=None
[2024-12-21T04:48:21.344+0000] {logging_mixin.py:120} INFO - [2024-12-21T04:48:21.344+0000] {dag.py:3340} INFO - Setting next_dagrun for dataset_consumes_1_and_2 to None, run_after=None
[2024-12-21T04:48:21.345+0000] {logging_mixin.py:120} INFO - [2024-12-21T04:48:21.345+0000] {dag.py:3340} INFO - Setting next_dagrun for dataset_consumes_1_never_scheduled to None, run_after=None
[2024-12-21T04:48:21.346+0000] {logging_mixin.py:120} INFO - [2024-12-21T04:48:21.345+0000] {dag.py:3340} INFO - Setting next_dagrun for dataset_consumes_unknown_never_scheduled to None, run_after=None
[2024-12-21T04:48:21.348+0000] {logging_mixin.py:120} INFO - [2024-12-21T04:48:21.347+0000] {dag.py:3340} INFO - Setting next_dagrun for dataset_produces_1 to 2024-12-20T00:00:00+00:00, run_after=2024-12-21T00:00:00+00:00
[2024-12-21T04:48:21.348+0000] {logging_mixin.py:120} INFO - [2024-12-21T04:48:21.348+0000] {dag.py:3340} INFO - Setting next_dagrun for dataset_produces_2 to None, run_after=None
[2024-12-21T04:48:21.369+0000] {processor.py:176} INFO - Processing /home/airflow/.local/lib/python3.7/site-packages/airflow/example_dags/example_datasets.py took 0.149 seconds
[2024-12-21T04:48:52.077+0000] {processor.py:154} INFO - Started process (PID=1383) to work on /home/airflow/.local/lib/python3.7/site-packages/airflow/example_dags/example_datasets.py
[2024-12-21T04:48:52.078+0000] {processor.py:756} INFO - Processing file /home/airflow/.local/lib/python3.7/site-packages/airflow/example_dags/example_datasets.py for tasks to queue
[2024-12-21T04:48:52.080+0000] {logging_mixin.py:120} INFO - [2024-12-21T04:48:52.080+0000] {dagbag.py:537} INFO - Filling up the DagBag from /home/airflow/.local/lib/python3.7/site-packages/airflow/example_dags/example_datasets.py
[2024-12-21T04:48:52.093+0000] {processor.py:766} INFO - DAG(s) dict_keys(['dataset_consumes_1', 'dataset_produces_2', 'dataset_produces_1', 'dataset_consumes_1_and_2', 'dataset_consumes_unknown_never_scheduled', 'dataset_consumes_1_never_scheduled']) retrieved from /home/airflow/.local/lib/python3.7/site-packages/airflow/example_dags/example_datasets.py
[2024-12-21T04:48:52.136+0000] {logging_mixin.py:120} INFO - [2024-12-21T04:48:52.136+0000] {dag.py:2585} INFO - Sync 6 DAGs
[2024-12-21T04:48:52.154+0000] {logging_mixin.py:120} INFO - [2024-12-21T04:48:52.154+0000] {dag.py:3340} INFO - Setting next_dagrun for dataset_consumes_1 to None, run_after=None
[2024-12-21T04:48:52.157+0000] {logging_mixin.py:120} INFO - [2024-12-21T04:48:52.157+0000] {dag.py:3340} INFO - Setting next_dagrun for dataset_consumes_1_and_2 to None, run_after=None
[2024-12-21T04:48:52.158+0000] {logging_mixin.py:120} INFO - [2024-12-21T04:48:52.158+0000] {dag.py:3340} INFO - Setting next_dagrun for dataset_consumes_1_never_scheduled to None, run_after=None
[2024-12-21T04:48:52.159+0000] {logging_mixin.py:120} INFO - [2024-12-21T04:48:52.158+0000] {dag.py:3340} INFO - Setting next_dagrun for dataset_consumes_unknown_never_scheduled to None, run_after=None
[2024-12-21T04:48:52.160+0000] {logging_mixin.py:120} INFO - [2024-12-21T04:48:52.160+0000] {dag.py:3340} INFO - Setting next_dagrun for dataset_produces_1 to 2024-12-20T00:00:00+00:00, run_after=2024-12-21T00:00:00+00:00
[2024-12-21T04:48:52.161+0000] {logging_mixin.py:120} INFO - [2024-12-21T04:48:52.161+0000] {dag.py:3340} INFO - Setting next_dagrun for dataset_produces_2 to None, run_after=None
[2024-12-21T04:48:52.181+0000] {processor.py:176} INFO - Processing /home/airflow/.local/lib/python3.7/site-packages/airflow/example_dags/example_datasets.py took 0.106 seconds
[2024-12-21T04:49:22.797+0000] {processor.py:154} INFO - Started process (PID=1446) to work on /home/airflow/.local/lib/python3.7/site-packages/airflow/example_dags/example_datasets.py
[2024-12-21T04:49:22.797+0000] {processor.py:756} INFO - Processing file /home/airflow/.local/lib/python3.7/site-packages/airflow/example_dags/example_datasets.py for tasks to queue
[2024-12-21T04:49:22.798+0000] {logging_mixin.py:120} INFO - [2024-12-21T04:49:22.798+0000] {dagbag.py:537} INFO - Filling up the DagBag from /home/airflow/.local/lib/python3.7/site-packages/airflow/example_dags/example_datasets.py
[2024-12-21T04:49:22.810+0000] {processor.py:766} INFO - DAG(s) dict_keys(['dataset_consumes_1_and_2', 'dataset_consumes_1_never_scheduled', 'dataset_produces_2', 'dataset_produces_1', 'dataset_consumes_1', 'dataset_consumes_unknown_never_scheduled']) retrieved from /home/airflow/.local/lib/python3.7/site-packages/airflow/example_dags/example_datasets.py
[2024-12-21T04:49:22.850+0000] {logging_mixin.py:120} INFO - [2024-12-21T04:49:22.850+0000] {dag.py:2585} INFO - Sync 6 DAGs
[2024-12-21T04:49:22.868+0000] {logging_mixin.py:120} INFO - [2024-12-21T04:49:22.868+0000] {dag.py:3340} INFO - Setting next_dagrun for dataset_consumes_1 to None, run_after=None
[2024-12-21T04:49:22.871+0000] {logging_mixin.py:120} INFO - [2024-12-21T04:49:22.870+0000] {dag.py:3340} INFO - Setting next_dagrun for dataset_consumes_1_and_2 to None, run_after=None
[2024-12-21T04:49:22.872+0000] {logging_mixin.py:120} INFO - [2024-12-21T04:49:22.871+0000] {dag.py:3340} INFO - Setting next_dagrun for dataset_consumes_1_never_scheduled to None, run_after=None
[2024-12-21T04:49:22.872+0000] {logging_mixin.py:120} INFO - [2024-12-21T04:49:22.872+0000] {dag.py:3340} INFO - Setting next_dagrun for dataset_consumes_unknown_never_scheduled to None, run_after=None
[2024-12-21T04:49:22.874+0000] {logging_mixin.py:120} INFO - [2024-12-21T04:49:22.874+0000] {dag.py:3340} INFO - Setting next_dagrun for dataset_produces_1 to 2024-12-20T00:00:00+00:00, run_after=2024-12-21T00:00:00+00:00
[2024-12-21T04:49:22.875+0000] {logging_mixin.py:120} INFO - [2024-12-21T04:49:22.875+0000] {dag.py:3340} INFO - Setting next_dagrun for dataset_produces_2 to None, run_after=None
[2024-12-21T04:49:22.893+0000] {processor.py:176} INFO - Processing /home/airflow/.local/lib/python3.7/site-packages/airflow/example_dags/example_datasets.py took 0.099 seconds
