[2024-12-21T04:37:41.563+0000] {processor.py:154} INFO - Started process (PID=77) to work on /home/airflow/.local/lib/python3.7/site-packages/airflow/example_dags/example_branch_python_dop_operator_3.py
[2024-12-21T04:37:41.567+0000] {processor.py:756} INFO - Processing file /home/airflow/.local/lib/python3.7/site-packages/airflow/example_dags/example_branch_python_dop_operator_3.py for tasks to queue
[2024-12-21T04:37:41.570+0000] {logging_mixin.py:120} INFO - [2024-12-21T04:37:41.569+0000] {dagbag.py:537} INFO - Filling up the DagBag from /home/airflow/.local/lib/python3.7/site-packages/airflow/example_dags/example_branch_python_dop_operator_3.py
[2024-12-21T04:37:41.657+0000] {processor.py:766} INFO - DAG(s) dict_keys(['example_branch_dop_operator_v3']) retrieved from /home/airflow/.local/lib/python3.7/site-packages/airflow/example_dags/example_branch_python_dop_operator_3.py
[2024-12-21T04:37:42.087+0000] {logging_mixin.py:120} INFO - [2024-12-21T04:37:42.086+0000] {manager.py:507} INFO - Created Permission View: can delete on DAG:example_branch_dop_operator_v3
[2024-12-21T04:37:42.121+0000] {logging_mixin.py:120} INFO - [2024-12-21T04:37:42.121+0000] {manager.py:507} INFO - Created Permission View: can edit on DAG:example_branch_dop_operator_v3
[2024-12-21T04:37:42.140+0000] {logging_mixin.py:120} INFO - [2024-12-21T04:37:42.140+0000] {manager.py:507} INFO - Created Permission View: can read on DAG:example_branch_dop_operator_v3
[2024-12-21T04:37:42.142+0000] {logging_mixin.py:120} INFO - [2024-12-21T04:37:42.142+0000] {dag.py:2585} INFO - Sync 1 DAGs
[2024-12-21T04:37:42.177+0000] {logging_mixin.py:120} INFO - [2024-12-21T04:37:42.177+0000] {dag.py:2606} INFO - Creating ORM DAG for example_branch_dop_operator_v3
[2024-12-21T04:37:42.215+0000] {logging_mixin.py:120} INFO - [2024-12-21T04:37:42.214+0000] {dag.py:3340} INFO - Setting next_dagrun for example_branch_dop_operator_v3 to 2024-12-21T04:36:00+00:00, run_after=2024-12-21T04:37:00+00:00
[2024-12-21T04:37:42.311+0000] {processor.py:176} INFO - Processing /home/airflow/.local/lib/python3.7/site-packages/airflow/example_dags/example_branch_python_dop_operator_3.py took 0.758 seconds
[2024-12-21T04:38:13.146+0000] {processor.py:154} INFO - Started process (PID=131) to work on /home/airflow/.local/lib/python3.7/site-packages/airflow/example_dags/example_branch_python_dop_operator_3.py
[2024-12-21T04:38:13.151+0000] {processor.py:756} INFO - Processing file /home/airflow/.local/lib/python3.7/site-packages/airflow/example_dags/example_branch_python_dop_operator_3.py for tasks to queue
[2024-12-21T04:38:13.157+0000] {logging_mixin.py:120} INFO - [2024-12-21T04:38:13.156+0000] {dagbag.py:537} INFO - Filling up the DagBag from /home/airflow/.local/lib/python3.7/site-packages/airflow/example_dags/example_branch_python_dop_operator_3.py
[2024-12-21T04:38:13.252+0000] {processor.py:766} INFO - DAG(s) dict_keys(['example_branch_dop_operator_v3']) retrieved from /home/airflow/.local/lib/python3.7/site-packages/airflow/example_dags/example_branch_python_dop_operator_3.py
[2024-12-21T04:38:13.398+0000] {logging_mixin.py:120} INFO - [2024-12-21T04:38:13.397+0000] {dag.py:2585} INFO - Sync 1 DAGs
[2024-12-21T04:38:13.438+0000] {logging_mixin.py:120} INFO - [2024-12-21T04:38:13.438+0000] {dag.py:3340} INFO - Setting next_dagrun for example_branch_dop_operator_v3 to 2024-12-21T04:37:00+00:00, run_after=2024-12-21T04:38:00+00:00
[2024-12-21T04:38:13.472+0000] {processor.py:176} INFO - Processing /home/airflow/.local/lib/python3.7/site-packages/airflow/example_dags/example_branch_python_dop_operator_3.py took 0.352 seconds
[2024-12-21T04:38:43.838+0000] {processor.py:154} INFO - Started process (PID=195) to work on /home/airflow/.local/lib/python3.7/site-packages/airflow/example_dags/example_branch_python_dop_operator_3.py
[2024-12-21T04:38:43.843+0000] {processor.py:756} INFO - Processing file /home/airflow/.local/lib/python3.7/site-packages/airflow/example_dags/example_branch_python_dop_operator_3.py for tasks to queue
[2024-12-21T04:38:43.846+0000] {logging_mixin.py:120} INFO - [2024-12-21T04:38:43.846+0000] {dagbag.py:537} INFO - Filling up the DagBag from /home/airflow/.local/lib/python3.7/site-packages/airflow/example_dags/example_branch_python_dop_operator_3.py
[2024-12-21T04:38:43.900+0000] {processor.py:766} INFO - DAG(s) dict_keys(['example_branch_dop_operator_v3']) retrieved from /home/airflow/.local/lib/python3.7/site-packages/airflow/example_dags/example_branch_python_dop_operator_3.py
[2024-12-21T04:38:43.961+0000] {logging_mixin.py:120} INFO - [2024-12-21T04:38:43.961+0000] {dag.py:2585} INFO - Sync 1 DAGs
[2024-12-21T04:38:43.996+0000] {logging_mixin.py:120} INFO - [2024-12-21T04:38:43.995+0000] {dag.py:3340} INFO - Setting next_dagrun for example_branch_dop_operator_v3 to 2024-12-21T04:37:00+00:00, run_after=2024-12-21T04:38:00+00:00
[2024-12-21T04:38:44.019+0000] {processor.py:176} INFO - Processing /home/airflow/.local/lib/python3.7/site-packages/airflow/example_dags/example_branch_python_dop_operator_3.py took 0.205 seconds
[2024-12-21T04:39:14.310+0000] {processor.py:154} INFO - Started process (PID=256) to work on /home/airflow/.local/lib/python3.7/site-packages/airflow/example_dags/example_branch_python_dop_operator_3.py
[2024-12-21T04:39:14.314+0000] {processor.py:756} INFO - Processing file /home/airflow/.local/lib/python3.7/site-packages/airflow/example_dags/example_branch_python_dop_operator_3.py for tasks to queue
[2024-12-21T04:39:14.319+0000] {logging_mixin.py:120} INFO - [2024-12-21T04:39:14.318+0000] {dagbag.py:537} INFO - Filling up the DagBag from /home/airflow/.local/lib/python3.7/site-packages/airflow/example_dags/example_branch_python_dop_operator_3.py
[2024-12-21T04:39:14.380+0000] {processor.py:766} INFO - DAG(s) dict_keys(['example_branch_dop_operator_v3']) retrieved from /home/airflow/.local/lib/python3.7/site-packages/airflow/example_dags/example_branch_python_dop_operator_3.py
[2024-12-21T04:39:14.471+0000] {logging_mixin.py:120} INFO - [2024-12-21T04:39:14.470+0000] {dag.py:2585} INFO - Sync 1 DAGs
[2024-12-21T04:39:14.536+0000] {logging_mixin.py:120} INFO - [2024-12-21T04:39:14.536+0000] {dag.py:3340} INFO - Setting next_dagrun for example_branch_dop_operator_v3 to 2024-12-21T04:38:00+00:00, run_after=2024-12-21T04:39:00+00:00
[2024-12-21T04:39:14.567+0000] {processor.py:176} INFO - Processing /home/airflow/.local/lib/python3.7/site-packages/airflow/example_dags/example_branch_python_dop_operator_3.py took 0.289 seconds
[2024-12-21T04:39:44.796+0000] {processor.py:154} INFO - Started process (PID=312) to work on /home/airflow/.local/lib/python3.7/site-packages/airflow/example_dags/example_branch_python_dop_operator_3.py
[2024-12-21T04:39:44.797+0000] {processor.py:756} INFO - Processing file /home/airflow/.local/lib/python3.7/site-packages/airflow/example_dags/example_branch_python_dop_operator_3.py for tasks to queue
[2024-12-21T04:39:44.799+0000] {logging_mixin.py:120} INFO - [2024-12-21T04:39:44.799+0000] {dagbag.py:537} INFO - Filling up the DagBag from /home/airflow/.local/lib/python3.7/site-packages/airflow/example_dags/example_branch_python_dop_operator_3.py
[2024-12-21T04:39:44.823+0000] {processor.py:766} INFO - DAG(s) dict_keys(['example_branch_dop_operator_v3']) retrieved from /home/airflow/.local/lib/python3.7/site-packages/airflow/example_dags/example_branch_python_dop_operator_3.py
[2024-12-21T04:39:44.896+0000] {logging_mixin.py:120} INFO - [2024-12-21T04:39:44.896+0000] {dag.py:2585} INFO - Sync 1 DAGs
[2024-12-21T04:39:44.925+0000] {logging_mixin.py:120} INFO - [2024-12-21T04:39:44.925+0000] {dag.py:3340} INFO - Setting next_dagrun for example_branch_dop_operator_v3 to 2024-12-21T04:38:00+00:00, run_after=2024-12-21T04:39:00+00:00
[2024-12-21T04:39:44.946+0000] {processor.py:176} INFO - Processing /home/airflow/.local/lib/python3.7/site-packages/airflow/example_dags/example_branch_python_dop_operator_3.py took 0.154 seconds
[2024-12-21T04:40:15.650+0000] {processor.py:154} INFO - Started process (PID=375) to work on /home/airflow/.local/lib/python3.7/site-packages/airflow/example_dags/example_branch_python_dop_operator_3.py
[2024-12-21T04:40:15.650+0000] {processor.py:756} INFO - Processing file /home/airflow/.local/lib/python3.7/site-packages/airflow/example_dags/example_branch_python_dop_operator_3.py for tasks to queue
[2024-12-21T04:40:15.655+0000] {logging_mixin.py:120} INFO - [2024-12-21T04:40:15.654+0000] {dagbag.py:537} INFO - Filling up the DagBag from /home/airflow/.local/lib/python3.7/site-packages/airflow/example_dags/example_branch_python_dop_operator_3.py
[2024-12-21T04:40:15.677+0000] {processor.py:766} INFO - DAG(s) dict_keys(['example_branch_dop_operator_v3']) retrieved from /home/airflow/.local/lib/python3.7/site-packages/airflow/example_dags/example_branch_python_dop_operator_3.py
[2024-12-21T04:40:15.720+0000] {logging_mixin.py:120} INFO - [2024-12-21T04:40:15.720+0000] {dag.py:2585} INFO - Sync 1 DAGs
[2024-12-21T04:40:15.750+0000] {logging_mixin.py:120} INFO - [2024-12-21T04:40:15.750+0000] {dag.py:3340} INFO - Setting next_dagrun for example_branch_dop_operator_v3 to 2024-12-21T04:39:00+00:00, run_after=2024-12-21T04:40:00+00:00
[2024-12-21T04:40:15.780+0000] {processor.py:176} INFO - Processing /home/airflow/.local/lib/python3.7/site-packages/airflow/example_dags/example_branch_python_dop_operator_3.py took 0.134 seconds
[2024-12-21T04:40:46.343+0000] {processor.py:154} INFO - Started process (PID=438) to work on /home/airflow/.local/lib/python3.7/site-packages/airflow/example_dags/example_branch_python_dop_operator_3.py
[2024-12-21T04:40:46.349+0000] {processor.py:756} INFO - Processing file /home/airflow/.local/lib/python3.7/site-packages/airflow/example_dags/example_branch_python_dop_operator_3.py for tasks to queue
[2024-12-21T04:40:46.350+0000] {logging_mixin.py:120} INFO - [2024-12-21T04:40:46.350+0000] {dagbag.py:537} INFO - Filling up the DagBag from /home/airflow/.local/lib/python3.7/site-packages/airflow/example_dags/example_branch_python_dop_operator_3.py
[2024-12-21T04:40:46.549+0000] {processor.py:766} INFO - DAG(s) dict_keys(['example_branch_dop_operator_v3']) retrieved from /home/airflow/.local/lib/python3.7/site-packages/airflow/example_dags/example_branch_python_dop_operator_3.py
[2024-12-21T04:40:46.729+0000] {logging_mixin.py:120} INFO - [2024-12-21T04:40:46.729+0000] {dag.py:2585} INFO - Sync 1 DAGs
[2024-12-21T04:40:46.861+0000] {logging_mixin.py:120} INFO - [2024-12-21T04:40:46.860+0000] {dag.py:3340} INFO - Setting next_dagrun for example_branch_dop_operator_v3 to 2024-12-21T04:39:00+00:00, run_after=2024-12-21T04:40:00+00:00
[2024-12-21T04:40:46.944+0000] {processor.py:176} INFO - Processing /home/airflow/.local/lib/python3.7/site-packages/airflow/example_dags/example_branch_python_dop_operator_3.py took 0.605 seconds
[2024-12-21T04:41:17.601+0000] {processor.py:154} INFO - Started process (PID=492) to work on /home/airflow/.local/lib/python3.7/site-packages/airflow/example_dags/example_branch_python_dop_operator_3.py
[2024-12-21T04:41:17.603+0000] {processor.py:756} INFO - Processing file /home/airflow/.local/lib/python3.7/site-packages/airflow/example_dags/example_branch_python_dop_operator_3.py for tasks to queue
[2024-12-21T04:41:17.604+0000] {logging_mixin.py:120} INFO - [2024-12-21T04:41:17.604+0000] {dagbag.py:537} INFO - Filling up the DagBag from /home/airflow/.local/lib/python3.7/site-packages/airflow/example_dags/example_branch_python_dop_operator_3.py
[2024-12-21T04:41:17.628+0000] {processor.py:766} INFO - DAG(s) dict_keys(['example_branch_dop_operator_v3']) retrieved from /home/airflow/.local/lib/python3.7/site-packages/airflow/example_dags/example_branch_python_dop_operator_3.py
[2024-12-21T04:41:17.669+0000] {logging_mixin.py:120} INFO - [2024-12-21T04:41:17.669+0000] {dag.py:2585} INFO - Sync 1 DAGs
[2024-12-21T04:41:17.709+0000] {logging_mixin.py:120} INFO - [2024-12-21T04:41:17.709+0000] {dag.py:3340} INFO - Setting next_dagrun for example_branch_dop_operator_v3 to 2024-12-21T04:40:00+00:00, run_after=2024-12-21T04:41:00+00:00
[2024-12-21T04:41:17.735+0000] {processor.py:176} INFO - Processing /home/airflow/.local/lib/python3.7/site-packages/airflow/example_dags/example_branch_python_dop_operator_3.py took 0.136 seconds
[2024-12-21T04:41:47.894+0000] {processor.py:154} INFO - Started process (PID=555) to work on /home/airflow/.local/lib/python3.7/site-packages/airflow/example_dags/example_branch_python_dop_operator_3.py
[2024-12-21T04:41:47.895+0000] {processor.py:756} INFO - Processing file /home/airflow/.local/lib/python3.7/site-packages/airflow/example_dags/example_branch_python_dop_operator_3.py for tasks to queue
[2024-12-21T04:41:47.900+0000] {logging_mixin.py:120} INFO - [2024-12-21T04:41:47.899+0000] {dagbag.py:537} INFO - Filling up the DagBag from /home/airflow/.local/lib/python3.7/site-packages/airflow/example_dags/example_branch_python_dop_operator_3.py
[2024-12-21T04:41:47.922+0000] {processor.py:766} INFO - DAG(s) dict_keys(['example_branch_dop_operator_v3']) retrieved from /home/airflow/.local/lib/python3.7/site-packages/airflow/example_dags/example_branch_python_dop_operator_3.py
[2024-12-21T04:41:47.968+0000] {logging_mixin.py:120} INFO - [2024-12-21T04:41:47.968+0000] {dag.py:2585} INFO - Sync 1 DAGs
[2024-12-21T04:41:47.995+0000] {logging_mixin.py:120} INFO - [2024-12-21T04:41:47.995+0000] {dag.py:3340} INFO - Setting next_dagrun for example_branch_dop_operator_v3 to 2024-12-21T04:40:00+00:00, run_after=2024-12-21T04:41:00+00:00
[2024-12-21T04:41:48.015+0000] {processor.py:176} INFO - Processing /home/airflow/.local/lib/python3.7/site-packages/airflow/example_dags/example_branch_python_dop_operator_3.py took 0.124 seconds
[2024-12-21T04:42:18.440+0000] {processor.py:154} INFO - Started process (PID=618) to work on /home/airflow/.local/lib/python3.7/site-packages/airflow/example_dags/example_branch_python_dop_operator_3.py
[2024-12-21T04:42:18.447+0000] {processor.py:756} INFO - Processing file /home/airflow/.local/lib/python3.7/site-packages/airflow/example_dags/example_branch_python_dop_operator_3.py for tasks to queue
[2024-12-21T04:42:18.448+0000] {logging_mixin.py:120} INFO - [2024-12-21T04:42:18.448+0000] {dagbag.py:537} INFO - Filling up the DagBag from /home/airflow/.local/lib/python3.7/site-packages/airflow/example_dags/example_branch_python_dop_operator_3.py
[2024-12-21T04:42:18.479+0000] {processor.py:766} INFO - DAG(s) dict_keys(['example_branch_dop_operator_v3']) retrieved from /home/airflow/.local/lib/python3.7/site-packages/airflow/example_dags/example_branch_python_dop_operator_3.py
[2024-12-21T04:42:18.523+0000] {logging_mixin.py:120} INFO - [2024-12-21T04:42:18.522+0000] {dag.py:2585} INFO - Sync 1 DAGs
[2024-12-21T04:42:18.547+0000] {logging_mixin.py:120} INFO - [2024-12-21T04:42:18.547+0000] {dag.py:3340} INFO - Setting next_dagrun for example_branch_dop_operator_v3 to 2024-12-21T04:41:00+00:00, run_after=2024-12-21T04:42:00+00:00
[2024-12-21T04:42:18.564+0000] {processor.py:176} INFO - Processing /home/airflow/.local/lib/python3.7/site-packages/airflow/example_dags/example_branch_python_dop_operator_3.py took 0.128 seconds
[2024-12-21T04:42:49.090+0000] {processor.py:154} INFO - Started process (PID=672) to work on /home/airflow/.local/lib/python3.7/site-packages/airflow/example_dags/example_branch_python_dop_operator_3.py
[2024-12-21T04:42:49.091+0000] {processor.py:756} INFO - Processing file /home/airflow/.local/lib/python3.7/site-packages/airflow/example_dags/example_branch_python_dop_operator_3.py for tasks to queue
[2024-12-21T04:42:49.092+0000] {logging_mixin.py:120} INFO - [2024-12-21T04:42:49.092+0000] {dagbag.py:537} INFO - Filling up the DagBag from /home/airflow/.local/lib/python3.7/site-packages/airflow/example_dags/example_branch_python_dop_operator_3.py
[2024-12-21T04:42:49.115+0000] {processor.py:766} INFO - DAG(s) dict_keys(['example_branch_dop_operator_v3']) retrieved from /home/airflow/.local/lib/python3.7/site-packages/airflow/example_dags/example_branch_python_dop_operator_3.py
[2024-12-21T04:42:49.150+0000] {logging_mixin.py:120} INFO - [2024-12-21T04:42:49.150+0000] {dag.py:2585} INFO - Sync 1 DAGs
[2024-12-21T04:42:49.175+0000] {logging_mixin.py:120} INFO - [2024-12-21T04:42:49.175+0000] {dag.py:3340} INFO - Setting next_dagrun for example_branch_dop_operator_v3 to 2024-12-21T04:41:00+00:00, run_after=2024-12-21T04:42:00+00:00
[2024-12-21T04:42:49.191+0000] {processor.py:176} INFO - Processing /home/airflow/.local/lib/python3.7/site-packages/airflow/example_dags/example_branch_python_dop_operator_3.py took 0.105 seconds
[2024-12-21T04:43:19.628+0000] {processor.py:154} INFO - Started process (PID=735) to work on /home/airflow/.local/lib/python3.7/site-packages/airflow/example_dags/example_branch_python_dop_operator_3.py
[2024-12-21T04:43:19.629+0000] {processor.py:756} INFO - Processing file /home/airflow/.local/lib/python3.7/site-packages/airflow/example_dags/example_branch_python_dop_operator_3.py for tasks to queue
[2024-12-21T04:43:19.630+0000] {logging_mixin.py:120} INFO - [2024-12-21T04:43:19.630+0000] {dagbag.py:537} INFO - Filling up the DagBag from /home/airflow/.local/lib/python3.7/site-packages/airflow/example_dags/example_branch_python_dop_operator_3.py
[2024-12-21T04:43:19.659+0000] {processor.py:766} INFO - DAG(s) dict_keys(['example_branch_dop_operator_v3']) retrieved from /home/airflow/.local/lib/python3.7/site-packages/airflow/example_dags/example_branch_python_dop_operator_3.py
[2024-12-21T04:43:19.704+0000] {logging_mixin.py:120} INFO - [2024-12-21T04:43:19.704+0000] {dag.py:2585} INFO - Sync 1 DAGs
[2024-12-21T04:43:19.729+0000] {logging_mixin.py:120} INFO - [2024-12-21T04:43:19.729+0000] {dag.py:3340} INFO - Setting next_dagrun for example_branch_dop_operator_v3 to 2024-12-21T04:42:00+00:00, run_after=2024-12-21T04:43:00+00:00
[2024-12-21T04:43:19.745+0000] {processor.py:176} INFO - Processing /home/airflow/.local/lib/python3.7/site-packages/airflow/example_dags/example_branch_python_dop_operator_3.py took 0.123 seconds
[2024-12-21T04:43:50.393+0000] {processor.py:154} INFO - Started process (PID=798) to work on /home/airflow/.local/lib/python3.7/site-packages/airflow/example_dags/example_branch_python_dop_operator_3.py
[2024-12-21T04:43:50.394+0000] {processor.py:756} INFO - Processing file /home/airflow/.local/lib/python3.7/site-packages/airflow/example_dags/example_branch_python_dop_operator_3.py for tasks to queue
[2024-12-21T04:43:50.395+0000] {logging_mixin.py:120} INFO - [2024-12-21T04:43:50.395+0000] {dagbag.py:537} INFO - Filling up the DagBag from /home/airflow/.local/lib/python3.7/site-packages/airflow/example_dags/example_branch_python_dop_operator_3.py
[2024-12-21T04:43:50.418+0000] {processor.py:766} INFO - DAG(s) dict_keys(['example_branch_dop_operator_v3']) retrieved from /home/airflow/.local/lib/python3.7/site-packages/airflow/example_dags/example_branch_python_dop_operator_3.py
[2024-12-21T04:43:50.452+0000] {logging_mixin.py:120} INFO - [2024-12-21T04:43:50.452+0000] {dag.py:2585} INFO - Sync 1 DAGs
[2024-12-21T04:43:50.476+0000] {logging_mixin.py:120} INFO - [2024-12-21T04:43:50.476+0000] {dag.py:3340} INFO - Setting next_dagrun for example_branch_dop_operator_v3 to 2024-12-21T04:42:00+00:00, run_after=2024-12-21T04:43:00+00:00
[2024-12-21T04:43:50.490+0000] {processor.py:176} INFO - Processing /home/airflow/.local/lib/python3.7/site-packages/airflow/example_dags/example_branch_python_dop_operator_3.py took 0.101 seconds
[2024-12-21T04:44:21.166+0000] {processor.py:154} INFO - Started process (PID=861) to work on /home/airflow/.local/lib/python3.7/site-packages/airflow/example_dags/example_branch_python_dop_operator_3.py
[2024-12-21T04:44:21.170+0000] {processor.py:756} INFO - Processing file /home/airflow/.local/lib/python3.7/site-packages/airflow/example_dags/example_branch_python_dop_operator_3.py for tasks to queue
[2024-12-21T04:44:21.170+0000] {logging_mixin.py:120} INFO - [2024-12-21T04:44:21.170+0000] {dagbag.py:537} INFO - Filling up the DagBag from /home/airflow/.local/lib/python3.7/site-packages/airflow/example_dags/example_branch_python_dop_operator_3.py
[2024-12-21T04:44:21.190+0000] {processor.py:766} INFO - DAG(s) dict_keys(['example_branch_dop_operator_v3']) retrieved from /home/airflow/.local/lib/python3.7/site-packages/airflow/example_dags/example_branch_python_dop_operator_3.py
[2024-12-21T04:44:21.219+0000] {logging_mixin.py:120} INFO - [2024-12-21T04:44:21.219+0000] {dag.py:2585} INFO - Sync 1 DAGs
[2024-12-21T04:44:21.243+0000] {logging_mixin.py:120} INFO - [2024-12-21T04:44:21.243+0000] {dag.py:3340} INFO - Setting next_dagrun for example_branch_dop_operator_v3 to 2024-12-21T04:43:00+00:00, run_after=2024-12-21T04:44:00+00:00
[2024-12-21T04:44:21.256+0000] {processor.py:176} INFO - Processing /home/airflow/.local/lib/python3.7/site-packages/airflow/example_dags/example_branch_python_dop_operator_3.py took 0.093 seconds
[2024-12-21T04:44:51.768+0000] {processor.py:154} INFO - Started process (PID=915) to work on /home/airflow/.local/lib/python3.7/site-packages/airflow/example_dags/example_branch_python_dop_operator_3.py
[2024-12-21T04:44:51.771+0000] {processor.py:756} INFO - Processing file /home/airflow/.local/lib/python3.7/site-packages/airflow/example_dags/example_branch_python_dop_operator_3.py for tasks to queue
[2024-12-21T04:44:51.772+0000] {logging_mixin.py:120} INFO - [2024-12-21T04:44:51.772+0000] {dagbag.py:537} INFO - Filling up the DagBag from /home/airflow/.local/lib/python3.7/site-packages/airflow/example_dags/example_branch_python_dop_operator_3.py
[2024-12-21T04:44:51.824+0000] {processor.py:766} INFO - DAG(s) dict_keys(['example_branch_dop_operator_v3']) retrieved from /home/airflow/.local/lib/python3.7/site-packages/airflow/example_dags/example_branch_python_dop_operator_3.py
[2024-12-21T04:44:51.897+0000] {logging_mixin.py:120} INFO - [2024-12-21T04:44:51.897+0000] {dag.py:2585} INFO - Sync 1 DAGs
[2024-12-21T04:44:51.930+0000] {logging_mixin.py:120} INFO - [2024-12-21T04:44:51.929+0000] {dag.py:3340} INFO - Setting next_dagrun for example_branch_dop_operator_v3 to 2024-12-21T04:43:00+00:00, run_after=2024-12-21T04:44:00+00:00
[2024-12-21T04:44:51.954+0000] {processor.py:176} INFO - Processing /home/airflow/.local/lib/python3.7/site-packages/airflow/example_dags/example_branch_python_dop_operator_3.py took 0.197 seconds
[2024-12-21T04:45:22.270+0000] {processor.py:154} INFO - Started process (PID=978) to work on /home/airflow/.local/lib/python3.7/site-packages/airflow/example_dags/example_branch_python_dop_operator_3.py
[2024-12-21T04:45:22.271+0000] {processor.py:756} INFO - Processing file /home/airflow/.local/lib/python3.7/site-packages/airflow/example_dags/example_branch_python_dop_operator_3.py for tasks to queue
[2024-12-21T04:45:22.272+0000] {logging_mixin.py:120} INFO - [2024-12-21T04:45:22.272+0000] {dagbag.py:537} INFO - Filling up the DagBag from /home/airflow/.local/lib/python3.7/site-packages/airflow/example_dags/example_branch_python_dop_operator_3.py
[2024-12-21T04:45:22.301+0000] {processor.py:766} INFO - DAG(s) dict_keys(['example_branch_dop_operator_v3']) retrieved from /home/airflow/.local/lib/python3.7/site-packages/airflow/example_dags/example_branch_python_dop_operator_3.py
[2024-12-21T04:45:22.365+0000] {logging_mixin.py:120} INFO - [2024-12-21T04:45:22.365+0000] {dag.py:2585} INFO - Sync 1 DAGs
[2024-12-21T04:45:22.395+0000] {logging_mixin.py:120} INFO - [2024-12-21T04:45:22.395+0000] {dag.py:3340} INFO - Setting next_dagrun for example_branch_dop_operator_v3 to 2024-12-21T04:44:00+00:00, run_after=2024-12-21T04:45:00+00:00
[2024-12-21T04:45:22.412+0000] {processor.py:176} INFO - Processing /home/airflow/.local/lib/python3.7/site-packages/airflow/example_dags/example_branch_python_dop_operator_3.py took 0.150 seconds
[2024-12-21T04:45:52.683+0000] {processor.py:154} INFO - Started process (PID=1032) to work on /home/airflow/.local/lib/python3.7/site-packages/airflow/example_dags/example_branch_python_dop_operator_3.py
[2024-12-21T04:45:52.687+0000] {processor.py:756} INFO - Processing file /home/airflow/.local/lib/python3.7/site-packages/airflow/example_dags/example_branch_python_dop_operator_3.py for tasks to queue
[2024-12-21T04:45:52.688+0000] {logging_mixin.py:120} INFO - [2024-12-21T04:45:52.688+0000] {dagbag.py:537} INFO - Filling up the DagBag from /home/airflow/.local/lib/python3.7/site-packages/airflow/example_dags/example_branch_python_dop_operator_3.py
[2024-12-21T04:45:52.710+0000] {processor.py:766} INFO - DAG(s) dict_keys(['example_branch_dop_operator_v3']) retrieved from /home/airflow/.local/lib/python3.7/site-packages/airflow/example_dags/example_branch_python_dop_operator_3.py
[2024-12-21T04:45:52.743+0000] {logging_mixin.py:120} INFO - [2024-12-21T04:45:52.743+0000] {dag.py:2585} INFO - Sync 1 DAGs
[2024-12-21T04:45:52.765+0000] {logging_mixin.py:120} INFO - [2024-12-21T04:45:52.765+0000] {dag.py:3340} INFO - Setting next_dagrun for example_branch_dop_operator_v3 to 2024-12-21T04:44:00+00:00, run_after=2024-12-21T04:45:00+00:00
[2024-12-21T04:45:52.779+0000] {processor.py:176} INFO - Processing /home/airflow/.local/lib/python3.7/site-packages/airflow/example_dags/example_branch_python_dop_operator_3.py took 0.101 seconds
[2024-12-21T04:46:23.513+0000] {processor.py:154} INFO - Started process (PID=1095) to work on /home/airflow/.local/lib/python3.7/site-packages/airflow/example_dags/example_branch_python_dop_operator_3.py
[2024-12-21T04:46:23.515+0000] {processor.py:756} INFO - Processing file /home/airflow/.local/lib/python3.7/site-packages/airflow/example_dags/example_branch_python_dop_operator_3.py for tasks to queue
[2024-12-21T04:46:23.516+0000] {logging_mixin.py:120} INFO - [2024-12-21T04:46:23.516+0000] {dagbag.py:537} INFO - Filling up the DagBag from /home/airflow/.local/lib/python3.7/site-packages/airflow/example_dags/example_branch_python_dop_operator_3.py
[2024-12-21T04:46:23.544+0000] {processor.py:766} INFO - DAG(s) dict_keys(['example_branch_dop_operator_v3']) retrieved from /home/airflow/.local/lib/python3.7/site-packages/airflow/example_dags/example_branch_python_dop_operator_3.py
[2024-12-21T04:46:23.581+0000] {logging_mixin.py:120} INFO - [2024-12-21T04:46:23.581+0000] {dag.py:2585} INFO - Sync 1 DAGs
[2024-12-21T04:46:23.607+0000] {logging_mixin.py:120} INFO - [2024-12-21T04:46:23.607+0000] {dag.py:3340} INFO - Setting next_dagrun for example_branch_dop_operator_v3 to 2024-12-21T04:45:00+00:00, run_after=2024-12-21T04:46:00+00:00
[2024-12-21T04:46:23.624+0000] {processor.py:176} INFO - Processing /home/airflow/.local/lib/python3.7/site-packages/airflow/example_dags/example_branch_python_dop_operator_3.py took 0.116 seconds
[2024-12-21T04:46:54.226+0000] {processor.py:154} INFO - Started process (PID=1158) to work on /home/airflow/.local/lib/python3.7/site-packages/airflow/example_dags/example_branch_python_dop_operator_3.py
[2024-12-21T04:46:54.226+0000] {processor.py:756} INFO - Processing file /home/airflow/.local/lib/python3.7/site-packages/airflow/example_dags/example_branch_python_dop_operator_3.py for tasks to queue
[2024-12-21T04:46:54.227+0000] {logging_mixin.py:120} INFO - [2024-12-21T04:46:54.227+0000] {dagbag.py:537} INFO - Filling up the DagBag from /home/airflow/.local/lib/python3.7/site-packages/airflow/example_dags/example_branch_python_dop_operator_3.py
[2024-12-21T04:46:54.245+0000] {processor.py:766} INFO - DAG(s) dict_keys(['example_branch_dop_operator_v3']) retrieved from /home/airflow/.local/lib/python3.7/site-packages/airflow/example_dags/example_branch_python_dop_operator_3.py
[2024-12-21T04:46:54.276+0000] {logging_mixin.py:120} INFO - [2024-12-21T04:46:54.276+0000] {dag.py:2585} INFO - Sync 1 DAGs
[2024-12-21T04:46:54.298+0000] {logging_mixin.py:120} INFO - [2024-12-21T04:46:54.298+0000] {dag.py:3340} INFO - Setting next_dagrun for example_branch_dop_operator_v3 to 2024-12-21T04:45:00+00:00, run_after=2024-12-21T04:46:00+00:00
[2024-12-21T04:46:54.312+0000] {processor.py:176} INFO - Processing /home/airflow/.local/lib/python3.7/site-packages/airflow/example_dags/example_branch_python_dop_operator_3.py took 0.089 seconds
[2024-12-21T04:47:24.676+0000] {processor.py:154} INFO - Started process (PID=1221) to work on /home/airflow/.local/lib/python3.7/site-packages/airflow/example_dags/example_branch_python_dop_operator_3.py
[2024-12-21T04:47:24.677+0000] {processor.py:756} INFO - Processing file /home/airflow/.local/lib/python3.7/site-packages/airflow/example_dags/example_branch_python_dop_operator_3.py for tasks to queue
[2024-12-21T04:47:24.679+0000] {logging_mixin.py:120} INFO - [2024-12-21T04:47:24.679+0000] {dagbag.py:537} INFO - Filling up the DagBag from /home/airflow/.local/lib/python3.7/site-packages/airflow/example_dags/example_branch_python_dop_operator_3.py
[2024-12-21T04:47:24.719+0000] {processor.py:766} INFO - DAG(s) dict_keys(['example_branch_dop_operator_v3']) retrieved from /home/airflow/.local/lib/python3.7/site-packages/airflow/example_dags/example_branch_python_dop_operator_3.py
[2024-12-21T04:47:24.785+0000] {logging_mixin.py:120} INFO - [2024-12-21T04:47:24.784+0000] {dag.py:2585} INFO - Sync 1 DAGs
[2024-12-21T04:47:24.810+0000] {logging_mixin.py:120} INFO - [2024-12-21T04:47:24.809+0000] {dag.py:3340} INFO - Setting next_dagrun for example_branch_dop_operator_v3 to 2024-12-21T04:46:00+00:00, run_after=2024-12-21T04:47:00+00:00
[2024-12-21T04:47:24.824+0000] {processor.py:176} INFO - Processing /home/airflow/.local/lib/python3.7/site-packages/airflow/example_dags/example_branch_python_dop_operator_3.py took 0.152 seconds
[2024-12-21T04:47:55.391+0000] {processor.py:154} INFO - Started process (PID=1275) to work on /home/airflow/.local/lib/python3.7/site-packages/airflow/example_dags/example_branch_python_dop_operator_3.py
[2024-12-21T04:47:55.392+0000] {processor.py:756} INFO - Processing file /home/airflow/.local/lib/python3.7/site-packages/airflow/example_dags/example_branch_python_dop_operator_3.py for tasks to queue
[2024-12-21T04:47:55.393+0000] {logging_mixin.py:120} INFO - [2024-12-21T04:47:55.393+0000] {dagbag.py:537} INFO - Filling up the DagBag from /home/airflow/.local/lib/python3.7/site-packages/airflow/example_dags/example_branch_python_dop_operator_3.py
[2024-12-21T04:47:55.418+0000] {processor.py:766} INFO - DAG(s) dict_keys(['example_branch_dop_operator_v3']) retrieved from /home/airflow/.local/lib/python3.7/site-packages/airflow/example_dags/example_branch_python_dop_operator_3.py
[2024-12-21T04:47:55.460+0000] {logging_mixin.py:120} INFO - [2024-12-21T04:47:55.460+0000] {dag.py:2585} INFO - Sync 1 DAGs
[2024-12-21T04:47:55.486+0000] {logging_mixin.py:120} INFO - [2024-12-21T04:47:55.486+0000] {dag.py:3340} INFO - Setting next_dagrun for example_branch_dop_operator_v3 to 2024-12-21T04:46:00+00:00, run_after=2024-12-21T04:47:00+00:00
[2024-12-21T04:47:55.501+0000] {processor.py:176} INFO - Processing /home/airflow/.local/lib/python3.7/site-packages/airflow/example_dags/example_branch_python_dop_operator_3.py took 0.115 seconds
[2024-12-21T04:48:25.754+0000] {processor.py:154} INFO - Started process (PID=1338) to work on /home/airflow/.local/lib/python3.7/site-packages/airflow/example_dags/example_branch_python_dop_operator_3.py
[2024-12-21T04:48:25.756+0000] {processor.py:756} INFO - Processing file /home/airflow/.local/lib/python3.7/site-packages/airflow/example_dags/example_branch_python_dop_operator_3.py for tasks to queue
[2024-12-21T04:48:25.759+0000] {logging_mixin.py:120} INFO - [2024-12-21T04:48:25.759+0000] {dagbag.py:537} INFO - Filling up the DagBag from /home/airflow/.local/lib/python3.7/site-packages/airflow/example_dags/example_branch_python_dop_operator_3.py
[2024-12-21T04:48:25.780+0000] {processor.py:766} INFO - DAG(s) dict_keys(['example_branch_dop_operator_v3']) retrieved from /home/airflow/.local/lib/python3.7/site-packages/airflow/example_dags/example_branch_python_dop_operator_3.py
[2024-12-21T04:48:25.813+0000] {logging_mixin.py:120} INFO - [2024-12-21T04:48:25.813+0000] {dag.py:2585} INFO - Sync 1 DAGs
[2024-12-21T04:48:25.839+0000] {logging_mixin.py:120} INFO - [2024-12-21T04:48:25.839+0000] {dag.py:3340} INFO - Setting next_dagrun for example_branch_dop_operator_v3 to 2024-12-21T04:47:00+00:00, run_after=2024-12-21T04:48:00+00:00
[2024-12-21T04:48:25.855+0000] {processor.py:176} INFO - Processing /home/airflow/.local/lib/python3.7/site-packages/airflow/example_dags/example_branch_python_dop_operator_3.py took 0.105 seconds
[2024-12-21T04:48:56.658+0000] {processor.py:154} INFO - Started process (PID=1401) to work on /home/airflow/.local/lib/python3.7/site-packages/airflow/example_dags/example_branch_python_dop_operator_3.py
[2024-12-21T04:48:56.663+0000] {processor.py:756} INFO - Processing file /home/airflow/.local/lib/python3.7/site-packages/airflow/example_dags/example_branch_python_dop_operator_3.py for tasks to queue
[2024-12-21T04:48:56.664+0000] {logging_mixin.py:120} INFO - [2024-12-21T04:48:56.664+0000] {dagbag.py:537} INFO - Filling up the DagBag from /home/airflow/.local/lib/python3.7/site-packages/airflow/example_dags/example_branch_python_dop_operator_3.py
[2024-12-21T04:48:56.690+0000] {processor.py:766} INFO - DAG(s) dict_keys(['example_branch_dop_operator_v3']) retrieved from /home/airflow/.local/lib/python3.7/site-packages/airflow/example_dags/example_branch_python_dop_operator_3.py
[2024-12-21T04:48:56.742+0000] {logging_mixin.py:120} INFO - [2024-12-21T04:48:56.742+0000] {dag.py:2585} INFO - Sync 1 DAGs
[2024-12-21T04:48:56.770+0000] {logging_mixin.py:120} INFO - [2024-12-21T04:48:56.770+0000] {dag.py:3340} INFO - Setting next_dagrun for example_branch_dop_operator_v3 to 2024-12-21T04:47:00+00:00, run_after=2024-12-21T04:48:00+00:00
[2024-12-21T04:48:56.795+0000] {processor.py:176} INFO - Processing /home/airflow/.local/lib/python3.7/site-packages/airflow/example_dags/example_branch_python_dop_operator_3.py took 0.142 seconds
[2024-12-21T04:49:26.882+0000] {processor.py:154} INFO - Started process (PID=1455) to work on /home/airflow/.local/lib/python3.7/site-packages/airflow/example_dags/example_branch_python_dop_operator_3.py
[2024-12-21T04:49:26.885+0000] {processor.py:756} INFO - Processing file /home/airflow/.local/lib/python3.7/site-packages/airflow/example_dags/example_branch_python_dop_operator_3.py for tasks to queue
[2024-12-21T04:49:26.887+0000] {logging_mixin.py:120} INFO - [2024-12-21T04:49:26.887+0000] {dagbag.py:537} INFO - Filling up the DagBag from /home/airflow/.local/lib/python3.7/site-packages/airflow/example_dags/example_branch_python_dop_operator_3.py
[2024-12-21T04:49:26.955+0000] {processor.py:766} INFO - DAG(s) dict_keys(['example_branch_dop_operator_v3']) retrieved from /home/airflow/.local/lib/python3.7/site-packages/airflow/example_dags/example_branch_python_dop_operator_3.py
[2024-12-21T04:49:27.077+0000] {logging_mixin.py:120} INFO - [2024-12-21T04:49:27.076+0000] {dag.py:2585} INFO - Sync 1 DAGs
[2024-12-21T04:49:27.131+0000] {logging_mixin.py:120} INFO - [2024-12-21T04:49:27.130+0000] {dag.py:3340} INFO - Setting next_dagrun for example_branch_dop_operator_v3 to 2024-12-21T04:48:00+00:00, run_after=2024-12-21T04:49:00+00:00
[2024-12-21T04:49:27.165+0000] {processor.py:176} INFO - Processing /home/airflow/.local/lib/python3.7/site-packages/airflow/example_dags/example_branch_python_dop_operator_3.py took 0.293 seconds
