[2024-12-21T04:37:36.598+0000] {processor.py:154} INFO - Started process (PID=55) to work on /home/airflow/.local/lib/python3.7/site-packages/airflow/example_dags/example_dag_decorator.py
[2024-12-21T04:37:36.603+0000] {processor.py:756} INFO - Processing file /home/airflow/.local/lib/python3.7/site-packages/airflow/example_dags/example_dag_decorator.py for tasks to queue
[2024-12-21T04:37:36.605+0000] {logging_mixin.py:120} INFO - [2024-12-21T04:37:36.604+0000] {dagbag.py:537} INFO - Filling up the DagBag from /home/airflow/.local/lib/python3.7/site-packages/airflow/example_dags/example_dag_decorator.py
[2024-12-21T04:37:36.652+0000] {logging_mixin.py:120} INFO - [2024-12-21T04:37:36.652+0000] {taskmixin.py:205} WARNING - Dependency <Task(_PythonDecoratedOperator): prepare_email>, send_email already registered for DAG: example_dag_decorator
[2024-12-21T04:37:36.653+0000] {logging_mixin.py:120} INFO - [2024-12-21T04:37:36.653+0000] {taskmixin.py:205} WARNING - Dependency <Task(EmailOperator): send_email>, prepare_email already registered for DAG: example_dag_decorator
[2024-12-21T04:37:36.712+0000] {processor.py:766} INFO - DAG(s) dict_keys(['example_dag_decorator']) retrieved from /home/airflow/.local/lib/python3.7/site-packages/airflow/example_dags/example_dag_decorator.py
[2024-12-21T04:37:36.949+0000] {logging_mixin.py:120} INFO - [2024-12-21T04:37:36.949+0000] {manager.py:507} INFO - Created Permission View: can delete on DAG:example_dag_decorator
[2024-12-21T04:37:36.965+0000] {logging_mixin.py:120} INFO - [2024-12-21T04:37:36.965+0000] {manager.py:507} INFO - Created Permission View: can edit on DAG:example_dag_decorator
[2024-12-21T04:37:36.978+0000] {logging_mixin.py:120} INFO - [2024-12-21T04:37:36.977+0000] {manager.py:507} INFO - Created Permission View: can read on DAG:example_dag_decorator
[2024-12-21T04:37:36.978+0000] {logging_mixin.py:120} INFO - [2024-12-21T04:37:36.978+0000] {dag.py:2585} INFO - Sync 1 DAGs
[2024-12-21T04:37:37.012+0000] {logging_mixin.py:120} INFO - [2024-12-21T04:37:37.012+0000] {dag.py:2606} INFO - Creating ORM DAG for example_dag_decorator
[2024-12-21T04:37:37.034+0000] {logging_mixin.py:120} INFO - [2024-12-21T04:37:37.034+0000] {dag.py:3340} INFO - Setting next_dagrun for example_dag_decorator to None, run_after=None
[2024-12-21T04:37:37.069+0000] {processor.py:176} INFO - Processing /home/airflow/.local/lib/python3.7/site-packages/airflow/example_dags/example_dag_decorator.py took 0.479 seconds
[2024-12-21T04:38:07.969+0000] {processor.py:154} INFO - Started process (PID=118) to work on /home/airflow/.local/lib/python3.7/site-packages/airflow/example_dags/example_dag_decorator.py
[2024-12-21T04:38:07.970+0000] {processor.py:756} INFO - Processing file /home/airflow/.local/lib/python3.7/site-packages/airflow/example_dags/example_dag_decorator.py for tasks to queue
[2024-12-21T04:38:07.971+0000] {logging_mixin.py:120} INFO - [2024-12-21T04:38:07.971+0000] {dagbag.py:537} INFO - Filling up the DagBag from /home/airflow/.local/lib/python3.7/site-packages/airflow/example_dags/example_dag_decorator.py
[2024-12-21T04:38:07.993+0000] {logging_mixin.py:120} INFO - [2024-12-21T04:38:07.993+0000] {taskmixin.py:205} WARNING - Dependency <Task(_PythonDecoratedOperator): prepare_email>, send_email already registered for DAG: example_dag_decorator
[2024-12-21T04:38:07.996+0000] {logging_mixin.py:120} INFO - [2024-12-21T04:38:07.996+0000] {taskmixin.py:205} WARNING - Dependency <Task(EmailOperator): send_email>, prepare_email already registered for DAG: example_dag_decorator
[2024-12-21T04:38:08.009+0000] {processor.py:766} INFO - DAG(s) dict_keys(['example_dag_decorator']) retrieved from /home/airflow/.local/lib/python3.7/site-packages/airflow/example_dags/example_dag_decorator.py
[2024-12-21T04:38:08.094+0000] {logging_mixin.py:120} INFO - [2024-12-21T04:38:08.094+0000] {dag.py:2585} INFO - Sync 1 DAGs
[2024-12-21T04:38:08.120+0000] {logging_mixin.py:120} INFO - [2024-12-21T04:38:08.120+0000] {dag.py:3340} INFO - Setting next_dagrun for example_dag_decorator to None, run_after=None
[2024-12-21T04:38:08.152+0000] {processor.py:176} INFO - Processing /home/airflow/.local/lib/python3.7/site-packages/airflow/example_dags/example_dag_decorator.py took 0.188 seconds
[2024-12-21T04:38:38.636+0000] {processor.py:154} INFO - Started process (PID=173) to work on /home/airflow/.local/lib/python3.7/site-packages/airflow/example_dags/example_dag_decorator.py
[2024-12-21T04:38:38.639+0000] {processor.py:756} INFO - Processing file /home/airflow/.local/lib/python3.7/site-packages/airflow/example_dags/example_dag_decorator.py for tasks to queue
[2024-12-21T04:38:38.641+0000] {logging_mixin.py:120} INFO - [2024-12-21T04:38:38.640+0000] {dagbag.py:537} INFO - Filling up the DagBag from /home/airflow/.local/lib/python3.7/site-packages/airflow/example_dags/example_dag_decorator.py
[2024-12-21T04:38:38.671+0000] {logging_mixin.py:120} INFO - [2024-12-21T04:38:38.671+0000] {taskmixin.py:205} WARNING - Dependency <Task(_PythonDecoratedOperator): prepare_email>, send_email already registered for DAG: example_dag_decorator
[2024-12-21T04:38:38.671+0000] {logging_mixin.py:120} INFO - [2024-12-21T04:38:38.671+0000] {taskmixin.py:205} WARNING - Dependency <Task(EmailOperator): send_email>, prepare_email already registered for DAG: example_dag_decorator
[2024-12-21T04:38:38.691+0000] {processor.py:766} INFO - DAG(s) dict_keys(['example_dag_decorator']) retrieved from /home/airflow/.local/lib/python3.7/site-packages/airflow/example_dags/example_dag_decorator.py
[2024-12-21T04:38:38.810+0000] {logging_mixin.py:120} INFO - [2024-12-21T04:38:38.810+0000] {dag.py:2585} INFO - Sync 1 DAGs
[2024-12-21T04:38:38.864+0000] {logging_mixin.py:120} INFO - [2024-12-21T04:38:38.864+0000] {dag.py:3340} INFO - Setting next_dagrun for example_dag_decorator to None, run_after=None
[2024-12-21T04:38:38.902+0000] {processor.py:176} INFO - Processing /home/airflow/.local/lib/python3.7/site-packages/airflow/example_dags/example_dag_decorator.py took 0.270 seconds
[2024-12-21T04:39:08.967+0000] {processor.py:154} INFO - Started process (PID=236) to work on /home/airflow/.local/lib/python3.7/site-packages/airflow/example_dags/example_dag_decorator.py
[2024-12-21T04:39:08.968+0000] {processor.py:756} INFO - Processing file /home/airflow/.local/lib/python3.7/site-packages/airflow/example_dags/example_dag_decorator.py for tasks to queue
[2024-12-21T04:39:08.968+0000] {logging_mixin.py:120} INFO - [2024-12-21T04:39:08.968+0000] {dagbag.py:537} INFO - Filling up the DagBag from /home/airflow/.local/lib/python3.7/site-packages/airflow/example_dags/example_dag_decorator.py
[2024-12-21T04:39:08.984+0000] {logging_mixin.py:120} INFO - [2024-12-21T04:39:08.984+0000] {taskmixin.py:205} WARNING - Dependency <Task(_PythonDecoratedOperator): prepare_email>, send_email already registered for DAG: example_dag_decorator
[2024-12-21T04:39:08.984+0000] {logging_mixin.py:120} INFO - [2024-12-21T04:39:08.984+0000] {taskmixin.py:205} WARNING - Dependency <Task(EmailOperator): send_email>, prepare_email already registered for DAG: example_dag_decorator
[2024-12-21T04:39:08.996+0000] {processor.py:766} INFO - DAG(s) dict_keys(['example_dag_decorator']) retrieved from /home/airflow/.local/lib/python3.7/site-packages/airflow/example_dags/example_dag_decorator.py
[2024-12-21T04:39:09.174+0000] {logging_mixin.py:120} INFO - [2024-12-21T04:39:09.173+0000] {dag.py:2585} INFO - Sync 1 DAGs
[2024-12-21T04:39:09.199+0000] {logging_mixin.py:120} INFO - [2024-12-21T04:39:09.199+0000] {dag.py:3340} INFO - Setting next_dagrun for example_dag_decorator to None, run_after=None
[2024-12-21T04:39:09.224+0000] {processor.py:176} INFO - Processing /home/airflow/.local/lib/python3.7/site-packages/airflow/example_dags/example_dag_decorator.py took 0.262 seconds
[2024-12-21T04:39:39.562+0000] {processor.py:154} INFO - Started process (PID=299) to work on /home/airflow/.local/lib/python3.7/site-packages/airflow/example_dags/example_dag_decorator.py
[2024-12-21T04:39:39.563+0000] {processor.py:756} INFO - Processing file /home/airflow/.local/lib/python3.7/site-packages/airflow/example_dags/example_dag_decorator.py for tasks to queue
[2024-12-21T04:39:39.564+0000] {logging_mixin.py:120} INFO - [2024-12-21T04:39:39.564+0000] {dagbag.py:537} INFO - Filling up the DagBag from /home/airflow/.local/lib/python3.7/site-packages/airflow/example_dags/example_dag_decorator.py
[2024-12-21T04:39:39.581+0000] {logging_mixin.py:120} INFO - [2024-12-21T04:39:39.581+0000] {taskmixin.py:205} WARNING - Dependency <Task(_PythonDecoratedOperator): prepare_email>, send_email already registered for DAG: example_dag_decorator
[2024-12-21T04:39:39.581+0000] {logging_mixin.py:120} INFO - [2024-12-21T04:39:39.581+0000] {taskmixin.py:205} WARNING - Dependency <Task(EmailOperator): send_email>, prepare_email already registered for DAG: example_dag_decorator
[2024-12-21T04:39:39.592+0000] {processor.py:766} INFO - DAG(s) dict_keys(['example_dag_decorator']) retrieved from /home/airflow/.local/lib/python3.7/site-packages/airflow/example_dags/example_dag_decorator.py
[2024-12-21T04:39:39.657+0000] {logging_mixin.py:120} INFO - [2024-12-21T04:39:39.657+0000] {dag.py:2585} INFO - Sync 1 DAGs
[2024-12-21T04:39:39.677+0000] {logging_mixin.py:120} INFO - [2024-12-21T04:39:39.677+0000] {dag.py:3340} INFO - Setting next_dagrun for example_dag_decorator to None, run_after=None
[2024-12-21T04:39:39.698+0000] {processor.py:176} INFO - Processing /home/airflow/.local/lib/python3.7/site-packages/airflow/example_dags/example_dag_decorator.py took 0.141 seconds
[2024-12-21T04:40:10.562+0000] {processor.py:154} INFO - Started process (PID=353) to work on /home/airflow/.local/lib/python3.7/site-packages/airflow/example_dags/example_dag_decorator.py
[2024-12-21T04:40:10.563+0000] {processor.py:756} INFO - Processing file /home/airflow/.local/lib/python3.7/site-packages/airflow/example_dags/example_dag_decorator.py for tasks to queue
[2024-12-21T04:40:10.564+0000] {logging_mixin.py:120} INFO - [2024-12-21T04:40:10.564+0000] {dagbag.py:537} INFO - Filling up the DagBag from /home/airflow/.local/lib/python3.7/site-packages/airflow/example_dags/example_dag_decorator.py
[2024-12-21T04:40:10.580+0000] {logging_mixin.py:120} INFO - [2024-12-21T04:40:10.580+0000] {taskmixin.py:205} WARNING - Dependency <Task(_PythonDecoratedOperator): prepare_email>, send_email already registered for DAG: example_dag_decorator
[2024-12-21T04:40:10.581+0000] {logging_mixin.py:120} INFO - [2024-12-21T04:40:10.581+0000] {taskmixin.py:205} WARNING - Dependency <Task(EmailOperator): send_email>, prepare_email already registered for DAG: example_dag_decorator
[2024-12-21T04:40:10.594+0000] {processor.py:766} INFO - DAG(s) dict_keys(['example_dag_decorator']) retrieved from /home/airflow/.local/lib/python3.7/site-packages/airflow/example_dags/example_dag_decorator.py
[2024-12-21T04:40:10.661+0000] {logging_mixin.py:120} INFO - [2024-12-21T04:40:10.661+0000] {dag.py:2585} INFO - Sync 1 DAGs
[2024-12-21T04:40:10.680+0000] {logging_mixin.py:120} INFO - [2024-12-21T04:40:10.680+0000] {dag.py:3340} INFO - Setting next_dagrun for example_dag_decorator to None, run_after=None
[2024-12-21T04:40:10.709+0000] {processor.py:176} INFO - Processing /home/airflow/.local/lib/python3.7/site-packages/airflow/example_dags/example_dag_decorator.py took 0.151 seconds
[2024-12-21T04:40:41.426+0000] {processor.py:154} INFO - Started process (PID=416) to work on /home/airflow/.local/lib/python3.7/site-packages/airflow/example_dags/example_dag_decorator.py
[2024-12-21T04:40:41.428+0000] {processor.py:756} INFO - Processing file /home/airflow/.local/lib/python3.7/site-packages/airflow/example_dags/example_dag_decorator.py for tasks to queue
[2024-12-21T04:40:41.430+0000] {logging_mixin.py:120} INFO - [2024-12-21T04:40:41.430+0000] {dagbag.py:537} INFO - Filling up the DagBag from /home/airflow/.local/lib/python3.7/site-packages/airflow/example_dags/example_dag_decorator.py
[2024-12-21T04:40:41.446+0000] {logging_mixin.py:120} INFO - [2024-12-21T04:40:41.446+0000] {taskmixin.py:205} WARNING - Dependency <Task(_PythonDecoratedOperator): prepare_email>, send_email already registered for DAG: example_dag_decorator
[2024-12-21T04:40:41.446+0000] {logging_mixin.py:120} INFO - [2024-12-21T04:40:41.446+0000] {taskmixin.py:205} WARNING - Dependency <Task(EmailOperator): send_email>, prepare_email already registered for DAG: example_dag_decorator
[2024-12-21T04:40:41.456+0000] {processor.py:766} INFO - DAG(s) dict_keys(['example_dag_decorator']) retrieved from /home/airflow/.local/lib/python3.7/site-packages/airflow/example_dags/example_dag_decorator.py
[2024-12-21T04:40:41.519+0000] {logging_mixin.py:120} INFO - [2024-12-21T04:40:41.519+0000] {dag.py:2585} INFO - Sync 1 DAGs
[2024-12-21T04:40:41.541+0000] {logging_mixin.py:120} INFO - [2024-12-21T04:40:41.541+0000] {dag.py:3340} INFO - Setting next_dagrun for example_dag_decorator to None, run_after=None
[2024-12-21T04:40:41.557+0000] {processor.py:176} INFO - Processing /home/airflow/.local/lib/python3.7/site-packages/airflow/example_dags/example_dag_decorator.py took 0.136 seconds
[2024-12-21T04:41:11.681+0000] {processor.py:154} INFO - Started process (PID=479) to work on /home/airflow/.local/lib/python3.7/site-packages/airflow/example_dags/example_dag_decorator.py
[2024-12-21T04:41:11.682+0000] {processor.py:756} INFO - Processing file /home/airflow/.local/lib/python3.7/site-packages/airflow/example_dags/example_dag_decorator.py for tasks to queue
[2024-12-21T04:41:11.683+0000] {logging_mixin.py:120} INFO - [2024-12-21T04:41:11.683+0000] {dagbag.py:537} INFO - Filling up the DagBag from /home/airflow/.local/lib/python3.7/site-packages/airflow/example_dags/example_dag_decorator.py
[2024-12-21T04:41:11.703+0000] {logging_mixin.py:120} INFO - [2024-12-21T04:41:11.703+0000] {taskmixin.py:205} WARNING - Dependency <Task(_PythonDecoratedOperator): prepare_email>, send_email already registered for DAG: example_dag_decorator
[2024-12-21T04:41:11.705+0000] {logging_mixin.py:120} INFO - [2024-12-21T04:41:11.705+0000] {taskmixin.py:205} WARNING - Dependency <Task(EmailOperator): send_email>, prepare_email already registered for DAG: example_dag_decorator
[2024-12-21T04:41:11.716+0000] {processor.py:766} INFO - DAG(s) dict_keys(['example_dag_decorator']) retrieved from /home/airflow/.local/lib/python3.7/site-packages/airflow/example_dags/example_dag_decorator.py
[2024-12-21T04:41:11.793+0000] {logging_mixin.py:120} INFO - [2024-12-21T04:41:11.793+0000] {dag.py:2585} INFO - Sync 1 DAGs
[2024-12-21T04:41:11.817+0000] {logging_mixin.py:120} INFO - [2024-12-21T04:41:11.817+0000] {dag.py:3340} INFO - Setting next_dagrun for example_dag_decorator to None, run_after=None
[2024-12-21T04:41:11.840+0000] {processor.py:176} INFO - Processing /home/airflow/.local/lib/python3.7/site-packages/airflow/example_dags/example_dag_decorator.py took 0.165 seconds
[2024-12-21T04:41:42.005+0000] {processor.py:154} INFO - Started process (PID=534) to work on /home/airflow/.local/lib/python3.7/site-packages/airflow/example_dags/example_dag_decorator.py
[2024-12-21T04:41:42.012+0000] {processor.py:756} INFO - Processing file /home/airflow/.local/lib/python3.7/site-packages/airflow/example_dags/example_dag_decorator.py for tasks to queue
[2024-12-21T04:41:42.014+0000] {logging_mixin.py:120} INFO - [2024-12-21T04:41:42.013+0000] {dagbag.py:537} INFO - Filling up the DagBag from /home/airflow/.local/lib/python3.7/site-packages/airflow/example_dags/example_dag_decorator.py
[2024-12-21T04:41:42.055+0000] {logging_mixin.py:120} INFO - [2024-12-21T04:41:42.055+0000] {taskmixin.py:205} WARNING - Dependency <Task(_PythonDecoratedOperator): prepare_email>, send_email already registered for DAG: example_dag_decorator
[2024-12-21T04:41:42.055+0000] {logging_mixin.py:120} INFO - [2024-12-21T04:41:42.055+0000] {taskmixin.py:205} WARNING - Dependency <Task(EmailOperator): send_email>, prepare_email already registered for DAG: example_dag_decorator
[2024-12-21T04:41:42.077+0000] {processor.py:766} INFO - DAG(s) dict_keys(['example_dag_decorator']) retrieved from /home/airflow/.local/lib/python3.7/site-packages/airflow/example_dags/example_dag_decorator.py
[2024-12-21T04:41:42.197+0000] {logging_mixin.py:120} INFO - [2024-12-21T04:41:42.197+0000] {dag.py:2585} INFO - Sync 1 DAGs
[2024-12-21T04:41:42.230+0000] {logging_mixin.py:120} INFO - [2024-12-21T04:41:42.230+0000] {dag.py:3340} INFO - Setting next_dagrun for example_dag_decorator to None, run_after=None
[2024-12-21T04:41:42.264+0000] {processor.py:176} INFO - Processing /home/airflow/.local/lib/python3.7/site-packages/airflow/example_dags/example_dag_decorator.py took 0.271 seconds
[2024-12-21T04:42:12.594+0000] {processor.py:154} INFO - Started process (PID=596) to work on /home/airflow/.local/lib/python3.7/site-packages/airflow/example_dags/example_dag_decorator.py
[2024-12-21T04:42:12.596+0000] {processor.py:756} INFO - Processing file /home/airflow/.local/lib/python3.7/site-packages/airflow/example_dags/example_dag_decorator.py for tasks to queue
[2024-12-21T04:42:12.596+0000] {logging_mixin.py:120} INFO - [2024-12-21T04:42:12.596+0000] {dagbag.py:537} INFO - Filling up the DagBag from /home/airflow/.local/lib/python3.7/site-packages/airflow/example_dags/example_dag_decorator.py
[2024-12-21T04:42:12.618+0000] {logging_mixin.py:120} INFO - [2024-12-21T04:42:12.618+0000] {taskmixin.py:205} WARNING - Dependency <Task(_PythonDecoratedOperator): prepare_email>, send_email already registered for DAG: example_dag_decorator
[2024-12-21T04:42:12.620+0000] {logging_mixin.py:120} INFO - [2024-12-21T04:42:12.620+0000] {taskmixin.py:205} WARNING - Dependency <Task(EmailOperator): send_email>, prepare_email already registered for DAG: example_dag_decorator
[2024-12-21T04:42:12.631+0000] {processor.py:766} INFO - DAG(s) dict_keys(['example_dag_decorator']) retrieved from /home/airflow/.local/lib/python3.7/site-packages/airflow/example_dags/example_dag_decorator.py
[2024-12-21T04:42:12.704+0000] {logging_mixin.py:120} INFO - [2024-12-21T04:42:12.704+0000] {dag.py:2585} INFO - Sync 1 DAGs
[2024-12-21T04:42:12.725+0000] {logging_mixin.py:120} INFO - [2024-12-21T04:42:12.725+0000] {dag.py:3340} INFO - Setting next_dagrun for example_dag_decorator to None, run_after=None
[2024-12-21T04:42:12.751+0000] {processor.py:176} INFO - Processing /home/airflow/.local/lib/python3.7/site-packages/airflow/example_dags/example_dag_decorator.py took 0.161 seconds
[2024-12-21T04:42:43.141+0000] {processor.py:154} INFO - Started process (PID=659) to work on /home/airflow/.local/lib/python3.7/site-packages/airflow/example_dags/example_dag_decorator.py
[2024-12-21T04:42:43.141+0000] {processor.py:756} INFO - Processing file /home/airflow/.local/lib/python3.7/site-packages/airflow/example_dags/example_dag_decorator.py for tasks to queue
[2024-12-21T04:42:43.142+0000] {logging_mixin.py:120} INFO - [2024-12-21T04:42:43.142+0000] {dagbag.py:537} INFO - Filling up the DagBag from /home/airflow/.local/lib/python3.7/site-packages/airflow/example_dags/example_dag_decorator.py
[2024-12-21T04:42:43.155+0000] {logging_mixin.py:120} INFO - [2024-12-21T04:42:43.155+0000] {taskmixin.py:205} WARNING - Dependency <Task(_PythonDecoratedOperator): prepare_email>, send_email already registered for DAG: example_dag_decorator
[2024-12-21T04:42:43.156+0000] {logging_mixin.py:120} INFO - [2024-12-21T04:42:43.155+0000] {taskmixin.py:205} WARNING - Dependency <Task(EmailOperator): send_email>, prepare_email already registered for DAG: example_dag_decorator
[2024-12-21T04:42:43.166+0000] {processor.py:766} INFO - DAG(s) dict_keys(['example_dag_decorator']) retrieved from /home/airflow/.local/lib/python3.7/site-packages/airflow/example_dags/example_dag_decorator.py
[2024-12-21T04:42:43.243+0000] {logging_mixin.py:120} INFO - [2024-12-21T04:42:43.243+0000] {dag.py:2585} INFO - Sync 1 DAGs
[2024-12-21T04:42:43.269+0000] {logging_mixin.py:120} INFO - [2024-12-21T04:42:43.269+0000] {dag.py:3340} INFO - Setting next_dagrun for example_dag_decorator to None, run_after=None
[2024-12-21T04:42:43.289+0000] {processor.py:176} INFO - Processing /home/airflow/.local/lib/python3.7/site-packages/airflow/example_dags/example_dag_decorator.py took 0.154 seconds
[2024-12-21T04:43:13.806+0000] {processor.py:154} INFO - Started process (PID=722) to work on /home/airflow/.local/lib/python3.7/site-packages/airflow/example_dags/example_dag_decorator.py
[2024-12-21T04:43:13.809+0000] {processor.py:756} INFO - Processing file /home/airflow/.local/lib/python3.7/site-packages/airflow/example_dags/example_dag_decorator.py for tasks to queue
[2024-12-21T04:43:13.812+0000] {logging_mixin.py:120} INFO - [2024-12-21T04:43:13.811+0000] {dagbag.py:537} INFO - Filling up the DagBag from /home/airflow/.local/lib/python3.7/site-packages/airflow/example_dags/example_dag_decorator.py
[2024-12-21T04:43:13.833+0000] {logging_mixin.py:120} INFO - [2024-12-21T04:43:13.833+0000] {taskmixin.py:205} WARNING - Dependency <Task(_PythonDecoratedOperator): prepare_email>, send_email already registered for DAG: example_dag_decorator
[2024-12-21T04:43:13.837+0000] {logging_mixin.py:120} INFO - [2024-12-21T04:43:13.837+0000] {taskmixin.py:205} WARNING - Dependency <Task(EmailOperator): send_email>, prepare_email already registered for DAG: example_dag_decorator
[2024-12-21T04:43:13.849+0000] {processor.py:766} INFO - DAG(s) dict_keys(['example_dag_decorator']) retrieved from /home/airflow/.local/lib/python3.7/site-packages/airflow/example_dags/example_dag_decorator.py
[2024-12-21T04:43:13.934+0000] {logging_mixin.py:120} INFO - [2024-12-21T04:43:13.934+0000] {dag.py:2585} INFO - Sync 1 DAGs
[2024-12-21T04:43:13.956+0000] {logging_mixin.py:120} INFO - [2024-12-21T04:43:13.955+0000] {dag.py:3340} INFO - Setting next_dagrun for example_dag_decorator to None, run_after=None
[2024-12-21T04:43:13.974+0000] {processor.py:176} INFO - Processing /home/airflow/.local/lib/python3.7/site-packages/airflow/example_dags/example_dag_decorator.py took 0.178 seconds
[2024-12-21T04:43:44.271+0000] {processor.py:154} INFO - Started process (PID=776) to work on /home/airflow/.local/lib/python3.7/site-packages/airflow/example_dags/example_dag_decorator.py
[2024-12-21T04:43:44.273+0000] {processor.py:756} INFO - Processing file /home/airflow/.local/lib/python3.7/site-packages/airflow/example_dags/example_dag_decorator.py for tasks to queue
[2024-12-21T04:43:44.274+0000] {logging_mixin.py:120} INFO - [2024-12-21T04:43:44.273+0000] {dagbag.py:537} INFO - Filling up the DagBag from /home/airflow/.local/lib/python3.7/site-packages/airflow/example_dags/example_dag_decorator.py
[2024-12-21T04:43:44.294+0000] {logging_mixin.py:120} INFO - [2024-12-21T04:43:44.294+0000] {taskmixin.py:205} WARNING - Dependency <Task(_PythonDecoratedOperator): prepare_email>, send_email already registered for DAG: example_dag_decorator
[2024-12-21T04:43:44.294+0000] {logging_mixin.py:120} INFO - [2024-12-21T04:43:44.294+0000] {taskmixin.py:205} WARNING - Dependency <Task(EmailOperator): send_email>, prepare_email already registered for DAG: example_dag_decorator
[2024-12-21T04:43:44.307+0000] {processor.py:766} INFO - DAG(s) dict_keys(['example_dag_decorator']) retrieved from /home/airflow/.local/lib/python3.7/site-packages/airflow/example_dags/example_dag_decorator.py
[2024-12-21T04:43:44.416+0000] {logging_mixin.py:120} INFO - [2024-12-21T04:43:44.415+0000] {dag.py:2585} INFO - Sync 1 DAGs
[2024-12-21T04:43:44.442+0000] {logging_mixin.py:120} INFO - [2024-12-21T04:43:44.442+0000] {dag.py:3340} INFO - Setting next_dagrun for example_dag_decorator to None, run_after=None
[2024-12-21T04:43:44.458+0000] {processor.py:176} INFO - Processing /home/airflow/.local/lib/python3.7/site-packages/airflow/example_dags/example_dag_decorator.py took 0.195 seconds
[2024-12-21T04:44:15.388+0000] {processor.py:154} INFO - Started process (PID=839) to work on /home/airflow/.local/lib/python3.7/site-packages/airflow/example_dags/example_dag_decorator.py
[2024-12-21T04:44:15.389+0000] {processor.py:756} INFO - Processing file /home/airflow/.local/lib/python3.7/site-packages/airflow/example_dags/example_dag_decorator.py for tasks to queue
[2024-12-21T04:44:15.391+0000] {logging_mixin.py:120} INFO - [2024-12-21T04:44:15.391+0000] {dagbag.py:537} INFO - Filling up the DagBag from /home/airflow/.local/lib/python3.7/site-packages/airflow/example_dags/example_dag_decorator.py
[2024-12-21T04:44:15.410+0000] {logging_mixin.py:120} INFO - [2024-12-21T04:44:15.410+0000] {taskmixin.py:205} WARNING - Dependency <Task(_PythonDecoratedOperator): prepare_email>, send_email already registered for DAG: example_dag_decorator
[2024-12-21T04:44:15.413+0000] {logging_mixin.py:120} INFO - [2024-12-21T04:44:15.413+0000] {taskmixin.py:205} WARNING - Dependency <Task(EmailOperator): send_email>, prepare_email already registered for DAG: example_dag_decorator
[2024-12-21T04:44:15.425+0000] {processor.py:766} INFO - DAG(s) dict_keys(['example_dag_decorator']) retrieved from /home/airflow/.local/lib/python3.7/site-packages/airflow/example_dags/example_dag_decorator.py
[2024-12-21T04:44:15.504+0000] {logging_mixin.py:120} INFO - [2024-12-21T04:44:15.504+0000] {dag.py:2585} INFO - Sync 1 DAGs
[2024-12-21T04:44:15.530+0000] {logging_mixin.py:120} INFO - [2024-12-21T04:44:15.530+0000] {dag.py:3340} INFO - Setting next_dagrun for example_dag_decorator to None, run_after=None
[2024-12-21T04:44:15.548+0000] {processor.py:176} INFO - Processing /home/airflow/.local/lib/python3.7/site-packages/airflow/example_dags/example_dag_decorator.py took 0.166 seconds
[2024-12-21T04:44:46.659+0000] {processor.py:154} INFO - Started process (PID=902) to work on /home/airflow/.local/lib/python3.7/site-packages/airflow/example_dags/example_dag_decorator.py
[2024-12-21T04:44:46.668+0000] {processor.py:756} INFO - Processing file /home/airflow/.local/lib/python3.7/site-packages/airflow/example_dags/example_dag_decorator.py for tasks to queue
[2024-12-21T04:44:46.673+0000] {logging_mixin.py:120} INFO - [2024-12-21T04:44:46.672+0000] {dagbag.py:537} INFO - Filling up the DagBag from /home/airflow/.local/lib/python3.7/site-packages/airflow/example_dags/example_dag_decorator.py
[2024-12-21T04:44:47.170+0000] {logging_mixin.py:120} INFO - [2024-12-21T04:44:47.169+0000] {taskmixin.py:205} WARNING - Dependency <Task(_PythonDecoratedOperator): prepare_email>, send_email already registered for DAG: example_dag_decorator
[2024-12-21T04:44:47.173+0000] {logging_mixin.py:120} INFO - [2024-12-21T04:44:47.173+0000] {taskmixin.py:205} WARNING - Dependency <Task(EmailOperator): send_email>, prepare_email already registered for DAG: example_dag_decorator
[2024-12-21T04:44:47.329+0000] {processor.py:766} INFO - DAG(s) dict_keys(['example_dag_decorator']) retrieved from /home/airflow/.local/lib/python3.7/site-packages/airflow/example_dags/example_dag_decorator.py
[2024-12-21T04:44:47.670+0000] {logging_mixin.py:120} INFO - [2024-12-21T04:44:47.670+0000] {dag.py:2585} INFO - Sync 1 DAGs
[2024-12-21T04:44:47.749+0000] {logging_mixin.py:120} INFO - [2024-12-21T04:44:47.749+0000] {dag.py:3340} INFO - Setting next_dagrun for example_dag_decorator to None, run_after=None
[2024-12-21T04:44:47.782+0000] {processor.py:176} INFO - Processing /home/airflow/.local/lib/python3.7/site-packages/airflow/example_dags/example_dag_decorator.py took 1.269 seconds
[2024-12-21T04:45:18.190+0000] {processor.py:154} INFO - Started process (PID=956) to work on /home/airflow/.local/lib/python3.7/site-packages/airflow/example_dags/example_dag_decorator.py
[2024-12-21T04:45:18.193+0000] {processor.py:756} INFO - Processing file /home/airflow/.local/lib/python3.7/site-packages/airflow/example_dags/example_dag_decorator.py for tasks to queue
[2024-12-21T04:45:18.194+0000] {logging_mixin.py:120} INFO - [2024-12-21T04:45:18.194+0000] {dagbag.py:537} INFO - Filling up the DagBag from /home/airflow/.local/lib/python3.7/site-packages/airflow/example_dags/example_dag_decorator.py
[2024-12-21T04:45:18.212+0000] {logging_mixin.py:120} INFO - [2024-12-21T04:45:18.211+0000] {taskmixin.py:205} WARNING - Dependency <Task(_PythonDecoratedOperator): prepare_email>, send_email already registered for DAG: example_dag_decorator
[2024-12-21T04:45:18.212+0000] {logging_mixin.py:120} INFO - [2024-12-21T04:45:18.212+0000] {taskmixin.py:205} WARNING - Dependency <Task(EmailOperator): send_email>, prepare_email already registered for DAG: example_dag_decorator
[2024-12-21T04:45:18.226+0000] {processor.py:766} INFO - DAG(s) dict_keys(['example_dag_decorator']) retrieved from /home/airflow/.local/lib/python3.7/site-packages/airflow/example_dags/example_dag_decorator.py
[2024-12-21T04:45:18.314+0000] {logging_mixin.py:120} INFO - [2024-12-21T04:45:18.313+0000] {dag.py:2585} INFO - Sync 1 DAGs
[2024-12-21T04:45:18.336+0000] {logging_mixin.py:120} INFO - [2024-12-21T04:45:18.336+0000] {dag.py:3340} INFO - Setting next_dagrun for example_dag_decorator to None, run_after=None
[2024-12-21T04:45:18.351+0000] {processor.py:176} INFO - Processing /home/airflow/.local/lib/python3.7/site-packages/airflow/example_dags/example_dag_decorator.py took 0.167 seconds
[2024-12-21T04:45:48.956+0000] {processor.py:154} INFO - Started process (PID=1019) to work on /home/airflow/.local/lib/python3.7/site-packages/airflow/example_dags/example_dag_decorator.py
[2024-12-21T04:45:48.957+0000] {processor.py:756} INFO - Processing file /home/airflow/.local/lib/python3.7/site-packages/airflow/example_dags/example_dag_decorator.py for tasks to queue
[2024-12-21T04:45:48.958+0000] {logging_mixin.py:120} INFO - [2024-12-21T04:45:48.958+0000] {dagbag.py:537} INFO - Filling up the DagBag from /home/airflow/.local/lib/python3.7/site-packages/airflow/example_dags/example_dag_decorator.py
[2024-12-21T04:45:48.976+0000] {logging_mixin.py:120} INFO - [2024-12-21T04:45:48.976+0000] {taskmixin.py:205} WARNING - Dependency <Task(_PythonDecoratedOperator): prepare_email>, send_email already registered for DAG: example_dag_decorator
[2024-12-21T04:45:48.976+0000] {logging_mixin.py:120} INFO - [2024-12-21T04:45:48.976+0000] {taskmixin.py:205} WARNING - Dependency <Task(EmailOperator): send_email>, prepare_email already registered for DAG: example_dag_decorator
[2024-12-21T04:45:48.990+0000] {processor.py:766} INFO - DAG(s) dict_keys(['example_dag_decorator']) retrieved from /home/airflow/.local/lib/python3.7/site-packages/airflow/example_dags/example_dag_decorator.py
[2024-12-21T04:45:49.067+0000] {logging_mixin.py:120} INFO - [2024-12-21T04:45:49.067+0000] {dag.py:2585} INFO - Sync 1 DAGs
[2024-12-21T04:45:49.087+0000] {logging_mixin.py:120} INFO - [2024-12-21T04:45:49.087+0000] {dag.py:3340} INFO - Setting next_dagrun for example_dag_decorator to None, run_after=None
[2024-12-21T04:45:49.102+0000] {processor.py:176} INFO - Processing /home/airflow/.local/lib/python3.7/site-packages/airflow/example_dags/example_dag_decorator.py took 0.150 seconds
[2024-12-21T04:46:19.213+0000] {processor.py:154} INFO - Started process (PID=1082) to work on /home/airflow/.local/lib/python3.7/site-packages/airflow/example_dags/example_dag_decorator.py
[2024-12-21T04:46:19.214+0000] {processor.py:756} INFO - Processing file /home/airflow/.local/lib/python3.7/site-packages/airflow/example_dags/example_dag_decorator.py for tasks to queue
[2024-12-21T04:46:19.215+0000] {logging_mixin.py:120} INFO - [2024-12-21T04:46:19.214+0000] {dagbag.py:537} INFO - Filling up the DagBag from /home/airflow/.local/lib/python3.7/site-packages/airflow/example_dags/example_dag_decorator.py
[2024-12-21T04:46:19.228+0000] {logging_mixin.py:120} INFO - [2024-12-21T04:46:19.228+0000] {taskmixin.py:205} WARNING - Dependency <Task(_PythonDecoratedOperator): prepare_email>, send_email already registered for DAG: example_dag_decorator
[2024-12-21T04:46:19.229+0000] {logging_mixin.py:120} INFO - [2024-12-21T04:46:19.228+0000] {taskmixin.py:205} WARNING - Dependency <Task(EmailOperator): send_email>, prepare_email already registered for DAG: example_dag_decorator
[2024-12-21T04:46:19.248+0000] {processor.py:766} INFO - DAG(s) dict_keys(['example_dag_decorator']) retrieved from /home/airflow/.local/lib/python3.7/site-packages/airflow/example_dags/example_dag_decorator.py
[2024-12-21T04:46:19.322+0000] {logging_mixin.py:120} INFO - [2024-12-21T04:46:19.322+0000] {dag.py:2585} INFO - Sync 1 DAGs
[2024-12-21T04:46:19.345+0000] {logging_mixin.py:120} INFO - [2024-12-21T04:46:19.345+0000] {dag.py:3340} INFO - Setting next_dagrun for example_dag_decorator to None, run_after=None
[2024-12-21T04:46:19.363+0000] {processor.py:176} INFO - Processing /home/airflow/.local/lib/python3.7/site-packages/airflow/example_dags/example_dag_decorator.py took 0.153 seconds
[2024-12-21T04:46:49.465+0000] {processor.py:154} INFO - Started process (PID=1137) to work on /home/airflow/.local/lib/python3.7/site-packages/airflow/example_dags/example_dag_decorator.py
[2024-12-21T04:46:49.466+0000] {processor.py:756} INFO - Processing file /home/airflow/.local/lib/python3.7/site-packages/airflow/example_dags/example_dag_decorator.py for tasks to queue
[2024-12-21T04:46:49.466+0000] {logging_mixin.py:120} INFO - [2024-12-21T04:46:49.466+0000] {dagbag.py:537} INFO - Filling up the DagBag from /home/airflow/.local/lib/python3.7/site-packages/airflow/example_dags/example_dag_decorator.py
[2024-12-21T04:46:49.477+0000] {logging_mixin.py:120} INFO - [2024-12-21T04:46:49.477+0000] {taskmixin.py:205} WARNING - Dependency <Task(_PythonDecoratedOperator): prepare_email>, send_email already registered for DAG: example_dag_decorator
[2024-12-21T04:46:49.478+0000] {logging_mixin.py:120} INFO - [2024-12-21T04:46:49.478+0000] {taskmixin.py:205} WARNING - Dependency <Task(EmailOperator): send_email>, prepare_email already registered for DAG: example_dag_decorator
[2024-12-21T04:46:49.487+0000] {processor.py:766} INFO - DAG(s) dict_keys(['example_dag_decorator']) retrieved from /home/airflow/.local/lib/python3.7/site-packages/airflow/example_dags/example_dag_decorator.py
[2024-12-21T04:46:49.549+0000] {logging_mixin.py:120} INFO - [2024-12-21T04:46:49.548+0000] {dag.py:2585} INFO - Sync 1 DAGs
[2024-12-21T04:46:49.567+0000] {logging_mixin.py:120} INFO - [2024-12-21T04:46:49.567+0000] {dag.py:3340} INFO - Setting next_dagrun for example_dag_decorator to None, run_after=None
[2024-12-21T04:46:49.582+0000] {processor.py:176} INFO - Processing /home/airflow/.local/lib/python3.7/site-packages/airflow/example_dags/example_dag_decorator.py took 0.119 seconds
[2024-12-21T04:47:19.948+0000] {processor.py:154} INFO - Started process (PID=1200) to work on /home/airflow/.local/lib/python3.7/site-packages/airflow/example_dags/example_dag_decorator.py
[2024-12-21T04:47:19.949+0000] {processor.py:756} INFO - Processing file /home/airflow/.local/lib/python3.7/site-packages/airflow/example_dags/example_dag_decorator.py for tasks to queue
[2024-12-21T04:47:19.950+0000] {logging_mixin.py:120} INFO - [2024-12-21T04:47:19.949+0000] {dagbag.py:537} INFO - Filling up the DagBag from /home/airflow/.local/lib/python3.7/site-packages/airflow/example_dags/example_dag_decorator.py
[2024-12-21T04:47:19.961+0000] {logging_mixin.py:120} INFO - [2024-12-21T04:47:19.961+0000] {taskmixin.py:205} WARNING - Dependency <Task(_PythonDecoratedOperator): prepare_email>, send_email already registered for DAG: example_dag_decorator
[2024-12-21T04:47:19.962+0000] {logging_mixin.py:120} INFO - [2024-12-21T04:47:19.962+0000] {taskmixin.py:205} WARNING - Dependency <Task(EmailOperator): send_email>, prepare_email already registered for DAG: example_dag_decorator
[2024-12-21T04:47:19.971+0000] {processor.py:766} INFO - DAG(s) dict_keys(['example_dag_decorator']) retrieved from /home/airflow/.local/lib/python3.7/site-packages/airflow/example_dags/example_dag_decorator.py
[2024-12-21T04:47:20.033+0000] {logging_mixin.py:120} INFO - [2024-12-21T04:47:20.033+0000] {dag.py:2585} INFO - Sync 1 DAGs
[2024-12-21T04:47:20.053+0000] {logging_mixin.py:120} INFO - [2024-12-21T04:47:20.053+0000] {dag.py:3340} INFO - Setting next_dagrun for example_dag_decorator to None, run_after=None
[2024-12-21T04:47:20.068+0000] {processor.py:176} INFO - Processing /home/airflow/.local/lib/python3.7/site-packages/airflow/example_dags/example_dag_decorator.py took 0.122 seconds
[2024-12-21T04:47:50.404+0000] {processor.py:154} INFO - Started process (PID=1262) to work on /home/airflow/.local/lib/python3.7/site-packages/airflow/example_dags/example_dag_decorator.py
[2024-12-21T04:47:50.405+0000] {processor.py:756} INFO - Processing file /home/airflow/.local/lib/python3.7/site-packages/airflow/example_dags/example_dag_decorator.py for tasks to queue
[2024-12-21T04:47:50.405+0000] {logging_mixin.py:120} INFO - [2024-12-21T04:47:50.405+0000] {dagbag.py:537} INFO - Filling up the DagBag from /home/airflow/.local/lib/python3.7/site-packages/airflow/example_dags/example_dag_decorator.py
[2024-12-21T04:47:50.416+0000] {logging_mixin.py:120} INFO - [2024-12-21T04:47:50.416+0000] {taskmixin.py:205} WARNING - Dependency <Task(_PythonDecoratedOperator): prepare_email>, send_email already registered for DAG: example_dag_decorator
[2024-12-21T04:47:50.417+0000] {logging_mixin.py:120} INFO - [2024-12-21T04:47:50.417+0000] {taskmixin.py:205} WARNING - Dependency <Task(EmailOperator): send_email>, prepare_email already registered for DAG: example_dag_decorator
[2024-12-21T04:47:50.426+0000] {processor.py:766} INFO - DAG(s) dict_keys(['example_dag_decorator']) retrieved from /home/airflow/.local/lib/python3.7/site-packages/airflow/example_dags/example_dag_decorator.py
[2024-12-21T04:47:50.484+0000] {logging_mixin.py:120} INFO - [2024-12-21T04:47:50.484+0000] {dag.py:2585} INFO - Sync 1 DAGs
[2024-12-21T04:47:50.505+0000] {logging_mixin.py:120} INFO - [2024-12-21T04:47:50.504+0000] {dag.py:3340} INFO - Setting next_dagrun for example_dag_decorator to None, run_after=None
[2024-12-21T04:47:50.518+0000] {processor.py:176} INFO - Processing /home/airflow/.local/lib/python3.7/site-packages/airflow/example_dags/example_dag_decorator.py took 0.116 seconds
[2024-12-21T04:48:20.677+0000] {processor.py:154} INFO - Started process (PID=1325) to work on /home/airflow/.local/lib/python3.7/site-packages/airflow/example_dags/example_dag_decorator.py
[2024-12-21T04:48:20.680+0000] {processor.py:756} INFO - Processing file /home/airflow/.local/lib/python3.7/site-packages/airflow/example_dags/example_dag_decorator.py for tasks to queue
[2024-12-21T04:48:20.681+0000] {logging_mixin.py:120} INFO - [2024-12-21T04:48:20.681+0000] {dagbag.py:537} INFO - Filling up the DagBag from /home/airflow/.local/lib/python3.7/site-packages/airflow/example_dags/example_dag_decorator.py
[2024-12-21T04:48:20.702+0000] {logging_mixin.py:120} INFO - [2024-12-21T04:48:20.701+0000] {taskmixin.py:205} WARNING - Dependency <Task(_PythonDecoratedOperator): prepare_email>, send_email already registered for DAG: example_dag_decorator
[2024-12-21T04:48:20.705+0000] {logging_mixin.py:120} INFO - [2024-12-21T04:48:20.704+0000] {taskmixin.py:205} WARNING - Dependency <Task(EmailOperator): send_email>, prepare_email already registered for DAG: example_dag_decorator
[2024-12-21T04:48:20.750+0000] {processor.py:766} INFO - DAG(s) dict_keys(['example_dag_decorator']) retrieved from /home/airflow/.local/lib/python3.7/site-packages/airflow/example_dags/example_dag_decorator.py
[2024-12-21T04:48:20.906+0000] {logging_mixin.py:120} INFO - [2024-12-21T04:48:20.905+0000] {dag.py:2585} INFO - Sync 1 DAGs
[2024-12-21T04:48:20.953+0000] {logging_mixin.py:120} INFO - [2024-12-21T04:48:20.953+0000] {dag.py:3340} INFO - Setting next_dagrun for example_dag_decorator to None, run_after=None
[2024-12-21T04:48:21.004+0000] {processor.py:176} INFO - Processing /home/airflow/.local/lib/python3.7/site-packages/airflow/example_dags/example_dag_decorator.py took 0.330 seconds
[2024-12-21T04:48:51.863+0000] {processor.py:154} INFO - Started process (PID=1379) to work on /home/airflow/.local/lib/python3.7/site-packages/airflow/example_dags/example_dag_decorator.py
[2024-12-21T04:48:51.866+0000] {processor.py:756} INFO - Processing file /home/airflow/.local/lib/python3.7/site-packages/airflow/example_dags/example_dag_decorator.py for tasks to queue
[2024-12-21T04:48:51.867+0000] {logging_mixin.py:120} INFO - [2024-12-21T04:48:51.867+0000] {dagbag.py:537} INFO - Filling up the DagBag from /home/airflow/.local/lib/python3.7/site-packages/airflow/example_dags/example_dag_decorator.py
[2024-12-21T04:48:51.883+0000] {logging_mixin.py:120} INFO - [2024-12-21T04:48:51.883+0000] {taskmixin.py:205} WARNING - Dependency <Task(_PythonDecoratedOperator): prepare_email>, send_email already registered for DAG: example_dag_decorator
[2024-12-21T04:48:51.885+0000] {logging_mixin.py:120} INFO - [2024-12-21T04:48:51.885+0000] {taskmixin.py:205} WARNING - Dependency <Task(EmailOperator): send_email>, prepare_email already registered for DAG: example_dag_decorator
[2024-12-21T04:48:51.897+0000] {processor.py:766} INFO - DAG(s) dict_keys(['example_dag_decorator']) retrieved from /home/airflow/.local/lib/python3.7/site-packages/airflow/example_dags/example_dag_decorator.py
[2024-12-21T04:48:51.966+0000] {logging_mixin.py:120} INFO - [2024-12-21T04:48:51.966+0000] {dag.py:2585} INFO - Sync 1 DAGs
[2024-12-21T04:48:51.986+0000] {logging_mixin.py:120} INFO - [2024-12-21T04:48:51.986+0000] {dag.py:3340} INFO - Setting next_dagrun for example_dag_decorator to None, run_after=None
[2024-12-21T04:48:52.006+0000] {processor.py:176} INFO - Processing /home/airflow/.local/lib/python3.7/site-packages/airflow/example_dags/example_dag_decorator.py took 0.147 seconds
[2024-12-21T04:49:22.559+0000] {processor.py:154} INFO - Started process (PID=1442) to work on /home/airflow/.local/lib/python3.7/site-packages/airflow/example_dags/example_dag_decorator.py
[2024-12-21T04:49:22.560+0000] {processor.py:756} INFO - Processing file /home/airflow/.local/lib/python3.7/site-packages/airflow/example_dags/example_dag_decorator.py for tasks to queue
[2024-12-21T04:49:22.561+0000] {logging_mixin.py:120} INFO - [2024-12-21T04:49:22.561+0000] {dagbag.py:537} INFO - Filling up the DagBag from /home/airflow/.local/lib/python3.7/site-packages/airflow/example_dags/example_dag_decorator.py
[2024-12-21T04:49:22.580+0000] {logging_mixin.py:120} INFO - [2024-12-21T04:49:22.580+0000] {taskmixin.py:205} WARNING - Dependency <Task(_PythonDecoratedOperator): prepare_email>, send_email already registered for DAG: example_dag_decorator
[2024-12-21T04:49:22.581+0000] {logging_mixin.py:120} INFO - [2024-12-21T04:49:22.581+0000] {taskmixin.py:205} WARNING - Dependency <Task(EmailOperator): send_email>, prepare_email already registered for DAG: example_dag_decorator
[2024-12-21T04:49:22.593+0000] {processor.py:766} INFO - DAG(s) dict_keys(['example_dag_decorator']) retrieved from /home/airflow/.local/lib/python3.7/site-packages/airflow/example_dags/example_dag_decorator.py
[2024-12-21T04:49:22.654+0000] {logging_mixin.py:120} INFO - [2024-12-21T04:49:22.654+0000] {dag.py:2585} INFO - Sync 1 DAGs
[2024-12-21T04:49:22.680+0000] {logging_mixin.py:120} INFO - [2024-12-21T04:49:22.680+0000] {dag.py:3340} INFO - Setting next_dagrun for example_dag_decorator to None, run_after=None
[2024-12-21T04:49:22.704+0000] {processor.py:176} INFO - Processing /home/airflow/.local/lib/python3.7/site-packages/airflow/example_dags/example_dag_decorator.py took 0.150 seconds
