[2024-12-21T04:37:42.838+0000] {processor.py:154} INFO - Started process (PID=80) to work on /home/airflow/.local/lib/python3.7/site-packages/airflow/example_dags/example_subdag_operator.py
[2024-12-21T04:37:42.846+0000] {processor.py:756} INFO - Processing file /home/airflow/.local/lib/python3.7/site-packages/airflow/example_dags/example_subdag_operator.py for tasks to queue
[2024-12-21T04:37:42.849+0000] {logging_mixin.py:120} INFO - [2024-12-21T04:37:42.849+0000] {dagbag.py:537} INFO - Filling up the DagBag from /home/airflow/.local/lib/python3.7/site-packages/airflow/example_dags/example_subdag_operator.py
[2024-12-21T04:37:42.970+0000] {processor.py:766} INFO - DAG(s) dict_keys(['example_subdag_operator.section-1', 'example_subdag_operator.section-2', 'example_subdag_operator']) retrieved from /home/airflow/.local/lib/python3.7/site-packages/airflow/example_dags/example_subdag_operator.py
[2024-12-21T04:37:44.325+0000] {logging_mixin.py:120} INFO - [2024-12-21T04:37:44.325+0000] {manager.py:507} INFO - Created Permission View: can delete on DAG:example_subdag_operator
[2024-12-21T04:37:44.344+0000] {logging_mixin.py:120} INFO - [2024-12-21T04:37:44.344+0000] {manager.py:507} INFO - Created Permission View: can edit on DAG:example_subdag_operator
[2024-12-21T04:37:44.365+0000] {logging_mixin.py:120} INFO - [2024-12-21T04:37:44.364+0000] {manager.py:507} INFO - Created Permission View: can read on DAG:example_subdag_operator
[2024-12-21T04:37:44.366+0000] {logging_mixin.py:120} INFO - [2024-12-21T04:37:44.366+0000] {dag.py:2585} INFO - Sync 3 DAGs
[2024-12-21T04:37:44.418+0000] {logging_mixin.py:120} INFO - [2024-12-21T04:37:44.417+0000] {dag.py:2606} INFO - Creating ORM DAG for example_subdag_operator.section-2
[2024-12-21T04:37:44.425+0000] {logging_mixin.py:120} INFO - [2024-12-21T04:37:44.425+0000] {dag.py:2606} INFO - Creating ORM DAG for example_subdag_operator.section-1
[2024-12-21T04:37:44.429+0000] {logging_mixin.py:120} INFO - [2024-12-21T04:37:44.429+0000] {dag.py:2606} INFO - Creating ORM DAG for example_subdag_operator
[2024-12-21T04:37:44.452+0000] {logging_mixin.py:120} INFO - [2024-12-21T04:37:44.452+0000] {dag.py:3340} INFO - Setting next_dagrun for example_subdag_operator to 2022-01-01T00:00:00+00:00, run_after=2022-01-01T00:00:00+00:00
[2024-12-21T04:37:44.454+0000] {logging_mixin.py:120} INFO - [2024-12-21T04:37:44.454+0000] {dag.py:3340} INFO - Setting next_dagrun for example_subdag_operator.section-1 to None, run_after=None
[2024-12-21T04:37:44.455+0000] {logging_mixin.py:120} INFO - [2024-12-21T04:37:44.455+0000] {dag.py:3340} INFO - Setting next_dagrun for example_subdag_operator.section-2 to None, run_after=None
[2024-12-21T04:37:44.483+0000] {logging_mixin.py:120} INFO - [2024-12-21T04:37:44.483+0000] {dag.py:2585} INFO - Sync 2 DAGs
[2024-12-21T04:37:44.515+0000] {logging_mixin.py:120} INFO - [2024-12-21T04:37:44.514+0000] {dag.py:3340} INFO - Setting next_dagrun for example_subdag_operator.section-1 to None, run_after=None
[2024-12-21T04:37:44.528+0000] {logging_mixin.py:120} INFO - [2024-12-21T04:37:44.527+0000] {dag.py:3340} INFO - Setting next_dagrun for example_subdag_operator.section-2 to None, run_after=None
[2024-12-21T04:37:44.592+0000] {processor.py:176} INFO - Processing /home/airflow/.local/lib/python3.7/site-packages/airflow/example_dags/example_subdag_operator.py took 1.762 seconds
[2024-12-21T04:38:14.729+0000] {processor.py:154} INFO - Started process (PID=135) to work on /home/airflow/.local/lib/python3.7/site-packages/airflow/example_dags/example_subdag_operator.py
[2024-12-21T04:38:14.730+0000] {processor.py:756} INFO - Processing file /home/airflow/.local/lib/python3.7/site-packages/airflow/example_dags/example_subdag_operator.py for tasks to queue
[2024-12-21T04:38:14.730+0000] {logging_mixin.py:120} INFO - [2024-12-21T04:38:14.730+0000] {dagbag.py:537} INFO - Filling up the DagBag from /home/airflow/.local/lib/python3.7/site-packages/airflow/example_dags/example_subdag_operator.py
[2024-12-21T04:38:14.755+0000] {processor.py:766} INFO - DAG(s) dict_keys(['example_subdag_operator.section-1', 'example_subdag_operator.section-2', 'example_subdag_operator']) retrieved from /home/airflow/.local/lib/python3.7/site-packages/airflow/example_dags/example_subdag_operator.py
[2024-12-21T04:38:14.924+0000] {logging_mixin.py:120} INFO - [2024-12-21T04:38:14.924+0000] {dag.py:2585} INFO - Sync 3 DAGs
[2024-12-21T04:38:14.943+0000] {logging_mixin.py:120} INFO - [2024-12-21T04:38:14.942+0000] {dag.py:3340} INFO - Setting next_dagrun for example_subdag_operator to 2022-01-01T00:00:00+00:00, run_after=2022-01-01T00:00:00+00:00
[2024-12-21T04:38:14.945+0000] {logging_mixin.py:120} INFO - [2024-12-21T04:38:14.945+0000] {dag.py:3340} INFO - Setting next_dagrun for example_subdag_operator.section-1 to None, run_after=None
[2024-12-21T04:38:14.946+0000] {logging_mixin.py:120} INFO - [2024-12-21T04:38:14.946+0000] {dag.py:3340} INFO - Setting next_dagrun for example_subdag_operator.section-2 to None, run_after=None
[2024-12-21T04:38:14.951+0000] {logging_mixin.py:120} INFO - [2024-12-21T04:38:14.951+0000] {dag.py:2585} INFO - Sync 2 DAGs
[2024-12-21T04:38:14.955+0000] {logging_mixin.py:120} INFO - [2024-12-21T04:38:14.955+0000] {dag.py:3340} INFO - Setting next_dagrun for example_subdag_operator.section-1 to None, run_after=None
[2024-12-21T04:38:14.955+0000] {logging_mixin.py:120} INFO - [2024-12-21T04:38:14.955+0000] {dag.py:3340} INFO - Setting next_dagrun for example_subdag_operator.section-2 to None, run_after=None
[2024-12-21T04:38:14.963+0000] {processor.py:176} INFO - Processing /home/airflow/.local/lib/python3.7/site-packages/airflow/example_dags/example_subdag_operator.py took 0.236 seconds
[2024-12-21T04:38:45.148+0000] {processor.py:154} INFO - Started process (PID=198) to work on /home/airflow/.local/lib/python3.7/site-packages/airflow/example_dags/example_subdag_operator.py
[2024-12-21T04:38:45.150+0000] {processor.py:756} INFO - Processing file /home/airflow/.local/lib/python3.7/site-packages/airflow/example_dags/example_subdag_operator.py for tasks to queue
[2024-12-21T04:38:45.152+0000] {logging_mixin.py:120} INFO - [2024-12-21T04:38:45.151+0000] {dagbag.py:537} INFO - Filling up the DagBag from /home/airflow/.local/lib/python3.7/site-packages/airflow/example_dags/example_subdag_operator.py
[2024-12-21T04:38:45.186+0000] {processor.py:766} INFO - DAG(s) dict_keys(['example_subdag_operator.section-1', 'example_subdag_operator.section-2', 'example_subdag_operator']) retrieved from /home/airflow/.local/lib/python3.7/site-packages/airflow/example_dags/example_subdag_operator.py
[2024-12-21T04:38:45.376+0000] {logging_mixin.py:120} INFO - [2024-12-21T04:38:45.376+0000] {dag.py:2585} INFO - Sync 3 DAGs
[2024-12-21T04:38:45.400+0000] {logging_mixin.py:120} INFO - [2024-12-21T04:38:45.400+0000] {dag.py:3340} INFO - Setting next_dagrun for example_subdag_operator to 2022-01-01T00:00:00+00:00, run_after=2022-01-01T00:00:00+00:00
[2024-12-21T04:38:45.402+0000] {logging_mixin.py:120} INFO - [2024-12-21T04:38:45.402+0000] {dag.py:3340} INFO - Setting next_dagrun for example_subdag_operator.section-1 to None, run_after=None
[2024-12-21T04:38:45.403+0000] {logging_mixin.py:120} INFO - [2024-12-21T04:38:45.403+0000] {dag.py:3340} INFO - Setting next_dagrun for example_subdag_operator.section-2 to None, run_after=None
[2024-12-21T04:38:45.408+0000] {logging_mixin.py:120} INFO - [2024-12-21T04:38:45.408+0000] {dag.py:2585} INFO - Sync 2 DAGs
[2024-12-21T04:38:45.413+0000] {logging_mixin.py:120} INFO - [2024-12-21T04:38:45.413+0000] {dag.py:3340} INFO - Setting next_dagrun for example_subdag_operator.section-1 to None, run_after=None
[2024-12-21T04:38:45.413+0000] {logging_mixin.py:120} INFO - [2024-12-21T04:38:45.413+0000] {dag.py:3340} INFO - Setting next_dagrun for example_subdag_operator.section-2 to None, run_after=None
[2024-12-21T04:38:45.422+0000] {processor.py:176} INFO - Processing /home/airflow/.local/lib/python3.7/site-packages/airflow/example_dags/example_subdag_operator.py took 0.277 seconds
[2024-12-21T04:39:15.755+0000] {processor.py:154} INFO - Started process (PID=261) to work on /home/airflow/.local/lib/python3.7/site-packages/airflow/example_dags/example_subdag_operator.py
[2024-12-21T04:39:15.759+0000] {processor.py:756} INFO - Processing file /home/airflow/.local/lib/python3.7/site-packages/airflow/example_dags/example_subdag_operator.py for tasks to queue
[2024-12-21T04:39:15.762+0000] {logging_mixin.py:120} INFO - [2024-12-21T04:39:15.762+0000] {dagbag.py:537} INFO - Filling up the DagBag from /home/airflow/.local/lib/python3.7/site-packages/airflow/example_dags/example_subdag_operator.py
[2024-12-21T04:39:15.917+0000] {processor.py:766} INFO - DAG(s) dict_keys(['example_subdag_operator.section-1', 'example_subdag_operator.section-2', 'example_subdag_operator']) retrieved from /home/airflow/.local/lib/python3.7/site-packages/airflow/example_dags/example_subdag_operator.py
[2024-12-21T04:39:16.573+0000] {logging_mixin.py:120} INFO - [2024-12-21T04:39:16.573+0000] {dag.py:2585} INFO - Sync 3 DAGs
[2024-12-21T04:39:16.618+0000] {logging_mixin.py:120} INFO - [2024-12-21T04:39:16.618+0000] {dag.py:3340} INFO - Setting next_dagrun for example_subdag_operator to 2022-01-01T00:00:00+00:00, run_after=2022-01-01T00:00:00+00:00
[2024-12-21T04:39:16.622+0000] {logging_mixin.py:120} INFO - [2024-12-21T04:39:16.622+0000] {dag.py:3340} INFO - Setting next_dagrun for example_subdag_operator.section-1 to None, run_after=None
[2024-12-21T04:39:16.624+0000] {logging_mixin.py:120} INFO - [2024-12-21T04:39:16.624+0000] {dag.py:3340} INFO - Setting next_dagrun for example_subdag_operator.section-2 to None, run_after=None
[2024-12-21T04:39:16.635+0000] {logging_mixin.py:120} INFO - [2024-12-21T04:39:16.635+0000] {dag.py:2585} INFO - Sync 2 DAGs
[2024-12-21T04:39:16.643+0000] {logging_mixin.py:120} INFO - [2024-12-21T04:39:16.643+0000] {dag.py:3340} INFO - Setting next_dagrun for example_subdag_operator.section-1 to None, run_after=None
[2024-12-21T04:39:16.643+0000] {logging_mixin.py:120} INFO - [2024-12-21T04:39:16.643+0000] {dag.py:3340} INFO - Setting next_dagrun for example_subdag_operator.section-2 to None, run_after=None
[2024-12-21T04:39:16.655+0000] {processor.py:176} INFO - Processing /home/airflow/.local/lib/python3.7/site-packages/airflow/example_dags/example_subdag_operator.py took 0.921 seconds
[2024-12-21T04:39:47.091+0000] {processor.py:154} INFO - Started process (PID=315) to work on /home/airflow/.local/lib/python3.7/site-packages/airflow/example_dags/example_subdag_operator.py
[2024-12-21T04:39:47.092+0000] {processor.py:756} INFO - Processing file /home/airflow/.local/lib/python3.7/site-packages/airflow/example_dags/example_subdag_operator.py for tasks to queue
[2024-12-21T04:39:47.093+0000] {logging_mixin.py:120} INFO - [2024-12-21T04:39:47.093+0000] {dagbag.py:537} INFO - Filling up the DagBag from /home/airflow/.local/lib/python3.7/site-packages/airflow/example_dags/example_subdag_operator.py
[2024-12-21T04:39:47.137+0000] {processor.py:766} INFO - DAG(s) dict_keys(['example_subdag_operator.section-1', 'example_subdag_operator.section-2', 'example_subdag_operator']) retrieved from /home/airflow/.local/lib/python3.7/site-packages/airflow/example_dags/example_subdag_operator.py
[2024-12-21T04:39:47.327+0000] {logging_mixin.py:120} INFO - [2024-12-21T04:39:47.327+0000] {dag.py:2585} INFO - Sync 3 DAGs
[2024-12-21T04:39:47.350+0000] {logging_mixin.py:120} INFO - [2024-12-21T04:39:47.349+0000] {dag.py:3340} INFO - Setting next_dagrun for example_subdag_operator to 2022-01-01T00:00:00+00:00, run_after=2022-01-01T00:00:00+00:00
[2024-12-21T04:39:47.353+0000] {logging_mixin.py:120} INFO - [2024-12-21T04:39:47.353+0000] {dag.py:3340} INFO - Setting next_dagrun for example_subdag_operator.section-1 to None, run_after=None
[2024-12-21T04:39:47.354+0000] {logging_mixin.py:120} INFO - [2024-12-21T04:39:47.354+0000] {dag.py:3340} INFO - Setting next_dagrun for example_subdag_operator.section-2 to None, run_after=None
[2024-12-21T04:39:47.360+0000] {logging_mixin.py:120} INFO - [2024-12-21T04:39:47.360+0000] {dag.py:2585} INFO - Sync 2 DAGs
[2024-12-21T04:39:47.365+0000] {logging_mixin.py:120} INFO - [2024-12-21T04:39:47.364+0000] {dag.py:3340} INFO - Setting next_dagrun for example_subdag_operator.section-1 to None, run_after=None
[2024-12-21T04:39:47.365+0000] {logging_mixin.py:120} INFO - [2024-12-21T04:39:47.365+0000] {dag.py:3340} INFO - Setting next_dagrun for example_subdag_operator.section-2 to None, run_after=None
[2024-12-21T04:39:47.374+0000] {processor.py:176} INFO - Processing /home/airflow/.local/lib/python3.7/site-packages/airflow/example_dags/example_subdag_operator.py took 0.287 seconds
[2024-12-21T04:40:17.927+0000] {processor.py:154} INFO - Started process (PID=378) to work on /home/airflow/.local/lib/python3.7/site-packages/airflow/example_dags/example_subdag_operator.py
[2024-12-21T04:40:17.932+0000] {processor.py:756} INFO - Processing file /home/airflow/.local/lib/python3.7/site-packages/airflow/example_dags/example_subdag_operator.py for tasks to queue
[2024-12-21T04:40:17.932+0000] {logging_mixin.py:120} INFO - [2024-12-21T04:40:17.932+0000] {dagbag.py:537} INFO - Filling up the DagBag from /home/airflow/.local/lib/python3.7/site-packages/airflow/example_dags/example_subdag_operator.py
[2024-12-21T04:40:17.967+0000] {processor.py:766} INFO - DAG(s) dict_keys(['example_subdag_operator.section-1', 'example_subdag_operator.section-2', 'example_subdag_operator']) retrieved from /home/airflow/.local/lib/python3.7/site-packages/airflow/example_dags/example_subdag_operator.py
[2024-12-21T04:40:18.155+0000] {logging_mixin.py:120} INFO - [2024-12-21T04:40:18.155+0000] {dag.py:2585} INFO - Sync 3 DAGs
[2024-12-21T04:40:18.180+0000] {logging_mixin.py:120} INFO - [2024-12-21T04:40:18.180+0000] {dag.py:3340} INFO - Setting next_dagrun for example_subdag_operator to 2022-01-01T00:00:00+00:00, run_after=2022-01-01T00:00:00+00:00
[2024-12-21T04:40:18.183+0000] {logging_mixin.py:120} INFO - [2024-12-21T04:40:18.183+0000] {dag.py:3340} INFO - Setting next_dagrun for example_subdag_operator.section-1 to None, run_after=None
[2024-12-21T04:40:18.184+0000] {logging_mixin.py:120} INFO - [2024-12-21T04:40:18.184+0000] {dag.py:3340} INFO - Setting next_dagrun for example_subdag_operator.section-2 to None, run_after=None
[2024-12-21T04:40:18.190+0000] {logging_mixin.py:120} INFO - [2024-12-21T04:40:18.190+0000] {dag.py:2585} INFO - Sync 2 DAGs
[2024-12-21T04:40:18.194+0000] {logging_mixin.py:120} INFO - [2024-12-21T04:40:18.194+0000] {dag.py:3340} INFO - Setting next_dagrun for example_subdag_operator.section-1 to None, run_after=None
[2024-12-21T04:40:18.195+0000] {logging_mixin.py:120} INFO - [2024-12-21T04:40:18.195+0000] {dag.py:3340} INFO - Setting next_dagrun for example_subdag_operator.section-2 to None, run_after=None
[2024-12-21T04:40:18.203+0000] {processor.py:176} INFO - Processing /home/airflow/.local/lib/python3.7/site-packages/airflow/example_dags/example_subdag_operator.py took 0.281 seconds
[2024-12-21T04:40:48.334+0000] {processor.py:154} INFO - Started process (PID=443) to work on /home/airflow/.local/lib/python3.7/site-packages/airflow/example_dags/example_subdag_operator.py
[2024-12-21T04:40:48.334+0000] {processor.py:756} INFO - Processing file /home/airflow/.local/lib/python3.7/site-packages/airflow/example_dags/example_subdag_operator.py for tasks to queue
[2024-12-21T04:40:48.335+0000] {logging_mixin.py:120} INFO - [2024-12-21T04:40:48.335+0000] {dagbag.py:537} INFO - Filling up the DagBag from /home/airflow/.local/lib/python3.7/site-packages/airflow/example_dags/example_subdag_operator.py
[2024-12-21T04:40:48.358+0000] {processor.py:766} INFO - DAG(s) dict_keys(['example_subdag_operator.section-1', 'example_subdag_operator.section-2', 'example_subdag_operator']) retrieved from /home/airflow/.local/lib/python3.7/site-packages/airflow/example_dags/example_subdag_operator.py
[2024-12-21T04:40:48.521+0000] {logging_mixin.py:120} INFO - [2024-12-21T04:40:48.521+0000] {dag.py:2585} INFO - Sync 3 DAGs
[2024-12-21T04:40:48.541+0000] {logging_mixin.py:120} INFO - [2024-12-21T04:40:48.541+0000] {dag.py:3340} INFO - Setting next_dagrun for example_subdag_operator to 2022-01-01T00:00:00+00:00, run_after=2022-01-01T00:00:00+00:00
[2024-12-21T04:40:48.544+0000] {logging_mixin.py:120} INFO - [2024-12-21T04:40:48.543+0000] {dag.py:3340} INFO - Setting next_dagrun for example_subdag_operator.section-1 to None, run_after=None
[2024-12-21T04:40:48.545+0000] {logging_mixin.py:120} INFO - [2024-12-21T04:40:48.544+0000] {dag.py:3340} INFO - Setting next_dagrun for example_subdag_operator.section-2 to None, run_after=None
[2024-12-21T04:40:48.552+0000] {logging_mixin.py:120} INFO - [2024-12-21T04:40:48.551+0000] {dag.py:2585} INFO - Sync 2 DAGs
[2024-12-21T04:40:48.556+0000] {logging_mixin.py:120} INFO - [2024-12-21T04:40:48.556+0000] {dag.py:3340} INFO - Setting next_dagrun for example_subdag_operator.section-1 to None, run_after=None
[2024-12-21T04:40:48.556+0000] {logging_mixin.py:120} INFO - [2024-12-21T04:40:48.556+0000] {dag.py:3340} INFO - Setting next_dagrun for example_subdag_operator.section-2 to None, run_after=None
[2024-12-21T04:40:48.563+0000] {processor.py:176} INFO - Processing /home/airflow/.local/lib/python3.7/site-packages/airflow/example_dags/example_subdag_operator.py took 0.232 seconds
[2024-12-21T04:41:18.873+0000] {processor.py:154} INFO - Started process (PID=495) to work on /home/airflow/.local/lib/python3.7/site-packages/airflow/example_dags/example_subdag_operator.py
[2024-12-21T04:41:18.874+0000] {processor.py:756} INFO - Processing file /home/airflow/.local/lib/python3.7/site-packages/airflow/example_dags/example_subdag_operator.py for tasks to queue
[2024-12-21T04:41:18.875+0000] {logging_mixin.py:120} INFO - [2024-12-21T04:41:18.875+0000] {dagbag.py:537} INFO - Filling up the DagBag from /home/airflow/.local/lib/python3.7/site-packages/airflow/example_dags/example_subdag_operator.py
[2024-12-21T04:41:18.919+0000] {processor.py:766} INFO - DAG(s) dict_keys(['example_subdag_operator.section-1', 'example_subdag_operator.section-2', 'example_subdag_operator']) retrieved from /home/airflow/.local/lib/python3.7/site-packages/airflow/example_dags/example_subdag_operator.py
[2024-12-21T04:41:19.285+0000] {logging_mixin.py:120} INFO - [2024-12-21T04:41:19.285+0000] {dag.py:2585} INFO - Sync 3 DAGs
[2024-12-21T04:41:19.312+0000] {logging_mixin.py:120} INFO - [2024-12-21T04:41:19.311+0000] {dag.py:3340} INFO - Setting next_dagrun for example_subdag_operator to 2022-01-01T00:00:00+00:00, run_after=2022-01-01T00:00:00+00:00
[2024-12-21T04:41:19.348+0000] {logging_mixin.py:120} INFO - [2024-12-21T04:41:19.348+0000] {dag.py:3340} INFO - Setting next_dagrun for example_subdag_operator.section-1 to None, run_after=None
[2024-12-21T04:41:19.351+0000] {logging_mixin.py:120} INFO - [2024-12-21T04:41:19.350+0000] {dag.py:3340} INFO - Setting next_dagrun for example_subdag_operator.section-2 to None, run_after=None
[2024-12-21T04:41:19.358+0000] {logging_mixin.py:120} INFO - [2024-12-21T04:41:19.358+0000] {dag.py:2585} INFO - Sync 2 DAGs
[2024-12-21T04:41:19.363+0000] {logging_mixin.py:120} INFO - [2024-12-21T04:41:19.363+0000] {dag.py:3340} INFO - Setting next_dagrun for example_subdag_operator.section-1 to None, run_after=None
[2024-12-21T04:41:19.363+0000] {logging_mixin.py:120} INFO - [2024-12-21T04:41:19.363+0000] {dag.py:3340} INFO - Setting next_dagrun for example_subdag_operator.section-2 to None, run_after=None
[2024-12-21T04:41:19.371+0000] {processor.py:176} INFO - Processing /home/airflow/.local/lib/python3.7/site-packages/airflow/example_dags/example_subdag_operator.py took 0.501 seconds
[2024-12-21T04:41:50.330+0000] {processor.py:154} INFO - Started process (PID=559) to work on /home/airflow/.local/lib/python3.7/site-packages/airflow/example_dags/example_subdag_operator.py
[2024-12-21T04:41:50.336+0000] {processor.py:756} INFO - Processing file /home/airflow/.local/lib/python3.7/site-packages/airflow/example_dags/example_subdag_operator.py for tasks to queue
[2024-12-21T04:41:50.338+0000] {logging_mixin.py:120} INFO - [2024-12-21T04:41:50.338+0000] {dagbag.py:537} INFO - Filling up the DagBag from /home/airflow/.local/lib/python3.7/site-packages/airflow/example_dags/example_subdag_operator.py
[2024-12-21T04:41:50.565+0000] {processor.py:766} INFO - DAG(s) dict_keys(['example_subdag_operator.section-1', 'example_subdag_operator.section-2', 'example_subdag_operator']) retrieved from /home/airflow/.local/lib/python3.7/site-packages/airflow/example_dags/example_subdag_operator.py
[2024-12-21T04:41:51.115+0000] {logging_mixin.py:120} INFO - [2024-12-21T04:41:51.114+0000] {dag.py:2585} INFO - Sync 3 DAGs
[2024-12-21T04:41:51.261+0000] {logging_mixin.py:120} INFO - [2024-12-21T04:41:51.260+0000] {dag.py:3340} INFO - Setting next_dagrun for example_subdag_operator to 2022-01-01T00:00:00+00:00, run_after=2022-01-01T00:00:00+00:00
[2024-12-21T04:41:51.268+0000] {logging_mixin.py:120} INFO - [2024-12-21T04:41:51.268+0000] {dag.py:3340} INFO - Setting next_dagrun for example_subdag_operator.section-1 to None, run_after=None
[2024-12-21T04:41:51.280+0000] {logging_mixin.py:120} INFO - [2024-12-21T04:41:51.279+0000] {dag.py:3340} INFO - Setting next_dagrun for example_subdag_operator.section-2 to None, run_after=None
[2024-12-21T04:41:51.299+0000] {logging_mixin.py:120} INFO - [2024-12-21T04:41:51.298+0000] {dag.py:2585} INFO - Sync 2 DAGs
[2024-12-21T04:41:51.310+0000] {logging_mixin.py:120} INFO - [2024-12-21T04:41:51.310+0000] {dag.py:3340} INFO - Setting next_dagrun for example_subdag_operator.section-1 to None, run_after=None
[2024-12-21T04:41:51.311+0000] {logging_mixin.py:120} INFO - [2024-12-21T04:41:51.311+0000] {dag.py:3340} INFO - Setting next_dagrun for example_subdag_operator.section-2 to None, run_after=None
[2024-12-21T04:41:51.329+0000] {processor.py:176} INFO - Processing /home/airflow/.local/lib/python3.7/site-packages/airflow/example_dags/example_subdag_operator.py took 1.047 seconds
[2024-12-21T04:42:21.698+0000] {processor.py:154} INFO - Started process (PID=622) to work on /home/airflow/.local/lib/python3.7/site-packages/airflow/example_dags/example_subdag_operator.py
[2024-12-21T04:42:21.699+0000] {processor.py:756} INFO - Processing file /home/airflow/.local/lib/python3.7/site-packages/airflow/example_dags/example_subdag_operator.py for tasks to queue
[2024-12-21T04:42:21.700+0000] {logging_mixin.py:120} INFO - [2024-12-21T04:42:21.700+0000] {dagbag.py:537} INFO - Filling up the DagBag from /home/airflow/.local/lib/python3.7/site-packages/airflow/example_dags/example_subdag_operator.py
[2024-12-21T04:42:21.734+0000] {processor.py:766} INFO - DAG(s) dict_keys(['example_subdag_operator.section-1', 'example_subdag_operator.section-2', 'example_subdag_operator']) retrieved from /home/airflow/.local/lib/python3.7/site-packages/airflow/example_dags/example_subdag_operator.py
[2024-12-21T04:42:21.914+0000] {logging_mixin.py:120} INFO - [2024-12-21T04:42:21.914+0000] {dag.py:2585} INFO - Sync 3 DAGs
[2024-12-21T04:42:21.934+0000] {logging_mixin.py:120} INFO - [2024-12-21T04:42:21.934+0000] {dag.py:3340} INFO - Setting next_dagrun for example_subdag_operator to 2022-01-01T00:00:00+00:00, run_after=2022-01-01T00:00:00+00:00
[2024-12-21T04:42:21.937+0000] {logging_mixin.py:120} INFO - [2024-12-21T04:42:21.937+0000] {dag.py:3340} INFO - Setting next_dagrun for example_subdag_operator.section-1 to None, run_after=None
[2024-12-21T04:42:21.938+0000] {logging_mixin.py:120} INFO - [2024-12-21T04:42:21.938+0000] {dag.py:3340} INFO - Setting next_dagrun for example_subdag_operator.section-2 to None, run_after=None
[2024-12-21T04:42:21.946+0000] {logging_mixin.py:120} INFO - [2024-12-21T04:42:21.946+0000] {dag.py:2585} INFO - Sync 2 DAGs
[2024-12-21T04:42:21.952+0000] {logging_mixin.py:120} INFO - [2024-12-21T04:42:21.952+0000] {dag.py:3340} INFO - Setting next_dagrun for example_subdag_operator.section-1 to None, run_after=None
[2024-12-21T04:42:21.952+0000] {logging_mixin.py:120} INFO - [2024-12-21T04:42:21.952+0000] {dag.py:3340} INFO - Setting next_dagrun for example_subdag_operator.section-2 to None, run_after=None
[2024-12-21T04:42:21.962+0000] {processor.py:176} INFO - Processing /home/airflow/.local/lib/python3.7/site-packages/airflow/example_dags/example_subdag_operator.py took 0.268 seconds
[2024-12-21T04:42:52.421+0000] {processor.py:154} INFO - Started process (PID=685) to work on /home/airflow/.local/lib/python3.7/site-packages/airflow/example_dags/example_subdag_operator.py
[2024-12-21T04:42:52.422+0000] {processor.py:756} INFO - Processing file /home/airflow/.local/lib/python3.7/site-packages/airflow/example_dags/example_subdag_operator.py for tasks to queue
[2024-12-21T04:42:52.423+0000] {logging_mixin.py:120} INFO - [2024-12-21T04:42:52.423+0000] {dagbag.py:537} INFO - Filling up the DagBag from /home/airflow/.local/lib/python3.7/site-packages/airflow/example_dags/example_subdag_operator.py
[2024-12-21T04:42:52.454+0000] {processor.py:766} INFO - DAG(s) dict_keys(['example_subdag_operator.section-1', 'example_subdag_operator.section-2', 'example_subdag_operator']) retrieved from /home/airflow/.local/lib/python3.7/site-packages/airflow/example_dags/example_subdag_operator.py
[2024-12-21T04:42:52.609+0000] {logging_mixin.py:120} INFO - [2024-12-21T04:42:52.608+0000] {dag.py:2585} INFO - Sync 3 DAGs
[2024-12-21T04:42:52.629+0000] {logging_mixin.py:120} INFO - [2024-12-21T04:42:52.628+0000] {dag.py:3340} INFO - Setting next_dagrun for example_subdag_operator to 2022-01-01T00:00:00+00:00, run_after=2022-01-01T00:00:00+00:00
[2024-12-21T04:42:52.631+0000] {logging_mixin.py:120} INFO - [2024-12-21T04:42:52.631+0000] {dag.py:3340} INFO - Setting next_dagrun for example_subdag_operator.section-1 to None, run_after=None
[2024-12-21T04:42:52.632+0000] {logging_mixin.py:120} INFO - [2024-12-21T04:42:52.632+0000] {dag.py:3340} INFO - Setting next_dagrun for example_subdag_operator.section-2 to None, run_after=None
[2024-12-21T04:42:52.638+0000] {logging_mixin.py:120} INFO - [2024-12-21T04:42:52.638+0000] {dag.py:2585} INFO - Sync 2 DAGs
[2024-12-21T04:42:52.642+0000] {logging_mixin.py:120} INFO - [2024-12-21T04:42:52.642+0000] {dag.py:3340} INFO - Setting next_dagrun for example_subdag_operator.section-1 to None, run_after=None
[2024-12-21T04:42:52.644+0000] {logging_mixin.py:120} INFO - [2024-12-21T04:42:52.644+0000] {dag.py:3340} INFO - Setting next_dagrun for example_subdag_operator.section-2 to None, run_after=None
[2024-12-21T04:42:52.651+0000] {processor.py:176} INFO - Processing /home/airflow/.local/lib/python3.7/site-packages/airflow/example_dags/example_subdag_operator.py took 0.235 seconds
[2024-12-21T04:43:22.976+0000] {processor.py:154} INFO - Started process (PID=739) to work on /home/airflow/.local/lib/python3.7/site-packages/airflow/example_dags/example_subdag_operator.py
[2024-12-21T04:43:22.977+0000] {processor.py:756} INFO - Processing file /home/airflow/.local/lib/python3.7/site-packages/airflow/example_dags/example_subdag_operator.py for tasks to queue
[2024-12-21T04:43:22.978+0000] {logging_mixin.py:120} INFO - [2024-12-21T04:43:22.977+0000] {dagbag.py:537} INFO - Filling up the DagBag from /home/airflow/.local/lib/python3.7/site-packages/airflow/example_dags/example_subdag_operator.py
[2024-12-21T04:43:23.006+0000] {processor.py:766} INFO - DAG(s) dict_keys(['example_subdag_operator.section-1', 'example_subdag_operator.section-2', 'example_subdag_operator']) retrieved from /home/airflow/.local/lib/python3.7/site-packages/airflow/example_dags/example_subdag_operator.py
[2024-12-21T04:43:23.168+0000] {logging_mixin.py:120} INFO - [2024-12-21T04:43:23.168+0000] {dag.py:2585} INFO - Sync 3 DAGs
[2024-12-21T04:43:23.193+0000] {logging_mixin.py:120} INFO - [2024-12-21T04:43:23.193+0000] {dag.py:3340} INFO - Setting next_dagrun for example_subdag_operator to 2022-01-01T00:00:00+00:00, run_after=2022-01-01T00:00:00+00:00
[2024-12-21T04:43:23.196+0000] {logging_mixin.py:120} INFO - [2024-12-21T04:43:23.196+0000] {dag.py:3340} INFO - Setting next_dagrun for example_subdag_operator.section-1 to None, run_after=None
[2024-12-21T04:43:23.199+0000] {logging_mixin.py:120} INFO - [2024-12-21T04:43:23.199+0000] {dag.py:3340} INFO - Setting next_dagrun for example_subdag_operator.section-2 to None, run_after=None
[2024-12-21T04:43:23.208+0000] {logging_mixin.py:120} INFO - [2024-12-21T04:43:23.208+0000] {dag.py:2585} INFO - Sync 2 DAGs
[2024-12-21T04:43:23.214+0000] {logging_mixin.py:120} INFO - [2024-12-21T04:43:23.214+0000] {dag.py:3340} INFO - Setting next_dagrun for example_subdag_operator.section-1 to None, run_after=None
[2024-12-21T04:43:23.218+0000] {logging_mixin.py:120} INFO - [2024-12-21T04:43:23.218+0000] {dag.py:3340} INFO - Setting next_dagrun for example_subdag_operator.section-2 to None, run_after=None
[2024-12-21T04:43:23.229+0000] {processor.py:176} INFO - Processing /home/airflow/.local/lib/python3.7/site-packages/airflow/example_dags/example_subdag_operator.py took 0.257 seconds
[2024-12-21T04:43:53.696+0000] {processor.py:154} INFO - Started process (PID=802) to work on /home/airflow/.local/lib/python3.7/site-packages/airflow/example_dags/example_subdag_operator.py
[2024-12-21T04:43:53.699+0000] {processor.py:756} INFO - Processing file /home/airflow/.local/lib/python3.7/site-packages/airflow/example_dags/example_subdag_operator.py for tasks to queue
[2024-12-21T04:43:53.700+0000] {logging_mixin.py:120} INFO - [2024-12-21T04:43:53.700+0000] {dagbag.py:537} INFO - Filling up the DagBag from /home/airflow/.local/lib/python3.7/site-packages/airflow/example_dags/example_subdag_operator.py
[2024-12-21T04:43:53.738+0000] {processor.py:766} INFO - DAG(s) dict_keys(['example_subdag_operator.section-1', 'example_subdag_operator.section-2', 'example_subdag_operator']) retrieved from /home/airflow/.local/lib/python3.7/site-packages/airflow/example_dags/example_subdag_operator.py
[2024-12-21T04:43:54.005+0000] {logging_mixin.py:120} INFO - [2024-12-21T04:43:54.005+0000] {dag.py:2585} INFO - Sync 3 DAGs
[2024-12-21T04:43:54.077+0000] {logging_mixin.py:120} INFO - [2024-12-21T04:43:54.076+0000] {dag.py:3340} INFO - Setting next_dagrun for example_subdag_operator to 2022-01-01T00:00:00+00:00, run_after=2022-01-01T00:00:00+00:00
[2024-12-21T04:43:54.081+0000] {logging_mixin.py:120} INFO - [2024-12-21T04:43:54.081+0000] {dag.py:3340} INFO - Setting next_dagrun for example_subdag_operator.section-1 to None, run_after=None
[2024-12-21T04:43:54.082+0000] {logging_mixin.py:120} INFO - [2024-12-21T04:43:54.082+0000] {dag.py:3340} INFO - Setting next_dagrun for example_subdag_operator.section-2 to None, run_after=None
[2024-12-21T04:43:54.090+0000] {logging_mixin.py:120} INFO - [2024-12-21T04:43:54.089+0000] {dag.py:2585} INFO - Sync 2 DAGs
[2024-12-21T04:43:54.094+0000] {logging_mixin.py:120} INFO - [2024-12-21T04:43:54.094+0000] {dag.py:3340} INFO - Setting next_dagrun for example_subdag_operator.section-1 to None, run_after=None
[2024-12-21T04:43:54.095+0000] {logging_mixin.py:120} INFO - [2024-12-21T04:43:54.095+0000] {dag.py:3340} INFO - Setting next_dagrun for example_subdag_operator.section-2 to None, run_after=None
[2024-12-21T04:43:54.106+0000] {processor.py:176} INFO - Processing /home/airflow/.local/lib/python3.7/site-packages/airflow/example_dags/example_subdag_operator.py took 0.418 seconds
[2024-12-21T04:44:24.422+0000] {processor.py:154} INFO - Started process (PID=865) to work on /home/airflow/.local/lib/python3.7/site-packages/airflow/example_dags/example_subdag_operator.py
[2024-12-21T04:44:24.423+0000] {processor.py:756} INFO - Processing file /home/airflow/.local/lib/python3.7/site-packages/airflow/example_dags/example_subdag_operator.py for tasks to queue
[2024-12-21T04:44:24.424+0000] {logging_mixin.py:120} INFO - [2024-12-21T04:44:24.424+0000] {dagbag.py:537} INFO - Filling up the DagBag from /home/airflow/.local/lib/python3.7/site-packages/airflow/example_dags/example_subdag_operator.py
[2024-12-21T04:44:24.462+0000] {processor.py:766} INFO - DAG(s) dict_keys(['example_subdag_operator.section-1', 'example_subdag_operator.section-2', 'example_subdag_operator']) retrieved from /home/airflow/.local/lib/python3.7/site-packages/airflow/example_dags/example_subdag_operator.py
[2024-12-21T04:44:24.612+0000] {logging_mixin.py:120} INFO - [2024-12-21T04:44:24.612+0000] {dag.py:2585} INFO - Sync 3 DAGs
[2024-12-21T04:44:24.632+0000] {logging_mixin.py:120} INFO - [2024-12-21T04:44:24.631+0000] {dag.py:3340} INFO - Setting next_dagrun for example_subdag_operator to 2022-01-01T00:00:00+00:00, run_after=2022-01-01T00:00:00+00:00
[2024-12-21T04:44:24.636+0000] {logging_mixin.py:120} INFO - [2024-12-21T04:44:24.636+0000] {dag.py:3340} INFO - Setting next_dagrun for example_subdag_operator.section-1 to None, run_after=None
[2024-12-21T04:44:24.639+0000] {logging_mixin.py:120} INFO - [2024-12-21T04:44:24.638+0000] {dag.py:3340} INFO - Setting next_dagrun for example_subdag_operator.section-2 to None, run_after=None
[2024-12-21T04:44:24.644+0000] {logging_mixin.py:120} INFO - [2024-12-21T04:44:24.644+0000] {dag.py:2585} INFO - Sync 2 DAGs
[2024-12-21T04:44:24.649+0000] {logging_mixin.py:120} INFO - [2024-12-21T04:44:24.649+0000] {dag.py:3340} INFO - Setting next_dagrun for example_subdag_operator.section-1 to None, run_after=None
[2024-12-21T04:44:24.649+0000] {logging_mixin.py:120} INFO - [2024-12-21T04:44:24.649+0000] {dag.py:3340} INFO - Setting next_dagrun for example_subdag_operator.section-2 to None, run_after=None
[2024-12-21T04:44:24.658+0000] {processor.py:176} INFO - Processing /home/airflow/.local/lib/python3.7/site-packages/airflow/example_dags/example_subdag_operator.py took 0.242 seconds
[2024-12-21T04:44:55.252+0000] {processor.py:154} INFO - Started process (PID=919) to work on /home/airflow/.local/lib/python3.7/site-packages/airflow/example_dags/example_subdag_operator.py
[2024-12-21T04:44:55.254+0000] {processor.py:756} INFO - Processing file /home/airflow/.local/lib/python3.7/site-packages/airflow/example_dags/example_subdag_operator.py for tasks to queue
[2024-12-21T04:44:55.255+0000] {logging_mixin.py:120} INFO - [2024-12-21T04:44:55.255+0000] {dagbag.py:537} INFO - Filling up the DagBag from /home/airflow/.local/lib/python3.7/site-packages/airflow/example_dags/example_subdag_operator.py
[2024-12-21T04:44:55.319+0000] {processor.py:766} INFO - DAG(s) dict_keys(['example_subdag_operator.section-1', 'example_subdag_operator.section-2', 'example_subdag_operator']) retrieved from /home/airflow/.local/lib/python3.7/site-packages/airflow/example_dags/example_subdag_operator.py
[2024-12-21T04:44:55.515+0000] {logging_mixin.py:120} INFO - [2024-12-21T04:44:55.515+0000] {dag.py:2585} INFO - Sync 3 DAGs
[2024-12-21T04:44:55.538+0000] {logging_mixin.py:120} INFO - [2024-12-21T04:44:55.538+0000] {dag.py:3340} INFO - Setting next_dagrun for example_subdag_operator to 2022-01-01T00:00:00+00:00, run_after=2022-01-01T00:00:00+00:00
[2024-12-21T04:44:55.542+0000] {logging_mixin.py:120} INFO - [2024-12-21T04:44:55.541+0000] {dag.py:3340} INFO - Setting next_dagrun for example_subdag_operator.section-1 to None, run_after=None
[2024-12-21T04:44:55.542+0000] {logging_mixin.py:120} INFO - [2024-12-21T04:44:55.542+0000] {dag.py:3340} INFO - Setting next_dagrun for example_subdag_operator.section-2 to None, run_after=None
[2024-12-21T04:44:55.550+0000] {logging_mixin.py:120} INFO - [2024-12-21T04:44:55.550+0000] {dag.py:2585} INFO - Sync 2 DAGs
[2024-12-21T04:44:55.556+0000] {logging_mixin.py:120} INFO - [2024-12-21T04:44:55.556+0000] {dag.py:3340} INFO - Setting next_dagrun for example_subdag_operator.section-1 to None, run_after=None
[2024-12-21T04:44:55.556+0000] {logging_mixin.py:120} INFO - [2024-12-21T04:44:55.556+0000] {dag.py:3340} INFO - Setting next_dagrun for example_subdag_operator.section-2 to None, run_after=None
[2024-12-21T04:44:55.568+0000] {processor.py:176} INFO - Processing /home/airflow/.local/lib/python3.7/site-packages/airflow/example_dags/example_subdag_operator.py took 0.326 seconds
[2024-12-21T04:45:25.667+0000] {processor.py:154} INFO - Started process (PID=982) to work on /home/airflow/.local/lib/python3.7/site-packages/airflow/example_dags/example_subdag_operator.py
[2024-12-21T04:45:25.668+0000] {processor.py:756} INFO - Processing file /home/airflow/.local/lib/python3.7/site-packages/airflow/example_dags/example_subdag_operator.py for tasks to queue
[2024-12-21T04:45:25.669+0000] {logging_mixin.py:120} INFO - [2024-12-21T04:45:25.669+0000] {dagbag.py:537} INFO - Filling up the DagBag from /home/airflow/.local/lib/python3.7/site-packages/airflow/example_dags/example_subdag_operator.py
[2024-12-21T04:45:25.701+0000] {processor.py:766} INFO - DAG(s) dict_keys(['example_subdag_operator.section-1', 'example_subdag_operator.section-2', 'example_subdag_operator']) retrieved from /home/airflow/.local/lib/python3.7/site-packages/airflow/example_dags/example_subdag_operator.py
[2024-12-21T04:45:25.875+0000] {logging_mixin.py:120} INFO - [2024-12-21T04:45:25.875+0000] {dag.py:2585} INFO - Sync 3 DAGs
[2024-12-21T04:45:25.896+0000] {logging_mixin.py:120} INFO - [2024-12-21T04:45:25.896+0000] {dag.py:3340} INFO - Setting next_dagrun for example_subdag_operator to 2022-01-01T00:00:00+00:00, run_after=2022-01-01T00:00:00+00:00
[2024-12-21T04:45:25.899+0000] {logging_mixin.py:120} INFO - [2024-12-21T04:45:25.899+0000] {dag.py:3340} INFO - Setting next_dagrun for example_subdag_operator.section-1 to None, run_after=None
[2024-12-21T04:45:25.900+0000] {logging_mixin.py:120} INFO - [2024-12-21T04:45:25.900+0000] {dag.py:3340} INFO - Setting next_dagrun for example_subdag_operator.section-2 to None, run_after=None
[2024-12-21T04:45:25.906+0000] {logging_mixin.py:120} INFO - [2024-12-21T04:45:25.906+0000] {dag.py:2585} INFO - Sync 2 DAGs
[2024-12-21T04:45:25.912+0000] {logging_mixin.py:120} INFO - [2024-12-21T04:45:25.911+0000] {dag.py:3340} INFO - Setting next_dagrun for example_subdag_operator.section-1 to None, run_after=None
[2024-12-21T04:45:25.912+0000] {logging_mixin.py:120} INFO - [2024-12-21T04:45:25.912+0000] {dag.py:3340} INFO - Setting next_dagrun for example_subdag_operator.section-2 to None, run_after=None
[2024-12-21T04:45:25.924+0000] {processor.py:176} INFO - Processing /home/airflow/.local/lib/python3.7/site-packages/airflow/example_dags/example_subdag_operator.py took 0.262 seconds
[2024-12-21T04:45:56.059+0000] {processor.py:154} INFO - Started process (PID=1047) to work on /home/airflow/.local/lib/python3.7/site-packages/airflow/example_dags/example_subdag_operator.py
[2024-12-21T04:45:56.060+0000] {processor.py:756} INFO - Processing file /home/airflow/.local/lib/python3.7/site-packages/airflow/example_dags/example_subdag_operator.py for tasks to queue
[2024-12-21T04:45:56.061+0000] {logging_mixin.py:120} INFO - [2024-12-21T04:45:56.060+0000] {dagbag.py:537} INFO - Filling up the DagBag from /home/airflow/.local/lib/python3.7/site-packages/airflow/example_dags/example_subdag_operator.py
[2024-12-21T04:45:56.094+0000] {processor.py:766} INFO - DAG(s) dict_keys(['example_subdag_operator.section-1', 'example_subdag_operator.section-2', 'example_subdag_operator']) retrieved from /home/airflow/.local/lib/python3.7/site-packages/airflow/example_dags/example_subdag_operator.py
[2024-12-21T04:45:56.269+0000] {logging_mixin.py:120} INFO - [2024-12-21T04:45:56.268+0000] {dag.py:2585} INFO - Sync 3 DAGs
[2024-12-21T04:45:56.299+0000] {logging_mixin.py:120} INFO - [2024-12-21T04:45:56.299+0000] {dag.py:3340} INFO - Setting next_dagrun for example_subdag_operator to 2022-01-01T00:00:00+00:00, run_after=2022-01-01T00:00:00+00:00
[2024-12-21T04:45:56.304+0000] {logging_mixin.py:120} INFO - [2024-12-21T04:45:56.304+0000] {dag.py:3340} INFO - Setting next_dagrun for example_subdag_operator.section-1 to None, run_after=None
[2024-12-21T04:45:56.306+0000] {logging_mixin.py:120} INFO - [2024-12-21T04:45:56.306+0000] {dag.py:3340} INFO - Setting next_dagrun for example_subdag_operator.section-2 to None, run_after=None
[2024-12-21T04:45:56.320+0000] {logging_mixin.py:120} INFO - [2024-12-21T04:45:56.320+0000] {dag.py:2585} INFO - Sync 2 DAGs
[2024-12-21T04:45:56.326+0000] {logging_mixin.py:120} INFO - [2024-12-21T04:45:56.326+0000] {dag.py:3340} INFO - Setting next_dagrun for example_subdag_operator.section-1 to None, run_after=None
[2024-12-21T04:45:56.326+0000] {logging_mixin.py:120} INFO - [2024-12-21T04:45:56.326+0000] {dag.py:3340} INFO - Setting next_dagrun for example_subdag_operator.section-2 to None, run_after=None
[2024-12-21T04:45:56.335+0000] {processor.py:176} INFO - Processing /home/airflow/.local/lib/python3.7/site-packages/airflow/example_dags/example_subdag_operator.py took 0.279 seconds
[2024-12-21T04:46:26.789+0000] {processor.py:154} INFO - Started process (PID=1099) to work on /home/airflow/.local/lib/python3.7/site-packages/airflow/example_dags/example_subdag_operator.py
[2024-12-21T04:46:26.790+0000] {processor.py:756} INFO - Processing file /home/airflow/.local/lib/python3.7/site-packages/airflow/example_dags/example_subdag_operator.py for tasks to queue
[2024-12-21T04:46:26.790+0000] {logging_mixin.py:120} INFO - [2024-12-21T04:46:26.790+0000] {dagbag.py:537} INFO - Filling up the DagBag from /home/airflow/.local/lib/python3.7/site-packages/airflow/example_dags/example_subdag_operator.py
[2024-12-21T04:46:26.821+0000] {processor.py:766} INFO - DAG(s) dict_keys(['example_subdag_operator.section-1', 'example_subdag_operator.section-2', 'example_subdag_operator']) retrieved from /home/airflow/.local/lib/python3.7/site-packages/airflow/example_dags/example_subdag_operator.py
[2024-12-21T04:46:26.982+0000] {logging_mixin.py:120} INFO - [2024-12-21T04:46:26.982+0000] {dag.py:2585} INFO - Sync 3 DAGs
[2024-12-21T04:46:27.002+0000] {logging_mixin.py:120} INFO - [2024-12-21T04:46:27.001+0000] {dag.py:3340} INFO - Setting next_dagrun for example_subdag_operator to 2022-01-01T00:00:00+00:00, run_after=2022-01-01T00:00:00+00:00
[2024-12-21T04:46:27.005+0000] {logging_mixin.py:120} INFO - [2024-12-21T04:46:27.005+0000] {dag.py:3340} INFO - Setting next_dagrun for example_subdag_operator.section-1 to None, run_after=None
[2024-12-21T04:46:27.006+0000] {logging_mixin.py:120} INFO - [2024-12-21T04:46:27.006+0000] {dag.py:3340} INFO - Setting next_dagrun for example_subdag_operator.section-2 to None, run_after=None
[2024-12-21T04:46:27.011+0000] {logging_mixin.py:120} INFO - [2024-12-21T04:46:27.011+0000] {dag.py:2585} INFO - Sync 2 DAGs
[2024-12-21T04:46:27.016+0000] {logging_mixin.py:120} INFO - [2024-12-21T04:46:27.016+0000] {dag.py:3340} INFO - Setting next_dagrun for example_subdag_operator.section-1 to None, run_after=None
[2024-12-21T04:46:27.016+0000] {logging_mixin.py:120} INFO - [2024-12-21T04:46:27.016+0000] {dag.py:3340} INFO - Setting next_dagrun for example_subdag_operator.section-2 to None, run_after=None
[2024-12-21T04:46:27.024+0000] {processor.py:176} INFO - Processing /home/airflow/.local/lib/python3.7/site-packages/airflow/example_dags/example_subdag_operator.py took 0.239 seconds
[2024-12-21T04:46:57.452+0000] {processor.py:154} INFO - Started process (PID=1162) to work on /home/airflow/.local/lib/python3.7/site-packages/airflow/example_dags/example_subdag_operator.py
[2024-12-21T04:46:57.455+0000] {processor.py:756} INFO - Processing file /home/airflow/.local/lib/python3.7/site-packages/airflow/example_dags/example_subdag_operator.py for tasks to queue
[2024-12-21T04:46:57.456+0000] {logging_mixin.py:120} INFO - [2024-12-21T04:46:57.455+0000] {dagbag.py:537} INFO - Filling up the DagBag from /home/airflow/.local/lib/python3.7/site-packages/airflow/example_dags/example_subdag_operator.py
[2024-12-21T04:46:57.488+0000] {processor.py:766} INFO - DAG(s) dict_keys(['example_subdag_operator.section-1', 'example_subdag_operator.section-2', 'example_subdag_operator']) retrieved from /home/airflow/.local/lib/python3.7/site-packages/airflow/example_dags/example_subdag_operator.py
[2024-12-21T04:46:57.644+0000] {logging_mixin.py:120} INFO - [2024-12-21T04:46:57.643+0000] {dag.py:2585} INFO - Sync 3 DAGs
[2024-12-21T04:46:57.666+0000] {logging_mixin.py:120} INFO - [2024-12-21T04:46:57.666+0000] {dag.py:3340} INFO - Setting next_dagrun for example_subdag_operator to 2022-01-01T00:00:00+00:00, run_after=2022-01-01T00:00:00+00:00
[2024-12-21T04:46:57.669+0000] {logging_mixin.py:120} INFO - [2024-12-21T04:46:57.669+0000] {dag.py:3340} INFO - Setting next_dagrun for example_subdag_operator.section-1 to None, run_after=None
[2024-12-21T04:46:57.670+0000] {logging_mixin.py:120} INFO - [2024-12-21T04:46:57.670+0000] {dag.py:3340} INFO - Setting next_dagrun for example_subdag_operator.section-2 to None, run_after=None
[2024-12-21T04:46:57.675+0000] {logging_mixin.py:120} INFO - [2024-12-21T04:46:57.675+0000] {dag.py:2585} INFO - Sync 2 DAGs
[2024-12-21T04:46:57.680+0000] {logging_mixin.py:120} INFO - [2024-12-21T04:46:57.680+0000] {dag.py:3340} INFO - Setting next_dagrun for example_subdag_operator.section-1 to None, run_after=None
[2024-12-21T04:46:57.680+0000] {logging_mixin.py:120} INFO - [2024-12-21T04:46:57.680+0000] {dag.py:3340} INFO - Setting next_dagrun for example_subdag_operator.section-2 to None, run_after=None
[2024-12-21T04:46:57.688+0000] {processor.py:176} INFO - Processing /home/airflow/.local/lib/python3.7/site-packages/airflow/example_dags/example_subdag_operator.py took 0.241 seconds
[2024-12-21T04:47:28.052+0000] {processor.py:154} INFO - Started process (PID=1225) to work on /home/airflow/.local/lib/python3.7/site-packages/airflow/example_dags/example_subdag_operator.py
[2024-12-21T04:47:28.053+0000] {processor.py:756} INFO - Processing file /home/airflow/.local/lib/python3.7/site-packages/airflow/example_dags/example_subdag_operator.py for tasks to queue
[2024-12-21T04:47:28.054+0000] {logging_mixin.py:120} INFO - [2024-12-21T04:47:28.054+0000] {dagbag.py:537} INFO - Filling up the DagBag from /home/airflow/.local/lib/python3.7/site-packages/airflow/example_dags/example_subdag_operator.py
[2024-12-21T04:47:28.087+0000] {processor.py:766} INFO - DAG(s) dict_keys(['example_subdag_operator.section-1', 'example_subdag_operator.section-2', 'example_subdag_operator']) retrieved from /home/airflow/.local/lib/python3.7/site-packages/airflow/example_dags/example_subdag_operator.py
[2024-12-21T04:47:28.251+0000] {logging_mixin.py:120} INFO - [2024-12-21T04:47:28.251+0000] {dag.py:2585} INFO - Sync 3 DAGs
[2024-12-21T04:47:28.271+0000] {logging_mixin.py:120} INFO - [2024-12-21T04:47:28.271+0000] {dag.py:3340} INFO - Setting next_dagrun for example_subdag_operator to 2022-01-01T00:00:00+00:00, run_after=2022-01-01T00:00:00+00:00
[2024-12-21T04:47:28.274+0000] {logging_mixin.py:120} INFO - [2024-12-21T04:47:28.274+0000] {dag.py:3340} INFO - Setting next_dagrun for example_subdag_operator.section-1 to None, run_after=None
[2024-12-21T04:47:28.275+0000] {logging_mixin.py:120} INFO - [2024-12-21T04:47:28.275+0000] {dag.py:3340} INFO - Setting next_dagrun for example_subdag_operator.section-2 to None, run_after=None
[2024-12-21T04:47:28.282+0000] {logging_mixin.py:120} INFO - [2024-12-21T04:47:28.281+0000] {dag.py:2585} INFO - Sync 2 DAGs
[2024-12-21T04:47:28.286+0000] {logging_mixin.py:120} INFO - [2024-12-21T04:47:28.286+0000] {dag.py:3340} INFO - Setting next_dagrun for example_subdag_operator.section-1 to None, run_after=None
[2024-12-21T04:47:28.286+0000] {logging_mixin.py:120} INFO - [2024-12-21T04:47:28.286+0000] {dag.py:3340} INFO - Setting next_dagrun for example_subdag_operator.section-2 to None, run_after=None
[2024-12-21T04:47:28.294+0000] {processor.py:176} INFO - Processing /home/airflow/.local/lib/python3.7/site-packages/airflow/example_dags/example_subdag_operator.py took 0.247 seconds
[2024-12-21T04:47:58.748+0000] {processor.py:154} INFO - Started process (PID=1288) to work on /home/airflow/.local/lib/python3.7/site-packages/airflow/example_dags/example_subdag_operator.py
[2024-12-21T04:47:58.749+0000] {processor.py:756} INFO - Processing file /home/airflow/.local/lib/python3.7/site-packages/airflow/example_dags/example_subdag_operator.py for tasks to queue
[2024-12-21T04:47:58.750+0000] {logging_mixin.py:120} INFO - [2024-12-21T04:47:58.750+0000] {dagbag.py:537} INFO - Filling up the DagBag from /home/airflow/.local/lib/python3.7/site-packages/airflow/example_dags/example_subdag_operator.py
[2024-12-21T04:47:58.783+0000] {processor.py:766} INFO - DAG(s) dict_keys(['example_subdag_operator.section-1', 'example_subdag_operator.section-2', 'example_subdag_operator']) retrieved from /home/airflow/.local/lib/python3.7/site-packages/airflow/example_dags/example_subdag_operator.py
[2024-12-21T04:47:58.948+0000] {logging_mixin.py:120} INFO - [2024-12-21T04:47:58.948+0000] {dag.py:2585} INFO - Sync 3 DAGs
[2024-12-21T04:47:58.968+0000] {logging_mixin.py:120} INFO - [2024-12-21T04:47:58.968+0000] {dag.py:3340} INFO - Setting next_dagrun for example_subdag_operator to 2022-01-01T00:00:00+00:00, run_after=2022-01-01T00:00:00+00:00
[2024-12-21T04:47:58.971+0000] {logging_mixin.py:120} INFO - [2024-12-21T04:47:58.971+0000] {dag.py:3340} INFO - Setting next_dagrun for example_subdag_operator.section-1 to None, run_after=None
[2024-12-21T04:47:58.973+0000] {logging_mixin.py:120} INFO - [2024-12-21T04:47:58.973+0000] {dag.py:3340} INFO - Setting next_dagrun for example_subdag_operator.section-2 to None, run_after=None
[2024-12-21T04:47:58.980+0000] {logging_mixin.py:120} INFO - [2024-12-21T04:47:58.980+0000] {dag.py:2585} INFO - Sync 2 DAGs
[2024-12-21T04:47:58.984+0000] {logging_mixin.py:120} INFO - [2024-12-21T04:47:58.984+0000] {dag.py:3340} INFO - Setting next_dagrun for example_subdag_operator.section-1 to None, run_after=None
[2024-12-21T04:47:58.984+0000] {logging_mixin.py:120} INFO - [2024-12-21T04:47:58.984+0000] {dag.py:3340} INFO - Setting next_dagrun for example_subdag_operator.section-2 to None, run_after=None
[2024-12-21T04:47:58.994+0000] {processor.py:176} INFO - Processing /home/airflow/.local/lib/python3.7/site-packages/airflow/example_dags/example_subdag_operator.py took 0.250 seconds
[2024-12-21T04:48:29.099+0000] {processor.py:154} INFO - Started process (PID=1342) to work on /home/airflow/.local/lib/python3.7/site-packages/airflow/example_dags/example_subdag_operator.py
[2024-12-21T04:48:29.100+0000] {processor.py:756} INFO - Processing file /home/airflow/.local/lib/python3.7/site-packages/airflow/example_dags/example_subdag_operator.py for tasks to queue
[2024-12-21T04:48:29.101+0000] {logging_mixin.py:120} INFO - [2024-12-21T04:48:29.101+0000] {dagbag.py:537} INFO - Filling up the DagBag from /home/airflow/.local/lib/python3.7/site-packages/airflow/example_dags/example_subdag_operator.py
[2024-12-21T04:48:29.141+0000] {processor.py:766} INFO - DAG(s) dict_keys(['example_subdag_operator.section-1', 'example_subdag_operator.section-2', 'example_subdag_operator']) retrieved from /home/airflow/.local/lib/python3.7/site-packages/airflow/example_dags/example_subdag_operator.py
[2024-12-21T04:48:29.316+0000] {logging_mixin.py:120} INFO - [2024-12-21T04:48:29.316+0000] {dag.py:2585} INFO - Sync 3 DAGs
[2024-12-21T04:48:29.338+0000] {logging_mixin.py:120} INFO - [2024-12-21T04:48:29.338+0000] {dag.py:3340} INFO - Setting next_dagrun for example_subdag_operator to 2022-01-01T00:00:00+00:00, run_after=2022-01-01T00:00:00+00:00
[2024-12-21T04:48:29.344+0000] {logging_mixin.py:120} INFO - [2024-12-21T04:48:29.344+0000] {dag.py:3340} INFO - Setting next_dagrun for example_subdag_operator.section-1 to None, run_after=None
[2024-12-21T04:48:29.347+0000] {logging_mixin.py:120} INFO - [2024-12-21T04:48:29.347+0000] {dag.py:3340} INFO - Setting next_dagrun for example_subdag_operator.section-2 to None, run_after=None
[2024-12-21T04:48:29.353+0000] {logging_mixin.py:120} INFO - [2024-12-21T04:48:29.353+0000] {dag.py:2585} INFO - Sync 2 DAGs
[2024-12-21T04:48:29.364+0000] {logging_mixin.py:120} INFO - [2024-12-21T04:48:29.364+0000] {dag.py:3340} INFO - Setting next_dagrun for example_subdag_operator.section-1 to None, run_after=None
[2024-12-21T04:48:29.364+0000] {logging_mixin.py:120} INFO - [2024-12-21T04:48:29.364+0000] {dag.py:3340} INFO - Setting next_dagrun for example_subdag_operator.section-2 to None, run_after=None
[2024-12-21T04:48:29.374+0000] {processor.py:176} INFO - Processing /home/airflow/.local/lib/python3.7/site-packages/airflow/example_dags/example_subdag_operator.py took 0.281 seconds
[2024-12-21T04:48:59.966+0000] {processor.py:154} INFO - Started process (PID=1405) to work on /home/airflow/.local/lib/python3.7/site-packages/airflow/example_dags/example_subdag_operator.py
[2024-12-21T04:48:59.967+0000] {processor.py:756} INFO - Processing file /home/airflow/.local/lib/python3.7/site-packages/airflow/example_dags/example_subdag_operator.py for tasks to queue
[2024-12-21T04:48:59.968+0000] {logging_mixin.py:120} INFO - [2024-12-21T04:48:59.968+0000] {dagbag.py:537} INFO - Filling up the DagBag from /home/airflow/.local/lib/python3.7/site-packages/airflow/example_dags/example_subdag_operator.py
[2024-12-21T04:48:59.999+0000] {processor.py:766} INFO - DAG(s) dict_keys(['example_subdag_operator.section-1', 'example_subdag_operator.section-2', 'example_subdag_operator']) retrieved from /home/airflow/.local/lib/python3.7/site-packages/airflow/example_dags/example_subdag_operator.py
[2024-12-21T04:49:00.183+0000] {logging_mixin.py:120} INFO - [2024-12-21T04:49:00.183+0000] {dag.py:2585} INFO - Sync 3 DAGs
[2024-12-21T04:49:00.205+0000] {logging_mixin.py:120} INFO - [2024-12-21T04:49:00.205+0000] {dag.py:3340} INFO - Setting next_dagrun for example_subdag_operator to 2022-01-01T00:00:00+00:00, run_after=2022-01-01T00:00:00+00:00
[2024-12-21T04:49:00.208+0000] {logging_mixin.py:120} INFO - [2024-12-21T04:49:00.208+0000] {dag.py:3340} INFO - Setting next_dagrun for example_subdag_operator.section-1 to None, run_after=None
[2024-12-21T04:49:00.209+0000] {logging_mixin.py:120} INFO - [2024-12-21T04:49:00.209+0000] {dag.py:3340} INFO - Setting next_dagrun for example_subdag_operator.section-2 to None, run_after=None
[2024-12-21T04:49:00.215+0000] {logging_mixin.py:120} INFO - [2024-12-21T04:49:00.215+0000] {dag.py:2585} INFO - Sync 2 DAGs
[2024-12-21T04:49:00.224+0000] {logging_mixin.py:120} INFO - [2024-12-21T04:49:00.223+0000] {dag.py:3340} INFO - Setting next_dagrun for example_subdag_operator.section-1 to None, run_after=None
[2024-12-21T04:49:00.224+0000] {logging_mixin.py:120} INFO - [2024-12-21T04:49:00.224+0000] {dag.py:3340} INFO - Setting next_dagrun for example_subdag_operator.section-2 to None, run_after=None
[2024-12-21T04:49:00.241+0000] {processor.py:176} INFO - Processing /home/airflow/.local/lib/python3.7/site-packages/airflow/example_dags/example_subdag_operator.py took 0.279 seconds
[2024-12-21T04:49:30.401+0000] {processor.py:154} INFO - Started process (PID=1468) to work on /home/airflow/.local/lib/python3.7/site-packages/airflow/example_dags/example_subdag_operator.py
[2024-12-21T04:49:30.406+0000] {processor.py:756} INFO - Processing file /home/airflow/.local/lib/python3.7/site-packages/airflow/example_dags/example_subdag_operator.py for tasks to queue
[2024-12-21T04:49:30.409+0000] {logging_mixin.py:120} INFO - [2024-12-21T04:49:30.409+0000] {dagbag.py:537} INFO - Filling up the DagBag from /home/airflow/.local/lib/python3.7/site-packages/airflow/example_dags/example_subdag_operator.py
[2024-12-21T04:49:30.499+0000] {processor.py:766} INFO - DAG(s) dict_keys(['example_subdag_operator.section-1', 'example_subdag_operator.section-2', 'example_subdag_operator']) retrieved from /home/airflow/.local/lib/python3.7/site-packages/airflow/example_dags/example_subdag_operator.py
[2024-12-21T04:49:32.585+0000] {logging_mixin.py:120} INFO - [2024-12-21T04:49:32.583+0000] {dag.py:2585} INFO - Sync 3 DAGs
[2024-12-21T04:49:32.719+0000] {logging_mixin.py:120} INFO - [2024-12-21T04:49:32.719+0000] {dag.py:3340} INFO - Setting next_dagrun for example_subdag_operator to 2022-01-01T00:00:00+00:00, run_after=2022-01-01T00:00:00+00:00
[2024-12-21T04:49:32.741+0000] {logging_mixin.py:120} INFO - [2024-12-21T04:49:32.740+0000] {dag.py:3340} INFO - Setting next_dagrun for example_subdag_operator.section-1 to None, run_after=None
[2024-12-21T04:49:32.745+0000] {logging_mixin.py:120} INFO - [2024-12-21T04:49:32.745+0000] {dag.py:3340} INFO - Setting next_dagrun for example_subdag_operator.section-2 to None, run_after=None
[2024-12-21T04:49:32.785+0000] {logging_mixin.py:120} INFO - [2024-12-21T04:49:32.784+0000] {dag.py:2585} INFO - Sync 2 DAGs
[2024-12-21T04:49:32.802+0000] {logging_mixin.py:120} INFO - [2024-12-21T04:49:32.802+0000] {dag.py:3340} INFO - Setting next_dagrun for example_subdag_operator.section-1 to None, run_after=None
[2024-12-21T04:49:32.807+0000] {logging_mixin.py:120} INFO - [2024-12-21T04:49:32.807+0000] {dag.py:3340} INFO - Setting next_dagrun for example_subdag_operator.section-2 to None, run_after=None
[2024-12-21T04:49:32.873+0000] {processor.py:176} INFO - Processing /home/airflow/.local/lib/python3.7/site-packages/airflow/example_dags/example_subdag_operator.py took 2.497 seconds
