[2024-12-21T04:37:46.382+0000] {processor.py:154} INFO - Started process (PID=85) to work on /home/airflow/.local/lib/python3.7/site-packages/airflow/example_dags/example_xcom.py
[2024-12-21T04:37:46.386+0000] {processor.py:756} INFO - Processing file /home/airflow/.local/lib/python3.7/site-packages/airflow/example_dags/example_xcom.py for tasks to queue
[2024-12-21T04:37:46.393+0000] {logging_mixin.py:120} INFO - [2024-12-21T04:37:46.393+0000] {dagbag.py:537} INFO - Filling up the DagBag from /home/airflow/.local/lib/python3.7/site-packages/airflow/example_dags/example_xcom.py
[2024-12-21T04:37:46.715+0000] {processor.py:766} INFO - DAG(s) dict_keys(['example_xcom']) retrieved from /home/airflow/.local/lib/python3.7/site-packages/airflow/example_dags/example_xcom.py
[2024-12-21T04:37:47.427+0000] {logging_mixin.py:120} INFO - [2024-12-21T04:37:47.427+0000] {manager.py:507} INFO - Created Permission View: can delete on DAG:example_xcom
[2024-12-21T04:37:47.454+0000] {logging_mixin.py:120} INFO - [2024-12-21T04:37:47.454+0000] {manager.py:507} INFO - Created Permission View: can edit on DAG:example_xcom
[2024-12-21T04:37:47.499+0000] {logging_mixin.py:120} INFO - [2024-12-21T04:37:47.498+0000] {manager.py:507} INFO - Created Permission View: can read on DAG:example_xcom
[2024-12-21T04:37:47.500+0000] {logging_mixin.py:120} INFO - [2024-12-21T04:37:47.499+0000] {dag.py:2585} INFO - Sync 1 DAGs
[2024-12-21T04:37:47.541+0000] {logging_mixin.py:120} INFO - [2024-12-21T04:37:47.541+0000] {dag.py:2606} INFO - Creating ORM DAG for example_xcom
[2024-12-21T04:37:47.574+0000] {logging_mixin.py:120} INFO - [2024-12-21T04:37:47.573+0000] {dag.py:3340} INFO - Setting next_dagrun for example_xcom to 2021-01-01T00:00:00+00:00, run_after=2021-01-01T00:00:00+00:00
[2024-12-21T04:37:47.664+0000] {processor.py:176} INFO - Processing /home/airflow/.local/lib/python3.7/site-packages/airflow/example_dags/example_xcom.py took 1.292 seconds
[2024-12-21T04:38:18.147+0000] {processor.py:154} INFO - Started process (PID=148) to work on /home/airflow/.local/lib/python3.7/site-packages/airflow/example_dags/example_xcom.py
[2024-12-21T04:38:18.148+0000] {processor.py:756} INFO - Processing file /home/airflow/.local/lib/python3.7/site-packages/airflow/example_dags/example_xcom.py for tasks to queue
[2024-12-21T04:38:18.149+0000] {logging_mixin.py:120} INFO - [2024-12-21T04:38:18.149+0000] {dagbag.py:537} INFO - Filling up the DagBag from /home/airflow/.local/lib/python3.7/site-packages/airflow/example_dags/example_xcom.py
[2024-12-21T04:38:18.175+0000] {processor.py:766} INFO - DAG(s) dict_keys(['example_xcom']) retrieved from /home/airflow/.local/lib/python3.7/site-packages/airflow/example_dags/example_xcom.py
[2024-12-21T04:38:18.219+0000] {logging_mixin.py:120} INFO - [2024-12-21T04:38:18.219+0000] {dag.py:2585} INFO - Sync 1 DAGs
[2024-12-21T04:38:18.240+0000] {logging_mixin.py:120} INFO - [2024-12-21T04:38:18.240+0000] {dag.py:3340} INFO - Setting next_dagrun for example_xcom to 2021-01-01T00:00:00+00:00, run_after=2021-01-01T00:00:00+00:00
[2024-12-21T04:38:18.258+0000] {processor.py:176} INFO - Processing /home/airflow/.local/lib/python3.7/site-packages/airflow/example_dags/example_xcom.py took 0.115 seconds
[2024-12-21T04:38:48.661+0000] {processor.py:154} INFO - Started process (PID=203) to work on /home/airflow/.local/lib/python3.7/site-packages/airflow/example_dags/example_xcom.py
[2024-12-21T04:38:48.662+0000] {processor.py:756} INFO - Processing file /home/airflow/.local/lib/python3.7/site-packages/airflow/example_dags/example_xcom.py for tasks to queue
[2024-12-21T04:38:48.663+0000] {logging_mixin.py:120} INFO - [2024-12-21T04:38:48.663+0000] {dagbag.py:537} INFO - Filling up the DagBag from /home/airflow/.local/lib/python3.7/site-packages/airflow/example_dags/example_xcom.py
[2024-12-21T04:38:48.696+0000] {processor.py:766} INFO - DAG(s) dict_keys(['example_xcom']) retrieved from /home/airflow/.local/lib/python3.7/site-packages/airflow/example_dags/example_xcom.py
[2024-12-21T04:38:48.742+0000] {logging_mixin.py:120} INFO - [2024-12-21T04:38:48.742+0000] {dag.py:2585} INFO - Sync 1 DAGs
[2024-12-21T04:38:48.768+0000] {logging_mixin.py:120} INFO - [2024-12-21T04:38:48.768+0000] {dag.py:3340} INFO - Setting next_dagrun for example_xcom to 2021-01-01T00:00:00+00:00, run_after=2021-01-01T00:00:00+00:00
[2024-12-21T04:38:48.790+0000] {processor.py:176} INFO - Processing /home/airflow/.local/lib/python3.7/site-packages/airflow/example_dags/example_xcom.py took 0.134 seconds
[2024-12-21T04:39:18.855+0000] {processor.py:154} INFO - Started process (PID=266) to work on /home/airflow/.local/lib/python3.7/site-packages/airflow/example_dags/example_xcom.py
[2024-12-21T04:39:18.862+0000] {processor.py:756} INFO - Processing file /home/airflow/.local/lib/python3.7/site-packages/airflow/example_dags/example_xcom.py for tasks to queue
[2024-12-21T04:39:18.868+0000] {logging_mixin.py:120} INFO - [2024-12-21T04:39:18.867+0000] {dagbag.py:537} INFO - Filling up the DagBag from /home/airflow/.local/lib/python3.7/site-packages/airflow/example_dags/example_xcom.py
[2024-12-21T04:39:18.919+0000] {processor.py:766} INFO - DAG(s) dict_keys(['example_xcom']) retrieved from /home/airflow/.local/lib/python3.7/site-packages/airflow/example_dags/example_xcom.py
[2024-12-21T04:39:19.124+0000] {logging_mixin.py:120} INFO - [2024-12-21T04:39:19.123+0000] {dag.py:2585} INFO - Sync 1 DAGs
[2024-12-21T04:39:19.212+0000] {logging_mixin.py:120} INFO - [2024-12-21T04:39:19.212+0000] {dag.py:3340} INFO - Setting next_dagrun for example_xcom to 2021-01-01T00:00:00+00:00, run_after=2021-01-01T00:00:00+00:00
[2024-12-21T04:39:19.291+0000] {processor.py:176} INFO - Processing /home/airflow/.local/lib/python3.7/site-packages/airflow/example_dags/example_xcom.py took 0.443 seconds
[2024-12-21T04:39:49.502+0000] {processor.py:154} INFO - Started process (PID=329) to work on /home/airflow/.local/lib/python3.7/site-packages/airflow/example_dags/example_xcom.py
[2024-12-21T04:39:49.504+0000] {processor.py:756} INFO - Processing file /home/airflow/.local/lib/python3.7/site-packages/airflow/example_dags/example_xcom.py for tasks to queue
[2024-12-21T04:39:49.505+0000] {logging_mixin.py:120} INFO - [2024-12-21T04:39:49.504+0000] {dagbag.py:537} INFO - Filling up the DagBag from /home/airflow/.local/lib/python3.7/site-packages/airflow/example_dags/example_xcom.py
[2024-12-21T04:39:49.556+0000] {processor.py:766} INFO - DAG(s) dict_keys(['example_xcom']) retrieved from /home/airflow/.local/lib/python3.7/site-packages/airflow/example_dags/example_xcom.py
[2024-12-21T04:39:49.639+0000] {logging_mixin.py:120} INFO - [2024-12-21T04:39:49.639+0000] {dag.py:2585} INFO - Sync 1 DAGs
[2024-12-21T04:39:49.691+0000] {logging_mixin.py:120} INFO - [2024-12-21T04:39:49.690+0000] {dag.py:3340} INFO - Setting next_dagrun for example_xcom to 2021-01-01T00:00:00+00:00, run_after=2021-01-01T00:00:00+00:00
[2024-12-21T04:39:49.751+0000] {processor.py:176} INFO - Processing /home/airflow/.local/lib/python3.7/site-packages/airflow/example_dags/example_xcom.py took 0.254 seconds
[2024-12-21T04:40:20.325+0000] {processor.py:154} INFO - Started process (PID=383) to work on /home/airflow/.local/lib/python3.7/site-packages/airflow/example_dags/example_xcom.py
[2024-12-21T04:40:20.327+0000] {processor.py:756} INFO - Processing file /home/airflow/.local/lib/python3.7/site-packages/airflow/example_dags/example_xcom.py for tasks to queue
[2024-12-21T04:40:20.327+0000] {logging_mixin.py:120} INFO - [2024-12-21T04:40:20.327+0000] {dagbag.py:537} INFO - Filling up the DagBag from /home/airflow/.local/lib/python3.7/site-packages/airflow/example_dags/example_xcom.py
[2024-12-21T04:40:20.349+0000] {processor.py:766} INFO - DAG(s) dict_keys(['example_xcom']) retrieved from /home/airflow/.local/lib/python3.7/site-packages/airflow/example_dags/example_xcom.py
[2024-12-21T04:40:20.388+0000] {logging_mixin.py:120} INFO - [2024-12-21T04:40:20.387+0000] {dag.py:2585} INFO - Sync 1 DAGs
[2024-12-21T04:40:20.410+0000] {logging_mixin.py:120} INFO - [2024-12-21T04:40:20.410+0000] {dag.py:3340} INFO - Setting next_dagrun for example_xcom to 2021-01-01T00:00:00+00:00, run_after=2021-01-01T00:00:00+00:00
[2024-12-21T04:40:20.429+0000] {processor.py:176} INFO - Processing /home/airflow/.local/lib/python3.7/site-packages/airflow/example_dags/example_xcom.py took 0.109 seconds
[2024-12-21T04:40:50.495+0000] {processor.py:154} INFO - Started process (PID=446) to work on /home/airflow/.local/lib/python3.7/site-packages/airflow/example_dags/example_xcom.py
[2024-12-21T04:40:50.496+0000] {processor.py:756} INFO - Processing file /home/airflow/.local/lib/python3.7/site-packages/airflow/example_dags/example_xcom.py for tasks to queue
[2024-12-21T04:40:50.497+0000] {logging_mixin.py:120} INFO - [2024-12-21T04:40:50.497+0000] {dagbag.py:537} INFO - Filling up the DagBag from /home/airflow/.local/lib/python3.7/site-packages/airflow/example_dags/example_xcom.py
[2024-12-21T04:40:50.521+0000] {processor.py:766} INFO - DAG(s) dict_keys(['example_xcom']) retrieved from /home/airflow/.local/lib/python3.7/site-packages/airflow/example_dags/example_xcom.py
[2024-12-21T04:40:50.568+0000] {logging_mixin.py:120} INFO - [2024-12-21T04:40:50.567+0000] {dag.py:2585} INFO - Sync 1 DAGs
[2024-12-21T04:40:50.590+0000] {logging_mixin.py:120} INFO - [2024-12-21T04:40:50.590+0000] {dag.py:3340} INFO - Setting next_dagrun for example_xcom to 2021-01-01T00:00:00+00:00, run_after=2021-01-01T00:00:00+00:00
[2024-12-21T04:40:50.606+0000] {processor.py:176} INFO - Processing /home/airflow/.local/lib/python3.7/site-packages/airflow/example_dags/example_xcom.py took 0.115 seconds
[2024-12-21T04:41:20.641+0000] {processor.py:154} INFO - Started process (PID=509) to work on /home/airflow/.local/lib/python3.7/site-packages/airflow/example_dags/example_xcom.py
[2024-12-21T04:41:20.642+0000] {processor.py:756} INFO - Processing file /home/airflow/.local/lib/python3.7/site-packages/airflow/example_dags/example_xcom.py for tasks to queue
[2024-12-21T04:41:20.643+0000] {logging_mixin.py:120} INFO - [2024-12-21T04:41:20.643+0000] {dagbag.py:537} INFO - Filling up the DagBag from /home/airflow/.local/lib/python3.7/site-packages/airflow/example_dags/example_xcom.py
[2024-12-21T04:41:20.670+0000] {processor.py:766} INFO - DAG(s) dict_keys(['example_xcom']) retrieved from /home/airflow/.local/lib/python3.7/site-packages/airflow/example_dags/example_xcom.py
[2024-12-21T04:41:20.724+0000] {logging_mixin.py:120} INFO - [2024-12-21T04:41:20.723+0000] {dag.py:2585} INFO - Sync 1 DAGs
[2024-12-21T04:41:20.761+0000] {logging_mixin.py:120} INFO - [2024-12-21T04:41:20.761+0000] {dag.py:3340} INFO - Setting next_dagrun for example_xcom to 2021-01-01T00:00:00+00:00, run_after=2021-01-01T00:00:00+00:00
[2024-12-21T04:41:20.801+0000] {processor.py:176} INFO - Processing /home/airflow/.local/lib/python3.7/site-packages/airflow/example_dags/example_xcom.py took 0.166 seconds
[2024-12-21T04:41:51.360+0000] {processor.py:154} INFO - Started process (PID=563) to work on /home/airflow/.local/lib/python3.7/site-packages/airflow/example_dags/example_xcom.py
[2024-12-21T04:41:51.361+0000] {processor.py:756} INFO - Processing file /home/airflow/.local/lib/python3.7/site-packages/airflow/example_dags/example_xcom.py for tasks to queue
[2024-12-21T04:41:51.362+0000] {logging_mixin.py:120} INFO - [2024-12-21T04:41:51.362+0000] {dagbag.py:537} INFO - Filling up the DagBag from /home/airflow/.local/lib/python3.7/site-packages/airflow/example_dags/example_xcom.py
[2024-12-21T04:41:51.437+0000] {processor.py:766} INFO - DAG(s) dict_keys(['example_xcom']) retrieved from /home/airflow/.local/lib/python3.7/site-packages/airflow/example_dags/example_xcom.py
[2024-12-21T04:41:51.496+0000] {logging_mixin.py:120} INFO - [2024-12-21T04:41:51.496+0000] {dag.py:2585} INFO - Sync 1 DAGs
[2024-12-21T04:41:51.550+0000] {logging_mixin.py:120} INFO - [2024-12-21T04:41:51.550+0000] {dag.py:3340} INFO - Setting next_dagrun for example_xcom to 2021-01-01T00:00:00+00:00, run_after=2021-01-01T00:00:00+00:00
[2024-12-21T04:41:51.602+0000] {processor.py:176} INFO - Processing /home/airflow/.local/lib/python3.7/site-packages/airflow/example_dags/example_xcom.py took 0.246 seconds
[2024-12-21T04:42:21.983+0000] {processor.py:154} INFO - Started process (PID=626) to work on /home/airflow/.local/lib/python3.7/site-packages/airflow/example_dags/example_xcom.py
[2024-12-21T04:42:21.983+0000] {processor.py:756} INFO - Processing file /home/airflow/.local/lib/python3.7/site-packages/airflow/example_dags/example_xcom.py for tasks to queue
[2024-12-21T04:42:21.984+0000] {logging_mixin.py:120} INFO - [2024-12-21T04:42:21.984+0000] {dagbag.py:537} INFO - Filling up the DagBag from /home/airflow/.local/lib/python3.7/site-packages/airflow/example_dags/example_xcom.py
[2024-12-21T04:42:22.002+0000] {processor.py:766} INFO - DAG(s) dict_keys(['example_xcom']) retrieved from /home/airflow/.local/lib/python3.7/site-packages/airflow/example_dags/example_xcom.py
[2024-12-21T04:42:22.040+0000] {logging_mixin.py:120} INFO - [2024-12-21T04:42:22.040+0000] {dag.py:2585} INFO - Sync 1 DAGs
[2024-12-21T04:42:22.062+0000] {logging_mixin.py:120} INFO - [2024-12-21T04:42:22.061+0000] {dag.py:3340} INFO - Setting next_dagrun for example_xcom to 2021-01-01T00:00:00+00:00, run_after=2021-01-01T00:00:00+00:00
[2024-12-21T04:42:22.077+0000] {processor.py:176} INFO - Processing /home/airflow/.local/lib/python3.7/site-packages/airflow/example_dags/example_xcom.py took 0.097 seconds
[2024-12-21T04:42:52.665+0000] {processor.py:154} INFO - Started process (PID=689) to work on /home/airflow/.local/lib/python3.7/site-packages/airflow/example_dags/example_xcom.py
[2024-12-21T04:42:52.666+0000] {processor.py:756} INFO - Processing file /home/airflow/.local/lib/python3.7/site-packages/airflow/example_dags/example_xcom.py for tasks to queue
[2024-12-21T04:42:52.666+0000] {logging_mixin.py:120} INFO - [2024-12-21T04:42:52.666+0000] {dagbag.py:537} INFO - Filling up the DagBag from /home/airflow/.local/lib/python3.7/site-packages/airflow/example_dags/example_xcom.py
[2024-12-21T04:42:52.683+0000] {processor.py:766} INFO - DAG(s) dict_keys(['example_xcom']) retrieved from /home/airflow/.local/lib/python3.7/site-packages/airflow/example_dags/example_xcom.py
[2024-12-21T04:42:52.715+0000] {logging_mixin.py:120} INFO - [2024-12-21T04:42:52.714+0000] {dag.py:2585} INFO - Sync 1 DAGs
[2024-12-21T04:42:52.734+0000] {logging_mixin.py:120} INFO - [2024-12-21T04:42:52.733+0000] {dag.py:3340} INFO - Setting next_dagrun for example_xcom to 2021-01-01T00:00:00+00:00, run_after=2021-01-01T00:00:00+00:00
[2024-12-21T04:42:52.746+0000] {processor.py:176} INFO - Processing /home/airflow/.local/lib/python3.7/site-packages/airflow/example_dags/example_xcom.py took 0.083 seconds
[2024-12-21T04:43:23.250+0000] {processor.py:154} INFO - Started process (PID=750) to work on /home/airflow/.local/lib/python3.7/site-packages/airflow/example_dags/example_xcom.py
[2024-12-21T04:43:23.251+0000] {processor.py:756} INFO - Processing file /home/airflow/.local/lib/python3.7/site-packages/airflow/example_dags/example_xcom.py for tasks to queue
[2024-12-21T04:43:23.252+0000] {logging_mixin.py:120} INFO - [2024-12-21T04:43:23.252+0000] {dagbag.py:537} INFO - Filling up the DagBag from /home/airflow/.local/lib/python3.7/site-packages/airflow/example_dags/example_xcom.py
[2024-12-21T04:43:23.272+0000] {processor.py:766} INFO - DAG(s) dict_keys(['example_xcom']) retrieved from /home/airflow/.local/lib/python3.7/site-packages/airflow/example_dags/example_xcom.py
[2024-12-21T04:43:23.310+0000] {logging_mixin.py:120} INFO - [2024-12-21T04:43:23.310+0000] {dag.py:2585} INFO - Sync 1 DAGs
[2024-12-21T04:43:23.334+0000] {logging_mixin.py:120} INFO - [2024-12-21T04:43:23.334+0000] {dag.py:3340} INFO - Setting next_dagrun for example_xcom to 2021-01-01T00:00:00+00:00, run_after=2021-01-01T00:00:00+00:00
[2024-12-21T04:43:23.355+0000] {processor.py:176} INFO - Processing /home/airflow/.local/lib/python3.7/site-packages/airflow/example_dags/example_xcom.py took 0.108 seconds
[2024-12-21T04:43:54.138+0000] {processor.py:154} INFO - Started process (PID=806) to work on /home/airflow/.local/lib/python3.7/site-packages/airflow/example_dags/example_xcom.py
[2024-12-21T04:43:54.139+0000] {processor.py:756} INFO - Processing file /home/airflow/.local/lib/python3.7/site-packages/airflow/example_dags/example_xcom.py for tasks to queue
[2024-12-21T04:43:54.140+0000] {logging_mixin.py:120} INFO - [2024-12-21T04:43:54.140+0000] {dagbag.py:537} INFO - Filling up the DagBag from /home/airflow/.local/lib/python3.7/site-packages/airflow/example_dags/example_xcom.py
[2024-12-21T04:43:54.162+0000] {processor.py:766} INFO - DAG(s) dict_keys(['example_xcom']) retrieved from /home/airflow/.local/lib/python3.7/site-packages/airflow/example_dags/example_xcom.py
[2024-12-21T04:43:54.197+0000] {logging_mixin.py:120} INFO - [2024-12-21T04:43:54.197+0000] {dag.py:2585} INFO - Sync 1 DAGs
[2024-12-21T04:43:54.221+0000] {logging_mixin.py:120} INFO - [2024-12-21T04:43:54.221+0000] {dag.py:3340} INFO - Setting next_dagrun for example_xcom to 2021-01-01T00:00:00+00:00, run_after=2021-01-01T00:00:00+00:00
[2024-12-21T04:43:54.236+0000] {processor.py:176} INFO - Processing /home/airflow/.local/lib/python3.7/site-packages/airflow/example_dags/example_xcom.py took 0.103 seconds
[2024-12-21T04:44:24.672+0000] {processor.py:154} INFO - Started process (PID=869) to work on /home/airflow/.local/lib/python3.7/site-packages/airflow/example_dags/example_xcom.py
[2024-12-21T04:44:24.673+0000] {processor.py:756} INFO - Processing file /home/airflow/.local/lib/python3.7/site-packages/airflow/example_dags/example_xcom.py for tasks to queue
[2024-12-21T04:44:24.673+0000] {logging_mixin.py:120} INFO - [2024-12-21T04:44:24.673+0000] {dagbag.py:537} INFO - Filling up the DagBag from /home/airflow/.local/lib/python3.7/site-packages/airflow/example_dags/example_xcom.py
[2024-12-21T04:44:24.691+0000] {processor.py:766} INFO - DAG(s) dict_keys(['example_xcom']) retrieved from /home/airflow/.local/lib/python3.7/site-packages/airflow/example_dags/example_xcom.py
[2024-12-21T04:44:24.720+0000] {logging_mixin.py:120} INFO - [2024-12-21T04:44:24.720+0000] {dag.py:2585} INFO - Sync 1 DAGs
[2024-12-21T04:44:24.740+0000] {logging_mixin.py:120} INFO - [2024-12-21T04:44:24.740+0000] {dag.py:3340} INFO - Setting next_dagrun for example_xcom to 2021-01-01T00:00:00+00:00, run_after=2021-01-01T00:00:00+00:00
[2024-12-21T04:44:24.753+0000] {processor.py:176} INFO - Processing /home/airflow/.local/lib/python3.7/site-packages/airflow/example_dags/example_xcom.py took 0.084 seconds
[2024-12-21T04:44:55.591+0000] {processor.py:154} INFO - Started process (PID=923) to work on /home/airflow/.local/lib/python3.7/site-packages/airflow/example_dags/example_xcom.py
[2024-12-21T04:44:55.593+0000] {processor.py:756} INFO - Processing file /home/airflow/.local/lib/python3.7/site-packages/airflow/example_dags/example_xcom.py for tasks to queue
[2024-12-21T04:44:55.593+0000] {logging_mixin.py:120} INFO - [2024-12-21T04:44:55.593+0000] {dagbag.py:537} INFO - Filling up the DagBag from /home/airflow/.local/lib/python3.7/site-packages/airflow/example_dags/example_xcom.py
[2024-12-21T04:44:55.612+0000] {processor.py:766} INFO - DAG(s) dict_keys(['example_xcom']) retrieved from /home/airflow/.local/lib/python3.7/site-packages/airflow/example_dags/example_xcom.py
[2024-12-21T04:44:55.647+0000] {logging_mixin.py:120} INFO - [2024-12-21T04:44:55.647+0000] {dag.py:2585} INFO - Sync 1 DAGs
[2024-12-21T04:44:55.670+0000] {logging_mixin.py:120} INFO - [2024-12-21T04:44:55.670+0000] {dag.py:3340} INFO - Setting next_dagrun for example_xcom to 2021-01-01T00:00:00+00:00, run_after=2021-01-01T00:00:00+00:00
[2024-12-21T04:44:55.687+0000] {processor.py:176} INFO - Processing /home/airflow/.local/lib/python3.7/site-packages/airflow/example_dags/example_xcom.py took 0.104 seconds
[2024-12-21T04:45:25.942+0000] {processor.py:154} INFO - Started process (PID=986) to work on /home/airflow/.local/lib/python3.7/site-packages/airflow/example_dags/example_xcom.py
[2024-12-21T04:45:25.943+0000] {processor.py:756} INFO - Processing file /home/airflow/.local/lib/python3.7/site-packages/airflow/example_dags/example_xcom.py for tasks to queue
[2024-12-21T04:45:25.944+0000] {logging_mixin.py:120} INFO - [2024-12-21T04:45:25.944+0000] {dagbag.py:537} INFO - Filling up the DagBag from /home/airflow/.local/lib/python3.7/site-packages/airflow/example_dags/example_xcom.py
[2024-12-21T04:45:25.967+0000] {processor.py:766} INFO - DAG(s) dict_keys(['example_xcom']) retrieved from /home/airflow/.local/lib/python3.7/site-packages/airflow/example_dags/example_xcom.py
[2024-12-21T04:45:26.001+0000] {logging_mixin.py:120} INFO - [2024-12-21T04:45:26.001+0000] {dag.py:2585} INFO - Sync 1 DAGs
[2024-12-21T04:45:26.023+0000] {logging_mixin.py:120} INFO - [2024-12-21T04:45:26.023+0000] {dag.py:3340} INFO - Setting next_dagrun for example_xcom to 2021-01-01T00:00:00+00:00, run_after=2021-01-01T00:00:00+00:00
[2024-12-21T04:45:26.037+0000] {processor.py:176} INFO - Processing /home/airflow/.local/lib/python3.7/site-packages/airflow/example_dags/example_xcom.py took 0.099 seconds
[2024-12-21T04:45:56.182+0000] {processor.py:154} INFO - Started process (PID=1049) to work on /home/airflow/.local/lib/python3.7/site-packages/airflow/example_dags/example_xcom.py
[2024-12-21T04:45:56.183+0000] {processor.py:756} INFO - Processing file /home/airflow/.local/lib/python3.7/site-packages/airflow/example_dags/example_xcom.py for tasks to queue
[2024-12-21T04:45:56.184+0000] {logging_mixin.py:120} INFO - [2024-12-21T04:45:56.184+0000] {dagbag.py:537} INFO - Filling up the DagBag from /home/airflow/.local/lib/python3.7/site-packages/airflow/example_dags/example_xcom.py
[2024-12-21T04:45:56.202+0000] {processor.py:766} INFO - DAG(s) dict_keys(['example_xcom']) retrieved from /home/airflow/.local/lib/python3.7/site-packages/airflow/example_dags/example_xcom.py
[2024-12-21T04:45:56.236+0000] {logging_mixin.py:120} INFO - [2024-12-21T04:45:56.235+0000] {dag.py:2585} INFO - Sync 1 DAGs
[2024-12-21T04:45:56.268+0000] {logging_mixin.py:120} INFO - [2024-12-21T04:45:56.268+0000] {dag.py:3340} INFO - Setting next_dagrun for example_xcom to 2021-01-01T00:00:00+00:00, run_after=2021-01-01T00:00:00+00:00
[2024-12-21T04:45:56.299+0000] {processor.py:176} INFO - Processing /home/airflow/.local/lib/python3.7/site-packages/airflow/example_dags/example_xcom.py took 0.120 seconds
[2024-12-21T04:46:27.040+0000] {processor.py:154} INFO - Started process (PID=1103) to work on /home/airflow/.local/lib/python3.7/site-packages/airflow/example_dags/example_xcom.py
[2024-12-21T04:46:27.041+0000] {processor.py:756} INFO - Processing file /home/airflow/.local/lib/python3.7/site-packages/airflow/example_dags/example_xcom.py for tasks to queue
[2024-12-21T04:46:27.042+0000] {logging_mixin.py:120} INFO - [2024-12-21T04:46:27.042+0000] {dagbag.py:537} INFO - Filling up the DagBag from /home/airflow/.local/lib/python3.7/site-packages/airflow/example_dags/example_xcom.py
[2024-12-21T04:46:27.059+0000] {processor.py:766} INFO - DAG(s) dict_keys(['example_xcom']) retrieved from /home/airflow/.local/lib/python3.7/site-packages/airflow/example_dags/example_xcom.py
[2024-12-21T04:46:27.088+0000] {logging_mixin.py:120} INFO - [2024-12-21T04:46:27.088+0000] {dag.py:2585} INFO - Sync 1 DAGs
[2024-12-21T04:46:27.110+0000] {logging_mixin.py:120} INFO - [2024-12-21T04:46:27.109+0000] {dag.py:3340} INFO - Setting next_dagrun for example_xcom to 2021-01-01T00:00:00+00:00, run_after=2021-01-01T00:00:00+00:00
[2024-12-21T04:46:27.124+0000] {processor.py:176} INFO - Processing /home/airflow/.local/lib/python3.7/site-packages/airflow/example_dags/example_xcom.py took 0.086 seconds
[2024-12-21T04:46:57.708+0000] {processor.py:154} INFO - Started process (PID=1166) to work on /home/airflow/.local/lib/python3.7/site-packages/airflow/example_dags/example_xcom.py
[2024-12-21T04:46:57.709+0000] {processor.py:756} INFO - Processing file /home/airflow/.local/lib/python3.7/site-packages/airflow/example_dags/example_xcom.py for tasks to queue
[2024-12-21T04:46:57.709+0000] {logging_mixin.py:120} INFO - [2024-12-21T04:46:57.709+0000] {dagbag.py:537} INFO - Filling up the DagBag from /home/airflow/.local/lib/python3.7/site-packages/airflow/example_dags/example_xcom.py
[2024-12-21T04:46:57.725+0000] {processor.py:766} INFO - DAG(s) dict_keys(['example_xcom']) retrieved from /home/airflow/.local/lib/python3.7/site-packages/airflow/example_dags/example_xcom.py
[2024-12-21T04:46:57.756+0000] {logging_mixin.py:120} INFO - [2024-12-21T04:46:57.756+0000] {dag.py:2585} INFO - Sync 1 DAGs
[2024-12-21T04:46:57.775+0000] {logging_mixin.py:120} INFO - [2024-12-21T04:46:57.774+0000] {dag.py:3340} INFO - Setting next_dagrun for example_xcom to 2021-01-01T00:00:00+00:00, run_after=2021-01-01T00:00:00+00:00
[2024-12-21T04:46:57.788+0000] {processor.py:176} INFO - Processing /home/airflow/.local/lib/python3.7/site-packages/airflow/example_dags/example_xcom.py took 0.083 seconds
[2024-12-21T04:47:28.310+0000] {processor.py:154} INFO - Started process (PID=1229) to work on /home/airflow/.local/lib/python3.7/site-packages/airflow/example_dags/example_xcom.py
[2024-12-21T04:47:28.310+0000] {processor.py:756} INFO - Processing file /home/airflow/.local/lib/python3.7/site-packages/airflow/example_dags/example_xcom.py for tasks to queue
[2024-12-21T04:47:28.311+0000] {logging_mixin.py:120} INFO - [2024-12-21T04:47:28.311+0000] {dagbag.py:537} INFO - Filling up the DagBag from /home/airflow/.local/lib/python3.7/site-packages/airflow/example_dags/example_xcom.py
[2024-12-21T04:47:28.327+0000] {processor.py:766} INFO - DAG(s) dict_keys(['example_xcom']) retrieved from /home/airflow/.local/lib/python3.7/site-packages/airflow/example_dags/example_xcom.py
[2024-12-21T04:47:28.357+0000] {logging_mixin.py:120} INFO - [2024-12-21T04:47:28.357+0000] {dag.py:2585} INFO - Sync 1 DAGs
[2024-12-21T04:47:28.377+0000] {logging_mixin.py:120} INFO - [2024-12-21T04:47:28.377+0000] {dag.py:3340} INFO - Setting next_dagrun for example_xcom to 2021-01-01T00:00:00+00:00, run_after=2021-01-01T00:00:00+00:00
[2024-12-21T04:47:28.390+0000] {processor.py:176} INFO - Processing /home/airflow/.local/lib/python3.7/site-packages/airflow/example_dags/example_xcom.py took 0.083 seconds
[2024-12-21T04:47:59.010+0000] {processor.py:154} INFO - Started process (PID=1292) to work on /home/airflow/.local/lib/python3.7/site-packages/airflow/example_dags/example_xcom.py
[2024-12-21T04:47:59.011+0000] {processor.py:756} INFO - Processing file /home/airflow/.local/lib/python3.7/site-packages/airflow/example_dags/example_xcom.py for tasks to queue
[2024-12-21T04:47:59.012+0000] {logging_mixin.py:120} INFO - [2024-12-21T04:47:59.012+0000] {dagbag.py:537} INFO - Filling up the DagBag from /home/airflow/.local/lib/python3.7/site-packages/airflow/example_dags/example_xcom.py
[2024-12-21T04:47:59.029+0000] {processor.py:766} INFO - DAG(s) dict_keys(['example_xcom']) retrieved from /home/airflow/.local/lib/python3.7/site-packages/airflow/example_dags/example_xcom.py
[2024-12-21T04:47:59.063+0000] {logging_mixin.py:120} INFO - [2024-12-21T04:47:59.063+0000] {dag.py:2585} INFO - Sync 1 DAGs
[2024-12-21T04:47:59.085+0000] {logging_mixin.py:120} INFO - [2024-12-21T04:47:59.085+0000] {dag.py:3340} INFO - Setting next_dagrun for example_xcom to 2021-01-01T00:00:00+00:00, run_after=2021-01-01T00:00:00+00:00
[2024-12-21T04:47:59.103+0000] {processor.py:176} INFO - Processing /home/airflow/.local/lib/python3.7/site-packages/airflow/example_dags/example_xcom.py took 0.096 seconds
[2024-12-21T04:48:29.389+0000] {processor.py:154} INFO - Started process (PID=1346) to work on /home/airflow/.local/lib/python3.7/site-packages/airflow/example_dags/example_xcom.py
[2024-12-21T04:48:29.390+0000] {processor.py:756} INFO - Processing file /home/airflow/.local/lib/python3.7/site-packages/airflow/example_dags/example_xcom.py for tasks to queue
[2024-12-21T04:48:29.391+0000] {logging_mixin.py:120} INFO - [2024-12-21T04:48:29.391+0000] {dagbag.py:537} INFO - Filling up the DagBag from /home/airflow/.local/lib/python3.7/site-packages/airflow/example_dags/example_xcom.py
[2024-12-21T04:48:29.407+0000] {processor.py:766} INFO - DAG(s) dict_keys(['example_xcom']) retrieved from /home/airflow/.local/lib/python3.7/site-packages/airflow/example_dags/example_xcom.py
[2024-12-21T04:48:29.442+0000] {logging_mixin.py:120} INFO - [2024-12-21T04:48:29.442+0000] {dag.py:2585} INFO - Sync 1 DAGs
[2024-12-21T04:48:29.463+0000] {logging_mixin.py:120} INFO - [2024-12-21T04:48:29.463+0000] {dag.py:3340} INFO - Setting next_dagrun for example_xcom to 2021-01-01T00:00:00+00:00, run_after=2021-01-01T00:00:00+00:00
[2024-12-21T04:48:29.485+0000] {processor.py:176} INFO - Processing /home/airflow/.local/lib/python3.7/site-packages/airflow/example_dags/example_xcom.py took 0.099 seconds
[2024-12-21T04:49:00.262+0000] {processor.py:154} INFO - Started process (PID=1409) to work on /home/airflow/.local/lib/python3.7/site-packages/airflow/example_dags/example_xcom.py
[2024-12-21T04:49:00.263+0000] {processor.py:756} INFO - Processing file /home/airflow/.local/lib/python3.7/site-packages/airflow/example_dags/example_xcom.py for tasks to queue
[2024-12-21T04:49:00.265+0000] {logging_mixin.py:120} INFO - [2024-12-21T04:49:00.265+0000] {dagbag.py:537} INFO - Filling up the DagBag from /home/airflow/.local/lib/python3.7/site-packages/airflow/example_dags/example_xcom.py
[2024-12-21T04:49:00.282+0000] {processor.py:766} INFO - DAG(s) dict_keys(['example_xcom']) retrieved from /home/airflow/.local/lib/python3.7/site-packages/airflow/example_dags/example_xcom.py
[2024-12-21T04:49:00.325+0000] {logging_mixin.py:120} INFO - [2024-12-21T04:49:00.325+0000] {dag.py:2585} INFO - Sync 1 DAGs
[2024-12-21T04:49:00.350+0000] {logging_mixin.py:120} INFO - [2024-12-21T04:49:00.350+0000] {dag.py:3340} INFO - Setting next_dagrun for example_xcom to 2021-01-01T00:00:00+00:00, run_after=2021-01-01T00:00:00+00:00
[2024-12-21T04:49:00.377+0000] {processor.py:176} INFO - Processing /home/airflow/.local/lib/python3.7/site-packages/airflow/example_dags/example_xcom.py took 0.117 seconds
[2024-12-21T04:49:32.932+0000] {processor.py:154} INFO - Started process (PID=1472) to work on /home/airflow/.local/lib/python3.7/site-packages/airflow/example_dags/example_xcom.py
[2024-12-21T04:49:32.935+0000] {processor.py:756} INFO - Processing file /home/airflow/.local/lib/python3.7/site-packages/airflow/example_dags/example_xcom.py for tasks to queue
[2024-12-21T04:49:32.939+0000] {logging_mixin.py:120} INFO - [2024-12-21T04:49:32.938+0000] {dagbag.py:537} INFO - Filling up the DagBag from /home/airflow/.local/lib/python3.7/site-packages/airflow/example_dags/example_xcom.py
[2024-12-21T04:49:32.983+0000] {processor.py:766} INFO - DAG(s) dict_keys(['example_xcom']) retrieved from /home/airflow/.local/lib/python3.7/site-packages/airflow/example_dags/example_xcom.py
[2024-12-21T04:49:33.092+0000] {logging_mixin.py:120} INFO - [2024-12-21T04:49:33.092+0000] {dag.py:2585} INFO - Sync 1 DAGs
[2024-12-21T04:49:33.172+0000] {logging_mixin.py:120} INFO - [2024-12-21T04:49:33.172+0000] {dag.py:3340} INFO - Setting next_dagrun for example_xcom to 2021-01-01T00:00:00+00:00, run_after=2021-01-01T00:00:00+00:00
[2024-12-21T04:49:33.203+0000] {processor.py:176} INFO - Processing /home/airflow/.local/lib/python3.7/site-packages/airflow/example_dags/example_xcom.py took 0.284 seconds
