[2024-12-21T04:37:35.231+0000] {processor.py:154} INFO - Started process (PID=50) to work on /home/airflow/.local/lib/python3.7/site-packages/airflow/example_dags/example_local_kubernetes_executor.py
[2024-12-21T04:37:35.234+0000] {processor.py:756} INFO - Processing file /home/airflow/.local/lib/python3.7/site-packages/airflow/example_dags/example_local_kubernetes_executor.py for tasks to queue
[2024-12-21T04:37:35.237+0000] {logging_mixin.py:120} INFO - [2024-12-21T04:37:35.237+0000] {dagbag.py:537} INFO - Filling up the DagBag from /home/airflow/.local/lib/python3.7/site-packages/airflow/example_dags/example_local_kubernetes_executor.py
[2024-12-21T04:37:35.295+0000] {processor.py:766} INFO - DAG(s) dict_keys(['example_local_kubernetes_executor']) retrieved from /home/airflow/.local/lib/python3.7/site-packages/airflow/example_dags/example_local_kubernetes_executor.py
[2024-12-21T04:37:35.590+0000] {logging_mixin.py:120} INFO - [2024-12-21T04:37:35.590+0000] {manager.py:507} INFO - Created Permission View: can delete on DAG:example_local_kubernetes_executor
[2024-12-21T04:37:35.633+0000] {logging_mixin.py:120} INFO - [2024-12-21T04:37:35.633+0000] {manager.py:507} INFO - Created Permission View: can edit on DAG:example_local_kubernetes_executor
[2024-12-21T04:37:35.654+0000] {logging_mixin.py:120} INFO - [2024-12-21T04:37:35.653+0000] {manager.py:507} INFO - Created Permission View: can read on DAG:example_local_kubernetes_executor
[2024-12-21T04:37:35.654+0000] {logging_mixin.py:120} INFO - [2024-12-21T04:37:35.654+0000] {dag.py:2585} INFO - Sync 1 DAGs
[2024-12-21T04:37:35.684+0000] {logging_mixin.py:120} INFO - [2024-12-21T04:37:35.684+0000] {dag.py:2606} INFO - Creating ORM DAG for example_local_kubernetes_executor
[2024-12-21T04:37:35.714+0000] {logging_mixin.py:120} INFO - [2024-12-21T04:37:35.714+0000] {dag.py:3340} INFO - Setting next_dagrun for example_local_kubernetes_executor to None, run_after=None
[2024-12-21T04:37:35.772+0000] {processor.py:176} INFO - Processing /home/airflow/.local/lib/python3.7/site-packages/airflow/example_dags/example_local_kubernetes_executor.py took 0.551 seconds
[2024-12-21T04:38:06.311+0000] {processor.py:154} INFO - Started process (PID=113) to work on /home/airflow/.local/lib/python3.7/site-packages/airflow/example_dags/example_local_kubernetes_executor.py
[2024-12-21T04:38:06.313+0000] {processor.py:756} INFO - Processing file /home/airflow/.local/lib/python3.7/site-packages/airflow/example_dags/example_local_kubernetes_executor.py for tasks to queue
[2024-12-21T04:38:06.318+0000] {logging_mixin.py:120} INFO - [2024-12-21T04:38:06.317+0000] {dagbag.py:537} INFO - Filling up the DagBag from /home/airflow/.local/lib/python3.7/site-packages/airflow/example_dags/example_local_kubernetes_executor.py
[2024-12-21T04:38:06.405+0000] {processor.py:766} INFO - DAG(s) dict_keys(['example_local_kubernetes_executor']) retrieved from /home/airflow/.local/lib/python3.7/site-packages/airflow/example_dags/example_local_kubernetes_executor.py
[2024-12-21T04:38:06.572+0000] {logging_mixin.py:120} INFO - [2024-12-21T04:38:06.572+0000] {dag.py:2585} INFO - Sync 1 DAGs
[2024-12-21T04:38:06.610+0000] {logging_mixin.py:120} INFO - [2024-12-21T04:38:06.610+0000] {dag.py:3340} INFO - Setting next_dagrun for example_local_kubernetes_executor to None, run_after=None
[2024-12-21T04:38:06.640+0000] {processor.py:176} INFO - Processing /home/airflow/.local/lib/python3.7/site-packages/airflow/example_dags/example_local_kubernetes_executor.py took 0.333 seconds
[2024-12-21T04:38:37.141+0000] {processor.py:154} INFO - Started process (PID=168) to work on /home/airflow/.local/lib/python3.7/site-packages/airflow/example_dags/example_local_kubernetes_executor.py
[2024-12-21T04:38:37.143+0000] {processor.py:756} INFO - Processing file /home/airflow/.local/lib/python3.7/site-packages/airflow/example_dags/example_local_kubernetes_executor.py for tasks to queue
[2024-12-21T04:38:37.144+0000] {logging_mixin.py:120} INFO - [2024-12-21T04:38:37.144+0000] {dagbag.py:537} INFO - Filling up the DagBag from /home/airflow/.local/lib/python3.7/site-packages/airflow/example_dags/example_local_kubernetes_executor.py
[2024-12-21T04:38:37.176+0000] {processor.py:766} INFO - DAG(s) dict_keys(['example_local_kubernetes_executor']) retrieved from /home/airflow/.local/lib/python3.7/site-packages/airflow/example_dags/example_local_kubernetes_executor.py
[2024-12-21T04:38:37.252+0000] {logging_mixin.py:120} INFO - [2024-12-21T04:38:37.251+0000] {dag.py:2585} INFO - Sync 1 DAGs
[2024-12-21T04:38:37.288+0000] {logging_mixin.py:120} INFO - [2024-12-21T04:38:37.288+0000] {dag.py:3340} INFO - Setting next_dagrun for example_local_kubernetes_executor to None, run_after=None
[2024-12-21T04:38:37.437+0000] {processor.py:176} INFO - Processing /home/airflow/.local/lib/python3.7/site-packages/airflow/example_dags/example_local_kubernetes_executor.py took 0.300 seconds
[2024-12-21T04:39:07.471+0000] {processor.py:154} INFO - Started process (PID=230) to work on /home/airflow/.local/lib/python3.7/site-packages/airflow/example_dags/example_local_kubernetes_executor.py
[2024-12-21T04:39:07.472+0000] {processor.py:756} INFO - Processing file /home/airflow/.local/lib/python3.7/site-packages/airflow/example_dags/example_local_kubernetes_executor.py for tasks to queue
[2024-12-21T04:39:07.472+0000] {logging_mixin.py:120} INFO - [2024-12-21T04:39:07.472+0000] {dagbag.py:537} INFO - Filling up the DagBag from /home/airflow/.local/lib/python3.7/site-packages/airflow/example_dags/example_local_kubernetes_executor.py
[2024-12-21T04:39:07.496+0000] {processor.py:766} INFO - DAG(s) dict_keys(['example_local_kubernetes_executor']) retrieved from /home/airflow/.local/lib/python3.7/site-packages/airflow/example_dags/example_local_kubernetes_executor.py
[2024-12-21T04:39:07.531+0000] {logging_mixin.py:120} INFO - [2024-12-21T04:39:07.530+0000] {dag.py:2585} INFO - Sync 1 DAGs
[2024-12-21T04:39:07.551+0000] {logging_mixin.py:120} INFO - [2024-12-21T04:39:07.551+0000] {dag.py:3340} INFO - Setting next_dagrun for example_local_kubernetes_executor to None, run_after=None
[2024-12-21T04:39:07.565+0000] {processor.py:176} INFO - Processing /home/airflow/.local/lib/python3.7/site-packages/airflow/example_dags/example_local_kubernetes_executor.py took 0.098 seconds
[2024-12-21T04:39:37.939+0000] {processor.py:154} INFO - Started process (PID=294) to work on /home/airflow/.local/lib/python3.7/site-packages/airflow/example_dags/example_local_kubernetes_executor.py
[2024-12-21T04:39:37.945+0000] {processor.py:756} INFO - Processing file /home/airflow/.local/lib/python3.7/site-packages/airflow/example_dags/example_local_kubernetes_executor.py for tasks to queue
[2024-12-21T04:39:37.947+0000] {logging_mixin.py:120} INFO - [2024-12-21T04:39:37.947+0000] {dagbag.py:537} INFO - Filling up the DagBag from /home/airflow/.local/lib/python3.7/site-packages/airflow/example_dags/example_local_kubernetes_executor.py
[2024-12-21T04:39:37.973+0000] {processor.py:766} INFO - DAG(s) dict_keys(['example_local_kubernetes_executor']) retrieved from /home/airflow/.local/lib/python3.7/site-packages/airflow/example_dags/example_local_kubernetes_executor.py
[2024-12-21T04:39:38.017+0000] {logging_mixin.py:120} INFO - [2024-12-21T04:39:38.016+0000] {dag.py:2585} INFO - Sync 1 DAGs
[2024-12-21T04:39:38.042+0000] {logging_mixin.py:120} INFO - [2024-12-21T04:39:38.042+0000] {dag.py:3340} INFO - Setting next_dagrun for example_local_kubernetes_executor to None, run_after=None
[2024-12-21T04:39:38.069+0000] {processor.py:176} INFO - Processing /home/airflow/.local/lib/python3.7/site-packages/airflow/example_dags/example_local_kubernetes_executor.py took 0.134 seconds
[2024-12-21T04:40:08.176+0000] {processor.py:154} INFO - Started process (PID=348) to work on /home/airflow/.local/lib/python3.7/site-packages/airflow/example_dags/example_local_kubernetes_executor.py
[2024-12-21T04:40:08.182+0000] {processor.py:756} INFO - Processing file /home/airflow/.local/lib/python3.7/site-packages/airflow/example_dags/example_local_kubernetes_executor.py for tasks to queue
[2024-12-21T04:40:08.182+0000] {logging_mixin.py:120} INFO - [2024-12-21T04:40:08.182+0000] {dagbag.py:537} INFO - Filling up the DagBag from /home/airflow/.local/lib/python3.7/site-packages/airflow/example_dags/example_local_kubernetes_executor.py
[2024-12-21T04:40:08.206+0000] {processor.py:766} INFO - DAG(s) dict_keys(['example_local_kubernetes_executor']) retrieved from /home/airflow/.local/lib/python3.7/site-packages/airflow/example_dags/example_local_kubernetes_executor.py
[2024-12-21T04:40:08.244+0000] {logging_mixin.py:120} INFO - [2024-12-21T04:40:08.244+0000] {dag.py:2585} INFO - Sync 1 DAGs
[2024-12-21T04:40:08.266+0000] {logging_mixin.py:120} INFO - [2024-12-21T04:40:08.266+0000] {dag.py:3340} INFO - Setting next_dagrun for example_local_kubernetes_executor to None, run_after=None
[2024-12-21T04:40:08.284+0000] {processor.py:176} INFO - Processing /home/airflow/.local/lib/python3.7/site-packages/airflow/example_dags/example_local_kubernetes_executor.py took 0.113 seconds
[2024-12-21T04:40:39.037+0000] {processor.py:154} INFO - Started process (PID=411) to work on /home/airflow/.local/lib/python3.7/site-packages/airflow/example_dags/example_local_kubernetes_executor.py
[2024-12-21T04:40:39.038+0000] {processor.py:756} INFO - Processing file /home/airflow/.local/lib/python3.7/site-packages/airflow/example_dags/example_local_kubernetes_executor.py for tasks to queue
[2024-12-21T04:40:39.038+0000] {logging_mixin.py:120} INFO - [2024-12-21T04:40:39.038+0000] {dagbag.py:537} INFO - Filling up the DagBag from /home/airflow/.local/lib/python3.7/site-packages/airflow/example_dags/example_local_kubernetes_executor.py
[2024-12-21T04:40:39.056+0000] {processor.py:766} INFO - DAG(s) dict_keys(['example_local_kubernetes_executor']) retrieved from /home/airflow/.local/lib/python3.7/site-packages/airflow/example_dags/example_local_kubernetes_executor.py
[2024-12-21T04:40:39.090+0000] {logging_mixin.py:120} INFO - [2024-12-21T04:40:39.090+0000] {dag.py:2585} INFO - Sync 1 DAGs
[2024-12-21T04:40:39.113+0000] {logging_mixin.py:120} INFO - [2024-12-21T04:40:39.113+0000] {dag.py:3340} INFO - Setting next_dagrun for example_local_kubernetes_executor to None, run_after=None
[2024-12-21T04:40:39.133+0000] {processor.py:176} INFO - Processing /home/airflow/.local/lib/python3.7/site-packages/airflow/example_dags/example_local_kubernetes_executor.py took 0.099 seconds
[2024-12-21T04:41:09.273+0000] {processor.py:154} INFO - Started process (PID=474) to work on /home/airflow/.local/lib/python3.7/site-packages/airflow/example_dags/example_local_kubernetes_executor.py
[2024-12-21T04:41:09.274+0000] {processor.py:756} INFO - Processing file /home/airflow/.local/lib/python3.7/site-packages/airflow/example_dags/example_local_kubernetes_executor.py for tasks to queue
[2024-12-21T04:41:09.276+0000] {logging_mixin.py:120} INFO - [2024-12-21T04:41:09.276+0000] {dagbag.py:537} INFO - Filling up the DagBag from /home/airflow/.local/lib/python3.7/site-packages/airflow/example_dags/example_local_kubernetes_executor.py
[2024-12-21T04:41:09.303+0000] {processor.py:766} INFO - DAG(s) dict_keys(['example_local_kubernetes_executor']) retrieved from /home/airflow/.local/lib/python3.7/site-packages/airflow/example_dags/example_local_kubernetes_executor.py
[2024-12-21T04:41:09.370+0000] {logging_mixin.py:120} INFO - [2024-12-21T04:41:09.370+0000] {dag.py:2585} INFO - Sync 1 DAGs
[2024-12-21T04:41:09.404+0000] {logging_mixin.py:120} INFO - [2024-12-21T04:41:09.404+0000] {dag.py:3340} INFO - Setting next_dagrun for example_local_kubernetes_executor to None, run_after=None
[2024-12-21T04:41:09.430+0000] {processor.py:176} INFO - Processing /home/airflow/.local/lib/python3.7/site-packages/airflow/example_dags/example_local_kubernetes_executor.py took 0.160 seconds
[2024-12-21T04:41:39.623+0000] {processor.py:154} INFO - Started process (PID=528) to work on /home/airflow/.local/lib/python3.7/site-packages/airflow/example_dags/example_local_kubernetes_executor.py
[2024-12-21T04:41:39.628+0000] {processor.py:756} INFO - Processing file /home/airflow/.local/lib/python3.7/site-packages/airflow/example_dags/example_local_kubernetes_executor.py for tasks to queue
[2024-12-21T04:41:39.633+0000] {logging_mixin.py:120} INFO - [2024-12-21T04:41:39.633+0000] {dagbag.py:537} INFO - Filling up the DagBag from /home/airflow/.local/lib/python3.7/site-packages/airflow/example_dags/example_local_kubernetes_executor.py
[2024-12-21T04:41:39.652+0000] {processor.py:766} INFO - DAG(s) dict_keys(['example_local_kubernetes_executor']) retrieved from /home/airflow/.local/lib/python3.7/site-packages/airflow/example_dags/example_local_kubernetes_executor.py
[2024-12-21T04:41:39.700+0000] {logging_mixin.py:120} INFO - [2024-12-21T04:41:39.699+0000] {dag.py:2585} INFO - Sync 1 DAGs
[2024-12-21T04:41:39.719+0000] {logging_mixin.py:120} INFO - [2024-12-21T04:41:39.719+0000] {dag.py:3340} INFO - Setting next_dagrun for example_local_kubernetes_executor to None, run_after=None
[2024-12-21T04:41:39.741+0000] {processor.py:176} INFO - Processing /home/airflow/.local/lib/python3.7/site-packages/airflow/example_dags/example_local_kubernetes_executor.py took 0.121 seconds
[2024-12-21T04:42:10.293+0000] {processor.py:154} INFO - Started process (PID=591) to work on /home/airflow/.local/lib/python3.7/site-packages/airflow/example_dags/example_local_kubernetes_executor.py
[2024-12-21T04:42:10.295+0000] {processor.py:756} INFO - Processing file /home/airflow/.local/lib/python3.7/site-packages/airflow/example_dags/example_local_kubernetes_executor.py for tasks to queue
[2024-12-21T04:42:10.295+0000] {logging_mixin.py:120} INFO - [2024-12-21T04:42:10.295+0000] {dagbag.py:537} INFO - Filling up the DagBag from /home/airflow/.local/lib/python3.7/site-packages/airflow/example_dags/example_local_kubernetes_executor.py
[2024-12-21T04:42:10.318+0000] {processor.py:766} INFO - DAG(s) dict_keys(['example_local_kubernetes_executor']) retrieved from /home/airflow/.local/lib/python3.7/site-packages/airflow/example_dags/example_local_kubernetes_executor.py
[2024-12-21T04:42:10.360+0000] {logging_mixin.py:120} INFO - [2024-12-21T04:42:10.360+0000] {dag.py:2585} INFO - Sync 1 DAGs
[2024-12-21T04:42:10.385+0000] {logging_mixin.py:120} INFO - [2024-12-21T04:42:10.385+0000] {dag.py:3340} INFO - Setting next_dagrun for example_local_kubernetes_executor to None, run_after=None
[2024-12-21T04:42:10.406+0000] {processor.py:176} INFO - Processing /home/airflow/.local/lib/python3.7/site-packages/airflow/example_dags/example_local_kubernetes_executor.py took 0.118 seconds
[2024-12-21T04:42:40.809+0000] {processor.py:154} INFO - Started process (PID=654) to work on /home/airflow/.local/lib/python3.7/site-packages/airflow/example_dags/example_local_kubernetes_executor.py
[2024-12-21T04:42:40.812+0000] {processor.py:756} INFO - Processing file /home/airflow/.local/lib/python3.7/site-packages/airflow/example_dags/example_local_kubernetes_executor.py for tasks to queue
[2024-12-21T04:42:40.813+0000] {logging_mixin.py:120} INFO - [2024-12-21T04:42:40.812+0000] {dagbag.py:537} INFO - Filling up the DagBag from /home/airflow/.local/lib/python3.7/site-packages/airflow/example_dags/example_local_kubernetes_executor.py
[2024-12-21T04:42:40.832+0000] {processor.py:766} INFO - DAG(s) dict_keys(['example_local_kubernetes_executor']) retrieved from /home/airflow/.local/lib/python3.7/site-packages/airflow/example_dags/example_local_kubernetes_executor.py
[2024-12-21T04:42:40.863+0000] {logging_mixin.py:120} INFO - [2024-12-21T04:42:40.863+0000] {dag.py:2585} INFO - Sync 1 DAGs
[2024-12-21T04:42:40.882+0000] {logging_mixin.py:120} INFO - [2024-12-21T04:42:40.882+0000] {dag.py:3340} INFO - Setting next_dagrun for example_local_kubernetes_executor to None, run_after=None
[2024-12-21T04:42:40.897+0000] {processor.py:176} INFO - Processing /home/airflow/.local/lib/python3.7/site-packages/airflow/example_dags/example_local_kubernetes_executor.py took 0.091 seconds
[2024-12-21T04:43:11.376+0000] {processor.py:154} INFO - Started process (PID=708) to work on /home/airflow/.local/lib/python3.7/site-packages/airflow/example_dags/example_local_kubernetes_executor.py
[2024-12-21T04:43:11.380+0000] {processor.py:756} INFO - Processing file /home/airflow/.local/lib/python3.7/site-packages/airflow/example_dags/example_local_kubernetes_executor.py for tasks to queue
[2024-12-21T04:43:11.381+0000] {logging_mixin.py:120} INFO - [2024-12-21T04:43:11.381+0000] {dagbag.py:537} INFO - Filling up the DagBag from /home/airflow/.local/lib/python3.7/site-packages/airflow/example_dags/example_local_kubernetes_executor.py
[2024-12-21T04:43:11.401+0000] {processor.py:766} INFO - DAG(s) dict_keys(['example_local_kubernetes_executor']) retrieved from /home/airflow/.local/lib/python3.7/site-packages/airflow/example_dags/example_local_kubernetes_executor.py
[2024-12-21T04:43:11.432+0000] {logging_mixin.py:120} INFO - [2024-12-21T04:43:11.432+0000] {dag.py:2585} INFO - Sync 1 DAGs
[2024-12-21T04:43:11.452+0000] {logging_mixin.py:120} INFO - [2024-12-21T04:43:11.452+0000] {dag.py:3340} INFO - Setting next_dagrun for example_local_kubernetes_executor to None, run_after=None
[2024-12-21T04:43:11.465+0000] {processor.py:176} INFO - Processing /home/airflow/.local/lib/python3.7/site-packages/airflow/example_dags/example_local_kubernetes_executor.py took 0.093 seconds
[2024-12-21T04:43:41.922+0000] {processor.py:154} INFO - Started process (PID=771) to work on /home/airflow/.local/lib/python3.7/site-packages/airflow/example_dags/example_local_kubernetes_executor.py
[2024-12-21T04:43:41.924+0000] {processor.py:756} INFO - Processing file /home/airflow/.local/lib/python3.7/site-packages/airflow/example_dags/example_local_kubernetes_executor.py for tasks to queue
[2024-12-21T04:43:41.924+0000] {logging_mixin.py:120} INFO - [2024-12-21T04:43:41.924+0000] {dagbag.py:537} INFO - Filling up the DagBag from /home/airflow/.local/lib/python3.7/site-packages/airflow/example_dags/example_local_kubernetes_executor.py
[2024-12-21T04:43:41.950+0000] {processor.py:766} INFO - DAG(s) dict_keys(['example_local_kubernetes_executor']) retrieved from /home/airflow/.local/lib/python3.7/site-packages/airflow/example_dags/example_local_kubernetes_executor.py
[2024-12-21T04:43:41.986+0000] {logging_mixin.py:120} INFO - [2024-12-21T04:43:41.986+0000] {dag.py:2585} INFO - Sync 1 DAGs
[2024-12-21T04:43:42.006+0000] {logging_mixin.py:120} INFO - [2024-12-21T04:43:42.006+0000] {dag.py:3340} INFO - Setting next_dagrun for example_local_kubernetes_executor to None, run_after=None
[2024-12-21T04:43:42.021+0000] {processor.py:176} INFO - Processing /home/airflow/.local/lib/python3.7/site-packages/airflow/example_dags/example_local_kubernetes_executor.py took 0.104 seconds
[2024-12-21T04:44:12.887+0000] {processor.py:154} INFO - Started process (PID=834) to work on /home/airflow/.local/lib/python3.7/site-packages/airflow/example_dags/example_local_kubernetes_executor.py
[2024-12-21T04:44:12.892+0000] {processor.py:756} INFO - Processing file /home/airflow/.local/lib/python3.7/site-packages/airflow/example_dags/example_local_kubernetes_executor.py for tasks to queue
[2024-12-21T04:44:12.893+0000] {logging_mixin.py:120} INFO - [2024-12-21T04:44:12.893+0000] {dagbag.py:537} INFO - Filling up the DagBag from /home/airflow/.local/lib/python3.7/site-packages/airflow/example_dags/example_local_kubernetes_executor.py
[2024-12-21T04:44:12.925+0000] {processor.py:766} INFO - DAG(s) dict_keys(['example_local_kubernetes_executor']) retrieved from /home/airflow/.local/lib/python3.7/site-packages/airflow/example_dags/example_local_kubernetes_executor.py
[2024-12-21T04:44:12.998+0000] {logging_mixin.py:120} INFO - [2024-12-21T04:44:12.997+0000] {dag.py:2585} INFO - Sync 1 DAGs
[2024-12-21T04:44:13.043+0000] {logging_mixin.py:120} INFO - [2024-12-21T04:44:13.042+0000] {dag.py:3340} INFO - Setting next_dagrun for example_local_kubernetes_executor to None, run_after=None
[2024-12-21T04:44:13.059+0000] {processor.py:176} INFO - Processing /home/airflow/.local/lib/python3.7/site-packages/airflow/example_dags/example_local_kubernetes_executor.py took 0.178 seconds
[2024-12-21T04:44:45.661+0000] {processor.py:154} INFO - Started process (PID=897) to work on /home/airflow/.local/lib/python3.7/site-packages/airflow/example_dags/example_local_kubernetes_executor.py
[2024-12-21T04:44:45.663+0000] {processor.py:756} INFO - Processing file /home/airflow/.local/lib/python3.7/site-packages/airflow/example_dags/example_local_kubernetes_executor.py for tasks to queue
[2024-12-21T04:44:45.665+0000] {logging_mixin.py:120} INFO - [2024-12-21T04:44:45.664+0000] {dagbag.py:537} INFO - Filling up the DagBag from /home/airflow/.local/lib/python3.7/site-packages/airflow/example_dags/example_local_kubernetes_executor.py
[2024-12-21T04:44:45.712+0000] {processor.py:766} INFO - DAG(s) dict_keys(['example_local_kubernetes_executor']) retrieved from /home/airflow/.local/lib/python3.7/site-packages/airflow/example_dags/example_local_kubernetes_executor.py
[2024-12-21T04:44:45.806+0000] {logging_mixin.py:120} INFO - [2024-12-21T04:44:45.806+0000] {dag.py:2585} INFO - Sync 1 DAGs
[2024-12-21T04:44:45.892+0000] {logging_mixin.py:120} INFO - [2024-12-21T04:44:45.892+0000] {dag.py:3340} INFO - Setting next_dagrun for example_local_kubernetes_executor to None, run_after=None
[2024-12-21T04:44:45.941+0000] {processor.py:176} INFO - Processing /home/airflow/.local/lib/python3.7/site-packages/airflow/example_dags/example_local_kubernetes_executor.py took 0.284 seconds
[2024-12-21T04:45:16.009+0000] {processor.py:154} INFO - Started process (PID=951) to work on /home/airflow/.local/lib/python3.7/site-packages/airflow/example_dags/example_local_kubernetes_executor.py
[2024-12-21T04:45:16.009+0000] {processor.py:756} INFO - Processing file /home/airflow/.local/lib/python3.7/site-packages/airflow/example_dags/example_local_kubernetes_executor.py for tasks to queue
[2024-12-21T04:45:16.010+0000] {logging_mixin.py:120} INFO - [2024-12-21T04:45:16.010+0000] {dagbag.py:537} INFO - Filling up the DagBag from /home/airflow/.local/lib/python3.7/site-packages/airflow/example_dags/example_local_kubernetes_executor.py
[2024-12-21T04:45:16.027+0000] {processor.py:766} INFO - DAG(s) dict_keys(['example_local_kubernetes_executor']) retrieved from /home/airflow/.local/lib/python3.7/site-packages/airflow/example_dags/example_local_kubernetes_executor.py
[2024-12-21T04:45:16.058+0000] {logging_mixin.py:120} INFO - [2024-12-21T04:45:16.058+0000] {dag.py:2585} INFO - Sync 1 DAGs
[2024-12-21T04:45:16.081+0000] {logging_mixin.py:120} INFO - [2024-12-21T04:45:16.081+0000] {dag.py:3340} INFO - Setting next_dagrun for example_local_kubernetes_executor to None, run_after=None
[2024-12-21T04:45:16.096+0000] {processor.py:176} INFO - Processing /home/airflow/.local/lib/python3.7/site-packages/airflow/example_dags/example_local_kubernetes_executor.py took 0.090 seconds
[2024-12-21T04:45:46.715+0000] {processor.py:154} INFO - Started process (PID=1014) to work on /home/airflow/.local/lib/python3.7/site-packages/airflow/example_dags/example_local_kubernetes_executor.py
[2024-12-21T04:45:46.716+0000] {processor.py:756} INFO - Processing file /home/airflow/.local/lib/python3.7/site-packages/airflow/example_dags/example_local_kubernetes_executor.py for tasks to queue
[2024-12-21T04:45:46.717+0000] {logging_mixin.py:120} INFO - [2024-12-21T04:45:46.717+0000] {dagbag.py:537} INFO - Filling up the DagBag from /home/airflow/.local/lib/python3.7/site-packages/airflow/example_dags/example_local_kubernetes_executor.py
[2024-12-21T04:45:46.734+0000] {processor.py:766} INFO - DAG(s) dict_keys(['example_local_kubernetes_executor']) retrieved from /home/airflow/.local/lib/python3.7/site-packages/airflow/example_dags/example_local_kubernetes_executor.py
[2024-12-21T04:45:46.769+0000] {logging_mixin.py:120} INFO - [2024-12-21T04:45:46.769+0000] {dag.py:2585} INFO - Sync 1 DAGs
[2024-12-21T04:45:46.791+0000] {logging_mixin.py:120} INFO - [2024-12-21T04:45:46.790+0000] {dag.py:3340} INFO - Setting next_dagrun for example_local_kubernetes_executor to None, run_after=None
[2024-12-21T04:45:46.805+0000] {processor.py:176} INFO - Processing /home/airflow/.local/lib/python3.7/site-packages/airflow/example_dags/example_local_kubernetes_executor.py took 0.093 seconds
[2024-12-21T04:46:17.153+0000] {processor.py:154} INFO - Started process (PID=1077) to work on /home/airflow/.local/lib/python3.7/site-packages/airflow/example_dags/example_local_kubernetes_executor.py
[2024-12-21T04:46:17.155+0000] {processor.py:756} INFO - Processing file /home/airflow/.local/lib/python3.7/site-packages/airflow/example_dags/example_local_kubernetes_executor.py for tasks to queue
[2024-12-21T04:46:17.157+0000] {logging_mixin.py:120} INFO - [2024-12-21T04:46:17.156+0000] {dagbag.py:537} INFO - Filling up the DagBag from /home/airflow/.local/lib/python3.7/site-packages/airflow/example_dags/example_local_kubernetes_executor.py
[2024-12-21T04:46:17.177+0000] {processor.py:766} INFO - DAG(s) dict_keys(['example_local_kubernetes_executor']) retrieved from /home/airflow/.local/lib/python3.7/site-packages/airflow/example_dags/example_local_kubernetes_executor.py
[2024-12-21T04:46:17.232+0000] {logging_mixin.py:120} INFO - [2024-12-21T04:46:17.232+0000] {dag.py:2585} INFO - Sync 1 DAGs
[2024-12-21T04:46:17.265+0000] {logging_mixin.py:120} INFO - [2024-12-21T04:46:17.265+0000] {dag.py:3340} INFO - Setting next_dagrun for example_local_kubernetes_executor to None, run_after=None
[2024-12-21T04:46:17.285+0000] {processor.py:176} INFO - Processing /home/airflow/.local/lib/python3.7/site-packages/airflow/example_dags/example_local_kubernetes_executor.py took 0.135 seconds
[2024-12-21T04:46:47.893+0000] {processor.py:154} INFO - Started process (PID=1131) to work on /home/airflow/.local/lib/python3.7/site-packages/airflow/example_dags/example_local_kubernetes_executor.py
[2024-12-21T04:46:47.893+0000] {processor.py:756} INFO - Processing file /home/airflow/.local/lib/python3.7/site-packages/airflow/example_dags/example_local_kubernetes_executor.py for tasks to queue
[2024-12-21T04:46:47.894+0000] {logging_mixin.py:120} INFO - [2024-12-21T04:46:47.894+0000] {dagbag.py:537} INFO - Filling up the DagBag from /home/airflow/.local/lib/python3.7/site-packages/airflow/example_dags/example_local_kubernetes_executor.py
[2024-12-21T04:46:47.910+0000] {processor.py:766} INFO - DAG(s) dict_keys(['example_local_kubernetes_executor']) retrieved from /home/airflow/.local/lib/python3.7/site-packages/airflow/example_dags/example_local_kubernetes_executor.py
[2024-12-21T04:46:47.943+0000] {logging_mixin.py:120} INFO - [2024-12-21T04:46:47.943+0000] {dag.py:2585} INFO - Sync 1 DAGs
[2024-12-21T04:46:47.961+0000] {logging_mixin.py:120} INFO - [2024-12-21T04:46:47.961+0000] {dag.py:3340} INFO - Setting next_dagrun for example_local_kubernetes_executor to None, run_after=None
[2024-12-21T04:46:47.974+0000] {processor.py:176} INFO - Processing /home/airflow/.local/lib/python3.7/site-packages/airflow/example_dags/example_local_kubernetes_executor.py took 0.085 seconds
[2024-12-21T04:47:18.433+0000] {processor.py:154} INFO - Started process (PID=1194) to work on /home/airflow/.local/lib/python3.7/site-packages/airflow/example_dags/example_local_kubernetes_executor.py
[2024-12-21T04:47:18.434+0000] {processor.py:756} INFO - Processing file /home/airflow/.local/lib/python3.7/site-packages/airflow/example_dags/example_local_kubernetes_executor.py for tasks to queue
[2024-12-21T04:47:18.434+0000] {logging_mixin.py:120} INFO - [2024-12-21T04:47:18.434+0000] {dagbag.py:537} INFO - Filling up the DagBag from /home/airflow/.local/lib/python3.7/site-packages/airflow/example_dags/example_local_kubernetes_executor.py
[2024-12-21T04:47:18.451+0000] {processor.py:766} INFO - DAG(s) dict_keys(['example_local_kubernetes_executor']) retrieved from /home/airflow/.local/lib/python3.7/site-packages/airflow/example_dags/example_local_kubernetes_executor.py
[2024-12-21T04:47:18.482+0000] {logging_mixin.py:120} INFO - [2024-12-21T04:47:18.482+0000] {dag.py:2585} INFO - Sync 1 DAGs
[2024-12-21T04:47:18.502+0000] {logging_mixin.py:120} INFO - [2024-12-21T04:47:18.502+0000] {dag.py:3340} INFO - Setting next_dagrun for example_local_kubernetes_executor to None, run_after=None
[2024-12-21T04:47:18.516+0000] {processor.py:176} INFO - Processing /home/airflow/.local/lib/python3.7/site-packages/airflow/example_dags/example_local_kubernetes_executor.py took 0.086 seconds
[2024-12-21T04:47:49.116+0000] {processor.py:154} INFO - Started process (PID=1257) to work on /home/airflow/.local/lib/python3.7/site-packages/airflow/example_dags/example_local_kubernetes_executor.py
[2024-12-21T04:47:49.117+0000] {processor.py:756} INFO - Processing file /home/airflow/.local/lib/python3.7/site-packages/airflow/example_dags/example_local_kubernetes_executor.py for tasks to queue
[2024-12-21T04:47:49.118+0000] {logging_mixin.py:120} INFO - [2024-12-21T04:47:49.118+0000] {dagbag.py:537} INFO - Filling up the DagBag from /home/airflow/.local/lib/python3.7/site-packages/airflow/example_dags/example_local_kubernetes_executor.py
[2024-12-21T04:47:49.135+0000] {processor.py:766} INFO - DAG(s) dict_keys(['example_local_kubernetes_executor']) retrieved from /home/airflow/.local/lib/python3.7/site-packages/airflow/example_dags/example_local_kubernetes_executor.py
[2024-12-21T04:47:49.172+0000] {logging_mixin.py:120} INFO - [2024-12-21T04:47:49.172+0000] {dag.py:2585} INFO - Sync 1 DAGs
[2024-12-21T04:47:49.196+0000] {logging_mixin.py:120} INFO - [2024-12-21T04:47:49.196+0000] {dag.py:3340} INFO - Setting next_dagrun for example_local_kubernetes_executor to None, run_after=None
[2024-12-21T04:47:49.211+0000] {processor.py:176} INFO - Processing /home/airflow/.local/lib/python3.7/site-packages/airflow/example_dags/example_local_kubernetes_executor.py took 0.098 seconds
[2024-12-21T04:48:20.143+0000] {processor.py:154} INFO - Started process (PID=1320) to work on /home/airflow/.local/lib/python3.7/site-packages/airflow/example_dags/example_local_kubernetes_executor.py
[2024-12-21T04:48:20.148+0000] {processor.py:756} INFO - Processing file /home/airflow/.local/lib/python3.7/site-packages/airflow/example_dags/example_local_kubernetes_executor.py for tasks to queue
[2024-12-21T04:48:20.150+0000] {logging_mixin.py:120} INFO - [2024-12-21T04:48:20.150+0000] {dagbag.py:537} INFO - Filling up the DagBag from /home/airflow/.local/lib/python3.7/site-packages/airflow/example_dags/example_local_kubernetes_executor.py
[2024-12-21T04:48:20.197+0000] {processor.py:766} INFO - DAG(s) dict_keys(['example_local_kubernetes_executor']) retrieved from /home/airflow/.local/lib/python3.7/site-packages/airflow/example_dags/example_local_kubernetes_executor.py
[2024-12-21T04:48:20.265+0000] {logging_mixin.py:120} INFO - [2024-12-21T04:48:20.265+0000] {dag.py:2585} INFO - Sync 1 DAGs
[2024-12-21T04:48:20.322+0000] {logging_mixin.py:120} INFO - [2024-12-21T04:48:20.322+0000] {dag.py:3340} INFO - Setting next_dagrun for example_local_kubernetes_executor to None, run_after=None
[2024-12-21T04:48:20.347+0000] {processor.py:176} INFO - Processing /home/airflow/.local/lib/python3.7/site-packages/airflow/example_dags/example_local_kubernetes_executor.py took 0.212 seconds
[2024-12-21T04:48:50.525+0000] {processor.py:154} INFO - Started process (PID=1374) to work on /home/airflow/.local/lib/python3.7/site-packages/airflow/example_dags/example_local_kubernetes_executor.py
[2024-12-21T04:48:50.526+0000] {processor.py:756} INFO - Processing file /home/airflow/.local/lib/python3.7/site-packages/airflow/example_dags/example_local_kubernetes_executor.py for tasks to queue
[2024-12-21T04:48:50.526+0000] {logging_mixin.py:120} INFO - [2024-12-21T04:48:50.526+0000] {dagbag.py:537} INFO - Filling up the DagBag from /home/airflow/.local/lib/python3.7/site-packages/airflow/example_dags/example_local_kubernetes_executor.py
[2024-12-21T04:48:50.544+0000] {processor.py:766} INFO - DAG(s) dict_keys(['example_local_kubernetes_executor']) retrieved from /home/airflow/.local/lib/python3.7/site-packages/airflow/example_dags/example_local_kubernetes_executor.py
[2024-12-21T04:48:50.588+0000] {logging_mixin.py:120} INFO - [2024-12-21T04:48:50.588+0000] {dag.py:2585} INFO - Sync 1 DAGs
[2024-12-21T04:48:50.611+0000] {logging_mixin.py:120} INFO - [2024-12-21T04:48:50.611+0000] {dag.py:3340} INFO - Setting next_dagrun for example_local_kubernetes_executor to None, run_after=None
[2024-12-21T04:48:50.626+0000] {processor.py:176} INFO - Processing /home/airflow/.local/lib/python3.7/site-packages/airflow/example_dags/example_local_kubernetes_executor.py took 0.105 seconds
[2024-12-21T04:49:21.208+0000] {processor.py:154} INFO - Started process (PID=1437) to work on /home/airflow/.local/lib/python3.7/site-packages/airflow/example_dags/example_local_kubernetes_executor.py
[2024-12-21T04:49:21.210+0000] {processor.py:756} INFO - Processing file /home/airflow/.local/lib/python3.7/site-packages/airflow/example_dags/example_local_kubernetes_executor.py for tasks to queue
[2024-12-21T04:49:21.212+0000] {logging_mixin.py:120} INFO - [2024-12-21T04:49:21.212+0000] {dagbag.py:537} INFO - Filling up the DagBag from /home/airflow/.local/lib/python3.7/site-packages/airflow/example_dags/example_local_kubernetes_executor.py
[2024-12-21T04:49:21.230+0000] {processor.py:766} INFO - DAG(s) dict_keys(['example_local_kubernetes_executor']) retrieved from /home/airflow/.local/lib/python3.7/site-packages/airflow/example_dags/example_local_kubernetes_executor.py
[2024-12-21T04:49:21.273+0000] {logging_mixin.py:120} INFO - [2024-12-21T04:49:21.273+0000] {dag.py:2585} INFO - Sync 1 DAGs
[2024-12-21T04:49:21.297+0000] {logging_mixin.py:120} INFO - [2024-12-21T04:49:21.297+0000] {dag.py:3340} INFO - Setting next_dagrun for example_local_kubernetes_executor to None, run_after=None
[2024-12-21T04:49:21.321+0000] {processor.py:176} INFO - Processing /home/airflow/.local/lib/python3.7/site-packages/airflow/example_dags/example_local_kubernetes_executor.py took 0.116 seconds
