[2024-12-21T04:37:41.234+0000] {processor.py:154} INFO - Started process (PID=76) to work on /home/airflow/.local/lib/python3.7/site-packages/airflow/example_dags/example_nested_branch_dag.py
[2024-12-21T04:37:41.236+0000] {processor.py:756} INFO - Processing file /home/airflow/.local/lib/python3.7/site-packages/airflow/example_dags/example_nested_branch_dag.py for tasks to queue
[2024-12-21T04:37:41.240+0000] {logging_mixin.py:120} INFO - [2024-12-21T04:37:41.239+0000] {dagbag.py:537} INFO - Filling up the DagBag from /home/airflow/.local/lib/python3.7/site-packages/airflow/example_dags/example_nested_branch_dag.py
[2024-12-21T04:37:41.537+0000] {processor.py:766} INFO - DAG(s) dict_keys(['example_nested_branch_dag']) retrieved from /home/airflow/.local/lib/python3.7/site-packages/airflow/example_dags/example_nested_branch_dag.py
[2024-12-21T04:37:41.953+0000] {logging_mixin.py:120} INFO - [2024-12-21T04:37:41.952+0000] {manager.py:507} INFO - Created Permission View: can delete on DAG:example_nested_branch_dag
[2024-12-21T04:37:41.975+0000] {logging_mixin.py:120} INFO - [2024-12-21T04:37:41.974+0000] {manager.py:507} INFO - Created Permission View: can edit on DAG:example_nested_branch_dag
[2024-12-21T04:37:41.991+0000] {logging_mixin.py:120} INFO - [2024-12-21T04:37:41.991+0000] {manager.py:507} INFO - Created Permission View: can read on DAG:example_nested_branch_dag
[2024-12-21T04:37:41.994+0000] {logging_mixin.py:120} INFO - [2024-12-21T04:37:41.993+0000] {dag.py:2585} INFO - Sync 1 DAGs
[2024-12-21T04:37:42.060+0000] {logging_mixin.py:120} INFO - [2024-12-21T04:37:42.060+0000] {dag.py:2606} INFO - Creating ORM DAG for example_nested_branch_dag
[2024-12-21T04:37:42.095+0000] {logging_mixin.py:120} INFO - [2024-12-21T04:37:42.095+0000] {dag.py:3340} INFO - Setting next_dagrun for example_nested_branch_dag to 2024-12-20T00:00:00+00:00, run_after=2024-12-21T00:00:00+00:00
[2024-12-21T04:37:42.151+0000] {processor.py:176} INFO - Processing /home/airflow/.local/lib/python3.7/site-packages/airflow/example_dags/example_nested_branch_dag.py took 0.922 seconds
[2024-12-21T04:38:13.147+0000] {processor.py:154} INFO - Started process (PID=130) to work on /home/airflow/.local/lib/python3.7/site-packages/airflow/example_dags/example_nested_branch_dag.py
[2024-12-21T04:38:13.153+0000] {processor.py:756} INFO - Processing file /home/airflow/.local/lib/python3.7/site-packages/airflow/example_dags/example_nested_branch_dag.py for tasks to queue
[2024-12-21T04:38:13.156+0000] {logging_mixin.py:120} INFO - [2024-12-21T04:38:13.156+0000] {dagbag.py:537} INFO - Filling up the DagBag from /home/airflow/.local/lib/python3.7/site-packages/airflow/example_dags/example_nested_branch_dag.py
[2024-12-21T04:38:13.251+0000] {processor.py:766} INFO - DAG(s) dict_keys(['example_nested_branch_dag']) retrieved from /home/airflow/.local/lib/python3.7/site-packages/airflow/example_dags/example_nested_branch_dag.py
[2024-12-21T04:38:13.399+0000] {logging_mixin.py:120} INFO - [2024-12-21T04:38:13.399+0000] {dag.py:2585} INFO - Sync 1 DAGs
[2024-12-21T04:38:13.436+0000] {logging_mixin.py:120} INFO - [2024-12-21T04:38:13.436+0000] {dag.py:3340} INFO - Setting next_dagrun for example_nested_branch_dag to 2024-12-20T00:00:00+00:00, run_after=2024-12-21T00:00:00+00:00
[2024-12-21T04:38:13.471+0000] {processor.py:176} INFO - Processing /home/airflow/.local/lib/python3.7/site-packages/airflow/example_dags/example_nested_branch_dag.py took 0.363 seconds
[2024-12-21T04:38:43.838+0000] {processor.py:154} INFO - Started process (PID=194) to work on /home/airflow/.local/lib/python3.7/site-packages/airflow/example_dags/example_nested_branch_dag.py
[2024-12-21T04:38:43.843+0000] {processor.py:756} INFO - Processing file /home/airflow/.local/lib/python3.7/site-packages/airflow/example_dags/example_nested_branch_dag.py for tasks to queue
[2024-12-21T04:38:43.853+0000] {logging_mixin.py:120} INFO - [2024-12-21T04:38:43.852+0000] {dagbag.py:537} INFO - Filling up the DagBag from /home/airflow/.local/lib/python3.7/site-packages/airflow/example_dags/example_nested_branch_dag.py
[2024-12-21T04:38:43.899+0000] {processor.py:766} INFO - DAG(s) dict_keys(['example_nested_branch_dag']) retrieved from /home/airflow/.local/lib/python3.7/site-packages/airflow/example_dags/example_nested_branch_dag.py
[2024-12-21T04:38:43.961+0000] {logging_mixin.py:120} INFO - [2024-12-21T04:38:43.961+0000] {dag.py:2585} INFO - Sync 1 DAGs
[2024-12-21T04:38:43.991+0000] {logging_mixin.py:120} INFO - [2024-12-21T04:38:43.991+0000] {dag.py:3340} INFO - Setting next_dagrun for example_nested_branch_dag to 2024-12-20T00:00:00+00:00, run_after=2024-12-21T00:00:00+00:00
[2024-12-21T04:38:44.017+0000] {processor.py:176} INFO - Processing /home/airflow/.local/lib/python3.7/site-packages/airflow/example_dags/example_nested_branch_dag.py took 0.206 seconds
[2024-12-21T04:39:14.310+0000] {processor.py:154} INFO - Started process (PID=255) to work on /home/airflow/.local/lib/python3.7/site-packages/airflow/example_dags/example_nested_branch_dag.py
[2024-12-21T04:39:14.314+0000] {processor.py:756} INFO - Processing file /home/airflow/.local/lib/python3.7/site-packages/airflow/example_dags/example_nested_branch_dag.py for tasks to queue
[2024-12-21T04:39:14.318+0000] {logging_mixin.py:120} INFO - [2024-12-21T04:39:14.318+0000] {dagbag.py:537} INFO - Filling up the DagBag from /home/airflow/.local/lib/python3.7/site-packages/airflow/example_dags/example_nested_branch_dag.py
[2024-12-21T04:39:14.380+0000] {processor.py:766} INFO - DAG(s) dict_keys(['example_nested_branch_dag']) retrieved from /home/airflow/.local/lib/python3.7/site-packages/airflow/example_dags/example_nested_branch_dag.py
[2024-12-21T04:39:14.470+0000] {logging_mixin.py:120} INFO - [2024-12-21T04:39:14.470+0000] {dag.py:2585} INFO - Sync 1 DAGs
[2024-12-21T04:39:14.528+0000] {logging_mixin.py:120} INFO - [2024-12-21T04:39:14.528+0000] {dag.py:3340} INFO - Setting next_dagrun for example_nested_branch_dag to 2024-12-20T00:00:00+00:00, run_after=2024-12-21T00:00:00+00:00
[2024-12-21T04:39:14.555+0000] {processor.py:176} INFO - Processing /home/airflow/.local/lib/python3.7/site-packages/airflow/example_dags/example_nested_branch_dag.py took 0.287 seconds
[2024-12-21T04:39:44.789+0000] {processor.py:154} INFO - Started process (PID=311) to work on /home/airflow/.local/lib/python3.7/site-packages/airflow/example_dags/example_nested_branch_dag.py
[2024-12-21T04:39:44.791+0000] {processor.py:756} INFO - Processing file /home/airflow/.local/lib/python3.7/site-packages/airflow/example_dags/example_nested_branch_dag.py for tasks to queue
[2024-12-21T04:39:44.791+0000] {logging_mixin.py:120} INFO - [2024-12-21T04:39:44.791+0000] {dagbag.py:537} INFO - Filling up the DagBag from /home/airflow/.local/lib/python3.7/site-packages/airflow/example_dags/example_nested_branch_dag.py
[2024-12-21T04:39:44.821+0000] {processor.py:766} INFO - DAG(s) dict_keys(['example_nested_branch_dag']) retrieved from /home/airflow/.local/lib/python3.7/site-packages/airflow/example_dags/example_nested_branch_dag.py
[2024-12-21T04:39:44.896+0000] {logging_mixin.py:120} INFO - [2024-12-21T04:39:44.896+0000] {dag.py:2585} INFO - Sync 1 DAGs
[2024-12-21T04:39:44.921+0000] {logging_mixin.py:120} INFO - [2024-12-21T04:39:44.921+0000] {dag.py:3340} INFO - Setting next_dagrun for example_nested_branch_dag to 2024-12-20T00:00:00+00:00, run_after=2024-12-21T00:00:00+00:00
[2024-12-21T04:39:44.940+0000] {processor.py:176} INFO - Processing /home/airflow/.local/lib/python3.7/site-packages/airflow/example_dags/example_nested_branch_dag.py took 0.156 seconds
[2024-12-21T04:40:15.646+0000] {processor.py:154} INFO - Started process (PID=374) to work on /home/airflow/.local/lib/python3.7/site-packages/airflow/example_dags/example_nested_branch_dag.py
[2024-12-21T04:40:15.649+0000] {processor.py:756} INFO - Processing file /home/airflow/.local/lib/python3.7/site-packages/airflow/example_dags/example_nested_branch_dag.py for tasks to queue
[2024-12-21T04:40:15.650+0000] {logging_mixin.py:120} INFO - [2024-12-21T04:40:15.650+0000] {dagbag.py:537} INFO - Filling up the DagBag from /home/airflow/.local/lib/python3.7/site-packages/airflow/example_dags/example_nested_branch_dag.py
[2024-12-21T04:40:15.678+0000] {processor.py:766} INFO - DAG(s) dict_keys(['example_nested_branch_dag']) retrieved from /home/airflow/.local/lib/python3.7/site-packages/airflow/example_dags/example_nested_branch_dag.py
[2024-12-21T04:40:15.723+0000] {logging_mixin.py:120} INFO - [2024-12-21T04:40:15.722+0000] {dag.py:2585} INFO - Sync 1 DAGs
[2024-12-21T04:40:15.747+0000] {logging_mixin.py:120} INFO - [2024-12-21T04:40:15.747+0000] {dag.py:3340} INFO - Setting next_dagrun for example_nested_branch_dag to 2024-12-20T00:00:00+00:00, run_after=2024-12-21T00:00:00+00:00
[2024-12-21T04:40:15.775+0000] {processor.py:176} INFO - Processing /home/airflow/.local/lib/python3.7/site-packages/airflow/example_dags/example_nested_branch_dag.py took 0.135 seconds
[2024-12-21T04:40:46.338+0000] {processor.py:154} INFO - Started process (PID=437) to work on /home/airflow/.local/lib/python3.7/site-packages/airflow/example_dags/example_nested_branch_dag.py
[2024-12-21T04:40:46.339+0000] {processor.py:756} INFO - Processing file /home/airflow/.local/lib/python3.7/site-packages/airflow/example_dags/example_nested_branch_dag.py for tasks to queue
[2024-12-21T04:40:46.340+0000] {logging_mixin.py:120} INFO - [2024-12-21T04:40:46.340+0000] {dagbag.py:537} INFO - Filling up the DagBag from /home/airflow/.local/lib/python3.7/site-packages/airflow/example_dags/example_nested_branch_dag.py
[2024-12-21T04:40:46.449+0000] {processor.py:766} INFO - DAG(s) dict_keys(['example_nested_branch_dag']) retrieved from /home/airflow/.local/lib/python3.7/site-packages/airflow/example_dags/example_nested_branch_dag.py
[2024-12-21T04:40:46.730+0000] {logging_mixin.py:120} INFO - [2024-12-21T04:40:46.729+0000] {dag.py:2585} INFO - Sync 1 DAGs
[2024-12-21T04:40:46.840+0000] {logging_mixin.py:120} INFO - [2024-12-21T04:40:46.839+0000] {dag.py:3340} INFO - Setting next_dagrun for example_nested_branch_dag to 2024-12-20T00:00:00+00:00, run_after=2024-12-21T00:00:00+00:00
[2024-12-21T04:40:46.942+0000] {processor.py:176} INFO - Processing /home/airflow/.local/lib/python3.7/site-packages/airflow/example_dags/example_nested_branch_dag.py took 0.607 seconds
[2024-12-21T04:41:17.595+0000] {processor.py:154} INFO - Started process (PID=491) to work on /home/airflow/.local/lib/python3.7/site-packages/airflow/example_dags/example_nested_branch_dag.py
[2024-12-21T04:41:17.597+0000] {processor.py:756} INFO - Processing file /home/airflow/.local/lib/python3.7/site-packages/airflow/example_dags/example_nested_branch_dag.py for tasks to queue
[2024-12-21T04:41:17.597+0000] {logging_mixin.py:120} INFO - [2024-12-21T04:41:17.597+0000] {dagbag.py:537} INFO - Filling up the DagBag from /home/airflow/.local/lib/python3.7/site-packages/airflow/example_dags/example_nested_branch_dag.py
[2024-12-21T04:41:17.621+0000] {processor.py:766} INFO - DAG(s) dict_keys(['example_nested_branch_dag']) retrieved from /home/airflow/.local/lib/python3.7/site-packages/airflow/example_dags/example_nested_branch_dag.py
[2024-12-21T04:41:17.659+0000] {logging_mixin.py:120} INFO - [2024-12-21T04:41:17.659+0000] {dag.py:2585} INFO - Sync 1 DAGs
[2024-12-21T04:41:17.701+0000] {logging_mixin.py:120} INFO - [2024-12-21T04:41:17.700+0000] {dag.py:3340} INFO - Setting next_dagrun for example_nested_branch_dag to 2024-12-20T00:00:00+00:00, run_after=2024-12-21T00:00:00+00:00
[2024-12-21T04:41:17.724+0000] {processor.py:176} INFO - Processing /home/airflow/.local/lib/python3.7/site-packages/airflow/example_dags/example_nested_branch_dag.py took 0.133 seconds
[2024-12-21T04:41:47.893+0000] {processor.py:154} INFO - Started process (PID=554) to work on /home/airflow/.local/lib/python3.7/site-packages/airflow/example_dags/example_nested_branch_dag.py
[2024-12-21T04:41:47.894+0000] {processor.py:756} INFO - Processing file /home/airflow/.local/lib/python3.7/site-packages/airflow/example_dags/example_nested_branch_dag.py for tasks to queue
[2024-12-21T04:41:47.895+0000] {logging_mixin.py:120} INFO - [2024-12-21T04:41:47.895+0000] {dagbag.py:537} INFO - Filling up the DagBag from /home/airflow/.local/lib/python3.7/site-packages/airflow/example_dags/example_nested_branch_dag.py
[2024-12-21T04:41:47.921+0000] {processor.py:766} INFO - DAG(s) dict_keys(['example_nested_branch_dag']) retrieved from /home/airflow/.local/lib/python3.7/site-packages/airflow/example_dags/example_nested_branch_dag.py
[2024-12-21T04:41:47.963+0000] {logging_mixin.py:120} INFO - [2024-12-21T04:41:47.962+0000] {dag.py:2585} INFO - Sync 1 DAGs
[2024-12-21T04:41:47.989+0000] {logging_mixin.py:120} INFO - [2024-12-21T04:41:47.989+0000] {dag.py:3340} INFO - Setting next_dagrun for example_nested_branch_dag to 2024-12-20T00:00:00+00:00, run_after=2024-12-21T00:00:00+00:00
[2024-12-21T04:41:48.007+0000] {processor.py:176} INFO - Processing /home/airflow/.local/lib/python3.7/site-packages/airflow/example_dags/example_nested_branch_dag.py took 0.121 seconds
[2024-12-21T04:42:18.437+0000] {processor.py:154} INFO - Started process (PID=617) to work on /home/airflow/.local/lib/python3.7/site-packages/airflow/example_dags/example_nested_branch_dag.py
[2024-12-21T04:42:18.438+0000] {processor.py:756} INFO - Processing file /home/airflow/.local/lib/python3.7/site-packages/airflow/example_dags/example_nested_branch_dag.py for tasks to queue
[2024-12-21T04:42:18.439+0000] {logging_mixin.py:120} INFO - [2024-12-21T04:42:18.439+0000] {dagbag.py:537} INFO - Filling up the DagBag from /home/airflow/.local/lib/python3.7/site-packages/airflow/example_dags/example_nested_branch_dag.py
[2024-12-21T04:42:18.475+0000] {processor.py:766} INFO - DAG(s) dict_keys(['example_nested_branch_dag']) retrieved from /home/airflow/.local/lib/python3.7/site-packages/airflow/example_dags/example_nested_branch_dag.py
[2024-12-21T04:42:18.519+0000] {logging_mixin.py:120} INFO - [2024-12-21T04:42:18.519+0000] {dag.py:2585} INFO - Sync 1 DAGs
[2024-12-21T04:42:18.543+0000] {logging_mixin.py:120} INFO - [2024-12-21T04:42:18.543+0000] {dag.py:3340} INFO - Setting next_dagrun for example_nested_branch_dag to 2024-12-20T00:00:00+00:00, run_after=2024-12-21T00:00:00+00:00
[2024-12-21T04:42:18.568+0000] {processor.py:176} INFO - Processing /home/airflow/.local/lib/python3.7/site-packages/airflow/example_dags/example_nested_branch_dag.py took 0.137 seconds
[2024-12-21T04:42:49.089+0000] {processor.py:154} INFO - Started process (PID=671) to work on /home/airflow/.local/lib/python3.7/site-packages/airflow/example_dags/example_nested_branch_dag.py
[2024-12-21T04:42:49.090+0000] {processor.py:756} INFO - Processing file /home/airflow/.local/lib/python3.7/site-packages/airflow/example_dags/example_nested_branch_dag.py for tasks to queue
[2024-12-21T04:42:49.091+0000] {logging_mixin.py:120} INFO - [2024-12-21T04:42:49.091+0000] {dagbag.py:537} INFO - Filling up the DagBag from /home/airflow/.local/lib/python3.7/site-packages/airflow/example_dags/example_nested_branch_dag.py
[2024-12-21T04:42:49.115+0000] {processor.py:766} INFO - DAG(s) dict_keys(['example_nested_branch_dag']) retrieved from /home/airflow/.local/lib/python3.7/site-packages/airflow/example_dags/example_nested_branch_dag.py
[2024-12-21T04:42:49.150+0000] {logging_mixin.py:120} INFO - [2024-12-21T04:42:49.150+0000] {dag.py:2585} INFO - Sync 1 DAGs
[2024-12-21T04:42:49.172+0000] {logging_mixin.py:120} INFO - [2024-12-21T04:42:49.172+0000] {dag.py:3340} INFO - Setting next_dagrun for example_nested_branch_dag to 2024-12-20T00:00:00+00:00, run_after=2024-12-21T00:00:00+00:00
[2024-12-21T04:42:49.188+0000] {processor.py:176} INFO - Processing /home/airflow/.local/lib/python3.7/site-packages/airflow/example_dags/example_nested_branch_dag.py took 0.104 seconds
[2024-12-21T04:43:19.628+0000] {processor.py:154} INFO - Started process (PID=734) to work on /home/airflow/.local/lib/python3.7/site-packages/airflow/example_dags/example_nested_branch_dag.py
[2024-12-21T04:43:19.629+0000] {processor.py:756} INFO - Processing file /home/airflow/.local/lib/python3.7/site-packages/airflow/example_dags/example_nested_branch_dag.py for tasks to queue
[2024-12-21T04:43:19.630+0000] {logging_mixin.py:120} INFO - [2024-12-21T04:43:19.630+0000] {dagbag.py:537} INFO - Filling up the DagBag from /home/airflow/.local/lib/python3.7/site-packages/airflow/example_dags/example_nested_branch_dag.py
[2024-12-21T04:43:19.659+0000] {processor.py:766} INFO - DAG(s) dict_keys(['example_nested_branch_dag']) retrieved from /home/airflow/.local/lib/python3.7/site-packages/airflow/example_dags/example_nested_branch_dag.py
[2024-12-21T04:43:19.704+0000] {logging_mixin.py:120} INFO - [2024-12-21T04:43:19.704+0000] {dag.py:2585} INFO - Sync 1 DAGs
[2024-12-21T04:43:19.729+0000] {logging_mixin.py:120} INFO - [2024-12-21T04:43:19.728+0000] {dag.py:3340} INFO - Setting next_dagrun for example_nested_branch_dag to 2024-12-20T00:00:00+00:00, run_after=2024-12-21T00:00:00+00:00
[2024-12-21T04:43:19.745+0000] {processor.py:176} INFO - Processing /home/airflow/.local/lib/python3.7/site-packages/airflow/example_dags/example_nested_branch_dag.py took 0.123 seconds
[2024-12-21T04:43:50.392+0000] {processor.py:154} INFO - Started process (PID=797) to work on /home/airflow/.local/lib/python3.7/site-packages/airflow/example_dags/example_nested_branch_dag.py
[2024-12-21T04:43:50.393+0000] {processor.py:756} INFO - Processing file /home/airflow/.local/lib/python3.7/site-packages/airflow/example_dags/example_nested_branch_dag.py for tasks to queue
[2024-12-21T04:43:50.394+0000] {logging_mixin.py:120} INFO - [2024-12-21T04:43:50.394+0000] {dagbag.py:537} INFO - Filling up the DagBag from /home/airflow/.local/lib/python3.7/site-packages/airflow/example_dags/example_nested_branch_dag.py
[2024-12-21T04:43:50.419+0000] {processor.py:766} INFO - DAG(s) dict_keys(['example_nested_branch_dag']) retrieved from /home/airflow/.local/lib/python3.7/site-packages/airflow/example_dags/example_nested_branch_dag.py
[2024-12-21T04:43:50.452+0000] {logging_mixin.py:120} INFO - [2024-12-21T04:43:50.452+0000] {dag.py:2585} INFO - Sync 1 DAGs
[2024-12-21T04:43:50.473+0000] {logging_mixin.py:120} INFO - [2024-12-21T04:43:50.473+0000] {dag.py:3340} INFO - Setting next_dagrun for example_nested_branch_dag to 2024-12-20T00:00:00+00:00, run_after=2024-12-21T00:00:00+00:00
[2024-12-21T04:43:50.487+0000] {processor.py:176} INFO - Processing /home/airflow/.local/lib/python3.7/site-packages/airflow/example_dags/example_nested_branch_dag.py took 0.100 seconds
[2024-12-21T04:44:21.163+0000] {processor.py:154} INFO - Started process (PID=860) to work on /home/airflow/.local/lib/python3.7/site-packages/airflow/example_dags/example_nested_branch_dag.py
[2024-12-21T04:44:21.164+0000] {processor.py:756} INFO - Processing file /home/airflow/.local/lib/python3.7/site-packages/airflow/example_dags/example_nested_branch_dag.py for tasks to queue
[2024-12-21T04:44:21.165+0000] {logging_mixin.py:120} INFO - [2024-12-21T04:44:21.165+0000] {dagbag.py:537} INFO - Filling up the DagBag from /home/airflow/.local/lib/python3.7/site-packages/airflow/example_dags/example_nested_branch_dag.py
[2024-12-21T04:44:21.188+0000] {processor.py:766} INFO - DAG(s) dict_keys(['example_nested_branch_dag']) retrieved from /home/airflow/.local/lib/python3.7/site-packages/airflow/example_dags/example_nested_branch_dag.py
[2024-12-21T04:44:21.218+0000] {logging_mixin.py:120} INFO - [2024-12-21T04:44:21.218+0000] {dag.py:2585} INFO - Sync 1 DAGs
[2024-12-21T04:44:21.238+0000] {logging_mixin.py:120} INFO - [2024-12-21T04:44:21.238+0000] {dag.py:3340} INFO - Setting next_dagrun for example_nested_branch_dag to 2024-12-20T00:00:00+00:00, run_after=2024-12-21T00:00:00+00:00
[2024-12-21T04:44:21.251+0000] {processor.py:176} INFO - Processing /home/airflow/.local/lib/python3.7/site-packages/airflow/example_dags/example_nested_branch_dag.py took 0.091 seconds
[2024-12-21T04:44:51.768+0000] {processor.py:154} INFO - Started process (PID=914) to work on /home/airflow/.local/lib/python3.7/site-packages/airflow/example_dags/example_nested_branch_dag.py
[2024-12-21T04:44:51.771+0000] {processor.py:756} INFO - Processing file /home/airflow/.local/lib/python3.7/site-packages/airflow/example_dags/example_nested_branch_dag.py for tasks to queue
[2024-12-21T04:44:51.772+0000] {logging_mixin.py:120} INFO - [2024-12-21T04:44:51.772+0000] {dagbag.py:537} INFO - Filling up the DagBag from /home/airflow/.local/lib/python3.7/site-packages/airflow/example_dags/example_nested_branch_dag.py
[2024-12-21T04:44:51.824+0000] {processor.py:766} INFO - DAG(s) dict_keys(['example_nested_branch_dag']) retrieved from /home/airflow/.local/lib/python3.7/site-packages/airflow/example_dags/example_nested_branch_dag.py
[2024-12-21T04:44:51.897+0000] {logging_mixin.py:120} INFO - [2024-12-21T04:44:51.897+0000] {dag.py:2585} INFO - Sync 1 DAGs
[2024-12-21T04:44:51.927+0000] {logging_mixin.py:120} INFO - [2024-12-21T04:44:51.927+0000] {dag.py:3340} INFO - Setting next_dagrun for example_nested_branch_dag to 2024-12-20T00:00:00+00:00, run_after=2024-12-21T00:00:00+00:00
[2024-12-21T04:44:51.953+0000] {processor.py:176} INFO - Processing /home/airflow/.local/lib/python3.7/site-packages/airflow/example_dags/example_nested_branch_dag.py took 0.208 seconds
[2024-12-21T04:45:22.270+0000] {processor.py:154} INFO - Started process (PID=977) to work on /home/airflow/.local/lib/python3.7/site-packages/airflow/example_dags/example_nested_branch_dag.py
[2024-12-21T04:45:22.271+0000] {processor.py:756} INFO - Processing file /home/airflow/.local/lib/python3.7/site-packages/airflow/example_dags/example_nested_branch_dag.py for tasks to queue
[2024-12-21T04:45:22.272+0000] {logging_mixin.py:120} INFO - [2024-12-21T04:45:22.272+0000] {dagbag.py:537} INFO - Filling up the DagBag from /home/airflow/.local/lib/python3.7/site-packages/airflow/example_dags/example_nested_branch_dag.py
[2024-12-21T04:45:22.301+0000] {processor.py:766} INFO - DAG(s) dict_keys(['example_nested_branch_dag']) retrieved from /home/airflow/.local/lib/python3.7/site-packages/airflow/example_dags/example_nested_branch_dag.py
[2024-12-21T04:45:22.365+0000] {logging_mixin.py:120} INFO - [2024-12-21T04:45:22.365+0000] {dag.py:2585} INFO - Sync 1 DAGs
[2024-12-21T04:45:22.392+0000] {logging_mixin.py:120} INFO - [2024-12-21T04:45:22.392+0000] {dag.py:3340} INFO - Setting next_dagrun for example_nested_branch_dag to 2024-12-20T00:00:00+00:00, run_after=2024-12-21T00:00:00+00:00
[2024-12-21T04:45:22.412+0000] {processor.py:176} INFO - Processing /home/airflow/.local/lib/python3.7/site-packages/airflow/example_dags/example_nested_branch_dag.py took 0.148 seconds
[2024-12-21T04:45:52.678+0000] {processor.py:154} INFO - Started process (PID=1031) to work on /home/airflow/.local/lib/python3.7/site-packages/airflow/example_dags/example_nested_branch_dag.py
[2024-12-21T04:45:52.679+0000] {processor.py:756} INFO - Processing file /home/airflow/.local/lib/python3.7/site-packages/airflow/example_dags/example_nested_branch_dag.py for tasks to queue
[2024-12-21T04:45:52.680+0000] {logging_mixin.py:120} INFO - [2024-12-21T04:45:52.680+0000] {dagbag.py:537} INFO - Filling up the DagBag from /home/airflow/.local/lib/python3.7/site-packages/airflow/example_dags/example_nested_branch_dag.py
[2024-12-21T04:45:52.707+0000] {processor.py:766} INFO - DAG(s) dict_keys(['example_nested_branch_dag']) retrieved from /home/airflow/.local/lib/python3.7/site-packages/airflow/example_dags/example_nested_branch_dag.py
[2024-12-21T04:45:52.743+0000] {logging_mixin.py:120} INFO - [2024-12-21T04:45:52.743+0000] {dag.py:2585} INFO - Sync 1 DAGs
[2024-12-21T04:45:52.763+0000] {logging_mixin.py:120} INFO - [2024-12-21T04:45:52.762+0000] {dag.py:3340} INFO - Setting next_dagrun for example_nested_branch_dag to 2024-12-20T00:00:00+00:00, run_after=2024-12-21T00:00:00+00:00
[2024-12-21T04:45:52.777+0000] {processor.py:176} INFO - Processing /home/airflow/.local/lib/python3.7/site-packages/airflow/example_dags/example_nested_branch_dag.py took 0.103 seconds
[2024-12-21T04:46:23.513+0000] {processor.py:154} INFO - Started process (PID=1094) to work on /home/airflow/.local/lib/python3.7/site-packages/airflow/example_dags/example_nested_branch_dag.py
[2024-12-21T04:46:23.515+0000] {processor.py:756} INFO - Processing file /home/airflow/.local/lib/python3.7/site-packages/airflow/example_dags/example_nested_branch_dag.py for tasks to queue
[2024-12-21T04:46:23.516+0000] {logging_mixin.py:120} INFO - [2024-12-21T04:46:23.516+0000] {dagbag.py:537} INFO - Filling up the DagBag from /home/airflow/.local/lib/python3.7/site-packages/airflow/example_dags/example_nested_branch_dag.py
[2024-12-21T04:46:23.543+0000] {processor.py:766} INFO - DAG(s) dict_keys(['example_nested_branch_dag']) retrieved from /home/airflow/.local/lib/python3.7/site-packages/airflow/example_dags/example_nested_branch_dag.py
[2024-12-21T04:46:23.581+0000] {logging_mixin.py:120} INFO - [2024-12-21T04:46:23.580+0000] {dag.py:2585} INFO - Sync 1 DAGs
[2024-12-21T04:46:23.603+0000] {logging_mixin.py:120} INFO - [2024-12-21T04:46:23.603+0000] {dag.py:3340} INFO - Setting next_dagrun for example_nested_branch_dag to 2024-12-20T00:00:00+00:00, run_after=2024-12-21T00:00:00+00:00
[2024-12-21T04:46:23.617+0000] {processor.py:176} INFO - Processing /home/airflow/.local/lib/python3.7/site-packages/airflow/example_dags/example_nested_branch_dag.py took 0.110 seconds
[2024-12-21T04:46:54.223+0000] {processor.py:154} INFO - Started process (PID=1157) to work on /home/airflow/.local/lib/python3.7/site-packages/airflow/example_dags/example_nested_branch_dag.py
[2024-12-21T04:46:54.224+0000] {processor.py:756} INFO - Processing file /home/airflow/.local/lib/python3.7/site-packages/airflow/example_dags/example_nested_branch_dag.py for tasks to queue
[2024-12-21T04:46:54.224+0000] {logging_mixin.py:120} INFO - [2024-12-21T04:46:54.224+0000] {dagbag.py:537} INFO - Filling up the DagBag from /home/airflow/.local/lib/python3.7/site-packages/airflow/example_dags/example_nested_branch_dag.py
[2024-12-21T04:46:54.245+0000] {processor.py:766} INFO - DAG(s) dict_keys(['example_nested_branch_dag']) retrieved from /home/airflow/.local/lib/python3.7/site-packages/airflow/example_dags/example_nested_branch_dag.py
[2024-12-21T04:46:54.277+0000] {logging_mixin.py:120} INFO - [2024-12-21T04:46:54.277+0000] {dag.py:2585} INFO - Sync 1 DAGs
[2024-12-21T04:46:54.299+0000] {logging_mixin.py:120} INFO - [2024-12-21T04:46:54.299+0000] {dag.py:3340} INFO - Setting next_dagrun for example_nested_branch_dag to 2024-12-20T00:00:00+00:00, run_after=2024-12-21T00:00:00+00:00
[2024-12-21T04:46:54.313+0000] {processor.py:176} INFO - Processing /home/airflow/.local/lib/python3.7/site-packages/airflow/example_dags/example_nested_branch_dag.py took 0.093 seconds
[2024-12-21T04:47:24.675+0000] {processor.py:154} INFO - Started process (PID=1220) to work on /home/airflow/.local/lib/python3.7/site-packages/airflow/example_dags/example_nested_branch_dag.py
[2024-12-21T04:47:24.678+0000] {processor.py:756} INFO - Processing file /home/airflow/.local/lib/python3.7/site-packages/airflow/example_dags/example_nested_branch_dag.py for tasks to queue
[2024-12-21T04:47:24.680+0000] {logging_mixin.py:120} INFO - [2024-12-21T04:47:24.680+0000] {dagbag.py:537} INFO - Filling up the DagBag from /home/airflow/.local/lib/python3.7/site-packages/airflow/example_dags/example_nested_branch_dag.py
[2024-12-21T04:47:24.724+0000] {processor.py:766} INFO - DAG(s) dict_keys(['example_nested_branch_dag']) retrieved from /home/airflow/.local/lib/python3.7/site-packages/airflow/example_dags/example_nested_branch_dag.py
[2024-12-21T04:47:24.787+0000] {logging_mixin.py:120} INFO - [2024-12-21T04:47:24.787+0000] {dag.py:2585} INFO - Sync 1 DAGs
[2024-12-21T04:47:24.807+0000] {logging_mixin.py:120} INFO - [2024-12-21T04:47:24.807+0000] {dag.py:3340} INFO - Setting next_dagrun for example_nested_branch_dag to 2024-12-20T00:00:00+00:00, run_after=2024-12-21T00:00:00+00:00
[2024-12-21T04:47:24.823+0000] {processor.py:176} INFO - Processing /home/airflow/.local/lib/python3.7/site-packages/airflow/example_dags/example_nested_branch_dag.py took 0.155 seconds
[2024-12-21T04:47:55.391+0000] {processor.py:154} INFO - Started process (PID=1274) to work on /home/airflow/.local/lib/python3.7/site-packages/airflow/example_dags/example_nested_branch_dag.py
[2024-12-21T04:47:55.392+0000] {processor.py:756} INFO - Processing file /home/airflow/.local/lib/python3.7/site-packages/airflow/example_dags/example_nested_branch_dag.py for tasks to queue
[2024-12-21T04:47:55.394+0000] {logging_mixin.py:120} INFO - [2024-12-21T04:47:55.394+0000] {dagbag.py:537} INFO - Filling up the DagBag from /home/airflow/.local/lib/python3.7/site-packages/airflow/example_dags/example_nested_branch_dag.py
[2024-12-21T04:47:55.419+0000] {processor.py:766} INFO - DAG(s) dict_keys(['example_nested_branch_dag']) retrieved from /home/airflow/.local/lib/python3.7/site-packages/airflow/example_dags/example_nested_branch_dag.py
[2024-12-21T04:47:55.460+0000] {logging_mixin.py:120} INFO - [2024-12-21T04:47:55.460+0000] {dag.py:2585} INFO - Sync 1 DAGs
[2024-12-21T04:47:55.484+0000] {logging_mixin.py:120} INFO - [2024-12-21T04:47:55.484+0000] {dag.py:3340} INFO - Setting next_dagrun for example_nested_branch_dag to 2024-12-20T00:00:00+00:00, run_after=2024-12-21T00:00:00+00:00
[2024-12-21T04:47:55.501+0000] {processor.py:176} INFO - Processing /home/airflow/.local/lib/python3.7/site-packages/airflow/example_dags/example_nested_branch_dag.py took 0.118 seconds
[2024-12-21T04:48:25.747+0000] {processor.py:154} INFO - Started process (PID=1337) to work on /home/airflow/.local/lib/python3.7/site-packages/airflow/example_dags/example_nested_branch_dag.py
[2024-12-21T04:48:25.748+0000] {processor.py:756} INFO - Processing file /home/airflow/.local/lib/python3.7/site-packages/airflow/example_dags/example_nested_branch_dag.py for tasks to queue
[2024-12-21T04:48:25.749+0000] {logging_mixin.py:120} INFO - [2024-12-21T04:48:25.748+0000] {dagbag.py:537} INFO - Filling up the DagBag from /home/airflow/.local/lib/python3.7/site-packages/airflow/example_dags/example_nested_branch_dag.py
[2024-12-21T04:48:25.775+0000] {processor.py:766} INFO - DAG(s) dict_keys(['example_nested_branch_dag']) retrieved from /home/airflow/.local/lib/python3.7/site-packages/airflow/example_dags/example_nested_branch_dag.py
[2024-12-21T04:48:25.813+0000] {logging_mixin.py:120} INFO - [2024-12-21T04:48:25.813+0000] {dag.py:2585} INFO - Sync 1 DAGs
[2024-12-21T04:48:25.834+0000] {logging_mixin.py:120} INFO - [2024-12-21T04:48:25.834+0000] {dag.py:3340} INFO - Setting next_dagrun for example_nested_branch_dag to 2024-12-20T00:00:00+00:00, run_after=2024-12-21T00:00:00+00:00
[2024-12-21T04:48:25.851+0000] {processor.py:176} INFO - Processing /home/airflow/.local/lib/python3.7/site-packages/airflow/example_dags/example_nested_branch_dag.py took 0.111 seconds
[2024-12-21T04:48:56.657+0000] {processor.py:154} INFO - Started process (PID=1400) to work on /home/airflow/.local/lib/python3.7/site-packages/airflow/example_dags/example_nested_branch_dag.py
[2024-12-21T04:48:56.658+0000] {processor.py:756} INFO - Processing file /home/airflow/.local/lib/python3.7/site-packages/airflow/example_dags/example_nested_branch_dag.py for tasks to queue
[2024-12-21T04:48:56.659+0000] {logging_mixin.py:120} INFO - [2024-12-21T04:48:56.659+0000] {dagbag.py:537} INFO - Filling up the DagBag from /home/airflow/.local/lib/python3.7/site-packages/airflow/example_dags/example_nested_branch_dag.py
[2024-12-21T04:48:56.690+0000] {processor.py:766} INFO - DAG(s) dict_keys(['example_nested_branch_dag']) retrieved from /home/airflow/.local/lib/python3.7/site-packages/airflow/example_dags/example_nested_branch_dag.py
[2024-12-21T04:48:56.743+0000] {logging_mixin.py:120} INFO - [2024-12-21T04:48:56.743+0000] {dag.py:2585} INFO - Sync 1 DAGs
[2024-12-21T04:48:56.769+0000] {logging_mixin.py:120} INFO - [2024-12-21T04:48:56.769+0000] {dag.py:3340} INFO - Setting next_dagrun for example_nested_branch_dag to 2024-12-20T00:00:00+00:00, run_after=2024-12-21T00:00:00+00:00
[2024-12-21T04:48:56.792+0000] {processor.py:176} INFO - Processing /home/airflow/.local/lib/python3.7/site-packages/airflow/example_dags/example_nested_branch_dag.py took 0.143 seconds
[2024-12-21T04:49:26.881+0000] {processor.py:154} INFO - Started process (PID=1454) to work on /home/airflow/.local/lib/python3.7/site-packages/airflow/example_dags/example_nested_branch_dag.py
[2024-12-21T04:49:26.884+0000] {processor.py:756} INFO - Processing file /home/airflow/.local/lib/python3.7/site-packages/airflow/example_dags/example_nested_branch_dag.py for tasks to queue
[2024-12-21T04:49:26.888+0000] {logging_mixin.py:120} INFO - [2024-12-21T04:49:26.887+0000] {dagbag.py:537} INFO - Filling up the DagBag from /home/airflow/.local/lib/python3.7/site-packages/airflow/example_dags/example_nested_branch_dag.py
[2024-12-21T04:49:26.955+0000] {processor.py:766} INFO - DAG(s) dict_keys(['example_nested_branch_dag']) retrieved from /home/airflow/.local/lib/python3.7/site-packages/airflow/example_dags/example_nested_branch_dag.py
[2024-12-21T04:49:27.077+0000] {logging_mixin.py:120} INFO - [2024-12-21T04:49:27.076+0000] {dag.py:2585} INFO - Sync 1 DAGs
[2024-12-21T04:49:27.125+0000] {logging_mixin.py:120} INFO - [2024-12-21T04:49:27.125+0000] {dag.py:3340} INFO - Setting next_dagrun for example_nested_branch_dag to 2024-12-20T00:00:00+00:00, run_after=2024-12-21T00:00:00+00:00
[2024-12-21T04:49:27.154+0000] {processor.py:176} INFO - Processing /home/airflow/.local/lib/python3.7/site-packages/airflow/example_dags/example_nested_branch_dag.py took 0.289 seconds
