[2024-12-21T04:37:42.401+0000] {processor.py:154} INFO - Started process (PID=79) to work on /home/airflow/.local/lib/python3.7/site-packages/airflow/example_dags/example_task_group_decorator.py
[2024-12-21T04:37:42.403+0000] {processor.py:756} INFO - Processing file /home/airflow/.local/lib/python3.7/site-packages/airflow/example_dags/example_task_group_decorator.py for tasks to queue
[2024-12-21T04:37:42.405+0000] {logging_mixin.py:120} INFO - [2024-12-21T04:37:42.404+0000] {dagbag.py:537} INFO - Filling up the DagBag from /home/airflow/.local/lib/python3.7/site-packages/airflow/example_dags/example_task_group_decorator.py
[2024-12-21T04:37:42.471+0000] {processor.py:766} INFO - DAG(s) dict_keys(['example_task_group_decorator']) retrieved from /home/airflow/.local/lib/python3.7/site-packages/airflow/example_dags/example_task_group_decorator.py
[2024-12-21T04:37:42.800+0000] {logging_mixin.py:120} INFO - [2024-12-21T04:37:42.800+0000] {manager.py:507} INFO - Created Permission View: can delete on DAG:example_task_group_decorator
[2024-12-21T04:37:42.828+0000] {logging_mixin.py:120} INFO - [2024-12-21T04:37:42.827+0000] {manager.py:507} INFO - Created Permission View: can edit on DAG:example_task_group_decorator
[2024-12-21T04:37:42.855+0000] {logging_mixin.py:120} INFO - [2024-12-21T04:37:42.855+0000] {manager.py:507} INFO - Created Permission View: can read on DAG:example_task_group_decorator
[2024-12-21T04:37:42.857+0000] {logging_mixin.py:120} INFO - [2024-12-21T04:37:42.856+0000] {dag.py:2585} INFO - Sync 1 DAGs
[2024-12-21T04:37:42.900+0000] {logging_mixin.py:120} INFO - [2024-12-21T04:37:42.899+0000] {dag.py:2606} INFO - Creating ORM DAG for example_task_group_decorator
[2024-12-21T04:37:42.935+0000] {logging_mixin.py:120} INFO - [2024-12-21T04:37:42.934+0000] {dag.py:3340} INFO - Setting next_dagrun for example_task_group_decorator to 2024-12-20T04:37:42.933923+00:00, run_after=2024-12-21T04:37:42.933923+00:00
[2024-12-21T04:37:43.011+0000] {processor.py:176} INFO - Processing /home/airflow/.local/lib/python3.7/site-packages/airflow/example_dags/example_task_group_decorator.py took 0.619 seconds
[2024-12-21T04:38:13.607+0000] {processor.py:154} INFO - Started process (PID=133) to work on /home/airflow/.local/lib/python3.7/site-packages/airflow/example_dags/example_task_group_decorator.py
[2024-12-21T04:38:13.608+0000] {processor.py:756} INFO - Processing file /home/airflow/.local/lib/python3.7/site-packages/airflow/example_dags/example_task_group_decorator.py for tasks to queue
[2024-12-21T04:38:13.609+0000] {logging_mixin.py:120} INFO - [2024-12-21T04:38:13.609+0000] {dagbag.py:537} INFO - Filling up the DagBag from /home/airflow/.local/lib/python3.7/site-packages/airflow/example_dags/example_task_group_decorator.py
[2024-12-21T04:38:13.635+0000] {processor.py:766} INFO - DAG(s) dict_keys(['example_task_group_decorator']) retrieved from /home/airflow/.local/lib/python3.7/site-packages/airflow/example_dags/example_task_group_decorator.py
[2024-12-21T04:38:13.668+0000] {logging_mixin.py:120} INFO - [2024-12-21T04:38:13.668+0000] {dag.py:2585} INFO - Sync 1 DAGs
[2024-12-21T04:38:13.688+0000] {logging_mixin.py:120} INFO - [2024-12-21T04:38:13.688+0000] {dag.py:3340} INFO - Setting next_dagrun for example_task_group_decorator to 2024-12-20T04:38:13.687870+00:00, run_after=2024-12-21T04:38:13.687870+00:00
[2024-12-21T04:38:13.720+0000] {processor.py:176} INFO - Processing /home/airflow/.local/lib/python3.7/site-packages/airflow/example_dags/example_task_group_decorator.py took 0.117 seconds
[2024-12-21T04:38:44.135+0000] {processor.py:154} INFO - Started process (PID=197) to work on /home/airflow/.local/lib/python3.7/site-packages/airflow/example_dags/example_task_group_decorator.py
[2024-12-21T04:38:44.136+0000] {processor.py:756} INFO - Processing file /home/airflow/.local/lib/python3.7/site-packages/airflow/example_dags/example_task_group_decorator.py for tasks to queue
[2024-12-21T04:38:44.136+0000] {logging_mixin.py:120} INFO - [2024-12-21T04:38:44.136+0000] {dagbag.py:537} INFO - Filling up the DagBag from /home/airflow/.local/lib/python3.7/site-packages/airflow/example_dags/example_task_group_decorator.py
[2024-12-21T04:38:44.159+0000] {processor.py:766} INFO - DAG(s) dict_keys(['example_task_group_decorator']) retrieved from /home/airflow/.local/lib/python3.7/site-packages/airflow/example_dags/example_task_group_decorator.py
[2024-12-21T04:38:44.193+0000] {logging_mixin.py:120} INFO - [2024-12-21T04:38:44.193+0000] {dag.py:2585} INFO - Sync 1 DAGs
[2024-12-21T04:38:44.218+0000] {logging_mixin.py:120} INFO - [2024-12-21T04:38:44.218+0000] {dag.py:3340} INFO - Setting next_dagrun for example_task_group_decorator to 2024-12-20T04:38:44.218336+00:00, run_after=2024-12-21T04:38:44.218336+00:00
[2024-12-21T04:38:44.232+0000] {processor.py:176} INFO - Processing /home/airflow/.local/lib/python3.7/site-packages/airflow/example_dags/example_task_group_decorator.py took 0.099 seconds
[2024-12-21T04:39:14.683+0000] {processor.py:154} INFO - Started process (PID=260) to work on /home/airflow/.local/lib/python3.7/site-packages/airflow/example_dags/example_task_group_decorator.py
[2024-12-21T04:39:14.683+0000] {processor.py:756} INFO - Processing file /home/airflow/.local/lib/python3.7/site-packages/airflow/example_dags/example_task_group_decorator.py for tasks to queue
[2024-12-21T04:39:14.684+0000] {logging_mixin.py:120} INFO - [2024-12-21T04:39:14.684+0000] {dagbag.py:537} INFO - Filling up the DagBag from /home/airflow/.local/lib/python3.7/site-packages/airflow/example_dags/example_task_group_decorator.py
[2024-12-21T04:39:14.705+0000] {processor.py:766} INFO - DAG(s) dict_keys(['example_task_group_decorator']) retrieved from /home/airflow/.local/lib/python3.7/site-packages/airflow/example_dags/example_task_group_decorator.py
[2024-12-21T04:39:14.741+0000] {logging_mixin.py:120} INFO - [2024-12-21T04:39:14.741+0000] {dag.py:2585} INFO - Sync 1 DAGs
[2024-12-21T04:39:14.763+0000] {logging_mixin.py:120} INFO - [2024-12-21T04:39:14.762+0000] {dag.py:3340} INFO - Setting next_dagrun for example_task_group_decorator to 2024-12-20T04:39:14.762717+00:00, run_after=2024-12-21T04:39:14.762717+00:00
[2024-12-21T04:39:14.780+0000] {processor.py:176} INFO - Processing /home/airflow/.local/lib/python3.7/site-packages/airflow/example_dags/example_task_group_decorator.py took 0.100 seconds
[2024-12-21T04:39:44.965+0000] {processor.py:154} INFO - Started process (PID=314) to work on /home/airflow/.local/lib/python3.7/site-packages/airflow/example_dags/example_task_group_decorator.py
[2024-12-21T04:39:44.966+0000] {processor.py:756} INFO - Processing file /home/airflow/.local/lib/python3.7/site-packages/airflow/example_dags/example_task_group_decorator.py for tasks to queue
[2024-12-21T04:39:44.969+0000] {logging_mixin.py:120} INFO - [2024-12-21T04:39:44.969+0000] {dagbag.py:537} INFO - Filling up the DagBag from /home/airflow/.local/lib/python3.7/site-packages/airflow/example_dags/example_task_group_decorator.py
[2024-12-21T04:39:44.991+0000] {processor.py:766} INFO - DAG(s) dict_keys(['example_task_group_decorator']) retrieved from /home/airflow/.local/lib/python3.7/site-packages/airflow/example_dags/example_task_group_decorator.py
[2024-12-21T04:39:45.028+0000] {logging_mixin.py:120} INFO - [2024-12-21T04:39:45.028+0000] {dag.py:2585} INFO - Sync 1 DAGs
[2024-12-21T04:39:45.051+0000] {logging_mixin.py:120} INFO - [2024-12-21T04:39:45.051+0000] {dag.py:3340} INFO - Setting next_dagrun for example_task_group_decorator to 2024-12-20T04:39:45.051037+00:00, run_after=2024-12-21T04:39:45.051037+00:00
[2024-12-21T04:39:45.064+0000] {processor.py:176} INFO - Processing /home/airflow/.local/lib/python3.7/site-packages/airflow/example_dags/example_task_group_decorator.py took 0.102 seconds
[2024-12-21T04:40:15.892+0000] {processor.py:154} INFO - Started process (PID=377) to work on /home/airflow/.local/lib/python3.7/site-packages/airflow/example_dags/example_task_group_decorator.py
[2024-12-21T04:40:15.892+0000] {processor.py:756} INFO - Processing file /home/airflow/.local/lib/python3.7/site-packages/airflow/example_dags/example_task_group_decorator.py for tasks to queue
[2024-12-21T04:40:15.893+0000] {logging_mixin.py:120} INFO - [2024-12-21T04:40:15.893+0000] {dagbag.py:537} INFO - Filling up the DagBag from /home/airflow/.local/lib/python3.7/site-packages/airflow/example_dags/example_task_group_decorator.py
[2024-12-21T04:40:15.915+0000] {processor.py:766} INFO - DAG(s) dict_keys(['example_task_group_decorator']) retrieved from /home/airflow/.local/lib/python3.7/site-packages/airflow/example_dags/example_task_group_decorator.py
[2024-12-21T04:40:15.950+0000] {logging_mixin.py:120} INFO - [2024-12-21T04:40:15.950+0000] {dag.py:2585} INFO - Sync 1 DAGs
[2024-12-21T04:40:15.969+0000] {logging_mixin.py:120} INFO - [2024-12-21T04:40:15.969+0000] {dag.py:3340} INFO - Setting next_dagrun for example_task_group_decorator to 2024-12-20T04:40:15.969601+00:00, run_after=2024-12-21T04:40:15.969601+00:00
[2024-12-21T04:40:15.984+0000] {processor.py:176} INFO - Processing /home/airflow/.local/lib/python3.7/site-packages/airflow/example_dags/example_task_group_decorator.py took 0.094 seconds
[2024-12-21T04:40:47.202+0000] {processor.py:154} INFO - Started process (PID=440) to work on /home/airflow/.local/lib/python3.7/site-packages/airflow/example_dags/example_task_group_decorator.py
[2024-12-21T04:40:47.203+0000] {processor.py:756} INFO - Processing file /home/airflow/.local/lib/python3.7/site-packages/airflow/example_dags/example_task_group_decorator.py for tasks to queue
[2024-12-21T04:40:47.204+0000] {logging_mixin.py:120} INFO - [2024-12-21T04:40:47.204+0000] {dagbag.py:537} INFO - Filling up the DagBag from /home/airflow/.local/lib/python3.7/site-packages/airflow/example_dags/example_task_group_decorator.py
[2024-12-21T04:40:47.236+0000] {processor.py:766} INFO - DAG(s) dict_keys(['example_task_group_decorator']) retrieved from /home/airflow/.local/lib/python3.7/site-packages/airflow/example_dags/example_task_group_decorator.py
[2024-12-21T04:40:47.302+0000] {logging_mixin.py:120} INFO - [2024-12-21T04:40:47.302+0000] {dag.py:2585} INFO - Sync 1 DAGs
[2024-12-21T04:40:47.324+0000] {logging_mixin.py:120} INFO - [2024-12-21T04:40:47.323+0000] {dag.py:3340} INFO - Setting next_dagrun for example_task_group_decorator to 2024-12-20T04:40:47.323709+00:00, run_after=2024-12-21T04:40:47.323709+00:00
[2024-12-21T04:40:47.338+0000] {processor.py:176} INFO - Processing /home/airflow/.local/lib/python3.7/site-packages/airflow/example_dags/example_task_group_decorator.py took 0.139 seconds
[2024-12-21T04:41:17.755+0000] {processor.py:154} INFO - Started process (PID=494) to work on /home/airflow/.local/lib/python3.7/site-packages/airflow/example_dags/example_task_group_decorator.py
[2024-12-21T04:41:17.757+0000] {processor.py:756} INFO - Processing file /home/airflow/.local/lib/python3.7/site-packages/airflow/example_dags/example_task_group_decorator.py for tasks to queue
[2024-12-21T04:41:17.760+0000] {logging_mixin.py:120} INFO - [2024-12-21T04:41:17.759+0000] {dagbag.py:537} INFO - Filling up the DagBag from /home/airflow/.local/lib/python3.7/site-packages/airflow/example_dags/example_task_group_decorator.py
[2024-12-21T04:41:17.782+0000] {processor.py:766} INFO - DAG(s) dict_keys(['example_task_group_decorator']) retrieved from /home/airflow/.local/lib/python3.7/site-packages/airflow/example_dags/example_task_group_decorator.py
[2024-12-21T04:41:17.817+0000] {logging_mixin.py:120} INFO - [2024-12-21T04:41:17.817+0000] {dag.py:2585} INFO - Sync 1 DAGs
[2024-12-21T04:41:17.837+0000] {logging_mixin.py:120} INFO - [2024-12-21T04:41:17.837+0000] {dag.py:3340} INFO - Setting next_dagrun for example_task_group_decorator to 2024-12-20T04:41:17.837551+00:00, run_after=2024-12-21T04:41:17.837551+00:00
[2024-12-21T04:41:17.857+0000] {processor.py:176} INFO - Processing /home/airflow/.local/lib/python3.7/site-packages/airflow/example_dags/example_task_group_decorator.py took 0.104 seconds
[2024-12-21T04:41:48.030+0000] {processor.py:154} INFO - Started process (PID=557) to work on /home/airflow/.local/lib/python3.7/site-packages/airflow/example_dags/example_task_group_decorator.py
[2024-12-21T04:41:48.032+0000] {processor.py:756} INFO - Processing file /home/airflow/.local/lib/python3.7/site-packages/airflow/example_dags/example_task_group_decorator.py for tasks to queue
[2024-12-21T04:41:48.035+0000] {logging_mixin.py:120} INFO - [2024-12-21T04:41:48.034+0000] {dagbag.py:537} INFO - Filling up the DagBag from /home/airflow/.local/lib/python3.7/site-packages/airflow/example_dags/example_task_group_decorator.py
[2024-12-21T04:41:48.056+0000] {processor.py:766} INFO - DAG(s) dict_keys(['example_task_group_decorator']) retrieved from /home/airflow/.local/lib/python3.7/site-packages/airflow/example_dags/example_task_group_decorator.py
[2024-12-21T04:41:48.100+0000] {logging_mixin.py:120} INFO - [2024-12-21T04:41:48.100+0000] {dag.py:2585} INFO - Sync 1 DAGs
[2024-12-21T04:41:48.126+0000] {logging_mixin.py:120} INFO - [2024-12-21T04:41:48.125+0000] {dag.py:3340} INFO - Setting next_dagrun for example_task_group_decorator to 2024-12-20T04:41:48.125755+00:00, run_after=2024-12-21T04:41:48.125755+00:00
[2024-12-21T04:41:48.144+0000] {processor.py:176} INFO - Processing /home/airflow/.local/lib/python3.7/site-packages/airflow/example_dags/example_task_group_decorator.py took 0.116 seconds
[2024-12-21T04:42:18.663+0000] {processor.py:154} INFO - Started process (PID=620) to work on /home/airflow/.local/lib/python3.7/site-packages/airflow/example_dags/example_task_group_decorator.py
[2024-12-21T04:42:18.664+0000] {processor.py:756} INFO - Processing file /home/airflow/.local/lib/python3.7/site-packages/airflow/example_dags/example_task_group_decorator.py for tasks to queue
[2024-12-21T04:42:18.664+0000] {logging_mixin.py:120} INFO - [2024-12-21T04:42:18.664+0000] {dagbag.py:537} INFO - Filling up the DagBag from /home/airflow/.local/lib/python3.7/site-packages/airflow/example_dags/example_task_group_decorator.py
[2024-12-21T04:42:18.684+0000] {processor.py:766} INFO - DAG(s) dict_keys(['example_task_group_decorator']) retrieved from /home/airflow/.local/lib/python3.7/site-packages/airflow/example_dags/example_task_group_decorator.py
[2024-12-21T04:42:18.714+0000] {logging_mixin.py:120} INFO - [2024-12-21T04:42:18.714+0000] {dag.py:2585} INFO - Sync 1 DAGs
[2024-12-21T04:42:18.732+0000] {logging_mixin.py:120} INFO - [2024-12-21T04:42:18.732+0000] {dag.py:3340} INFO - Setting next_dagrun for example_task_group_decorator to 2024-12-20T04:42:18.732590+00:00, run_after=2024-12-21T04:42:18.732590+00:00
[2024-12-21T04:42:18.745+0000] {processor.py:176} INFO - Processing /home/airflow/.local/lib/python3.7/site-packages/airflow/example_dags/example_task_group_decorator.py took 0.084 seconds
[2024-12-21T04:42:49.286+0000] {processor.py:154} INFO - Started process (PID=674) to work on /home/airflow/.local/lib/python3.7/site-packages/airflow/example_dags/example_task_group_decorator.py
[2024-12-21T04:42:49.286+0000] {processor.py:756} INFO - Processing file /home/airflow/.local/lib/python3.7/site-packages/airflow/example_dags/example_task_group_decorator.py for tasks to queue
[2024-12-21T04:42:49.287+0000] {logging_mixin.py:120} INFO - [2024-12-21T04:42:49.287+0000] {dagbag.py:537} INFO - Filling up the DagBag from /home/airflow/.local/lib/python3.7/site-packages/airflow/example_dags/example_task_group_decorator.py
[2024-12-21T04:42:49.307+0000] {processor.py:766} INFO - DAG(s) dict_keys(['example_task_group_decorator']) retrieved from /home/airflow/.local/lib/python3.7/site-packages/airflow/example_dags/example_task_group_decorator.py
[2024-12-21T04:42:49.337+0000] {logging_mixin.py:120} INFO - [2024-12-21T04:42:49.336+0000] {dag.py:2585} INFO - Sync 1 DAGs
[2024-12-21T04:42:49.355+0000] {logging_mixin.py:120} INFO - [2024-12-21T04:42:49.354+0000] {dag.py:3340} INFO - Setting next_dagrun for example_task_group_decorator to 2024-12-20T04:42:49.354777+00:00, run_after=2024-12-21T04:42:49.354777+00:00
[2024-12-21T04:42:49.368+0000] {processor.py:176} INFO - Processing /home/airflow/.local/lib/python3.7/site-packages/airflow/example_dags/example_task_group_decorator.py took 0.084 seconds
[2024-12-21T04:43:19.843+0000] {processor.py:154} INFO - Started process (PID=737) to work on /home/airflow/.local/lib/python3.7/site-packages/airflow/example_dags/example_task_group_decorator.py
[2024-12-21T04:43:19.844+0000] {processor.py:756} INFO - Processing file /home/airflow/.local/lib/python3.7/site-packages/airflow/example_dags/example_task_group_decorator.py for tasks to queue
[2024-12-21T04:43:19.844+0000] {logging_mixin.py:120} INFO - [2024-12-21T04:43:19.844+0000] {dagbag.py:537} INFO - Filling up the DagBag from /home/airflow/.local/lib/python3.7/site-packages/airflow/example_dags/example_task_group_decorator.py
[2024-12-21T04:43:19.864+0000] {processor.py:766} INFO - DAG(s) dict_keys(['example_task_group_decorator']) retrieved from /home/airflow/.local/lib/python3.7/site-packages/airflow/example_dags/example_task_group_decorator.py
[2024-12-21T04:43:19.894+0000] {logging_mixin.py:120} INFO - [2024-12-21T04:43:19.894+0000] {dag.py:2585} INFO - Sync 1 DAGs
[2024-12-21T04:43:19.912+0000] {logging_mixin.py:120} INFO - [2024-12-21T04:43:19.911+0000] {dag.py:3340} INFO - Setting next_dagrun for example_task_group_decorator to 2024-12-20T04:43:19.911738+00:00, run_after=2024-12-21T04:43:19.911738+00:00
[2024-12-21T04:43:19.925+0000] {processor.py:176} INFO - Processing /home/airflow/.local/lib/python3.7/site-packages/airflow/example_dags/example_task_group_decorator.py took 0.084 seconds
[2024-12-21T04:43:50.597+0000] {processor.py:154} INFO - Started process (PID=800) to work on /home/airflow/.local/lib/python3.7/site-packages/airflow/example_dags/example_task_group_decorator.py
[2024-12-21T04:43:50.597+0000] {processor.py:756} INFO - Processing file /home/airflow/.local/lib/python3.7/site-packages/airflow/example_dags/example_task_group_decorator.py for tasks to queue
[2024-12-21T04:43:50.598+0000] {logging_mixin.py:120} INFO - [2024-12-21T04:43:50.598+0000] {dagbag.py:537} INFO - Filling up the DagBag from /home/airflow/.local/lib/python3.7/site-packages/airflow/example_dags/example_task_group_decorator.py
[2024-12-21T04:43:50.618+0000] {processor.py:766} INFO - DAG(s) dict_keys(['example_task_group_decorator']) retrieved from /home/airflow/.local/lib/python3.7/site-packages/airflow/example_dags/example_task_group_decorator.py
[2024-12-21T04:43:50.657+0000] {logging_mixin.py:120} INFO - [2024-12-21T04:43:50.657+0000] {dag.py:2585} INFO - Sync 1 DAGs
[2024-12-21T04:43:50.679+0000] {logging_mixin.py:120} INFO - [2024-12-21T04:43:50.679+0000] {dag.py:3340} INFO - Setting next_dagrun for example_task_group_decorator to 2024-12-20T04:43:50.679547+00:00, run_after=2024-12-21T04:43:50.679547+00:00
[2024-12-21T04:43:50.737+0000] {processor.py:176} INFO - Processing /home/airflow/.local/lib/python3.7/site-packages/airflow/example_dags/example_task_group_decorator.py took 0.143 seconds
[2024-12-21T04:44:21.274+0000] {processor.py:154} INFO - Started process (PID=863) to work on /home/airflow/.local/lib/python3.7/site-packages/airflow/example_dags/example_task_group_decorator.py
[2024-12-21T04:44:21.274+0000] {processor.py:756} INFO - Processing file /home/airflow/.local/lib/python3.7/site-packages/airflow/example_dags/example_task_group_decorator.py for tasks to queue
[2024-12-21T04:44:21.275+0000] {logging_mixin.py:120} INFO - [2024-12-21T04:44:21.275+0000] {dagbag.py:537} INFO - Filling up the DagBag from /home/airflow/.local/lib/python3.7/site-packages/airflow/example_dags/example_task_group_decorator.py
[2024-12-21T04:44:21.295+0000] {processor.py:766} INFO - DAG(s) dict_keys(['example_task_group_decorator']) retrieved from /home/airflow/.local/lib/python3.7/site-packages/airflow/example_dags/example_task_group_decorator.py
[2024-12-21T04:44:21.326+0000] {logging_mixin.py:120} INFO - [2024-12-21T04:44:21.326+0000] {dag.py:2585} INFO - Sync 1 DAGs
[2024-12-21T04:44:21.345+0000] {logging_mixin.py:120} INFO - [2024-12-21T04:44:21.345+0000] {dag.py:3340} INFO - Setting next_dagrun for example_task_group_decorator to 2024-12-20T04:44:21.344855+00:00, run_after=2024-12-21T04:44:21.344855+00:00
[2024-12-21T04:44:21.358+0000] {processor.py:176} INFO - Processing /home/airflow/.local/lib/python3.7/site-packages/airflow/example_dags/example_task_group_decorator.py took 0.087 seconds
[2024-12-21T04:44:52.061+0000] {processor.py:154} INFO - Started process (PID=917) to work on /home/airflow/.local/lib/python3.7/site-packages/airflow/example_dags/example_task_group_decorator.py
[2024-12-21T04:44:52.061+0000] {processor.py:756} INFO - Processing file /home/airflow/.local/lib/python3.7/site-packages/airflow/example_dags/example_task_group_decorator.py for tasks to queue
[2024-12-21T04:44:52.062+0000] {logging_mixin.py:120} INFO - [2024-12-21T04:44:52.062+0000] {dagbag.py:537} INFO - Filling up the DagBag from /home/airflow/.local/lib/python3.7/site-packages/airflow/example_dags/example_task_group_decorator.py
[2024-12-21T04:44:52.082+0000] {processor.py:766} INFO - DAG(s) dict_keys(['example_task_group_decorator']) retrieved from /home/airflow/.local/lib/python3.7/site-packages/airflow/example_dags/example_task_group_decorator.py
[2024-12-21T04:44:52.118+0000] {logging_mixin.py:120} INFO - [2024-12-21T04:44:52.118+0000] {dag.py:2585} INFO - Sync 1 DAGs
[2024-12-21T04:44:52.138+0000] {logging_mixin.py:120} INFO - [2024-12-21T04:44:52.138+0000] {dag.py:3340} INFO - Setting next_dagrun for example_task_group_decorator to 2024-12-20T04:44:52.138287+00:00, run_after=2024-12-21T04:44:52.138287+00:00
[2024-12-21T04:44:52.151+0000] {processor.py:176} INFO - Processing /home/airflow/.local/lib/python3.7/site-packages/airflow/example_dags/example_task_group_decorator.py took 0.093 seconds
[2024-12-21T04:45:22.524+0000] {processor.py:154} INFO - Started process (PID=980) to work on /home/airflow/.local/lib/python3.7/site-packages/airflow/example_dags/example_task_group_decorator.py
[2024-12-21T04:45:22.524+0000] {processor.py:756} INFO - Processing file /home/airflow/.local/lib/python3.7/site-packages/airflow/example_dags/example_task_group_decorator.py for tasks to queue
[2024-12-21T04:45:22.525+0000] {logging_mixin.py:120} INFO - [2024-12-21T04:45:22.525+0000] {dagbag.py:537} INFO - Filling up the DagBag from /home/airflow/.local/lib/python3.7/site-packages/airflow/example_dags/example_task_group_decorator.py
[2024-12-21T04:45:22.546+0000] {processor.py:766} INFO - DAG(s) dict_keys(['example_task_group_decorator']) retrieved from /home/airflow/.local/lib/python3.7/site-packages/airflow/example_dags/example_task_group_decorator.py
[2024-12-21T04:45:22.578+0000] {logging_mixin.py:120} INFO - [2024-12-21T04:45:22.578+0000] {dag.py:2585} INFO - Sync 1 DAGs
[2024-12-21T04:45:22.598+0000] {logging_mixin.py:120} INFO - [2024-12-21T04:45:22.598+0000] {dag.py:3340} INFO - Setting next_dagrun for example_task_group_decorator to 2024-12-20T04:45:22.598273+00:00, run_after=2024-12-21T04:45:22.598273+00:00
[2024-12-21T04:45:22.612+0000] {processor.py:176} INFO - Processing /home/airflow/.local/lib/python3.7/site-packages/airflow/example_dags/example_task_group_decorator.py took 0.090 seconds
[2024-12-21T04:45:52.796+0000] {processor.py:154} INFO - Started process (PID=1034) to work on /home/airflow/.local/lib/python3.7/site-packages/airflow/example_dags/example_task_group_decorator.py
[2024-12-21T04:45:52.799+0000] {processor.py:756} INFO - Processing file /home/airflow/.local/lib/python3.7/site-packages/airflow/example_dags/example_task_group_decorator.py for tasks to queue
[2024-12-21T04:45:52.799+0000] {logging_mixin.py:120} INFO - [2024-12-21T04:45:52.799+0000] {dagbag.py:537} INFO - Filling up the DagBag from /home/airflow/.local/lib/python3.7/site-packages/airflow/example_dags/example_task_group_decorator.py
[2024-12-21T04:45:52.821+0000] {processor.py:766} INFO - DAG(s) dict_keys(['example_task_group_decorator']) retrieved from /home/airflow/.local/lib/python3.7/site-packages/airflow/example_dags/example_task_group_decorator.py
[2024-12-21T04:45:52.852+0000] {logging_mixin.py:120} INFO - [2024-12-21T04:45:52.852+0000] {dag.py:2585} INFO - Sync 1 DAGs
[2024-12-21T04:45:52.872+0000] {logging_mixin.py:120} INFO - [2024-12-21T04:45:52.872+0000] {dag.py:3340} INFO - Setting next_dagrun for example_task_group_decorator to 2024-12-20T04:45:52.871836+00:00, run_after=2024-12-21T04:45:52.871836+00:00
[2024-12-21T04:45:52.887+0000] {processor.py:176} INFO - Processing /home/airflow/.local/lib/python3.7/site-packages/airflow/example_dags/example_task_group_decorator.py took 0.094 seconds
[2024-12-21T04:46:23.644+0000] {processor.py:154} INFO - Started process (PID=1097) to work on /home/airflow/.local/lib/python3.7/site-packages/airflow/example_dags/example_task_group_decorator.py
[2024-12-21T04:46:23.645+0000] {processor.py:756} INFO - Processing file /home/airflow/.local/lib/python3.7/site-packages/airflow/example_dags/example_task_group_decorator.py for tasks to queue
[2024-12-21T04:46:23.645+0000] {logging_mixin.py:120} INFO - [2024-12-21T04:46:23.645+0000] {dagbag.py:537} INFO - Filling up the DagBag from /home/airflow/.local/lib/python3.7/site-packages/airflow/example_dags/example_task_group_decorator.py
[2024-12-21T04:46:23.670+0000] {processor.py:766} INFO - DAG(s) dict_keys(['example_task_group_decorator']) retrieved from /home/airflow/.local/lib/python3.7/site-packages/airflow/example_dags/example_task_group_decorator.py
[2024-12-21T04:46:23.706+0000] {logging_mixin.py:120} INFO - [2024-12-21T04:46:23.706+0000] {dag.py:2585} INFO - Sync 1 DAGs
[2024-12-21T04:46:23.728+0000] {logging_mixin.py:120} INFO - [2024-12-21T04:46:23.728+0000] {dag.py:3340} INFO - Setting next_dagrun for example_task_group_decorator to 2024-12-20T04:46:23.728669+00:00, run_after=2024-12-21T04:46:23.728669+00:00
[2024-12-21T04:46:23.742+0000] {processor.py:176} INFO - Processing /home/airflow/.local/lib/python3.7/site-packages/airflow/example_dags/example_task_group_decorator.py took 0.100 seconds
[2024-12-21T04:46:54.413+0000] {processor.py:154} INFO - Started process (PID=1160) to work on /home/airflow/.local/lib/python3.7/site-packages/airflow/example_dags/example_task_group_decorator.py
[2024-12-21T04:46:54.414+0000] {processor.py:756} INFO - Processing file /home/airflow/.local/lib/python3.7/site-packages/airflow/example_dags/example_task_group_decorator.py for tasks to queue
[2024-12-21T04:46:54.415+0000] {logging_mixin.py:120} INFO - [2024-12-21T04:46:54.414+0000] {dagbag.py:537} INFO - Filling up the DagBag from /home/airflow/.local/lib/python3.7/site-packages/airflow/example_dags/example_task_group_decorator.py
[2024-12-21T04:46:54.434+0000] {processor.py:766} INFO - DAG(s) dict_keys(['example_task_group_decorator']) retrieved from /home/airflow/.local/lib/python3.7/site-packages/airflow/example_dags/example_task_group_decorator.py
[2024-12-21T04:46:54.465+0000] {logging_mixin.py:120} INFO - [2024-12-21T04:46:54.465+0000] {dag.py:2585} INFO - Sync 1 DAGs
[2024-12-21T04:46:54.483+0000] {logging_mixin.py:120} INFO - [2024-12-21T04:46:54.483+0000] {dag.py:3340} INFO - Setting next_dagrun for example_task_group_decorator to 2024-12-20T04:46:54.483441+00:00, run_after=2024-12-21T04:46:54.483441+00:00
[2024-12-21T04:46:54.497+0000] {processor.py:176} INFO - Processing /home/airflow/.local/lib/python3.7/site-packages/airflow/example_dags/example_task_group_decorator.py took 0.086 seconds
[2024-12-21T04:47:24.924+0000] {processor.py:154} INFO - Started process (PID=1223) to work on /home/airflow/.local/lib/python3.7/site-packages/airflow/example_dags/example_task_group_decorator.py
[2024-12-21T04:47:24.924+0000] {processor.py:756} INFO - Processing file /home/airflow/.local/lib/python3.7/site-packages/airflow/example_dags/example_task_group_decorator.py for tasks to queue
[2024-12-21T04:47:24.925+0000] {logging_mixin.py:120} INFO - [2024-12-21T04:47:24.925+0000] {dagbag.py:537} INFO - Filling up the DagBag from /home/airflow/.local/lib/python3.7/site-packages/airflow/example_dags/example_task_group_decorator.py
[2024-12-21T04:47:24.947+0000] {processor.py:766} INFO - DAG(s) dict_keys(['example_task_group_decorator']) retrieved from /home/airflow/.local/lib/python3.7/site-packages/airflow/example_dags/example_task_group_decorator.py
[2024-12-21T04:47:24.978+0000] {logging_mixin.py:120} INFO - [2024-12-21T04:47:24.978+0000] {dag.py:2585} INFO - Sync 1 DAGs
[2024-12-21T04:47:24.996+0000] {logging_mixin.py:120} INFO - [2024-12-21T04:47:24.996+0000] {dag.py:3340} INFO - Setting next_dagrun for example_task_group_decorator to 2024-12-20T04:47:24.996673+00:00, run_after=2024-12-21T04:47:24.996673+00:00
[2024-12-21T04:47:25.010+0000] {processor.py:176} INFO - Processing /home/airflow/.local/lib/python3.7/site-packages/airflow/example_dags/example_task_group_decorator.py took 0.089 seconds
[2024-12-21T04:47:55.616+0000] {processor.py:154} INFO - Started process (PID=1277) to work on /home/airflow/.local/lib/python3.7/site-packages/airflow/example_dags/example_task_group_decorator.py
[2024-12-21T04:47:55.617+0000] {processor.py:756} INFO - Processing file /home/airflow/.local/lib/python3.7/site-packages/airflow/example_dags/example_task_group_decorator.py for tasks to queue
[2024-12-21T04:47:55.618+0000] {logging_mixin.py:120} INFO - [2024-12-21T04:47:55.618+0000] {dagbag.py:537} INFO - Filling up the DagBag from /home/airflow/.local/lib/python3.7/site-packages/airflow/example_dags/example_task_group_decorator.py
[2024-12-21T04:47:55.643+0000] {processor.py:766} INFO - DAG(s) dict_keys(['example_task_group_decorator']) retrieved from /home/airflow/.local/lib/python3.7/site-packages/airflow/example_dags/example_task_group_decorator.py
[2024-12-21T04:47:55.675+0000] {logging_mixin.py:120} INFO - [2024-12-21T04:47:55.675+0000] {dag.py:2585} INFO - Sync 1 DAGs
[2024-12-21T04:47:55.694+0000] {logging_mixin.py:120} INFO - [2024-12-21T04:47:55.694+0000] {dag.py:3340} INFO - Setting next_dagrun for example_task_group_decorator to 2024-12-20T04:47:55.694147+00:00, run_after=2024-12-21T04:47:55.694147+00:00
[2024-12-21T04:47:55.708+0000] {processor.py:176} INFO - Processing /home/airflow/.local/lib/python3.7/site-packages/airflow/example_dags/example_task_group_decorator.py took 0.094 seconds
[2024-12-21T04:48:25.962+0000] {processor.py:154} INFO - Started process (PID=1340) to work on /home/airflow/.local/lib/python3.7/site-packages/airflow/example_dags/example_task_group_decorator.py
[2024-12-21T04:48:25.963+0000] {processor.py:756} INFO - Processing file /home/airflow/.local/lib/python3.7/site-packages/airflow/example_dags/example_task_group_decorator.py for tasks to queue
[2024-12-21T04:48:25.964+0000] {logging_mixin.py:120} INFO - [2024-12-21T04:48:25.964+0000] {dagbag.py:537} INFO - Filling up the DagBag from /home/airflow/.local/lib/python3.7/site-packages/airflow/example_dags/example_task_group_decorator.py
[2024-12-21T04:48:25.983+0000] {processor.py:766} INFO - DAG(s) dict_keys(['example_task_group_decorator']) retrieved from /home/airflow/.local/lib/python3.7/site-packages/airflow/example_dags/example_task_group_decorator.py
[2024-12-21T04:48:26.013+0000] {logging_mixin.py:120} INFO - [2024-12-21T04:48:26.013+0000] {dag.py:2585} INFO - Sync 1 DAGs
[2024-12-21T04:48:26.032+0000] {logging_mixin.py:120} INFO - [2024-12-21T04:48:26.032+0000] {dag.py:3340} INFO - Setting next_dagrun for example_task_group_decorator to 2024-12-20T04:48:26.032212+00:00, run_after=2024-12-21T04:48:26.032212+00:00
[2024-12-21T04:48:26.046+0000] {processor.py:176} INFO - Processing /home/airflow/.local/lib/python3.7/site-packages/airflow/example_dags/example_task_group_decorator.py took 0.085 seconds
[2024-12-21T04:48:56.818+0000] {processor.py:154} INFO - Started process (PID=1403) to work on /home/airflow/.local/lib/python3.7/site-packages/airflow/example_dags/example_task_group_decorator.py
[2024-12-21T04:48:56.820+0000] {processor.py:756} INFO - Processing file /home/airflow/.local/lib/python3.7/site-packages/airflow/example_dags/example_task_group_decorator.py for tasks to queue
[2024-12-21T04:48:56.823+0000] {logging_mixin.py:120} INFO - [2024-12-21T04:48:56.823+0000] {dagbag.py:537} INFO - Filling up the DagBag from /home/airflow/.local/lib/python3.7/site-packages/airflow/example_dags/example_task_group_decorator.py
[2024-12-21T04:48:56.846+0000] {processor.py:766} INFO - DAG(s) dict_keys(['example_task_group_decorator']) retrieved from /home/airflow/.local/lib/python3.7/site-packages/airflow/example_dags/example_task_group_decorator.py
[2024-12-21T04:48:56.888+0000] {logging_mixin.py:120} INFO - [2024-12-21T04:48:56.888+0000] {dag.py:2585} INFO - Sync 1 DAGs
[2024-12-21T04:48:56.912+0000] {logging_mixin.py:120} INFO - [2024-12-21T04:48:56.912+0000] {dag.py:3340} INFO - Setting next_dagrun for example_task_group_decorator to 2024-12-20T04:48:56.911931+00:00, run_after=2024-12-21T04:48:56.911931+00:00
[2024-12-21T04:48:56.927+0000] {processor.py:176} INFO - Processing /home/airflow/.local/lib/python3.7/site-packages/airflow/example_dags/example_task_group_decorator.py took 0.111 seconds
[2024-12-21T04:49:27.660+0000] {processor.py:154} INFO - Started process (PID=1464) to work on /home/airflow/.local/lib/python3.7/site-packages/airflow/example_dags/example_task_group_decorator.py
[2024-12-21T04:49:27.662+0000] {processor.py:756} INFO - Processing file /home/airflow/.local/lib/python3.7/site-packages/airflow/example_dags/example_task_group_decorator.py for tasks to queue
[2024-12-21T04:49:27.665+0000] {logging_mixin.py:120} INFO - [2024-12-21T04:49:27.665+0000] {dagbag.py:537} INFO - Filling up the DagBag from /home/airflow/.local/lib/python3.7/site-packages/airflow/example_dags/example_task_group_decorator.py
[2024-12-21T04:49:27.739+0000] {processor.py:766} INFO - DAG(s) dict_keys(['example_task_group_decorator']) retrieved from /home/airflow/.local/lib/python3.7/site-packages/airflow/example_dags/example_task_group_decorator.py
[2024-12-21T04:49:27.985+0000] {logging_mixin.py:120} INFO - [2024-12-21T04:49:27.984+0000] {dag.py:2585} INFO - Sync 1 DAGs
[2024-12-21T04:49:28.088+0000] {logging_mixin.py:120} INFO - [2024-12-21T04:49:28.088+0000] {dag.py:3340} INFO - Setting next_dagrun for example_task_group_decorator to 2024-12-20T04:49:28.087334+00:00, run_after=2024-12-21T04:49:28.087334+00:00
[2024-12-21T04:49:28.145+0000] {processor.py:176} INFO - Processing /home/airflow/.local/lib/python3.7/site-packages/airflow/example_dags/example_task_group_decorator.py took 0.493 seconds
