[2024-12-21T04:37:36.734+0000] {processor.py:154} INFO - Started process (PID=56) to work on /home/airflow/.local/lib/python3.7/site-packages/airflow/example_dags/example_bash_operator.py
[2024-12-21T04:37:36.736+0000] {processor.py:756} INFO - Processing file /home/airflow/.local/lib/python3.7/site-packages/airflow/example_dags/example_bash_operator.py for tasks to queue
[2024-12-21T04:37:36.738+0000] {logging_mixin.py:120} INFO - [2024-12-21T04:37:36.738+0000] {dagbag.py:537} INFO - Filling up the DagBag from /home/airflow/.local/lib/python3.7/site-packages/airflow/example_dags/example_bash_operator.py
[2024-12-21T04:37:36.796+0000] {processor.py:766} INFO - DAG(s) dict_keys(['example_bash_operator']) retrieved from /home/airflow/.local/lib/python3.7/site-packages/airflow/example_dags/example_bash_operator.py
[2024-12-21T04:37:37.029+0000] {logging_mixin.py:120} INFO - [2024-12-21T04:37:37.029+0000] {manager.py:507} INFO - Created Permission View: can delete on DAG:example_bash_operator
[2024-12-21T04:37:37.045+0000] {logging_mixin.py:120} INFO - [2024-12-21T04:37:37.044+0000] {manager.py:507} INFO - Created Permission View: can edit on DAG:example_bash_operator
[2024-12-21T04:37:37.054+0000] {logging_mixin.py:120} INFO - [2024-12-21T04:37:37.054+0000] {manager.py:507} INFO - Created Permission View: can read on DAG:example_bash_operator
[2024-12-21T04:37:37.055+0000] {logging_mixin.py:120} INFO - [2024-12-21T04:37:37.055+0000] {dag.py:2585} INFO - Sync 1 DAGs
[2024-12-21T04:37:37.085+0000] {logging_mixin.py:120} INFO - [2024-12-21T04:37:37.085+0000] {dag.py:2606} INFO - Creating ORM DAG for example_bash_operator
[2024-12-21T04:37:37.112+0000] {logging_mixin.py:120} INFO - [2024-12-21T04:37:37.112+0000] {dag.py:3340} INFO - Setting next_dagrun for example_bash_operator to 2024-12-20T00:00:00+00:00, run_after=2024-12-21T00:00:00+00:00
[2024-12-21T04:37:37.145+0000] {processor.py:176} INFO - Processing /home/airflow/.local/lib/python3.7/site-packages/airflow/example_dags/example_bash_operator.py took 0.418 seconds
[2024-12-21T04:38:07.968+0000] {processor.py:154} INFO - Started process (PID=119) to work on /home/airflow/.local/lib/python3.7/site-packages/airflow/example_dags/example_bash_operator.py
[2024-12-21T04:38:07.969+0000] {processor.py:756} INFO - Processing file /home/airflow/.local/lib/python3.7/site-packages/airflow/example_dags/example_bash_operator.py for tasks to queue
[2024-12-21T04:38:07.970+0000] {logging_mixin.py:120} INFO - [2024-12-21T04:38:07.970+0000] {dagbag.py:537} INFO - Filling up the DagBag from /home/airflow/.local/lib/python3.7/site-packages/airflow/example_dags/example_bash_operator.py
[2024-12-21T04:38:07.998+0000] {processor.py:766} INFO - DAG(s) dict_keys(['example_bash_operator']) retrieved from /home/airflow/.local/lib/python3.7/site-packages/airflow/example_dags/example_bash_operator.py
[2024-12-21T04:38:08.050+0000] {logging_mixin.py:120} INFO - [2024-12-21T04:38:08.050+0000] {dag.py:2585} INFO - Sync 1 DAGs
[2024-12-21T04:38:08.078+0000] {logging_mixin.py:120} INFO - [2024-12-21T04:38:08.078+0000] {dag.py:3340} INFO - Setting next_dagrun for example_bash_operator to 2024-12-20T00:00:00+00:00, run_after=2024-12-21T00:00:00+00:00
[2024-12-21T04:38:08.097+0000] {processor.py:176} INFO - Processing /home/airflow/.local/lib/python3.7/site-packages/airflow/example_dags/example_bash_operator.py took 0.134 seconds
[2024-12-21T04:38:38.638+0000] {processor.py:154} INFO - Started process (PID=174) to work on /home/airflow/.local/lib/python3.7/site-packages/airflow/example_dags/example_bash_operator.py
[2024-12-21T04:38:38.639+0000] {processor.py:756} INFO - Processing file /home/airflow/.local/lib/python3.7/site-packages/airflow/example_dags/example_bash_operator.py for tasks to queue
[2024-12-21T04:38:38.640+0000] {logging_mixin.py:120} INFO - [2024-12-21T04:38:38.640+0000] {dagbag.py:537} INFO - Filling up the DagBag from /home/airflow/.local/lib/python3.7/site-packages/airflow/example_dags/example_bash_operator.py
[2024-12-21T04:38:38.680+0000] {processor.py:766} INFO - DAG(s) dict_keys(['example_bash_operator']) retrieved from /home/airflow/.local/lib/python3.7/site-packages/airflow/example_dags/example_bash_operator.py
[2024-12-21T04:38:38.755+0000] {logging_mixin.py:120} INFO - [2024-12-21T04:38:38.755+0000] {dag.py:2585} INFO - Sync 1 DAGs
[2024-12-21T04:38:38.794+0000] {logging_mixin.py:120} INFO - [2024-12-21T04:38:38.794+0000] {dag.py:3340} INFO - Setting next_dagrun for example_bash_operator to 2024-12-20T00:00:00+00:00, run_after=2024-12-21T00:00:00+00:00
[2024-12-21T04:38:38.827+0000] {processor.py:176} INFO - Processing /home/airflow/.local/lib/python3.7/site-packages/airflow/example_dags/example_bash_operator.py took 0.193 seconds
[2024-12-21T04:39:08.970+0000] {processor.py:154} INFO - Started process (PID=237) to work on /home/airflow/.local/lib/python3.7/site-packages/airflow/example_dags/example_bash_operator.py
[2024-12-21T04:39:08.973+0000] {processor.py:756} INFO - Processing file /home/airflow/.local/lib/python3.7/site-packages/airflow/example_dags/example_bash_operator.py for tasks to queue
[2024-12-21T04:39:08.974+0000] {logging_mixin.py:120} INFO - [2024-12-21T04:39:08.974+0000] {dagbag.py:537} INFO - Filling up the DagBag from /home/airflow/.local/lib/python3.7/site-packages/airflow/example_dags/example_bash_operator.py
[2024-12-21T04:39:08.994+0000] {processor.py:766} INFO - DAG(s) dict_keys(['example_bash_operator']) retrieved from /home/airflow/.local/lib/python3.7/site-packages/airflow/example_dags/example_bash_operator.py
[2024-12-21T04:39:09.138+0000] {logging_mixin.py:120} INFO - [2024-12-21T04:39:09.138+0000] {dag.py:2585} INFO - Sync 1 DAGs
[2024-12-21T04:39:09.162+0000] {logging_mixin.py:120} INFO - [2024-12-21T04:39:09.162+0000] {dag.py:3340} INFO - Setting next_dagrun for example_bash_operator to 2024-12-20T00:00:00+00:00, run_after=2024-12-21T00:00:00+00:00
[2024-12-21T04:39:09.183+0000] {processor.py:176} INFO - Processing /home/airflow/.local/lib/python3.7/site-packages/airflow/example_dags/example_bash_operator.py took 0.216 seconds
[2024-12-21T04:39:39.565+0000] {processor.py:154} INFO - Started process (PID=300) to work on /home/airflow/.local/lib/python3.7/site-packages/airflow/example_dags/example_bash_operator.py
[2024-12-21T04:39:39.569+0000] {processor.py:756} INFO - Processing file /home/airflow/.local/lib/python3.7/site-packages/airflow/example_dags/example_bash_operator.py for tasks to queue
[2024-12-21T04:39:39.571+0000] {logging_mixin.py:120} INFO - [2024-12-21T04:39:39.571+0000] {dagbag.py:537} INFO - Filling up the DagBag from /home/airflow/.local/lib/python3.7/site-packages/airflow/example_dags/example_bash_operator.py
[2024-12-21T04:39:39.592+0000] {processor.py:766} INFO - DAG(s) dict_keys(['example_bash_operator']) retrieved from /home/airflow/.local/lib/python3.7/site-packages/airflow/example_dags/example_bash_operator.py
[2024-12-21T04:39:39.628+0000] {logging_mixin.py:120} INFO - [2024-12-21T04:39:39.628+0000] {dag.py:2585} INFO - Sync 1 DAGs
[2024-12-21T04:39:39.647+0000] {logging_mixin.py:120} INFO - [2024-12-21T04:39:39.647+0000] {dag.py:3340} INFO - Setting next_dagrun for example_bash_operator to 2024-12-20T00:00:00+00:00, run_after=2024-12-21T00:00:00+00:00
[2024-12-21T04:39:39.666+0000] {processor.py:176} INFO - Processing /home/airflow/.local/lib/python3.7/site-packages/airflow/example_dags/example_bash_operator.py took 0.104 seconds
[2024-12-21T04:40:10.568+0000] {processor.py:154} INFO - Started process (PID=354) to work on /home/airflow/.local/lib/python3.7/site-packages/airflow/example_dags/example_bash_operator.py
[2024-12-21T04:40:10.570+0000] {processor.py:756} INFO - Processing file /home/airflow/.local/lib/python3.7/site-packages/airflow/example_dags/example_bash_operator.py for tasks to queue
[2024-12-21T04:40:10.572+0000] {logging_mixin.py:120} INFO - [2024-12-21T04:40:10.572+0000] {dagbag.py:537} INFO - Filling up the DagBag from /home/airflow/.local/lib/python3.7/site-packages/airflow/example_dags/example_bash_operator.py
[2024-12-21T04:40:10.591+0000] {processor.py:766} INFO - DAG(s) dict_keys(['example_bash_operator']) retrieved from /home/airflow/.local/lib/python3.7/site-packages/airflow/example_dags/example_bash_operator.py
[2024-12-21T04:40:10.628+0000] {logging_mixin.py:120} INFO - [2024-12-21T04:40:10.628+0000] {dag.py:2585} INFO - Sync 1 DAGs
[2024-12-21T04:40:10.649+0000] {logging_mixin.py:120} INFO - [2024-12-21T04:40:10.649+0000] {dag.py:3340} INFO - Setting next_dagrun for example_bash_operator to 2024-12-20T00:00:00+00:00, run_after=2024-12-21T00:00:00+00:00
[2024-12-21T04:40:10.664+0000] {processor.py:176} INFO - Processing /home/airflow/.local/lib/python3.7/site-packages/airflow/example_dags/example_bash_operator.py took 0.100 seconds
[2024-12-21T04:40:41.427+0000] {processor.py:154} INFO - Started process (PID=417) to work on /home/airflow/.local/lib/python3.7/site-packages/airflow/example_dags/example_bash_operator.py
[2024-12-21T04:40:41.428+0000] {processor.py:756} INFO - Processing file /home/airflow/.local/lib/python3.7/site-packages/airflow/example_dags/example_bash_operator.py for tasks to queue
[2024-12-21T04:40:41.429+0000] {logging_mixin.py:120} INFO - [2024-12-21T04:40:41.429+0000] {dagbag.py:537} INFO - Filling up the DagBag from /home/airflow/.local/lib/python3.7/site-packages/airflow/example_dags/example_bash_operator.py
[2024-12-21T04:40:41.452+0000] {processor.py:766} INFO - DAG(s) dict_keys(['example_bash_operator']) retrieved from /home/airflow/.local/lib/python3.7/site-packages/airflow/example_dags/example_bash_operator.py
[2024-12-21T04:40:41.494+0000] {logging_mixin.py:120} INFO - [2024-12-21T04:40:41.494+0000] {dag.py:2585} INFO - Sync 1 DAGs
[2024-12-21T04:40:41.513+0000] {logging_mixin.py:120} INFO - [2024-12-21T04:40:41.513+0000] {dag.py:3340} INFO - Setting next_dagrun for example_bash_operator to 2024-12-20T00:00:00+00:00, run_after=2024-12-21T00:00:00+00:00
[2024-12-21T04:40:41.536+0000] {processor.py:176} INFO - Processing /home/airflow/.local/lib/python3.7/site-packages/airflow/example_dags/example_bash_operator.py took 0.113 seconds
[2024-12-21T04:41:11.684+0000] {processor.py:154} INFO - Started process (PID=480) to work on /home/airflow/.local/lib/python3.7/site-packages/airflow/example_dags/example_bash_operator.py
[2024-12-21T04:41:11.691+0000] {processor.py:756} INFO - Processing file /home/airflow/.local/lib/python3.7/site-packages/airflow/example_dags/example_bash_operator.py for tasks to queue
[2024-12-21T04:41:11.692+0000] {logging_mixin.py:120} INFO - [2024-12-21T04:41:11.692+0000] {dagbag.py:537} INFO - Filling up the DagBag from /home/airflow/.local/lib/python3.7/site-packages/airflow/example_dags/example_bash_operator.py
[2024-12-21T04:41:11.713+0000] {processor.py:766} INFO - DAG(s) dict_keys(['example_bash_operator']) retrieved from /home/airflow/.local/lib/python3.7/site-packages/airflow/example_dags/example_bash_operator.py
[2024-12-21T04:41:11.750+0000] {logging_mixin.py:120} INFO - [2024-12-21T04:41:11.750+0000] {dag.py:2585} INFO - Sync 1 DAGs
[2024-12-21T04:41:11.779+0000] {logging_mixin.py:120} INFO - [2024-12-21T04:41:11.779+0000] {dag.py:3340} INFO - Setting next_dagrun for example_bash_operator to 2024-12-20T00:00:00+00:00, run_after=2024-12-21T00:00:00+00:00
[2024-12-21T04:41:11.804+0000] {processor.py:176} INFO - Processing /home/airflow/.local/lib/python3.7/site-packages/airflow/example_dags/example_bash_operator.py took 0.124 seconds
[2024-12-21T04:41:42.005+0000] {processor.py:154} INFO - Started process (PID=540) to work on /home/airflow/.local/lib/python3.7/site-packages/airflow/example_dags/example_bash_operator.py
[2024-12-21T04:41:42.012+0000] {processor.py:756} INFO - Processing file /home/airflow/.local/lib/python3.7/site-packages/airflow/example_dags/example_bash_operator.py for tasks to queue
[2024-12-21T04:41:42.013+0000] {logging_mixin.py:120} INFO - [2024-12-21T04:41:42.013+0000] {dagbag.py:537} INFO - Filling up the DagBag from /home/airflow/.local/lib/python3.7/site-packages/airflow/example_dags/example_bash_operator.py
[2024-12-21T04:41:42.071+0000] {processor.py:766} INFO - DAG(s) dict_keys(['example_bash_operator']) retrieved from /home/airflow/.local/lib/python3.7/site-packages/airflow/example_dags/example_bash_operator.py
[2024-12-21T04:41:42.155+0000] {logging_mixin.py:120} INFO - [2024-12-21T04:41:42.155+0000] {dag.py:2585} INFO - Sync 1 DAGs
[2024-12-21T04:41:42.183+0000] {logging_mixin.py:120} INFO - [2024-12-21T04:41:42.183+0000] {dag.py:3340} INFO - Setting next_dagrun for example_bash_operator to 2024-12-20T00:00:00+00:00, run_after=2024-12-21T00:00:00+00:00
[2024-12-21T04:41:42.221+0000] {processor.py:176} INFO - Processing /home/airflow/.local/lib/python3.7/site-packages/airflow/example_dags/example_bash_operator.py took 0.222 seconds
[2024-12-21T04:42:12.602+0000] {processor.py:154} INFO - Started process (PID=597) to work on /home/airflow/.local/lib/python3.7/site-packages/airflow/example_dags/example_bash_operator.py
[2024-12-21T04:42:12.604+0000] {processor.py:756} INFO - Processing file /home/airflow/.local/lib/python3.7/site-packages/airflow/example_dags/example_bash_operator.py for tasks to queue
[2024-12-21T04:42:12.605+0000] {logging_mixin.py:120} INFO - [2024-12-21T04:42:12.605+0000] {dagbag.py:537} INFO - Filling up the DagBag from /home/airflow/.local/lib/python3.7/site-packages/airflow/example_dags/example_bash_operator.py
[2024-12-21T04:42:12.625+0000] {processor.py:766} INFO - DAG(s) dict_keys(['example_bash_operator']) retrieved from /home/airflow/.local/lib/python3.7/site-packages/airflow/example_dags/example_bash_operator.py
[2024-12-21T04:42:12.663+0000] {logging_mixin.py:120} INFO - [2024-12-21T04:42:12.663+0000] {dag.py:2585} INFO - Sync 1 DAGs
[2024-12-21T04:42:12.687+0000] {logging_mixin.py:120} INFO - [2024-12-21T04:42:12.687+0000] {dag.py:3340} INFO - Setting next_dagrun for example_bash_operator to 2024-12-20T00:00:00+00:00, run_after=2024-12-21T00:00:00+00:00
[2024-12-21T04:42:12.709+0000] {processor.py:176} INFO - Processing /home/airflow/.local/lib/python3.7/site-packages/airflow/example_dags/example_bash_operator.py took 0.111 seconds
[2024-12-21T04:42:43.139+0000] {processor.py:154} INFO - Started process (PID=660) to work on /home/airflow/.local/lib/python3.7/site-packages/airflow/example_dags/example_bash_operator.py
[2024-12-21T04:42:43.140+0000] {processor.py:756} INFO - Processing file /home/airflow/.local/lib/python3.7/site-packages/airflow/example_dags/example_bash_operator.py for tasks to queue
[2024-12-21T04:42:43.140+0000] {logging_mixin.py:120} INFO - [2024-12-21T04:42:43.140+0000] {dagbag.py:537} INFO - Filling up the DagBag from /home/airflow/.local/lib/python3.7/site-packages/airflow/example_dags/example_bash_operator.py
[2024-12-21T04:42:43.160+0000] {processor.py:766} INFO - DAG(s) dict_keys(['example_bash_operator']) retrieved from /home/airflow/.local/lib/python3.7/site-packages/airflow/example_dags/example_bash_operator.py
[2024-12-21T04:42:43.206+0000] {logging_mixin.py:120} INFO - [2024-12-21T04:42:43.206+0000] {dag.py:2585} INFO - Sync 1 DAGs
[2024-12-21T04:42:43.232+0000] {logging_mixin.py:120} INFO - [2024-12-21T04:42:43.232+0000] {dag.py:3340} INFO - Setting next_dagrun for example_bash_operator to 2024-12-20T00:00:00+00:00, run_after=2024-12-21T00:00:00+00:00
[2024-12-21T04:42:43.249+0000] {processor.py:176} INFO - Processing /home/airflow/.local/lib/python3.7/site-packages/airflow/example_dags/example_bash_operator.py took 0.114 seconds
[2024-12-21T04:43:13.806+0000] {processor.py:154} INFO - Started process (PID=723) to work on /home/airflow/.local/lib/python3.7/site-packages/airflow/example_dags/example_bash_operator.py
[2024-12-21T04:43:13.809+0000] {processor.py:756} INFO - Processing file /home/airflow/.local/lib/python3.7/site-packages/airflow/example_dags/example_bash_operator.py for tasks to queue
[2024-12-21T04:43:13.812+0000] {logging_mixin.py:120} INFO - [2024-12-21T04:43:13.812+0000] {dagbag.py:537} INFO - Filling up the DagBag from /home/airflow/.local/lib/python3.7/site-packages/airflow/example_dags/example_bash_operator.py
[2024-12-21T04:43:13.841+0000] {processor.py:766} INFO - DAG(s) dict_keys(['example_bash_operator']) retrieved from /home/airflow/.local/lib/python3.7/site-packages/airflow/example_dags/example_bash_operator.py
[2024-12-21T04:43:13.896+0000] {logging_mixin.py:120} INFO - [2024-12-21T04:43:13.896+0000] {dag.py:2585} INFO - Sync 1 DAGs
[2024-12-21T04:43:13.925+0000] {logging_mixin.py:120} INFO - [2024-12-21T04:43:13.925+0000] {dag.py:3340} INFO - Setting next_dagrun for example_bash_operator to 2024-12-20T00:00:00+00:00, run_after=2024-12-21T00:00:00+00:00
[2024-12-21T04:43:13.941+0000] {processor.py:176} INFO - Processing /home/airflow/.local/lib/python3.7/site-packages/airflow/example_dags/example_bash_operator.py took 0.140 seconds
[2024-12-21T04:43:44.271+0000] {processor.py:154} INFO - Started process (PID=777) to work on /home/airflow/.local/lib/python3.7/site-packages/airflow/example_dags/example_bash_operator.py
[2024-12-21T04:43:44.273+0000] {processor.py:756} INFO - Processing file /home/airflow/.local/lib/python3.7/site-packages/airflow/example_dags/example_bash_operator.py for tasks to queue
[2024-12-21T04:43:44.274+0000] {logging_mixin.py:120} INFO - [2024-12-21T04:43:44.273+0000] {dagbag.py:537} INFO - Filling up the DagBag from /home/airflow/.local/lib/python3.7/site-packages/airflow/example_dags/example_bash_operator.py
[2024-12-21T04:43:44.302+0000] {processor.py:766} INFO - DAG(s) dict_keys(['example_bash_operator']) retrieved from /home/airflow/.local/lib/python3.7/site-packages/airflow/example_dags/example_bash_operator.py
[2024-12-21T04:43:44.373+0000] {logging_mixin.py:120} INFO - [2024-12-21T04:43:44.373+0000] {dag.py:2585} INFO - Sync 1 DAGs
[2024-12-21T04:43:44.400+0000] {logging_mixin.py:120} INFO - [2024-12-21T04:43:44.400+0000] {dag.py:3340} INFO - Setting next_dagrun for example_bash_operator to 2024-12-20T00:00:00+00:00, run_after=2024-12-21T00:00:00+00:00
[2024-12-21T04:43:44.426+0000] {processor.py:176} INFO - Processing /home/airflow/.local/lib/python3.7/site-packages/airflow/example_dags/example_bash_operator.py took 0.161 seconds
[2024-12-21T04:44:15.394+0000] {processor.py:154} INFO - Started process (PID=840) to work on /home/airflow/.local/lib/python3.7/site-packages/airflow/example_dags/example_bash_operator.py
[2024-12-21T04:44:15.395+0000] {processor.py:756} INFO - Processing file /home/airflow/.local/lib/python3.7/site-packages/airflow/example_dags/example_bash_operator.py for tasks to queue
[2024-12-21T04:44:15.396+0000] {logging_mixin.py:120} INFO - [2024-12-21T04:44:15.396+0000] {dagbag.py:537} INFO - Filling up the DagBag from /home/airflow/.local/lib/python3.7/site-packages/airflow/example_dags/example_bash_operator.py
[2024-12-21T04:44:15.418+0000] {processor.py:766} INFO - DAG(s) dict_keys(['example_bash_operator']) retrieved from /home/airflow/.local/lib/python3.7/site-packages/airflow/example_dags/example_bash_operator.py
[2024-12-21T04:44:15.465+0000] {logging_mixin.py:120} INFO - [2024-12-21T04:44:15.465+0000] {dag.py:2585} INFO - Sync 1 DAGs
[2024-12-21T04:44:15.490+0000] {logging_mixin.py:120} INFO - [2024-12-21T04:44:15.490+0000] {dag.py:3340} INFO - Setting next_dagrun for example_bash_operator to 2024-12-20T00:00:00+00:00, run_after=2024-12-21T00:00:00+00:00
[2024-12-21T04:44:15.506+0000] {processor.py:176} INFO - Processing /home/airflow/.local/lib/python3.7/site-packages/airflow/example_dags/example_bash_operator.py took 0.116 seconds
[2024-12-21T04:44:47.597+0000] {processor.py:154} INFO - Started process (PID=903) to work on /home/airflow/.local/lib/python3.7/site-packages/airflow/example_dags/example_bash_operator.py
[2024-12-21T04:44:47.599+0000] {processor.py:756} INFO - Processing file /home/airflow/.local/lib/python3.7/site-packages/airflow/example_dags/example_bash_operator.py for tasks to queue
[2024-12-21T04:44:47.601+0000] {logging_mixin.py:120} INFO - [2024-12-21T04:44:47.601+0000] {dagbag.py:537} INFO - Filling up the DagBag from /home/airflow/.local/lib/python3.7/site-packages/airflow/example_dags/example_bash_operator.py
[2024-12-21T04:44:47.673+0000] {processor.py:766} INFO - DAG(s) dict_keys(['example_bash_operator']) retrieved from /home/airflow/.local/lib/python3.7/site-packages/airflow/example_dags/example_bash_operator.py
[2024-12-21T04:44:47.787+0000] {logging_mixin.py:120} INFO - [2024-12-21T04:44:47.787+0000] {dag.py:2585} INFO - Sync 1 DAGs
[2024-12-21T04:44:47.823+0000] {logging_mixin.py:120} INFO - [2024-12-21T04:44:47.823+0000] {dag.py:3340} INFO - Setting next_dagrun for example_bash_operator to 2024-12-20T00:00:00+00:00, run_after=2024-12-21T00:00:00+00:00
[2024-12-21T04:44:47.844+0000] {processor.py:176} INFO - Processing /home/airflow/.local/lib/python3.7/site-packages/airflow/example_dags/example_bash_operator.py took 0.267 seconds
[2024-12-21T04:45:18.325+0000] {processor.py:154} INFO - Started process (PID=957) to work on /home/airflow/.local/lib/python3.7/site-packages/airflow/example_dags/example_bash_operator.py
[2024-12-21T04:45:18.326+0000] {processor.py:756} INFO - Processing file /home/airflow/.local/lib/python3.7/site-packages/airflow/example_dags/example_bash_operator.py for tasks to queue
[2024-12-21T04:45:18.326+0000] {logging_mixin.py:120} INFO - [2024-12-21T04:45:18.326+0000] {dagbag.py:537} INFO - Filling up the DagBag from /home/airflow/.local/lib/python3.7/site-packages/airflow/example_dags/example_bash_operator.py
[2024-12-21T04:45:18.344+0000] {processor.py:766} INFO - DAG(s) dict_keys(['example_bash_operator']) retrieved from /home/airflow/.local/lib/python3.7/site-packages/airflow/example_dags/example_bash_operator.py
[2024-12-21T04:45:18.385+0000] {logging_mixin.py:120} INFO - [2024-12-21T04:45:18.385+0000] {dag.py:2585} INFO - Sync 1 DAGs
[2024-12-21T04:45:18.407+0000] {logging_mixin.py:120} INFO - [2024-12-21T04:45:18.407+0000] {dag.py:3340} INFO - Setting next_dagrun for example_bash_operator to 2024-12-20T00:00:00+00:00, run_after=2024-12-21T00:00:00+00:00
[2024-12-21T04:45:18.427+0000] {processor.py:176} INFO - Processing /home/airflow/.local/lib/python3.7/site-packages/airflow/example_dags/example_bash_operator.py took 0.105 seconds
[2024-12-21T04:45:49.074+0000] {processor.py:154} INFO - Started process (PID=1020) to work on /home/airflow/.local/lib/python3.7/site-packages/airflow/example_dags/example_bash_operator.py
[2024-12-21T04:45:49.076+0000] {processor.py:756} INFO - Processing file /home/airflow/.local/lib/python3.7/site-packages/airflow/example_dags/example_bash_operator.py for tasks to queue
[2024-12-21T04:45:49.077+0000] {logging_mixin.py:120} INFO - [2024-12-21T04:45:49.077+0000] {dagbag.py:537} INFO - Filling up the DagBag from /home/airflow/.local/lib/python3.7/site-packages/airflow/example_dags/example_bash_operator.py
[2024-12-21T04:45:49.093+0000] {processor.py:766} INFO - DAG(s) dict_keys(['example_bash_operator']) retrieved from /home/airflow/.local/lib/python3.7/site-packages/airflow/example_dags/example_bash_operator.py
[2024-12-21T04:45:49.131+0000] {logging_mixin.py:120} INFO - [2024-12-21T04:45:49.131+0000] {dag.py:2585} INFO - Sync 1 DAGs
[2024-12-21T04:45:49.153+0000] {logging_mixin.py:120} INFO - [2024-12-21T04:45:49.153+0000] {dag.py:3340} INFO - Setting next_dagrun for example_bash_operator to 2024-12-20T00:00:00+00:00, run_after=2024-12-21T00:00:00+00:00
[2024-12-21T04:45:49.170+0000] {processor.py:176} INFO - Processing /home/airflow/.local/lib/python3.7/site-packages/airflow/example_dags/example_bash_operator.py took 0.098 seconds
[2024-12-21T04:46:19.217+0000] {processor.py:154} INFO - Started process (PID=1083) to work on /home/airflow/.local/lib/python3.7/site-packages/airflow/example_dags/example_bash_operator.py
[2024-12-21T04:46:19.217+0000] {processor.py:756} INFO - Processing file /home/airflow/.local/lib/python3.7/site-packages/airflow/example_dags/example_bash_operator.py for tasks to queue
[2024-12-21T04:46:19.218+0000] {logging_mixin.py:120} INFO - [2024-12-21T04:46:19.218+0000] {dagbag.py:537} INFO - Filling up the DagBag from /home/airflow/.local/lib/python3.7/site-packages/airflow/example_dags/example_bash_operator.py
[2024-12-21T04:46:19.240+0000] {processor.py:766} INFO - DAG(s) dict_keys(['example_bash_operator']) retrieved from /home/airflow/.local/lib/python3.7/site-packages/airflow/example_dags/example_bash_operator.py
[2024-12-21T04:46:19.291+0000] {logging_mixin.py:120} INFO - [2024-12-21T04:46:19.291+0000] {dag.py:2585} INFO - Sync 1 DAGs
[2024-12-21T04:46:19.317+0000] {logging_mixin.py:120} INFO - [2024-12-21T04:46:19.317+0000] {dag.py:3340} INFO - Setting next_dagrun for example_bash_operator to 2024-12-20T00:00:00+00:00, run_after=2024-12-21T00:00:00+00:00
[2024-12-21T04:46:19.333+0000] {processor.py:176} INFO - Processing /home/airflow/.local/lib/python3.7/site-packages/airflow/example_dags/example_bash_operator.py took 0.120 seconds
[2024-12-21T04:46:49.371+0000] {processor.py:154} INFO - Started process (PID=1136) to work on /home/airflow/.local/lib/python3.7/site-packages/airflow/example_dags/example_bash_operator.py
[2024-12-21T04:46:49.372+0000] {processor.py:756} INFO - Processing file /home/airflow/.local/lib/python3.7/site-packages/airflow/example_dags/example_bash_operator.py for tasks to queue
[2024-12-21T04:46:49.372+0000] {logging_mixin.py:120} INFO - [2024-12-21T04:46:49.372+0000] {dagbag.py:537} INFO - Filling up the DagBag from /home/airflow/.local/lib/python3.7/site-packages/airflow/example_dags/example_bash_operator.py
[2024-12-21T04:46:49.388+0000] {processor.py:766} INFO - DAG(s) dict_keys(['example_bash_operator']) retrieved from /home/airflow/.local/lib/python3.7/site-packages/airflow/example_dags/example_bash_operator.py
[2024-12-21T04:46:49.421+0000] {logging_mixin.py:120} INFO - [2024-12-21T04:46:49.421+0000] {dag.py:2585} INFO - Sync 1 DAGs
[2024-12-21T04:46:49.439+0000] {logging_mixin.py:120} INFO - [2024-12-21T04:46:49.439+0000] {dag.py:3340} INFO - Setting next_dagrun for example_bash_operator to 2024-12-20T00:00:00+00:00, run_after=2024-12-21T00:00:00+00:00
[2024-12-21T04:46:49.452+0000] {processor.py:176} INFO - Processing /home/airflow/.local/lib/python3.7/site-packages/airflow/example_dags/example_bash_operator.py took 0.083 seconds
[2024-12-21T04:47:19.838+0000] {processor.py:154} INFO - Started process (PID=1199) to work on /home/airflow/.local/lib/python3.7/site-packages/airflow/example_dags/example_bash_operator.py
[2024-12-21T04:47:19.838+0000] {processor.py:756} INFO - Processing file /home/airflow/.local/lib/python3.7/site-packages/airflow/example_dags/example_bash_operator.py for tasks to queue
[2024-12-21T04:47:19.839+0000] {logging_mixin.py:120} INFO - [2024-12-21T04:47:19.839+0000] {dagbag.py:537} INFO - Filling up the DagBag from /home/airflow/.local/lib/python3.7/site-packages/airflow/example_dags/example_bash_operator.py
[2024-12-21T04:47:19.861+0000] {processor.py:766} INFO - DAG(s) dict_keys(['example_bash_operator']) retrieved from /home/airflow/.local/lib/python3.7/site-packages/airflow/example_dags/example_bash_operator.py
[2024-12-21T04:47:19.902+0000] {logging_mixin.py:120} INFO - [2024-12-21T04:47:19.902+0000] {dag.py:2585} INFO - Sync 1 DAGs
[2024-12-21T04:47:19.921+0000] {logging_mixin.py:120} INFO - [2024-12-21T04:47:19.921+0000] {dag.py:3340} INFO - Setting next_dagrun for example_bash_operator to 2024-12-20T00:00:00+00:00, run_after=2024-12-21T00:00:00+00:00
[2024-12-21T04:47:19.934+0000] {processor.py:176} INFO - Processing /home/airflow/.local/lib/python3.7/site-packages/airflow/example_dags/example_bash_operator.py took 0.099 seconds
[2024-12-21T04:47:50.532+0000] {processor.py:154} INFO - Started process (PID=1263) to work on /home/airflow/.local/lib/python3.7/site-packages/airflow/example_dags/example_bash_operator.py
[2024-12-21T04:47:50.532+0000] {processor.py:756} INFO - Processing file /home/airflow/.local/lib/python3.7/site-packages/airflow/example_dags/example_bash_operator.py for tasks to queue
[2024-12-21T04:47:50.533+0000] {logging_mixin.py:120} INFO - [2024-12-21T04:47:50.533+0000] {dagbag.py:537} INFO - Filling up the DagBag from /home/airflow/.local/lib/python3.7/site-packages/airflow/example_dags/example_bash_operator.py
[2024-12-21T04:47:50.548+0000] {processor.py:766} INFO - DAG(s) dict_keys(['example_bash_operator']) retrieved from /home/airflow/.local/lib/python3.7/site-packages/airflow/example_dags/example_bash_operator.py
[2024-12-21T04:47:50.581+0000] {logging_mixin.py:120} INFO - [2024-12-21T04:47:50.581+0000] {dag.py:2585} INFO - Sync 1 DAGs
[2024-12-21T04:47:50.599+0000] {logging_mixin.py:120} INFO - [2024-12-21T04:47:50.599+0000] {dag.py:3340} INFO - Setting next_dagrun for example_bash_operator to 2024-12-20T00:00:00+00:00, run_after=2024-12-21T00:00:00+00:00
[2024-12-21T04:47:50.612+0000] {processor.py:176} INFO - Processing /home/airflow/.local/lib/python3.7/site-packages/airflow/example_dags/example_bash_operator.py took 0.083 seconds
[2024-12-21T04:48:20.750+0000] {processor.py:154} INFO - Started process (PID=1326) to work on /home/airflow/.local/lib/python3.7/site-packages/airflow/example_dags/example_bash_operator.py
[2024-12-21T04:48:20.754+0000] {processor.py:756} INFO - Processing file /home/airflow/.local/lib/python3.7/site-packages/airflow/example_dags/example_bash_operator.py for tasks to queue
[2024-12-21T04:48:20.759+0000] {logging_mixin.py:120} INFO - [2024-12-21T04:48:20.758+0000] {dagbag.py:537} INFO - Filling up the DagBag from /home/airflow/.local/lib/python3.7/site-packages/airflow/example_dags/example_bash_operator.py
[2024-12-21T04:48:20.793+0000] {processor.py:766} INFO - DAG(s) dict_keys(['example_bash_operator']) retrieved from /home/airflow/.local/lib/python3.7/site-packages/airflow/example_dags/example_bash_operator.py
[2024-12-21T04:48:20.886+0000] {logging_mixin.py:120} INFO - [2024-12-21T04:48:20.885+0000] {dag.py:2585} INFO - Sync 1 DAGs
[2024-12-21T04:48:20.946+0000] {logging_mixin.py:120} INFO - [2024-12-21T04:48:20.945+0000] {dag.py:3340} INFO - Setting next_dagrun for example_bash_operator to 2024-12-20T00:00:00+00:00, run_after=2024-12-21T00:00:00+00:00
[2024-12-21T04:48:20.986+0000] {processor.py:176} INFO - Processing /home/airflow/.local/lib/python3.7/site-packages/airflow/example_dags/example_bash_operator.py took 0.241 seconds
[2024-12-21T04:48:51.866+0000] {processor.py:154} INFO - Started process (PID=1380) to work on /home/airflow/.local/lib/python3.7/site-packages/airflow/example_dags/example_bash_operator.py
[2024-12-21T04:48:51.870+0000] {processor.py:756} INFO - Processing file /home/airflow/.local/lib/python3.7/site-packages/airflow/example_dags/example_bash_operator.py for tasks to queue
[2024-12-21T04:48:51.874+0000] {logging_mixin.py:120} INFO - [2024-12-21T04:48:51.874+0000] {dagbag.py:537} INFO - Filling up the DagBag from /home/airflow/.local/lib/python3.7/site-packages/airflow/example_dags/example_bash_operator.py
[2024-12-21T04:48:51.891+0000] {processor.py:766} INFO - DAG(s) dict_keys(['example_bash_operator']) retrieved from /home/airflow/.local/lib/python3.7/site-packages/airflow/example_dags/example_bash_operator.py
[2024-12-21T04:48:51.926+0000] {logging_mixin.py:120} INFO - [2024-12-21T04:48:51.926+0000] {dag.py:2585} INFO - Sync 1 DAGs
[2024-12-21T04:48:51.946+0000] {logging_mixin.py:120} INFO - [2024-12-21T04:48:51.946+0000] {dag.py:3340} INFO - Setting next_dagrun for example_bash_operator to 2024-12-20T00:00:00+00:00, run_after=2024-12-21T00:00:00+00:00
[2024-12-21T04:48:51.965+0000] {processor.py:176} INFO - Processing /home/airflow/.local/lib/python3.7/site-packages/airflow/example_dags/example_bash_operator.py took 0.102 seconds
[2024-12-21T04:49:22.563+0000] {processor.py:154} INFO - Started process (PID=1443) to work on /home/airflow/.local/lib/python3.7/site-packages/airflow/example_dags/example_bash_operator.py
[2024-12-21T04:49:22.570+0000] {processor.py:756} INFO - Processing file /home/airflow/.local/lib/python3.7/site-packages/airflow/example_dags/example_bash_operator.py for tasks to queue
[2024-12-21T04:49:22.570+0000] {logging_mixin.py:120} INFO - [2024-12-21T04:49:22.570+0000] {dagbag.py:537} INFO - Filling up the DagBag from /home/airflow/.local/lib/python3.7/site-packages/airflow/example_dags/example_bash_operator.py
[2024-12-21T04:49:22.590+0000] {processor.py:766} INFO - DAG(s) dict_keys(['example_bash_operator']) retrieved from /home/airflow/.local/lib/python3.7/site-packages/airflow/example_dags/example_bash_operator.py
[2024-12-21T04:49:22.625+0000] {logging_mixin.py:120} INFO - [2024-12-21T04:49:22.625+0000] {dag.py:2585} INFO - Sync 1 DAGs
[2024-12-21T04:49:22.648+0000] {logging_mixin.py:120} INFO - [2024-12-21T04:49:22.648+0000] {dag.py:3340} INFO - Setting next_dagrun for example_bash_operator to 2024-12-20T00:00:00+00:00, run_after=2024-12-21T00:00:00+00:00
[2024-12-21T04:49:22.669+0000] {processor.py:176} INFO - Processing /home/airflow/.local/lib/python3.7/site-packages/airflow/example_dags/example_bash_operator.py took 0.110 seconds
