[2024-12-21T04:37:40.519+0000] {processor.py:154} INFO - Started process (PID=72) to work on /home/airflow/.local/lib/python3.7/site-packages/airflow/example_dags/example_branch_datetime_operator.py
[2024-12-21T04:37:40.521+0000] {processor.py:756} INFO - Processing file /home/airflow/.local/lib/python3.7/site-packages/airflow/example_dags/example_branch_datetime_operator.py for tasks to queue
[2024-12-21T04:37:40.523+0000] {logging_mixin.py:120} INFO - [2024-12-21T04:37:40.523+0000] {dagbag.py:537} INFO - Filling up the DagBag from /home/airflow/.local/lib/python3.7/site-packages/airflow/example_dags/example_branch_datetime_operator.py
[2024-12-21T04:37:40.579+0000] {processor.py:766} INFO - DAG(s) dict_keys(['example_branch_datetime_operator_2', 'example_branch_datetime_operator_3', 'example_branch_datetime_operator']) retrieved from /home/airflow/.local/lib/python3.7/site-packages/airflow/example_dags/example_branch_datetime_operator.py
[2024-12-21T04:37:40.922+0000] {logging_mixin.py:120} INFO - [2024-12-21T04:37:40.921+0000] {manager.py:507} INFO - Created Permission View: can delete on DAG:example_branch_datetime_operator_2
[2024-12-21T04:37:40.954+0000] {logging_mixin.py:120} INFO - [2024-12-21T04:37:40.953+0000] {manager.py:507} INFO - Created Permission View: can edit on DAG:example_branch_datetime_operator_2
[2024-12-21T04:37:40.984+0000] {logging_mixin.py:120} INFO - [2024-12-21T04:37:40.983+0000] {manager.py:507} INFO - Created Permission View: can read on DAG:example_branch_datetime_operator_2
[2024-12-21T04:37:41.027+0000] {logging_mixin.py:120} INFO - [2024-12-21T04:37:41.027+0000] {manager.py:507} INFO - Created Permission View: can delete on DAG:example_branch_datetime_operator_3
[2024-12-21T04:37:41.040+0000] {logging_mixin.py:120} INFO - [2024-12-21T04:37:41.040+0000] {manager.py:507} INFO - Created Permission View: can edit on DAG:example_branch_datetime_operator_3
[2024-12-21T04:37:41.057+0000] {logging_mixin.py:120} INFO - [2024-12-21T04:37:41.057+0000] {manager.py:507} INFO - Created Permission View: can read on DAG:example_branch_datetime_operator_3
[2024-12-21T04:37:41.092+0000] {logging_mixin.py:120} INFO - [2024-12-21T04:37:41.092+0000] {manager.py:507} INFO - Created Permission View: can delete on DAG:example_branch_datetime_operator
[2024-12-21T04:37:41.120+0000] {logging_mixin.py:120} INFO - [2024-12-21T04:37:41.120+0000] {manager.py:507} INFO - Created Permission View: can edit on DAG:example_branch_datetime_operator
[2024-12-21T04:37:41.140+0000] {logging_mixin.py:120} INFO - [2024-12-21T04:37:41.140+0000] {manager.py:507} INFO - Created Permission View: can read on DAG:example_branch_datetime_operator
[2024-12-21T04:37:41.142+0000] {logging_mixin.py:120} INFO - [2024-12-21T04:37:41.142+0000] {dag.py:2585} INFO - Sync 3 DAGs
[2024-12-21T04:37:41.166+0000] {logging_mixin.py:120} INFO - [2024-12-21T04:37:41.165+0000] {dag.py:2606} INFO - Creating ORM DAG for example_branch_datetime_operator_3
[2024-12-21T04:37:41.170+0000] {logging_mixin.py:120} INFO - [2024-12-21T04:37:41.169+0000] {dag.py:2606} INFO - Creating ORM DAG for example_branch_datetime_operator_2
[2024-12-21T04:37:41.172+0000] {logging_mixin.py:120} INFO - [2024-12-21T04:37:41.172+0000] {dag.py:2606} INFO - Creating ORM DAG for example_branch_datetime_operator
[2024-12-21T04:37:41.202+0000] {logging_mixin.py:120} INFO - [2024-12-21T04:37:41.201+0000] {dag.py:3340} INFO - Setting next_dagrun for example_branch_datetime_operator to 2024-12-20T00:00:00+00:00, run_after=2024-12-21T00:00:00+00:00
[2024-12-21T04:37:41.209+0000] {logging_mixin.py:120} INFO - [2024-12-21T04:37:41.209+0000] {dag.py:3340} INFO - Setting next_dagrun for example_branch_datetime_operator_2 to 2024-12-20T00:00:00+00:00, run_after=2024-12-21T00:00:00+00:00
[2024-12-21T04:37:41.217+0000] {logging_mixin.py:120} INFO - [2024-12-21T04:37:41.216+0000] {dag.py:3340} INFO - Setting next_dagrun for example_branch_datetime_operator_3 to 2024-12-20T00:00:00+00:00, run_after=2024-12-21T00:00:00+00:00
[2024-12-21T04:37:41.472+0000] {processor.py:176} INFO - Processing /home/airflow/.local/lib/python3.7/site-packages/airflow/example_dags/example_branch_datetime_operator.py took 0.964 seconds
[2024-12-21T04:38:11.900+0000] {processor.py:154} INFO - Started process (PID=128) to work on /home/airflow/.local/lib/python3.7/site-packages/airflow/example_dags/example_branch_datetime_operator.py
[2024-12-21T04:38:11.903+0000] {processor.py:756} INFO - Processing file /home/airflow/.local/lib/python3.7/site-packages/airflow/example_dags/example_branch_datetime_operator.py for tasks to queue
[2024-12-21T04:38:11.904+0000] {logging_mixin.py:120} INFO - [2024-12-21T04:38:11.904+0000] {dagbag.py:537} INFO - Filling up the DagBag from /home/airflow/.local/lib/python3.7/site-packages/airflow/example_dags/example_branch_datetime_operator.py
[2024-12-21T04:38:11.932+0000] {processor.py:766} INFO - DAG(s) dict_keys(['example_branch_datetime_operator_2', 'example_branch_datetime_operator_3', 'example_branch_datetime_operator']) retrieved from /home/airflow/.local/lib/python3.7/site-packages/airflow/example_dags/example_branch_datetime_operator.py
[2024-12-21T04:38:11.974+0000] {logging_mixin.py:120} INFO - [2024-12-21T04:38:11.974+0000] {dag.py:2585} INFO - Sync 3 DAGs
[2024-12-21T04:38:11.998+0000] {logging_mixin.py:120} INFO - [2024-12-21T04:38:11.998+0000] {dag.py:3340} INFO - Setting next_dagrun for example_branch_datetime_operator to 2024-12-20T00:00:00+00:00, run_after=2024-12-21T00:00:00+00:00
[2024-12-21T04:38:12.003+0000] {logging_mixin.py:120} INFO - [2024-12-21T04:38:12.003+0000] {dag.py:3340} INFO - Setting next_dagrun for example_branch_datetime_operator_2 to 2024-12-20T00:00:00+00:00, run_after=2024-12-21T00:00:00+00:00
[2024-12-21T04:38:12.006+0000] {logging_mixin.py:120} INFO - [2024-12-21T04:38:12.006+0000] {dag.py:3340} INFO - Setting next_dagrun for example_branch_datetime_operator_3 to 2024-12-20T00:00:00+00:00, run_after=2024-12-21T00:00:00+00:00
[2024-12-21T04:38:12.027+0000] {processor.py:176} INFO - Processing /home/airflow/.local/lib/python3.7/site-packages/airflow/example_dags/example_branch_datetime_operator.py took 0.132 seconds
[2024-12-21T04:38:42.655+0000] {processor.py:154} INFO - Started process (PID=192) to work on /home/airflow/.local/lib/python3.7/site-packages/airflow/example_dags/example_branch_datetime_operator.py
[2024-12-21T04:38:42.656+0000] {processor.py:756} INFO - Processing file /home/airflow/.local/lib/python3.7/site-packages/airflow/example_dags/example_branch_datetime_operator.py for tasks to queue
[2024-12-21T04:38:42.657+0000] {logging_mixin.py:120} INFO - [2024-12-21T04:38:42.657+0000] {dagbag.py:537} INFO - Filling up the DagBag from /home/airflow/.local/lib/python3.7/site-packages/airflow/example_dags/example_branch_datetime_operator.py
[2024-12-21T04:38:42.684+0000] {processor.py:766} INFO - DAG(s) dict_keys(['example_branch_datetime_operator', 'example_branch_datetime_operator_2', 'example_branch_datetime_operator_3']) retrieved from /home/airflow/.local/lib/python3.7/site-packages/airflow/example_dags/example_branch_datetime_operator.py
[2024-12-21T04:38:42.739+0000] {logging_mixin.py:120} INFO - [2024-12-21T04:38:42.739+0000] {dag.py:2585} INFO - Sync 3 DAGs
[2024-12-21T04:38:42.760+0000] {logging_mixin.py:120} INFO - [2024-12-21T04:38:42.760+0000] {dag.py:3340} INFO - Setting next_dagrun for example_branch_datetime_operator to 2024-12-20T00:00:00+00:00, run_after=2024-12-21T00:00:00+00:00
[2024-12-21T04:38:42.764+0000] {logging_mixin.py:120} INFO - [2024-12-21T04:38:42.764+0000] {dag.py:3340} INFO - Setting next_dagrun for example_branch_datetime_operator_2 to 2024-12-20T00:00:00+00:00, run_after=2024-12-21T00:00:00+00:00
[2024-12-21T04:38:42.768+0000] {logging_mixin.py:120} INFO - [2024-12-21T04:38:42.768+0000] {dag.py:3340} INFO - Setting next_dagrun for example_branch_datetime_operator_3 to 2024-12-20T00:00:00+00:00, run_after=2024-12-21T00:00:00+00:00
[2024-12-21T04:38:42.784+0000] {processor.py:176} INFO - Processing /home/airflow/.local/lib/python3.7/site-packages/airflow/example_dags/example_branch_datetime_operator.py took 0.135 seconds
[2024-12-21T04:39:12.936+0000] {processor.py:154} INFO - Started process (PID=246) to work on /home/airflow/.local/lib/python3.7/site-packages/airflow/example_dags/example_branch_datetime_operator.py
[2024-12-21T04:39:12.939+0000] {processor.py:756} INFO - Processing file /home/airflow/.local/lib/python3.7/site-packages/airflow/example_dags/example_branch_datetime_operator.py for tasks to queue
[2024-12-21T04:39:12.940+0000] {logging_mixin.py:120} INFO - [2024-12-21T04:39:12.939+0000] {dagbag.py:537} INFO - Filling up the DagBag from /home/airflow/.local/lib/python3.7/site-packages/airflow/example_dags/example_branch_datetime_operator.py
[2024-12-21T04:39:12.958+0000] {processor.py:766} INFO - DAG(s) dict_keys(['example_branch_datetime_operator_3', 'example_branch_datetime_operator', 'example_branch_datetime_operator_2']) retrieved from /home/airflow/.local/lib/python3.7/site-packages/airflow/example_dags/example_branch_datetime_operator.py
[2024-12-21T04:39:13.017+0000] {logging_mixin.py:120} INFO - [2024-12-21T04:39:13.017+0000] {dag.py:2585} INFO - Sync 3 DAGs
[2024-12-21T04:39:13.041+0000] {logging_mixin.py:120} INFO - [2024-12-21T04:39:13.041+0000] {dag.py:3340} INFO - Setting next_dagrun for example_branch_datetime_operator to 2024-12-20T00:00:00+00:00, run_after=2024-12-21T00:00:00+00:00
[2024-12-21T04:39:13.047+0000] {logging_mixin.py:120} INFO - [2024-12-21T04:39:13.046+0000] {dag.py:3340} INFO - Setting next_dagrun for example_branch_datetime_operator_2 to 2024-12-20T00:00:00+00:00, run_after=2024-12-21T00:00:00+00:00
[2024-12-21T04:39:13.050+0000] {logging_mixin.py:120} INFO - [2024-12-21T04:39:13.050+0000] {dag.py:3340} INFO - Setting next_dagrun for example_branch_datetime_operator_3 to 2024-12-20T00:00:00+00:00, run_after=2024-12-21T00:00:00+00:00
[2024-12-21T04:39:13.085+0000] {processor.py:176} INFO - Processing /home/airflow/.local/lib/python3.7/site-packages/airflow/example_dags/example_branch_datetime_operator.py took 0.153 seconds
[2024-12-21T04:39:43.652+0000] {processor.py:154} INFO - Started process (PID=309) to work on /home/airflow/.local/lib/python3.7/site-packages/airflow/example_dags/example_branch_datetime_operator.py
[2024-12-21T04:39:43.653+0000] {processor.py:756} INFO - Processing file /home/airflow/.local/lib/python3.7/site-packages/airflow/example_dags/example_branch_datetime_operator.py for tasks to queue
[2024-12-21T04:39:43.654+0000] {logging_mixin.py:120} INFO - [2024-12-21T04:39:43.654+0000] {dagbag.py:537} INFO - Filling up the DagBag from /home/airflow/.local/lib/python3.7/site-packages/airflow/example_dags/example_branch_datetime_operator.py
[2024-12-21T04:39:43.673+0000] {processor.py:766} INFO - DAG(s) dict_keys(['example_branch_datetime_operator_2', 'example_branch_datetime_operator', 'example_branch_datetime_operator_3']) retrieved from /home/airflow/.local/lib/python3.7/site-packages/airflow/example_dags/example_branch_datetime_operator.py
[2024-12-21T04:39:43.717+0000] {logging_mixin.py:120} INFO - [2024-12-21T04:39:43.716+0000] {dag.py:2585} INFO - Sync 3 DAGs
[2024-12-21T04:39:43.739+0000] {logging_mixin.py:120} INFO - [2024-12-21T04:39:43.739+0000] {dag.py:3340} INFO - Setting next_dagrun for example_branch_datetime_operator to 2024-12-20T00:00:00+00:00, run_after=2024-12-21T00:00:00+00:00
[2024-12-21T04:39:43.745+0000] {logging_mixin.py:120} INFO - [2024-12-21T04:39:43.745+0000] {dag.py:3340} INFO - Setting next_dagrun for example_branch_datetime_operator_2 to 2024-12-20T00:00:00+00:00, run_after=2024-12-21T00:00:00+00:00
[2024-12-21T04:39:43.746+0000] {logging_mixin.py:120} INFO - [2024-12-21T04:39:43.746+0000] {dag.py:3340} INFO - Setting next_dagrun for example_branch_datetime_operator_3 to 2024-12-20T00:00:00+00:00, run_after=2024-12-21T00:00:00+00:00
[2024-12-21T04:39:43.763+0000] {processor.py:176} INFO - Processing /home/airflow/.local/lib/python3.7/site-packages/airflow/example_dags/example_branch_datetime_operator.py took 0.115 seconds
[2024-12-21T04:40:14.440+0000] {processor.py:154} INFO - Started process (PID=372) to work on /home/airflow/.local/lib/python3.7/site-packages/airflow/example_dags/example_branch_datetime_operator.py
[2024-12-21T04:40:14.441+0000] {processor.py:756} INFO - Processing file /home/airflow/.local/lib/python3.7/site-packages/airflow/example_dags/example_branch_datetime_operator.py for tasks to queue
[2024-12-21T04:40:14.443+0000] {logging_mixin.py:120} INFO - [2024-12-21T04:40:14.443+0000] {dagbag.py:537} INFO - Filling up the DagBag from /home/airflow/.local/lib/python3.7/site-packages/airflow/example_dags/example_branch_datetime_operator.py
[2024-12-21T04:40:14.481+0000] {processor.py:766} INFO - DAG(s) dict_keys(['example_branch_datetime_operator', 'example_branch_datetime_operator_2', 'example_branch_datetime_operator_3']) retrieved from /home/airflow/.local/lib/python3.7/site-packages/airflow/example_dags/example_branch_datetime_operator.py
[2024-12-21T04:40:14.545+0000] {logging_mixin.py:120} INFO - [2024-12-21T04:40:14.545+0000] {dag.py:2585} INFO - Sync 3 DAGs
[2024-12-21T04:40:14.582+0000] {logging_mixin.py:120} INFO - [2024-12-21T04:40:14.582+0000] {dag.py:3340} INFO - Setting next_dagrun for example_branch_datetime_operator to 2024-12-20T00:00:00+00:00, run_after=2024-12-21T00:00:00+00:00
[2024-12-21T04:40:14.587+0000] {logging_mixin.py:120} INFO - [2024-12-21T04:40:14.587+0000] {dag.py:3340} INFO - Setting next_dagrun for example_branch_datetime_operator_2 to 2024-12-20T00:00:00+00:00, run_after=2024-12-21T00:00:00+00:00
[2024-12-21T04:40:14.590+0000] {logging_mixin.py:120} INFO - [2024-12-21T04:40:14.590+0000] {dag.py:3340} INFO - Setting next_dagrun for example_branch_datetime_operator_3 to 2024-12-20T00:00:00+00:00, run_after=2024-12-21T00:00:00+00:00
[2024-12-21T04:40:14.612+0000] {processor.py:176} INFO - Processing /home/airflow/.local/lib/python3.7/site-packages/airflow/example_dags/example_branch_datetime_operator.py took 0.180 seconds
[2024-12-21T04:40:45.210+0000] {processor.py:154} INFO - Started process (PID=426) to work on /home/airflow/.local/lib/python3.7/site-packages/airflow/example_dags/example_branch_datetime_operator.py
[2024-12-21T04:40:45.211+0000] {processor.py:756} INFO - Processing file /home/airflow/.local/lib/python3.7/site-packages/airflow/example_dags/example_branch_datetime_operator.py for tasks to queue
[2024-12-21T04:40:45.212+0000] {logging_mixin.py:120} INFO - [2024-12-21T04:40:45.212+0000] {dagbag.py:537} INFO - Filling up the DagBag from /home/airflow/.local/lib/python3.7/site-packages/airflow/example_dags/example_branch_datetime_operator.py
[2024-12-21T04:40:45.233+0000] {processor.py:766} INFO - DAG(s) dict_keys(['example_branch_datetime_operator', 'example_branch_datetime_operator_3', 'example_branch_datetime_operator_2']) retrieved from /home/airflow/.local/lib/python3.7/site-packages/airflow/example_dags/example_branch_datetime_operator.py
[2024-12-21T04:40:45.273+0000] {logging_mixin.py:120} INFO - [2024-12-21T04:40:45.273+0000] {dag.py:2585} INFO - Sync 3 DAGs
[2024-12-21T04:40:45.293+0000] {logging_mixin.py:120} INFO - [2024-12-21T04:40:45.293+0000] {dag.py:3340} INFO - Setting next_dagrun for example_branch_datetime_operator to 2024-12-20T00:00:00+00:00, run_after=2024-12-21T00:00:00+00:00
[2024-12-21T04:40:45.297+0000] {logging_mixin.py:120} INFO - [2024-12-21T04:40:45.297+0000] {dag.py:3340} INFO - Setting next_dagrun for example_branch_datetime_operator_2 to 2024-12-20T00:00:00+00:00, run_after=2024-12-21T00:00:00+00:00
[2024-12-21T04:40:45.299+0000] {logging_mixin.py:120} INFO - [2024-12-21T04:40:45.298+0000] {dag.py:3340} INFO - Setting next_dagrun for example_branch_datetime_operator_3 to 2024-12-20T00:00:00+00:00, run_after=2024-12-21T00:00:00+00:00
[2024-12-21T04:40:45.314+0000] {processor.py:176} INFO - Processing /home/airflow/.local/lib/python3.7/site-packages/airflow/example_dags/example_branch_datetime_operator.py took 0.110 seconds
[2024-12-21T04:41:15.463+0000] {processor.py:154} INFO - Started process (PID=489) to work on /home/airflow/.local/lib/python3.7/site-packages/airflow/example_dags/example_branch_datetime_operator.py
[2024-12-21T04:41:15.464+0000] {processor.py:756} INFO - Processing file /home/airflow/.local/lib/python3.7/site-packages/airflow/example_dags/example_branch_datetime_operator.py for tasks to queue
[2024-12-21T04:41:15.466+0000] {logging_mixin.py:120} INFO - [2024-12-21T04:41:15.466+0000] {dagbag.py:537} INFO - Filling up the DagBag from /home/airflow/.local/lib/python3.7/site-packages/airflow/example_dags/example_branch_datetime_operator.py
[2024-12-21T04:41:15.488+0000] {processor.py:766} INFO - DAG(s) dict_keys(['example_branch_datetime_operator', 'example_branch_datetime_operator_3', 'example_branch_datetime_operator_2']) retrieved from /home/airflow/.local/lib/python3.7/site-packages/airflow/example_dags/example_branch_datetime_operator.py
[2024-12-21T04:41:15.536+0000] {logging_mixin.py:120} INFO - [2024-12-21T04:41:15.535+0000] {dag.py:2585} INFO - Sync 3 DAGs
[2024-12-21T04:41:15.556+0000] {logging_mixin.py:120} INFO - [2024-12-21T04:41:15.556+0000] {dag.py:3340} INFO - Setting next_dagrun for example_branch_datetime_operator to 2024-12-20T00:00:00+00:00, run_after=2024-12-21T00:00:00+00:00
[2024-12-21T04:41:15.559+0000] {logging_mixin.py:120} INFO - [2024-12-21T04:41:15.559+0000] {dag.py:3340} INFO - Setting next_dagrun for example_branch_datetime_operator_2 to 2024-12-20T00:00:00+00:00, run_after=2024-12-21T00:00:00+00:00
[2024-12-21T04:41:15.562+0000] {logging_mixin.py:120} INFO - [2024-12-21T04:41:15.562+0000] {dag.py:3340} INFO - Setting next_dagrun for example_branch_datetime_operator_3 to 2024-12-20T00:00:00+00:00, run_after=2024-12-21T00:00:00+00:00
[2024-12-21T04:41:15.574+0000] {processor.py:176} INFO - Processing /home/airflow/.local/lib/python3.7/site-packages/airflow/example_dags/example_branch_datetime_operator.py took 0.116 seconds
[2024-12-21T04:41:45.832+0000] {processor.py:154} INFO - Started process (PID=552) to work on /home/airflow/.local/lib/python3.7/site-packages/airflow/example_dags/example_branch_datetime_operator.py
[2024-12-21T04:41:45.835+0000] {processor.py:756} INFO - Processing file /home/airflow/.local/lib/python3.7/site-packages/airflow/example_dags/example_branch_datetime_operator.py for tasks to queue
[2024-12-21T04:41:45.837+0000] {logging_mixin.py:120} INFO - [2024-12-21T04:41:45.837+0000] {dagbag.py:537} INFO - Filling up the DagBag from /home/airflow/.local/lib/python3.7/site-packages/airflow/example_dags/example_branch_datetime_operator.py
[2024-12-21T04:41:45.880+0000] {processor.py:766} INFO - DAG(s) dict_keys(['example_branch_datetime_operator_3', 'example_branch_datetime_operator', 'example_branch_datetime_operator_2']) retrieved from /home/airflow/.local/lib/python3.7/site-packages/airflow/example_dags/example_branch_datetime_operator.py
[2024-12-21T04:41:45.967+0000] {logging_mixin.py:120} INFO - [2024-12-21T04:41:45.967+0000] {dag.py:2585} INFO - Sync 3 DAGs
[2024-12-21T04:41:45.993+0000] {logging_mixin.py:120} INFO - [2024-12-21T04:41:45.993+0000] {dag.py:3340} INFO - Setting next_dagrun for example_branch_datetime_operator to 2024-12-20T00:00:00+00:00, run_after=2024-12-21T00:00:00+00:00
[2024-12-21T04:41:45.999+0000] {logging_mixin.py:120} INFO - [2024-12-21T04:41:45.998+0000] {dag.py:3340} INFO - Setting next_dagrun for example_branch_datetime_operator_2 to 2024-12-20T00:00:00+00:00, run_after=2024-12-21T00:00:00+00:00
[2024-12-21T04:41:46.001+0000] {logging_mixin.py:120} INFO - [2024-12-21T04:41:46.000+0000] {dag.py:3340} INFO - Setting next_dagrun for example_branch_datetime_operator_3 to 2024-12-20T00:00:00+00:00, run_after=2024-12-21T00:00:00+00:00
[2024-12-21T04:41:46.027+0000] {processor.py:176} INFO - Processing /home/airflow/.local/lib/python3.7/site-packages/airflow/example_dags/example_branch_datetime_operator.py took 0.204 seconds
[2024-12-21T04:42:16.395+0000] {processor.py:154} INFO - Started process (PID=615) to work on /home/airflow/.local/lib/python3.7/site-packages/airflow/example_dags/example_branch_datetime_operator.py
[2024-12-21T04:42:16.395+0000] {processor.py:756} INFO - Processing file /home/airflow/.local/lib/python3.7/site-packages/airflow/example_dags/example_branch_datetime_operator.py for tasks to queue
[2024-12-21T04:42:16.397+0000] {logging_mixin.py:120} INFO - [2024-12-21T04:42:16.396+0000] {dagbag.py:537} INFO - Filling up the DagBag from /home/airflow/.local/lib/python3.7/site-packages/airflow/example_dags/example_branch_datetime_operator.py
[2024-12-21T04:42:16.413+0000] {processor.py:766} INFO - DAG(s) dict_keys(['example_branch_datetime_operator', 'example_branch_datetime_operator_2', 'example_branch_datetime_operator_3']) retrieved from /home/airflow/.local/lib/python3.7/site-packages/airflow/example_dags/example_branch_datetime_operator.py
[2024-12-21T04:42:16.464+0000] {logging_mixin.py:120} INFO - [2024-12-21T04:42:16.464+0000] {dag.py:2585} INFO - Sync 3 DAGs
[2024-12-21T04:42:16.489+0000] {logging_mixin.py:120} INFO - [2024-12-21T04:42:16.489+0000] {dag.py:3340} INFO - Setting next_dagrun for example_branch_datetime_operator to 2024-12-20T00:00:00+00:00, run_after=2024-12-21T00:00:00+00:00
[2024-12-21T04:42:16.493+0000] {logging_mixin.py:120} INFO - [2024-12-21T04:42:16.493+0000] {dag.py:3340} INFO - Setting next_dagrun for example_branch_datetime_operator_2 to 2024-12-20T00:00:00+00:00, run_after=2024-12-21T00:00:00+00:00
[2024-12-21T04:42:16.498+0000] {logging_mixin.py:120} INFO - [2024-12-21T04:42:16.498+0000] {dag.py:3340} INFO - Setting next_dagrun for example_branch_datetime_operator_3 to 2024-12-20T00:00:00+00:00, run_after=2024-12-21T00:00:00+00:00
[2024-12-21T04:42:16.526+0000] {processor.py:176} INFO - Processing /home/airflow/.local/lib/python3.7/site-packages/airflow/example_dags/example_branch_datetime_operator.py took 0.134 seconds
[2024-12-21T04:42:46.952+0000] {processor.py:154} INFO - Started process (PID=669) to work on /home/airflow/.local/lib/python3.7/site-packages/airflow/example_dags/example_branch_datetime_operator.py
[2024-12-21T04:42:46.953+0000] {processor.py:756} INFO - Processing file /home/airflow/.local/lib/python3.7/site-packages/airflow/example_dags/example_branch_datetime_operator.py for tasks to queue
[2024-12-21T04:42:46.954+0000] {logging_mixin.py:120} INFO - [2024-12-21T04:42:46.954+0000] {dagbag.py:537} INFO - Filling up the DagBag from /home/airflow/.local/lib/python3.7/site-packages/airflow/example_dags/example_branch_datetime_operator.py
[2024-12-21T04:42:46.973+0000] {processor.py:766} INFO - DAG(s) dict_keys(['example_branch_datetime_operator_2', 'example_branch_datetime_operator_3', 'example_branch_datetime_operator']) retrieved from /home/airflow/.local/lib/python3.7/site-packages/airflow/example_dags/example_branch_datetime_operator.py
[2024-12-21T04:42:47.011+0000] {logging_mixin.py:120} INFO - [2024-12-21T04:42:47.011+0000] {dag.py:2585} INFO - Sync 3 DAGs
[2024-12-21T04:42:47.032+0000] {logging_mixin.py:120} INFO - [2024-12-21T04:42:47.032+0000] {dag.py:3340} INFO - Setting next_dagrun for example_branch_datetime_operator to 2024-12-20T00:00:00+00:00, run_after=2024-12-21T00:00:00+00:00
[2024-12-21T04:42:47.035+0000] {logging_mixin.py:120} INFO - [2024-12-21T04:42:47.035+0000] {dag.py:3340} INFO - Setting next_dagrun for example_branch_datetime_operator_2 to 2024-12-20T00:00:00+00:00, run_after=2024-12-21T00:00:00+00:00
[2024-12-21T04:42:47.037+0000] {logging_mixin.py:120} INFO - [2024-12-21T04:42:47.037+0000] {dag.py:3340} INFO - Setting next_dagrun for example_branch_datetime_operator_3 to 2024-12-20T00:00:00+00:00, run_after=2024-12-21T00:00:00+00:00
[2024-12-21T04:42:47.049+0000] {processor.py:176} INFO - Processing /home/airflow/.local/lib/python3.7/site-packages/airflow/example_dags/example_branch_datetime_operator.py took 0.101 seconds
[2024-12-21T04:43:17.472+0000] {processor.py:154} INFO - Started process (PID=732) to work on /home/airflow/.local/lib/python3.7/site-packages/airflow/example_dags/example_branch_datetime_operator.py
[2024-12-21T04:43:17.473+0000] {processor.py:756} INFO - Processing file /home/airflow/.local/lib/python3.7/site-packages/airflow/example_dags/example_branch_datetime_operator.py for tasks to queue
[2024-12-21T04:43:17.473+0000] {logging_mixin.py:120} INFO - [2024-12-21T04:43:17.473+0000] {dagbag.py:537} INFO - Filling up the DagBag from /home/airflow/.local/lib/python3.7/site-packages/airflow/example_dags/example_branch_datetime_operator.py
[2024-12-21T04:43:17.490+0000] {processor.py:766} INFO - DAG(s) dict_keys(['example_branch_datetime_operator_2', 'example_branch_datetime_operator_3', 'example_branch_datetime_operator']) retrieved from /home/airflow/.local/lib/python3.7/site-packages/airflow/example_dags/example_branch_datetime_operator.py
[2024-12-21T04:43:17.539+0000] {logging_mixin.py:120} INFO - [2024-12-21T04:43:17.539+0000] {dag.py:2585} INFO - Sync 3 DAGs
[2024-12-21T04:43:17.562+0000] {logging_mixin.py:120} INFO - [2024-12-21T04:43:17.562+0000] {dag.py:3340} INFO - Setting next_dagrun for example_branch_datetime_operator to 2024-12-20T00:00:00+00:00, run_after=2024-12-21T00:00:00+00:00
[2024-12-21T04:43:17.566+0000] {logging_mixin.py:120} INFO - [2024-12-21T04:43:17.566+0000] {dag.py:3340} INFO - Setting next_dagrun for example_branch_datetime_operator_2 to 2024-12-20T00:00:00+00:00, run_after=2024-12-21T00:00:00+00:00
[2024-12-21T04:43:17.568+0000] {logging_mixin.py:120} INFO - [2024-12-21T04:43:17.567+0000] {dag.py:3340} INFO - Setting next_dagrun for example_branch_datetime_operator_3 to 2024-12-20T00:00:00+00:00, run_after=2024-12-21T00:00:00+00:00
[2024-12-21T04:43:17.582+0000] {processor.py:176} INFO - Processing /home/airflow/.local/lib/python3.7/site-packages/airflow/example_dags/example_branch_datetime_operator.py took 0.115 seconds
[2024-12-21T04:43:48.216+0000] {processor.py:154} INFO - Started process (PID=795) to work on /home/airflow/.local/lib/python3.7/site-packages/airflow/example_dags/example_branch_datetime_operator.py
[2024-12-21T04:43:48.217+0000] {processor.py:756} INFO - Processing file /home/airflow/.local/lib/python3.7/site-packages/airflow/example_dags/example_branch_datetime_operator.py for tasks to queue
[2024-12-21T04:43:48.218+0000] {logging_mixin.py:120} INFO - [2024-12-21T04:43:48.218+0000] {dagbag.py:537} INFO - Filling up the DagBag from /home/airflow/.local/lib/python3.7/site-packages/airflow/example_dags/example_branch_datetime_operator.py
[2024-12-21T04:43:48.243+0000] {processor.py:766} INFO - DAG(s) dict_keys(['example_branch_datetime_operator_3', 'example_branch_datetime_operator_2', 'example_branch_datetime_operator']) retrieved from /home/airflow/.local/lib/python3.7/site-packages/airflow/example_dags/example_branch_datetime_operator.py
[2024-12-21T04:43:48.291+0000] {logging_mixin.py:120} INFO - [2024-12-21T04:43:48.291+0000] {dag.py:2585} INFO - Sync 3 DAGs
[2024-12-21T04:43:48.318+0000] {logging_mixin.py:120} INFO - [2024-12-21T04:43:48.318+0000] {dag.py:3340} INFO - Setting next_dagrun for example_branch_datetime_operator to 2024-12-20T00:00:00+00:00, run_after=2024-12-21T00:00:00+00:00
[2024-12-21T04:43:48.323+0000] {logging_mixin.py:120} INFO - [2024-12-21T04:43:48.323+0000] {dag.py:3340} INFO - Setting next_dagrun for example_branch_datetime_operator_2 to 2024-12-20T00:00:00+00:00, run_after=2024-12-21T00:00:00+00:00
[2024-12-21T04:43:48.327+0000] {logging_mixin.py:120} INFO - [2024-12-21T04:43:48.327+0000] {dag.py:3340} INFO - Setting next_dagrun for example_branch_datetime_operator_3 to 2024-12-20T00:00:00+00:00, run_after=2024-12-21T00:00:00+00:00
[2024-12-21T04:43:48.345+0000] {processor.py:176} INFO - Processing /home/airflow/.local/lib/python3.7/site-packages/airflow/example_dags/example_branch_datetime_operator.py took 0.136 seconds
[2024-12-21T04:44:19.035+0000] {processor.py:154} INFO - Started process (PID=849) to work on /home/airflow/.local/lib/python3.7/site-packages/airflow/example_dags/example_branch_datetime_operator.py
[2024-12-21T04:44:19.036+0000] {processor.py:756} INFO - Processing file /home/airflow/.local/lib/python3.7/site-packages/airflow/example_dags/example_branch_datetime_operator.py for tasks to queue
[2024-12-21T04:44:19.037+0000] {logging_mixin.py:120} INFO - [2024-12-21T04:44:19.037+0000] {dagbag.py:537} INFO - Filling up the DagBag from /home/airflow/.local/lib/python3.7/site-packages/airflow/example_dags/example_branch_datetime_operator.py
[2024-12-21T04:44:19.057+0000] {processor.py:766} INFO - DAG(s) dict_keys(['example_branch_datetime_operator', 'example_branch_datetime_operator_2', 'example_branch_datetime_operator_3']) retrieved from /home/airflow/.local/lib/python3.7/site-packages/airflow/example_dags/example_branch_datetime_operator.py
[2024-12-21T04:44:19.095+0000] {logging_mixin.py:120} INFO - [2024-12-21T04:44:19.095+0000] {dag.py:2585} INFO - Sync 3 DAGs
[2024-12-21T04:44:19.116+0000] {logging_mixin.py:120} INFO - [2024-12-21T04:44:19.116+0000] {dag.py:3340} INFO - Setting next_dagrun for example_branch_datetime_operator to 2024-12-20T00:00:00+00:00, run_after=2024-12-21T00:00:00+00:00
[2024-12-21T04:44:19.119+0000] {logging_mixin.py:120} INFO - [2024-12-21T04:44:19.119+0000] {dag.py:3340} INFO - Setting next_dagrun for example_branch_datetime_operator_2 to 2024-12-20T00:00:00+00:00, run_after=2024-12-21T00:00:00+00:00
[2024-12-21T04:44:19.121+0000] {logging_mixin.py:120} INFO - [2024-12-21T04:44:19.121+0000] {dag.py:3340} INFO - Setting next_dagrun for example_branch_datetime_operator_3 to 2024-12-20T00:00:00+00:00, run_after=2024-12-21T00:00:00+00:00
[2024-12-21T04:44:19.134+0000] {processor.py:176} INFO - Processing /home/airflow/.local/lib/python3.7/site-packages/airflow/example_dags/example_branch_datetime_operator.py took 0.103 seconds
[2024-12-21T04:44:49.546+0000] {processor.py:154} INFO - Started process (PID=912) to work on /home/airflow/.local/lib/python3.7/site-packages/airflow/example_dags/example_branch_datetime_operator.py
[2024-12-21T04:44:49.547+0000] {processor.py:756} INFO - Processing file /home/airflow/.local/lib/python3.7/site-packages/airflow/example_dags/example_branch_datetime_operator.py for tasks to queue
[2024-12-21T04:44:49.548+0000] {logging_mixin.py:120} INFO - [2024-12-21T04:44:49.548+0000] {dagbag.py:537} INFO - Filling up the DagBag from /home/airflow/.local/lib/python3.7/site-packages/airflow/example_dags/example_branch_datetime_operator.py
[2024-12-21T04:44:49.567+0000] {processor.py:766} INFO - DAG(s) dict_keys(['example_branch_datetime_operator_3', 'example_branch_datetime_operator', 'example_branch_datetime_operator_2']) retrieved from /home/airflow/.local/lib/python3.7/site-packages/airflow/example_dags/example_branch_datetime_operator.py
[2024-12-21T04:44:49.619+0000] {logging_mixin.py:120} INFO - [2024-12-21T04:44:49.618+0000] {dag.py:2585} INFO - Sync 3 DAGs
[2024-12-21T04:44:49.649+0000] {logging_mixin.py:120} INFO - [2024-12-21T04:44:49.649+0000] {dag.py:3340} INFO - Setting next_dagrun for example_branch_datetime_operator to 2024-12-20T00:00:00+00:00, run_after=2024-12-21T00:00:00+00:00
[2024-12-21T04:44:49.656+0000] {logging_mixin.py:120} INFO - [2024-12-21T04:44:49.656+0000] {dag.py:3340} INFO - Setting next_dagrun for example_branch_datetime_operator_2 to 2024-12-20T00:00:00+00:00, run_after=2024-12-21T00:00:00+00:00
[2024-12-21T04:44:49.659+0000] {logging_mixin.py:120} INFO - [2024-12-21T04:44:49.659+0000] {dag.py:3340} INFO - Setting next_dagrun for example_branch_datetime_operator_3 to 2024-12-20T00:00:00+00:00, run_after=2024-12-21T00:00:00+00:00
[2024-12-21T04:44:49.679+0000] {processor.py:176} INFO - Processing /home/airflow/.local/lib/python3.7/site-packages/airflow/example_dags/example_branch_datetime_operator.py took 0.137 seconds
[2024-12-21T04:45:20.025+0000] {processor.py:154} INFO - Started process (PID=966) to work on /home/airflow/.local/lib/python3.7/site-packages/airflow/example_dags/example_branch_datetime_operator.py
[2024-12-21T04:45:20.026+0000] {processor.py:756} INFO - Processing file /home/airflow/.local/lib/python3.7/site-packages/airflow/example_dags/example_branch_datetime_operator.py for tasks to queue
[2024-12-21T04:45:20.027+0000] {logging_mixin.py:120} INFO - [2024-12-21T04:45:20.027+0000] {dagbag.py:537} INFO - Filling up the DagBag from /home/airflow/.local/lib/python3.7/site-packages/airflow/example_dags/example_branch_datetime_operator.py
[2024-12-21T04:45:20.050+0000] {processor.py:766} INFO - DAG(s) dict_keys(['example_branch_datetime_operator_3', 'example_branch_datetime_operator', 'example_branch_datetime_operator_2']) retrieved from /home/airflow/.local/lib/python3.7/site-packages/airflow/example_dags/example_branch_datetime_operator.py
[2024-12-21T04:45:20.096+0000] {logging_mixin.py:120} INFO - [2024-12-21T04:45:20.096+0000] {dag.py:2585} INFO - Sync 3 DAGs
[2024-12-21T04:45:20.117+0000] {logging_mixin.py:120} INFO - [2024-12-21T04:45:20.117+0000] {dag.py:3340} INFO - Setting next_dagrun for example_branch_datetime_operator to 2024-12-20T00:00:00+00:00, run_after=2024-12-21T00:00:00+00:00
[2024-12-21T04:45:20.120+0000] {logging_mixin.py:120} INFO - [2024-12-21T04:45:20.120+0000] {dag.py:3340} INFO - Setting next_dagrun for example_branch_datetime_operator_2 to 2024-12-20T00:00:00+00:00, run_after=2024-12-21T00:00:00+00:00
[2024-12-21T04:45:20.122+0000] {logging_mixin.py:120} INFO - [2024-12-21T04:45:20.122+0000] {dag.py:3340} INFO - Setting next_dagrun for example_branch_datetime_operator_3 to 2024-12-20T00:00:00+00:00, run_after=2024-12-21T00:00:00+00:00
[2024-12-21T04:45:20.135+0000] {processor.py:176} INFO - Processing /home/airflow/.local/lib/python3.7/site-packages/airflow/example_dags/example_branch_datetime_operator.py took 0.116 seconds
[2024-12-21T04:45:50.608+0000] {processor.py:154} INFO - Started process (PID=1029) to work on /home/airflow/.local/lib/python3.7/site-packages/airflow/example_dags/example_branch_datetime_operator.py
[2024-12-21T04:45:50.609+0000] {processor.py:756} INFO - Processing file /home/airflow/.local/lib/python3.7/site-packages/airflow/example_dags/example_branch_datetime_operator.py for tasks to queue
[2024-12-21T04:45:50.610+0000] {logging_mixin.py:120} INFO - [2024-12-21T04:45:50.610+0000] {dagbag.py:537} INFO - Filling up the DagBag from /home/airflow/.local/lib/python3.7/site-packages/airflow/example_dags/example_branch_datetime_operator.py
[2024-12-21T04:45:50.626+0000] {processor.py:766} INFO - DAG(s) dict_keys(['example_branch_datetime_operator', 'example_branch_datetime_operator_3', 'example_branch_datetime_operator_2']) retrieved from /home/airflow/.local/lib/python3.7/site-packages/airflow/example_dags/example_branch_datetime_operator.py
[2024-12-21T04:45:50.662+0000] {logging_mixin.py:120} INFO - [2024-12-21T04:45:50.662+0000] {dag.py:2585} INFO - Sync 3 DAGs
[2024-12-21T04:45:50.681+0000] {logging_mixin.py:120} INFO - [2024-12-21T04:45:50.681+0000] {dag.py:3340} INFO - Setting next_dagrun for example_branch_datetime_operator to 2024-12-20T00:00:00+00:00, run_after=2024-12-21T00:00:00+00:00
[2024-12-21T04:45:50.684+0000] {logging_mixin.py:120} INFO - [2024-12-21T04:45:50.684+0000] {dag.py:3340} INFO - Setting next_dagrun for example_branch_datetime_operator_2 to 2024-12-20T00:00:00+00:00, run_after=2024-12-21T00:00:00+00:00
[2024-12-21T04:45:50.686+0000] {logging_mixin.py:120} INFO - [2024-12-21T04:45:50.686+0000] {dag.py:3340} INFO - Setting next_dagrun for example_branch_datetime_operator_3 to 2024-12-20T00:00:00+00:00, run_after=2024-12-21T00:00:00+00:00
[2024-12-21T04:45:50.698+0000] {processor.py:176} INFO - Processing /home/airflow/.local/lib/python3.7/site-packages/airflow/example_dags/example_branch_datetime_operator.py took 0.095 seconds
[2024-12-21T04:46:21.346+0000] {processor.py:154} INFO - Started process (PID=1092) to work on /home/airflow/.local/lib/python3.7/site-packages/airflow/example_dags/example_branch_datetime_operator.py
[2024-12-21T04:46:21.347+0000] {processor.py:756} INFO - Processing file /home/airflow/.local/lib/python3.7/site-packages/airflow/example_dags/example_branch_datetime_operator.py for tasks to queue
[2024-12-21T04:46:21.348+0000] {logging_mixin.py:120} INFO - [2024-12-21T04:46:21.348+0000] {dagbag.py:537} INFO - Filling up the DagBag from /home/airflow/.local/lib/python3.7/site-packages/airflow/example_dags/example_branch_datetime_operator.py
[2024-12-21T04:46:21.369+0000] {processor.py:766} INFO - DAG(s) dict_keys(['example_branch_datetime_operator_3', 'example_branch_datetime_operator_2', 'example_branch_datetime_operator']) retrieved from /home/airflow/.local/lib/python3.7/site-packages/airflow/example_dags/example_branch_datetime_operator.py
[2024-12-21T04:46:21.410+0000] {logging_mixin.py:120} INFO - [2024-12-21T04:46:21.410+0000] {dag.py:2585} INFO - Sync 3 DAGs
[2024-12-21T04:46:21.436+0000] {logging_mixin.py:120} INFO - [2024-12-21T04:46:21.436+0000] {dag.py:3340} INFO - Setting next_dagrun for example_branch_datetime_operator to 2024-12-20T00:00:00+00:00, run_after=2024-12-21T00:00:00+00:00
[2024-12-21T04:46:21.442+0000] {logging_mixin.py:120} INFO - [2024-12-21T04:46:21.441+0000] {dag.py:3340} INFO - Setting next_dagrun for example_branch_datetime_operator_2 to 2024-12-20T00:00:00+00:00, run_after=2024-12-21T00:00:00+00:00
[2024-12-21T04:46:21.444+0000] {logging_mixin.py:120} INFO - [2024-12-21T04:46:21.443+0000] {dag.py:3340} INFO - Setting next_dagrun for example_branch_datetime_operator_3 to 2024-12-20T00:00:00+00:00, run_after=2024-12-21T00:00:00+00:00
[2024-12-21T04:46:21.459+0000] {processor.py:176} INFO - Processing /home/airflow/.local/lib/python3.7/site-packages/airflow/example_dags/example_branch_datetime_operator.py took 0.118 seconds
[2024-12-21T04:46:52.099+0000] {processor.py:154} INFO - Started process (PID=1155) to work on /home/airflow/.local/lib/python3.7/site-packages/airflow/example_dags/example_branch_datetime_operator.py
[2024-12-21T04:46:52.102+0000] {processor.py:756} INFO - Processing file /home/airflow/.local/lib/python3.7/site-packages/airflow/example_dags/example_branch_datetime_operator.py for tasks to queue
[2024-12-21T04:46:52.102+0000] {logging_mixin.py:120} INFO - [2024-12-21T04:46:52.102+0000] {dagbag.py:537} INFO - Filling up the DagBag from /home/airflow/.local/lib/python3.7/site-packages/airflow/example_dags/example_branch_datetime_operator.py
[2024-12-21T04:46:52.117+0000] {processor.py:766} INFO - DAG(s) dict_keys(['example_branch_datetime_operator', 'example_branch_datetime_operator_3', 'example_branch_datetime_operator_2']) retrieved from /home/airflow/.local/lib/python3.7/site-packages/airflow/example_dags/example_branch_datetime_operator.py
[2024-12-21T04:46:52.157+0000] {logging_mixin.py:120} INFO - [2024-12-21T04:46:52.157+0000] {dag.py:2585} INFO - Sync 3 DAGs
[2024-12-21T04:46:52.182+0000] {logging_mixin.py:120} INFO - [2024-12-21T04:46:52.182+0000] {dag.py:3340} INFO - Setting next_dagrun for example_branch_datetime_operator to 2024-12-20T00:00:00+00:00, run_after=2024-12-21T00:00:00+00:00
[2024-12-21T04:46:52.186+0000] {logging_mixin.py:120} INFO - [2024-12-21T04:46:52.186+0000] {dag.py:3340} INFO - Setting next_dagrun for example_branch_datetime_operator_2 to 2024-12-20T00:00:00+00:00, run_after=2024-12-21T00:00:00+00:00
[2024-12-21T04:46:52.188+0000] {logging_mixin.py:120} INFO - [2024-12-21T04:46:52.188+0000] {dag.py:3340} INFO - Setting next_dagrun for example_branch_datetime_operator_3 to 2024-12-20T00:00:00+00:00, run_after=2024-12-21T00:00:00+00:00
[2024-12-21T04:46:52.200+0000] {processor.py:176} INFO - Processing /home/airflow/.local/lib/python3.7/site-packages/airflow/example_dags/example_branch_datetime_operator.py took 0.104 seconds
[2024-12-21T04:47:22.499+0000] {processor.py:154} INFO - Started process (PID=1209) to work on /home/airflow/.local/lib/python3.7/site-packages/airflow/example_dags/example_branch_datetime_operator.py
[2024-12-21T04:47:22.500+0000] {processor.py:756} INFO - Processing file /home/airflow/.local/lib/python3.7/site-packages/airflow/example_dags/example_branch_datetime_operator.py for tasks to queue
[2024-12-21T04:47:22.500+0000] {logging_mixin.py:120} INFO - [2024-12-21T04:47:22.500+0000] {dagbag.py:537} INFO - Filling up the DagBag from /home/airflow/.local/lib/python3.7/site-packages/airflow/example_dags/example_branch_datetime_operator.py
[2024-12-21T04:47:22.518+0000] {processor.py:766} INFO - DAG(s) dict_keys(['example_branch_datetime_operator_3', 'example_branch_datetime_operator', 'example_branch_datetime_operator_2']) retrieved from /home/airflow/.local/lib/python3.7/site-packages/airflow/example_dags/example_branch_datetime_operator.py
[2024-12-21T04:47:22.569+0000] {logging_mixin.py:120} INFO - [2024-12-21T04:47:22.569+0000] {dag.py:2585} INFO - Sync 3 DAGs
[2024-12-21T04:47:22.621+0000] {logging_mixin.py:120} INFO - [2024-12-21T04:47:22.620+0000] {dag.py:3340} INFO - Setting next_dagrun for example_branch_datetime_operator to 2024-12-20T00:00:00+00:00, run_after=2024-12-21T00:00:00+00:00
[2024-12-21T04:47:22.628+0000] {logging_mixin.py:120} INFO - [2024-12-21T04:47:22.628+0000] {dag.py:3340} INFO - Setting next_dagrun for example_branch_datetime_operator_2 to 2024-12-20T00:00:00+00:00, run_after=2024-12-21T00:00:00+00:00
[2024-12-21T04:47:22.630+0000] {logging_mixin.py:120} INFO - [2024-12-21T04:47:22.630+0000] {dag.py:3340} INFO - Setting next_dagrun for example_branch_datetime_operator_3 to 2024-12-20T00:00:00+00:00, run_after=2024-12-21T00:00:00+00:00
[2024-12-21T04:47:22.644+0000] {processor.py:176} INFO - Processing /home/airflow/.local/lib/python3.7/site-packages/airflow/example_dags/example_branch_datetime_operator.py took 0.148 seconds
[2024-12-21T04:47:53.221+0000] {processor.py:154} INFO - Started process (PID=1272) to work on /home/airflow/.local/lib/python3.7/site-packages/airflow/example_dags/example_branch_datetime_operator.py
[2024-12-21T04:47:53.222+0000] {processor.py:756} INFO - Processing file /home/airflow/.local/lib/python3.7/site-packages/airflow/example_dags/example_branch_datetime_operator.py for tasks to queue
[2024-12-21T04:47:53.223+0000] {logging_mixin.py:120} INFO - [2024-12-21T04:47:53.223+0000] {dagbag.py:537} INFO - Filling up the DagBag from /home/airflow/.local/lib/python3.7/site-packages/airflow/example_dags/example_branch_datetime_operator.py
[2024-12-21T04:47:53.246+0000] {processor.py:766} INFO - DAG(s) dict_keys(['example_branch_datetime_operator_3', 'example_branch_datetime_operator', 'example_branch_datetime_operator_2']) retrieved from /home/airflow/.local/lib/python3.7/site-packages/airflow/example_dags/example_branch_datetime_operator.py
[2024-12-21T04:47:53.296+0000] {logging_mixin.py:120} INFO - [2024-12-21T04:47:53.296+0000] {dag.py:2585} INFO - Sync 3 DAGs
[2024-12-21T04:47:53.318+0000] {logging_mixin.py:120} INFO - [2024-12-21T04:47:53.318+0000] {dag.py:3340} INFO - Setting next_dagrun for example_branch_datetime_operator to 2024-12-20T00:00:00+00:00, run_after=2024-12-21T00:00:00+00:00
[2024-12-21T04:47:53.322+0000] {logging_mixin.py:120} INFO - [2024-12-21T04:47:53.322+0000] {dag.py:3340} INFO - Setting next_dagrun for example_branch_datetime_operator_2 to 2024-12-20T00:00:00+00:00, run_after=2024-12-21T00:00:00+00:00
[2024-12-21T04:47:53.324+0000] {logging_mixin.py:120} INFO - [2024-12-21T04:47:53.324+0000] {dag.py:3340} INFO - Setting next_dagrun for example_branch_datetime_operator_3 to 2024-12-20T00:00:00+00:00, run_after=2024-12-21T00:00:00+00:00
[2024-12-21T04:47:53.339+0000] {processor.py:176} INFO - Processing /home/airflow/.local/lib/python3.7/site-packages/airflow/example_dags/example_branch_datetime_operator.py took 0.123 seconds
[2024-12-21T04:48:23.581+0000] {processor.py:154} INFO - Started process (PID=1335) to work on /home/airflow/.local/lib/python3.7/site-packages/airflow/example_dags/example_branch_datetime_operator.py
[2024-12-21T04:48:23.582+0000] {processor.py:756} INFO - Processing file /home/airflow/.local/lib/python3.7/site-packages/airflow/example_dags/example_branch_datetime_operator.py for tasks to queue
[2024-12-21T04:48:23.585+0000] {logging_mixin.py:120} INFO - [2024-12-21T04:48:23.585+0000] {dagbag.py:537} INFO - Filling up the DagBag from /home/airflow/.local/lib/python3.7/site-packages/airflow/example_dags/example_branch_datetime_operator.py
[2024-12-21T04:48:23.608+0000] {processor.py:766} INFO - DAG(s) dict_keys(['example_branch_datetime_operator', 'example_branch_datetime_operator_2', 'example_branch_datetime_operator_3']) retrieved from /home/airflow/.local/lib/python3.7/site-packages/airflow/example_dags/example_branch_datetime_operator.py
[2024-12-21T04:48:23.665+0000] {logging_mixin.py:120} INFO - [2024-12-21T04:48:23.665+0000] {dag.py:2585} INFO - Sync 3 DAGs
[2024-12-21T04:48:23.689+0000] {logging_mixin.py:120} INFO - [2024-12-21T04:48:23.689+0000] {dag.py:3340} INFO - Setting next_dagrun for example_branch_datetime_operator to 2024-12-20T00:00:00+00:00, run_after=2024-12-21T00:00:00+00:00
[2024-12-21T04:48:23.696+0000] {logging_mixin.py:120} INFO - [2024-12-21T04:48:23.696+0000] {dag.py:3340} INFO - Setting next_dagrun for example_branch_datetime_operator_2 to 2024-12-20T00:00:00+00:00, run_after=2024-12-21T00:00:00+00:00
[2024-12-21T04:48:23.698+0000] {logging_mixin.py:120} INFO - [2024-12-21T04:48:23.698+0000] {dag.py:3340} INFO - Setting next_dagrun for example_branch_datetime_operator_3 to 2024-12-20T00:00:00+00:00, run_after=2024-12-21T00:00:00+00:00
[2024-12-21T04:48:23.716+0000] {processor.py:176} INFO - Processing /home/airflow/.local/lib/python3.7/site-packages/airflow/example_dags/example_branch_datetime_operator.py took 0.140 seconds
[2024-12-21T04:48:54.470+0000] {processor.py:154} INFO - Started process (PID=1398) to work on /home/airflow/.local/lib/python3.7/site-packages/airflow/example_dags/example_branch_datetime_operator.py
[2024-12-21T04:48:54.471+0000] {processor.py:756} INFO - Processing file /home/airflow/.local/lib/python3.7/site-packages/airflow/example_dags/example_branch_datetime_operator.py for tasks to queue
[2024-12-21T04:48:54.472+0000] {logging_mixin.py:120} INFO - [2024-12-21T04:48:54.472+0000] {dagbag.py:537} INFO - Filling up the DagBag from /home/airflow/.local/lib/python3.7/site-packages/airflow/example_dags/example_branch_datetime_operator.py
[2024-12-21T04:48:54.491+0000] {processor.py:766} INFO - DAG(s) dict_keys(['example_branch_datetime_operator', 'example_branch_datetime_operator_3', 'example_branch_datetime_operator_2']) retrieved from /home/airflow/.local/lib/python3.7/site-packages/airflow/example_dags/example_branch_datetime_operator.py
[2024-12-21T04:48:54.553+0000] {logging_mixin.py:120} INFO - [2024-12-21T04:48:54.553+0000] {dag.py:2585} INFO - Sync 3 DAGs
[2024-12-21T04:48:54.584+0000] {logging_mixin.py:120} INFO - [2024-12-21T04:48:54.584+0000] {dag.py:3340} INFO - Setting next_dagrun for example_branch_datetime_operator to 2024-12-20T00:00:00+00:00, run_after=2024-12-21T00:00:00+00:00
[2024-12-21T04:48:54.590+0000] {logging_mixin.py:120} INFO - [2024-12-21T04:48:54.590+0000] {dag.py:3340} INFO - Setting next_dagrun for example_branch_datetime_operator_2 to 2024-12-20T00:00:00+00:00, run_after=2024-12-21T00:00:00+00:00
[2024-12-21T04:48:54.595+0000] {logging_mixin.py:120} INFO - [2024-12-21T04:48:54.594+0000] {dag.py:3340} INFO - Setting next_dagrun for example_branch_datetime_operator_3 to 2024-12-20T00:00:00+00:00, run_after=2024-12-21T00:00:00+00:00
[2024-12-21T04:48:54.614+0000] {processor.py:176} INFO - Processing /home/airflow/.local/lib/python3.7/site-packages/airflow/example_dags/example_branch_datetime_operator.py took 0.149 seconds
[2024-12-21T04:49:25.289+0000] {processor.py:154} INFO - Started process (PID=1452) to work on /home/airflow/.local/lib/python3.7/site-packages/airflow/example_dags/example_branch_datetime_operator.py
[2024-12-21T04:49:25.295+0000] {processor.py:756} INFO - Processing file /home/airflow/.local/lib/python3.7/site-packages/airflow/example_dags/example_branch_datetime_operator.py for tasks to queue
[2024-12-21T04:49:25.298+0000] {logging_mixin.py:120} INFO - [2024-12-21T04:49:25.298+0000] {dagbag.py:537} INFO - Filling up the DagBag from /home/airflow/.local/lib/python3.7/site-packages/airflow/example_dags/example_branch_datetime_operator.py
[2024-12-21T04:49:25.505+0000] {processor.py:766} INFO - DAG(s) dict_keys(['example_branch_datetime_operator_2', 'example_branch_datetime_operator_3', 'example_branch_datetime_operator']) retrieved from /home/airflow/.local/lib/python3.7/site-packages/airflow/example_dags/example_branch_datetime_operator.py
[2024-12-21T04:49:25.708+0000] {logging_mixin.py:120} INFO - [2024-12-21T04:49:25.708+0000] {dag.py:2585} INFO - Sync 3 DAGs
[2024-12-21T04:49:25.757+0000] {logging_mixin.py:120} INFO - [2024-12-21T04:49:25.757+0000] {dag.py:3340} INFO - Setting next_dagrun for example_branch_datetime_operator to 2024-12-20T00:00:00+00:00, run_after=2024-12-21T00:00:00+00:00
[2024-12-21T04:49:25.764+0000] {logging_mixin.py:120} INFO - [2024-12-21T04:49:25.764+0000] {dag.py:3340} INFO - Setting next_dagrun for example_branch_datetime_operator_2 to 2024-12-20T00:00:00+00:00, run_after=2024-12-21T00:00:00+00:00
[2024-12-21T04:49:25.768+0000] {logging_mixin.py:120} INFO - [2024-12-21T04:49:25.768+0000] {dag.py:3340} INFO - Setting next_dagrun for example_branch_datetime_operator_3 to 2024-12-20T00:00:00+00:00, run_after=2024-12-21T00:00:00+00:00
[2024-12-21T04:49:25.798+0000] {processor.py:176} INFO - Processing /home/airflow/.local/lib/python3.7/site-packages/airflow/example_dags/example_branch_datetime_operator.py took 0.537 seconds
