[2024-12-21T04:37:44.639+0000] {processor.py:154} INFO - Started process (PID=83) to work on /home/airflow/.local/lib/python3.7/site-packages/airflow/example_dags/example_trigger_target_dag.py
[2024-12-21T04:37:44.642+0000] {processor.py:756} INFO - Processing file /home/airflow/.local/lib/python3.7/site-packages/airflow/example_dags/example_trigger_target_dag.py for tasks to queue
[2024-12-21T04:37:44.644+0000] {logging_mixin.py:120} INFO - [2024-12-21T04:37:44.644+0000] {dagbag.py:537} INFO - Filling up the DagBag from /home/airflow/.local/lib/python3.7/site-packages/airflow/example_dags/example_trigger_target_dag.py
[2024-12-21T04:37:44.721+0000] {processor.py:766} INFO - DAG(s) dict_keys(['example_trigger_target_dag']) retrieved from /home/airflow/.local/lib/python3.7/site-packages/airflow/example_dags/example_trigger_target_dag.py
[2024-12-21T04:37:45.291+0000] {logging_mixin.py:120} INFO - [2024-12-21T04:37:45.290+0000] {manager.py:507} INFO - Created Permission View: can delete on DAG:example_trigger_target_dag
[2024-12-21T04:37:45.429+0000] {logging_mixin.py:120} INFO - [2024-12-21T04:37:45.428+0000] {manager.py:507} INFO - Created Permission View: can edit on DAG:example_trigger_target_dag
[2024-12-21T04:37:45.560+0000] {logging_mixin.py:120} INFO - [2024-12-21T04:37:45.558+0000] {manager.py:507} INFO - Created Permission View: can read on DAG:example_trigger_target_dag
[2024-12-21T04:37:45.564+0000] {logging_mixin.py:120} INFO - [2024-12-21T04:37:45.562+0000] {dag.py:2585} INFO - Sync 1 DAGs
[2024-12-21T04:37:45.977+0000] {logging_mixin.py:120} INFO - [2024-12-21T04:37:45.976+0000] {dag.py:2606} INFO - Creating ORM DAG for example_trigger_target_dag
[2024-12-21T04:37:46.090+0000] {logging_mixin.py:120} INFO - [2024-12-21T04:37:46.088+0000] {dag.py:3340} INFO - Setting next_dagrun for example_trigger_target_dag to None, run_after=None
[2024-12-21T04:37:46.289+0000] {processor.py:176} INFO - Processing /home/airflow/.local/lib/python3.7/site-packages/airflow/example_dags/example_trigger_target_dag.py took 1.655 seconds
[2024-12-21T04:38:17.001+0000] {processor.py:154} INFO - Started process (PID=144) to work on /home/airflow/.local/lib/python3.7/site-packages/airflow/example_dags/example_trigger_target_dag.py
[2024-12-21T04:38:17.003+0000] {processor.py:756} INFO - Processing file /home/airflow/.local/lib/python3.7/site-packages/airflow/example_dags/example_trigger_target_dag.py for tasks to queue
[2024-12-21T04:38:17.004+0000] {logging_mixin.py:120} INFO - [2024-12-21T04:38:17.004+0000] {dagbag.py:537} INFO - Filling up the DagBag from /home/airflow/.local/lib/python3.7/site-packages/airflow/example_dags/example_trigger_target_dag.py
[2024-12-21T04:38:17.035+0000] {processor.py:766} INFO - DAG(s) dict_keys(['example_trigger_target_dag']) retrieved from /home/airflow/.local/lib/python3.7/site-packages/airflow/example_dags/example_trigger_target_dag.py
[2024-12-21T04:38:17.093+0000] {logging_mixin.py:120} INFO - [2024-12-21T04:38:17.093+0000] {dag.py:2585} INFO - Sync 1 DAGs
[2024-12-21T04:38:17.151+0000] {logging_mixin.py:120} INFO - [2024-12-21T04:38:17.151+0000] {dag.py:3340} INFO - Setting next_dagrun for example_trigger_target_dag to None, run_after=None
[2024-12-21T04:38:17.182+0000] {processor.py:176} INFO - Processing /home/airflow/.local/lib/python3.7/site-packages/airflow/example_dags/example_trigger_target_dag.py took 0.186 seconds
[2024-12-21T04:38:47.439+0000] {processor.py:154} INFO - Started process (PID=201) to work on /home/airflow/.local/lib/python3.7/site-packages/airflow/example_dags/example_trigger_target_dag.py
[2024-12-21T04:38:47.441+0000] {processor.py:756} INFO - Processing file /home/airflow/.local/lib/python3.7/site-packages/airflow/example_dags/example_trigger_target_dag.py for tasks to queue
[2024-12-21T04:38:47.442+0000] {logging_mixin.py:120} INFO - [2024-12-21T04:38:47.442+0000] {dagbag.py:537} INFO - Filling up the DagBag from /home/airflow/.local/lib/python3.7/site-packages/airflow/example_dags/example_trigger_target_dag.py
[2024-12-21T04:38:47.478+0000] {processor.py:766} INFO - DAG(s) dict_keys(['example_trigger_target_dag']) retrieved from /home/airflow/.local/lib/python3.7/site-packages/airflow/example_dags/example_trigger_target_dag.py
[2024-12-21T04:38:47.566+0000] {logging_mixin.py:120} INFO - [2024-12-21T04:38:47.566+0000] {dag.py:2585} INFO - Sync 1 DAGs
[2024-12-21T04:38:47.599+0000] {logging_mixin.py:120} INFO - [2024-12-21T04:38:47.599+0000] {dag.py:3340} INFO - Setting next_dagrun for example_trigger_target_dag to None, run_after=None
[2024-12-21T04:38:47.623+0000] {processor.py:176} INFO - Processing /home/airflow/.local/lib/python3.7/site-packages/airflow/example_dags/example_trigger_target_dag.py took 0.190 seconds
[2024-12-21T04:39:17.691+0000] {processor.py:154} INFO - Started process (PID=264) to work on /home/airflow/.local/lib/python3.7/site-packages/airflow/example_dags/example_trigger_target_dag.py
[2024-12-21T04:39:17.693+0000] {processor.py:756} INFO - Processing file /home/airflow/.local/lib/python3.7/site-packages/airflow/example_dags/example_trigger_target_dag.py for tasks to queue
[2024-12-21T04:39:17.694+0000] {logging_mixin.py:120} INFO - [2024-12-21T04:39:17.694+0000] {dagbag.py:537} INFO - Filling up the DagBag from /home/airflow/.local/lib/python3.7/site-packages/airflow/example_dags/example_trigger_target_dag.py
[2024-12-21T04:39:17.720+0000] {processor.py:766} INFO - DAG(s) dict_keys(['example_trigger_target_dag']) retrieved from /home/airflow/.local/lib/python3.7/site-packages/airflow/example_dags/example_trigger_target_dag.py
[2024-12-21T04:39:17.761+0000] {logging_mixin.py:120} INFO - [2024-12-21T04:39:17.760+0000] {dag.py:2585} INFO - Sync 1 DAGs
[2024-12-21T04:39:17.786+0000] {logging_mixin.py:120} INFO - [2024-12-21T04:39:17.786+0000] {dag.py:3340} INFO - Setting next_dagrun for example_trigger_target_dag to None, run_after=None
[2024-12-21T04:39:17.815+0000] {processor.py:176} INFO - Processing /home/airflow/.local/lib/python3.7/site-packages/airflow/example_dags/example_trigger_target_dag.py took 0.130 seconds
[2024-12-21T04:39:48.352+0000] {processor.py:154} INFO - Started process (PID=318) to work on /home/airflow/.local/lib/python3.7/site-packages/airflow/example_dags/example_trigger_target_dag.py
[2024-12-21T04:39:48.353+0000] {processor.py:756} INFO - Processing file /home/airflow/.local/lib/python3.7/site-packages/airflow/example_dags/example_trigger_target_dag.py for tasks to queue
[2024-12-21T04:39:48.354+0000] {logging_mixin.py:120} INFO - [2024-12-21T04:39:48.354+0000] {dagbag.py:537} INFO - Filling up the DagBag from /home/airflow/.local/lib/python3.7/site-packages/airflow/example_dags/example_trigger_target_dag.py
[2024-12-21T04:39:48.373+0000] {processor.py:766} INFO - DAG(s) dict_keys(['example_trigger_target_dag']) retrieved from /home/airflow/.local/lib/python3.7/site-packages/airflow/example_dags/example_trigger_target_dag.py
[2024-12-21T04:39:48.412+0000] {logging_mixin.py:120} INFO - [2024-12-21T04:39:48.412+0000] {dag.py:2585} INFO - Sync 1 DAGs
[2024-12-21T04:39:48.434+0000] {logging_mixin.py:120} INFO - [2024-12-21T04:39:48.434+0000] {dag.py:3340} INFO - Setting next_dagrun for example_trigger_target_dag to None, run_after=None
[2024-12-21T04:39:48.457+0000] {processor.py:176} INFO - Processing /home/airflow/.local/lib/python3.7/site-packages/airflow/example_dags/example_trigger_target_dag.py took 0.109 seconds
[2024-12-21T04:40:19.195+0000] {processor.py:154} INFO - Started process (PID=381) to work on /home/airflow/.local/lib/python3.7/site-packages/airflow/example_dags/example_trigger_target_dag.py
[2024-12-21T04:40:19.196+0000] {processor.py:756} INFO - Processing file /home/airflow/.local/lib/python3.7/site-packages/airflow/example_dags/example_trigger_target_dag.py for tasks to queue
[2024-12-21T04:40:19.197+0000] {logging_mixin.py:120} INFO - [2024-12-21T04:40:19.197+0000] {dagbag.py:537} INFO - Filling up the DagBag from /home/airflow/.local/lib/python3.7/site-packages/airflow/example_dags/example_trigger_target_dag.py
[2024-12-21T04:40:19.212+0000] {processor.py:766} INFO - DAG(s) dict_keys(['example_trigger_target_dag']) retrieved from /home/airflow/.local/lib/python3.7/site-packages/airflow/example_dags/example_trigger_target_dag.py
[2024-12-21T04:40:19.250+0000] {logging_mixin.py:120} INFO - [2024-12-21T04:40:19.250+0000] {dag.py:2585} INFO - Sync 1 DAGs
[2024-12-21T04:40:19.270+0000] {logging_mixin.py:120} INFO - [2024-12-21T04:40:19.270+0000] {dag.py:3340} INFO - Setting next_dagrun for example_trigger_target_dag to None, run_after=None
[2024-12-21T04:40:19.289+0000] {processor.py:176} INFO - Processing /home/airflow/.local/lib/python3.7/site-packages/airflow/example_dags/example_trigger_target_dag.py took 0.097 seconds
[2024-12-21T04:40:49.359+0000] {processor.py:154} INFO - Started process (PID=444) to work on /home/airflow/.local/lib/python3.7/site-packages/airflow/example_dags/example_trigger_target_dag.py
[2024-12-21T04:40:49.362+0000] {processor.py:756} INFO - Processing file /home/airflow/.local/lib/python3.7/site-packages/airflow/example_dags/example_trigger_target_dag.py for tasks to queue
[2024-12-21T04:40:49.362+0000] {logging_mixin.py:120} INFO - [2024-12-21T04:40:49.362+0000] {dagbag.py:537} INFO - Filling up the DagBag from /home/airflow/.local/lib/python3.7/site-packages/airflow/example_dags/example_trigger_target_dag.py
[2024-12-21T04:40:49.384+0000] {processor.py:766} INFO - DAG(s) dict_keys(['example_trigger_target_dag']) retrieved from /home/airflow/.local/lib/python3.7/site-packages/airflow/example_dags/example_trigger_target_dag.py
[2024-12-21T04:40:49.422+0000] {logging_mixin.py:120} INFO - [2024-12-21T04:40:49.422+0000] {dag.py:2585} INFO - Sync 1 DAGs
[2024-12-21T04:40:49.445+0000] {logging_mixin.py:120} INFO - [2024-12-21T04:40:49.445+0000] {dag.py:3340} INFO - Setting next_dagrun for example_trigger_target_dag to None, run_after=None
[2024-12-21T04:40:49.464+0000] {processor.py:176} INFO - Processing /home/airflow/.local/lib/python3.7/site-packages/airflow/example_dags/example_trigger_target_dag.py took 0.109 seconds
[2024-12-21T04:41:20.400+0000] {processor.py:154} INFO - Started process (PID=507) to work on /home/airflow/.local/lib/python3.7/site-packages/airflow/example_dags/example_trigger_target_dag.py
[2024-12-21T04:41:20.403+0000] {processor.py:756} INFO - Processing file /home/airflow/.local/lib/python3.7/site-packages/airflow/example_dags/example_trigger_target_dag.py for tasks to queue
[2024-12-21T04:41:20.405+0000] {logging_mixin.py:120} INFO - [2024-12-21T04:41:20.405+0000] {dagbag.py:537} INFO - Filling up the DagBag from /home/airflow/.local/lib/python3.7/site-packages/airflow/example_dags/example_trigger_target_dag.py
[2024-12-21T04:41:20.458+0000] {processor.py:766} INFO - DAG(s) dict_keys(['example_trigger_target_dag']) retrieved from /home/airflow/.local/lib/python3.7/site-packages/airflow/example_dags/example_trigger_target_dag.py
[2024-12-21T04:41:20.528+0000] {logging_mixin.py:120} INFO - [2024-12-21T04:41:20.528+0000] {dag.py:2585} INFO - Sync 1 DAGs
[2024-12-21T04:41:20.576+0000] {logging_mixin.py:120} INFO - [2024-12-21T04:41:20.576+0000] {dag.py:3340} INFO - Setting next_dagrun for example_trigger_target_dag to None, run_after=None
[2024-12-21T04:41:20.616+0000] {processor.py:176} INFO - Processing /home/airflow/.local/lib/python3.7/site-packages/airflow/example_dags/example_trigger_target_dag.py took 0.224 seconds
[2024-12-21T04:41:50.859+0000] {processor.py:154} INFO - Started process (PID=561) to work on /home/airflow/.local/lib/python3.7/site-packages/airflow/example_dags/example_trigger_target_dag.py
[2024-12-21T04:41:50.862+0000] {processor.py:756} INFO - Processing file /home/airflow/.local/lib/python3.7/site-packages/airflow/example_dags/example_trigger_target_dag.py for tasks to queue
[2024-12-21T04:41:50.864+0000] {logging_mixin.py:120} INFO - [2024-12-21T04:41:50.864+0000] {dagbag.py:537} INFO - Filling up the DagBag from /home/airflow/.local/lib/python3.7/site-packages/airflow/example_dags/example_trigger_target_dag.py
[2024-12-21T04:41:50.944+0000] {processor.py:766} INFO - DAG(s) dict_keys(['example_trigger_target_dag']) retrieved from /home/airflow/.local/lib/python3.7/site-packages/airflow/example_dags/example_trigger_target_dag.py
[2024-12-21T04:41:51.002+0000] {logging_mixin.py:120} INFO - [2024-12-21T04:41:51.002+0000] {dag.py:2585} INFO - Sync 1 DAGs
[2024-12-21T04:41:51.102+0000] {logging_mixin.py:120} INFO - [2024-12-21T04:41:51.102+0000] {dag.py:3340} INFO - Setting next_dagrun for example_trigger_target_dag to None, run_after=None
[2024-12-21T04:41:51.184+0000] {processor.py:176} INFO - Processing /home/airflow/.local/lib/python3.7/site-packages/airflow/example_dags/example_trigger_target_dag.py took 0.331 seconds
[2024-12-21T04:42:21.824+0000] {processor.py:154} INFO - Started process (PID=624) to work on /home/airflow/.local/lib/python3.7/site-packages/airflow/example_dags/example_trigger_target_dag.py
[2024-12-21T04:42:21.825+0000] {processor.py:756} INFO - Processing file /home/airflow/.local/lib/python3.7/site-packages/airflow/example_dags/example_trigger_target_dag.py for tasks to queue
[2024-12-21T04:42:21.825+0000] {logging_mixin.py:120} INFO - [2024-12-21T04:42:21.825+0000] {dagbag.py:537} INFO - Filling up the DagBag from /home/airflow/.local/lib/python3.7/site-packages/airflow/example_dags/example_trigger_target_dag.py
[2024-12-21T04:42:21.849+0000] {processor.py:766} INFO - DAG(s) dict_keys(['example_trigger_target_dag']) retrieved from /home/airflow/.local/lib/python3.7/site-packages/airflow/example_dags/example_trigger_target_dag.py
[2024-12-21T04:42:21.893+0000] {logging_mixin.py:120} INFO - [2024-12-21T04:42:21.893+0000] {dag.py:2585} INFO - Sync 1 DAGs
[2024-12-21T04:42:21.917+0000] {logging_mixin.py:120} INFO - [2024-12-21T04:42:21.917+0000] {dag.py:3340} INFO - Setting next_dagrun for example_trigger_target_dag to None, run_after=None
[2024-12-21T04:42:21.938+0000] {processor.py:176} INFO - Processing /home/airflow/.local/lib/python3.7/site-packages/airflow/example_dags/example_trigger_target_dag.py took 0.116 seconds
[2024-12-21T04:42:52.530+0000] {processor.py:154} INFO - Started process (PID=687) to work on /home/airflow/.local/lib/python3.7/site-packages/airflow/example_dags/example_trigger_target_dag.py
[2024-12-21T04:42:52.531+0000] {processor.py:756} INFO - Processing file /home/airflow/.local/lib/python3.7/site-packages/airflow/example_dags/example_trigger_target_dag.py for tasks to queue
[2024-12-21T04:42:52.531+0000] {logging_mixin.py:120} INFO - [2024-12-21T04:42:52.531+0000] {dagbag.py:537} INFO - Filling up the DagBag from /home/airflow/.local/lib/python3.7/site-packages/airflow/example_dags/example_trigger_target_dag.py
[2024-12-21T04:42:52.548+0000] {processor.py:766} INFO - DAG(s) dict_keys(['example_trigger_target_dag']) retrieved from /home/airflow/.local/lib/python3.7/site-packages/airflow/example_dags/example_trigger_target_dag.py
[2024-12-21T04:42:52.579+0000] {logging_mixin.py:120} INFO - [2024-12-21T04:42:52.579+0000] {dag.py:2585} INFO - Sync 1 DAGs
[2024-12-21T04:42:52.597+0000] {logging_mixin.py:120} INFO - [2024-12-21T04:42:52.597+0000] {dag.py:3340} INFO - Setting next_dagrun for example_trigger_target_dag to None, run_after=None
[2024-12-21T04:42:52.610+0000] {processor.py:176} INFO - Processing /home/airflow/.local/lib/python3.7/site-packages/airflow/example_dags/example_trigger_target_dag.py took 0.082 seconds
[2024-12-21T04:43:23.097+0000] {processor.py:154} INFO - Started process (PID=741) to work on /home/airflow/.local/lib/python3.7/site-packages/airflow/example_dags/example_trigger_target_dag.py
[2024-12-21T04:43:23.098+0000] {processor.py:756} INFO - Processing file /home/airflow/.local/lib/python3.7/site-packages/airflow/example_dags/example_trigger_target_dag.py for tasks to queue
[2024-12-21T04:43:23.098+0000] {logging_mixin.py:120} INFO - [2024-12-21T04:43:23.098+0000] {dagbag.py:537} INFO - Filling up the DagBag from /home/airflow/.local/lib/python3.7/site-packages/airflow/example_dags/example_trigger_target_dag.py
[2024-12-21T04:43:23.114+0000] {processor.py:766} INFO - DAG(s) dict_keys(['example_trigger_target_dag']) retrieved from /home/airflow/.local/lib/python3.7/site-packages/airflow/example_dags/example_trigger_target_dag.py
[2024-12-21T04:43:23.157+0000] {logging_mixin.py:120} INFO - [2024-12-21T04:43:23.156+0000] {dag.py:2585} INFO - Sync 1 DAGs
[2024-12-21T04:43:23.178+0000] {logging_mixin.py:120} INFO - [2024-12-21T04:43:23.178+0000] {dag.py:3340} INFO - Setting next_dagrun for example_trigger_target_dag to None, run_after=None
[2024-12-21T04:43:23.194+0000] {processor.py:176} INFO - Processing /home/airflow/.local/lib/python3.7/site-packages/airflow/example_dags/example_trigger_target_dag.py took 0.099 seconds
[2024-12-21T04:43:53.852+0000] {processor.py:154} INFO - Started process (PID=804) to work on /home/airflow/.local/lib/python3.7/site-packages/airflow/example_dags/example_trigger_target_dag.py
[2024-12-21T04:43:53.853+0000] {processor.py:756} INFO - Processing file /home/airflow/.local/lib/python3.7/site-packages/airflow/example_dags/example_trigger_target_dag.py for tasks to queue
[2024-12-21T04:43:53.854+0000] {logging_mixin.py:120} INFO - [2024-12-21T04:43:53.854+0000] {dagbag.py:537} INFO - Filling up the DagBag from /home/airflow/.local/lib/python3.7/site-packages/airflow/example_dags/example_trigger_target_dag.py
[2024-12-21T04:43:53.909+0000] {processor.py:766} INFO - DAG(s) dict_keys(['example_trigger_target_dag']) retrieved from /home/airflow/.local/lib/python3.7/site-packages/airflow/example_dags/example_trigger_target_dag.py
[2024-12-21T04:43:53.973+0000] {logging_mixin.py:120} INFO - [2024-12-21T04:43:53.973+0000] {dag.py:2585} INFO - Sync 1 DAGs
[2024-12-21T04:43:54.001+0000] {logging_mixin.py:120} INFO - [2024-12-21T04:43:54.000+0000] {dag.py:3340} INFO - Setting next_dagrun for example_trigger_target_dag to None, run_after=None
[2024-12-21T04:43:54.059+0000] {processor.py:176} INFO - Processing /home/airflow/.local/lib/python3.7/site-packages/airflow/example_dags/example_trigger_target_dag.py took 0.211 seconds
[2024-12-21T04:44:24.552+0000] {processor.py:154} INFO - Started process (PID=867) to work on /home/airflow/.local/lib/python3.7/site-packages/airflow/example_dags/example_trigger_target_dag.py
[2024-12-21T04:44:24.552+0000] {processor.py:756} INFO - Processing file /home/airflow/.local/lib/python3.7/site-packages/airflow/example_dags/example_trigger_target_dag.py for tasks to queue
[2024-12-21T04:44:24.553+0000] {logging_mixin.py:120} INFO - [2024-12-21T04:44:24.553+0000] {dagbag.py:537} INFO - Filling up the DagBag from /home/airflow/.local/lib/python3.7/site-packages/airflow/example_dags/example_trigger_target_dag.py
[2024-12-21T04:44:24.568+0000] {processor.py:766} INFO - DAG(s) dict_keys(['example_trigger_target_dag']) retrieved from /home/airflow/.local/lib/python3.7/site-packages/airflow/example_dags/example_trigger_target_dag.py
[2024-12-21T04:44:24.597+0000] {logging_mixin.py:120} INFO - [2024-12-21T04:44:24.597+0000] {dag.py:2585} INFO - Sync 1 DAGs
[2024-12-21T04:44:24.616+0000] {logging_mixin.py:120} INFO - [2024-12-21T04:44:24.616+0000] {dag.py:3340} INFO - Setting next_dagrun for example_trigger_target_dag to None, run_after=None
[2024-12-21T04:44:24.630+0000] {processor.py:176} INFO - Processing /home/airflow/.local/lib/python3.7/site-packages/airflow/example_dags/example_trigger_target_dag.py took 0.081 seconds
[2024-12-21T04:44:55.431+0000] {processor.py:154} INFO - Started process (PID=921) to work on /home/airflow/.local/lib/python3.7/site-packages/airflow/example_dags/example_trigger_target_dag.py
[2024-12-21T04:44:55.432+0000] {processor.py:756} INFO - Processing file /home/airflow/.local/lib/python3.7/site-packages/airflow/example_dags/example_trigger_target_dag.py for tasks to queue
[2024-12-21T04:44:55.433+0000] {logging_mixin.py:120} INFO - [2024-12-21T04:44:55.433+0000] {dagbag.py:537} INFO - Filling up the DagBag from /home/airflow/.local/lib/python3.7/site-packages/airflow/example_dags/example_trigger_target_dag.py
[2024-12-21T04:44:55.449+0000] {processor.py:766} INFO - DAG(s) dict_keys(['example_trigger_target_dag']) retrieved from /home/airflow/.local/lib/python3.7/site-packages/airflow/example_dags/example_trigger_target_dag.py
[2024-12-21T04:44:55.482+0000] {logging_mixin.py:120} INFO - [2024-12-21T04:44:55.482+0000] {dag.py:2585} INFO - Sync 1 DAGs
[2024-12-21T04:44:55.503+0000] {logging_mixin.py:120} INFO - [2024-12-21T04:44:55.503+0000] {dag.py:3340} INFO - Setting next_dagrun for example_trigger_target_dag to None, run_after=None
[2024-12-21T04:44:55.519+0000] {processor.py:176} INFO - Processing /home/airflow/.local/lib/python3.7/site-packages/airflow/example_dags/example_trigger_target_dag.py took 0.091 seconds
[2024-12-21T04:45:25.793+0000] {processor.py:154} INFO - Started process (PID=984) to work on /home/airflow/.local/lib/python3.7/site-packages/airflow/example_dags/example_trigger_target_dag.py
[2024-12-21T04:45:25.794+0000] {processor.py:756} INFO - Processing file /home/airflow/.local/lib/python3.7/site-packages/airflow/example_dags/example_trigger_target_dag.py for tasks to queue
[2024-12-21T04:45:25.795+0000] {logging_mixin.py:120} INFO - [2024-12-21T04:45:25.795+0000] {dagbag.py:537} INFO - Filling up the DagBag from /home/airflow/.local/lib/python3.7/site-packages/airflow/example_dags/example_trigger_target_dag.py
[2024-12-21T04:45:25.815+0000] {processor.py:766} INFO - DAG(s) dict_keys(['example_trigger_target_dag']) retrieved from /home/airflow/.local/lib/python3.7/site-packages/airflow/example_dags/example_trigger_target_dag.py
[2024-12-21T04:45:25.853+0000] {logging_mixin.py:120} INFO - [2024-12-21T04:45:25.853+0000] {dag.py:2585} INFO - Sync 1 DAGs
[2024-12-21T04:45:25.872+0000] {logging_mixin.py:120} INFO - [2024-12-21T04:45:25.872+0000] {dag.py:3340} INFO - Setting next_dagrun for example_trigger_target_dag to None, run_after=None
[2024-12-21T04:45:25.886+0000] {processor.py:176} INFO - Processing /home/airflow/.local/lib/python3.7/site-packages/airflow/example_dags/example_trigger_target_dag.py took 0.096 seconds
[2024-12-21T04:45:55.931+0000] {processor.py:154} INFO - Started process (PID=1046) to work on /home/airflow/.local/lib/python3.7/site-packages/airflow/example_dags/example_trigger_target_dag.py
[2024-12-21T04:45:55.932+0000] {processor.py:756} INFO - Processing file /home/airflow/.local/lib/python3.7/site-packages/airflow/example_dags/example_trigger_target_dag.py for tasks to queue
[2024-12-21T04:45:55.932+0000] {logging_mixin.py:120} INFO - [2024-12-21T04:45:55.932+0000] {dagbag.py:537} INFO - Filling up the DagBag from /home/airflow/.local/lib/python3.7/site-packages/airflow/example_dags/example_trigger_target_dag.py
[2024-12-21T04:45:55.959+0000] {processor.py:766} INFO - DAG(s) dict_keys(['example_trigger_target_dag']) retrieved from /home/airflow/.local/lib/python3.7/site-packages/airflow/example_dags/example_trigger_target_dag.py
[2024-12-21T04:45:56.003+0000] {logging_mixin.py:120} INFO - [2024-12-21T04:45:56.003+0000] {dag.py:2585} INFO - Sync 1 DAGs
[2024-12-21T04:45:56.028+0000] {logging_mixin.py:120} INFO - [2024-12-21T04:45:56.028+0000] {dag.py:3340} INFO - Setting next_dagrun for example_trigger_target_dag to None, run_after=None
[2024-12-21T04:45:56.045+0000] {processor.py:176} INFO - Processing /home/airflow/.local/lib/python3.7/site-packages/airflow/example_dags/example_trigger_target_dag.py took 0.118 seconds
[2024-12-21T04:46:26.914+0000] {processor.py:154} INFO - Started process (PID=1101) to work on /home/airflow/.local/lib/python3.7/site-packages/airflow/example_dags/example_trigger_target_dag.py
[2024-12-21T04:46:26.914+0000] {processor.py:756} INFO - Processing file /home/airflow/.local/lib/python3.7/site-packages/airflow/example_dags/example_trigger_target_dag.py for tasks to queue
[2024-12-21T04:46:26.915+0000] {logging_mixin.py:120} INFO - [2024-12-21T04:46:26.915+0000] {dagbag.py:537} INFO - Filling up the DagBag from /home/airflow/.local/lib/python3.7/site-packages/airflow/example_dags/example_trigger_target_dag.py
[2024-12-21T04:46:26.930+0000] {processor.py:766} INFO - DAG(s) dict_keys(['example_trigger_target_dag']) retrieved from /home/airflow/.local/lib/python3.7/site-packages/airflow/example_dags/example_trigger_target_dag.py
[2024-12-21T04:46:26.961+0000] {logging_mixin.py:120} INFO - [2024-12-21T04:46:26.961+0000] {dag.py:2585} INFO - Sync 1 DAGs
[2024-12-21T04:46:26.981+0000] {logging_mixin.py:120} INFO - [2024-12-21T04:46:26.980+0000] {dag.py:3340} INFO - Setting next_dagrun for example_trigger_target_dag to None, run_after=None
[2024-12-21T04:46:26.994+0000] {processor.py:176} INFO - Processing /home/airflow/.local/lib/python3.7/site-packages/airflow/example_dags/example_trigger_target_dag.py took 0.084 seconds
[2024-12-21T04:46:57.562+0000] {processor.py:154} INFO - Started process (PID=1164) to work on /home/airflow/.local/lib/python3.7/site-packages/airflow/example_dags/example_trigger_target_dag.py
[2024-12-21T04:46:57.563+0000] {processor.py:756} INFO - Processing file /home/airflow/.local/lib/python3.7/site-packages/airflow/example_dags/example_trigger_target_dag.py for tasks to queue
[2024-12-21T04:46:57.563+0000] {logging_mixin.py:120} INFO - [2024-12-21T04:46:57.563+0000] {dagbag.py:537} INFO - Filling up the DagBag from /home/airflow/.local/lib/python3.7/site-packages/airflow/example_dags/example_trigger_target_dag.py
[2024-12-21T04:46:57.579+0000] {processor.py:766} INFO - DAG(s) dict_keys(['example_trigger_target_dag']) retrieved from /home/airflow/.local/lib/python3.7/site-packages/airflow/example_dags/example_trigger_target_dag.py
[2024-12-21T04:46:57.610+0000] {logging_mixin.py:120} INFO - [2024-12-21T04:46:57.610+0000] {dag.py:2585} INFO - Sync 1 DAGs
[2024-12-21T04:46:57.629+0000] {logging_mixin.py:120} INFO - [2024-12-21T04:46:57.628+0000] {dag.py:3340} INFO - Setting next_dagrun for example_trigger_target_dag to None, run_after=None
[2024-12-21T04:46:57.643+0000] {processor.py:176} INFO - Processing /home/airflow/.local/lib/python3.7/site-packages/airflow/example_dags/example_trigger_target_dag.py took 0.083 seconds
[2024-12-21T04:47:28.175+0000] {processor.py:154} INFO - Started process (PID=1227) to work on /home/airflow/.local/lib/python3.7/site-packages/airflow/example_dags/example_trigger_target_dag.py
[2024-12-21T04:47:28.175+0000] {processor.py:756} INFO - Processing file /home/airflow/.local/lib/python3.7/site-packages/airflow/example_dags/example_trigger_target_dag.py for tasks to queue
[2024-12-21T04:47:28.176+0000] {logging_mixin.py:120} INFO - [2024-12-21T04:47:28.176+0000] {dagbag.py:537} INFO - Filling up the DagBag from /home/airflow/.local/lib/python3.7/site-packages/airflow/example_dags/example_trigger_target_dag.py
[2024-12-21T04:47:28.193+0000] {processor.py:766} INFO - DAG(s) dict_keys(['example_trigger_target_dag']) retrieved from /home/airflow/.local/lib/python3.7/site-packages/airflow/example_dags/example_trigger_target_dag.py
[2024-12-21T04:47:28.225+0000] {logging_mixin.py:120} INFO - [2024-12-21T04:47:28.225+0000] {dag.py:2585} INFO - Sync 1 DAGs
[2024-12-21T04:47:28.245+0000] {logging_mixin.py:120} INFO - [2024-12-21T04:47:28.245+0000] {dag.py:3340} INFO - Setting next_dagrun for example_trigger_target_dag to None, run_after=None
[2024-12-21T04:47:28.259+0000] {processor.py:176} INFO - Processing /home/airflow/.local/lib/python3.7/site-packages/airflow/example_dags/example_trigger_target_dag.py took 0.087 seconds
[2024-12-21T04:47:58.873+0000] {processor.py:154} INFO - Started process (PID=1290) to work on /home/airflow/.local/lib/python3.7/site-packages/airflow/example_dags/example_trigger_target_dag.py
[2024-12-21T04:47:58.874+0000] {processor.py:756} INFO - Processing file /home/airflow/.local/lib/python3.7/site-packages/airflow/example_dags/example_trigger_target_dag.py for tasks to queue
[2024-12-21T04:47:58.875+0000] {logging_mixin.py:120} INFO - [2024-12-21T04:47:58.874+0000] {dagbag.py:537} INFO - Filling up the DagBag from /home/airflow/.local/lib/python3.7/site-packages/airflow/example_dags/example_trigger_target_dag.py
[2024-12-21T04:47:58.891+0000] {processor.py:766} INFO - DAG(s) dict_keys(['example_trigger_target_dag']) retrieved from /home/airflow/.local/lib/python3.7/site-packages/airflow/example_dags/example_trigger_target_dag.py
[2024-12-21T04:47:58.922+0000] {logging_mixin.py:120} INFO - [2024-12-21T04:47:58.922+0000] {dag.py:2585} INFO - Sync 1 DAGs
[2024-12-21T04:47:58.941+0000] {logging_mixin.py:120} INFO - [2024-12-21T04:47:58.941+0000] {dag.py:3340} INFO - Setting next_dagrun for example_trigger_target_dag to None, run_after=None
[2024-12-21T04:47:58.954+0000] {processor.py:176} INFO - Processing /home/airflow/.local/lib/python3.7/site-packages/airflow/example_dags/example_trigger_target_dag.py took 0.083 seconds
[2024-12-21T04:48:29.232+0000] {processor.py:154} INFO - Started process (PID=1344) to work on /home/airflow/.local/lib/python3.7/site-packages/airflow/example_dags/example_trigger_target_dag.py
[2024-12-21T04:48:29.232+0000] {processor.py:756} INFO - Processing file /home/airflow/.local/lib/python3.7/site-packages/airflow/example_dags/example_trigger_target_dag.py for tasks to queue
[2024-12-21T04:48:29.233+0000] {logging_mixin.py:120} INFO - [2024-12-21T04:48:29.233+0000] {dagbag.py:537} INFO - Filling up the DagBag from /home/airflow/.local/lib/python3.7/site-packages/airflow/example_dags/example_trigger_target_dag.py
[2024-12-21T04:48:29.251+0000] {processor.py:766} INFO - DAG(s) dict_keys(['example_trigger_target_dag']) retrieved from /home/airflow/.local/lib/python3.7/site-packages/airflow/example_dags/example_trigger_target_dag.py
[2024-12-21T04:48:29.283+0000] {logging_mixin.py:120} INFO - [2024-12-21T04:48:29.283+0000] {dag.py:2585} INFO - Sync 1 DAGs
[2024-12-21T04:48:29.303+0000] {logging_mixin.py:120} INFO - [2024-12-21T04:48:29.303+0000] {dag.py:3340} INFO - Setting next_dagrun for example_trigger_target_dag to None, run_after=None
[2024-12-21T04:48:29.316+0000] {processor.py:176} INFO - Processing /home/airflow/.local/lib/python3.7/site-packages/airflow/example_dags/example_trigger_target_dag.py took 0.087 seconds
[2024-12-21T04:49:00.087+0000] {processor.py:154} INFO - Started process (PID=1407) to work on /home/airflow/.local/lib/python3.7/site-packages/airflow/example_dags/example_trigger_target_dag.py
[2024-12-21T04:49:00.088+0000] {processor.py:756} INFO - Processing file /home/airflow/.local/lib/python3.7/site-packages/airflow/example_dags/example_trigger_target_dag.py for tasks to queue
[2024-12-21T04:49:00.089+0000] {logging_mixin.py:120} INFO - [2024-12-21T04:49:00.089+0000] {dagbag.py:537} INFO - Filling up the DagBag from /home/airflow/.local/lib/python3.7/site-packages/airflow/example_dags/example_trigger_target_dag.py
[2024-12-21T04:49:00.118+0000] {processor.py:766} INFO - DAG(s) dict_keys(['example_trigger_target_dag']) retrieved from /home/airflow/.local/lib/python3.7/site-packages/airflow/example_dags/example_trigger_target_dag.py
[2024-12-21T04:49:00.156+0000] {logging_mixin.py:120} INFO - [2024-12-21T04:49:00.156+0000] {dag.py:2585} INFO - Sync 1 DAGs
[2024-12-21T04:49:00.177+0000] {logging_mixin.py:120} INFO - [2024-12-21T04:49:00.177+0000] {dag.py:3340} INFO - Setting next_dagrun for example_trigger_target_dag to None, run_after=None
[2024-12-21T04:49:00.196+0000] {processor.py:176} INFO - Processing /home/airflow/.local/lib/python3.7/site-packages/airflow/example_dags/example_trigger_target_dag.py took 0.112 seconds
[2024-12-21T04:49:31.650+0000] {processor.py:154} INFO - Started process (PID=1470) to work on /home/airflow/.local/lib/python3.7/site-packages/airflow/example_dags/example_trigger_target_dag.py
[2024-12-21T04:49:31.657+0000] {processor.py:756} INFO - Processing file /home/airflow/.local/lib/python3.7/site-packages/airflow/example_dags/example_trigger_target_dag.py for tasks to queue
[2024-12-21T04:49:31.660+0000] {logging_mixin.py:120} INFO - [2024-12-21T04:49:31.660+0000] {dagbag.py:537} INFO - Filling up the DagBag from /home/airflow/.local/lib/python3.7/site-packages/airflow/example_dags/example_trigger_target_dag.py
[2024-12-21T04:49:31.896+0000] {processor.py:766} INFO - DAG(s) dict_keys(['example_trigger_target_dag']) retrieved from /home/airflow/.local/lib/python3.7/site-packages/airflow/example_dags/example_trigger_target_dag.py
[2024-12-21T04:49:32.624+0000] {logging_mixin.py:120} INFO - [2024-12-21T04:49:32.622+0000] {dag.py:2585} INFO - Sync 1 DAGs
[2024-12-21T04:49:32.702+0000] {logging_mixin.py:120} INFO - [2024-12-21T04:49:32.701+0000] {dag.py:3340} INFO - Setting next_dagrun for example_trigger_target_dag to None, run_after=None
[2024-12-21T04:49:32.801+0000] {processor.py:176} INFO - Processing /home/airflow/.local/lib/python3.7/site-packages/airflow/example_dags/example_trigger_target_dag.py took 1.232 seconds
