[2024-12-21T04:37:39.935+0000] {processor.py:154} INFO - Started process (PID=63) to work on /home/airflow/.local/lib/python3.7/site-packages/airflow/example_dags/example_latest_only.py
[2024-12-21T04:37:39.937+0000] {processor.py:756} INFO - Processing file /home/airflow/.local/lib/python3.7/site-packages/airflow/example_dags/example_latest_only.py for tasks to queue
[2024-12-21T04:37:39.940+0000] {logging_mixin.py:120} INFO - [2024-12-21T04:37:39.940+0000] {dagbag.py:537} INFO - Filling up the DagBag from /home/airflow/.local/lib/python3.7/site-packages/airflow/example_dags/example_latest_only.py
[2024-12-21T04:37:39.978+0000] {processor.py:766} INFO - DAG(s) dict_keys(['latest_only']) retrieved from /home/airflow/.local/lib/python3.7/site-packages/airflow/example_dags/example_latest_only.py
[2024-12-21T04:37:40.296+0000] {logging_mixin.py:120} INFO - [2024-12-21T04:37:40.295+0000] {manager.py:507} INFO - Created Permission View: can delete on DAG:latest_only
[2024-12-21T04:37:40.317+0000] {logging_mixin.py:120} INFO - [2024-12-21T04:37:40.317+0000] {manager.py:507} INFO - Created Permission View: can edit on DAG:latest_only
[2024-12-21T04:37:40.331+0000] {logging_mixin.py:120} INFO - [2024-12-21T04:37:40.331+0000] {manager.py:507} INFO - Created Permission View: can read on DAG:latest_only
[2024-12-21T04:37:40.332+0000] {logging_mixin.py:120} INFO - [2024-12-21T04:37:40.332+0000] {dag.py:2585} INFO - Sync 1 DAGs
[2024-12-21T04:37:40.356+0000] {logging_mixin.py:120} INFO - [2024-12-21T04:37:40.356+0000] {dag.py:2606} INFO - Creating ORM DAG for latest_only
[2024-12-21T04:37:40.386+0000] {logging_mixin.py:120} INFO - [2024-12-21T04:37:40.385+0000] {dag.py:3340} INFO - Setting next_dagrun for latest_only to 2024-12-21T00:37:40.385173+00:00, run_after=2024-12-21T04:37:40.385173+00:00
[2024-12-21T04:37:40.462+0000] {processor.py:176} INFO - Processing /home/airflow/.local/lib/python3.7/site-packages/airflow/example_dags/example_latest_only.py took 0.535 seconds
[2024-12-21T04:38:10.761+0000] {processor.py:154} INFO - Started process (PID=126) to work on /home/airflow/.local/lib/python3.7/site-packages/airflow/example_dags/example_latest_only.py
[2024-12-21T04:38:10.761+0000] {processor.py:756} INFO - Processing file /home/airflow/.local/lib/python3.7/site-packages/airflow/example_dags/example_latest_only.py for tasks to queue
[2024-12-21T04:38:10.762+0000] {logging_mixin.py:120} INFO - [2024-12-21T04:38:10.762+0000] {dagbag.py:537} INFO - Filling up the DagBag from /home/airflow/.local/lib/python3.7/site-packages/airflow/example_dags/example_latest_only.py
[2024-12-21T04:38:10.778+0000] {processor.py:766} INFO - DAG(s) dict_keys(['latest_only']) retrieved from /home/airflow/.local/lib/python3.7/site-packages/airflow/example_dags/example_latest_only.py
[2024-12-21T04:38:10.813+0000] {logging_mixin.py:120} INFO - [2024-12-21T04:38:10.813+0000] {dag.py:2585} INFO - Sync 1 DAGs
[2024-12-21T04:38:10.837+0000] {logging_mixin.py:120} INFO - [2024-12-21T04:38:10.837+0000] {dag.py:3340} INFO - Setting next_dagrun for latest_only to 2024-12-21T00:38:10.836847+00:00, run_after=2024-12-21T04:38:10.836847+00:00
[2024-12-21T04:38:10.855+0000] {processor.py:176} INFO - Processing /home/airflow/.local/lib/python3.7/site-packages/airflow/example_dags/example_latest_only.py took 0.098 seconds
[2024-12-21T04:38:41.522+0000] {processor.py:154} INFO - Started process (PID=190) to work on /home/airflow/.local/lib/python3.7/site-packages/airflow/example_dags/example_latest_only.py
[2024-12-21T04:38:41.523+0000] {processor.py:756} INFO - Processing file /home/airflow/.local/lib/python3.7/site-packages/airflow/example_dags/example_latest_only.py for tasks to queue
[2024-12-21T04:38:41.524+0000] {logging_mixin.py:120} INFO - [2024-12-21T04:38:41.524+0000] {dagbag.py:537} INFO - Filling up the DagBag from /home/airflow/.local/lib/python3.7/site-packages/airflow/example_dags/example_latest_only.py
[2024-12-21T04:38:41.541+0000] {processor.py:766} INFO - DAG(s) dict_keys(['latest_only']) retrieved from /home/airflow/.local/lib/python3.7/site-packages/airflow/example_dags/example_latest_only.py
[2024-12-21T04:38:41.580+0000] {logging_mixin.py:120} INFO - [2024-12-21T04:38:41.580+0000] {dag.py:2585} INFO - Sync 1 DAGs
[2024-12-21T04:38:41.602+0000] {logging_mixin.py:120} INFO - [2024-12-21T04:38:41.601+0000] {dag.py:3340} INFO - Setting next_dagrun for latest_only to 2024-12-21T00:38:41.601677+00:00, run_after=2024-12-21T04:38:41.601677+00:00
[2024-12-21T04:38:41.617+0000] {processor.py:176} INFO - Processing /home/airflow/.local/lib/python3.7/site-packages/airflow/example_dags/example_latest_only.py took 0.099 seconds
[2024-12-21T04:39:11.799+0000] {processor.py:154} INFO - Started process (PID=244) to work on /home/airflow/.local/lib/python3.7/site-packages/airflow/example_dags/example_latest_only.py
[2024-12-21T04:39:11.799+0000] {processor.py:756} INFO - Processing file /home/airflow/.local/lib/python3.7/site-packages/airflow/example_dags/example_latest_only.py for tasks to queue
[2024-12-21T04:39:11.800+0000] {logging_mixin.py:120} INFO - [2024-12-21T04:39:11.800+0000] {dagbag.py:537} INFO - Filling up the DagBag from /home/airflow/.local/lib/python3.7/site-packages/airflow/example_dags/example_latest_only.py
[2024-12-21T04:39:11.809+0000] {processor.py:766} INFO - DAG(s) dict_keys(['latest_only']) retrieved from /home/airflow/.local/lib/python3.7/site-packages/airflow/example_dags/example_latest_only.py
[2024-12-21T04:39:11.839+0000] {logging_mixin.py:120} INFO - [2024-12-21T04:39:11.838+0000] {dag.py:2585} INFO - Sync 1 DAGs
[2024-12-21T04:39:11.866+0000] {logging_mixin.py:120} INFO - [2024-12-21T04:39:11.866+0000] {dag.py:3340} INFO - Setting next_dagrun for latest_only to 2024-12-21T00:39:11.866290+00:00, run_after=2024-12-21T04:39:11.866290+00:00
[2024-12-21T04:39:11.888+0000] {processor.py:176} INFO - Processing /home/airflow/.local/lib/python3.7/site-packages/airflow/example_dags/example_latest_only.py took 0.092 seconds
[2024-12-21T04:39:42.474+0000] {processor.py:154} INFO - Started process (PID=307) to work on /home/airflow/.local/lib/python3.7/site-packages/airflow/example_dags/example_latest_only.py
[2024-12-21T04:39:42.479+0000] {processor.py:756} INFO - Processing file /home/airflow/.local/lib/python3.7/site-packages/airflow/example_dags/example_latest_only.py for tasks to queue
[2024-12-21T04:39:42.480+0000] {logging_mixin.py:120} INFO - [2024-12-21T04:39:42.479+0000] {dagbag.py:537} INFO - Filling up the DagBag from /home/airflow/.local/lib/python3.7/site-packages/airflow/example_dags/example_latest_only.py
[2024-12-21T04:39:42.495+0000] {processor.py:766} INFO - DAG(s) dict_keys(['latest_only']) retrieved from /home/airflow/.local/lib/python3.7/site-packages/airflow/example_dags/example_latest_only.py
[2024-12-21T04:39:42.546+0000] {logging_mixin.py:120} INFO - [2024-12-21T04:39:42.545+0000] {dag.py:2585} INFO - Sync 1 DAGs
[2024-12-21T04:39:42.580+0000] {logging_mixin.py:120} INFO - [2024-12-21T04:39:42.579+0000] {dag.py:3340} INFO - Setting next_dagrun for latest_only to 2024-12-21T00:39:42.579561+00:00, run_after=2024-12-21T04:39:42.579561+00:00
[2024-12-21T04:39:42.613+0000] {processor.py:176} INFO - Processing /home/airflow/.local/lib/python3.7/site-packages/airflow/example_dags/example_latest_only.py took 0.142 seconds
[2024-12-21T04:40:13.289+0000] {processor.py:154} INFO - Started process (PID=370) to work on /home/airflow/.local/lib/python3.7/site-packages/airflow/example_dags/example_latest_only.py
[2024-12-21T04:40:13.290+0000] {processor.py:756} INFO - Processing file /home/airflow/.local/lib/python3.7/site-packages/airflow/example_dags/example_latest_only.py for tasks to queue
[2024-12-21T04:40:13.291+0000] {logging_mixin.py:120} INFO - [2024-12-21T04:40:13.291+0000] {dagbag.py:537} INFO - Filling up the DagBag from /home/airflow/.local/lib/python3.7/site-packages/airflow/example_dags/example_latest_only.py
[2024-12-21T04:40:13.305+0000] {processor.py:766} INFO - DAG(s) dict_keys(['latest_only']) retrieved from /home/airflow/.local/lib/python3.7/site-packages/airflow/example_dags/example_latest_only.py
[2024-12-21T04:40:13.345+0000] {logging_mixin.py:120} INFO - [2024-12-21T04:40:13.345+0000] {dag.py:2585} INFO - Sync 1 DAGs
[2024-12-21T04:40:13.371+0000] {logging_mixin.py:120} INFO - [2024-12-21T04:40:13.371+0000] {dag.py:3340} INFO - Setting next_dagrun for latest_only to 2024-12-21T00:40:13.371038+00:00, run_after=2024-12-21T04:40:13.371038+00:00
[2024-12-21T04:40:13.389+0000] {processor.py:176} INFO - Processing /home/airflow/.local/lib/python3.7/site-packages/airflow/example_dags/example_latest_only.py took 0.102 seconds
[2024-12-21T04:40:44.085+0000] {processor.py:154} INFO - Started process (PID=424) to work on /home/airflow/.local/lib/python3.7/site-packages/airflow/example_dags/example_latest_only.py
[2024-12-21T04:40:44.088+0000] {processor.py:756} INFO - Processing file /home/airflow/.local/lib/python3.7/site-packages/airflow/example_dags/example_latest_only.py for tasks to queue
[2024-12-21T04:40:44.089+0000] {logging_mixin.py:120} INFO - [2024-12-21T04:40:44.089+0000] {dagbag.py:537} INFO - Filling up the DagBag from /home/airflow/.local/lib/python3.7/site-packages/airflow/example_dags/example_latest_only.py
[2024-12-21T04:40:44.101+0000] {processor.py:766} INFO - DAG(s) dict_keys(['latest_only']) retrieved from /home/airflow/.local/lib/python3.7/site-packages/airflow/example_dags/example_latest_only.py
[2024-12-21T04:40:44.134+0000] {logging_mixin.py:120} INFO - [2024-12-21T04:40:44.134+0000] {dag.py:2585} INFO - Sync 1 DAGs
[2024-12-21T04:40:44.154+0000] {logging_mixin.py:120} INFO - [2024-12-21T04:40:44.153+0000] {dag.py:3340} INFO - Setting next_dagrun for latest_only to 2024-12-21T00:40:44.153754+00:00, run_after=2024-12-21T04:40:44.153754+00:00
[2024-12-21T04:40:44.172+0000] {processor.py:176} INFO - Processing /home/airflow/.local/lib/python3.7/site-packages/airflow/example_dags/example_latest_only.py took 0.089 seconds
[2024-12-21T04:41:14.337+0000] {processor.py:154} INFO - Started process (PID=487) to work on /home/airflow/.local/lib/python3.7/site-packages/airflow/example_dags/example_latest_only.py
[2024-12-21T04:41:14.338+0000] {processor.py:756} INFO - Processing file /home/airflow/.local/lib/python3.7/site-packages/airflow/example_dags/example_latest_only.py for tasks to queue
[2024-12-21T04:41:14.339+0000] {logging_mixin.py:120} INFO - [2024-12-21T04:41:14.339+0000] {dagbag.py:537} INFO - Filling up the DagBag from /home/airflow/.local/lib/python3.7/site-packages/airflow/example_dags/example_latest_only.py
[2024-12-21T04:41:14.354+0000] {processor.py:766} INFO - DAG(s) dict_keys(['latest_only']) retrieved from /home/airflow/.local/lib/python3.7/site-packages/airflow/example_dags/example_latest_only.py
[2024-12-21T04:41:14.388+0000] {logging_mixin.py:120} INFO - [2024-12-21T04:41:14.388+0000] {dag.py:2585} INFO - Sync 1 DAGs
[2024-12-21T04:41:14.408+0000] {logging_mixin.py:120} INFO - [2024-12-21T04:41:14.408+0000] {dag.py:3340} INFO - Setting next_dagrun for latest_only to 2024-12-21T00:41:14.407957+00:00, run_after=2024-12-21T04:41:14.407957+00:00
[2024-12-21T04:41:14.426+0000] {processor.py:176} INFO - Processing /home/airflow/.local/lib/python3.7/site-packages/airflow/example_dags/example_latest_only.py took 0.092 seconds
[2024-12-21T04:41:44.649+0000] {processor.py:154} INFO - Started process (PID=550) to work on /home/airflow/.local/lib/python3.7/site-packages/airflow/example_dags/example_latest_only.py
[2024-12-21T04:41:44.651+0000] {processor.py:756} INFO - Processing file /home/airflow/.local/lib/python3.7/site-packages/airflow/example_dags/example_latest_only.py for tasks to queue
[2024-12-21T04:41:44.652+0000] {logging_mixin.py:120} INFO - [2024-12-21T04:41:44.652+0000] {dagbag.py:537} INFO - Filling up the DagBag from /home/airflow/.local/lib/python3.7/site-packages/airflow/example_dags/example_latest_only.py
[2024-12-21T04:41:44.663+0000] {processor.py:766} INFO - DAG(s) dict_keys(['latest_only']) retrieved from /home/airflow/.local/lib/python3.7/site-packages/airflow/example_dags/example_latest_only.py
[2024-12-21T04:41:44.702+0000] {logging_mixin.py:120} INFO - [2024-12-21T04:41:44.701+0000] {dag.py:2585} INFO - Sync 1 DAGs
[2024-12-21T04:41:44.721+0000] {logging_mixin.py:120} INFO - [2024-12-21T04:41:44.721+0000] {dag.py:3340} INFO - Setting next_dagrun for latest_only to 2024-12-21T00:41:44.721405+00:00, run_after=2024-12-21T04:41:44.721405+00:00
[2024-12-21T04:41:44.743+0000] {processor.py:176} INFO - Processing /home/airflow/.local/lib/python3.7/site-packages/airflow/example_dags/example_latest_only.py took 0.096 seconds
[2024-12-21T04:42:15.259+0000] {processor.py:154} INFO - Started process (PID=604) to work on /home/airflow/.local/lib/python3.7/site-packages/airflow/example_dags/example_latest_only.py
[2024-12-21T04:42:15.261+0000] {processor.py:756} INFO - Processing file /home/airflow/.local/lib/python3.7/site-packages/airflow/example_dags/example_latest_only.py for tasks to queue
[2024-12-21T04:42:15.261+0000] {logging_mixin.py:120} INFO - [2024-12-21T04:42:15.261+0000] {dagbag.py:537} INFO - Filling up the DagBag from /home/airflow/.local/lib/python3.7/site-packages/airflow/example_dags/example_latest_only.py
[2024-12-21T04:42:15.272+0000] {processor.py:766} INFO - DAG(s) dict_keys(['latest_only']) retrieved from /home/airflow/.local/lib/python3.7/site-packages/airflow/example_dags/example_latest_only.py
[2024-12-21T04:42:15.326+0000] {logging_mixin.py:120} INFO - [2024-12-21T04:42:15.326+0000] {dag.py:2585} INFO - Sync 1 DAGs
[2024-12-21T04:42:15.349+0000] {logging_mixin.py:120} INFO - [2024-12-21T04:42:15.349+0000] {dag.py:3340} INFO - Setting next_dagrun for latest_only to 2024-12-21T00:42:15.349203+00:00, run_after=2024-12-21T04:42:15.349203+00:00
[2024-12-21T04:42:15.369+0000] {processor.py:176} INFO - Processing /home/airflow/.local/lib/python3.7/site-packages/airflow/example_dags/example_latest_only.py took 0.115 seconds
[2024-12-21T04:42:45.837+0000] {processor.py:154} INFO - Started process (PID=667) to work on /home/airflow/.local/lib/python3.7/site-packages/airflow/example_dags/example_latest_only.py
[2024-12-21T04:42:45.838+0000] {processor.py:756} INFO - Processing file /home/airflow/.local/lib/python3.7/site-packages/airflow/example_dags/example_latest_only.py for tasks to queue
[2024-12-21T04:42:45.839+0000] {logging_mixin.py:120} INFO - [2024-12-21T04:42:45.839+0000] {dagbag.py:537} INFO - Filling up the DagBag from /home/airflow/.local/lib/python3.7/site-packages/airflow/example_dags/example_latest_only.py
[2024-12-21T04:42:45.850+0000] {processor.py:766} INFO - DAG(s) dict_keys(['latest_only']) retrieved from /home/airflow/.local/lib/python3.7/site-packages/airflow/example_dags/example_latest_only.py
[2024-12-21T04:42:45.883+0000] {logging_mixin.py:120} INFO - [2024-12-21T04:42:45.882+0000] {dag.py:2585} INFO - Sync 1 DAGs
[2024-12-21T04:42:45.902+0000] {logging_mixin.py:120} INFO - [2024-12-21T04:42:45.902+0000] {dag.py:3340} INFO - Setting next_dagrun for latest_only to 2024-12-21T00:42:45.902547+00:00, run_after=2024-12-21T04:42:45.902547+00:00
[2024-12-21T04:42:45.917+0000] {processor.py:176} INFO - Processing /home/airflow/.local/lib/python3.7/site-packages/airflow/example_dags/example_latest_only.py took 0.082 seconds
[2024-12-21T04:43:16.363+0000] {processor.py:154} INFO - Started process (PID=730) to work on /home/airflow/.local/lib/python3.7/site-packages/airflow/example_dags/example_latest_only.py
[2024-12-21T04:43:16.364+0000] {processor.py:756} INFO - Processing file /home/airflow/.local/lib/python3.7/site-packages/airflow/example_dags/example_latest_only.py for tasks to queue
[2024-12-21T04:43:16.364+0000] {logging_mixin.py:120} INFO - [2024-12-21T04:43:16.364+0000] {dagbag.py:537} INFO - Filling up the DagBag from /home/airflow/.local/lib/python3.7/site-packages/airflow/example_dags/example_latest_only.py
[2024-12-21T04:43:16.378+0000] {processor.py:766} INFO - DAG(s) dict_keys(['latest_only']) retrieved from /home/airflow/.local/lib/python3.7/site-packages/airflow/example_dags/example_latest_only.py
[2024-12-21T04:43:16.407+0000] {logging_mixin.py:120} INFO - [2024-12-21T04:43:16.407+0000] {dag.py:2585} INFO - Sync 1 DAGs
[2024-12-21T04:43:16.429+0000] {logging_mixin.py:120} INFO - [2024-12-21T04:43:16.428+0000] {dag.py:3340} INFO - Setting next_dagrun for latest_only to 2024-12-21T00:43:16.428774+00:00, run_after=2024-12-21T04:43:16.428774+00:00
[2024-12-21T04:43:16.445+0000] {processor.py:176} INFO - Processing /home/airflow/.local/lib/python3.7/site-packages/airflow/example_dags/example_latest_only.py took 0.084 seconds
[2024-12-21T04:43:47.071+0000] {processor.py:154} INFO - Started process (PID=793) to work on /home/airflow/.local/lib/python3.7/site-packages/airflow/example_dags/example_latest_only.py
[2024-12-21T04:43:47.072+0000] {processor.py:756} INFO - Processing file /home/airflow/.local/lib/python3.7/site-packages/airflow/example_dags/example_latest_only.py for tasks to queue
[2024-12-21T04:43:47.073+0000] {logging_mixin.py:120} INFO - [2024-12-21T04:43:47.073+0000] {dagbag.py:537} INFO - Filling up the DagBag from /home/airflow/.local/lib/python3.7/site-packages/airflow/example_dags/example_latest_only.py
[2024-12-21T04:43:47.090+0000] {processor.py:766} INFO - DAG(s) dict_keys(['latest_only']) retrieved from /home/airflow/.local/lib/python3.7/site-packages/airflow/example_dags/example_latest_only.py
[2024-12-21T04:43:47.131+0000] {logging_mixin.py:120} INFO - [2024-12-21T04:43:47.131+0000] {dag.py:2585} INFO - Sync 1 DAGs
[2024-12-21T04:43:47.156+0000] {logging_mixin.py:120} INFO - [2024-12-21T04:43:47.156+0000] {dag.py:3340} INFO - Setting next_dagrun for latest_only to 2024-12-21T00:43:47.155828+00:00, run_after=2024-12-21T04:43:47.155828+00:00
[2024-12-21T04:43:47.174+0000] {processor.py:176} INFO - Processing /home/airflow/.local/lib/python3.7/site-packages/airflow/example_dags/example_latest_only.py took 0.107 seconds
[2024-12-21T04:44:17.913+0000] {processor.py:154} INFO - Started process (PID=847) to work on /home/airflow/.local/lib/python3.7/site-packages/airflow/example_dags/example_latest_only.py
[2024-12-21T04:44:17.914+0000] {processor.py:756} INFO - Processing file /home/airflow/.local/lib/python3.7/site-packages/airflow/example_dags/example_latest_only.py for tasks to queue
[2024-12-21T04:44:17.915+0000] {logging_mixin.py:120} INFO - [2024-12-21T04:44:17.914+0000] {dagbag.py:537} INFO - Filling up the DagBag from /home/airflow/.local/lib/python3.7/site-packages/airflow/example_dags/example_latest_only.py
[2024-12-21T04:44:17.925+0000] {processor.py:766} INFO - DAG(s) dict_keys(['latest_only']) retrieved from /home/airflow/.local/lib/python3.7/site-packages/airflow/example_dags/example_latest_only.py
[2024-12-21T04:44:17.959+0000] {logging_mixin.py:120} INFO - [2024-12-21T04:44:17.959+0000] {dag.py:2585} INFO - Sync 1 DAGs
[2024-12-21T04:44:17.982+0000] {logging_mixin.py:120} INFO - [2024-12-21T04:44:17.981+0000] {dag.py:3340} INFO - Setting next_dagrun for latest_only to 2024-12-21T00:44:17.981737+00:00, run_after=2024-12-21T04:44:17.981737+00:00
[2024-12-21T04:44:17.997+0000] {processor.py:176} INFO - Processing /home/airflow/.local/lib/python3.7/site-packages/airflow/example_dags/example_latest_only.py took 0.087 seconds
[2024-12-21T04:44:48.371+0000] {processor.py:154} INFO - Started process (PID=910) to work on /home/airflow/.local/lib/python3.7/site-packages/airflow/example_dags/example_latest_only.py
[2024-12-21T04:44:48.375+0000] {processor.py:756} INFO - Processing file /home/airflow/.local/lib/python3.7/site-packages/airflow/example_dags/example_latest_only.py for tasks to queue
[2024-12-21T04:44:48.376+0000] {logging_mixin.py:120} INFO - [2024-12-21T04:44:48.376+0000] {dagbag.py:537} INFO - Filling up the DagBag from /home/airflow/.local/lib/python3.7/site-packages/airflow/example_dags/example_latest_only.py
[2024-12-21T04:44:48.394+0000] {processor.py:766} INFO - DAG(s) dict_keys(['latest_only']) retrieved from /home/airflow/.local/lib/python3.7/site-packages/airflow/example_dags/example_latest_only.py
[2024-12-21T04:44:48.440+0000] {logging_mixin.py:120} INFO - [2024-12-21T04:44:48.440+0000] {dag.py:2585} INFO - Sync 1 DAGs
[2024-12-21T04:44:48.470+0000] {logging_mixin.py:120} INFO - [2024-12-21T04:44:48.470+0000] {dag.py:3340} INFO - Setting next_dagrun for latest_only to 2024-12-21T00:44:48.470269+00:00, run_after=2024-12-21T04:44:48.470269+00:00
[2024-12-21T04:44:48.492+0000] {processor.py:176} INFO - Processing /home/airflow/.local/lib/python3.7/site-packages/airflow/example_dags/example_latest_only.py took 0.128 seconds
[2024-12-21T04:45:18.874+0000] {processor.py:154} INFO - Started process (PID=964) to work on /home/airflow/.local/lib/python3.7/site-packages/airflow/example_dags/example_latest_only.py
[2024-12-21T04:45:18.875+0000] {processor.py:756} INFO - Processing file /home/airflow/.local/lib/python3.7/site-packages/airflow/example_dags/example_latest_only.py for tasks to queue
[2024-12-21T04:45:18.876+0000] {logging_mixin.py:120} INFO - [2024-12-21T04:45:18.876+0000] {dagbag.py:537} INFO - Filling up the DagBag from /home/airflow/.local/lib/python3.7/site-packages/airflow/example_dags/example_latest_only.py
[2024-12-21T04:45:18.899+0000] {processor.py:766} INFO - DAG(s) dict_keys(['latest_only']) retrieved from /home/airflow/.local/lib/python3.7/site-packages/airflow/example_dags/example_latest_only.py
[2024-12-21T04:45:18.947+0000] {logging_mixin.py:120} INFO - [2024-12-21T04:45:18.947+0000] {dag.py:2585} INFO - Sync 1 DAGs
[2024-12-21T04:45:18.969+0000] {logging_mixin.py:120} INFO - [2024-12-21T04:45:18.969+0000] {dag.py:3340} INFO - Setting next_dagrun for latest_only to 2024-12-21T00:45:18.968745+00:00, run_after=2024-12-21T04:45:18.968745+00:00
[2024-12-21T04:45:18.983+0000] {processor.py:176} INFO - Processing /home/airflow/.local/lib/python3.7/site-packages/airflow/example_dags/example_latest_only.py took 0.112 seconds
[2024-12-21T04:45:49.491+0000] {processor.py:154} INFO - Started process (PID=1027) to work on /home/airflow/.local/lib/python3.7/site-packages/airflow/example_dags/example_latest_only.py
[2024-12-21T04:45:49.495+0000] {processor.py:756} INFO - Processing file /home/airflow/.local/lib/python3.7/site-packages/airflow/example_dags/example_latest_only.py for tasks to queue
[2024-12-21T04:45:49.496+0000] {logging_mixin.py:120} INFO - [2024-12-21T04:45:49.495+0000] {dagbag.py:537} INFO - Filling up the DagBag from /home/airflow/.local/lib/python3.7/site-packages/airflow/example_dags/example_latest_only.py
[2024-12-21T04:45:49.506+0000] {processor.py:766} INFO - DAG(s) dict_keys(['latest_only']) retrieved from /home/airflow/.local/lib/python3.7/site-packages/airflow/example_dags/example_latest_only.py
[2024-12-21T04:45:49.536+0000] {logging_mixin.py:120} INFO - [2024-12-21T04:45:49.536+0000] {dag.py:2585} INFO - Sync 1 DAGs
[2024-12-21T04:45:49.556+0000] {logging_mixin.py:120} INFO - [2024-12-21T04:45:49.556+0000] {dag.py:3340} INFO - Setting next_dagrun for latest_only to 2024-12-21T00:45:49.556019+00:00, run_after=2024-12-21T04:45:49.556019+00:00
[2024-12-21T04:45:49.573+0000] {processor.py:176} INFO - Processing /home/airflow/.local/lib/python3.7/site-packages/airflow/example_dags/example_latest_only.py took 0.085 seconds
[2024-12-21T04:46:20.109+0000] {processor.py:154} INFO - Started process (PID=1090) to work on /home/airflow/.local/lib/python3.7/site-packages/airflow/example_dags/example_latest_only.py
[2024-12-21T04:46:20.111+0000] {processor.py:756} INFO - Processing file /home/airflow/.local/lib/python3.7/site-packages/airflow/example_dags/example_latest_only.py for tasks to queue
[2024-12-21T04:46:20.115+0000] {logging_mixin.py:120} INFO - [2024-12-21T04:46:20.114+0000] {dagbag.py:537} INFO - Filling up the DagBag from /home/airflow/.local/lib/python3.7/site-packages/airflow/example_dags/example_latest_only.py
[2024-12-21T04:46:20.157+0000] {processor.py:766} INFO - DAG(s) dict_keys(['latest_only']) retrieved from /home/airflow/.local/lib/python3.7/site-packages/airflow/example_dags/example_latest_only.py
[2024-12-21T04:46:20.245+0000] {logging_mixin.py:120} INFO - [2024-12-21T04:46:20.244+0000] {dag.py:2585} INFO - Sync 1 DAGs
[2024-12-21T04:46:20.275+0000] {logging_mixin.py:120} INFO - [2024-12-21T04:46:20.275+0000] {dag.py:3340} INFO - Setting next_dagrun for latest_only to 2024-12-21T00:46:20.274739+00:00, run_after=2024-12-21T04:46:20.274739+00:00
[2024-12-21T04:46:20.298+0000] {processor.py:176} INFO - Processing /home/airflow/.local/lib/python3.7/site-packages/airflow/example_dags/example_latest_only.py took 0.193 seconds
[2024-12-21T04:46:50.980+0000] {processor.py:154} INFO - Started process (PID=1153) to work on /home/airflow/.local/lib/python3.7/site-packages/airflow/example_dags/example_latest_only.py
[2024-12-21T04:46:50.981+0000] {processor.py:756} INFO - Processing file /home/airflow/.local/lib/python3.7/site-packages/airflow/example_dags/example_latest_only.py for tasks to queue
[2024-12-21T04:46:50.982+0000] {logging_mixin.py:120} INFO - [2024-12-21T04:46:50.981+0000] {dagbag.py:537} INFO - Filling up the DagBag from /home/airflow/.local/lib/python3.7/site-packages/airflow/example_dags/example_latest_only.py
[2024-12-21T04:46:50.998+0000] {processor.py:766} INFO - DAG(s) dict_keys(['latest_only']) retrieved from /home/airflow/.local/lib/python3.7/site-packages/airflow/example_dags/example_latest_only.py
[2024-12-21T04:46:51.037+0000] {logging_mixin.py:120} INFO - [2024-12-21T04:46:51.037+0000] {dag.py:2585} INFO - Sync 1 DAGs
[2024-12-21T04:46:51.060+0000] {logging_mixin.py:120} INFO - [2024-12-21T04:46:51.060+0000] {dag.py:3340} INFO - Setting next_dagrun for latest_only to 2024-12-21T00:46:51.059771+00:00, run_after=2024-12-21T04:46:51.059771+00:00
[2024-12-21T04:46:51.075+0000] {processor.py:176} INFO - Processing /home/airflow/.local/lib/python3.7/site-packages/airflow/example_dags/example_latest_only.py took 0.098 seconds
[2024-12-21T04:47:21.389+0000] {processor.py:154} INFO - Started process (PID=1207) to work on /home/airflow/.local/lib/python3.7/site-packages/airflow/example_dags/example_latest_only.py
[2024-12-21T04:47:21.390+0000] {processor.py:756} INFO - Processing file /home/airflow/.local/lib/python3.7/site-packages/airflow/example_dags/example_latest_only.py for tasks to queue
[2024-12-21T04:47:21.391+0000] {logging_mixin.py:120} INFO - [2024-12-21T04:47:21.391+0000] {dagbag.py:537} INFO - Filling up the DagBag from /home/airflow/.local/lib/python3.7/site-packages/airflow/example_dags/example_latest_only.py
[2024-12-21T04:47:21.404+0000] {processor.py:766} INFO - DAG(s) dict_keys(['latest_only']) retrieved from /home/airflow/.local/lib/python3.7/site-packages/airflow/example_dags/example_latest_only.py
[2024-12-21T04:47:21.441+0000] {logging_mixin.py:120} INFO - [2024-12-21T04:47:21.441+0000] {dag.py:2585} INFO - Sync 1 DAGs
[2024-12-21T04:47:21.461+0000] {logging_mixin.py:120} INFO - [2024-12-21T04:47:21.461+0000] {dag.py:3340} INFO - Setting next_dagrun for latest_only to 2024-12-21T00:47:21.461399+00:00, run_after=2024-12-21T04:47:21.461399+00:00
[2024-12-21T04:47:21.475+0000] {processor.py:176} INFO - Processing /home/airflow/.local/lib/python3.7/site-packages/airflow/example_dags/example_latest_only.py took 0.090 seconds
[2024-12-21T04:47:52.090+0000] {processor.py:154} INFO - Started process (PID=1270) to work on /home/airflow/.local/lib/python3.7/site-packages/airflow/example_dags/example_latest_only.py
[2024-12-21T04:47:52.091+0000] {processor.py:756} INFO - Processing file /home/airflow/.local/lib/python3.7/site-packages/airflow/example_dags/example_latest_only.py for tasks to queue
[2024-12-21T04:47:52.092+0000] {logging_mixin.py:120} INFO - [2024-12-21T04:47:52.092+0000] {dagbag.py:537} INFO - Filling up the DagBag from /home/airflow/.local/lib/python3.7/site-packages/airflow/example_dags/example_latest_only.py
[2024-12-21T04:47:52.105+0000] {processor.py:766} INFO - DAG(s) dict_keys(['latest_only']) retrieved from /home/airflow/.local/lib/python3.7/site-packages/airflow/example_dags/example_latest_only.py
[2024-12-21T04:47:52.141+0000] {logging_mixin.py:120} INFO - [2024-12-21T04:47:52.141+0000] {dag.py:2585} INFO - Sync 1 DAGs
[2024-12-21T04:47:52.160+0000] {logging_mixin.py:120} INFO - [2024-12-21T04:47:52.160+0000] {dag.py:3340} INFO - Setting next_dagrun for latest_only to 2024-12-21T00:47:52.160075+00:00, run_after=2024-12-21T04:47:52.160075+00:00
[2024-12-21T04:47:52.175+0000] {processor.py:176} INFO - Processing /home/airflow/.local/lib/python3.7/site-packages/airflow/example_dags/example_latest_only.py took 0.087 seconds
[2024-12-21T04:48:22.462+0000] {processor.py:154} INFO - Started process (PID=1333) to work on /home/airflow/.local/lib/python3.7/site-packages/airflow/example_dags/example_latest_only.py
[2024-12-21T04:48:22.464+0000] {processor.py:756} INFO - Processing file /home/airflow/.local/lib/python3.7/site-packages/airflow/example_dags/example_latest_only.py for tasks to queue
[2024-12-21T04:48:22.464+0000] {logging_mixin.py:120} INFO - [2024-12-21T04:48:22.464+0000] {dagbag.py:537} INFO - Filling up the DagBag from /home/airflow/.local/lib/python3.7/site-packages/airflow/example_dags/example_latest_only.py
[2024-12-21T04:48:22.474+0000] {processor.py:766} INFO - DAG(s) dict_keys(['latest_only']) retrieved from /home/airflow/.local/lib/python3.7/site-packages/airflow/example_dags/example_latest_only.py
[2024-12-21T04:48:22.508+0000] {logging_mixin.py:120} INFO - [2024-12-21T04:48:22.508+0000] {dag.py:2585} INFO - Sync 1 DAGs
[2024-12-21T04:48:22.531+0000] {logging_mixin.py:120} INFO - [2024-12-21T04:48:22.531+0000] {dag.py:3340} INFO - Setting next_dagrun for latest_only to 2024-12-21T00:48:22.531374+00:00, run_after=2024-12-21T04:48:22.531374+00:00
[2024-12-21T04:48:22.546+0000] {processor.py:176} INFO - Processing /home/airflow/.local/lib/python3.7/site-packages/airflow/example_dags/example_latest_only.py took 0.087 seconds
[2024-12-21T04:48:53.357+0000] {processor.py:154} INFO - Started process (PID=1387) to work on /home/airflow/.local/lib/python3.7/site-packages/airflow/example_dags/example_latest_only.py
[2024-12-21T04:48:53.358+0000] {processor.py:756} INFO - Processing file /home/airflow/.local/lib/python3.7/site-packages/airflow/example_dags/example_latest_only.py for tasks to queue
[2024-12-21T04:48:53.358+0000] {logging_mixin.py:120} INFO - [2024-12-21T04:48:53.358+0000] {dagbag.py:537} INFO - Filling up the DagBag from /home/airflow/.local/lib/python3.7/site-packages/airflow/example_dags/example_latest_only.py
[2024-12-21T04:48:53.369+0000] {processor.py:766} INFO - DAG(s) dict_keys(['latest_only']) retrieved from /home/airflow/.local/lib/python3.7/site-packages/airflow/example_dags/example_latest_only.py
[2024-12-21T04:48:53.405+0000] {logging_mixin.py:120} INFO - [2024-12-21T04:48:53.405+0000] {dag.py:2585} INFO - Sync 1 DAGs
[2024-12-21T04:48:53.427+0000] {logging_mixin.py:120} INFO - [2024-12-21T04:48:53.427+0000] {dag.py:3340} INFO - Setting next_dagrun for latest_only to 2024-12-21T00:48:53.426856+00:00, run_after=2024-12-21T04:48:53.426856+00:00
[2024-12-21T04:48:53.441+0000] {processor.py:176} INFO - Processing /home/airflow/.local/lib/python3.7/site-packages/airflow/example_dags/example_latest_only.py took 0.086 seconds
[2024-12-21T04:49:24.104+0000] {processor.py:154} INFO - Started process (PID=1450) to work on /home/airflow/.local/lib/python3.7/site-packages/airflow/example_dags/example_latest_only.py
[2024-12-21T04:49:24.105+0000] {processor.py:756} INFO - Processing file /home/airflow/.local/lib/python3.7/site-packages/airflow/example_dags/example_latest_only.py for tasks to queue
[2024-12-21T04:49:24.105+0000] {logging_mixin.py:120} INFO - [2024-12-21T04:49:24.105+0000] {dagbag.py:537} INFO - Filling up the DagBag from /home/airflow/.local/lib/python3.7/site-packages/airflow/example_dags/example_latest_only.py
[2024-12-21T04:49:24.116+0000] {processor.py:766} INFO - DAG(s) dict_keys(['latest_only']) retrieved from /home/airflow/.local/lib/python3.7/site-packages/airflow/example_dags/example_latest_only.py
[2024-12-21T04:49:24.146+0000] {logging_mixin.py:120} INFO - [2024-12-21T04:49:24.146+0000] {dag.py:2585} INFO - Sync 1 DAGs
[2024-12-21T04:49:24.170+0000] {logging_mixin.py:120} INFO - [2024-12-21T04:49:24.170+0000] {dag.py:3340} INFO - Setting next_dagrun for latest_only to 2024-12-21T00:49:24.169881+00:00, run_after=2024-12-21T04:49:24.169881+00:00
[2024-12-21T04:49:24.183+0000] {processor.py:176} INFO - Processing /home/airflow/.local/lib/python3.7/site-packages/airflow/example_dags/example_latest_only.py took 0.082 seconds
