[2024-12-21T04:37:46.727+0000] {processor.py:154} INFO - Started process (PID=86) to work on /home/airflow/.local/lib/python3.7/site-packages/airflow/example_dags/example_python_operator.py
[2024-12-21T04:37:46.730+0000] {processor.py:756} INFO - Processing file /home/airflow/.local/lib/python3.7/site-packages/airflow/example_dags/example_python_operator.py for tasks to queue
[2024-12-21T04:37:46.732+0000] {logging_mixin.py:120} INFO - [2024-12-21T04:37:46.732+0000] {dagbag.py:537} INFO - Filling up the DagBag from /home/airflow/.local/lib/python3.7/site-packages/airflow/example_dags/example_python_operator.py
[2024-12-21T04:37:46.829+0000] {logging_mixin.py:120} INFO - [2024-12-21T04:37:46.829+0000] {taskmixin.py:205} WARNING - Dependency <Task(_PythonDecoratedOperator): print_the_context>, log_sql_query already registered for DAG: example_python_operator
[2024-12-21T04:37:46.830+0000] {logging_mixin.py:120} INFO - [2024-12-21T04:37:46.830+0000] {taskmixin.py:205} WARNING - Dependency <Task(_PythonDecoratedOperator): log_sql_query>, print_the_context already registered for DAG: example_python_operator
[2024-12-21T04:37:46.832+0000] {logging_mixin.py:120} INFO - [2024-12-21T04:37:46.832+0000] {taskmixin.py:205} WARNING - Dependency <Task(_PythonDecoratedOperator): print_the_context>, log_sql_query already registered for DAG: example_python_operator
[2024-12-21T04:37:46.833+0000] {logging_mixin.py:120} INFO - [2024-12-21T04:37:46.832+0000] {taskmixin.py:205} WARNING - Dependency <Task(_PythonDecoratedOperator): log_sql_query>, print_the_context already registered for DAG: example_python_operator
[2024-12-21T04:37:46.835+0000] {logging_mixin.py:120} INFO - [2024-12-21T04:37:46.835+0000] {taskmixin.py:205} WARNING - Dependency <Task(_PythonDecoratedOperator): print_the_context>, log_sql_query already registered for DAG: example_python_operator
[2024-12-21T04:37:46.837+0000] {logging_mixin.py:120} INFO - [2024-12-21T04:37:46.837+0000] {taskmixin.py:205} WARNING - Dependency <Task(_PythonDecoratedOperator): log_sql_query>, print_the_context already registered for DAG: example_python_operator
[2024-12-21T04:37:46.839+0000] {logging_mixin.py:120} INFO - [2024-12-21T04:37:46.839+0000] {taskmixin.py:205} WARNING - Dependency <Task(_PythonDecoratedOperator): print_the_context>, log_sql_query already registered for DAG: example_python_operator
[2024-12-21T04:37:46.840+0000] {logging_mixin.py:120} INFO - [2024-12-21T04:37:46.840+0000] {taskmixin.py:205} WARNING - Dependency <Task(_PythonDecoratedOperator): log_sql_query>, print_the_context already registered for DAG: example_python_operator
[2024-12-21T04:37:46.859+0000] {processor.py:766} INFO - DAG(s) dict_keys(['example_python_operator']) retrieved from /home/airflow/.local/lib/python3.7/site-packages/airflow/example_dags/example_python_operator.py
[2024-12-21T04:37:47.434+0000] {logging_mixin.py:120} INFO - [2024-12-21T04:37:47.434+0000] {manager.py:507} INFO - Created Permission View: can delete on DAG:example_python_operator
[2024-12-21T04:37:47.460+0000] {logging_mixin.py:120} INFO - [2024-12-21T04:37:47.460+0000] {manager.py:507} INFO - Created Permission View: can edit on DAG:example_python_operator
[2024-12-21T04:37:47.512+0000] {logging_mixin.py:120} INFO - [2024-12-21T04:37:47.512+0000] {manager.py:507} INFO - Created Permission View: can read on DAG:example_python_operator
[2024-12-21T04:37:47.514+0000] {logging_mixin.py:120} INFO - [2024-12-21T04:37:47.514+0000] {dag.py:2585} INFO - Sync 1 DAGs
[2024-12-21T04:37:47.555+0000] {logging_mixin.py:120} INFO - [2024-12-21T04:37:47.555+0000] {dag.py:2606} INFO - Creating ORM DAG for example_python_operator
[2024-12-21T04:37:47.601+0000] {logging_mixin.py:120} INFO - [2024-12-21T04:37:47.599+0000] {dag.py:3340} INFO - Setting next_dagrun for example_python_operator to None, run_after=None
[2024-12-21T04:37:47.667+0000] {processor.py:176} INFO - Processing /home/airflow/.local/lib/python3.7/site-packages/airflow/example_dags/example_python_operator.py took 0.946 seconds
[2024-12-21T04:38:18.151+0000] {processor.py:154} INFO - Started process (PID=149) to work on /home/airflow/.local/lib/python3.7/site-packages/airflow/example_dags/example_python_operator.py
[2024-12-21T04:38:18.157+0000] {processor.py:756} INFO - Processing file /home/airflow/.local/lib/python3.7/site-packages/airflow/example_dags/example_python_operator.py for tasks to queue
[2024-12-21T04:38:18.157+0000] {logging_mixin.py:120} INFO - [2024-12-21T04:38:18.157+0000] {dagbag.py:537} INFO - Filling up the DagBag from /home/airflow/.local/lib/python3.7/site-packages/airflow/example_dags/example_python_operator.py
[2024-12-21T04:38:18.172+0000] {logging_mixin.py:120} INFO - [2024-12-21T04:38:18.171+0000] {taskmixin.py:205} WARNING - Dependency <Task(_PythonDecoratedOperator): print_the_context>, log_sql_query already registered for DAG: example_python_operator
[2024-12-21T04:38:18.172+0000] {logging_mixin.py:120} INFO - [2024-12-21T04:38:18.172+0000] {taskmixin.py:205} WARNING - Dependency <Task(_PythonDecoratedOperator): log_sql_query>, print_the_context already registered for DAG: example_python_operator
[2024-12-21T04:38:18.173+0000] {logging_mixin.py:120} INFO - [2024-12-21T04:38:18.173+0000] {taskmixin.py:205} WARNING - Dependency <Task(_PythonDecoratedOperator): print_the_context>, log_sql_query already registered for DAG: example_python_operator
[2024-12-21T04:38:18.173+0000] {logging_mixin.py:120} INFO - [2024-12-21T04:38:18.173+0000] {taskmixin.py:205} WARNING - Dependency <Task(_PythonDecoratedOperator): log_sql_query>, print_the_context already registered for DAG: example_python_operator
[2024-12-21T04:38:18.173+0000] {logging_mixin.py:120} INFO - [2024-12-21T04:38:18.173+0000] {taskmixin.py:205} WARNING - Dependency <Task(_PythonDecoratedOperator): print_the_context>, log_sql_query already registered for DAG: example_python_operator
[2024-12-21T04:38:18.174+0000] {logging_mixin.py:120} INFO - [2024-12-21T04:38:18.174+0000] {taskmixin.py:205} WARNING - Dependency <Task(_PythonDecoratedOperator): log_sql_query>, print_the_context already registered for DAG: example_python_operator
[2024-12-21T04:38:18.174+0000] {logging_mixin.py:120} INFO - [2024-12-21T04:38:18.174+0000] {taskmixin.py:205} WARNING - Dependency <Task(_PythonDecoratedOperator): print_the_context>, log_sql_query already registered for DAG: example_python_operator
[2024-12-21T04:38:18.174+0000] {logging_mixin.py:120} INFO - [2024-12-21T04:38:18.174+0000] {taskmixin.py:205} WARNING - Dependency <Task(_PythonDecoratedOperator): log_sql_query>, print_the_context already registered for DAG: example_python_operator
[2024-12-21T04:38:18.180+0000] {processor.py:766} INFO - DAG(s) dict_keys(['example_python_operator']) retrieved from /home/airflow/.local/lib/python3.7/site-packages/airflow/example_dags/example_python_operator.py
[2024-12-21T04:38:18.219+0000] {logging_mixin.py:120} INFO - [2024-12-21T04:38:18.219+0000] {dag.py:2585} INFO - Sync 1 DAGs
[2024-12-21T04:38:18.238+0000] {logging_mixin.py:120} INFO - [2024-12-21T04:38:18.238+0000] {dag.py:3340} INFO - Setting next_dagrun for example_python_operator to None, run_after=None
[2024-12-21T04:38:18.258+0000] {processor.py:176} INFO - Processing /home/airflow/.local/lib/python3.7/site-packages/airflow/example_dags/example_python_operator.py took 0.111 seconds
[2024-12-21T04:38:48.669+0000] {processor.py:154} INFO - Started process (PID=204) to work on /home/airflow/.local/lib/python3.7/site-packages/airflow/example_dags/example_python_operator.py
[2024-12-21T04:38:48.671+0000] {processor.py:756} INFO - Processing file /home/airflow/.local/lib/python3.7/site-packages/airflow/example_dags/example_python_operator.py for tasks to queue
[2024-12-21T04:38:48.672+0000] {logging_mixin.py:120} INFO - [2024-12-21T04:38:48.672+0000] {dagbag.py:537} INFO - Filling up the DagBag from /home/airflow/.local/lib/python3.7/site-packages/airflow/example_dags/example_python_operator.py
[2024-12-21T04:38:48.692+0000] {logging_mixin.py:120} INFO - [2024-12-21T04:38:48.692+0000] {taskmixin.py:205} WARNING - Dependency <Task(_PythonDecoratedOperator): print_the_context>, log_sql_query already registered for DAG: example_python_operator
[2024-12-21T04:38:48.695+0000] {logging_mixin.py:120} INFO - [2024-12-21T04:38:48.695+0000] {taskmixin.py:205} WARNING - Dependency <Task(_PythonDecoratedOperator): log_sql_query>, print_the_context already registered for DAG: example_python_operator
[2024-12-21T04:38:48.696+0000] {logging_mixin.py:120} INFO - [2024-12-21T04:38:48.696+0000] {taskmixin.py:205} WARNING - Dependency <Task(_PythonDecoratedOperator): print_the_context>, log_sql_query already registered for DAG: example_python_operator
[2024-12-21T04:38:48.696+0000] {logging_mixin.py:120} INFO - [2024-12-21T04:38:48.696+0000] {taskmixin.py:205} WARNING - Dependency <Task(_PythonDecoratedOperator): log_sql_query>, print_the_context already registered for DAG: example_python_operator
[2024-12-21T04:38:48.697+0000] {logging_mixin.py:120} INFO - [2024-12-21T04:38:48.697+0000] {taskmixin.py:205} WARNING - Dependency <Task(_PythonDecoratedOperator): print_the_context>, log_sql_query already registered for DAG: example_python_operator
[2024-12-21T04:38:48.698+0000] {logging_mixin.py:120} INFO - [2024-12-21T04:38:48.698+0000] {taskmixin.py:205} WARNING - Dependency <Task(_PythonDecoratedOperator): log_sql_query>, print_the_context already registered for DAG: example_python_operator
[2024-12-21T04:38:48.701+0000] {logging_mixin.py:120} INFO - [2024-12-21T04:38:48.701+0000] {taskmixin.py:205} WARNING - Dependency <Task(_PythonDecoratedOperator): print_the_context>, log_sql_query already registered for DAG: example_python_operator
[2024-12-21T04:38:48.701+0000] {logging_mixin.py:120} INFO - [2024-12-21T04:38:48.701+0000] {taskmixin.py:205} WARNING - Dependency <Task(_PythonDecoratedOperator): log_sql_query>, print_the_context already registered for DAG: example_python_operator
[2024-12-21T04:38:48.708+0000] {processor.py:766} INFO - DAG(s) dict_keys(['example_python_operator']) retrieved from /home/airflow/.local/lib/python3.7/site-packages/airflow/example_dags/example_python_operator.py
[2024-12-21T04:38:48.753+0000] {logging_mixin.py:120} INFO - [2024-12-21T04:38:48.753+0000] {dag.py:2585} INFO - Sync 1 DAGs
[2024-12-21T04:38:48.778+0000] {logging_mixin.py:120} INFO - [2024-12-21T04:38:48.778+0000] {dag.py:3340} INFO - Setting next_dagrun for example_python_operator to None, run_after=None
[2024-12-21T04:38:48.798+0000] {processor.py:176} INFO - Processing /home/airflow/.local/lib/python3.7/site-packages/airflow/example_dags/example_python_operator.py took 0.134 seconds
[2024-12-21T04:39:18.864+0000] {processor.py:154} INFO - Started process (PID=267) to work on /home/airflow/.local/lib/python3.7/site-packages/airflow/example_dags/example_python_operator.py
[2024-12-21T04:39:18.870+0000] {processor.py:756} INFO - Processing file /home/airflow/.local/lib/python3.7/site-packages/airflow/example_dags/example_python_operator.py for tasks to queue
[2024-12-21T04:39:18.877+0000] {logging_mixin.py:120} INFO - [2024-12-21T04:39:18.877+0000] {dagbag.py:537} INFO - Filling up the DagBag from /home/airflow/.local/lib/python3.7/site-packages/airflow/example_dags/example_python_operator.py
[2024-12-21T04:39:18.909+0000] {logging_mixin.py:120} INFO - [2024-12-21T04:39:18.909+0000] {taskmixin.py:205} WARNING - Dependency <Task(_PythonDecoratedOperator): print_the_context>, log_sql_query already registered for DAG: example_python_operator
[2024-12-21T04:39:18.910+0000] {logging_mixin.py:120} INFO - [2024-12-21T04:39:18.910+0000] {taskmixin.py:205} WARNING - Dependency <Task(_PythonDecoratedOperator): log_sql_query>, print_the_context already registered for DAG: example_python_operator
[2024-12-21T04:39:18.913+0000] {logging_mixin.py:120} INFO - [2024-12-21T04:39:18.913+0000] {taskmixin.py:205} WARNING - Dependency <Task(_PythonDecoratedOperator): print_the_context>, log_sql_query already registered for DAG: example_python_operator
[2024-12-21T04:39:18.913+0000] {logging_mixin.py:120} INFO - [2024-12-21T04:39:18.913+0000] {taskmixin.py:205} WARNING - Dependency <Task(_PythonDecoratedOperator): log_sql_query>, print_the_context already registered for DAG: example_python_operator
[2024-12-21T04:39:18.915+0000] {logging_mixin.py:120} INFO - [2024-12-21T04:39:18.915+0000] {taskmixin.py:205} WARNING - Dependency <Task(_PythonDecoratedOperator): print_the_context>, log_sql_query already registered for DAG: example_python_operator
[2024-12-21T04:39:18.917+0000] {logging_mixin.py:120} INFO - [2024-12-21T04:39:18.916+0000] {taskmixin.py:205} WARNING - Dependency <Task(_PythonDecoratedOperator): log_sql_query>, print_the_context already registered for DAG: example_python_operator
[2024-12-21T04:39:18.919+0000] {logging_mixin.py:120} INFO - [2024-12-21T04:39:18.919+0000] {taskmixin.py:205} WARNING - Dependency <Task(_PythonDecoratedOperator): print_the_context>, log_sql_query already registered for DAG: example_python_operator
[2024-12-21T04:39:18.919+0000] {logging_mixin.py:120} INFO - [2024-12-21T04:39:18.919+0000] {taskmixin.py:205} WARNING - Dependency <Task(_PythonDecoratedOperator): log_sql_query>, print_the_context already registered for DAG: example_python_operator
[2024-12-21T04:39:18.931+0000] {processor.py:766} INFO - DAG(s) dict_keys(['example_python_operator']) retrieved from /home/airflow/.local/lib/python3.7/site-packages/airflow/example_dags/example_python_operator.py
[2024-12-21T04:39:19.125+0000] {logging_mixin.py:120} INFO - [2024-12-21T04:39:19.124+0000] {dag.py:2585} INFO - Sync 1 DAGs
[2024-12-21T04:39:19.212+0000] {logging_mixin.py:120} INFO - [2024-12-21T04:39:19.211+0000] {dag.py:3340} INFO - Setting next_dagrun for example_python_operator to None, run_after=None
[2024-12-21T04:39:19.295+0000] {processor.py:176} INFO - Processing /home/airflow/.local/lib/python3.7/site-packages/airflow/example_dags/example_python_operator.py took 0.442 seconds
[2024-12-21T04:39:49.507+0000] {processor.py:154} INFO - Started process (PID=330) to work on /home/airflow/.local/lib/python3.7/site-packages/airflow/example_dags/example_python_operator.py
[2024-12-21T04:39:49.510+0000] {processor.py:756} INFO - Processing file /home/airflow/.local/lib/python3.7/site-packages/airflow/example_dags/example_python_operator.py for tasks to queue
[2024-12-21T04:39:49.517+0000] {logging_mixin.py:120} INFO - [2024-12-21T04:39:49.517+0000] {dagbag.py:537} INFO - Filling up the DagBag from /home/airflow/.local/lib/python3.7/site-packages/airflow/example_dags/example_python_operator.py
[2024-12-21T04:39:49.548+0000] {logging_mixin.py:120} INFO - [2024-12-21T04:39:49.548+0000] {taskmixin.py:205} WARNING - Dependency <Task(_PythonDecoratedOperator): print_the_context>, log_sql_query already registered for DAG: example_python_operator
[2024-12-21T04:39:49.549+0000] {logging_mixin.py:120} INFO - [2024-12-21T04:39:49.549+0000] {taskmixin.py:205} WARNING - Dependency <Task(_PythonDecoratedOperator): log_sql_query>, print_the_context already registered for DAG: example_python_operator
[2024-12-21T04:39:49.550+0000] {logging_mixin.py:120} INFO - [2024-12-21T04:39:49.550+0000] {taskmixin.py:205} WARNING - Dependency <Task(_PythonDecoratedOperator): print_the_context>, log_sql_query already registered for DAG: example_python_operator
[2024-12-21T04:39:49.553+0000] {logging_mixin.py:120} INFO - [2024-12-21T04:39:49.552+0000] {taskmixin.py:205} WARNING - Dependency <Task(_PythonDecoratedOperator): log_sql_query>, print_the_context already registered for DAG: example_python_operator
[2024-12-21T04:39:49.556+0000] {logging_mixin.py:120} INFO - [2024-12-21T04:39:49.556+0000] {taskmixin.py:205} WARNING - Dependency <Task(_PythonDecoratedOperator): print_the_context>, log_sql_query already registered for DAG: example_python_operator
[2024-12-21T04:39:49.557+0000] {logging_mixin.py:120} INFO - [2024-12-21T04:39:49.556+0000] {taskmixin.py:205} WARNING - Dependency <Task(_PythonDecoratedOperator): log_sql_query>, print_the_context already registered for DAG: example_python_operator
[2024-12-21T04:39:49.558+0000] {logging_mixin.py:120} INFO - [2024-12-21T04:39:49.557+0000] {taskmixin.py:205} WARNING - Dependency <Task(_PythonDecoratedOperator): print_the_context>, log_sql_query already registered for DAG: example_python_operator
[2024-12-21T04:39:49.560+0000] {logging_mixin.py:120} INFO - [2024-12-21T04:39:49.560+0000] {taskmixin.py:205} WARNING - Dependency <Task(_PythonDecoratedOperator): log_sql_query>, print_the_context already registered for DAG: example_python_operator
[2024-12-21T04:39:49.573+0000] {processor.py:766} INFO - DAG(s) dict_keys(['example_python_operator']) retrieved from /home/airflow/.local/lib/python3.7/site-packages/airflow/example_dags/example_python_operator.py
[2024-12-21T04:39:49.642+0000] {logging_mixin.py:120} INFO - [2024-12-21T04:39:49.642+0000] {dag.py:2585} INFO - Sync 1 DAGs
[2024-12-21T04:39:49.691+0000] {logging_mixin.py:120} INFO - [2024-12-21T04:39:49.691+0000] {dag.py:3340} INFO - Setting next_dagrun for example_python_operator to None, run_after=None
[2024-12-21T04:39:49.749+0000] {processor.py:176} INFO - Processing /home/airflow/.local/lib/python3.7/site-packages/airflow/example_dags/example_python_operator.py took 0.248 seconds
[2024-12-21T04:40:20.329+0000] {processor.py:154} INFO - Started process (PID=384) to work on /home/airflow/.local/lib/python3.7/site-packages/airflow/example_dags/example_python_operator.py
[2024-12-21T04:40:20.331+0000] {processor.py:756} INFO - Processing file /home/airflow/.local/lib/python3.7/site-packages/airflow/example_dags/example_python_operator.py for tasks to queue
[2024-12-21T04:40:20.332+0000] {logging_mixin.py:120} INFO - [2024-12-21T04:40:20.332+0000] {dagbag.py:537} INFO - Filling up the DagBag from /home/airflow/.local/lib/python3.7/site-packages/airflow/example_dags/example_python_operator.py
[2024-12-21T04:40:20.347+0000] {logging_mixin.py:120} INFO - [2024-12-21T04:40:20.347+0000] {taskmixin.py:205} WARNING - Dependency <Task(_PythonDecoratedOperator): print_the_context>, log_sql_query already registered for DAG: example_python_operator
[2024-12-21T04:40:20.348+0000] {logging_mixin.py:120} INFO - [2024-12-21T04:40:20.348+0000] {taskmixin.py:205} WARNING - Dependency <Task(_PythonDecoratedOperator): log_sql_query>, print_the_context already registered for DAG: example_python_operator
[2024-12-21T04:40:20.350+0000] {logging_mixin.py:120} INFO - [2024-12-21T04:40:20.350+0000] {taskmixin.py:205} WARNING - Dependency <Task(_PythonDecoratedOperator): print_the_context>, log_sql_query already registered for DAG: example_python_operator
[2024-12-21T04:40:20.350+0000] {logging_mixin.py:120} INFO - [2024-12-21T04:40:20.350+0000] {taskmixin.py:205} WARNING - Dependency <Task(_PythonDecoratedOperator): log_sql_query>, print_the_context already registered for DAG: example_python_operator
[2024-12-21T04:40:20.351+0000] {logging_mixin.py:120} INFO - [2024-12-21T04:40:20.350+0000] {taskmixin.py:205} WARNING - Dependency <Task(_PythonDecoratedOperator): print_the_context>, log_sql_query already registered for DAG: example_python_operator
[2024-12-21T04:40:20.351+0000] {logging_mixin.py:120} INFO - [2024-12-21T04:40:20.351+0000] {taskmixin.py:205} WARNING - Dependency <Task(_PythonDecoratedOperator): log_sql_query>, print_the_context already registered for DAG: example_python_operator
[2024-12-21T04:40:20.353+0000] {logging_mixin.py:120} INFO - [2024-12-21T04:40:20.353+0000] {taskmixin.py:205} WARNING - Dependency <Task(_PythonDecoratedOperator): print_the_context>, log_sql_query already registered for DAG: example_python_operator
[2024-12-21T04:40:20.353+0000] {logging_mixin.py:120} INFO - [2024-12-21T04:40:20.353+0000] {taskmixin.py:205} WARNING - Dependency <Task(_PythonDecoratedOperator): log_sql_query>, print_the_context already registered for DAG: example_python_operator
[2024-12-21T04:40:20.359+0000] {processor.py:766} INFO - DAG(s) dict_keys(['example_python_operator']) retrieved from /home/airflow/.local/lib/python3.7/site-packages/airflow/example_dags/example_python_operator.py
[2024-12-21T04:40:20.396+0000] {logging_mixin.py:120} INFO - [2024-12-21T04:40:20.396+0000] {dag.py:2585} INFO - Sync 1 DAGs
[2024-12-21T04:40:20.414+0000] {logging_mixin.py:120} INFO - [2024-12-21T04:40:20.414+0000] {dag.py:3340} INFO - Setting next_dagrun for example_python_operator to None, run_after=None
[2024-12-21T04:40:20.436+0000] {processor.py:176} INFO - Processing /home/airflow/.local/lib/python3.7/site-packages/airflow/example_dags/example_python_operator.py took 0.110 seconds
[2024-12-21T04:40:50.499+0000] {processor.py:154} INFO - Started process (PID=447) to work on /home/airflow/.local/lib/python3.7/site-packages/airflow/example_dags/example_python_operator.py
[2024-12-21T04:40:50.502+0000] {processor.py:756} INFO - Processing file /home/airflow/.local/lib/python3.7/site-packages/airflow/example_dags/example_python_operator.py for tasks to queue
[2024-12-21T04:40:50.505+0000] {logging_mixin.py:120} INFO - [2024-12-21T04:40:50.505+0000] {dagbag.py:537} INFO - Filling up the DagBag from /home/airflow/.local/lib/python3.7/site-packages/airflow/example_dags/example_python_operator.py
[2024-12-21T04:40:50.521+0000] {logging_mixin.py:120} INFO - [2024-12-21T04:40:50.521+0000] {taskmixin.py:205} WARNING - Dependency <Task(_PythonDecoratedOperator): print_the_context>, log_sql_query already registered for DAG: example_python_operator
[2024-12-21T04:40:50.521+0000] {logging_mixin.py:120} INFO - [2024-12-21T04:40:50.521+0000] {taskmixin.py:205} WARNING - Dependency <Task(_PythonDecoratedOperator): log_sql_query>, print_the_context already registered for DAG: example_python_operator
[2024-12-21T04:40:50.523+0000] {logging_mixin.py:120} INFO - [2024-12-21T04:40:50.523+0000] {taskmixin.py:205} WARNING - Dependency <Task(_PythonDecoratedOperator): print_the_context>, log_sql_query already registered for DAG: example_python_operator
[2024-12-21T04:40:50.524+0000] {logging_mixin.py:120} INFO - [2024-12-21T04:40:50.523+0000] {taskmixin.py:205} WARNING - Dependency <Task(_PythonDecoratedOperator): log_sql_query>, print_the_context already registered for DAG: example_python_operator
[2024-12-21T04:40:50.525+0000] {logging_mixin.py:120} INFO - [2024-12-21T04:40:50.525+0000] {taskmixin.py:205} WARNING - Dependency <Task(_PythonDecoratedOperator): print_the_context>, log_sql_query already registered for DAG: example_python_operator
[2024-12-21T04:40:50.525+0000] {logging_mixin.py:120} INFO - [2024-12-21T04:40:50.525+0000] {taskmixin.py:205} WARNING - Dependency <Task(_PythonDecoratedOperator): log_sql_query>, print_the_context already registered for DAG: example_python_operator
[2024-12-21T04:40:50.526+0000] {logging_mixin.py:120} INFO - [2024-12-21T04:40:50.526+0000] {taskmixin.py:205} WARNING - Dependency <Task(_PythonDecoratedOperator): print_the_context>, log_sql_query already registered for DAG: example_python_operator
[2024-12-21T04:40:50.530+0000] {logging_mixin.py:120} INFO - [2024-12-21T04:40:50.529+0000] {taskmixin.py:205} WARNING - Dependency <Task(_PythonDecoratedOperator): log_sql_query>, print_the_context already registered for DAG: example_python_operator
[2024-12-21T04:40:50.536+0000] {processor.py:766} INFO - DAG(s) dict_keys(['example_python_operator']) retrieved from /home/airflow/.local/lib/python3.7/site-packages/airflow/example_dags/example_python_operator.py
[2024-12-21T04:40:50.586+0000] {logging_mixin.py:120} INFO - [2024-12-21T04:40:50.586+0000] {dag.py:2585} INFO - Sync 1 DAGs
[2024-12-21T04:40:50.607+0000] {logging_mixin.py:120} INFO - [2024-12-21T04:40:50.607+0000] {dag.py:3340} INFO - Setting next_dagrun for example_python_operator to None, run_after=None
[2024-12-21T04:40:50.623+0000] {processor.py:176} INFO - Processing /home/airflow/.local/lib/python3.7/site-packages/airflow/example_dags/example_python_operator.py took 0.127 seconds
[2024-12-21T04:41:20.819+0000] {processor.py:154} INFO - Started process (PID=510) to work on /home/airflow/.local/lib/python3.7/site-packages/airflow/example_dags/example_python_operator.py
[2024-12-21T04:41:20.820+0000] {processor.py:756} INFO - Processing file /home/airflow/.local/lib/python3.7/site-packages/airflow/example_dags/example_python_operator.py for tasks to queue
[2024-12-21T04:41:20.821+0000] {logging_mixin.py:120} INFO - [2024-12-21T04:41:20.821+0000] {dagbag.py:537} INFO - Filling up the DagBag from /home/airflow/.local/lib/python3.7/site-packages/airflow/example_dags/example_python_operator.py
[2024-12-21T04:41:20.836+0000] {logging_mixin.py:120} INFO - [2024-12-21T04:41:20.836+0000] {taskmixin.py:205} WARNING - Dependency <Task(_PythonDecoratedOperator): print_the_context>, log_sql_query already registered for DAG: example_python_operator
[2024-12-21T04:41:20.836+0000] {logging_mixin.py:120} INFO - [2024-12-21T04:41:20.836+0000] {taskmixin.py:205} WARNING - Dependency <Task(_PythonDecoratedOperator): log_sql_query>, print_the_context already registered for DAG: example_python_operator
[2024-12-21T04:41:20.837+0000] {logging_mixin.py:120} INFO - [2024-12-21T04:41:20.837+0000] {taskmixin.py:205} WARNING - Dependency <Task(_PythonDecoratedOperator): print_the_context>, log_sql_query already registered for DAG: example_python_operator
[2024-12-21T04:41:20.837+0000] {logging_mixin.py:120} INFO - [2024-12-21T04:41:20.837+0000] {taskmixin.py:205} WARNING - Dependency <Task(_PythonDecoratedOperator): log_sql_query>, print_the_context already registered for DAG: example_python_operator
[2024-12-21T04:41:20.838+0000] {logging_mixin.py:120} INFO - [2024-12-21T04:41:20.838+0000] {taskmixin.py:205} WARNING - Dependency <Task(_PythonDecoratedOperator): print_the_context>, log_sql_query already registered for DAG: example_python_operator
[2024-12-21T04:41:20.838+0000] {logging_mixin.py:120} INFO - [2024-12-21T04:41:20.838+0000] {taskmixin.py:205} WARNING - Dependency <Task(_PythonDecoratedOperator): log_sql_query>, print_the_context already registered for DAG: example_python_operator
[2024-12-21T04:41:20.838+0000] {logging_mixin.py:120} INFO - [2024-12-21T04:41:20.838+0000] {taskmixin.py:205} WARNING - Dependency <Task(_PythonDecoratedOperator): print_the_context>, log_sql_query already registered for DAG: example_python_operator
[2024-12-21T04:41:20.839+0000] {logging_mixin.py:120} INFO - [2024-12-21T04:41:20.839+0000] {taskmixin.py:205} WARNING - Dependency <Task(_PythonDecoratedOperator): log_sql_query>, print_the_context already registered for DAG: example_python_operator
[2024-12-21T04:41:20.845+0000] {processor.py:766} INFO - DAG(s) dict_keys(['example_python_operator']) retrieved from /home/airflow/.local/lib/python3.7/site-packages/airflow/example_dags/example_python_operator.py
[2024-12-21T04:41:20.885+0000] {logging_mixin.py:120} INFO - [2024-12-21T04:41:20.885+0000] {dag.py:2585} INFO - Sync 1 DAGs
[2024-12-21T04:41:20.911+0000] {logging_mixin.py:120} INFO - [2024-12-21T04:41:20.911+0000] {dag.py:3340} INFO - Setting next_dagrun for example_python_operator to None, run_after=None
[2024-12-21T04:41:20.930+0000] {processor.py:176} INFO - Processing /home/airflow/.local/lib/python3.7/site-packages/airflow/example_dags/example_python_operator.py took 0.114 seconds
[2024-12-21T04:41:51.505+0000] {processor.py:154} INFO - Started process (PID=564) to work on /home/airflow/.local/lib/python3.7/site-packages/airflow/example_dags/example_python_operator.py
[2024-12-21T04:41:51.507+0000] {processor.py:756} INFO - Processing file /home/airflow/.local/lib/python3.7/site-packages/airflow/example_dags/example_python_operator.py for tasks to queue
[2024-12-21T04:41:51.510+0000] {logging_mixin.py:120} INFO - [2024-12-21T04:41:51.509+0000] {dagbag.py:537} INFO - Filling up the DagBag from /home/airflow/.local/lib/python3.7/site-packages/airflow/example_dags/example_python_operator.py
[2024-12-21T04:41:51.544+0000] {logging_mixin.py:120} INFO - [2024-12-21T04:41:51.543+0000] {taskmixin.py:205} WARNING - Dependency <Task(_PythonDecoratedOperator): print_the_context>, log_sql_query already registered for DAG: example_python_operator
[2024-12-21T04:41:51.550+0000] {logging_mixin.py:120} INFO - [2024-12-21T04:41:51.549+0000] {taskmixin.py:205} WARNING - Dependency <Task(_PythonDecoratedOperator): log_sql_query>, print_the_context already registered for DAG: example_python_operator
[2024-12-21T04:41:51.555+0000] {logging_mixin.py:120} INFO - [2024-12-21T04:41:51.554+0000] {taskmixin.py:205} WARNING - Dependency <Task(_PythonDecoratedOperator): print_the_context>, log_sql_query already registered for DAG: example_python_operator
[2024-12-21T04:41:51.558+0000] {logging_mixin.py:120} INFO - [2024-12-21T04:41:51.557+0000] {taskmixin.py:205} WARNING - Dependency <Task(_PythonDecoratedOperator): log_sql_query>, print_the_context already registered for DAG: example_python_operator
[2024-12-21T04:41:51.565+0000] {logging_mixin.py:120} INFO - [2024-12-21T04:41:51.565+0000] {taskmixin.py:205} WARNING - Dependency <Task(_PythonDecoratedOperator): print_the_context>, log_sql_query already registered for DAG: example_python_operator
[2024-12-21T04:41:51.570+0000] {logging_mixin.py:120} INFO - [2024-12-21T04:41:51.569+0000] {taskmixin.py:205} WARNING - Dependency <Task(_PythonDecoratedOperator): log_sql_query>, print_the_context already registered for DAG: example_python_operator
[2024-12-21T04:41:51.576+0000] {logging_mixin.py:120} INFO - [2024-12-21T04:41:51.575+0000] {taskmixin.py:205} WARNING - Dependency <Task(_PythonDecoratedOperator): print_the_context>, log_sql_query already registered for DAG: example_python_operator
[2024-12-21T04:41:51.576+0000] {logging_mixin.py:120} INFO - [2024-12-21T04:41:51.576+0000] {taskmixin.py:205} WARNING - Dependency <Task(_PythonDecoratedOperator): log_sql_query>, print_the_context already registered for DAG: example_python_operator
[2024-12-21T04:41:51.588+0000] {processor.py:766} INFO - DAG(s) dict_keys(['example_python_operator']) retrieved from /home/airflow/.local/lib/python3.7/site-packages/airflow/example_dags/example_python_operator.py
[2024-12-21T04:41:51.633+0000] {logging_mixin.py:120} INFO - [2024-12-21T04:41:51.632+0000] {dag.py:2585} INFO - Sync 1 DAGs
[2024-12-21T04:41:51.654+0000] {logging_mixin.py:120} INFO - [2024-12-21T04:41:51.654+0000] {dag.py:3340} INFO - Setting next_dagrun for example_python_operator to None, run_after=None
[2024-12-21T04:41:51.722+0000] {processor.py:176} INFO - Processing /home/airflow/.local/lib/python3.7/site-packages/airflow/example_dags/example_python_operator.py took 0.221 seconds
[2024-12-21T04:42:22.073+0000] {processor.py:154} INFO - Started process (PID=627) to work on /home/airflow/.local/lib/python3.7/site-packages/airflow/example_dags/example_python_operator.py
[2024-12-21T04:42:22.073+0000] {processor.py:756} INFO - Processing file /home/airflow/.local/lib/python3.7/site-packages/airflow/example_dags/example_python_operator.py for tasks to queue
[2024-12-21T04:42:22.074+0000] {logging_mixin.py:120} INFO - [2024-12-21T04:42:22.074+0000] {dagbag.py:537} INFO - Filling up the DagBag from /home/airflow/.local/lib/python3.7/site-packages/airflow/example_dags/example_python_operator.py
[2024-12-21T04:42:22.087+0000] {logging_mixin.py:120} INFO - [2024-12-21T04:42:22.087+0000] {taskmixin.py:205} WARNING - Dependency <Task(_PythonDecoratedOperator): print_the_context>, log_sql_query already registered for DAG: example_python_operator
[2024-12-21T04:42:22.087+0000] {logging_mixin.py:120} INFO - [2024-12-21T04:42:22.087+0000] {taskmixin.py:205} WARNING - Dependency <Task(_PythonDecoratedOperator): log_sql_query>, print_the_context already registered for DAG: example_python_operator
[2024-12-21T04:42:22.088+0000] {logging_mixin.py:120} INFO - [2024-12-21T04:42:22.087+0000] {taskmixin.py:205} WARNING - Dependency <Task(_PythonDecoratedOperator): print_the_context>, log_sql_query already registered for DAG: example_python_operator
[2024-12-21T04:42:22.088+0000] {logging_mixin.py:120} INFO - [2024-12-21T04:42:22.088+0000] {taskmixin.py:205} WARNING - Dependency <Task(_PythonDecoratedOperator): log_sql_query>, print_the_context already registered for DAG: example_python_operator
[2024-12-21T04:42:22.088+0000] {logging_mixin.py:120} INFO - [2024-12-21T04:42:22.088+0000] {taskmixin.py:205} WARNING - Dependency <Task(_PythonDecoratedOperator): print_the_context>, log_sql_query already registered for DAG: example_python_operator
[2024-12-21T04:42:22.088+0000] {logging_mixin.py:120} INFO - [2024-12-21T04:42:22.088+0000] {taskmixin.py:205} WARNING - Dependency <Task(_PythonDecoratedOperator): log_sql_query>, print_the_context already registered for DAG: example_python_operator
[2024-12-21T04:42:22.089+0000] {logging_mixin.py:120} INFO - [2024-12-21T04:42:22.089+0000] {taskmixin.py:205} WARNING - Dependency <Task(_PythonDecoratedOperator): print_the_context>, log_sql_query already registered for DAG: example_python_operator
[2024-12-21T04:42:22.089+0000] {logging_mixin.py:120} INFO - [2024-12-21T04:42:22.089+0000] {taskmixin.py:205} WARNING - Dependency <Task(_PythonDecoratedOperator): log_sql_query>, print_the_context already registered for DAG: example_python_operator
[2024-12-21T04:42:22.094+0000] {processor.py:766} INFO - DAG(s) dict_keys(['example_python_operator']) retrieved from /home/airflow/.local/lib/python3.7/site-packages/airflow/example_dags/example_python_operator.py
[2024-12-21T04:42:22.125+0000] {logging_mixin.py:120} INFO - [2024-12-21T04:42:22.125+0000] {dag.py:2585} INFO - Sync 1 DAGs
[2024-12-21T04:42:22.144+0000] {logging_mixin.py:120} INFO - [2024-12-21T04:42:22.144+0000] {dag.py:3340} INFO - Setting next_dagrun for example_python_operator to None, run_after=None
[2024-12-21T04:42:22.157+0000] {processor.py:176} INFO - Processing /home/airflow/.local/lib/python3.7/site-packages/airflow/example_dags/example_python_operator.py took 0.087 seconds
[2024-12-21T04:42:52.717+0000] {processor.py:154} INFO - Started process (PID=690) to work on /home/airflow/.local/lib/python3.7/site-packages/airflow/example_dags/example_python_operator.py
[2024-12-21T04:42:52.719+0000] {processor.py:756} INFO - Processing file /home/airflow/.local/lib/python3.7/site-packages/airflow/example_dags/example_python_operator.py for tasks to queue
[2024-12-21T04:42:52.719+0000] {logging_mixin.py:120} INFO - [2024-12-21T04:42:52.719+0000] {dagbag.py:537} INFO - Filling up the DagBag from /home/airflow/.local/lib/python3.7/site-packages/airflow/example_dags/example_python_operator.py
[2024-12-21T04:42:52.732+0000] {logging_mixin.py:120} INFO - [2024-12-21T04:42:52.731+0000] {taskmixin.py:205} WARNING - Dependency <Task(_PythonDecoratedOperator): print_the_context>, log_sql_query already registered for DAG: example_python_operator
[2024-12-21T04:42:52.733+0000] {logging_mixin.py:120} INFO - [2024-12-21T04:42:52.733+0000] {taskmixin.py:205} WARNING - Dependency <Task(_PythonDecoratedOperator): log_sql_query>, print_the_context already registered for DAG: example_python_operator
[2024-12-21T04:42:52.733+0000] {logging_mixin.py:120} INFO - [2024-12-21T04:42:52.733+0000] {taskmixin.py:205} WARNING - Dependency <Task(_PythonDecoratedOperator): print_the_context>, log_sql_query already registered for DAG: example_python_operator
[2024-12-21T04:42:52.734+0000] {logging_mixin.py:120} INFO - [2024-12-21T04:42:52.733+0000] {taskmixin.py:205} WARNING - Dependency <Task(_PythonDecoratedOperator): log_sql_query>, print_the_context already registered for DAG: example_python_operator
[2024-12-21T04:42:52.734+0000] {logging_mixin.py:120} INFO - [2024-12-21T04:42:52.734+0000] {taskmixin.py:205} WARNING - Dependency <Task(_PythonDecoratedOperator): print_the_context>, log_sql_query already registered for DAG: example_python_operator
[2024-12-21T04:42:52.734+0000] {logging_mixin.py:120} INFO - [2024-12-21T04:42:52.734+0000] {taskmixin.py:205} WARNING - Dependency <Task(_PythonDecoratedOperator): log_sql_query>, print_the_context already registered for DAG: example_python_operator
[2024-12-21T04:42:52.735+0000] {logging_mixin.py:120} INFO - [2024-12-21T04:42:52.735+0000] {taskmixin.py:205} WARNING - Dependency <Task(_PythonDecoratedOperator): print_the_context>, log_sql_query already registered for DAG: example_python_operator
[2024-12-21T04:42:52.735+0000] {logging_mixin.py:120} INFO - [2024-12-21T04:42:52.735+0000] {taskmixin.py:205} WARNING - Dependency <Task(_PythonDecoratedOperator): log_sql_query>, print_the_context already registered for DAG: example_python_operator
[2024-12-21T04:42:52.740+0000] {processor.py:766} INFO - DAG(s) dict_keys(['example_python_operator']) retrieved from /home/airflow/.local/lib/python3.7/site-packages/airflow/example_dags/example_python_operator.py
[2024-12-21T04:42:52.771+0000] {logging_mixin.py:120} INFO - [2024-12-21T04:42:52.771+0000] {dag.py:2585} INFO - Sync 1 DAGs
[2024-12-21T04:42:52.790+0000] {logging_mixin.py:120} INFO - [2024-12-21T04:42:52.790+0000] {dag.py:3340} INFO - Setting next_dagrun for example_python_operator to None, run_after=None
[2024-12-21T04:42:52.802+0000] {processor.py:176} INFO - Processing /home/airflow/.local/lib/python3.7/site-packages/airflow/example_dags/example_python_operator.py took 0.088 seconds
[2024-12-21T04:43:23.332+0000] {processor.py:154} INFO - Started process (PID=751) to work on /home/airflow/.local/lib/python3.7/site-packages/airflow/example_dags/example_python_operator.py
[2024-12-21T04:43:23.333+0000] {processor.py:756} INFO - Processing file /home/airflow/.local/lib/python3.7/site-packages/airflow/example_dags/example_python_operator.py for tasks to queue
[2024-12-21T04:43:23.334+0000] {logging_mixin.py:120} INFO - [2024-12-21T04:43:23.334+0000] {dagbag.py:537} INFO - Filling up the DagBag from /home/airflow/.local/lib/python3.7/site-packages/airflow/example_dags/example_python_operator.py
[2024-12-21T04:43:23.350+0000] {logging_mixin.py:120} INFO - [2024-12-21T04:43:23.350+0000] {taskmixin.py:205} WARNING - Dependency <Task(_PythonDecoratedOperator): print_the_context>, log_sql_query already registered for DAG: example_python_operator
[2024-12-21T04:43:23.350+0000] {logging_mixin.py:120} INFO - [2024-12-21T04:43:23.350+0000] {taskmixin.py:205} WARNING - Dependency <Task(_PythonDecoratedOperator): log_sql_query>, print_the_context already registered for DAG: example_python_operator
[2024-12-21T04:43:23.351+0000] {logging_mixin.py:120} INFO - [2024-12-21T04:43:23.351+0000] {taskmixin.py:205} WARNING - Dependency <Task(_PythonDecoratedOperator): print_the_context>, log_sql_query already registered for DAG: example_python_operator
[2024-12-21T04:43:23.351+0000] {logging_mixin.py:120} INFO - [2024-12-21T04:43:23.351+0000] {taskmixin.py:205} WARNING - Dependency <Task(_PythonDecoratedOperator): log_sql_query>, print_the_context already registered for DAG: example_python_operator
[2024-12-21T04:43:23.352+0000] {logging_mixin.py:120} INFO - [2024-12-21T04:43:23.352+0000] {taskmixin.py:205} WARNING - Dependency <Task(_PythonDecoratedOperator): print_the_context>, log_sql_query already registered for DAG: example_python_operator
[2024-12-21T04:43:23.352+0000] {logging_mixin.py:120} INFO - [2024-12-21T04:43:23.352+0000] {taskmixin.py:205} WARNING - Dependency <Task(_PythonDecoratedOperator): log_sql_query>, print_the_context already registered for DAG: example_python_operator
[2024-12-21T04:43:23.353+0000] {logging_mixin.py:120} INFO - [2024-12-21T04:43:23.353+0000] {taskmixin.py:205} WARNING - Dependency <Task(_PythonDecoratedOperator): print_the_context>, log_sql_query already registered for DAG: example_python_operator
[2024-12-21T04:43:23.353+0000] {logging_mixin.py:120} INFO - [2024-12-21T04:43:23.353+0000] {taskmixin.py:205} WARNING - Dependency <Task(_PythonDecoratedOperator): log_sql_query>, print_the_context already registered for DAG: example_python_operator
[2024-12-21T04:43:23.362+0000] {processor.py:766} INFO - DAG(s) dict_keys(['example_python_operator']) retrieved from /home/airflow/.local/lib/python3.7/site-packages/airflow/example_dags/example_python_operator.py
[2024-12-21T04:43:23.412+0000] {logging_mixin.py:120} INFO - [2024-12-21T04:43:23.412+0000] {dag.py:2585} INFO - Sync 1 DAGs
[2024-12-21T04:43:23.446+0000] {logging_mixin.py:120} INFO - [2024-12-21T04:43:23.446+0000] {dag.py:3340} INFO - Setting next_dagrun for example_python_operator to None, run_after=None
[2024-12-21T04:43:23.470+0000] {processor.py:176} INFO - Processing /home/airflow/.local/lib/python3.7/site-packages/airflow/example_dags/example_python_operator.py took 0.141 seconds
[2024-12-21T04:43:54.220+0000] {processor.py:154} INFO - Started process (PID=807) to work on /home/airflow/.local/lib/python3.7/site-packages/airflow/example_dags/example_python_operator.py
[2024-12-21T04:43:54.221+0000] {processor.py:756} INFO - Processing file /home/airflow/.local/lib/python3.7/site-packages/airflow/example_dags/example_python_operator.py for tasks to queue
[2024-12-21T04:43:54.222+0000] {logging_mixin.py:120} INFO - [2024-12-21T04:43:54.222+0000] {dagbag.py:537} INFO - Filling up the DagBag from /home/airflow/.local/lib/python3.7/site-packages/airflow/example_dags/example_python_operator.py
[2024-12-21T04:43:54.235+0000] {logging_mixin.py:120} INFO - [2024-12-21T04:43:54.234+0000] {taskmixin.py:205} WARNING - Dependency <Task(_PythonDecoratedOperator): print_the_context>, log_sql_query already registered for DAG: example_python_operator
[2024-12-21T04:43:54.235+0000] {logging_mixin.py:120} INFO - [2024-12-21T04:43:54.235+0000] {taskmixin.py:205} WARNING - Dependency <Task(_PythonDecoratedOperator): log_sql_query>, print_the_context already registered for DAG: example_python_operator
[2024-12-21T04:43:54.236+0000] {logging_mixin.py:120} INFO - [2024-12-21T04:43:54.236+0000] {taskmixin.py:205} WARNING - Dependency <Task(_PythonDecoratedOperator): print_the_context>, log_sql_query already registered for DAG: example_python_operator
[2024-12-21T04:43:54.236+0000] {logging_mixin.py:120} INFO - [2024-12-21T04:43:54.236+0000] {taskmixin.py:205} WARNING - Dependency <Task(_PythonDecoratedOperator): log_sql_query>, print_the_context already registered for DAG: example_python_operator
[2024-12-21T04:43:54.237+0000] {logging_mixin.py:120} INFO - [2024-12-21T04:43:54.237+0000] {taskmixin.py:205} WARNING - Dependency <Task(_PythonDecoratedOperator): print_the_context>, log_sql_query already registered for DAG: example_python_operator
[2024-12-21T04:43:54.237+0000] {logging_mixin.py:120} INFO - [2024-12-21T04:43:54.237+0000] {taskmixin.py:205} WARNING - Dependency <Task(_PythonDecoratedOperator): log_sql_query>, print_the_context already registered for DAG: example_python_operator
[2024-12-21T04:43:54.238+0000] {logging_mixin.py:120} INFO - [2024-12-21T04:43:54.238+0000] {taskmixin.py:205} WARNING - Dependency <Task(_PythonDecoratedOperator): print_the_context>, log_sql_query already registered for DAG: example_python_operator
[2024-12-21T04:43:54.238+0000] {logging_mixin.py:120} INFO - [2024-12-21T04:43:54.238+0000] {taskmixin.py:205} WARNING - Dependency <Task(_PythonDecoratedOperator): log_sql_query>, print_the_context already registered for DAG: example_python_operator
[2024-12-21T04:43:54.244+0000] {processor.py:766} INFO - DAG(s) dict_keys(['example_python_operator']) retrieved from /home/airflow/.local/lib/python3.7/site-packages/airflow/example_dags/example_python_operator.py
[2024-12-21T04:43:54.275+0000] {logging_mixin.py:120} INFO - [2024-12-21T04:43:54.275+0000] {dag.py:2585} INFO - Sync 1 DAGs
[2024-12-21T04:43:54.302+0000] {logging_mixin.py:120} INFO - [2024-12-21T04:43:54.302+0000] {dag.py:3340} INFO - Setting next_dagrun for example_python_operator to None, run_after=None
[2024-12-21T04:43:54.318+0000] {processor.py:176} INFO - Processing /home/airflow/.local/lib/python3.7/site-packages/airflow/example_dags/example_python_operator.py took 0.102 seconds
[2024-12-21T04:44:24.741+0000] {processor.py:154} INFO - Started process (PID=870) to work on /home/airflow/.local/lib/python3.7/site-packages/airflow/example_dags/example_python_operator.py
[2024-12-21T04:44:24.742+0000] {processor.py:756} INFO - Processing file /home/airflow/.local/lib/python3.7/site-packages/airflow/example_dags/example_python_operator.py for tasks to queue
[2024-12-21T04:44:24.744+0000] {logging_mixin.py:120} INFO - [2024-12-21T04:44:24.744+0000] {dagbag.py:537} INFO - Filling up the DagBag from /home/airflow/.local/lib/python3.7/site-packages/airflow/example_dags/example_python_operator.py
[2024-12-21T04:44:24.758+0000] {logging_mixin.py:120} INFO - [2024-12-21T04:44:24.758+0000] {taskmixin.py:205} WARNING - Dependency <Task(_PythonDecoratedOperator): print_the_context>, log_sql_query already registered for DAG: example_python_operator
[2024-12-21T04:44:24.758+0000] {logging_mixin.py:120} INFO - [2024-12-21T04:44:24.758+0000] {taskmixin.py:205} WARNING - Dependency <Task(_PythonDecoratedOperator): log_sql_query>, print_the_context already registered for DAG: example_python_operator
[2024-12-21T04:44:24.759+0000] {logging_mixin.py:120} INFO - [2024-12-21T04:44:24.759+0000] {taskmixin.py:205} WARNING - Dependency <Task(_PythonDecoratedOperator): print_the_context>, log_sql_query already registered for DAG: example_python_operator
[2024-12-21T04:44:24.760+0000] {logging_mixin.py:120} INFO - [2024-12-21T04:44:24.760+0000] {taskmixin.py:205} WARNING - Dependency <Task(_PythonDecoratedOperator): log_sql_query>, print_the_context already registered for DAG: example_python_operator
[2024-12-21T04:44:24.761+0000] {logging_mixin.py:120} INFO - [2024-12-21T04:44:24.761+0000] {taskmixin.py:205} WARNING - Dependency <Task(_PythonDecoratedOperator): print_the_context>, log_sql_query already registered for DAG: example_python_operator
[2024-12-21T04:44:24.762+0000] {logging_mixin.py:120} INFO - [2024-12-21T04:44:24.761+0000] {taskmixin.py:205} WARNING - Dependency <Task(_PythonDecoratedOperator): log_sql_query>, print_the_context already registered for DAG: example_python_operator
[2024-12-21T04:44:24.762+0000] {logging_mixin.py:120} INFO - [2024-12-21T04:44:24.762+0000] {taskmixin.py:205} WARNING - Dependency <Task(_PythonDecoratedOperator): print_the_context>, log_sql_query already registered for DAG: example_python_operator
[2024-12-21T04:44:24.762+0000] {logging_mixin.py:120} INFO - [2024-12-21T04:44:24.762+0000] {taskmixin.py:205} WARNING - Dependency <Task(_PythonDecoratedOperator): log_sql_query>, print_the_context already registered for DAG: example_python_operator
[2024-12-21T04:44:24.767+0000] {processor.py:766} INFO - DAG(s) dict_keys(['example_python_operator']) retrieved from /home/airflow/.local/lib/python3.7/site-packages/airflow/example_dags/example_python_operator.py
[2024-12-21T04:44:24.804+0000] {logging_mixin.py:120} INFO - [2024-12-21T04:44:24.804+0000] {dag.py:2585} INFO - Sync 1 DAGs
[2024-12-21T04:44:24.825+0000] {logging_mixin.py:120} INFO - [2024-12-21T04:44:24.825+0000] {dag.py:3340} INFO - Setting next_dagrun for example_python_operator to None, run_after=None
[2024-12-21T04:44:24.839+0000] {processor.py:176} INFO - Processing /home/airflow/.local/lib/python3.7/site-packages/airflow/example_dags/example_python_operator.py took 0.100 seconds
[2024-12-21T04:44:55.655+0000] {processor.py:154} INFO - Started process (PID=924) to work on /home/airflow/.local/lib/python3.7/site-packages/airflow/example_dags/example_python_operator.py
[2024-12-21T04:44:55.656+0000] {processor.py:756} INFO - Processing file /home/airflow/.local/lib/python3.7/site-packages/airflow/example_dags/example_python_operator.py for tasks to queue
[2024-12-21T04:44:55.657+0000] {logging_mixin.py:120} INFO - [2024-12-21T04:44:55.657+0000] {dagbag.py:537} INFO - Filling up the DagBag from /home/airflow/.local/lib/python3.7/site-packages/airflow/example_dags/example_python_operator.py
[2024-12-21T04:44:55.671+0000] {logging_mixin.py:120} INFO - [2024-12-21T04:44:55.671+0000] {taskmixin.py:205} WARNING - Dependency <Task(_PythonDecoratedOperator): print_the_context>, log_sql_query already registered for DAG: example_python_operator
[2024-12-21T04:44:55.671+0000] {logging_mixin.py:120} INFO - [2024-12-21T04:44:55.671+0000] {taskmixin.py:205} WARNING - Dependency <Task(_PythonDecoratedOperator): log_sql_query>, print_the_context already registered for DAG: example_python_operator
[2024-12-21T04:44:55.672+0000] {logging_mixin.py:120} INFO - [2024-12-21T04:44:55.672+0000] {taskmixin.py:205} WARNING - Dependency <Task(_PythonDecoratedOperator): print_the_context>, log_sql_query already registered for DAG: example_python_operator
[2024-12-21T04:44:55.672+0000] {logging_mixin.py:120} INFO - [2024-12-21T04:44:55.672+0000] {taskmixin.py:205} WARNING - Dependency <Task(_PythonDecoratedOperator): log_sql_query>, print_the_context already registered for DAG: example_python_operator
[2024-12-21T04:44:55.673+0000] {logging_mixin.py:120} INFO - [2024-12-21T04:44:55.673+0000] {taskmixin.py:205} WARNING - Dependency <Task(_PythonDecoratedOperator): print_the_context>, log_sql_query already registered for DAG: example_python_operator
[2024-12-21T04:44:55.673+0000] {logging_mixin.py:120} INFO - [2024-12-21T04:44:55.673+0000] {taskmixin.py:205} WARNING - Dependency <Task(_PythonDecoratedOperator): log_sql_query>, print_the_context already registered for DAG: example_python_operator
[2024-12-21T04:44:55.674+0000] {logging_mixin.py:120} INFO - [2024-12-21T04:44:55.674+0000] {taskmixin.py:205} WARNING - Dependency <Task(_PythonDecoratedOperator): print_the_context>, log_sql_query already registered for DAG: example_python_operator
[2024-12-21T04:44:55.674+0000] {logging_mixin.py:120} INFO - [2024-12-21T04:44:55.674+0000] {taskmixin.py:205} WARNING - Dependency <Task(_PythonDecoratedOperator): log_sql_query>, print_the_context already registered for DAG: example_python_operator
[2024-12-21T04:44:55.679+0000] {processor.py:766} INFO - DAG(s) dict_keys(['example_python_operator']) retrieved from /home/airflow/.local/lib/python3.7/site-packages/airflow/example_dags/example_python_operator.py
[2024-12-21T04:44:55.715+0000] {logging_mixin.py:120} INFO - [2024-12-21T04:44:55.714+0000] {dag.py:2585} INFO - Sync 1 DAGs
[2024-12-21T04:44:55.733+0000] {logging_mixin.py:120} INFO - [2024-12-21T04:44:55.733+0000] {dag.py:3340} INFO - Setting next_dagrun for example_python_operator to None, run_after=None
[2024-12-21T04:44:55.748+0000] {processor.py:176} INFO - Processing /home/airflow/.local/lib/python3.7/site-packages/airflow/example_dags/example_python_operator.py took 0.096 seconds
[2024-12-21T04:45:26.019+0000] {processor.py:154} INFO - Started process (PID=987) to work on /home/airflow/.local/lib/python3.7/site-packages/airflow/example_dags/example_python_operator.py
[2024-12-21T04:45:26.020+0000] {processor.py:756} INFO - Processing file /home/airflow/.local/lib/python3.7/site-packages/airflow/example_dags/example_python_operator.py for tasks to queue
[2024-12-21T04:45:26.020+0000] {logging_mixin.py:120} INFO - [2024-12-21T04:45:26.020+0000] {dagbag.py:537} INFO - Filling up the DagBag from /home/airflow/.local/lib/python3.7/site-packages/airflow/example_dags/example_python_operator.py
[2024-12-21T04:45:26.034+0000] {logging_mixin.py:120} INFO - [2024-12-21T04:45:26.034+0000] {taskmixin.py:205} WARNING - Dependency <Task(_PythonDecoratedOperator): print_the_context>, log_sql_query already registered for DAG: example_python_operator
[2024-12-21T04:45:26.035+0000] {logging_mixin.py:120} INFO - [2024-12-21T04:45:26.035+0000] {taskmixin.py:205} WARNING - Dependency <Task(_PythonDecoratedOperator): log_sql_query>, print_the_context already registered for DAG: example_python_operator
[2024-12-21T04:45:26.035+0000] {logging_mixin.py:120} INFO - [2024-12-21T04:45:26.035+0000] {taskmixin.py:205} WARNING - Dependency <Task(_PythonDecoratedOperator): print_the_context>, log_sql_query already registered for DAG: example_python_operator
[2024-12-21T04:45:26.035+0000] {logging_mixin.py:120} INFO - [2024-12-21T04:45:26.035+0000] {taskmixin.py:205} WARNING - Dependency <Task(_PythonDecoratedOperator): log_sql_query>, print_the_context already registered for DAG: example_python_operator
[2024-12-21T04:45:26.037+0000] {logging_mixin.py:120} INFO - [2024-12-21T04:45:26.037+0000] {taskmixin.py:205} WARNING - Dependency <Task(_PythonDecoratedOperator): print_the_context>, log_sql_query already registered for DAG: example_python_operator
[2024-12-21T04:45:26.038+0000] {logging_mixin.py:120} INFO - [2024-12-21T04:45:26.037+0000] {taskmixin.py:205} WARNING - Dependency <Task(_PythonDecoratedOperator): log_sql_query>, print_the_context already registered for DAG: example_python_operator
[2024-12-21T04:45:26.038+0000] {logging_mixin.py:120} INFO - [2024-12-21T04:45:26.038+0000] {taskmixin.py:205} WARNING - Dependency <Task(_PythonDecoratedOperator): print_the_context>, log_sql_query already registered for DAG: example_python_operator
[2024-12-21T04:45:26.038+0000] {logging_mixin.py:120} INFO - [2024-12-21T04:45:26.038+0000] {taskmixin.py:205} WARNING - Dependency <Task(_PythonDecoratedOperator): log_sql_query>, print_the_context already registered for DAG: example_python_operator
[2024-12-21T04:45:26.044+0000] {processor.py:766} INFO - DAG(s) dict_keys(['example_python_operator']) retrieved from /home/airflow/.local/lib/python3.7/site-packages/airflow/example_dags/example_python_operator.py
[2024-12-21T04:45:26.077+0000] {logging_mixin.py:120} INFO - [2024-12-21T04:45:26.076+0000] {dag.py:2585} INFO - Sync 1 DAGs
[2024-12-21T04:45:26.096+0000] {logging_mixin.py:120} INFO - [2024-12-21T04:45:26.096+0000] {dag.py:3340} INFO - Setting next_dagrun for example_python_operator to None, run_after=None
[2024-12-21T04:45:26.111+0000] {processor.py:176} INFO - Processing /home/airflow/.local/lib/python3.7/site-packages/airflow/example_dags/example_python_operator.py took 0.094 seconds
[2024-12-21T04:45:56.321+0000] {processor.py:154} INFO - Started process (PID=1050) to work on /home/airflow/.local/lib/python3.7/site-packages/airflow/example_dags/example_python_operator.py
[2024-12-21T04:45:56.322+0000] {processor.py:756} INFO - Processing file /home/airflow/.local/lib/python3.7/site-packages/airflow/example_dags/example_python_operator.py for tasks to queue
[2024-12-21T04:45:56.322+0000] {logging_mixin.py:120} INFO - [2024-12-21T04:45:56.322+0000] {dagbag.py:537} INFO - Filling up the DagBag from /home/airflow/.local/lib/python3.7/site-packages/airflow/example_dags/example_python_operator.py
[2024-12-21T04:45:56.337+0000] {logging_mixin.py:120} INFO - [2024-12-21T04:45:56.337+0000] {taskmixin.py:205} WARNING - Dependency <Task(_PythonDecoratedOperator): print_the_context>, log_sql_query already registered for DAG: example_python_operator
[2024-12-21T04:45:56.339+0000] {logging_mixin.py:120} INFO - [2024-12-21T04:45:56.339+0000] {taskmixin.py:205} WARNING - Dependency <Task(_PythonDecoratedOperator): log_sql_query>, print_the_context already registered for DAG: example_python_operator
[2024-12-21T04:45:56.340+0000] {logging_mixin.py:120} INFO - [2024-12-21T04:45:56.340+0000] {taskmixin.py:205} WARNING - Dependency <Task(_PythonDecoratedOperator): print_the_context>, log_sql_query already registered for DAG: example_python_operator
[2024-12-21T04:45:56.340+0000] {logging_mixin.py:120} INFO - [2024-12-21T04:45:56.340+0000] {taskmixin.py:205} WARNING - Dependency <Task(_PythonDecoratedOperator): log_sql_query>, print_the_context already registered for DAG: example_python_operator
[2024-12-21T04:45:56.343+0000] {logging_mixin.py:120} INFO - [2024-12-21T04:45:56.342+0000] {taskmixin.py:205} WARNING - Dependency <Task(_PythonDecoratedOperator): print_the_context>, log_sql_query already registered for DAG: example_python_operator
[2024-12-21T04:45:56.343+0000] {logging_mixin.py:120} INFO - [2024-12-21T04:45:56.343+0000] {taskmixin.py:205} WARNING - Dependency <Task(_PythonDecoratedOperator): log_sql_query>, print_the_context already registered for DAG: example_python_operator
[2024-12-21T04:45:56.344+0000] {logging_mixin.py:120} INFO - [2024-12-21T04:45:56.344+0000] {taskmixin.py:205} WARNING - Dependency <Task(_PythonDecoratedOperator): print_the_context>, log_sql_query already registered for DAG: example_python_operator
[2024-12-21T04:45:56.345+0000] {logging_mixin.py:120} INFO - [2024-12-21T04:45:56.345+0000] {taskmixin.py:205} WARNING - Dependency <Task(_PythonDecoratedOperator): log_sql_query>, print_the_context already registered for DAG: example_python_operator
[2024-12-21T04:45:56.353+0000] {processor.py:766} INFO - DAG(s) dict_keys(['example_python_operator']) retrieved from /home/airflow/.local/lib/python3.7/site-packages/airflow/example_dags/example_python_operator.py
[2024-12-21T04:45:56.392+0000] {logging_mixin.py:120} INFO - [2024-12-21T04:45:56.391+0000] {dag.py:2585} INFO - Sync 1 DAGs
[2024-12-21T04:45:56.413+0000] {logging_mixin.py:120} INFO - [2024-12-21T04:45:56.413+0000] {dag.py:3340} INFO - Setting next_dagrun for example_python_operator to None, run_after=None
[2024-12-21T04:45:56.427+0000] {processor.py:176} INFO - Processing /home/airflow/.local/lib/python3.7/site-packages/airflow/example_dags/example_python_operator.py took 0.109 seconds
[2024-12-21T04:46:27.117+0000] {processor.py:154} INFO - Started process (PID=1104) to work on /home/airflow/.local/lib/python3.7/site-packages/airflow/example_dags/example_python_operator.py
[2024-12-21T04:46:27.117+0000] {processor.py:756} INFO - Processing file /home/airflow/.local/lib/python3.7/site-packages/airflow/example_dags/example_python_operator.py for tasks to queue
[2024-12-21T04:46:27.118+0000] {logging_mixin.py:120} INFO - [2024-12-21T04:46:27.118+0000] {dagbag.py:537} INFO - Filling up the DagBag from /home/airflow/.local/lib/python3.7/site-packages/airflow/example_dags/example_python_operator.py
[2024-12-21T04:46:27.130+0000] {logging_mixin.py:120} INFO - [2024-12-21T04:46:27.130+0000] {taskmixin.py:205} WARNING - Dependency <Task(_PythonDecoratedOperator): print_the_context>, log_sql_query already registered for DAG: example_python_operator
[2024-12-21T04:46:27.130+0000] {logging_mixin.py:120} INFO - [2024-12-21T04:46:27.130+0000] {taskmixin.py:205} WARNING - Dependency <Task(_PythonDecoratedOperator): log_sql_query>, print_the_context already registered for DAG: example_python_operator
[2024-12-21T04:46:27.131+0000] {logging_mixin.py:120} INFO - [2024-12-21T04:46:27.131+0000] {taskmixin.py:205} WARNING - Dependency <Task(_PythonDecoratedOperator): print_the_context>, log_sql_query already registered for DAG: example_python_operator
[2024-12-21T04:46:27.132+0000] {logging_mixin.py:120} INFO - [2024-12-21T04:46:27.132+0000] {taskmixin.py:205} WARNING - Dependency <Task(_PythonDecoratedOperator): log_sql_query>, print_the_context already registered for DAG: example_python_operator
[2024-12-21T04:46:27.132+0000] {logging_mixin.py:120} INFO - [2024-12-21T04:46:27.132+0000] {taskmixin.py:205} WARNING - Dependency <Task(_PythonDecoratedOperator): print_the_context>, log_sql_query already registered for DAG: example_python_operator
[2024-12-21T04:46:27.133+0000] {logging_mixin.py:120} INFO - [2024-12-21T04:46:27.133+0000] {taskmixin.py:205} WARNING - Dependency <Task(_PythonDecoratedOperator): log_sql_query>, print_the_context already registered for DAG: example_python_operator
[2024-12-21T04:46:27.133+0000] {logging_mixin.py:120} INFO - [2024-12-21T04:46:27.133+0000] {taskmixin.py:205} WARNING - Dependency <Task(_PythonDecoratedOperator): print_the_context>, log_sql_query already registered for DAG: example_python_operator
[2024-12-21T04:46:27.133+0000] {logging_mixin.py:120} INFO - [2024-12-21T04:46:27.133+0000] {taskmixin.py:205} WARNING - Dependency <Task(_PythonDecoratedOperator): log_sql_query>, print_the_context already registered for DAG: example_python_operator
[2024-12-21T04:46:27.138+0000] {processor.py:766} INFO - DAG(s) dict_keys(['example_python_operator']) retrieved from /home/airflow/.local/lib/python3.7/site-packages/airflow/example_dags/example_python_operator.py
[2024-12-21T04:46:27.168+0000] {logging_mixin.py:120} INFO - [2024-12-21T04:46:27.168+0000] {dag.py:2585} INFO - Sync 1 DAGs
[2024-12-21T04:46:27.186+0000] {logging_mixin.py:120} INFO - [2024-12-21T04:46:27.186+0000] {dag.py:3340} INFO - Setting next_dagrun for example_python_operator to None, run_after=None
[2024-12-21T04:46:27.199+0000] {processor.py:176} INFO - Processing /home/airflow/.local/lib/python3.7/site-packages/airflow/example_dags/example_python_operator.py took 0.085 seconds
[2024-12-21T04:46:57.755+0000] {processor.py:154} INFO - Started process (PID=1167) to work on /home/airflow/.local/lib/python3.7/site-packages/airflow/example_dags/example_python_operator.py
[2024-12-21T04:46:57.755+0000] {processor.py:756} INFO - Processing file /home/airflow/.local/lib/python3.7/site-packages/airflow/example_dags/example_python_operator.py for tasks to queue
[2024-12-21T04:46:57.756+0000] {logging_mixin.py:120} INFO - [2024-12-21T04:46:57.756+0000] {dagbag.py:537} INFO - Filling up the DagBag from /home/airflow/.local/lib/python3.7/site-packages/airflow/example_dags/example_python_operator.py
[2024-12-21T04:46:57.767+0000] {logging_mixin.py:120} INFO - [2024-12-21T04:46:57.767+0000] {taskmixin.py:205} WARNING - Dependency <Task(_PythonDecoratedOperator): print_the_context>, log_sql_query already registered for DAG: example_python_operator
[2024-12-21T04:46:57.768+0000] {logging_mixin.py:120} INFO - [2024-12-21T04:46:57.767+0000] {taskmixin.py:205} WARNING - Dependency <Task(_PythonDecoratedOperator): log_sql_query>, print_the_context already registered for DAG: example_python_operator
[2024-12-21T04:46:57.768+0000] {logging_mixin.py:120} INFO - [2024-12-21T04:46:57.768+0000] {taskmixin.py:205} WARNING - Dependency <Task(_PythonDecoratedOperator): print_the_context>, log_sql_query already registered for DAG: example_python_operator
[2024-12-21T04:46:57.768+0000] {logging_mixin.py:120} INFO - [2024-12-21T04:46:57.768+0000] {taskmixin.py:205} WARNING - Dependency <Task(_PythonDecoratedOperator): log_sql_query>, print_the_context already registered for DAG: example_python_operator
[2024-12-21T04:46:57.769+0000] {logging_mixin.py:120} INFO - [2024-12-21T04:46:57.769+0000] {taskmixin.py:205} WARNING - Dependency <Task(_PythonDecoratedOperator): print_the_context>, log_sql_query already registered for DAG: example_python_operator
[2024-12-21T04:46:57.769+0000] {logging_mixin.py:120} INFO - [2024-12-21T04:46:57.769+0000] {taskmixin.py:205} WARNING - Dependency <Task(_PythonDecoratedOperator): log_sql_query>, print_the_context already registered for DAG: example_python_operator
[2024-12-21T04:46:57.769+0000] {logging_mixin.py:120} INFO - [2024-12-21T04:46:57.769+0000] {taskmixin.py:205} WARNING - Dependency <Task(_PythonDecoratedOperator): print_the_context>, log_sql_query already registered for DAG: example_python_operator
[2024-12-21T04:46:57.770+0000] {logging_mixin.py:120} INFO - [2024-12-21T04:46:57.770+0000] {taskmixin.py:205} WARNING - Dependency <Task(_PythonDecoratedOperator): log_sql_query>, print_the_context already registered for DAG: example_python_operator
[2024-12-21T04:46:57.775+0000] {processor.py:766} INFO - DAG(s) dict_keys(['example_python_operator']) retrieved from /home/airflow/.local/lib/python3.7/site-packages/airflow/example_dags/example_python_operator.py
[2024-12-21T04:46:57.806+0000] {logging_mixin.py:120} INFO - [2024-12-21T04:46:57.806+0000] {dag.py:2585} INFO - Sync 1 DAGs
[2024-12-21T04:46:57.823+0000] {logging_mixin.py:120} INFO - [2024-12-21T04:46:57.823+0000] {dag.py:3340} INFO - Setting next_dagrun for example_python_operator to None, run_after=None
[2024-12-21T04:46:57.835+0000] {processor.py:176} INFO - Processing /home/airflow/.local/lib/python3.7/site-packages/airflow/example_dags/example_python_operator.py took 0.084 seconds
[2024-12-21T04:47:28.371+0000] {processor.py:154} INFO - Started process (PID=1230) to work on /home/airflow/.local/lib/python3.7/site-packages/airflow/example_dags/example_python_operator.py
[2024-12-21T04:47:28.372+0000] {processor.py:756} INFO - Processing file /home/airflow/.local/lib/python3.7/site-packages/airflow/example_dags/example_python_operator.py for tasks to queue
[2024-12-21T04:47:28.372+0000] {logging_mixin.py:120} INFO - [2024-12-21T04:47:28.372+0000] {dagbag.py:537} INFO - Filling up the DagBag from /home/airflow/.local/lib/python3.7/site-packages/airflow/example_dags/example_python_operator.py
[2024-12-21T04:47:28.383+0000] {logging_mixin.py:120} INFO - [2024-12-21T04:47:28.383+0000] {taskmixin.py:205} WARNING - Dependency <Task(_PythonDecoratedOperator): print_the_context>, log_sql_query already registered for DAG: example_python_operator
[2024-12-21T04:47:28.384+0000] {logging_mixin.py:120} INFO - [2024-12-21T04:47:28.384+0000] {taskmixin.py:205} WARNING - Dependency <Task(_PythonDecoratedOperator): log_sql_query>, print_the_context already registered for DAG: example_python_operator
[2024-12-21T04:47:28.384+0000] {logging_mixin.py:120} INFO - [2024-12-21T04:47:28.384+0000] {taskmixin.py:205} WARNING - Dependency <Task(_PythonDecoratedOperator): print_the_context>, log_sql_query already registered for DAG: example_python_operator
[2024-12-21T04:47:28.385+0000] {logging_mixin.py:120} INFO - [2024-12-21T04:47:28.385+0000] {taskmixin.py:205} WARNING - Dependency <Task(_PythonDecoratedOperator): log_sql_query>, print_the_context already registered for DAG: example_python_operator
[2024-12-21T04:47:28.386+0000] {logging_mixin.py:120} INFO - [2024-12-21T04:47:28.386+0000] {taskmixin.py:205} WARNING - Dependency <Task(_PythonDecoratedOperator): print_the_context>, log_sql_query already registered for DAG: example_python_operator
[2024-12-21T04:47:28.386+0000] {logging_mixin.py:120} INFO - [2024-12-21T04:47:28.386+0000] {taskmixin.py:205} WARNING - Dependency <Task(_PythonDecoratedOperator): log_sql_query>, print_the_context already registered for DAG: example_python_operator
[2024-12-21T04:47:28.387+0000] {logging_mixin.py:120} INFO - [2024-12-21T04:47:28.387+0000] {taskmixin.py:205} WARNING - Dependency <Task(_PythonDecoratedOperator): print_the_context>, log_sql_query already registered for DAG: example_python_operator
[2024-12-21T04:47:28.387+0000] {logging_mixin.py:120} INFO - [2024-12-21T04:47:28.387+0000] {taskmixin.py:205} WARNING - Dependency <Task(_PythonDecoratedOperator): log_sql_query>, print_the_context already registered for DAG: example_python_operator
[2024-12-21T04:47:28.393+0000] {processor.py:766} INFO - DAG(s) dict_keys(['example_python_operator']) retrieved from /home/airflow/.local/lib/python3.7/site-packages/airflow/example_dags/example_python_operator.py
[2024-12-21T04:47:28.424+0000] {logging_mixin.py:120} INFO - [2024-12-21T04:47:28.423+0000] {dag.py:2585} INFO - Sync 1 DAGs
[2024-12-21T04:47:28.441+0000] {logging_mixin.py:120} INFO - [2024-12-21T04:47:28.441+0000] {dag.py:3340} INFO - Setting next_dagrun for example_python_operator to None, run_after=None
[2024-12-21T04:47:28.454+0000] {processor.py:176} INFO - Processing /home/airflow/.local/lib/python3.7/site-packages/airflow/example_dags/example_python_operator.py took 0.086 seconds
[2024-12-21T04:47:59.071+0000] {processor.py:154} INFO - Started process (PID=1293) to work on /home/airflow/.local/lib/python3.7/site-packages/airflow/example_dags/example_python_operator.py
[2024-12-21T04:47:59.071+0000] {processor.py:756} INFO - Processing file /home/airflow/.local/lib/python3.7/site-packages/airflow/example_dags/example_python_operator.py for tasks to queue
[2024-12-21T04:47:59.074+0000] {logging_mixin.py:120} INFO - [2024-12-21T04:47:59.073+0000] {dagbag.py:537} INFO - Filling up the DagBag from /home/airflow/.local/lib/python3.7/site-packages/airflow/example_dags/example_python_operator.py
[2024-12-21T04:47:59.086+0000] {logging_mixin.py:120} INFO - [2024-12-21T04:47:59.086+0000] {taskmixin.py:205} WARNING - Dependency <Task(_PythonDecoratedOperator): print_the_context>, log_sql_query already registered for DAG: example_python_operator
[2024-12-21T04:47:59.087+0000] {logging_mixin.py:120} INFO - [2024-12-21T04:47:59.087+0000] {taskmixin.py:205} WARNING - Dependency <Task(_PythonDecoratedOperator): log_sql_query>, print_the_context already registered for DAG: example_python_operator
[2024-12-21T04:47:59.088+0000] {logging_mixin.py:120} INFO - [2024-12-21T04:47:59.088+0000] {taskmixin.py:205} WARNING - Dependency <Task(_PythonDecoratedOperator): print_the_context>, log_sql_query already registered for DAG: example_python_operator
[2024-12-21T04:47:59.088+0000] {logging_mixin.py:120} INFO - [2024-12-21T04:47:59.088+0000] {taskmixin.py:205} WARNING - Dependency <Task(_PythonDecoratedOperator): log_sql_query>, print_the_context already registered for DAG: example_python_operator
[2024-12-21T04:47:59.089+0000] {logging_mixin.py:120} INFO - [2024-12-21T04:47:59.089+0000] {taskmixin.py:205} WARNING - Dependency <Task(_PythonDecoratedOperator): print_the_context>, log_sql_query already registered for DAG: example_python_operator
[2024-12-21T04:47:59.090+0000] {logging_mixin.py:120} INFO - [2024-12-21T04:47:59.089+0000] {taskmixin.py:205} WARNING - Dependency <Task(_PythonDecoratedOperator): log_sql_query>, print_the_context already registered for DAG: example_python_operator
[2024-12-21T04:47:59.090+0000] {logging_mixin.py:120} INFO - [2024-12-21T04:47:59.090+0000] {taskmixin.py:205} WARNING - Dependency <Task(_PythonDecoratedOperator): print_the_context>, log_sql_query already registered for DAG: example_python_operator
[2024-12-21T04:47:59.092+0000] {logging_mixin.py:120} INFO - [2024-12-21T04:47:59.092+0000] {taskmixin.py:205} WARNING - Dependency <Task(_PythonDecoratedOperator): log_sql_query>, print_the_context already registered for DAG: example_python_operator
[2024-12-21T04:47:59.099+0000] {processor.py:766} INFO - DAG(s) dict_keys(['example_python_operator']) retrieved from /home/airflow/.local/lib/python3.7/site-packages/airflow/example_dags/example_python_operator.py
[2024-12-21T04:47:59.131+0000] {logging_mixin.py:120} INFO - [2024-12-21T04:47:59.131+0000] {dag.py:2585} INFO - Sync 1 DAGs
[2024-12-21T04:47:59.149+0000] {logging_mixin.py:120} INFO - [2024-12-21T04:47:59.149+0000] {dag.py:3340} INFO - Setting next_dagrun for example_python_operator to None, run_after=None
[2024-12-21T04:47:59.161+0000] {processor.py:176} INFO - Processing /home/airflow/.local/lib/python3.7/site-packages/airflow/example_dags/example_python_operator.py took 0.093 seconds
[2024-12-21T04:48:29.446+0000] {processor.py:154} INFO - Started process (PID=1347) to work on /home/airflow/.local/lib/python3.7/site-packages/airflow/example_dags/example_python_operator.py
[2024-12-21T04:48:29.446+0000] {processor.py:756} INFO - Processing file /home/airflow/.local/lib/python3.7/site-packages/airflow/example_dags/example_python_operator.py for tasks to queue
[2024-12-21T04:48:29.447+0000] {logging_mixin.py:120} INFO - [2024-12-21T04:48:29.447+0000] {dagbag.py:537} INFO - Filling up the DagBag from /home/airflow/.local/lib/python3.7/site-packages/airflow/example_dags/example_python_operator.py
[2024-12-21T04:48:29.459+0000] {logging_mixin.py:120} INFO - [2024-12-21T04:48:29.458+0000] {taskmixin.py:205} WARNING - Dependency <Task(_PythonDecoratedOperator): print_the_context>, log_sql_query already registered for DAG: example_python_operator
[2024-12-21T04:48:29.459+0000] {logging_mixin.py:120} INFO - [2024-12-21T04:48:29.459+0000] {taskmixin.py:205} WARNING - Dependency <Task(_PythonDecoratedOperator): log_sql_query>, print_the_context already registered for DAG: example_python_operator
[2024-12-21T04:48:29.459+0000] {logging_mixin.py:120} INFO - [2024-12-21T04:48:29.459+0000] {taskmixin.py:205} WARNING - Dependency <Task(_PythonDecoratedOperator): print_the_context>, log_sql_query already registered for DAG: example_python_operator
[2024-12-21T04:48:29.460+0000] {logging_mixin.py:120} INFO - [2024-12-21T04:48:29.459+0000] {taskmixin.py:205} WARNING - Dependency <Task(_PythonDecoratedOperator): log_sql_query>, print_the_context already registered for DAG: example_python_operator
[2024-12-21T04:48:29.460+0000] {logging_mixin.py:120} INFO - [2024-12-21T04:48:29.460+0000] {taskmixin.py:205} WARNING - Dependency <Task(_PythonDecoratedOperator): print_the_context>, log_sql_query already registered for DAG: example_python_operator
[2024-12-21T04:48:29.460+0000] {logging_mixin.py:120} INFO - [2024-12-21T04:48:29.460+0000] {taskmixin.py:205} WARNING - Dependency <Task(_PythonDecoratedOperator): log_sql_query>, print_the_context already registered for DAG: example_python_operator
[2024-12-21T04:48:29.461+0000] {logging_mixin.py:120} INFO - [2024-12-21T04:48:29.461+0000] {taskmixin.py:205} WARNING - Dependency <Task(_PythonDecoratedOperator): print_the_context>, log_sql_query already registered for DAG: example_python_operator
[2024-12-21T04:48:29.461+0000] {logging_mixin.py:120} INFO - [2024-12-21T04:48:29.461+0000] {taskmixin.py:205} WARNING - Dependency <Task(_PythonDecoratedOperator): log_sql_query>, print_the_context already registered for DAG: example_python_operator
[2024-12-21T04:48:29.466+0000] {processor.py:766} INFO - DAG(s) dict_keys(['example_python_operator']) retrieved from /home/airflow/.local/lib/python3.7/site-packages/airflow/example_dags/example_python_operator.py
[2024-12-21T04:48:29.504+0000] {logging_mixin.py:120} INFO - [2024-12-21T04:48:29.504+0000] {dag.py:2585} INFO - Sync 1 DAGs
[2024-12-21T04:48:29.522+0000] {logging_mixin.py:120} INFO - [2024-12-21T04:48:29.522+0000] {dag.py:3340} INFO - Setting next_dagrun for example_python_operator to None, run_after=None
[2024-12-21T04:48:29.535+0000] {processor.py:176} INFO - Processing /home/airflow/.local/lib/python3.7/site-packages/airflow/example_dags/example_python_operator.py took 0.091 seconds
[2024-12-21T04:49:00.324+0000] {processor.py:154} INFO - Started process (PID=1410) to work on /home/airflow/.local/lib/python3.7/site-packages/airflow/example_dags/example_python_operator.py
[2024-12-21T04:49:00.325+0000] {processor.py:756} INFO - Processing file /home/airflow/.local/lib/python3.7/site-packages/airflow/example_dags/example_python_operator.py for tasks to queue
[2024-12-21T04:49:00.326+0000] {logging_mixin.py:120} INFO - [2024-12-21T04:49:00.326+0000] {dagbag.py:537} INFO - Filling up the DagBag from /home/airflow/.local/lib/python3.7/site-packages/airflow/example_dags/example_python_operator.py
[2024-12-21T04:49:00.340+0000] {logging_mixin.py:120} INFO - [2024-12-21T04:49:00.340+0000] {taskmixin.py:205} WARNING - Dependency <Task(_PythonDecoratedOperator): print_the_context>, log_sql_query already registered for DAG: example_python_operator
[2024-12-21T04:49:00.341+0000] {logging_mixin.py:120} INFO - [2024-12-21T04:49:00.341+0000] {taskmixin.py:205} WARNING - Dependency <Task(_PythonDecoratedOperator): log_sql_query>, print_the_context already registered for DAG: example_python_operator
[2024-12-21T04:49:00.343+0000] {logging_mixin.py:120} INFO - [2024-12-21T04:49:00.343+0000] {taskmixin.py:205} WARNING - Dependency <Task(_PythonDecoratedOperator): print_the_context>, log_sql_query already registered for DAG: example_python_operator
[2024-12-21T04:49:00.343+0000] {logging_mixin.py:120} INFO - [2024-12-21T04:49:00.343+0000] {taskmixin.py:205} WARNING - Dependency <Task(_PythonDecoratedOperator): log_sql_query>, print_the_context already registered for DAG: example_python_operator
[2024-12-21T04:49:00.345+0000] {logging_mixin.py:120} INFO - [2024-12-21T04:49:00.345+0000] {taskmixin.py:205} WARNING - Dependency <Task(_PythonDecoratedOperator): print_the_context>, log_sql_query already registered for DAG: example_python_operator
[2024-12-21T04:49:00.345+0000] {logging_mixin.py:120} INFO - [2024-12-21T04:49:00.345+0000] {taskmixin.py:205} WARNING - Dependency <Task(_PythonDecoratedOperator): log_sql_query>, print_the_context already registered for DAG: example_python_operator
[2024-12-21T04:49:00.346+0000] {logging_mixin.py:120} INFO - [2024-12-21T04:49:00.346+0000] {taskmixin.py:205} WARNING - Dependency <Task(_PythonDecoratedOperator): print_the_context>, log_sql_query already registered for DAG: example_python_operator
[2024-12-21T04:49:00.346+0000] {logging_mixin.py:120} INFO - [2024-12-21T04:49:00.346+0000] {taskmixin.py:205} WARNING - Dependency <Task(_PythonDecoratedOperator): log_sql_query>, print_the_context already registered for DAG: example_python_operator
[2024-12-21T04:49:00.354+0000] {processor.py:766} INFO - DAG(s) dict_keys(['example_python_operator']) retrieved from /home/airflow/.local/lib/python3.7/site-packages/airflow/example_dags/example_python_operator.py
[2024-12-21T04:49:00.410+0000] {logging_mixin.py:120} INFO - [2024-12-21T04:49:00.410+0000] {dag.py:2585} INFO - Sync 1 DAGs
[2024-12-21T04:49:00.430+0000] {logging_mixin.py:120} INFO - [2024-12-21T04:49:00.430+0000] {dag.py:3340} INFO - Setting next_dagrun for example_python_operator to None, run_after=None
[2024-12-21T04:49:00.443+0000] {processor.py:176} INFO - Processing /home/airflow/.local/lib/python3.7/site-packages/airflow/example_dags/example_python_operator.py took 0.123 seconds
[2024-12-21T04:49:33.213+0000] {processor.py:154} INFO - Started process (PID=1473) to work on /home/airflow/.local/lib/python3.7/site-packages/airflow/example_dags/example_python_operator.py
[2024-12-21T04:49:33.214+0000] {processor.py:756} INFO - Processing file /home/airflow/.local/lib/python3.7/site-packages/airflow/example_dags/example_python_operator.py for tasks to queue
[2024-12-21T04:49:33.214+0000] {logging_mixin.py:120} INFO - [2024-12-21T04:49:33.214+0000] {dagbag.py:537} INFO - Filling up the DagBag from /home/airflow/.local/lib/python3.7/site-packages/airflow/example_dags/example_python_operator.py
[2024-12-21T04:49:33.234+0000] {logging_mixin.py:120} INFO - [2024-12-21T04:49:33.234+0000] {taskmixin.py:205} WARNING - Dependency <Task(_PythonDecoratedOperator): print_the_context>, log_sql_query already registered for DAG: example_python_operator
[2024-12-21T04:49:33.236+0000] {logging_mixin.py:120} INFO - [2024-12-21T04:49:33.235+0000] {taskmixin.py:205} WARNING - Dependency <Task(_PythonDecoratedOperator): log_sql_query>, print_the_context already registered for DAG: example_python_operator
[2024-12-21T04:49:33.238+0000] {logging_mixin.py:120} INFO - [2024-12-21T04:49:33.238+0000] {taskmixin.py:205} WARNING - Dependency <Task(_PythonDecoratedOperator): print_the_context>, log_sql_query already registered for DAG: example_python_operator
[2024-12-21T04:49:33.238+0000] {logging_mixin.py:120} INFO - [2024-12-21T04:49:33.238+0000] {taskmixin.py:205} WARNING - Dependency <Task(_PythonDecoratedOperator): log_sql_query>, print_the_context already registered for DAG: example_python_operator
[2024-12-21T04:49:33.239+0000] {logging_mixin.py:120} INFO - [2024-12-21T04:49:33.239+0000] {taskmixin.py:205} WARNING - Dependency <Task(_PythonDecoratedOperator): print_the_context>, log_sql_query already registered for DAG: example_python_operator
[2024-12-21T04:49:33.239+0000] {logging_mixin.py:120} INFO - [2024-12-21T04:49:33.239+0000] {taskmixin.py:205} WARNING - Dependency <Task(_PythonDecoratedOperator): log_sql_query>, print_the_context already registered for DAG: example_python_operator
[2024-12-21T04:49:33.240+0000] {logging_mixin.py:120} INFO - [2024-12-21T04:49:33.240+0000] {taskmixin.py:205} WARNING - Dependency <Task(_PythonDecoratedOperator): print_the_context>, log_sql_query already registered for DAG: example_python_operator
[2024-12-21T04:49:33.241+0000] {logging_mixin.py:120} INFO - [2024-12-21T04:49:33.240+0000] {taskmixin.py:205} WARNING - Dependency <Task(_PythonDecoratedOperator): log_sql_query>, print_the_context already registered for DAG: example_python_operator
[2024-12-21T04:49:33.249+0000] {processor.py:766} INFO - DAG(s) dict_keys(['example_python_operator']) retrieved from /home/airflow/.local/lib/python3.7/site-packages/airflow/example_dags/example_python_operator.py
[2024-12-21T04:49:33.310+0000] {logging_mixin.py:120} INFO - [2024-12-21T04:49:33.310+0000] {dag.py:2585} INFO - Sync 1 DAGs
[2024-12-21T04:49:33.334+0000] {logging_mixin.py:120} INFO - [2024-12-21T04:49:33.334+0000] {dag.py:3340} INFO - Setting next_dagrun for example_python_operator to None, run_after=None
[2024-12-21T04:49:33.358+0000] {processor.py:176} INFO - Processing /home/airflow/.local/lib/python3.7/site-packages/airflow/example_dags/example_python_operator.py took 0.148 seconds
