[2024-12-21T04:37:40.639+0000] {processor.py:154} INFO - Started process (PID=75) to work on /home/airflow/.local/lib/python3.7/site-packages/airflow/example_dags/example_short_circuit_operator.py
[2024-12-21T04:37:40.641+0000] {processor.py:756} INFO - Processing file /home/airflow/.local/lib/python3.7/site-packages/airflow/example_dags/example_short_circuit_operator.py for tasks to queue
[2024-12-21T04:37:40.643+0000] {logging_mixin.py:120} INFO - [2024-12-21T04:37:40.643+0000] {dagbag.py:537} INFO - Filling up the DagBag from /home/airflow/.local/lib/python3.7/site-packages/airflow/example_dags/example_short_circuit_operator.py
[2024-12-21T04:37:40.680+0000] {processor.py:766} INFO - DAG(s) dict_keys(['example_short_circuit_operator']) retrieved from /home/airflow/.local/lib/python3.7/site-packages/airflow/example_dags/example_short_circuit_operator.py
[2024-12-21T04:37:41.036+0000] {logging_mixin.py:120} INFO - [2024-12-21T04:37:41.035+0000] {manager.py:507} INFO - Created Permission View: can delete on DAG:example_short_circuit_operator
[2024-12-21T04:37:41.057+0000] {logging_mixin.py:120} INFO - [2024-12-21T04:37:41.057+0000] {manager.py:507} INFO - Created Permission View: can edit on DAG:example_short_circuit_operator
[2024-12-21T04:37:41.074+0000] {logging_mixin.py:120} INFO - [2024-12-21T04:37:41.074+0000] {manager.py:507} INFO - Created Permission View: can read on DAG:example_short_circuit_operator
[2024-12-21T04:37:41.076+0000] {logging_mixin.py:120} INFO - [2024-12-21T04:37:41.075+0000] {dag.py:2585} INFO - Sync 1 DAGs
[2024-12-21T04:37:41.120+0000] {logging_mixin.py:120} INFO - [2024-12-21T04:37:41.119+0000] {dag.py:2606} INFO - Creating ORM DAG for example_short_circuit_operator
[2024-12-21T04:37:41.149+0000] {logging_mixin.py:120} INFO - [2024-12-21T04:37:41.149+0000] {dag.py:3340} INFO - Setting next_dagrun for example_short_circuit_operator to 2024-12-20T04:37:41.148761+00:00, run_after=2024-12-21T04:37:41.148761+00:00
[2024-12-21T04:37:41.196+0000] {processor.py:176} INFO - Processing /home/airflow/.local/lib/python3.7/site-packages/airflow/example_dags/example_short_circuit_operator.py took 0.566 seconds
[2024-12-21T04:38:11.909+0000] {processor.py:154} INFO - Started process (PID=129) to work on /home/airflow/.local/lib/python3.7/site-packages/airflow/example_dags/example_short_circuit_operator.py
[2024-12-21T04:38:11.911+0000] {processor.py:756} INFO - Processing file /home/airflow/.local/lib/python3.7/site-packages/airflow/example_dags/example_short_circuit_operator.py for tasks to queue
[2024-12-21T04:38:11.912+0000] {logging_mixin.py:120} INFO - [2024-12-21T04:38:11.912+0000] {dagbag.py:537} INFO - Filling up the DagBag from /home/airflow/.local/lib/python3.7/site-packages/airflow/example_dags/example_short_circuit_operator.py
[2024-12-21T04:38:11.933+0000] {processor.py:766} INFO - DAG(s) dict_keys(['example_short_circuit_operator']) retrieved from /home/airflow/.local/lib/python3.7/site-packages/airflow/example_dags/example_short_circuit_operator.py
[2024-12-21T04:38:11.977+0000] {logging_mixin.py:120} INFO - [2024-12-21T04:38:11.977+0000] {dag.py:2585} INFO - Sync 1 DAGs
[2024-12-21T04:38:12.001+0000] {logging_mixin.py:120} INFO - [2024-12-21T04:38:12.001+0000] {dag.py:3340} INFO - Setting next_dagrun for example_short_circuit_operator to 2024-12-20T04:38:12.001526+00:00, run_after=2024-12-21T04:38:12.001526+00:00
[2024-12-21T04:38:12.023+0000] {processor.py:176} INFO - Processing /home/airflow/.local/lib/python3.7/site-packages/airflow/example_dags/example_short_circuit_operator.py took 0.118 seconds
[2024-12-21T04:38:42.660+0000] {processor.py:154} INFO - Started process (PID=193) to work on /home/airflow/.local/lib/python3.7/site-packages/airflow/example_dags/example_short_circuit_operator.py
[2024-12-21T04:38:42.666+0000] {processor.py:756} INFO - Processing file /home/airflow/.local/lib/python3.7/site-packages/airflow/example_dags/example_short_circuit_operator.py for tasks to queue
[2024-12-21T04:38:42.668+0000] {logging_mixin.py:120} INFO - [2024-12-21T04:38:42.668+0000] {dagbag.py:537} INFO - Filling up the DagBag from /home/airflow/.local/lib/python3.7/site-packages/airflow/example_dags/example_short_circuit_operator.py
[2024-12-21T04:38:42.688+0000] {processor.py:766} INFO - DAG(s) dict_keys(['example_short_circuit_operator']) retrieved from /home/airflow/.local/lib/python3.7/site-packages/airflow/example_dags/example_short_circuit_operator.py
[2024-12-21T04:38:42.728+0000] {logging_mixin.py:120} INFO - [2024-12-21T04:38:42.728+0000] {dag.py:2585} INFO - Sync 1 DAGs
[2024-12-21T04:38:42.759+0000] {logging_mixin.py:120} INFO - [2024-12-21T04:38:42.759+0000] {dag.py:3340} INFO - Setting next_dagrun for example_short_circuit_operator to 2024-12-20T04:38:42.758828+00:00, run_after=2024-12-21T04:38:42.758828+00:00
[2024-12-21T04:38:42.778+0000] {processor.py:176} INFO - Processing /home/airflow/.local/lib/python3.7/site-packages/airflow/example_dags/example_short_circuit_operator.py took 0.124 seconds
[2024-12-21T04:39:12.937+0000] {processor.py:154} INFO - Started process (PID=247) to work on /home/airflow/.local/lib/python3.7/site-packages/airflow/example_dags/example_short_circuit_operator.py
[2024-12-21T04:39:12.938+0000] {processor.py:756} INFO - Processing file /home/airflow/.local/lib/python3.7/site-packages/airflow/example_dags/example_short_circuit_operator.py for tasks to queue
[2024-12-21T04:39:12.939+0000] {logging_mixin.py:120} INFO - [2024-12-21T04:39:12.939+0000] {dagbag.py:537} INFO - Filling up the DagBag from /home/airflow/.local/lib/python3.7/site-packages/airflow/example_dags/example_short_circuit_operator.py
[2024-12-21T04:39:12.956+0000] {processor.py:766} INFO - DAG(s) dict_keys(['example_short_circuit_operator']) retrieved from /home/airflow/.local/lib/python3.7/site-packages/airflow/example_dags/example_short_circuit_operator.py
[2024-12-21T04:39:13.000+0000] {logging_mixin.py:120} INFO - [2024-12-21T04:39:12.999+0000] {dag.py:2585} INFO - Sync 1 DAGs
[2024-12-21T04:39:13.032+0000] {logging_mixin.py:120} INFO - [2024-12-21T04:39:13.032+0000] {dag.py:3340} INFO - Setting next_dagrun for example_short_circuit_operator to 2024-12-20T04:39:13.032301+00:00, run_after=2024-12-21T04:39:13.032301+00:00
[2024-12-21T04:39:13.056+0000] {processor.py:176} INFO - Processing /home/airflow/.local/lib/python3.7/site-packages/airflow/example_dags/example_short_circuit_operator.py took 0.122 seconds
[2024-12-21T04:39:43.657+0000] {processor.py:154} INFO - Started process (PID=310) to work on /home/airflow/.local/lib/python3.7/site-packages/airflow/example_dags/example_short_circuit_operator.py
[2024-12-21T04:39:43.658+0000] {processor.py:756} INFO - Processing file /home/airflow/.local/lib/python3.7/site-packages/airflow/example_dags/example_short_circuit_operator.py for tasks to queue
[2024-12-21T04:39:43.658+0000] {logging_mixin.py:120} INFO - [2024-12-21T04:39:43.658+0000] {dagbag.py:537} INFO - Filling up the DagBag from /home/airflow/.local/lib/python3.7/site-packages/airflow/example_dags/example_short_circuit_operator.py
[2024-12-21T04:39:43.674+0000] {processor.py:766} INFO - DAG(s) dict_keys(['example_short_circuit_operator']) retrieved from /home/airflow/.local/lib/python3.7/site-packages/airflow/example_dags/example_short_circuit_operator.py
[2024-12-21T04:39:43.711+0000] {logging_mixin.py:120} INFO - [2024-12-21T04:39:43.711+0000] {dag.py:2585} INFO - Sync 1 DAGs
[2024-12-21T04:39:43.733+0000] {logging_mixin.py:120} INFO - [2024-12-21T04:39:43.733+0000] {dag.py:3340} INFO - Setting next_dagrun for example_short_circuit_operator to 2024-12-20T04:39:43.733468+00:00, run_after=2024-12-21T04:39:43.733468+00:00
[2024-12-21T04:39:43.753+0000] {processor.py:176} INFO - Processing /home/airflow/.local/lib/python3.7/site-packages/airflow/example_dags/example_short_circuit_operator.py took 0.099 seconds
[2024-12-21T04:40:14.441+0000] {processor.py:154} INFO - Started process (PID=373) to work on /home/airflow/.local/lib/python3.7/site-packages/airflow/example_dags/example_short_circuit_operator.py
[2024-12-21T04:40:14.442+0000] {processor.py:756} INFO - Processing file /home/airflow/.local/lib/python3.7/site-packages/airflow/example_dags/example_short_circuit_operator.py for tasks to queue
[2024-12-21T04:40:14.445+0000] {logging_mixin.py:120} INFO - [2024-12-21T04:40:14.445+0000] {dagbag.py:537} INFO - Filling up the DagBag from /home/airflow/.local/lib/python3.7/site-packages/airflow/example_dags/example_short_circuit_operator.py
[2024-12-21T04:40:14.480+0000] {processor.py:766} INFO - DAG(s) dict_keys(['example_short_circuit_operator']) retrieved from /home/airflow/.local/lib/python3.7/site-packages/airflow/example_dags/example_short_circuit_operator.py
[2024-12-21T04:40:14.538+0000] {logging_mixin.py:120} INFO - [2024-12-21T04:40:14.538+0000] {dag.py:2585} INFO - Sync 1 DAGs
[2024-12-21T04:40:14.581+0000] {logging_mixin.py:120} INFO - [2024-12-21T04:40:14.581+0000] {dag.py:3340} INFO - Setting next_dagrun for example_short_circuit_operator to 2024-12-20T04:40:14.580650+00:00, run_after=2024-12-21T04:40:14.580650+00:00
[2024-12-21T04:40:14.604+0000] {processor.py:176} INFO - Processing /home/airflow/.local/lib/python3.7/site-packages/airflow/example_dags/example_short_circuit_operator.py took 0.168 seconds
[2024-12-21T04:40:45.213+0000] {processor.py:154} INFO - Started process (PID=427) to work on /home/airflow/.local/lib/python3.7/site-packages/airflow/example_dags/example_short_circuit_operator.py
[2024-12-21T04:40:45.217+0000] {processor.py:756} INFO - Processing file /home/airflow/.local/lib/python3.7/site-packages/airflow/example_dags/example_short_circuit_operator.py for tasks to queue
[2024-12-21T04:40:45.218+0000] {logging_mixin.py:120} INFO - [2024-12-21T04:40:45.218+0000] {dagbag.py:537} INFO - Filling up the DagBag from /home/airflow/.local/lib/python3.7/site-packages/airflow/example_dags/example_short_circuit_operator.py
[2024-12-21T04:40:45.236+0000] {processor.py:766} INFO - DAG(s) dict_keys(['example_short_circuit_operator']) retrieved from /home/airflow/.local/lib/python3.7/site-packages/airflow/example_dags/example_short_circuit_operator.py
[2024-12-21T04:40:45.279+0000] {logging_mixin.py:120} INFO - [2024-12-21T04:40:45.279+0000] {dag.py:2585} INFO - Sync 1 DAGs
[2024-12-21T04:40:45.299+0000] {logging_mixin.py:120} INFO - [2024-12-21T04:40:45.299+0000] {dag.py:3340} INFO - Setting next_dagrun for example_short_circuit_operator to 2024-12-20T04:40:45.299341+00:00, run_after=2024-12-21T04:40:45.299341+00:00
[2024-12-21T04:40:45.318+0000] {processor.py:176} INFO - Processing /home/airflow/.local/lib/python3.7/site-packages/airflow/example_dags/example_short_circuit_operator.py took 0.111 seconds
[2024-12-21T04:41:15.464+0000] {processor.py:154} INFO - Started process (PID=490) to work on /home/airflow/.local/lib/python3.7/site-packages/airflow/example_dags/example_short_circuit_operator.py
[2024-12-21T04:41:15.466+0000] {processor.py:756} INFO - Processing file /home/airflow/.local/lib/python3.7/site-packages/airflow/example_dags/example_short_circuit_operator.py for tasks to queue
[2024-12-21T04:41:15.467+0000] {logging_mixin.py:120} INFO - [2024-12-21T04:41:15.467+0000] {dagbag.py:537} INFO - Filling up the DagBag from /home/airflow/.local/lib/python3.7/site-packages/airflow/example_dags/example_short_circuit_operator.py
[2024-12-21T04:41:15.487+0000] {processor.py:766} INFO - DAG(s) dict_keys(['example_short_circuit_operator']) retrieved from /home/airflow/.local/lib/python3.7/site-packages/airflow/example_dags/example_short_circuit_operator.py
[2024-12-21T04:41:15.525+0000] {logging_mixin.py:120} INFO - [2024-12-21T04:41:15.524+0000] {dag.py:2585} INFO - Sync 1 DAGs
[2024-12-21T04:41:15.544+0000] {logging_mixin.py:120} INFO - [2024-12-21T04:41:15.544+0000] {dag.py:3340} INFO - Setting next_dagrun for example_short_circuit_operator to 2024-12-20T04:41:15.544204+00:00, run_after=2024-12-21T04:41:15.544204+00:00
[2024-12-21T04:41:15.559+0000] {processor.py:176} INFO - Processing /home/airflow/.local/lib/python3.7/site-packages/airflow/example_dags/example_short_circuit_operator.py took 0.099 seconds
[2024-12-21T04:41:45.832+0000] {processor.py:154} INFO - Started process (PID=553) to work on /home/airflow/.local/lib/python3.7/site-packages/airflow/example_dags/example_short_circuit_operator.py
[2024-12-21T04:41:45.835+0000] {processor.py:756} INFO - Processing file /home/airflow/.local/lib/python3.7/site-packages/airflow/example_dags/example_short_circuit_operator.py for tasks to queue
[2024-12-21T04:41:45.836+0000] {logging_mixin.py:120} INFO - [2024-12-21T04:41:45.836+0000] {dagbag.py:537} INFO - Filling up the DagBag from /home/airflow/.local/lib/python3.7/site-packages/airflow/example_dags/example_short_circuit_operator.py
[2024-12-21T04:41:45.878+0000] {processor.py:766} INFO - DAG(s) dict_keys(['example_short_circuit_operator']) retrieved from /home/airflow/.local/lib/python3.7/site-packages/airflow/example_dags/example_short_circuit_operator.py
[2024-12-21T04:41:45.962+0000] {logging_mixin.py:120} INFO - [2024-12-21T04:41:45.961+0000] {dag.py:2585} INFO - Sync 1 DAGs
[2024-12-21T04:41:45.992+0000] {logging_mixin.py:120} INFO - [2024-12-21T04:41:45.992+0000] {dag.py:3340} INFO - Setting next_dagrun for example_short_circuit_operator to 2024-12-20T04:41:45.991796+00:00, run_after=2024-12-21T04:41:45.991796+00:00
[2024-12-21T04:41:46.022+0000] {processor.py:176} INFO - Processing /home/airflow/.local/lib/python3.7/site-packages/airflow/example_dags/example_short_circuit_operator.py took 0.199 seconds
[2024-12-21T04:42:16.397+0000] {processor.py:154} INFO - Started process (PID=616) to work on /home/airflow/.local/lib/python3.7/site-packages/airflow/example_dags/example_short_circuit_operator.py
[2024-12-21T04:42:16.400+0000] {processor.py:756} INFO - Processing file /home/airflow/.local/lib/python3.7/site-packages/airflow/example_dags/example_short_circuit_operator.py for tasks to queue
[2024-12-21T04:42:16.404+0000] {logging_mixin.py:120} INFO - [2024-12-21T04:42:16.404+0000] {dagbag.py:537} INFO - Filling up the DagBag from /home/airflow/.local/lib/python3.7/site-packages/airflow/example_dags/example_short_circuit_operator.py
[2024-12-21T04:42:16.420+0000] {processor.py:766} INFO - DAG(s) dict_keys(['example_short_circuit_operator']) retrieved from /home/airflow/.local/lib/python3.7/site-packages/airflow/example_dags/example_short_circuit_operator.py
[2024-12-21T04:42:16.469+0000] {logging_mixin.py:120} INFO - [2024-12-21T04:42:16.469+0000] {dag.py:2585} INFO - Sync 1 DAGs
[2024-12-21T04:42:16.494+0000] {logging_mixin.py:120} INFO - [2024-12-21T04:42:16.494+0000] {dag.py:3340} INFO - Setting next_dagrun for example_short_circuit_operator to 2024-12-20T04:42:16.493929+00:00, run_after=2024-12-21T04:42:16.493929+00:00
[2024-12-21T04:42:16.530+0000] {processor.py:176} INFO - Processing /home/airflow/.local/lib/python3.7/site-packages/airflow/example_dags/example_short_circuit_operator.py took 0.135 seconds
[2024-12-21T04:42:46.952+0000] {processor.py:154} INFO - Started process (PID=670) to work on /home/airflow/.local/lib/python3.7/site-packages/airflow/example_dags/example_short_circuit_operator.py
[2024-12-21T04:42:46.953+0000] {processor.py:756} INFO - Processing file /home/airflow/.local/lib/python3.7/site-packages/airflow/example_dags/example_short_circuit_operator.py for tasks to queue
[2024-12-21T04:42:46.954+0000] {logging_mixin.py:120} INFO - [2024-12-21T04:42:46.954+0000] {dagbag.py:537} INFO - Filling up the DagBag from /home/airflow/.local/lib/python3.7/site-packages/airflow/example_dags/example_short_circuit_operator.py
[2024-12-21T04:42:46.972+0000] {processor.py:766} INFO - DAG(s) dict_keys(['example_short_circuit_operator']) retrieved from /home/airflow/.local/lib/python3.7/site-packages/airflow/example_dags/example_short_circuit_operator.py
[2024-12-21T04:42:47.008+0000] {logging_mixin.py:120} INFO - [2024-12-21T04:42:47.008+0000] {dag.py:2585} INFO - Sync 1 DAGs
[2024-12-21T04:42:47.028+0000] {logging_mixin.py:120} INFO - [2024-12-21T04:42:47.028+0000] {dag.py:3340} INFO - Setting next_dagrun for example_short_circuit_operator to 2024-12-20T04:42:47.028517+00:00, run_after=2024-12-21T04:42:47.028517+00:00
[2024-12-21T04:42:47.043+0000] {processor.py:176} INFO - Processing /home/airflow/.local/lib/python3.7/site-packages/airflow/example_dags/example_short_circuit_operator.py took 0.094 seconds
[2024-12-21T04:43:17.471+0000] {processor.py:154} INFO - Started process (PID=733) to work on /home/airflow/.local/lib/python3.7/site-packages/airflow/example_dags/example_short_circuit_operator.py
[2024-12-21T04:43:17.472+0000] {processor.py:756} INFO - Processing file /home/airflow/.local/lib/python3.7/site-packages/airflow/example_dags/example_short_circuit_operator.py for tasks to queue
[2024-12-21T04:43:17.472+0000] {logging_mixin.py:120} INFO - [2024-12-21T04:43:17.472+0000] {dagbag.py:537} INFO - Filling up the DagBag from /home/airflow/.local/lib/python3.7/site-packages/airflow/example_dags/example_short_circuit_operator.py
[2024-12-21T04:43:17.489+0000] {processor.py:766} INFO - DAG(s) dict_keys(['example_short_circuit_operator']) retrieved from /home/airflow/.local/lib/python3.7/site-packages/airflow/example_dags/example_short_circuit_operator.py
[2024-12-21T04:43:17.533+0000] {logging_mixin.py:120} INFO - [2024-12-21T04:43:17.532+0000] {dag.py:2585} INFO - Sync 1 DAGs
[2024-12-21T04:43:17.554+0000] {logging_mixin.py:120} INFO - [2024-12-21T04:43:17.554+0000] {dag.py:3340} INFO - Setting next_dagrun for example_short_circuit_operator to 2024-12-20T04:43:17.554640+00:00, run_after=2024-12-21T04:43:17.554640+00:00
[2024-12-21T04:43:17.573+0000] {processor.py:176} INFO - Processing /home/airflow/.local/lib/python3.7/site-packages/airflow/example_dags/example_short_circuit_operator.py took 0.105 seconds
[2024-12-21T04:43:48.218+0000] {processor.py:154} INFO - Started process (PID=796) to work on /home/airflow/.local/lib/python3.7/site-packages/airflow/example_dags/example_short_circuit_operator.py
[2024-12-21T04:43:48.219+0000] {processor.py:756} INFO - Processing file /home/airflow/.local/lib/python3.7/site-packages/airflow/example_dags/example_short_circuit_operator.py for tasks to queue
[2024-12-21T04:43:48.220+0000] {logging_mixin.py:120} INFO - [2024-12-21T04:43:48.220+0000] {dagbag.py:537} INFO - Filling up the DagBag from /home/airflow/.local/lib/python3.7/site-packages/airflow/example_dags/example_short_circuit_operator.py
[2024-12-21T04:43:48.242+0000] {processor.py:766} INFO - DAG(s) dict_keys(['example_short_circuit_operator']) retrieved from /home/airflow/.local/lib/python3.7/site-packages/airflow/example_dags/example_short_circuit_operator.py
[2024-12-21T04:43:48.287+0000] {logging_mixin.py:120} INFO - [2024-12-21T04:43:48.287+0000] {dag.py:2585} INFO - Sync 1 DAGs
[2024-12-21T04:43:48.316+0000] {logging_mixin.py:120} INFO - [2024-12-21T04:43:48.315+0000] {dag.py:3340} INFO - Setting next_dagrun for example_short_circuit_operator to 2024-12-20T04:43:48.315712+00:00, run_after=2024-12-21T04:43:48.315712+00:00
[2024-12-21T04:43:48.336+0000] {processor.py:176} INFO - Processing /home/airflow/.local/lib/python3.7/site-packages/airflow/example_dags/example_short_circuit_operator.py took 0.123 seconds
[2024-12-21T04:44:19.039+0000] {processor.py:154} INFO - Started process (PID=850) to work on /home/airflow/.local/lib/python3.7/site-packages/airflow/example_dags/example_short_circuit_operator.py
[2024-12-21T04:44:19.042+0000] {processor.py:756} INFO - Processing file /home/airflow/.local/lib/python3.7/site-packages/airflow/example_dags/example_short_circuit_operator.py for tasks to queue
[2024-12-21T04:44:19.042+0000] {logging_mixin.py:120} INFO - [2024-12-21T04:44:19.042+0000] {dagbag.py:537} INFO - Filling up the DagBag from /home/airflow/.local/lib/python3.7/site-packages/airflow/example_dags/example_short_circuit_operator.py
[2024-12-21T04:44:19.060+0000] {processor.py:766} INFO - DAG(s) dict_keys(['example_short_circuit_operator']) retrieved from /home/airflow/.local/lib/python3.7/site-packages/airflow/example_dags/example_short_circuit_operator.py
[2024-12-21T04:44:19.093+0000] {logging_mixin.py:120} INFO - [2024-12-21T04:44:19.093+0000] {dag.py:2585} INFO - Sync 1 DAGs
[2024-12-21T04:44:19.113+0000] {logging_mixin.py:120} INFO - [2024-12-21T04:44:19.113+0000] {dag.py:3340} INFO - Setting next_dagrun for example_short_circuit_operator to 2024-12-20T04:44:19.113130+00:00, run_after=2024-12-21T04:44:19.113130+00:00
[2024-12-21T04:44:19.128+0000] {processor.py:176} INFO - Processing /home/airflow/.local/lib/python3.7/site-packages/airflow/example_dags/example_short_circuit_operator.py took 0.093 seconds
[2024-12-21T04:44:49.549+0000] {processor.py:154} INFO - Started process (PID=913) to work on /home/airflow/.local/lib/python3.7/site-packages/airflow/example_dags/example_short_circuit_operator.py
[2024-12-21T04:44:49.552+0000] {processor.py:756} INFO - Processing file /home/airflow/.local/lib/python3.7/site-packages/airflow/example_dags/example_short_circuit_operator.py for tasks to queue
[2024-12-21T04:44:49.553+0000] {logging_mixin.py:120} INFO - [2024-12-21T04:44:49.553+0000] {dagbag.py:537} INFO - Filling up the DagBag from /home/airflow/.local/lib/python3.7/site-packages/airflow/example_dags/example_short_circuit_operator.py
[2024-12-21T04:44:49.569+0000] {processor.py:766} INFO - DAG(s) dict_keys(['example_short_circuit_operator']) retrieved from /home/airflow/.local/lib/python3.7/site-packages/airflow/example_dags/example_short_circuit_operator.py
[2024-12-21T04:44:49.612+0000] {logging_mixin.py:120} INFO - [2024-12-21T04:44:49.612+0000] {dag.py:2585} INFO - Sync 1 DAGs
[2024-12-21T04:44:49.642+0000] {logging_mixin.py:120} INFO - [2024-12-21T04:44:49.642+0000] {dag.py:3340} INFO - Setting next_dagrun for example_short_circuit_operator to 2024-12-20T04:44:49.641689+00:00, run_after=2024-12-21T04:44:49.641689+00:00
[2024-12-21T04:44:49.667+0000] {processor.py:176} INFO - Processing /home/airflow/.local/lib/python3.7/site-packages/airflow/example_dags/example_short_circuit_operator.py took 0.122 seconds
[2024-12-21T04:45:20.027+0000] {processor.py:154} INFO - Started process (PID=967) to work on /home/airflow/.local/lib/python3.7/site-packages/airflow/example_dags/example_short_circuit_operator.py
[2024-12-21T04:45:20.031+0000] {processor.py:756} INFO - Processing file /home/airflow/.local/lib/python3.7/site-packages/airflow/example_dags/example_short_circuit_operator.py for tasks to queue
[2024-12-21T04:45:20.032+0000] {logging_mixin.py:120} INFO - [2024-12-21T04:45:20.032+0000] {dagbag.py:537} INFO - Filling up the DagBag from /home/airflow/.local/lib/python3.7/site-packages/airflow/example_dags/example_short_circuit_operator.py
[2024-12-21T04:45:20.051+0000] {processor.py:766} INFO - DAG(s) dict_keys(['example_short_circuit_operator']) retrieved from /home/airflow/.local/lib/python3.7/site-packages/airflow/example_dags/example_short_circuit_operator.py
[2024-12-21T04:45:20.093+0000] {logging_mixin.py:120} INFO - [2024-12-21T04:45:20.092+0000] {dag.py:2585} INFO - Sync 1 DAGs
[2024-12-21T04:45:20.113+0000] {logging_mixin.py:120} INFO - [2024-12-21T04:45:20.113+0000] {dag.py:3340} INFO - Setting next_dagrun for example_short_circuit_operator to 2024-12-20T04:45:20.113036+00:00, run_after=2024-12-21T04:45:20.113036+00:00
[2024-12-21T04:45:20.129+0000] {processor.py:176} INFO - Processing /home/airflow/.local/lib/python3.7/site-packages/airflow/example_dags/example_short_circuit_operator.py took 0.107 seconds
[2024-12-21T04:45:50.609+0000] {processor.py:154} INFO - Started process (PID=1030) to work on /home/airflow/.local/lib/python3.7/site-packages/airflow/example_dags/example_short_circuit_operator.py
[2024-12-21T04:45:50.610+0000] {processor.py:756} INFO - Processing file /home/airflow/.local/lib/python3.7/site-packages/airflow/example_dags/example_short_circuit_operator.py for tasks to queue
[2024-12-21T04:45:50.611+0000] {logging_mixin.py:120} INFO - [2024-12-21T04:45:50.611+0000] {dagbag.py:537} INFO - Filling up the DagBag from /home/airflow/.local/lib/python3.7/site-packages/airflow/example_dags/example_short_circuit_operator.py
[2024-12-21T04:45:50.626+0000] {processor.py:766} INFO - DAG(s) dict_keys(['example_short_circuit_operator']) retrieved from /home/airflow/.local/lib/python3.7/site-packages/airflow/example_dags/example_short_circuit_operator.py
[2024-12-21T04:45:50.658+0000] {logging_mixin.py:120} INFO - [2024-12-21T04:45:50.658+0000] {dag.py:2585} INFO - Sync 1 DAGs
[2024-12-21T04:45:50.678+0000] {logging_mixin.py:120} INFO - [2024-12-21T04:45:50.677+0000] {dag.py:3340} INFO - Setting next_dagrun for example_short_circuit_operator to 2024-12-20T04:45:50.677781+00:00, run_after=2024-12-21T04:45:50.677781+00:00
[2024-12-21T04:45:50.693+0000] {processor.py:176} INFO - Processing /home/airflow/.local/lib/python3.7/site-packages/airflow/example_dags/example_short_circuit_operator.py took 0.088 seconds
[2024-12-21T04:46:21.351+0000] {processor.py:154} INFO - Started process (PID=1093) to work on /home/airflow/.local/lib/python3.7/site-packages/airflow/example_dags/example_short_circuit_operator.py
[2024-12-21T04:46:21.357+0000] {processor.py:756} INFO - Processing file /home/airflow/.local/lib/python3.7/site-packages/airflow/example_dags/example_short_circuit_operator.py for tasks to queue
[2024-12-21T04:46:21.357+0000] {logging_mixin.py:120} INFO - [2024-12-21T04:46:21.357+0000] {dagbag.py:537} INFO - Filling up the DagBag from /home/airflow/.local/lib/python3.7/site-packages/airflow/example_dags/example_short_circuit_operator.py
[2024-12-21T04:46:21.374+0000] {processor.py:766} INFO - DAG(s) dict_keys(['example_short_circuit_operator']) retrieved from /home/airflow/.local/lib/python3.7/site-packages/airflow/example_dags/example_short_circuit_operator.py
[2024-12-21T04:46:21.412+0000] {logging_mixin.py:120} INFO - [2024-12-21T04:46:21.412+0000] {dag.py:2585} INFO - Sync 1 DAGs
[2024-12-21T04:46:21.439+0000] {logging_mixin.py:120} INFO - [2024-12-21T04:46:21.438+0000] {dag.py:3340} INFO - Setting next_dagrun for example_short_circuit_operator to 2024-12-20T04:46:21.438712+00:00, run_after=2024-12-21T04:46:21.438712+00:00
[2024-12-21T04:46:21.462+0000] {processor.py:176} INFO - Processing /home/airflow/.local/lib/python3.7/site-packages/airflow/example_dags/example_short_circuit_operator.py took 0.116 seconds
[2024-12-21T04:46:52.101+0000] {processor.py:154} INFO - Started process (PID=1156) to work on /home/airflow/.local/lib/python3.7/site-packages/airflow/example_dags/example_short_circuit_operator.py
[2024-12-21T04:46:52.102+0000] {processor.py:756} INFO - Processing file /home/airflow/.local/lib/python3.7/site-packages/airflow/example_dags/example_short_circuit_operator.py for tasks to queue
[2024-12-21T04:46:52.102+0000] {logging_mixin.py:120} INFO - [2024-12-21T04:46:52.102+0000] {dagbag.py:537} INFO - Filling up the DagBag from /home/airflow/.local/lib/python3.7/site-packages/airflow/example_dags/example_short_circuit_operator.py
[2024-12-21T04:46:52.116+0000] {processor.py:766} INFO - DAG(s) dict_keys(['example_short_circuit_operator']) retrieved from /home/airflow/.local/lib/python3.7/site-packages/airflow/example_dags/example_short_circuit_operator.py
[2024-12-21T04:46:52.151+0000] {logging_mixin.py:120} INFO - [2024-12-21T04:46:52.151+0000] {dag.py:2585} INFO - Sync 1 DAGs
[2024-12-21T04:46:52.174+0000] {logging_mixin.py:120} INFO - [2024-12-21T04:46:52.174+0000] {dag.py:3340} INFO - Setting next_dagrun for example_short_circuit_operator to 2024-12-20T04:46:52.173876+00:00, run_after=2024-12-21T04:46:52.173876+00:00
[2024-12-21T04:46:52.191+0000] {processor.py:176} INFO - Processing /home/airflow/.local/lib/python3.7/site-packages/airflow/example_dags/example_short_circuit_operator.py took 0.092 seconds
[2024-12-21T04:47:22.504+0000] {processor.py:154} INFO - Started process (PID=1210) to work on /home/airflow/.local/lib/python3.7/site-packages/airflow/example_dags/example_short_circuit_operator.py
[2024-12-21T04:47:22.505+0000] {processor.py:756} INFO - Processing file /home/airflow/.local/lib/python3.7/site-packages/airflow/example_dags/example_short_circuit_operator.py for tasks to queue
[2024-12-21T04:47:22.506+0000] {logging_mixin.py:120} INFO - [2024-12-21T04:47:22.505+0000] {dagbag.py:537} INFO - Filling up the DagBag from /home/airflow/.local/lib/python3.7/site-packages/airflow/example_dags/example_short_circuit_operator.py
[2024-12-21T04:47:22.522+0000] {processor.py:766} INFO - DAG(s) dict_keys(['example_short_circuit_operator']) retrieved from /home/airflow/.local/lib/python3.7/site-packages/airflow/example_dags/example_short_circuit_operator.py
[2024-12-21T04:47:22.564+0000] {logging_mixin.py:120} INFO - [2024-12-21T04:47:22.564+0000] {dag.py:2585} INFO - Sync 1 DAGs
[2024-12-21T04:47:22.594+0000] {logging_mixin.py:120} INFO - [2024-12-21T04:47:22.593+0000] {dag.py:3340} INFO - Setting next_dagrun for example_short_circuit_operator to 2024-12-20T04:47:22.593615+00:00, run_after=2024-12-21T04:47:22.593615+00:00
[2024-12-21T04:47:22.632+0000] {processor.py:176} INFO - Processing /home/airflow/.local/lib/python3.7/site-packages/airflow/example_dags/example_short_circuit_operator.py took 0.130 seconds
[2024-12-21T04:47:53.221+0000] {processor.py:154} INFO - Started process (PID=1273) to work on /home/airflow/.local/lib/python3.7/site-packages/airflow/example_dags/example_short_circuit_operator.py
[2024-12-21T04:47:53.222+0000] {processor.py:756} INFO - Processing file /home/airflow/.local/lib/python3.7/site-packages/airflow/example_dags/example_short_circuit_operator.py for tasks to queue
[2024-12-21T04:47:53.223+0000] {logging_mixin.py:120} INFO - [2024-12-21T04:47:53.223+0000] {dagbag.py:537} INFO - Filling up the DagBag from /home/airflow/.local/lib/python3.7/site-packages/airflow/example_dags/example_short_circuit_operator.py
[2024-12-21T04:47:53.245+0000] {processor.py:766} INFO - DAG(s) dict_keys(['example_short_circuit_operator']) retrieved from /home/airflow/.local/lib/python3.7/site-packages/airflow/example_dags/example_short_circuit_operator.py
[2024-12-21T04:47:53.289+0000] {logging_mixin.py:120} INFO - [2024-12-21T04:47:53.289+0000] {dag.py:2585} INFO - Sync 1 DAGs
[2024-12-21T04:47:53.313+0000] {logging_mixin.py:120} INFO - [2024-12-21T04:47:53.313+0000] {dag.py:3340} INFO - Setting next_dagrun for example_short_circuit_operator to 2024-12-20T04:47:53.313017+00:00, run_after=2024-12-21T04:47:53.313017+00:00
[2024-12-21T04:47:53.330+0000] {processor.py:176} INFO - Processing /home/airflow/.local/lib/python3.7/site-packages/airflow/example_dags/example_short_circuit_operator.py took 0.115 seconds
[2024-12-21T04:48:23.582+0000] {processor.py:154} INFO - Started process (PID=1336) to work on /home/airflow/.local/lib/python3.7/site-packages/airflow/example_dags/example_short_circuit_operator.py
[2024-12-21T04:48:23.584+0000] {processor.py:756} INFO - Processing file /home/airflow/.local/lib/python3.7/site-packages/airflow/example_dags/example_short_circuit_operator.py for tasks to queue
[2024-12-21T04:48:23.585+0000] {logging_mixin.py:120} INFO - [2024-12-21T04:48:23.585+0000] {dagbag.py:537} INFO - Filling up the DagBag from /home/airflow/.local/lib/python3.7/site-packages/airflow/example_dags/example_short_circuit_operator.py
[2024-12-21T04:48:23.608+0000] {processor.py:766} INFO - DAG(s) dict_keys(['example_short_circuit_operator']) retrieved from /home/airflow/.local/lib/python3.7/site-packages/airflow/example_dags/example_short_circuit_operator.py
[2024-12-21T04:48:23.656+0000] {logging_mixin.py:120} INFO - [2024-12-21T04:48:23.655+0000] {dag.py:2585} INFO - Sync 1 DAGs
[2024-12-21T04:48:23.683+0000] {logging_mixin.py:120} INFO - [2024-12-21T04:48:23.683+0000] {dag.py:3340} INFO - Setting next_dagrun for example_short_circuit_operator to 2024-12-20T04:48:23.683177+00:00, run_after=2024-12-21T04:48:23.683177+00:00
[2024-12-21T04:48:23.707+0000] {processor.py:176} INFO - Processing /home/airflow/.local/lib/python3.7/site-packages/airflow/example_dags/example_short_circuit_operator.py took 0.129 seconds
[2024-12-21T04:48:54.471+0000] {processor.py:154} INFO - Started process (PID=1399) to work on /home/airflow/.local/lib/python3.7/site-packages/airflow/example_dags/example_short_circuit_operator.py
[2024-12-21T04:48:54.472+0000] {processor.py:756} INFO - Processing file /home/airflow/.local/lib/python3.7/site-packages/airflow/example_dags/example_short_circuit_operator.py for tasks to queue
[2024-12-21T04:48:54.474+0000] {logging_mixin.py:120} INFO - [2024-12-21T04:48:54.474+0000] {dagbag.py:537} INFO - Filling up the DagBag from /home/airflow/.local/lib/python3.7/site-packages/airflow/example_dags/example_short_circuit_operator.py
[2024-12-21T04:48:54.492+0000] {processor.py:766} INFO - DAG(s) dict_keys(['example_short_circuit_operator']) retrieved from /home/airflow/.local/lib/python3.7/site-packages/airflow/example_dags/example_short_circuit_operator.py
[2024-12-21T04:48:54.548+0000] {logging_mixin.py:120} INFO - [2024-12-21T04:48:54.548+0000] {dag.py:2585} INFO - Sync 1 DAGs
[2024-12-21T04:48:54.573+0000] {logging_mixin.py:120} INFO - [2024-12-21T04:48:54.573+0000] {dag.py:3340} INFO - Setting next_dagrun for example_short_circuit_operator to 2024-12-20T04:48:54.572971+00:00, run_after=2024-12-21T04:48:54.572971+00:00
[2024-12-21T04:48:54.601+0000] {processor.py:176} INFO - Processing /home/airflow/.local/lib/python3.7/site-packages/airflow/example_dags/example_short_circuit_operator.py took 0.133 seconds
[2024-12-21T04:49:25.299+0000] {processor.py:154} INFO - Started process (PID=1453) to work on /home/airflow/.local/lib/python3.7/site-packages/airflow/example_dags/example_short_circuit_operator.py
[2024-12-21T04:49:25.303+0000] {processor.py:756} INFO - Processing file /home/airflow/.local/lib/python3.7/site-packages/airflow/example_dags/example_short_circuit_operator.py for tasks to queue
[2024-12-21T04:49:25.306+0000] {logging_mixin.py:120} INFO - [2024-12-21T04:49:25.306+0000] {dagbag.py:537} INFO - Filling up the DagBag from /home/airflow/.local/lib/python3.7/site-packages/airflow/example_dags/example_short_circuit_operator.py
[2024-12-21T04:49:25.519+0000] {processor.py:766} INFO - DAG(s) dict_keys(['example_short_circuit_operator']) retrieved from /home/airflow/.local/lib/python3.7/site-packages/airflow/example_dags/example_short_circuit_operator.py
[2024-12-21T04:49:25.691+0000] {logging_mixin.py:120} INFO - [2024-12-21T04:49:25.690+0000] {dag.py:2585} INFO - Sync 1 DAGs
[2024-12-21T04:49:25.747+0000] {logging_mixin.py:120} INFO - [2024-12-21T04:49:25.747+0000] {dag.py:3340} INFO - Setting next_dagrun for example_short_circuit_operator to 2024-12-20T04:49:25.746956+00:00, run_after=2024-12-21T04:49:25.746956+00:00
[2024-12-21T04:49:25.783+0000] {processor.py:176} INFO - Processing /home/airflow/.local/lib/python3.7/site-packages/airflow/example_dags/example_short_circuit_operator.py took 0.493 seconds
