[2024-12-21T04:37:43.082+0000] {processor.py:154} INFO - Started process (PID=81) to work on /home/airflow/.local/lib/python3.7/site-packages/airflow/example_dags/tutorial.py
[2024-12-21T04:37:43.085+0000] {processor.py:756} INFO - Processing file /home/airflow/.local/lib/python3.7/site-packages/airflow/example_dags/tutorial.py for tasks to queue
[2024-12-21T04:37:43.089+0000] {logging_mixin.py:120} INFO - [2024-12-21T04:37:43.089+0000] {dagbag.py:537} INFO - Filling up the DagBag from /home/airflow/.local/lib/python3.7/site-packages/airflow/example_dags/tutorial.py
[2024-12-21T04:37:43.140+0000] {processor.py:766} INFO - DAG(s) dict_keys(['tutorial']) retrieved from /home/airflow/.local/lib/python3.7/site-packages/airflow/example_dags/tutorial.py
[2024-12-21T04:37:43.762+0000] {logging_mixin.py:120} INFO - [2024-12-21T04:37:43.762+0000] {manager.py:507} INFO - Created Permission View: can delete on DAG:tutorial
[2024-12-21T04:37:43.788+0000] {logging_mixin.py:120} INFO - [2024-12-21T04:37:43.788+0000] {manager.py:507} INFO - Created Permission View: can edit on DAG:tutorial
[2024-12-21T04:37:43.814+0000] {logging_mixin.py:120} INFO - [2024-12-21T04:37:43.813+0000] {manager.py:507} INFO - Created Permission View: can read on DAG:tutorial
[2024-12-21T04:37:43.814+0000] {logging_mixin.py:120} INFO - [2024-12-21T04:37:43.814+0000] {dag.py:2585} INFO - Sync 1 DAGs
[2024-12-21T04:37:43.860+0000] {logging_mixin.py:120} INFO - [2024-12-21T04:37:43.860+0000] {dag.py:2606} INFO - Creating ORM DAG for tutorial
[2024-12-21T04:37:43.914+0000] {logging_mixin.py:120} INFO - [2024-12-21T04:37:43.913+0000] {dag.py:3340} INFO - Setting next_dagrun for tutorial to 2024-12-20T04:37:43.912731+00:00, run_after=2024-12-21T04:37:43.912731+00:00
[2024-12-21T04:37:43.985+0000] {processor.py:176} INFO - Processing /home/airflow/.local/lib/python3.7/site-packages/airflow/example_dags/tutorial.py took 0.912 seconds
[2024-12-21T04:38:14.622+0000] {processor.py:154} INFO - Started process (PID=134) to work on /home/airflow/.local/lib/python3.7/site-packages/airflow/example_dags/tutorial.py
[2024-12-21T04:38:14.623+0000] {processor.py:756} INFO - Processing file /home/airflow/.local/lib/python3.7/site-packages/airflow/example_dags/tutorial.py for tasks to queue
[2024-12-21T04:38:14.624+0000] {logging_mixin.py:120} INFO - [2024-12-21T04:38:14.624+0000] {dagbag.py:537} INFO - Filling up the DagBag from /home/airflow/.local/lib/python3.7/site-packages/airflow/example_dags/tutorial.py
[2024-12-21T04:38:14.637+0000] {processor.py:766} INFO - DAG(s) dict_keys(['tutorial']) retrieved from /home/airflow/.local/lib/python3.7/site-packages/airflow/example_dags/tutorial.py
[2024-12-21T04:38:14.676+0000] {logging_mixin.py:120} INFO - [2024-12-21T04:38:14.676+0000] {dag.py:2585} INFO - Sync 1 DAGs
[2024-12-21T04:38:14.697+0000] {logging_mixin.py:120} INFO - [2024-12-21T04:38:14.697+0000] {dag.py:3340} INFO - Setting next_dagrun for tutorial to 2024-12-20T04:38:14.697049+00:00, run_after=2024-12-21T04:38:14.697049+00:00
[2024-12-21T04:38:14.711+0000] {processor.py:176} INFO - Processing /home/airflow/.local/lib/python3.7/site-packages/airflow/example_dags/tutorial.py took 0.094 seconds
[2024-12-21T04:38:45.151+0000] {processor.py:154} INFO - Started process (PID=199) to work on /home/airflow/.local/lib/python3.7/site-packages/airflow/example_dags/tutorial.py
[2024-12-21T04:38:45.152+0000] {processor.py:756} INFO - Processing file /home/airflow/.local/lib/python3.7/site-packages/airflow/example_dags/tutorial.py for tasks to queue
[2024-12-21T04:38:45.154+0000] {logging_mixin.py:120} INFO - [2024-12-21T04:38:45.154+0000] {dagbag.py:537} INFO - Filling up the DagBag from /home/airflow/.local/lib/python3.7/site-packages/airflow/example_dags/tutorial.py
[2024-12-21T04:38:45.167+0000] {processor.py:766} INFO - DAG(s) dict_keys(['tutorial']) retrieved from /home/airflow/.local/lib/python3.7/site-packages/airflow/example_dags/tutorial.py
[2024-12-21T04:38:45.220+0000] {logging_mixin.py:120} INFO - [2024-12-21T04:38:45.220+0000] {dag.py:2585} INFO - Sync 1 DAGs
[2024-12-21T04:38:45.251+0000] {logging_mixin.py:120} INFO - [2024-12-21T04:38:45.251+0000] {dag.py:3340} INFO - Setting next_dagrun for tutorial to 2024-12-20T04:38:45.251294+00:00, run_after=2024-12-21T04:38:45.251294+00:00
[2024-12-21T04:38:45.278+0000] {processor.py:176} INFO - Processing /home/airflow/.local/lib/python3.7/site-packages/airflow/example_dags/tutorial.py took 0.132 seconds
[2024-12-21T04:39:15.761+0000] {processor.py:154} INFO - Started process (PID=262) to work on /home/airflow/.local/lib/python3.7/site-packages/airflow/example_dags/tutorial.py
[2024-12-21T04:39:15.764+0000] {processor.py:756} INFO - Processing file /home/airflow/.local/lib/python3.7/site-packages/airflow/example_dags/tutorial.py for tasks to queue
[2024-12-21T04:39:15.770+0000] {logging_mixin.py:120} INFO - [2024-12-21T04:39:15.770+0000] {dagbag.py:537} INFO - Filling up the DagBag from /home/airflow/.local/lib/python3.7/site-packages/airflow/example_dags/tutorial.py
[2024-12-21T04:39:15.846+0000] {processor.py:766} INFO - DAG(s) dict_keys(['tutorial']) retrieved from /home/airflow/.local/lib/python3.7/site-packages/airflow/example_dags/tutorial.py
[2024-12-21T04:39:15.971+0000] {logging_mixin.py:120} INFO - [2024-12-21T04:39:15.970+0000] {dag.py:2585} INFO - Sync 1 DAGs
[2024-12-21T04:39:16.027+0000] {logging_mixin.py:120} INFO - [2024-12-21T04:39:16.027+0000] {dag.py:3340} INFO - Setting next_dagrun for tutorial to 2024-12-20T04:39:16.026718+00:00, run_after=2024-12-21T04:39:16.026718+00:00
[2024-12-21T04:39:16.131+0000] {processor.py:176} INFO - Processing /home/airflow/.local/lib/python3.7/site-packages/airflow/example_dags/tutorial.py took 0.386 seconds
[2024-12-21T04:39:47.093+0000] {processor.py:154} INFO - Started process (PID=316) to work on /home/airflow/.local/lib/python3.7/site-packages/airflow/example_dags/tutorial.py
[2024-12-21T04:39:47.101+0000] {processor.py:756} INFO - Processing file /home/airflow/.local/lib/python3.7/site-packages/airflow/example_dags/tutorial.py for tasks to queue
[2024-12-21T04:39:47.102+0000] {logging_mixin.py:120} INFO - [2024-12-21T04:39:47.102+0000] {dagbag.py:537} INFO - Filling up the DagBag from /home/airflow/.local/lib/python3.7/site-packages/airflow/example_dags/tutorial.py
[2024-12-21T04:39:47.118+0000] {processor.py:766} INFO - DAG(s) dict_keys(['tutorial']) retrieved from /home/airflow/.local/lib/python3.7/site-packages/airflow/example_dags/tutorial.py
[2024-12-21T04:39:47.166+0000] {logging_mixin.py:120} INFO - [2024-12-21T04:39:47.166+0000] {dag.py:2585} INFO - Sync 1 DAGs
[2024-12-21T04:39:47.191+0000] {logging_mixin.py:120} INFO - [2024-12-21T04:39:47.191+0000] {dag.py:3340} INFO - Setting next_dagrun for tutorial to 2024-12-20T04:39:47.191573+00:00, run_after=2024-12-21T04:39:47.191573+00:00
[2024-12-21T04:39:47.209+0000] {processor.py:176} INFO - Processing /home/airflow/.local/lib/python3.7/site-packages/airflow/example_dags/tutorial.py took 0.119 seconds
[2024-12-21T04:40:17.931+0000] {processor.py:154} INFO - Started process (PID=379) to work on /home/airflow/.local/lib/python3.7/site-packages/airflow/example_dags/tutorial.py
[2024-12-21T04:40:17.933+0000] {processor.py:756} INFO - Processing file /home/airflow/.local/lib/python3.7/site-packages/airflow/example_dags/tutorial.py for tasks to queue
[2024-12-21T04:40:17.935+0000] {logging_mixin.py:120} INFO - [2024-12-21T04:40:17.935+0000] {dagbag.py:537} INFO - Filling up the DagBag from /home/airflow/.local/lib/python3.7/site-packages/airflow/example_dags/tutorial.py
[2024-12-21T04:40:17.951+0000] {processor.py:766} INFO - DAG(s) dict_keys(['tutorial']) retrieved from /home/airflow/.local/lib/python3.7/site-packages/airflow/example_dags/tutorial.py
[2024-12-21T04:40:17.991+0000] {logging_mixin.py:120} INFO - [2024-12-21T04:40:17.990+0000] {dag.py:2585} INFO - Sync 1 DAGs
[2024-12-21T04:40:18.019+0000] {logging_mixin.py:120} INFO - [2024-12-21T04:40:18.019+0000] {dag.py:3340} INFO - Setting next_dagrun for tutorial to 2024-12-20T04:40:18.019016+00:00, run_after=2024-12-21T04:40:18.019016+00:00
[2024-12-21T04:40:18.042+0000] {processor.py:176} INFO - Processing /home/airflow/.local/lib/python3.7/site-packages/airflow/example_dags/tutorial.py took 0.115 seconds
[2024-12-21T04:40:48.218+0000] {processor.py:154} INFO - Started process (PID=441) to work on /home/airflow/.local/lib/python3.7/site-packages/airflow/example_dags/tutorial.py
[2024-12-21T04:40:48.220+0000] {processor.py:756} INFO - Processing file /home/airflow/.local/lib/python3.7/site-packages/airflow/example_dags/tutorial.py for tasks to queue
[2024-12-21T04:40:48.221+0000] {logging_mixin.py:120} INFO - [2024-12-21T04:40:48.220+0000] {dagbag.py:537} INFO - Filling up the DagBag from /home/airflow/.local/lib/python3.7/site-packages/airflow/example_dags/tutorial.py
[2024-12-21T04:40:48.238+0000] {processor.py:766} INFO - DAG(s) dict_keys(['tutorial']) retrieved from /home/airflow/.local/lib/python3.7/site-packages/airflow/example_dags/tutorial.py
[2024-12-21T04:40:48.277+0000] {logging_mixin.py:120} INFO - [2024-12-21T04:40:48.276+0000] {dag.py:2585} INFO - Sync 1 DAGs
[2024-12-21T04:40:48.300+0000] {logging_mixin.py:120} INFO - [2024-12-21T04:40:48.300+0000] {dag.py:3340} INFO - Setting next_dagrun for tutorial to 2024-12-20T04:40:48.300242+00:00, run_after=2024-12-21T04:40:48.300242+00:00
[2024-12-21T04:40:48.319+0000] {processor.py:176} INFO - Processing /home/airflow/.local/lib/python3.7/site-packages/airflow/example_dags/tutorial.py took 0.105 seconds
[2024-12-21T04:41:18.878+0000] {processor.py:154} INFO - Started process (PID=496) to work on /home/airflow/.local/lib/python3.7/site-packages/airflow/example_dags/tutorial.py
[2024-12-21T04:41:18.882+0000] {processor.py:756} INFO - Processing file /home/airflow/.local/lib/python3.7/site-packages/airflow/example_dags/tutorial.py for tasks to queue
[2024-12-21T04:41:18.884+0000] {logging_mixin.py:120} INFO - [2024-12-21T04:41:18.884+0000] {dagbag.py:537} INFO - Filling up the DagBag from /home/airflow/.local/lib/python3.7/site-packages/airflow/example_dags/tutorial.py
[2024-12-21T04:41:18.901+0000] {processor.py:766} INFO - DAG(s) dict_keys(['tutorial']) retrieved from /home/airflow/.local/lib/python3.7/site-packages/airflow/example_dags/tutorial.py
[2024-12-21T04:41:18.994+0000] {logging_mixin.py:120} INFO - [2024-12-21T04:41:18.993+0000] {dag.py:2585} INFO - Sync 1 DAGs
[2024-12-21T04:41:19.044+0000] {logging_mixin.py:120} INFO - [2024-12-21T04:41:19.044+0000] {dag.py:3340} INFO - Setting next_dagrun for tutorial to 2024-12-20T04:41:19.044028+00:00, run_after=2024-12-21T04:41:19.044028+00:00
[2024-12-21T04:41:19.109+0000] {processor.py:176} INFO - Processing /home/airflow/.local/lib/python3.7/site-packages/airflow/example_dags/tutorial.py took 0.234 seconds
[2024-12-21T04:41:49.168+0000] {processor.py:154} INFO - Started process (PID=558) to work on /home/airflow/.local/lib/python3.7/site-packages/airflow/example_dags/tutorial.py
[2024-12-21T04:41:49.170+0000] {processor.py:756} INFO - Processing file /home/airflow/.local/lib/python3.7/site-packages/airflow/example_dags/tutorial.py for tasks to queue
[2024-12-21T04:41:49.170+0000] {logging_mixin.py:120} INFO - [2024-12-21T04:41:49.170+0000] {dagbag.py:537} INFO - Filling up the DagBag from /home/airflow/.local/lib/python3.7/site-packages/airflow/example_dags/tutorial.py
[2024-12-21T04:41:49.187+0000] {processor.py:766} INFO - DAG(s) dict_keys(['tutorial']) retrieved from /home/airflow/.local/lib/python3.7/site-packages/airflow/example_dags/tutorial.py
[2024-12-21T04:41:49.222+0000] {logging_mixin.py:120} INFO - [2024-12-21T04:41:49.222+0000] {dag.py:2585} INFO - Sync 1 DAGs
[2024-12-21T04:41:49.243+0000] {logging_mixin.py:120} INFO - [2024-12-21T04:41:49.243+0000] {dag.py:3340} INFO - Setting next_dagrun for tutorial to 2024-12-20T04:41:49.242943+00:00, run_after=2024-12-21T04:41:49.242943+00:00
[2024-12-21T04:41:49.257+0000] {processor.py:176} INFO - Processing /home/airflow/.local/lib/python3.7/site-packages/airflow/example_dags/tutorial.py took 0.092 seconds
[2024-12-21T04:42:19.674+0000] {processor.py:154} INFO - Started process (PID=621) to work on /home/airflow/.local/lib/python3.7/site-packages/airflow/example_dags/tutorial.py
[2024-12-21T04:42:19.674+0000] {processor.py:756} INFO - Processing file /home/airflow/.local/lib/python3.7/site-packages/airflow/example_dags/tutorial.py for tasks to queue
[2024-12-21T04:42:19.675+0000] {logging_mixin.py:120} INFO - [2024-12-21T04:42:19.675+0000] {dagbag.py:537} INFO - Filling up the DagBag from /home/airflow/.local/lib/python3.7/site-packages/airflow/example_dags/tutorial.py
[2024-12-21T04:42:19.688+0000] {processor.py:766} INFO - DAG(s) dict_keys(['tutorial']) retrieved from /home/airflow/.local/lib/python3.7/site-packages/airflow/example_dags/tutorial.py
[2024-12-21T04:42:19.717+0000] {logging_mixin.py:120} INFO - [2024-12-21T04:42:19.717+0000] {dag.py:2585} INFO - Sync 1 DAGs
[2024-12-21T04:42:19.736+0000] {logging_mixin.py:120} INFO - [2024-12-21T04:42:19.736+0000] {dag.py:3340} INFO - Setting next_dagrun for tutorial to 2024-12-20T04:42:19.736534+00:00, run_after=2024-12-21T04:42:19.736534+00:00
[2024-12-21T04:42:19.749+0000] {processor.py:176} INFO - Processing /home/airflow/.local/lib/python3.7/site-packages/airflow/example_dags/tutorial.py took 0.078 seconds
[2024-12-21T04:42:50.295+0000] {processor.py:154} INFO - Started process (PID=684) to work on /home/airflow/.local/lib/python3.7/site-packages/airflow/example_dags/tutorial.py
[2024-12-21T04:42:50.296+0000] {processor.py:756} INFO - Processing file /home/airflow/.local/lib/python3.7/site-packages/airflow/example_dags/tutorial.py for tasks to queue
[2024-12-21T04:42:50.297+0000] {logging_mixin.py:120} INFO - [2024-12-21T04:42:50.297+0000] {dagbag.py:537} INFO - Filling up the DagBag from /home/airflow/.local/lib/python3.7/site-packages/airflow/example_dags/tutorial.py
[2024-12-21T04:42:50.322+0000] {processor.py:766} INFO - DAG(s) dict_keys(['tutorial']) retrieved from /home/airflow/.local/lib/python3.7/site-packages/airflow/example_dags/tutorial.py
[2024-12-21T04:42:50.371+0000] {logging_mixin.py:120} INFO - [2024-12-21T04:42:50.371+0000] {dag.py:2585} INFO - Sync 1 DAGs
[2024-12-21T04:42:50.394+0000] {logging_mixin.py:120} INFO - [2024-12-21T04:42:50.394+0000] {dag.py:3340} INFO - Setting next_dagrun for tutorial to 2024-12-20T04:42:50.394050+00:00, run_after=2024-12-21T04:42:50.394050+00:00
[2024-12-21T04:42:50.410+0000] {processor.py:176} INFO - Processing /home/airflow/.local/lib/python3.7/site-packages/airflow/example_dags/tutorial.py took 0.118 seconds
[2024-12-21T04:43:20.862+0000] {processor.py:154} INFO - Started process (PID=738) to work on /home/airflow/.local/lib/python3.7/site-packages/airflow/example_dags/tutorial.py
[2024-12-21T04:43:20.863+0000] {processor.py:756} INFO - Processing file /home/airflow/.local/lib/python3.7/site-packages/airflow/example_dags/tutorial.py for tasks to queue
[2024-12-21T04:43:20.864+0000] {logging_mixin.py:120} INFO - [2024-12-21T04:43:20.864+0000] {dagbag.py:537} INFO - Filling up the DagBag from /home/airflow/.local/lib/python3.7/site-packages/airflow/example_dags/tutorial.py
[2024-12-21T04:43:20.879+0000] {processor.py:766} INFO - DAG(s) dict_keys(['tutorial']) retrieved from /home/airflow/.local/lib/python3.7/site-packages/airflow/example_dags/tutorial.py
[2024-12-21T04:43:20.912+0000] {logging_mixin.py:120} INFO - [2024-12-21T04:43:20.912+0000] {dag.py:2585} INFO - Sync 1 DAGs
[2024-12-21T04:43:20.930+0000] {logging_mixin.py:120} INFO - [2024-12-21T04:43:20.930+0000] {dag.py:3340} INFO - Setting next_dagrun for tutorial to 2024-12-20T04:43:20.930393+00:00, run_after=2024-12-21T04:43:20.930393+00:00
[2024-12-21T04:43:20.944+0000] {processor.py:176} INFO - Processing /home/airflow/.local/lib/python3.7/site-packages/airflow/example_dags/tutorial.py took 0.086 seconds
[2024-12-21T04:43:51.622+0000] {processor.py:154} INFO - Started process (PID=801) to work on /home/airflow/.local/lib/python3.7/site-packages/airflow/example_dags/tutorial.py
[2024-12-21T04:43:51.623+0000] {processor.py:756} INFO - Processing file /home/airflow/.local/lib/python3.7/site-packages/airflow/example_dags/tutorial.py for tasks to queue
[2024-12-21T04:43:51.624+0000] {logging_mixin.py:120} INFO - [2024-12-21T04:43:51.624+0000] {dagbag.py:537} INFO - Filling up the DagBag from /home/airflow/.local/lib/python3.7/site-packages/airflow/example_dags/tutorial.py
[2024-12-21T04:43:51.648+0000] {processor.py:766} INFO - DAG(s) dict_keys(['tutorial']) retrieved from /home/airflow/.local/lib/python3.7/site-packages/airflow/example_dags/tutorial.py
[2024-12-21T04:43:51.717+0000] {logging_mixin.py:120} INFO - [2024-12-21T04:43:51.717+0000] {dag.py:2585} INFO - Sync 1 DAGs
[2024-12-21T04:43:51.744+0000] {logging_mixin.py:120} INFO - [2024-12-21T04:43:51.744+0000] {dag.py:3340} INFO - Setting next_dagrun for tutorial to 2024-12-20T04:43:51.744065+00:00, run_after=2024-12-21T04:43:51.744065+00:00
[2024-12-21T04:43:51.777+0000] {processor.py:176} INFO - Processing /home/airflow/.local/lib/python3.7/site-packages/airflow/example_dags/tutorial.py took 0.160 seconds
[2024-12-21T04:44:22.375+0000] {processor.py:154} INFO - Started process (PID=864) to work on /home/airflow/.local/lib/python3.7/site-packages/airflow/example_dags/tutorial.py
[2024-12-21T04:44:22.376+0000] {processor.py:756} INFO - Processing file /home/airflow/.local/lib/python3.7/site-packages/airflow/example_dags/tutorial.py for tasks to queue
[2024-12-21T04:44:22.378+0000] {logging_mixin.py:120} INFO - [2024-12-21T04:44:22.377+0000] {dagbag.py:537} INFO - Filling up the DagBag from /home/airflow/.local/lib/python3.7/site-packages/airflow/example_dags/tutorial.py
[2024-12-21T04:44:22.392+0000] {processor.py:766} INFO - DAG(s) dict_keys(['tutorial']) retrieved from /home/airflow/.local/lib/python3.7/site-packages/airflow/example_dags/tutorial.py
[2024-12-21T04:44:22.428+0000] {logging_mixin.py:120} INFO - [2024-12-21T04:44:22.428+0000] {dag.py:2585} INFO - Sync 1 DAGs
[2024-12-21T04:44:22.449+0000] {logging_mixin.py:120} INFO - [2024-12-21T04:44:22.449+0000] {dag.py:3340} INFO - Setting next_dagrun for tutorial to 2024-12-20T04:44:22.449649+00:00, run_after=2024-12-21T04:44:22.449649+00:00
[2024-12-21T04:44:22.463+0000] {processor.py:176} INFO - Processing /home/airflow/.local/lib/python3.7/site-packages/airflow/example_dags/tutorial.py took 0.092 seconds
[2024-12-21T04:44:53.150+0000] {processor.py:154} INFO - Started process (PID=918) to work on /home/airflow/.local/lib/python3.7/site-packages/airflow/example_dags/tutorial.py
[2024-12-21T04:44:53.151+0000] {processor.py:756} INFO - Processing file /home/airflow/.local/lib/python3.7/site-packages/airflow/example_dags/tutorial.py for tasks to queue
[2024-12-21T04:44:53.152+0000] {logging_mixin.py:120} INFO - [2024-12-21T04:44:53.152+0000] {dagbag.py:537} INFO - Filling up the DagBag from /home/airflow/.local/lib/python3.7/site-packages/airflow/example_dags/tutorial.py
[2024-12-21T04:44:53.202+0000] {processor.py:766} INFO - DAG(s) dict_keys(['tutorial']) retrieved from /home/airflow/.local/lib/python3.7/site-packages/airflow/example_dags/tutorial.py
[2024-12-21T04:44:53.350+0000] {logging_mixin.py:120} INFO - [2024-12-21T04:44:53.349+0000] {dag.py:2585} INFO - Sync 1 DAGs
[2024-12-21T04:44:53.435+0000] {logging_mixin.py:120} INFO - [2024-12-21T04:44:53.435+0000] {dag.py:3340} INFO - Setting next_dagrun for tutorial to 2024-12-20T04:44:53.434387+00:00, run_after=2024-12-21T04:44:53.434387+00:00
[2024-12-21T04:44:53.461+0000] {processor.py:176} INFO - Processing /home/airflow/.local/lib/python3.7/site-packages/airflow/example_dags/tutorial.py took 0.322 seconds
[2024-12-21T04:45:23.540+0000] {processor.py:154} INFO - Started process (PID=981) to work on /home/airflow/.local/lib/python3.7/site-packages/airflow/example_dags/tutorial.py
[2024-12-21T04:45:23.541+0000] {processor.py:756} INFO - Processing file /home/airflow/.local/lib/python3.7/site-packages/airflow/example_dags/tutorial.py for tasks to queue
[2024-12-21T04:45:23.542+0000] {logging_mixin.py:120} INFO - [2024-12-21T04:45:23.542+0000] {dagbag.py:537} INFO - Filling up the DagBag from /home/airflow/.local/lib/python3.7/site-packages/airflow/example_dags/tutorial.py
[2024-12-21T04:45:23.557+0000] {processor.py:766} INFO - DAG(s) dict_keys(['tutorial']) retrieved from /home/airflow/.local/lib/python3.7/site-packages/airflow/example_dags/tutorial.py
[2024-12-21T04:45:23.591+0000] {logging_mixin.py:120} INFO - [2024-12-21T04:45:23.591+0000] {dag.py:2585} INFO - Sync 1 DAGs
[2024-12-21T04:45:23.610+0000] {logging_mixin.py:120} INFO - [2024-12-21T04:45:23.609+0000] {dag.py:3340} INFO - Setting next_dagrun for tutorial to 2024-12-20T04:45:23.609795+00:00, run_after=2024-12-21T04:45:23.609795+00:00
[2024-12-21T04:45:23.625+0000] {processor.py:176} INFO - Processing /home/airflow/.local/lib/python3.7/site-packages/airflow/example_dags/tutorial.py took 0.090 seconds
[2024-12-21T04:45:53.899+0000] {processor.py:154} INFO - Started process (PID=1035) to work on /home/airflow/.local/lib/python3.7/site-packages/airflow/example_dags/tutorial.py
[2024-12-21T04:45:53.901+0000] {processor.py:756} INFO - Processing file /home/airflow/.local/lib/python3.7/site-packages/airflow/example_dags/tutorial.py for tasks to queue
[2024-12-21T04:45:53.902+0000] {logging_mixin.py:120} INFO - [2024-12-21T04:45:53.901+0000] {dagbag.py:537} INFO - Filling up the DagBag from /home/airflow/.local/lib/python3.7/site-packages/airflow/example_dags/tutorial.py
[2024-12-21T04:45:53.918+0000] {processor.py:766} INFO - DAG(s) dict_keys(['tutorial']) retrieved from /home/airflow/.local/lib/python3.7/site-packages/airflow/example_dags/tutorial.py
[2024-12-21T04:45:53.956+0000] {logging_mixin.py:120} INFO - [2024-12-21T04:45:53.955+0000] {dag.py:2585} INFO - Sync 1 DAGs
[2024-12-21T04:45:53.983+0000] {logging_mixin.py:120} INFO - [2024-12-21T04:45:53.983+0000] {dag.py:3340} INFO - Setting next_dagrun for tutorial to 2024-12-20T04:45:53.983203+00:00, run_after=2024-12-21T04:45:53.983203+00:00
[2024-12-21T04:45:54.000+0000] {processor.py:176} INFO - Processing /home/airflow/.local/lib/python3.7/site-packages/airflow/example_dags/tutorial.py took 0.105 seconds
[2024-12-21T04:46:24.761+0000] {processor.py:154} INFO - Started process (PID=1098) to work on /home/airflow/.local/lib/python3.7/site-packages/airflow/example_dags/tutorial.py
[2024-12-21T04:46:24.762+0000] {processor.py:756} INFO - Processing file /home/airflow/.local/lib/python3.7/site-packages/airflow/example_dags/tutorial.py for tasks to queue
[2024-12-21T04:46:24.763+0000] {logging_mixin.py:120} INFO - [2024-12-21T04:46:24.763+0000] {dagbag.py:537} INFO - Filling up the DagBag from /home/airflow/.local/lib/python3.7/site-packages/airflow/example_dags/tutorial.py
[2024-12-21T04:46:24.783+0000] {processor.py:766} INFO - DAG(s) dict_keys(['tutorial']) retrieved from /home/airflow/.local/lib/python3.7/site-packages/airflow/example_dags/tutorial.py
[2024-12-21T04:46:24.819+0000] {logging_mixin.py:120} INFO - [2024-12-21T04:46:24.819+0000] {dag.py:2585} INFO - Sync 1 DAGs
[2024-12-21T04:46:24.840+0000] {logging_mixin.py:120} INFO - [2024-12-21T04:46:24.840+0000] {dag.py:3340} INFO - Setting next_dagrun for tutorial to 2024-12-20T04:46:24.840165+00:00, run_after=2024-12-21T04:46:24.840165+00:00
[2024-12-21T04:46:24.854+0000] {processor.py:176} INFO - Processing /home/airflow/.local/lib/python3.7/site-packages/airflow/example_dags/tutorial.py took 0.098 seconds
[2024-12-21T04:46:55.423+0000] {processor.py:154} INFO - Started process (PID=1161) to work on /home/airflow/.local/lib/python3.7/site-packages/airflow/example_dags/tutorial.py
[2024-12-21T04:46:55.424+0000] {processor.py:756} INFO - Processing file /home/airflow/.local/lib/python3.7/site-packages/airflow/example_dags/tutorial.py for tasks to queue
[2024-12-21T04:46:55.424+0000] {logging_mixin.py:120} INFO - [2024-12-21T04:46:55.424+0000] {dagbag.py:537} INFO - Filling up the DagBag from /home/airflow/.local/lib/python3.7/site-packages/airflow/example_dags/tutorial.py
[2024-12-21T04:46:55.435+0000] {processor.py:766} INFO - DAG(s) dict_keys(['tutorial']) retrieved from /home/airflow/.local/lib/python3.7/site-packages/airflow/example_dags/tutorial.py
[2024-12-21T04:46:55.468+0000] {logging_mixin.py:120} INFO - [2024-12-21T04:46:55.468+0000] {dag.py:2585} INFO - Sync 1 DAGs
[2024-12-21T04:46:55.486+0000] {logging_mixin.py:120} INFO - [2024-12-21T04:46:55.486+0000] {dag.py:3340} INFO - Setting next_dagrun for tutorial to 2024-12-20T04:46:55.486180+00:00, run_after=2024-12-21T04:46:55.486180+00:00
[2024-12-21T04:46:55.500+0000] {processor.py:176} INFO - Processing /home/airflow/.local/lib/python3.7/site-packages/airflow/example_dags/tutorial.py took 0.080 seconds
[2024-12-21T04:47:25.944+0000] {processor.py:154} INFO - Started process (PID=1224) to work on /home/airflow/.local/lib/python3.7/site-packages/airflow/example_dags/tutorial.py
[2024-12-21T04:47:25.945+0000] {processor.py:756} INFO - Processing file /home/airflow/.local/lib/python3.7/site-packages/airflow/example_dags/tutorial.py for tasks to queue
[2024-12-21T04:47:25.946+0000] {logging_mixin.py:120} INFO - [2024-12-21T04:47:25.946+0000] {dagbag.py:537} INFO - Filling up the DagBag from /home/airflow/.local/lib/python3.7/site-packages/airflow/example_dags/tutorial.py
[2024-12-21T04:47:25.964+0000] {processor.py:766} INFO - DAG(s) dict_keys(['tutorial']) retrieved from /home/airflow/.local/lib/python3.7/site-packages/airflow/example_dags/tutorial.py
[2024-12-21T04:47:26.001+0000] {logging_mixin.py:120} INFO - [2024-12-21T04:47:26.001+0000] {dag.py:2585} INFO - Sync 1 DAGs
[2024-12-21T04:47:26.021+0000] {logging_mixin.py:120} INFO - [2024-12-21T04:47:26.021+0000] {dag.py:3340} INFO - Setting next_dagrun for tutorial to 2024-12-20T04:47:26.021020+00:00, run_after=2024-12-21T04:47:26.021020+00:00
[2024-12-21T04:47:26.035+0000] {processor.py:176} INFO - Processing /home/airflow/.local/lib/python3.7/site-packages/airflow/example_dags/tutorial.py took 0.097 seconds
[2024-12-21T04:47:56.639+0000] {processor.py:154} INFO - Started process (PID=1278) to work on /home/airflow/.local/lib/python3.7/site-packages/airflow/example_dags/tutorial.py
[2024-12-21T04:47:56.641+0000] {processor.py:756} INFO - Processing file /home/airflow/.local/lib/python3.7/site-packages/airflow/example_dags/tutorial.py for tasks to queue
[2024-12-21T04:47:56.642+0000] {logging_mixin.py:120} INFO - [2024-12-21T04:47:56.641+0000] {dagbag.py:537} INFO - Filling up the DagBag from /home/airflow/.local/lib/python3.7/site-packages/airflow/example_dags/tutorial.py
[2024-12-21T04:47:56.657+0000] {processor.py:766} INFO - DAG(s) dict_keys(['tutorial']) retrieved from /home/airflow/.local/lib/python3.7/site-packages/airflow/example_dags/tutorial.py
[2024-12-21T04:47:56.690+0000] {logging_mixin.py:120} INFO - [2024-12-21T04:47:56.690+0000] {dag.py:2585} INFO - Sync 1 DAGs
[2024-12-21T04:47:56.710+0000] {logging_mixin.py:120} INFO - [2024-12-21T04:47:56.710+0000] {dag.py:3340} INFO - Setting next_dagrun for tutorial to 2024-12-20T04:47:56.709883+00:00, run_after=2024-12-21T04:47:56.709883+00:00
[2024-12-21T04:47:56.726+0000] {processor.py:176} INFO - Processing /home/airflow/.local/lib/python3.7/site-packages/airflow/example_dags/tutorial.py took 0.091 seconds
[2024-12-21T04:48:26.986+0000] {processor.py:154} INFO - Started process (PID=1341) to work on /home/airflow/.local/lib/python3.7/site-packages/airflow/example_dags/tutorial.py
[2024-12-21T04:48:26.987+0000] {processor.py:756} INFO - Processing file /home/airflow/.local/lib/python3.7/site-packages/airflow/example_dags/tutorial.py for tasks to queue
[2024-12-21T04:48:26.988+0000] {logging_mixin.py:120} INFO - [2024-12-21T04:48:26.988+0000] {dagbag.py:537} INFO - Filling up the DagBag from /home/airflow/.local/lib/python3.7/site-packages/airflow/example_dags/tutorial.py
[2024-12-21T04:48:27.003+0000] {processor.py:766} INFO - DAG(s) dict_keys(['tutorial']) retrieved from /home/airflow/.local/lib/python3.7/site-packages/airflow/example_dags/tutorial.py
[2024-12-21T04:48:27.036+0000] {logging_mixin.py:120} INFO - [2024-12-21T04:48:27.036+0000] {dag.py:2585} INFO - Sync 1 DAGs
[2024-12-21T04:48:27.056+0000] {logging_mixin.py:120} INFO - [2024-12-21T04:48:27.056+0000] {dag.py:3340} INFO - Setting next_dagrun for tutorial to 2024-12-20T04:48:27.056040+00:00, run_after=2024-12-21T04:48:27.056040+00:00
[2024-12-21T04:48:27.069+0000] {processor.py:176} INFO - Processing /home/airflow/.local/lib/python3.7/site-packages/airflow/example_dags/tutorial.py took 0.088 seconds
[2024-12-21T04:48:57.925+0000] {processor.py:154} INFO - Started process (PID=1404) to work on /home/airflow/.local/lib/python3.7/site-packages/airflow/example_dags/tutorial.py
[2024-12-21T04:48:57.926+0000] {processor.py:756} INFO - Processing file /home/airflow/.local/lib/python3.7/site-packages/airflow/example_dags/tutorial.py for tasks to queue
[2024-12-21T04:48:57.926+0000] {logging_mixin.py:120} INFO - [2024-12-21T04:48:57.926+0000] {dagbag.py:537} INFO - Filling up the DagBag from /home/airflow/.local/lib/python3.7/site-packages/airflow/example_dags/tutorial.py
[2024-12-21T04:48:57.937+0000] {processor.py:766} INFO - DAG(s) dict_keys(['tutorial']) retrieved from /home/airflow/.local/lib/python3.7/site-packages/airflow/example_dags/tutorial.py
[2024-12-21T04:48:57.968+0000] {logging_mixin.py:120} INFO - [2024-12-21T04:48:57.968+0000] {dag.py:2585} INFO - Sync 1 DAGs
[2024-12-21T04:48:57.990+0000] {logging_mixin.py:120} INFO - [2024-12-21T04:48:57.990+0000] {dag.py:3340} INFO - Setting next_dagrun for tutorial to 2024-12-20T04:48:57.989891+00:00, run_after=2024-12-21T04:48:57.989891+00:00
[2024-12-21T04:48:58.005+0000] {processor.py:176} INFO - Processing /home/airflow/.local/lib/python3.7/site-packages/airflow/example_dags/tutorial.py took 0.082 seconds
[2024-12-21T04:49:28.214+0000] {processor.py:154} INFO - Started process (PID=1465) to work on /home/airflow/.local/lib/python3.7/site-packages/airflow/example_dags/tutorial.py
[2024-12-21T04:49:28.216+0000] {processor.py:756} INFO - Processing file /home/airflow/.local/lib/python3.7/site-packages/airflow/example_dags/tutorial.py for tasks to queue
[2024-12-21T04:49:28.218+0000] {logging_mixin.py:120} INFO - [2024-12-21T04:49:28.217+0000] {dagbag.py:537} INFO - Filling up the DagBag from /home/airflow/.local/lib/python3.7/site-packages/airflow/example_dags/tutorial.py
[2024-12-21T04:49:28.265+0000] {processor.py:766} INFO - DAG(s) dict_keys(['tutorial']) retrieved from /home/airflow/.local/lib/python3.7/site-packages/airflow/example_dags/tutorial.py
[2024-12-21T04:49:28.345+0000] {logging_mixin.py:120} INFO - [2024-12-21T04:49:28.345+0000] {dag.py:2585} INFO - Sync 1 DAGs
[2024-12-21T04:49:28.410+0000] {logging_mixin.py:120} INFO - [2024-12-21T04:49:28.410+0000] {dag.py:3340} INFO - Setting next_dagrun for tutorial to 2024-12-20T04:49:28.409086+00:00, run_after=2024-12-21T04:49:28.409086+00:00
[2024-12-21T04:49:28.562+0000] {processor.py:176} INFO - Processing /home/airflow/.local/lib/python3.7/site-packages/airflow/example_dags/tutorial.py took 0.354 seconds
