[2024-12-21T04:37:35.810+0000] {processor.py:154} INFO - Started process (PID=52) to work on /home/airflow/.local/lib/python3.7/site-packages/airflow/example_dags/tutorial_dag.py
[2024-12-21T04:37:35.813+0000] {processor.py:756} INFO - Processing file /home/airflow/.local/lib/python3.7/site-packages/airflow/example_dags/tutorial_dag.py for tasks to queue
[2024-12-21T04:37:35.815+0000] {logging_mixin.py:120} INFO - [2024-12-21T04:37:35.815+0000] {dagbag.py:537} INFO - Filling up the DagBag from /home/airflow/.local/lib/python3.7/site-packages/airflow/example_dags/tutorial_dag.py
[2024-12-21T04:37:35.845+0000] {processor.py:766} INFO - DAG(s) dict_keys(['tutorial_dag']) retrieved from /home/airflow/.local/lib/python3.7/site-packages/airflow/example_dags/tutorial_dag.py
[2024-12-21T04:37:36.138+0000] {logging_mixin.py:120} INFO - [2024-12-21T04:37:36.137+0000] {manager.py:507} INFO - Created Permission View: can delete on DAG:tutorial_dag
[2024-12-21T04:37:36.154+0000] {logging_mixin.py:120} INFO - [2024-12-21T04:37:36.154+0000] {manager.py:507} INFO - Created Permission View: can edit on DAG:tutorial_dag
[2024-12-21T04:37:36.169+0000] {logging_mixin.py:120} INFO - [2024-12-21T04:37:36.169+0000] {manager.py:507} INFO - Created Permission View: can read on DAG:tutorial_dag
[2024-12-21T04:37:36.170+0000] {logging_mixin.py:120} INFO - [2024-12-21T04:37:36.169+0000] {dag.py:2585} INFO - Sync 1 DAGs
[2024-12-21T04:37:36.196+0000] {logging_mixin.py:120} INFO - [2024-12-21T04:37:36.196+0000] {dag.py:2606} INFO - Creating ORM DAG for tutorial_dag
[2024-12-21T04:37:36.229+0000] {logging_mixin.py:120} INFO - [2024-12-21T04:37:36.229+0000] {dag.py:3340} INFO - Setting next_dagrun for tutorial_dag to None, run_after=None
[2024-12-21T04:37:36.267+0000] {processor.py:176} INFO - Processing /home/airflow/.local/lib/python3.7/site-packages/airflow/example_dags/tutorial_dag.py took 0.464 seconds
[2024-12-21T04:38:06.827+0000] {processor.py:154} INFO - Started process (PID=115) to work on /home/airflow/.local/lib/python3.7/site-packages/airflow/example_dags/tutorial_dag.py
[2024-12-21T04:38:06.828+0000] {processor.py:756} INFO - Processing file /home/airflow/.local/lib/python3.7/site-packages/airflow/example_dags/tutorial_dag.py for tasks to queue
[2024-12-21T04:38:06.829+0000] {logging_mixin.py:120} INFO - [2024-12-21T04:38:06.829+0000] {dagbag.py:537} INFO - Filling up the DagBag from /home/airflow/.local/lib/python3.7/site-packages/airflow/example_dags/tutorial_dag.py
[2024-12-21T04:38:06.845+0000] {processor.py:766} INFO - DAG(s) dict_keys(['tutorial_dag']) retrieved from /home/airflow/.local/lib/python3.7/site-packages/airflow/example_dags/tutorial_dag.py
[2024-12-21T04:38:06.883+0000] {logging_mixin.py:120} INFO - [2024-12-21T04:38:06.883+0000] {dag.py:2585} INFO - Sync 1 DAGs
[2024-12-21T04:38:06.910+0000] {logging_mixin.py:120} INFO - [2024-12-21T04:38:06.910+0000] {dag.py:3340} INFO - Setting next_dagrun for tutorial_dag to None, run_after=None
[2024-12-21T04:38:06.924+0000] {processor.py:176} INFO - Processing /home/airflow/.local/lib/python3.7/site-packages/airflow/example_dags/tutorial_dag.py took 0.100 seconds
[2024-12-21T04:38:37.498+0000] {processor.py:154} INFO - Started process (PID=170) to work on /home/airflow/.local/lib/python3.7/site-packages/airflow/example_dags/tutorial_dag.py
[2024-12-21T04:38:37.499+0000] {processor.py:756} INFO - Processing file /home/airflow/.local/lib/python3.7/site-packages/airflow/example_dags/tutorial_dag.py for tasks to queue
[2024-12-21T04:38:37.503+0000] {logging_mixin.py:120} INFO - [2024-12-21T04:38:37.503+0000] {dagbag.py:537} INFO - Filling up the DagBag from /home/airflow/.local/lib/python3.7/site-packages/airflow/example_dags/tutorial_dag.py
[2024-12-21T04:38:37.517+0000] {processor.py:766} INFO - DAG(s) dict_keys(['tutorial_dag']) retrieved from /home/airflow/.local/lib/python3.7/site-packages/airflow/example_dags/tutorial_dag.py
[2024-12-21T04:38:37.551+0000] {logging_mixin.py:120} INFO - [2024-12-21T04:38:37.551+0000] {dag.py:2585} INFO - Sync 1 DAGs
[2024-12-21T04:38:37.575+0000] {logging_mixin.py:120} INFO - [2024-12-21T04:38:37.575+0000] {dag.py:3340} INFO - Setting next_dagrun for tutorial_dag to None, run_after=None
[2024-12-21T04:38:37.596+0000] {processor.py:176} INFO - Processing /home/airflow/.local/lib/python3.7/site-packages/airflow/example_dags/tutorial_dag.py took 0.101 seconds
[2024-12-21T04:39:07.695+0000] {processor.py:154} INFO - Started process (PID=233) to work on /home/airflow/.local/lib/python3.7/site-packages/airflow/example_dags/tutorial_dag.py
[2024-12-21T04:39:07.698+0000] {processor.py:756} INFO - Processing file /home/airflow/.local/lib/python3.7/site-packages/airflow/example_dags/tutorial_dag.py for tasks to queue
[2024-12-21T04:39:07.699+0000] {logging_mixin.py:120} INFO - [2024-12-21T04:39:07.698+0000] {dagbag.py:537} INFO - Filling up the DagBag from /home/airflow/.local/lib/python3.7/site-packages/airflow/example_dags/tutorial_dag.py
[2024-12-21T04:39:07.710+0000] {processor.py:766} INFO - DAG(s) dict_keys(['tutorial_dag']) retrieved from /home/airflow/.local/lib/python3.7/site-packages/airflow/example_dags/tutorial_dag.py
[2024-12-21T04:39:07.768+0000] {logging_mixin.py:120} INFO - [2024-12-21T04:39:07.767+0000] {dag.py:2585} INFO - Sync 1 DAGs
[2024-12-21T04:39:07.790+0000] {logging_mixin.py:120} INFO - [2024-12-21T04:39:07.790+0000] {dag.py:3340} INFO - Setting next_dagrun for tutorial_dag to None, run_after=None
[2024-12-21T04:39:07.814+0000] {processor.py:176} INFO - Processing /home/airflow/.local/lib/python3.7/site-packages/airflow/example_dags/tutorial_dag.py took 0.122 seconds
[2024-12-21T04:39:38.207+0000] {processor.py:154} INFO - Started process (PID=296) to work on /home/airflow/.local/lib/python3.7/site-packages/airflow/example_dags/tutorial_dag.py
[2024-12-21T04:39:38.208+0000] {processor.py:756} INFO - Processing file /home/airflow/.local/lib/python3.7/site-packages/airflow/example_dags/tutorial_dag.py for tasks to queue
[2024-12-21T04:39:38.209+0000] {logging_mixin.py:120} INFO - [2024-12-21T04:39:38.208+0000] {dagbag.py:537} INFO - Filling up the DagBag from /home/airflow/.local/lib/python3.7/site-packages/airflow/example_dags/tutorial_dag.py
[2024-12-21T04:39:38.224+0000] {processor.py:766} INFO - DAG(s) dict_keys(['tutorial_dag']) retrieved from /home/airflow/.local/lib/python3.7/site-packages/airflow/example_dags/tutorial_dag.py
[2024-12-21T04:39:38.267+0000] {logging_mixin.py:120} INFO - [2024-12-21T04:39:38.267+0000] {dag.py:2585} INFO - Sync 1 DAGs
[2024-12-21T04:39:38.298+0000] {logging_mixin.py:120} INFO - [2024-12-21T04:39:38.298+0000] {dag.py:3340} INFO - Setting next_dagrun for tutorial_dag to None, run_after=None
[2024-12-21T04:39:38.322+0000] {processor.py:176} INFO - Processing /home/airflow/.local/lib/python3.7/site-packages/airflow/example_dags/tutorial_dag.py took 0.119 seconds
[2024-12-21T04:40:08.390+0000] {processor.py:154} INFO - Started process (PID=350) to work on /home/airflow/.local/lib/python3.7/site-packages/airflow/example_dags/tutorial_dag.py
[2024-12-21T04:40:08.390+0000] {processor.py:756} INFO - Processing file /home/airflow/.local/lib/python3.7/site-packages/airflow/example_dags/tutorial_dag.py for tasks to queue
[2024-12-21T04:40:08.391+0000] {logging_mixin.py:120} INFO - [2024-12-21T04:40:08.391+0000] {dagbag.py:537} INFO - Filling up the DagBag from /home/airflow/.local/lib/python3.7/site-packages/airflow/example_dags/tutorial_dag.py
[2024-12-21T04:40:08.401+0000] {processor.py:766} INFO - DAG(s) dict_keys(['tutorial_dag']) retrieved from /home/airflow/.local/lib/python3.7/site-packages/airflow/example_dags/tutorial_dag.py
[2024-12-21T04:40:08.430+0000] {logging_mixin.py:120} INFO - [2024-12-21T04:40:08.429+0000] {dag.py:2585} INFO - Sync 1 DAGs
[2024-12-21T04:40:08.448+0000] {logging_mixin.py:120} INFO - [2024-12-21T04:40:08.448+0000] {dag.py:3340} INFO - Setting next_dagrun for tutorial_dag to None, run_after=None
[2024-12-21T04:40:08.461+0000] {processor.py:176} INFO - Processing /home/airflow/.local/lib/python3.7/site-packages/airflow/example_dags/tutorial_dag.py took 0.073 seconds
[2024-12-21T04:40:39.164+0000] {processor.py:154} INFO - Started process (PID=413) to work on /home/airflow/.local/lib/python3.7/site-packages/airflow/example_dags/tutorial_dag.py
[2024-12-21T04:40:39.169+0000] {processor.py:756} INFO - Processing file /home/airflow/.local/lib/python3.7/site-packages/airflow/example_dags/tutorial_dag.py for tasks to queue
[2024-12-21T04:40:39.172+0000] {logging_mixin.py:120} INFO - [2024-12-21T04:40:39.172+0000] {dagbag.py:537} INFO - Filling up the DagBag from /home/airflow/.local/lib/python3.7/site-packages/airflow/example_dags/tutorial_dag.py
[2024-12-21T04:40:39.187+0000] {processor.py:766} INFO - DAG(s) dict_keys(['tutorial_dag']) retrieved from /home/airflow/.local/lib/python3.7/site-packages/airflow/example_dags/tutorial_dag.py
[2024-12-21T04:40:39.225+0000] {logging_mixin.py:120} INFO - [2024-12-21T04:40:39.224+0000] {dag.py:2585} INFO - Sync 1 DAGs
[2024-12-21T04:40:39.247+0000] {logging_mixin.py:120} INFO - [2024-12-21T04:40:39.247+0000] {dag.py:3340} INFO - Setting next_dagrun for tutorial_dag to None, run_after=None
[2024-12-21T04:40:39.264+0000] {processor.py:176} INFO - Processing /home/airflow/.local/lib/python3.7/site-packages/airflow/example_dags/tutorial_dag.py took 0.102 seconds
[2024-12-21T04:41:09.487+0000] {processor.py:154} INFO - Started process (PID=476) to work on /home/airflow/.local/lib/python3.7/site-packages/airflow/example_dags/tutorial_dag.py
[2024-12-21T04:41:09.489+0000] {processor.py:756} INFO - Processing file /home/airflow/.local/lib/python3.7/site-packages/airflow/example_dags/tutorial_dag.py for tasks to queue
[2024-12-21T04:41:09.490+0000] {logging_mixin.py:120} INFO - [2024-12-21T04:41:09.490+0000] {dagbag.py:537} INFO - Filling up the DagBag from /home/airflow/.local/lib/python3.7/site-packages/airflow/example_dags/tutorial_dag.py
[2024-12-21T04:41:09.511+0000] {processor.py:766} INFO - DAG(s) dict_keys(['tutorial_dag']) retrieved from /home/airflow/.local/lib/python3.7/site-packages/airflow/example_dags/tutorial_dag.py
[2024-12-21T04:41:09.556+0000] {logging_mixin.py:120} INFO - [2024-12-21T04:41:09.556+0000] {dag.py:2585} INFO - Sync 1 DAGs
[2024-12-21T04:41:09.582+0000] {logging_mixin.py:120} INFO - [2024-12-21T04:41:09.582+0000] {dag.py:3340} INFO - Setting next_dagrun for tutorial_dag to None, run_after=None
[2024-12-21T04:41:09.606+0000] {processor.py:176} INFO - Processing /home/airflow/.local/lib/python3.7/site-packages/airflow/example_dags/tutorial_dag.py took 0.123 seconds
[2024-12-21T04:41:39.839+0000] {processor.py:154} INFO - Started process (PID=530) to work on /home/airflow/.local/lib/python3.7/site-packages/airflow/example_dags/tutorial_dag.py
[2024-12-21T04:41:39.840+0000] {processor.py:756} INFO - Processing file /home/airflow/.local/lib/python3.7/site-packages/airflow/example_dags/tutorial_dag.py for tasks to queue
[2024-12-21T04:41:39.840+0000] {logging_mixin.py:120} INFO - [2024-12-21T04:41:39.840+0000] {dagbag.py:537} INFO - Filling up the DagBag from /home/airflow/.local/lib/python3.7/site-packages/airflow/example_dags/tutorial_dag.py
[2024-12-21T04:41:39.850+0000] {processor.py:766} INFO - DAG(s) dict_keys(['tutorial_dag']) retrieved from /home/airflow/.local/lib/python3.7/site-packages/airflow/example_dags/tutorial_dag.py
[2024-12-21T04:41:39.878+0000] {logging_mixin.py:120} INFO - [2024-12-21T04:41:39.878+0000] {dag.py:2585} INFO - Sync 1 DAGs
[2024-12-21T04:41:39.895+0000] {logging_mixin.py:120} INFO - [2024-12-21T04:41:39.895+0000] {dag.py:3340} INFO - Setting next_dagrun for tutorial_dag to None, run_after=None
[2024-12-21T04:41:39.907+0000] {processor.py:176} INFO - Processing /home/airflow/.local/lib/python3.7/site-packages/airflow/example_dags/tutorial_dag.py took 0.070 seconds
[2024-12-21T04:42:10.438+0000] {processor.py:154} INFO - Started process (PID=593) to work on /home/airflow/.local/lib/python3.7/site-packages/airflow/example_dags/tutorial_dag.py
[2024-12-21T04:42:10.439+0000] {processor.py:756} INFO - Processing file /home/airflow/.local/lib/python3.7/site-packages/airflow/example_dags/tutorial_dag.py for tasks to queue
[2024-12-21T04:42:10.440+0000] {logging_mixin.py:120} INFO - [2024-12-21T04:42:10.440+0000] {dagbag.py:537} INFO - Filling up the DagBag from /home/airflow/.local/lib/python3.7/site-packages/airflow/example_dags/tutorial_dag.py
[2024-12-21T04:42:10.453+0000] {processor.py:766} INFO - DAG(s) dict_keys(['tutorial_dag']) retrieved from /home/airflow/.local/lib/python3.7/site-packages/airflow/example_dags/tutorial_dag.py
[2024-12-21T04:42:10.490+0000] {logging_mixin.py:120} INFO - [2024-12-21T04:42:10.490+0000] {dag.py:2585} INFO - Sync 1 DAGs
[2024-12-21T04:42:10.512+0000] {logging_mixin.py:120} INFO - [2024-12-21T04:42:10.512+0000] {dag.py:3340} INFO - Setting next_dagrun for tutorial_dag to None, run_after=None
[2024-12-21T04:42:10.526+0000] {processor.py:176} INFO - Processing /home/airflow/.local/lib/python3.7/site-packages/airflow/example_dags/tutorial_dag.py took 0.091 seconds
[2024-12-21T04:42:40.912+0000] {processor.py:154} INFO - Started process (PID=656) to work on /home/airflow/.local/lib/python3.7/site-packages/airflow/example_dags/tutorial_dag.py
[2024-12-21T04:42:40.915+0000] {processor.py:756} INFO - Processing file /home/airflow/.local/lib/python3.7/site-packages/airflow/example_dags/tutorial_dag.py for tasks to queue
[2024-12-21T04:42:40.916+0000] {logging_mixin.py:120} INFO - [2024-12-21T04:42:40.915+0000] {dagbag.py:537} INFO - Filling up the DagBag from /home/airflow/.local/lib/python3.7/site-packages/airflow/example_dags/tutorial_dag.py
[2024-12-21T04:42:40.925+0000] {processor.py:766} INFO - DAG(s) dict_keys(['tutorial_dag']) retrieved from /home/airflow/.local/lib/python3.7/site-packages/airflow/example_dags/tutorial_dag.py
[2024-12-21T04:42:40.960+0000] {logging_mixin.py:120} INFO - [2024-12-21T04:42:40.960+0000] {dag.py:2585} INFO - Sync 1 DAGs
[2024-12-21T04:42:40.982+0000] {logging_mixin.py:120} INFO - [2024-12-21T04:42:40.982+0000] {dag.py:3340} INFO - Setting next_dagrun for tutorial_dag to None, run_after=None
[2024-12-21T04:42:40.996+0000] {processor.py:176} INFO - Processing /home/airflow/.local/lib/python3.7/site-packages/airflow/example_dags/tutorial_dag.py took 0.086 seconds
[2024-12-21T04:43:11.481+0000] {processor.py:154} INFO - Started process (PID=710) to work on /home/airflow/.local/lib/python3.7/site-packages/airflow/example_dags/tutorial_dag.py
[2024-12-21T04:43:11.484+0000] {processor.py:756} INFO - Processing file /home/airflow/.local/lib/python3.7/site-packages/airflow/example_dags/tutorial_dag.py for tasks to queue
[2024-12-21T04:43:11.485+0000] {logging_mixin.py:120} INFO - [2024-12-21T04:43:11.484+0000] {dagbag.py:537} INFO - Filling up the DagBag from /home/airflow/.local/lib/python3.7/site-packages/airflow/example_dags/tutorial_dag.py
[2024-12-21T04:43:11.497+0000] {processor.py:766} INFO - DAG(s) dict_keys(['tutorial_dag']) retrieved from /home/airflow/.local/lib/python3.7/site-packages/airflow/example_dags/tutorial_dag.py
[2024-12-21T04:43:11.532+0000] {logging_mixin.py:120} INFO - [2024-12-21T04:43:11.532+0000] {dag.py:2585} INFO - Sync 1 DAGs
[2024-12-21T04:43:11.553+0000] {logging_mixin.py:120} INFO - [2024-12-21T04:43:11.553+0000] {dag.py:3340} INFO - Setting next_dagrun for tutorial_dag to None, run_after=None
[2024-12-21T04:43:11.570+0000] {processor.py:176} INFO - Processing /home/airflow/.local/lib/python3.7/site-packages/airflow/example_dags/tutorial_dag.py took 0.091 seconds
[2024-12-21T04:43:42.046+0000] {processor.py:154} INFO - Started process (PID=773) to work on /home/airflow/.local/lib/python3.7/site-packages/airflow/example_dags/tutorial_dag.py
[2024-12-21T04:43:42.047+0000] {processor.py:756} INFO - Processing file /home/airflow/.local/lib/python3.7/site-packages/airflow/example_dags/tutorial_dag.py for tasks to queue
[2024-12-21T04:43:42.047+0000] {logging_mixin.py:120} INFO - [2024-12-21T04:43:42.047+0000] {dagbag.py:537} INFO - Filling up the DagBag from /home/airflow/.local/lib/python3.7/site-packages/airflow/example_dags/tutorial_dag.py
[2024-12-21T04:43:42.058+0000] {processor.py:766} INFO - DAG(s) dict_keys(['tutorial_dag']) retrieved from /home/airflow/.local/lib/python3.7/site-packages/airflow/example_dags/tutorial_dag.py
[2024-12-21T04:43:42.098+0000] {logging_mixin.py:120} INFO - [2024-12-21T04:43:42.098+0000] {dag.py:2585} INFO - Sync 1 DAGs
[2024-12-21T04:43:42.118+0000] {logging_mixin.py:120} INFO - [2024-12-21T04:43:42.118+0000] {dag.py:3340} INFO - Setting next_dagrun for tutorial_dag to None, run_after=None
[2024-12-21T04:43:42.134+0000] {processor.py:176} INFO - Processing /home/airflow/.local/lib/python3.7/site-packages/airflow/example_dags/tutorial_dag.py took 0.091 seconds
[2024-12-21T04:44:13.079+0000] {processor.py:154} INFO - Started process (PID=836) to work on /home/airflow/.local/lib/python3.7/site-packages/airflow/example_dags/tutorial_dag.py
[2024-12-21T04:44:13.080+0000] {processor.py:756} INFO - Processing file /home/airflow/.local/lib/python3.7/site-packages/airflow/example_dags/tutorial_dag.py for tasks to queue
[2024-12-21T04:44:13.081+0000] {logging_mixin.py:120} INFO - [2024-12-21T04:44:13.081+0000] {dagbag.py:537} INFO - Filling up the DagBag from /home/airflow/.local/lib/python3.7/site-packages/airflow/example_dags/tutorial_dag.py
[2024-12-21T04:44:13.096+0000] {processor.py:766} INFO - DAG(s) dict_keys(['tutorial_dag']) retrieved from /home/airflow/.local/lib/python3.7/site-packages/airflow/example_dags/tutorial_dag.py
[2024-12-21T04:44:13.162+0000] {logging_mixin.py:120} INFO - [2024-12-21T04:44:13.162+0000] {dag.py:2585} INFO - Sync 1 DAGs
[2024-12-21T04:44:13.187+0000] {logging_mixin.py:120} INFO - [2024-12-21T04:44:13.187+0000] {dag.py:3340} INFO - Setting next_dagrun for tutorial_dag to None, run_after=None
[2024-12-21T04:44:13.206+0000] {processor.py:176} INFO - Processing /home/airflow/.local/lib/python3.7/site-packages/airflow/example_dags/tutorial_dag.py took 0.130 seconds
[2024-12-21T04:44:46.172+0000] {processor.py:154} INFO - Started process (PID=899) to work on /home/airflow/.local/lib/python3.7/site-packages/airflow/example_dags/tutorial_dag.py
[2024-12-21T04:44:46.174+0000] {processor.py:756} INFO - Processing file /home/airflow/.local/lib/python3.7/site-packages/airflow/example_dags/tutorial_dag.py for tasks to queue
[2024-12-21T04:44:46.175+0000] {logging_mixin.py:120} INFO - [2024-12-21T04:44:46.175+0000] {dagbag.py:537} INFO - Filling up the DagBag from /home/airflow/.local/lib/python3.7/site-packages/airflow/example_dags/tutorial_dag.py
[2024-12-21T04:44:46.196+0000] {processor.py:766} INFO - DAG(s) dict_keys(['tutorial_dag']) retrieved from /home/airflow/.local/lib/python3.7/site-packages/airflow/example_dags/tutorial_dag.py
[2024-12-21T04:44:46.251+0000] {logging_mixin.py:120} INFO - [2024-12-21T04:44:46.251+0000] {dag.py:2585} INFO - Sync 1 DAGs
[2024-12-21T04:44:46.286+0000] {logging_mixin.py:120} INFO - [2024-12-21T04:44:46.286+0000] {dag.py:3340} INFO - Setting next_dagrun for tutorial_dag to None, run_after=None
[2024-12-21T04:44:46.319+0000] {processor.py:176} INFO - Processing /home/airflow/.local/lib/python3.7/site-packages/airflow/example_dags/tutorial_dag.py took 0.154 seconds
[2024-12-21T04:45:17.038+0000] {processor.py:154} INFO - Started process (PID=953) to work on /home/airflow/.local/lib/python3.7/site-packages/airflow/example_dags/tutorial_dag.py
[2024-12-21T04:45:17.040+0000] {processor.py:756} INFO - Processing file /home/airflow/.local/lib/python3.7/site-packages/airflow/example_dags/tutorial_dag.py for tasks to queue
[2024-12-21T04:45:17.041+0000] {logging_mixin.py:120} INFO - [2024-12-21T04:45:17.040+0000] {dagbag.py:537} INFO - Filling up the DagBag from /home/airflow/.local/lib/python3.7/site-packages/airflow/example_dags/tutorial_dag.py
[2024-12-21T04:45:17.060+0000] {processor.py:766} INFO - DAG(s) dict_keys(['tutorial_dag']) retrieved from /home/airflow/.local/lib/python3.7/site-packages/airflow/example_dags/tutorial_dag.py
[2024-12-21T04:45:17.103+0000] {logging_mixin.py:120} INFO - [2024-12-21T04:45:17.103+0000] {dag.py:2585} INFO - Sync 1 DAGs
[2024-12-21T04:45:17.125+0000] {logging_mixin.py:120} INFO - [2024-12-21T04:45:17.124+0000] {dag.py:3340} INFO - Setting next_dagrun for tutorial_dag to None, run_after=None
[2024-12-21T04:45:17.139+0000] {processor.py:176} INFO - Processing /home/airflow/.local/lib/python3.7/site-packages/airflow/example_dags/tutorial_dag.py took 0.106 seconds
[2024-12-21T04:45:47.818+0000] {processor.py:154} INFO - Started process (PID=1016) to work on /home/airflow/.local/lib/python3.7/site-packages/airflow/example_dags/tutorial_dag.py
[2024-12-21T04:45:47.819+0000] {processor.py:756} INFO - Processing file /home/airflow/.local/lib/python3.7/site-packages/airflow/example_dags/tutorial_dag.py for tasks to queue
[2024-12-21T04:45:47.821+0000] {logging_mixin.py:120} INFO - [2024-12-21T04:45:47.821+0000] {dagbag.py:537} INFO - Filling up the DagBag from /home/airflow/.local/lib/python3.7/site-packages/airflow/example_dags/tutorial_dag.py
[2024-12-21T04:45:47.834+0000] {processor.py:766} INFO - DAG(s) dict_keys(['tutorial_dag']) retrieved from /home/airflow/.local/lib/python3.7/site-packages/airflow/example_dags/tutorial_dag.py
[2024-12-21T04:45:47.871+0000] {logging_mixin.py:120} INFO - [2024-12-21T04:45:47.870+0000] {dag.py:2585} INFO - Sync 1 DAGs
[2024-12-21T04:45:47.890+0000] {logging_mixin.py:120} INFO - [2024-12-21T04:45:47.889+0000] {dag.py:3340} INFO - Setting next_dagrun for tutorial_dag to None, run_after=None
[2024-12-21T04:45:47.904+0000] {processor.py:176} INFO - Processing /home/airflow/.local/lib/python3.7/site-packages/airflow/example_dags/tutorial_dag.py took 0.091 seconds
[2024-12-21T04:46:18.307+0000] {processor.py:154} INFO - Started process (PID=1079) to work on /home/airflow/.local/lib/python3.7/site-packages/airflow/example_dags/tutorial_dag.py
[2024-12-21T04:46:18.308+0000] {processor.py:756} INFO - Processing file /home/airflow/.local/lib/python3.7/site-packages/airflow/example_dags/tutorial_dag.py for tasks to queue
[2024-12-21T04:46:18.309+0000] {logging_mixin.py:120} INFO - [2024-12-21T04:46:18.309+0000] {dagbag.py:537} INFO - Filling up the DagBag from /home/airflow/.local/lib/python3.7/site-packages/airflow/example_dags/tutorial_dag.py
[2024-12-21T04:46:18.560+0000] {processor.py:766} INFO - DAG(s) dict_keys(['tutorial_dag']) retrieved from /home/airflow/.local/lib/python3.7/site-packages/airflow/example_dags/tutorial_dag.py
[2024-12-21T04:46:18.797+0000] {logging_mixin.py:120} INFO - [2024-12-21T04:46:18.797+0000] {dag.py:2585} INFO - Sync 1 DAGs
[2024-12-21T04:46:18.870+0000] {logging_mixin.py:120} INFO - [2024-12-21T04:46:18.870+0000] {dag.py:3340} INFO - Setting next_dagrun for tutorial_dag to None, run_after=None
[2024-12-21T04:46:18.901+0000] {processor.py:176} INFO - Processing /home/airflow/.local/lib/python3.7/site-packages/airflow/example_dags/tutorial_dag.py took 0.597 seconds
[2024-12-21T04:46:48.995+0000] {processor.py:154} INFO - Started process (PID=1133) to work on /home/airflow/.local/lib/python3.7/site-packages/airflow/example_dags/tutorial_dag.py
[2024-12-21T04:46:48.998+0000] {processor.py:756} INFO - Processing file /home/airflow/.local/lib/python3.7/site-packages/airflow/example_dags/tutorial_dag.py for tasks to queue
[2024-12-21T04:46:48.999+0000] {logging_mixin.py:120} INFO - [2024-12-21T04:46:48.999+0000] {dagbag.py:537} INFO - Filling up the DagBag from /home/airflow/.local/lib/python3.7/site-packages/airflow/example_dags/tutorial_dag.py
[2024-12-21T04:46:49.016+0000] {processor.py:766} INFO - DAG(s) dict_keys(['tutorial_dag']) retrieved from /home/airflow/.local/lib/python3.7/site-packages/airflow/example_dags/tutorial_dag.py
[2024-12-21T04:46:49.055+0000] {logging_mixin.py:120} INFO - [2024-12-21T04:46:49.055+0000] {dag.py:2585} INFO - Sync 1 DAGs
[2024-12-21T04:46:49.078+0000] {logging_mixin.py:120} INFO - [2024-12-21T04:46:49.078+0000] {dag.py:3340} INFO - Setting next_dagrun for tutorial_dag to None, run_after=None
[2024-12-21T04:46:49.099+0000] {processor.py:176} INFO - Processing /home/airflow/.local/lib/python3.7/site-packages/airflow/example_dags/tutorial_dag.py took 0.111 seconds
[2024-12-21T04:47:19.547+0000] {processor.py:154} INFO - Started process (PID=1196) to work on /home/airflow/.local/lib/python3.7/site-packages/airflow/example_dags/tutorial_dag.py
[2024-12-21T04:47:19.549+0000] {processor.py:756} INFO - Processing file /home/airflow/.local/lib/python3.7/site-packages/airflow/example_dags/tutorial_dag.py for tasks to queue
[2024-12-21T04:47:19.549+0000] {logging_mixin.py:120} INFO - [2024-12-21T04:47:19.549+0000] {dagbag.py:537} INFO - Filling up the DagBag from /home/airflow/.local/lib/python3.7/site-packages/airflow/example_dags/tutorial_dag.py
[2024-12-21T04:47:19.567+0000] {processor.py:766} INFO - DAG(s) dict_keys(['tutorial_dag']) retrieved from /home/airflow/.local/lib/python3.7/site-packages/airflow/example_dags/tutorial_dag.py
[2024-12-21T04:47:19.650+0000] {logging_mixin.py:120} INFO - [2024-12-21T04:47:19.650+0000] {dag.py:2585} INFO - Sync 1 DAGs
[2024-12-21T04:47:19.676+0000] {logging_mixin.py:120} INFO - [2024-12-21T04:47:19.675+0000] {dag.py:3340} INFO - Setting next_dagrun for tutorial_dag to None, run_after=None
[2024-12-21T04:47:19.694+0000] {processor.py:176} INFO - Processing /home/airflow/.local/lib/python3.7/site-packages/airflow/example_dags/tutorial_dag.py took 0.154 seconds
[2024-12-21T04:47:50.211+0000] {processor.py:154} INFO - Started process (PID=1259) to work on /home/airflow/.local/lib/python3.7/site-packages/airflow/example_dags/tutorial_dag.py
[2024-12-21T04:47:50.214+0000] {processor.py:756} INFO - Processing file /home/airflow/.local/lib/python3.7/site-packages/airflow/example_dags/tutorial_dag.py for tasks to queue
[2024-12-21T04:47:50.215+0000] {logging_mixin.py:120} INFO - [2024-12-21T04:47:50.215+0000] {dagbag.py:537} INFO - Filling up the DagBag from /home/airflow/.local/lib/python3.7/site-packages/airflow/example_dags/tutorial_dag.py
[2024-12-21T04:47:50.226+0000] {processor.py:766} INFO - DAG(s) dict_keys(['tutorial_dag']) retrieved from /home/airflow/.local/lib/python3.7/site-packages/airflow/example_dags/tutorial_dag.py
[2024-12-21T04:47:50.260+0000] {logging_mixin.py:120} INFO - [2024-12-21T04:47:50.259+0000] {dag.py:2585} INFO - Sync 1 DAGs
[2024-12-21T04:47:50.279+0000] {logging_mixin.py:120} INFO - [2024-12-21T04:47:50.279+0000] {dag.py:3340} INFO - Setting next_dagrun for tutorial_dag to None, run_after=None
[2024-12-21T04:47:50.293+0000] {processor.py:176} INFO - Processing /home/airflow/.local/lib/python3.7/site-packages/airflow/example_dags/tutorial_dag.py took 0.085 seconds
[2024-12-21T04:48:20.383+0000] {processor.py:154} INFO - Started process (PID=1322) to work on /home/airflow/.local/lib/python3.7/site-packages/airflow/example_dags/tutorial_dag.py
[2024-12-21T04:48:20.384+0000] {processor.py:756} INFO - Processing file /home/airflow/.local/lib/python3.7/site-packages/airflow/example_dags/tutorial_dag.py for tasks to queue
[2024-12-21T04:48:20.385+0000] {logging_mixin.py:120} INFO - [2024-12-21T04:48:20.385+0000] {dagbag.py:537} INFO - Filling up the DagBag from /home/airflow/.local/lib/python3.7/site-packages/airflow/example_dags/tutorial_dag.py
[2024-12-21T04:48:20.401+0000] {processor.py:766} INFO - DAG(s) dict_keys(['tutorial_dag']) retrieved from /home/airflow/.local/lib/python3.7/site-packages/airflow/example_dags/tutorial_dag.py
[2024-12-21T04:48:20.465+0000] {logging_mixin.py:120} INFO - [2024-12-21T04:48:20.465+0000] {dag.py:2585} INFO - Sync 1 DAGs
[2024-12-21T04:48:20.500+0000] {logging_mixin.py:120} INFO - [2024-12-21T04:48:20.500+0000] {dag.py:3340} INFO - Setting next_dagrun for tutorial_dag to None, run_after=None
[2024-12-21T04:48:20.521+0000] {processor.py:176} INFO - Processing /home/airflow/.local/lib/python3.7/site-packages/airflow/example_dags/tutorial_dag.py took 0.141 seconds
[2024-12-21T04:48:50.650+0000] {processor.py:154} INFO - Started process (PID=1376) to work on /home/airflow/.local/lib/python3.7/site-packages/airflow/example_dags/tutorial_dag.py
[2024-12-21T04:48:50.651+0000] {processor.py:756} INFO - Processing file /home/airflow/.local/lib/python3.7/site-packages/airflow/example_dags/tutorial_dag.py for tasks to queue
[2024-12-21T04:48:50.652+0000] {logging_mixin.py:120} INFO - [2024-12-21T04:48:50.652+0000] {dagbag.py:537} INFO - Filling up the DagBag from /home/airflow/.local/lib/python3.7/site-packages/airflow/example_dags/tutorial_dag.py
[2024-12-21T04:48:50.662+0000] {processor.py:766} INFO - DAG(s) dict_keys(['tutorial_dag']) retrieved from /home/airflow/.local/lib/python3.7/site-packages/airflow/example_dags/tutorial_dag.py
[2024-12-21T04:48:50.698+0000] {logging_mixin.py:120} INFO - [2024-12-21T04:48:50.698+0000] {dag.py:2585} INFO - Sync 1 DAGs
[2024-12-21T04:48:50.721+0000] {logging_mixin.py:120} INFO - [2024-12-21T04:48:50.721+0000] {dag.py:3340} INFO - Setting next_dagrun for tutorial_dag to None, run_after=None
[2024-12-21T04:48:50.737+0000] {processor.py:176} INFO - Processing /home/airflow/.local/lib/python3.7/site-packages/airflow/example_dags/tutorial_dag.py took 0.089 seconds
[2024-12-21T04:49:21.343+0000] {processor.py:154} INFO - Started process (PID=1439) to work on /home/airflow/.local/lib/python3.7/site-packages/airflow/example_dags/tutorial_dag.py
[2024-12-21T04:49:21.343+0000] {processor.py:756} INFO - Processing file /home/airflow/.local/lib/python3.7/site-packages/airflow/example_dags/tutorial_dag.py for tasks to queue
[2024-12-21T04:49:21.345+0000] {logging_mixin.py:120} INFO - [2024-12-21T04:49:21.345+0000] {dagbag.py:537} INFO - Filling up the DagBag from /home/airflow/.local/lib/python3.7/site-packages/airflow/example_dags/tutorial_dag.py
[2024-12-21T04:49:21.358+0000] {processor.py:766} INFO - DAG(s) dict_keys(['tutorial_dag']) retrieved from /home/airflow/.local/lib/python3.7/site-packages/airflow/example_dags/tutorial_dag.py
[2024-12-21T04:49:21.397+0000] {logging_mixin.py:120} INFO - [2024-12-21T04:49:21.397+0000] {dag.py:2585} INFO - Sync 1 DAGs
[2024-12-21T04:49:21.421+0000] {logging_mixin.py:120} INFO - [2024-12-21T04:49:21.421+0000] {dag.py:3340} INFO - Setting next_dagrun for tutorial_dag to None, run_after=None
[2024-12-21T04:49:21.449+0000] {processor.py:176} INFO - Processing /home/airflow/.local/lib/python3.7/site-packages/airflow/example_dags/tutorial_dag.py took 0.109 seconds
