[2024-12-21T04:37:39.010+0000] {processor.py:154} INFO - Started process (PID=62) to work on /home/airflow/.local/lib/python3.7/site-packages/airflow/example_dags/tutorial_taskflow_api_virtualenv.py
[2024-12-21T04:37:39.014+0000] {processor.py:756} INFO - Processing file /home/airflow/.local/lib/python3.7/site-packages/airflow/example_dags/tutorial_taskflow_api_virtualenv.py for tasks to queue
[2024-12-21T04:37:39.019+0000] {logging_mixin.py:120} INFO - [2024-12-21T04:37:39.018+0000] {dagbag.py:537} INFO - Filling up the DagBag from /home/airflow/.local/lib/python3.7/site-packages/airflow/example_dags/tutorial_taskflow_api_virtualenv.py
[2024-12-21T04:37:39.089+0000] {processor.py:766} INFO - DAG(s) dict_keys(['tutorial_taskflow_api_virtualenv']) retrieved from /home/airflow/.local/lib/python3.7/site-packages/airflow/example_dags/tutorial_taskflow_api_virtualenv.py
[2024-12-21T04:37:39.696+0000] {logging_mixin.py:120} INFO - [2024-12-21T04:37:39.695+0000] {manager.py:507} INFO - Created Permission View: can delete on DAG:tutorial_taskflow_api_virtualenv
[2024-12-21T04:37:39.730+0000] {logging_mixin.py:120} INFO - [2024-12-21T04:37:39.729+0000] {manager.py:507} INFO - Created Permission View: can edit on DAG:tutorial_taskflow_api_virtualenv
[2024-12-21T04:37:39.770+0000] {logging_mixin.py:120} INFO - [2024-12-21T04:37:39.770+0000] {manager.py:507} INFO - Created Permission View: can read on DAG:tutorial_taskflow_api_virtualenv
[2024-12-21T04:37:39.772+0000] {logging_mixin.py:120} INFO - [2024-12-21T04:37:39.772+0000] {dag.py:2585} INFO - Sync 1 DAGs
[2024-12-21T04:37:39.815+0000] {logging_mixin.py:120} INFO - [2024-12-21T04:37:39.815+0000] {dag.py:2606} INFO - Creating ORM DAG for tutorial_taskflow_api_virtualenv
[2024-12-21T04:37:39.834+0000] {logging_mixin.py:120} INFO - [2024-12-21T04:37:39.834+0000] {dag.py:3340} INFO - Setting next_dagrun for tutorial_taskflow_api_virtualenv to None, run_after=None
[2024-12-21T04:37:39.881+0000] {processor.py:176} INFO - Processing /home/airflow/.local/lib/python3.7/site-packages/airflow/example_dags/tutorial_taskflow_api_virtualenv.py took 0.884 seconds
[2024-12-21T04:38:10.528+0000] {processor.py:154} INFO - Started process (PID=125) to work on /home/airflow/.local/lib/python3.7/site-packages/airflow/example_dags/tutorial_taskflow_api_virtualenv.py
[2024-12-21T04:38:10.530+0000] {processor.py:756} INFO - Processing file /home/airflow/.local/lib/python3.7/site-packages/airflow/example_dags/tutorial_taskflow_api_virtualenv.py for tasks to queue
[2024-12-21T04:38:10.532+0000] {logging_mixin.py:120} INFO - [2024-12-21T04:38:10.532+0000] {dagbag.py:537} INFO - Filling up the DagBag from /home/airflow/.local/lib/python3.7/site-packages/airflow/example_dags/tutorial_taskflow_api_virtualenv.py
[2024-12-21T04:38:10.566+0000] {processor.py:766} INFO - DAG(s) dict_keys(['tutorial_taskflow_api_virtualenv']) retrieved from /home/airflow/.local/lib/python3.7/site-packages/airflow/example_dags/tutorial_taskflow_api_virtualenv.py
[2024-12-21T04:38:10.657+0000] {logging_mixin.py:120} INFO - [2024-12-21T04:38:10.657+0000] {dag.py:2585} INFO - Sync 1 DAGs
[2024-12-21T04:38:10.710+0000] {logging_mixin.py:120} INFO - [2024-12-21T04:38:10.710+0000] {dag.py:3340} INFO - Setting next_dagrun for tutorial_taskflow_api_virtualenv to None, run_after=None
[2024-12-21T04:38:10.742+0000] {processor.py:176} INFO - Processing /home/airflow/.local/lib/python3.7/site-packages/airflow/example_dags/tutorial_taskflow_api_virtualenv.py took 0.222 seconds
[2024-12-21T04:38:41.307+0000] {processor.py:154} INFO - Started process (PID=189) to work on /home/airflow/.local/lib/python3.7/site-packages/airflow/example_dags/tutorial_taskflow_api_virtualenv.py
[2024-12-21T04:38:41.310+0000] {processor.py:756} INFO - Processing file /home/airflow/.local/lib/python3.7/site-packages/airflow/example_dags/tutorial_taskflow_api_virtualenv.py for tasks to queue
[2024-12-21T04:38:41.311+0000] {logging_mixin.py:120} INFO - [2024-12-21T04:38:41.311+0000] {dagbag.py:537} INFO - Filling up the DagBag from /home/airflow/.local/lib/python3.7/site-packages/airflow/example_dags/tutorial_taskflow_api_virtualenv.py
[2024-12-21T04:38:41.360+0000] {processor.py:766} INFO - DAG(s) dict_keys(['tutorial_taskflow_api_virtualenv']) retrieved from /home/airflow/.local/lib/python3.7/site-packages/airflow/example_dags/tutorial_taskflow_api_virtualenv.py
[2024-12-21T04:38:41.413+0000] {logging_mixin.py:120} INFO - [2024-12-21T04:38:41.413+0000] {dag.py:2585} INFO - Sync 1 DAGs
[2024-12-21T04:38:41.467+0000] {logging_mixin.py:120} INFO - [2024-12-21T04:38:41.466+0000] {dag.py:3340} INFO - Setting next_dagrun for tutorial_taskflow_api_virtualenv to None, run_after=None
[2024-12-21T04:38:41.494+0000] {processor.py:176} INFO - Processing /home/airflow/.local/lib/python3.7/site-packages/airflow/example_dags/tutorial_taskflow_api_virtualenv.py took 0.194 seconds
[2024-12-21T04:39:11.704+0000] {processor.py:154} INFO - Started process (PID=243) to work on /home/airflow/.local/lib/python3.7/site-packages/airflow/example_dags/tutorial_taskflow_api_virtualenv.py
[2024-12-21T04:39:11.705+0000] {processor.py:756} INFO - Processing file /home/airflow/.local/lib/python3.7/site-packages/airflow/example_dags/tutorial_taskflow_api_virtualenv.py for tasks to queue
[2024-12-21T04:39:11.705+0000] {logging_mixin.py:120} INFO - [2024-12-21T04:39:11.705+0000] {dagbag.py:537} INFO - Filling up the DagBag from /home/airflow/.local/lib/python3.7/site-packages/airflow/example_dags/tutorial_taskflow_api_virtualenv.py
[2024-12-21T04:39:11.722+0000] {processor.py:766} INFO - DAG(s) dict_keys(['tutorial_taskflow_api_virtualenv']) retrieved from /home/airflow/.local/lib/python3.7/site-packages/airflow/example_dags/tutorial_taskflow_api_virtualenv.py
[2024-12-21T04:39:11.752+0000] {logging_mixin.py:120} INFO - [2024-12-21T04:39:11.752+0000] {dag.py:2585} INFO - Sync 1 DAGs
[2024-12-21T04:39:11.770+0000] {logging_mixin.py:120} INFO - [2024-12-21T04:39:11.770+0000] {dag.py:3340} INFO - Setting next_dagrun for tutorial_taskflow_api_virtualenv to None, run_after=None
[2024-12-21T04:39:11.783+0000] {processor.py:176} INFO - Processing /home/airflow/.local/lib/python3.7/site-packages/airflow/example_dags/tutorial_taskflow_api_virtualenv.py took 0.082 seconds
[2024-12-21T04:39:42.260+0000] {processor.py:154} INFO - Started process (PID=306) to work on /home/airflow/.local/lib/python3.7/site-packages/airflow/example_dags/tutorial_taskflow_api_virtualenv.py
[2024-12-21T04:39:42.261+0000] {processor.py:756} INFO - Processing file /home/airflow/.local/lib/python3.7/site-packages/airflow/example_dags/tutorial_taskflow_api_virtualenv.py for tasks to queue
[2024-12-21T04:39:42.262+0000] {logging_mixin.py:120} INFO - [2024-12-21T04:39:42.262+0000] {dagbag.py:537} INFO - Filling up the DagBag from /home/airflow/.local/lib/python3.7/site-packages/airflow/example_dags/tutorial_taskflow_api_virtualenv.py
[2024-12-21T04:39:42.292+0000] {processor.py:766} INFO - DAG(s) dict_keys(['tutorial_taskflow_api_virtualenv']) retrieved from /home/airflow/.local/lib/python3.7/site-packages/airflow/example_dags/tutorial_taskflow_api_virtualenv.py
[2024-12-21T04:39:42.341+0000] {logging_mixin.py:120} INFO - [2024-12-21T04:39:42.340+0000] {dag.py:2585} INFO - Sync 1 DAGs
[2024-12-21T04:39:42.397+0000] {logging_mixin.py:120} INFO - [2024-12-21T04:39:42.396+0000] {dag.py:3340} INFO - Setting next_dagrun for tutorial_taskflow_api_virtualenv to None, run_after=None
[2024-12-21T04:39:42.445+0000] {processor.py:176} INFO - Processing /home/airflow/.local/lib/python3.7/site-packages/airflow/example_dags/tutorial_taskflow_api_virtualenv.py took 0.190 seconds
[2024-12-21T04:40:13.185+0000] {processor.py:154} INFO - Started process (PID=369) to work on /home/airflow/.local/lib/python3.7/site-packages/airflow/example_dags/tutorial_taskflow_api_virtualenv.py
[2024-12-21T04:40:13.185+0000] {processor.py:756} INFO - Processing file /home/airflow/.local/lib/python3.7/site-packages/airflow/example_dags/tutorial_taskflow_api_virtualenv.py for tasks to queue
[2024-12-21T04:40:13.186+0000] {logging_mixin.py:120} INFO - [2024-12-21T04:40:13.186+0000] {dagbag.py:537} INFO - Filling up the DagBag from /home/airflow/.local/lib/python3.7/site-packages/airflow/example_dags/tutorial_taskflow_api_virtualenv.py
[2024-12-21T04:40:13.203+0000] {processor.py:766} INFO - DAG(s) dict_keys(['tutorial_taskflow_api_virtualenv']) retrieved from /home/airflow/.local/lib/python3.7/site-packages/airflow/example_dags/tutorial_taskflow_api_virtualenv.py
[2024-12-21T04:40:13.237+0000] {logging_mixin.py:120} INFO - [2024-12-21T04:40:13.237+0000] {dag.py:2585} INFO - Sync 1 DAGs
[2024-12-21T04:40:13.258+0000] {logging_mixin.py:120} INFO - [2024-12-21T04:40:13.258+0000] {dag.py:3340} INFO - Setting next_dagrun for tutorial_taskflow_api_virtualenv to None, run_after=None
[2024-12-21T04:40:13.272+0000] {processor.py:176} INFO - Processing /home/airflow/.local/lib/python3.7/site-packages/airflow/example_dags/tutorial_taskflow_api_virtualenv.py took 0.091 seconds
[2024-12-21T04:40:43.996+0000] {processor.py:154} INFO - Started process (PID=423) to work on /home/airflow/.local/lib/python3.7/site-packages/airflow/example_dags/tutorial_taskflow_api_virtualenv.py
[2024-12-21T04:40:43.997+0000] {processor.py:756} INFO - Processing file /home/airflow/.local/lib/python3.7/site-packages/airflow/example_dags/tutorial_taskflow_api_virtualenv.py for tasks to queue
[2024-12-21T04:40:43.997+0000] {logging_mixin.py:120} INFO - [2024-12-21T04:40:43.997+0000] {dagbag.py:537} INFO - Filling up the DagBag from /home/airflow/.local/lib/python3.7/site-packages/airflow/example_dags/tutorial_taskflow_api_virtualenv.py
[2024-12-21T04:40:44.013+0000] {processor.py:766} INFO - DAG(s) dict_keys(['tutorial_taskflow_api_virtualenv']) retrieved from /home/airflow/.local/lib/python3.7/site-packages/airflow/example_dags/tutorial_taskflow_api_virtualenv.py
[2024-12-21T04:40:44.042+0000] {logging_mixin.py:120} INFO - [2024-12-21T04:40:44.042+0000] {dag.py:2585} INFO - Sync 1 DAGs
[2024-12-21T04:40:44.060+0000] {logging_mixin.py:120} INFO - [2024-12-21T04:40:44.060+0000] {dag.py:3340} INFO - Setting next_dagrun for tutorial_taskflow_api_virtualenv to None, run_after=None
[2024-12-21T04:40:44.072+0000] {processor.py:176} INFO - Processing /home/airflow/.local/lib/python3.7/site-packages/airflow/example_dags/tutorial_taskflow_api_virtualenv.py took 0.078 seconds
[2024-12-21T04:41:14.236+0000] {processor.py:154} INFO - Started process (PID=486) to work on /home/airflow/.local/lib/python3.7/site-packages/airflow/example_dags/tutorial_taskflow_api_virtualenv.py
[2024-12-21T04:41:14.237+0000] {processor.py:756} INFO - Processing file /home/airflow/.local/lib/python3.7/site-packages/airflow/example_dags/tutorial_taskflow_api_virtualenv.py for tasks to queue
[2024-12-21T04:41:14.237+0000] {logging_mixin.py:120} INFO - [2024-12-21T04:41:14.237+0000] {dagbag.py:537} INFO - Filling up the DagBag from /home/airflow/.local/lib/python3.7/site-packages/airflow/example_dags/tutorial_taskflow_api_virtualenv.py
[2024-12-21T04:41:14.254+0000] {processor.py:766} INFO - DAG(s) dict_keys(['tutorial_taskflow_api_virtualenv']) retrieved from /home/airflow/.local/lib/python3.7/site-packages/airflow/example_dags/tutorial_taskflow_api_virtualenv.py
[2024-12-21T04:41:14.284+0000] {logging_mixin.py:120} INFO - [2024-12-21T04:41:14.284+0000] {dag.py:2585} INFO - Sync 1 DAGs
[2024-12-21T04:41:14.303+0000] {logging_mixin.py:120} INFO - [2024-12-21T04:41:14.303+0000] {dag.py:3340} INFO - Setting next_dagrun for tutorial_taskflow_api_virtualenv to None, run_after=None
[2024-12-21T04:41:14.317+0000] {processor.py:176} INFO - Processing /home/airflow/.local/lib/python3.7/site-packages/airflow/example_dags/tutorial_taskflow_api_virtualenv.py took 0.083 seconds
[2024-12-21T04:41:44.640+0000] {processor.py:154} INFO - Started process (PID=549) to work on /home/airflow/.local/lib/python3.7/site-packages/airflow/example_dags/tutorial_taskflow_api_virtualenv.py
[2024-12-21T04:41:44.641+0000] {processor.py:756} INFO - Processing file /home/airflow/.local/lib/python3.7/site-packages/airflow/example_dags/tutorial_taskflow_api_virtualenv.py for tasks to queue
[2024-12-21T04:41:44.642+0000] {logging_mixin.py:120} INFO - [2024-12-21T04:41:44.642+0000] {dagbag.py:537} INFO - Filling up the DagBag from /home/airflow/.local/lib/python3.7/site-packages/airflow/example_dags/tutorial_taskflow_api_virtualenv.py
[2024-12-21T04:41:44.661+0000] {processor.py:766} INFO - DAG(s) dict_keys(['tutorial_taskflow_api_virtualenv']) retrieved from /home/airflow/.local/lib/python3.7/site-packages/airflow/example_dags/tutorial_taskflow_api_virtualenv.py
[2024-12-21T04:41:44.693+0000] {logging_mixin.py:120} INFO - [2024-12-21T04:41:44.693+0000] {dag.py:2585} INFO - Sync 1 DAGs
[2024-12-21T04:41:44.714+0000] {logging_mixin.py:120} INFO - [2024-12-21T04:41:44.714+0000] {dag.py:3340} INFO - Setting next_dagrun for tutorial_taskflow_api_virtualenv to None, run_after=None
[2024-12-21T04:41:44.734+0000] {processor.py:176} INFO - Processing /home/airflow/.local/lib/python3.7/site-packages/airflow/example_dags/tutorial_taskflow_api_virtualenv.py took 0.097 seconds
[2024-12-21T04:42:15.130+0000] {processor.py:154} INFO - Started process (PID=603) to work on /home/airflow/.local/lib/python3.7/site-packages/airflow/example_dags/tutorial_taskflow_api_virtualenv.py
[2024-12-21T04:42:15.131+0000] {processor.py:756} INFO - Processing file /home/airflow/.local/lib/python3.7/site-packages/airflow/example_dags/tutorial_taskflow_api_virtualenv.py for tasks to queue
[2024-12-21T04:42:15.132+0000] {logging_mixin.py:120} INFO - [2024-12-21T04:42:15.131+0000] {dagbag.py:537} INFO - Filling up the DagBag from /home/airflow/.local/lib/python3.7/site-packages/airflow/example_dags/tutorial_taskflow_api_virtualenv.py
[2024-12-21T04:42:15.158+0000] {processor.py:766} INFO - DAG(s) dict_keys(['tutorial_taskflow_api_virtualenv']) retrieved from /home/airflow/.local/lib/python3.7/site-packages/airflow/example_dags/tutorial_taskflow_api_virtualenv.py
[2024-12-21T04:42:15.205+0000] {logging_mixin.py:120} INFO - [2024-12-21T04:42:15.205+0000] {dag.py:2585} INFO - Sync 1 DAGs
[2024-12-21T04:42:15.227+0000] {logging_mixin.py:120} INFO - [2024-12-21T04:42:15.227+0000] {dag.py:3340} INFO - Setting next_dagrun for tutorial_taskflow_api_virtualenv to None, run_after=None
[2024-12-21T04:42:15.240+0000] {processor.py:176} INFO - Processing /home/airflow/.local/lib/python3.7/site-packages/airflow/example_dags/tutorial_taskflow_api_virtualenv.py took 0.114 seconds
[2024-12-21T04:42:45.719+0000] {processor.py:154} INFO - Started process (PID=666) to work on /home/airflow/.local/lib/python3.7/site-packages/airflow/example_dags/tutorial_taskflow_api_virtualenv.py
[2024-12-21T04:42:45.720+0000] {processor.py:756} INFO - Processing file /home/airflow/.local/lib/python3.7/site-packages/airflow/example_dags/tutorial_taskflow_api_virtualenv.py for tasks to queue
[2024-12-21T04:42:45.721+0000] {logging_mixin.py:120} INFO - [2024-12-21T04:42:45.721+0000] {dagbag.py:537} INFO - Filling up the DagBag from /home/airflow/.local/lib/python3.7/site-packages/airflow/example_dags/tutorial_taskflow_api_virtualenv.py
[2024-12-21T04:42:45.746+0000] {processor.py:766} INFO - DAG(s) dict_keys(['tutorial_taskflow_api_virtualenv']) retrieved from /home/airflow/.local/lib/python3.7/site-packages/airflow/example_dags/tutorial_taskflow_api_virtualenv.py
[2024-12-21T04:42:45.789+0000] {logging_mixin.py:120} INFO - [2024-12-21T04:42:45.789+0000] {dag.py:2585} INFO - Sync 1 DAGs
[2024-12-21T04:42:45.809+0000] {logging_mixin.py:120} INFO - [2024-12-21T04:42:45.809+0000] {dag.py:3340} INFO - Setting next_dagrun for tutorial_taskflow_api_virtualenv to None, run_after=None
[2024-12-21T04:42:45.823+0000] {processor.py:176} INFO - Processing /home/airflow/.local/lib/python3.7/site-packages/airflow/example_dags/tutorial_taskflow_api_virtualenv.py took 0.112 seconds
[2024-12-21T04:43:16.345+0000] {processor.py:154} INFO - Started process (PID=729) to work on /home/airflow/.local/lib/python3.7/site-packages/airflow/example_dags/tutorial_taskflow_api_virtualenv.py
[2024-12-21T04:43:16.345+0000] {processor.py:756} INFO - Processing file /home/airflow/.local/lib/python3.7/site-packages/airflow/example_dags/tutorial_taskflow_api_virtualenv.py for tasks to queue
[2024-12-21T04:43:16.346+0000] {logging_mixin.py:120} INFO - [2024-12-21T04:43:16.346+0000] {dagbag.py:537} INFO - Filling up the DagBag from /home/airflow/.local/lib/python3.7/site-packages/airflow/example_dags/tutorial_taskflow_api_virtualenv.py
[2024-12-21T04:43:16.364+0000] {processor.py:766} INFO - DAG(s) dict_keys(['tutorial_taskflow_api_virtualenv']) retrieved from /home/airflow/.local/lib/python3.7/site-packages/airflow/example_dags/tutorial_taskflow_api_virtualenv.py
[2024-12-21T04:43:16.395+0000] {logging_mixin.py:120} INFO - [2024-12-21T04:43:16.394+0000] {dag.py:2585} INFO - Sync 1 DAGs
[2024-12-21T04:43:16.413+0000] {logging_mixin.py:120} INFO - [2024-12-21T04:43:16.413+0000] {dag.py:3340} INFO - Setting next_dagrun for tutorial_taskflow_api_virtualenv to None, run_after=None
[2024-12-21T04:43:16.427+0000] {processor.py:176} INFO - Processing /home/airflow/.local/lib/python3.7/site-packages/airflow/example_dags/tutorial_taskflow_api_virtualenv.py took 0.085 seconds
[2024-12-21T04:43:47.040+0000] {processor.py:154} INFO - Started process (PID=792) to work on /home/airflow/.local/lib/python3.7/site-packages/airflow/example_dags/tutorial_taskflow_api_virtualenv.py
[2024-12-21T04:43:47.045+0000] {processor.py:756} INFO - Processing file /home/airflow/.local/lib/python3.7/site-packages/airflow/example_dags/tutorial_taskflow_api_virtualenv.py for tasks to queue
[2024-12-21T04:43:47.046+0000] {logging_mixin.py:120} INFO - [2024-12-21T04:43:47.046+0000] {dagbag.py:537} INFO - Filling up the DagBag from /home/airflow/.local/lib/python3.7/site-packages/airflow/example_dags/tutorial_taskflow_api_virtualenv.py
[2024-12-21T04:43:47.084+0000] {processor.py:766} INFO - DAG(s) dict_keys(['tutorial_taskflow_api_virtualenv']) retrieved from /home/airflow/.local/lib/python3.7/site-packages/airflow/example_dags/tutorial_taskflow_api_virtualenv.py
[2024-12-21T04:43:47.129+0000] {logging_mixin.py:120} INFO - [2024-12-21T04:43:47.129+0000] {dag.py:2585} INFO - Sync 1 DAGs
[2024-12-21T04:43:47.153+0000] {logging_mixin.py:120} INFO - [2024-12-21T04:43:47.153+0000] {dag.py:3340} INFO - Setting next_dagrun for tutorial_taskflow_api_virtualenv to None, run_after=None
[2024-12-21T04:43:47.172+0000] {processor.py:176} INFO - Processing /home/airflow/.local/lib/python3.7/site-packages/airflow/example_dags/tutorial_taskflow_api_virtualenv.py took 0.138 seconds
[2024-12-21T04:44:17.898+0000] {processor.py:154} INFO - Started process (PID=846) to work on /home/airflow/.local/lib/python3.7/site-packages/airflow/example_dags/tutorial_taskflow_api_virtualenv.py
[2024-12-21T04:44:17.901+0000] {processor.py:756} INFO - Processing file /home/airflow/.local/lib/python3.7/site-packages/airflow/example_dags/tutorial_taskflow_api_virtualenv.py for tasks to queue
[2024-12-21T04:44:17.902+0000] {logging_mixin.py:120} INFO - [2024-12-21T04:44:17.902+0000] {dagbag.py:537} INFO - Filling up the DagBag from /home/airflow/.local/lib/python3.7/site-packages/airflow/example_dags/tutorial_taskflow_api_virtualenv.py
[2024-12-21T04:44:17.920+0000] {processor.py:766} INFO - DAG(s) dict_keys(['tutorial_taskflow_api_virtualenv']) retrieved from /home/airflow/.local/lib/python3.7/site-packages/airflow/example_dags/tutorial_taskflow_api_virtualenv.py
[2024-12-21T04:44:17.951+0000] {logging_mixin.py:120} INFO - [2024-12-21T04:44:17.951+0000] {dag.py:2585} INFO - Sync 1 DAGs
[2024-12-21T04:44:17.971+0000] {logging_mixin.py:120} INFO - [2024-12-21T04:44:17.971+0000] {dag.py:3340} INFO - Setting next_dagrun for tutorial_taskflow_api_virtualenv to None, run_after=None
[2024-12-21T04:44:17.986+0000] {processor.py:176} INFO - Processing /home/airflow/.local/lib/python3.7/site-packages/airflow/example_dags/tutorial_taskflow_api_virtualenv.py took 0.091 seconds
[2024-12-21T04:44:48.327+0000] {processor.py:154} INFO - Started process (PID=909) to work on /home/airflow/.local/lib/python3.7/site-packages/airflow/example_dags/tutorial_taskflow_api_virtualenv.py
[2024-12-21T04:44:48.330+0000] {processor.py:756} INFO - Processing file /home/airflow/.local/lib/python3.7/site-packages/airflow/example_dags/tutorial_taskflow_api_virtualenv.py for tasks to queue
[2024-12-21T04:44:48.334+0000] {logging_mixin.py:120} INFO - [2024-12-21T04:44:48.334+0000] {dagbag.py:537} INFO - Filling up the DagBag from /home/airflow/.local/lib/python3.7/site-packages/airflow/example_dags/tutorial_taskflow_api_virtualenv.py
[2024-12-21T04:44:48.371+0000] {processor.py:766} INFO - DAG(s) dict_keys(['tutorial_taskflow_api_virtualenv']) retrieved from /home/airflow/.local/lib/python3.7/site-packages/airflow/example_dags/tutorial_taskflow_api_virtualenv.py
[2024-12-21T04:44:48.425+0000] {logging_mixin.py:120} INFO - [2024-12-21T04:44:48.424+0000] {dag.py:2585} INFO - Sync 1 DAGs
[2024-12-21T04:44:48.453+0000] {logging_mixin.py:120} INFO - [2024-12-21T04:44:48.453+0000] {dag.py:3340} INFO - Setting next_dagrun for tutorial_taskflow_api_virtualenv to None, run_after=None
[2024-12-21T04:44:48.472+0000] {processor.py:176} INFO - Processing /home/airflow/.local/lib/python3.7/site-packages/airflow/example_dags/tutorial_taskflow_api_virtualenv.py took 0.149 seconds
[2024-12-21T04:45:18.787+0000] {processor.py:154} INFO - Started process (PID=963) to work on /home/airflow/.local/lib/python3.7/site-packages/airflow/example_dags/tutorial_taskflow_api_virtualenv.py
[2024-12-21T04:45:18.788+0000] {processor.py:756} INFO - Processing file /home/airflow/.local/lib/python3.7/site-packages/airflow/example_dags/tutorial_taskflow_api_virtualenv.py for tasks to queue
[2024-12-21T04:45:18.790+0000] {logging_mixin.py:120} INFO - [2024-12-21T04:45:18.789+0000] {dagbag.py:537} INFO - Filling up the DagBag from /home/airflow/.local/lib/python3.7/site-packages/airflow/example_dags/tutorial_taskflow_api_virtualenv.py
[2024-12-21T04:45:18.810+0000] {processor.py:766} INFO - DAG(s) dict_keys(['tutorial_taskflow_api_virtualenv']) retrieved from /home/airflow/.local/lib/python3.7/site-packages/airflow/example_dags/tutorial_taskflow_api_virtualenv.py
[2024-12-21T04:45:18.848+0000] {logging_mixin.py:120} INFO - [2024-12-21T04:45:18.848+0000] {dag.py:2585} INFO - Sync 1 DAGs
[2024-12-21T04:45:18.881+0000] {logging_mixin.py:120} INFO - [2024-12-21T04:45:18.881+0000] {dag.py:3340} INFO - Setting next_dagrun for tutorial_taskflow_api_virtualenv to None, run_after=None
[2024-12-21T04:45:18.909+0000] {processor.py:176} INFO - Processing /home/airflow/.local/lib/python3.7/site-packages/airflow/example_dags/tutorial_taskflow_api_virtualenv.py took 0.125 seconds
[2024-12-21T04:45:49.439+0000] {processor.py:154} INFO - Started process (PID=1026) to work on /home/airflow/.local/lib/python3.7/site-packages/airflow/example_dags/tutorial_taskflow_api_virtualenv.py
[2024-12-21T04:45:49.441+0000] {processor.py:756} INFO - Processing file /home/airflow/.local/lib/python3.7/site-packages/airflow/example_dags/tutorial_taskflow_api_virtualenv.py for tasks to queue
[2024-12-21T04:45:49.441+0000] {logging_mixin.py:120} INFO - [2024-12-21T04:45:49.441+0000] {dagbag.py:537} INFO - Filling up the DagBag from /home/airflow/.local/lib/python3.7/site-packages/airflow/example_dags/tutorial_taskflow_api_virtualenv.py
[2024-12-21T04:45:49.458+0000] {processor.py:766} INFO - DAG(s) dict_keys(['tutorial_taskflow_api_virtualenv']) retrieved from /home/airflow/.local/lib/python3.7/site-packages/airflow/example_dags/tutorial_taskflow_api_virtualenv.py
[2024-12-21T04:45:49.491+0000] {logging_mixin.py:120} INFO - [2024-12-21T04:45:49.490+0000] {dag.py:2585} INFO - Sync 1 DAGs
[2024-12-21T04:45:49.509+0000] {logging_mixin.py:120} INFO - [2024-12-21T04:45:49.509+0000] {dag.py:3340} INFO - Setting next_dagrun for tutorial_taskflow_api_virtualenv to None, run_after=None
[2024-12-21T04:45:49.524+0000] {processor.py:176} INFO - Processing /home/airflow/.local/lib/python3.7/site-packages/airflow/example_dags/tutorial_taskflow_api_virtualenv.py took 0.088 seconds
[2024-12-21T04:46:20.048+0000] {processor.py:154} INFO - Started process (PID=1089) to work on /home/airflow/.local/lib/python3.7/site-packages/airflow/example_dags/tutorial_taskflow_api_virtualenv.py
[2024-12-21T04:46:20.050+0000] {processor.py:756} INFO - Processing file /home/airflow/.local/lib/python3.7/site-packages/airflow/example_dags/tutorial_taskflow_api_virtualenv.py for tasks to queue
[2024-12-21T04:46:20.052+0000] {logging_mixin.py:120} INFO - [2024-12-21T04:46:20.052+0000] {dagbag.py:537} INFO - Filling up the DagBag from /home/airflow/.local/lib/python3.7/site-packages/airflow/example_dags/tutorial_taskflow_api_virtualenv.py
[2024-12-21T04:46:20.099+0000] {processor.py:766} INFO - DAG(s) dict_keys(['tutorial_taskflow_api_virtualenv']) retrieved from /home/airflow/.local/lib/python3.7/site-packages/airflow/example_dags/tutorial_taskflow_api_virtualenv.py
[2024-12-21T04:46:20.206+0000] {logging_mixin.py:120} INFO - [2024-12-21T04:46:20.206+0000] {dag.py:2585} INFO - Sync 1 DAGs
[2024-12-21T04:46:20.260+0000] {logging_mixin.py:120} INFO - [2024-12-21T04:46:20.260+0000] {dag.py:3340} INFO - Setting next_dagrun for tutorial_taskflow_api_virtualenv to None, run_after=None
[2024-12-21T04:46:20.279+0000] {processor.py:176} INFO - Processing /home/airflow/.local/lib/python3.7/site-packages/airflow/example_dags/tutorial_taskflow_api_virtualenv.py took 0.238 seconds
[2024-12-21T04:46:50.841+0000] {processor.py:154} INFO - Started process (PID=1152) to work on /home/airflow/.local/lib/python3.7/site-packages/airflow/example_dags/tutorial_taskflow_api_virtualenv.py
[2024-12-21T04:46:50.842+0000] {processor.py:756} INFO - Processing file /home/airflow/.local/lib/python3.7/site-packages/airflow/example_dags/tutorial_taskflow_api_virtualenv.py for tasks to queue
[2024-12-21T04:46:50.842+0000] {logging_mixin.py:120} INFO - [2024-12-21T04:46:50.842+0000] {dagbag.py:537} INFO - Filling up the DagBag from /home/airflow/.local/lib/python3.7/site-packages/airflow/example_dags/tutorial_taskflow_api_virtualenv.py
[2024-12-21T04:46:50.860+0000] {processor.py:766} INFO - DAG(s) dict_keys(['tutorial_taskflow_api_virtualenv']) retrieved from /home/airflow/.local/lib/python3.7/site-packages/airflow/example_dags/tutorial_taskflow_api_virtualenv.py
[2024-12-21T04:46:50.896+0000] {logging_mixin.py:120} INFO - [2024-12-21T04:46:50.896+0000] {dag.py:2585} INFO - Sync 1 DAGs
[2024-12-21T04:46:50.945+0000] {logging_mixin.py:120} INFO - [2024-12-21T04:46:50.945+0000] {dag.py:3340} INFO - Setting next_dagrun for tutorial_taskflow_api_virtualenv to None, run_after=None
[2024-12-21T04:46:50.965+0000] {processor.py:176} INFO - Processing /home/airflow/.local/lib/python3.7/site-packages/airflow/example_dags/tutorial_taskflow_api_virtualenv.py took 0.128 seconds
[2024-12-21T04:47:21.276+0000] {processor.py:154} INFO - Started process (PID=1206) to work on /home/airflow/.local/lib/python3.7/site-packages/airflow/example_dags/tutorial_taskflow_api_virtualenv.py
[2024-12-21T04:47:21.277+0000] {processor.py:756} INFO - Processing file /home/airflow/.local/lib/python3.7/site-packages/airflow/example_dags/tutorial_taskflow_api_virtualenv.py for tasks to queue
[2024-12-21T04:47:21.277+0000] {logging_mixin.py:120} INFO - [2024-12-21T04:47:21.277+0000] {dagbag.py:537} INFO - Filling up the DagBag from /home/airflow/.local/lib/python3.7/site-packages/airflow/example_dags/tutorial_taskflow_api_virtualenv.py
[2024-12-21T04:47:21.295+0000] {processor.py:766} INFO - DAG(s) dict_keys(['tutorial_taskflow_api_virtualenv']) retrieved from /home/airflow/.local/lib/python3.7/site-packages/airflow/example_dags/tutorial_taskflow_api_virtualenv.py
[2024-12-21T04:47:21.334+0000] {logging_mixin.py:120} INFO - [2024-12-21T04:47:21.334+0000] {dag.py:2585} INFO - Sync 1 DAGs
[2024-12-21T04:47:21.356+0000] {logging_mixin.py:120} INFO - [2024-12-21T04:47:21.356+0000] {dag.py:3340} INFO - Setting next_dagrun for tutorial_taskflow_api_virtualenv to None, run_after=None
[2024-12-21T04:47:21.371+0000] {processor.py:176} INFO - Processing /home/airflow/.local/lib/python3.7/site-packages/airflow/example_dags/tutorial_taskflow_api_virtualenv.py took 0.098 seconds
[2024-12-21T04:47:51.963+0000] {processor.py:154} INFO - Started process (PID=1269) to work on /home/airflow/.local/lib/python3.7/site-packages/airflow/example_dags/tutorial_taskflow_api_virtualenv.py
[2024-12-21T04:47:51.964+0000] {processor.py:756} INFO - Processing file /home/airflow/.local/lib/python3.7/site-packages/airflow/example_dags/tutorial_taskflow_api_virtualenv.py for tasks to queue
[2024-12-21T04:47:51.964+0000] {logging_mixin.py:120} INFO - [2024-12-21T04:47:51.964+0000] {dagbag.py:537} INFO - Filling up the DagBag from /home/airflow/.local/lib/python3.7/site-packages/airflow/example_dags/tutorial_taskflow_api_virtualenv.py
[2024-12-21T04:47:51.991+0000] {processor.py:766} INFO - DAG(s) dict_keys(['tutorial_taskflow_api_virtualenv']) retrieved from /home/airflow/.local/lib/python3.7/site-packages/airflow/example_dags/tutorial_taskflow_api_virtualenv.py
[2024-12-21T04:47:52.031+0000] {logging_mixin.py:120} INFO - [2024-12-21T04:47:52.031+0000] {dag.py:2585} INFO - Sync 1 DAGs
[2024-12-21T04:47:52.058+0000] {logging_mixin.py:120} INFO - [2024-12-21T04:47:52.057+0000] {dag.py:3340} INFO - Setting next_dagrun for tutorial_taskflow_api_virtualenv to None, run_after=None
[2024-12-21T04:47:52.075+0000] {processor.py:176} INFO - Processing /home/airflow/.local/lib/python3.7/site-packages/airflow/example_dags/tutorial_taskflow_api_virtualenv.py took 0.115 seconds
[2024-12-21T04:48:22.365+0000] {processor.py:154} INFO - Started process (PID=1332) to work on /home/airflow/.local/lib/python3.7/site-packages/airflow/example_dags/tutorial_taskflow_api_virtualenv.py
[2024-12-21T04:48:22.365+0000] {processor.py:756} INFO - Processing file /home/airflow/.local/lib/python3.7/site-packages/airflow/example_dags/tutorial_taskflow_api_virtualenv.py for tasks to queue
[2024-12-21T04:48:22.366+0000] {logging_mixin.py:120} INFO - [2024-12-21T04:48:22.366+0000] {dagbag.py:537} INFO - Filling up the DagBag from /home/airflow/.local/lib/python3.7/site-packages/airflow/example_dags/tutorial_taskflow_api_virtualenv.py
[2024-12-21T04:48:22.382+0000] {processor.py:766} INFO - DAG(s) dict_keys(['tutorial_taskflow_api_virtualenv']) retrieved from /home/airflow/.local/lib/python3.7/site-packages/airflow/example_dags/tutorial_taskflow_api_virtualenv.py
[2024-12-21T04:48:22.411+0000] {logging_mixin.py:120} INFO - [2024-12-21T04:48:22.411+0000] {dag.py:2585} INFO - Sync 1 DAGs
[2024-12-21T04:48:22.432+0000] {logging_mixin.py:120} INFO - [2024-12-21T04:48:22.432+0000] {dag.py:3340} INFO - Setting next_dagrun for tutorial_taskflow_api_virtualenv to None, run_after=None
[2024-12-21T04:48:22.445+0000] {processor.py:176} INFO - Processing /home/airflow/.local/lib/python3.7/site-packages/airflow/example_dags/tutorial_taskflow_api_virtualenv.py took 0.084 seconds
[2024-12-21T04:48:53.252+0000] {processor.py:154} INFO - Started process (PID=1386) to work on /home/airflow/.local/lib/python3.7/site-packages/airflow/example_dags/tutorial_taskflow_api_virtualenv.py
[2024-12-21T04:48:53.253+0000] {processor.py:756} INFO - Processing file /home/airflow/.local/lib/python3.7/site-packages/airflow/example_dags/tutorial_taskflow_api_virtualenv.py for tasks to queue
[2024-12-21T04:48:53.253+0000] {logging_mixin.py:120} INFO - [2024-12-21T04:48:53.253+0000] {dagbag.py:537} INFO - Filling up the DagBag from /home/airflow/.local/lib/python3.7/site-packages/airflow/example_dags/tutorial_taskflow_api_virtualenv.py
[2024-12-21T04:48:53.268+0000] {processor.py:766} INFO - DAG(s) dict_keys(['tutorial_taskflow_api_virtualenv']) retrieved from /home/airflow/.local/lib/python3.7/site-packages/airflow/example_dags/tutorial_taskflow_api_virtualenv.py
[2024-12-21T04:48:53.298+0000] {logging_mixin.py:120} INFO - [2024-12-21T04:48:53.298+0000] {dag.py:2585} INFO - Sync 1 DAGs
[2024-12-21T04:48:53.318+0000] {logging_mixin.py:120} INFO - [2024-12-21T04:48:53.318+0000] {dag.py:3340} INFO - Setting next_dagrun for tutorial_taskflow_api_virtualenv to None, run_after=None
[2024-12-21T04:48:53.339+0000] {processor.py:176} INFO - Processing /home/airflow/.local/lib/python3.7/site-packages/airflow/example_dags/tutorial_taskflow_api_virtualenv.py took 0.089 seconds
[2024-12-21T04:49:23.991+0000] {processor.py:154} INFO - Started process (PID=1449) to work on /home/airflow/.local/lib/python3.7/site-packages/airflow/example_dags/tutorial_taskflow_api_virtualenv.py
[2024-12-21T04:49:23.992+0000] {processor.py:756} INFO - Processing file /home/airflow/.local/lib/python3.7/site-packages/airflow/example_dags/tutorial_taskflow_api_virtualenv.py for tasks to queue
[2024-12-21T04:49:23.993+0000] {logging_mixin.py:120} INFO - [2024-12-21T04:49:23.993+0000] {dagbag.py:537} INFO - Filling up the DagBag from /home/airflow/.local/lib/python3.7/site-packages/airflow/example_dags/tutorial_taskflow_api_virtualenv.py
[2024-12-21T04:49:24.010+0000] {processor.py:766} INFO - DAG(s) dict_keys(['tutorial_taskflow_api_virtualenv']) retrieved from /home/airflow/.local/lib/python3.7/site-packages/airflow/example_dags/tutorial_taskflow_api_virtualenv.py
[2024-12-21T04:49:24.041+0000] {logging_mixin.py:120} INFO - [2024-12-21T04:49:24.041+0000] {dag.py:2585} INFO - Sync 1 DAGs
[2024-12-21T04:49:24.063+0000] {logging_mixin.py:120} INFO - [2024-12-21T04:49:24.063+0000] {dag.py:3340} INFO - Setting next_dagrun for tutorial_taskflow_api_virtualenv to None, run_after=None
[2024-12-21T04:49:24.086+0000] {processor.py:176} INFO - Processing /home/airflow/.local/lib/python3.7/site-packages/airflow/example_dags/tutorial_taskflow_api_virtualenv.py took 0.098 seconds
