[2024-12-21T15:22:03.261+0000] {taskinstance.py:1165} INFO - Dependencies all met for <TaskInstance: commiteando_cosas.crear_archivo_fecha_task scheduled__2024-12-21T15:16:00+00:00 [queued]>
[2024-12-21T15:22:03.268+0000] {taskinstance.py:1165} INFO - Dependencies all met for <TaskInstance: commiteando_cosas.crear_archivo_fecha_task scheduled__2024-12-21T15:16:00+00:00 [queued]>
[2024-12-21T15:22:03.268+0000] {taskinstance.py:1362} INFO - 
--------------------------------------------------------------------------------
[2024-12-21T15:22:03.268+0000] {taskinstance.py:1363} INFO - Starting attempt 2 of 2
[2024-12-21T15:22:03.269+0000] {taskinstance.py:1364} INFO - 
--------------------------------------------------------------------------------
[2024-12-21T15:22:03.278+0000] {taskinstance.py:1383} INFO - Executing <Task(BashOperator): crear_archivo_fecha_task> on 2024-12-21 15:16:00+00:00
[2024-12-21T15:22:03.281+0000] {standard_task_runner.py:55} INFO - Started process 12021 to run task
[2024-12-21T15:22:03.284+0000] {standard_task_runner.py:82} INFO - Running: ['***', 'tasks', 'run', 'commiteando_cosas', 'crear_archivo_fecha_task', 'scheduled__2024-12-21T15:16:00+00:00', '--job-id', '2154', '--raw', '--subdir', 'DAGS_FOLDER/elPataCommits.py', '--cfg-path', '/tmp/tmp0dnejsuv']
[2024-12-21T15:22:03.285+0000] {standard_task_runner.py:83} INFO - Job 2154: Subtask crear_archivo_fecha_task
[2024-12-21T15:22:03.334+0000] {task_command.py:376} INFO - Running <TaskInstance: commiteando_cosas.crear_archivo_fecha_task scheduled__2024-12-21T15:16:00+00:00 [running]> on host a39b43f32cb0
[2024-12-21T15:22:03.388+0000] {taskinstance.py:1592} INFO - Exporting the following env vars:
AIRFLOW_CTX_DAG_OWNER=***
AIRFLOW_CTX_DAG_ID=commiteando_cosas
AIRFLOW_CTX_TASK_ID=crear_archivo_fecha_task
AIRFLOW_CTX_EXECUTION_DATE=2024-12-21T15:16:00+00:00
AIRFLOW_CTX_TRY_NUMBER=2
AIRFLOW_CTX_DAG_RUN_ID=scheduled__2024-12-21T15:16:00+00:00
[2024-12-21T15:22:03.389+0000] {subprocess.py:63} INFO - Tmp dir root location: 
 /tmp
[2024-12-21T15:22:03.390+0000] {subprocess.py:75} INFO - Running command: ['/bin/bash', '-c', '\n        output_path="/root/usr/"\n        mkdir -p $output_path\n        today_date=$(date \'+%Y-%m-%d_%H-%M-%S\')\n        echo "Archivo creado el $today_date" > $output_path/juan.txt\n        echo "Archivo $output_path/juan.txt creado exitosamente."\n        ']
[2024-12-21T15:22:03.396+0000] {subprocess.py:86} INFO - Output:
[2024-12-21T15:22:03.399+0000] {subprocess.py:93} INFO - mkdir: cannot create directory ‘/root’: Permission denied
[2024-12-21T15:22:03.400+0000] {subprocess.py:93} INFO - /bin/bash: line 5: /root/usr//juan.txt: Permission denied
[2024-12-21T15:22:03.401+0000] {subprocess.py:93} INFO - Archivo /root/usr//juan.txt creado exitosamente.
[2024-12-21T15:22:03.401+0000] {subprocess.py:97} INFO - Command exited with return code 0
[2024-12-21T15:22:03.421+0000] {taskinstance.py:1406} INFO - Marking task as SUCCESS. dag_id=commiteando_cosas, task_id=crear_archivo_fecha_task, execution_date=20241221T151600, start_date=20241221T152203, end_date=20241221T152203
[2024-12-21T15:22:03.464+0000] {local_task_job.py:164} INFO - Task exited with return code 0
[2024-12-21T15:22:03.482+0000] {local_task_job.py:273} INFO - 1 downstream tasks scheduled from follow-on schedule check
