[2024-12-21T20:29:22.981+0000] {taskinstance.py:1165} INFO - Dependencies all met for <TaskInstance: 6.1-monitoreando.tarea4 scheduled__2022-08-05T00:00:00+00:00 [queued]>
[2024-12-21T20:29:23.336+0000] {taskinstance.py:1165} INFO - Dependencies all met for <TaskInstance: 6.1-monitoreando.tarea4 scheduled__2022-08-05T00:00:00+00:00 [queued]>
[2024-12-21T20:29:23.337+0000] {taskinstance.py:1362} INFO - 
--------------------------------------------------------------------------------
[2024-12-21T20:29:23.342+0000] {taskinstance.py:1363} INFO - Starting attempt 1 of 1
[2024-12-21T20:29:23.351+0000] {taskinstance.py:1364} INFO - 
--------------------------------------------------------------------------------
[2024-12-21T20:29:23.523+0000] {taskinstance.py:1383} INFO - Executing <Task(BashOperator): tarea4> on 2022-08-05 00:00:00+00:00
[2024-12-21T20:29:23.550+0000] {standard_task_runner.py:55} INFO - Started process 5192 to run task
[2024-12-21T20:29:23.607+0000] {standard_task_runner.py:82} INFO - Running: ['***', 'tasks', 'run', '6.1-monitoreando', 'tarea4', 'scheduled__2022-08-05T00:00:00+00:00', '--job-id', '2518', '--raw', '--subdir', 'DAGS_FOLDER/6.1-monitoring.py', '--cfg-path', '/tmp/tmpr7oq_pae']
[2024-12-21T20:29:23.609+0000] {standard_task_runner.py:83} INFO - Job 2518: Subtask tarea4
[2024-12-21T20:29:24.334+0000] {task_command.py:376} INFO - Running <TaskInstance: 6.1-monitoreando.tarea4 scheduled__2022-08-05T00:00:00+00:00 [running]> on host a39b43f32cb0
[2024-12-21T20:29:25.248+0000] {taskinstance.py:1592} INFO - Exporting the following env vars:
AIRFLOW_CTX_DAG_OWNER=***
AIRFLOW_CTX_DAG_ID=6.1-monitoreando
AIRFLOW_CTX_TASK_ID=tarea4
AIRFLOW_CTX_EXECUTION_DATE=2022-08-05T00:00:00+00:00
AIRFLOW_CTX_TRY_NUMBER=1
AIRFLOW_CTX_DAG_RUN_ID=scheduled__2022-08-05T00:00:00+00:00
[2024-12-21T20:29:25.270+0000] {subprocess.py:63} INFO - Tmp dir root location: 
 /tmp
[2024-12-21T20:29:25.276+0000] {subprocess.py:75} INFO - Running command: ['/bin/bash', '-c', "sleep 2 && echo 'Tarea 4'"]
[2024-12-21T20:29:25.310+0000] {subprocess.py:86} INFO - Output:
[2024-12-21T20:29:27.317+0000] {subprocess.py:93} INFO - Tarea 4
[2024-12-21T20:29:27.323+0000] {subprocess.py:97} INFO - Command exited with return code 0
[2024-12-21T20:29:27.499+0000] {taskinstance.py:1406} INFO - Marking task as SUCCESS. dag_id=6.1-monitoreando, task_id=tarea4, execution_date=20220805T000000, start_date=20241221T202923, end_date=20241221T202927
[2024-12-21T20:29:27.580+0000] {local_task_job.py:164} INFO - Task exited with return code 0
[2024-12-21T20:29:27.692+0000] {local_task_job.py:273} INFO - 1 downstream tasks scheduled from follow-on schedule check
