[2024-12-21T20:27:02.426+0000] {taskinstance.py:1165} INFO - Dependencies all met for <TaskInstance: 6.1-monitoreando.tarea3 scheduled__2022-07-20T00:00:00+00:00 [queued]>
[2024-12-21T20:27:02.458+0000] {taskinstance.py:1165} INFO - Dependencies all met for <TaskInstance: 6.1-monitoreando.tarea3 scheduled__2022-07-20T00:00:00+00:00 [queued]>
[2024-12-21T20:27:02.460+0000] {taskinstance.py:1362} INFO - 
--------------------------------------------------------------------------------
[2024-12-21T20:27:02.462+0000] {taskinstance.py:1363} INFO - Starting attempt 1 of 1
[2024-12-21T20:27:02.464+0000] {taskinstance.py:1364} INFO - 
--------------------------------------------------------------------------------
[2024-12-21T20:27:02.501+0000] {taskinstance.py:1383} INFO - Executing <Task(BashOperator): tarea3> on 2022-07-20 00:00:00+00:00
[2024-12-21T20:27:02.508+0000] {standard_task_runner.py:55} INFO - Started process 4784 to run task
[2024-12-21T20:27:02.529+0000] {standard_task_runner.py:82} INFO - Running: ['***', 'tasks', 'run', '6.1-monitoreando', 'tarea3', 'scheduled__2022-07-20T00:00:00+00:00', '--job-id', '2430', '--raw', '--subdir', 'DAGS_FOLDER/6.1-monitoring.py', '--cfg-path', '/tmp/tmpw3blgol_']
[2024-12-21T20:27:02.534+0000] {standard_task_runner.py:83} INFO - Job 2430: Subtask tarea3
[2024-12-21T20:27:02.762+0000] {task_command.py:376} INFO - Running <TaskInstance: 6.1-monitoreando.tarea3 scheduled__2022-07-20T00:00:00+00:00 [running]> on host a39b43f32cb0
[2024-12-21T20:27:03.052+0000] {taskinstance.py:1592} INFO - Exporting the following env vars:
AIRFLOW_CTX_DAG_OWNER=***
AIRFLOW_CTX_DAG_ID=6.1-monitoreando
AIRFLOW_CTX_TASK_ID=tarea3
AIRFLOW_CTX_EXECUTION_DATE=2022-07-20T00:00:00+00:00
AIRFLOW_CTX_TRY_NUMBER=1
AIRFLOW_CTX_DAG_RUN_ID=scheduled__2022-07-20T00:00:00+00:00
[2024-12-21T20:27:03.055+0000] {subprocess.py:63} INFO - Tmp dir root location: 
 /tmp
[2024-12-21T20:27:03.058+0000] {subprocess.py:75} INFO - Running command: ['/bin/bash', '-c', "sleep 2 && echo 'Tarea 3'"]
[2024-12-21T20:27:03.072+0000] {subprocess.py:86} INFO - Output:
[2024-12-21T20:27:05.079+0000] {subprocess.py:93} INFO - Tarea 3
[2024-12-21T20:27:05.083+0000] {subprocess.py:97} INFO - Command exited with return code 0
[2024-12-21T20:27:05.174+0000] {taskinstance.py:1406} INFO - Marking task as SUCCESS. dag_id=6.1-monitoreando, task_id=tarea3, execution_date=20220720T000000, start_date=20241221T202702, end_date=20241221T202705
[2024-12-21T20:27:05.251+0000] {local_task_job.py:164} INFO - Task exited with return code 0
[2024-12-21T20:27:05.310+0000] {local_task_job.py:273} INFO - 1 downstream tasks scheduled from follow-on schedule check
