[2024-12-21T14:37:11.149+0000] {taskinstance.py:1165} INFO - Dependencies all met for <TaskInstance: customOperator.hello scheduled__2023-01-14T00:00:00+00:00 [queued]>
[2024-12-21T14:37:11.173+0000] {taskinstance.py:1165} INFO - Dependencies all met for <TaskInstance: customOperator.hello scheduled__2023-01-14T00:00:00+00:00 [queued]>
[2024-12-21T14:37:11.174+0000] {taskinstance.py:1362} INFO - 
--------------------------------------------------------------------------------
[2024-12-21T14:37:11.175+0000] {taskinstance.py:1363} INFO - Starting attempt 1 of 1
[2024-12-21T14:37:11.175+0000] {taskinstance.py:1364} INFO - 
--------------------------------------------------------------------------------
[2024-12-21T14:37:11.201+0000] {taskinstance.py:1383} INFO - Executing <Task(HelloOperator): hello> on 2023-01-14 00:00:00+00:00
[2024-12-21T14:37:11.206+0000] {standard_task_runner.py:55} INFO - Started process 7910 to run task
[2024-12-21T14:37:11.212+0000] {standard_task_runner.py:82} INFO - Running: ['***', 'tasks', 'run', 'customOperator', 'hello', 'scheduled__2023-01-14T00:00:00+00:00', '--job-id', '1436', '--raw', '--subdir', 'DAGS_FOLDER/4-customoperator.py', '--cfg-path', '/tmp/tmp2y89p6kb']
[2024-12-21T14:37:11.213+0000] {standard_task_runner.py:83} INFO - Job 1436: Subtask hello
[2024-12-21T14:37:11.310+0000] {task_command.py:376} INFO - Running <TaskInstance: customOperator.hello scheduled__2023-01-14T00:00:00+00:00 [running]> on host a39b43f32cb0
[2024-12-21T14:37:11.418+0000] {taskinstance.py:1592} INFO - Exporting the following env vars:
AIRFLOW_CTX_DAG_OWNER=***
AIRFLOW_CTX_DAG_ID=customOperator
AIRFLOW_CTX_TASK_ID=hello
AIRFLOW_CTX_EXECUTION_DATE=2023-01-14T00:00:00+00:00
AIRFLOW_CTX_TRY_NUMBER=1
AIRFLOW_CTX_DAG_RUN_ID=scheduled__2023-01-14T00:00:00+00:00
[2024-12-21T14:37:11.419+0000] {logging_mixin.py:120} INFO - hola Freddy
[2024-12-21T14:37:11.433+0000] {taskinstance.py:1406} INFO - Marking task as SUCCESS. dag_id=customOperator, task_id=hello, execution_date=20230114T000000, start_date=20241221T143711, end_date=20241221T143711
[2024-12-21T14:37:11.472+0000] {local_task_job.py:164} INFO - Task exited with return code 0
[2024-12-21T14:37:11.500+0000] {local_task_job.py:273} INFO - 0 downstream tasks scheduled from follow-on schedule check
