[2024-12-21T21:14:10.310+0000] {taskinstance.py:1165} INFO - Dependencies all met for <TaskInstance: commiteando_cosas.check scheduled__2024-12-21T21:13:00+00:00 [queued]>
[2024-12-21T21:14:10.372+0000] {taskinstance.py:1165} INFO - Dependencies all met for <TaskInstance: commiteando_cosas.check scheduled__2024-12-21T21:13:00+00:00 [queued]>
[2024-12-21T21:14:10.373+0000] {taskinstance.py:1362} INFO - 
--------------------------------------------------------------------------------
[2024-12-21T21:14:10.375+0000] {taskinstance.py:1363} INFO - Starting attempt 1 of 1
[2024-12-21T21:14:10.376+0000] {taskinstance.py:1364} INFO - 
--------------------------------------------------------------------------------
[2024-12-21T21:14:10.427+0000] {taskinstance.py:1383} INFO - Executing <Task(BashOperator): check> on 2024-12-21 21:13:00+00:00
[2024-12-21T21:14:10.462+0000] {standard_task_runner.py:55} INFO - Started process 7413 to run task
[2024-12-21T21:14:10.480+0000] {standard_task_runner.py:82} INFO - Running: ['***', 'tasks', 'run', 'commiteando_cosas', 'check', 'scheduled__2024-12-21T21:13:00+00:00', '--job-id', '2590', '--raw', '--subdir', 'DAGS_FOLDER/elPataCommits.py', '--cfg-path', '/tmp/tmpujh1j_cd']
[2024-12-21T21:14:10.483+0000] {standard_task_runner.py:83} INFO - Job 2590: Subtask check
[2024-12-21T21:14:10.939+0000] {task_command.py:376} INFO - Running <TaskInstance: commiteando_cosas.check scheduled__2024-12-21T21:13:00+00:00 [running]> on host a39b43f32cb0
[2024-12-21T21:14:11.418+0000] {taskinstance.py:1592} INFO - Exporting the following env vars:
AIRFLOW_CTX_DAG_OWNER=***
AIRFLOW_CTX_DAG_ID=commiteando_cosas
AIRFLOW_CTX_TASK_ID=check
AIRFLOW_CTX_EXECUTION_DATE=2024-12-21T21:13:00+00:00
AIRFLOW_CTX_TRY_NUMBER=1
AIRFLOW_CTX_DAG_RUN_ID=scheduled__2024-12-21T21:13:00+00:00
[2024-12-21T21:14:11.430+0000] {subprocess.py:63} INFO - Tmp dir root location: 
 /tmp
[2024-12-21T21:14:11.441+0000] {subprocess.py:75} INFO - Running command: ['/bin/bash', '-c', '\n        echo && \n        whoami && \n        echo && \n        pwd && \n        echo\n        ']
[2024-12-21T21:14:11.508+0000] {subprocess.py:86} INFO - Output:
[2024-12-21T21:14:11.530+0000] {subprocess.py:93} INFO - 
[2024-12-21T21:14:11.533+0000] {subprocess.py:93} INFO - ***
[2024-12-21T21:14:11.534+0000] {subprocess.py:93} INFO - 
[2024-12-21T21:14:11.535+0000] {subprocess.py:93} INFO - /tmp/***tmp5hfp77w9
[2024-12-21T21:14:11.536+0000] {subprocess.py:93} INFO - 
[2024-12-21T21:14:11.537+0000] {subprocess.py:97} INFO - Command exited with return code 0
[2024-12-21T21:14:11.655+0000] {taskinstance.py:1406} INFO - Marking task as SUCCESS. dag_id=commiteando_cosas, task_id=check, execution_date=20241221T211300, start_date=20241221T211410, end_date=20241221T211411
[2024-12-21T21:14:11.808+0000] {local_task_job.py:164} INFO - Task exited with return code 0
[2024-12-21T21:14:12.039+0000] {local_task_job.py:273} INFO - 1 downstream tasks scheduled from follow-on schedule check
