[2024-12-21T19:46:24.413+0000] {taskinstance.py:1165} INFO - Dependencies all met for <TaskInstance: 5.2-orquestacion.tarea3 scheduled__2024-05-06T07:00:00+00:00 [queued]>
[2024-12-21T19:46:24.422+0000] {taskinstance.py:1165} INFO - Dependencies all met for <TaskInstance: 5.2-orquestacion.tarea3 scheduled__2024-05-06T07:00:00+00:00 [queued]>
[2024-12-21T19:46:24.422+0000] {taskinstance.py:1362} INFO - 
--------------------------------------------------------------------------------
[2024-12-21T19:46:24.422+0000] {taskinstance.py:1363} INFO - Starting attempt 1 of 1
[2024-12-21T19:46:24.422+0000] {taskinstance.py:1364} INFO - 
--------------------------------------------------------------------------------
[2024-12-21T19:46:24.433+0000] {taskinstance.py:1383} INFO - Executing <Task(BashOperator): tarea3> on 2024-05-06 07:00:00+00:00
[2024-12-21T19:46:24.436+0000] {standard_task_runner.py:55} INFO - Started process 2455 to run task
[2024-12-21T19:46:24.443+0000] {standard_task_runner.py:82} INFO - Running: ['***', 'tasks', 'run', '5.2-orquestacion', 'tarea3', 'scheduled__2024-05-06T07:00:00+00:00', '--job-id', '2160', '--raw', '--subdir', 'DAGS_FOLDER/5.2-orquestation.py', '--cfg-path', '/tmp/tmp7k07ps83']
[2024-12-21T19:46:24.444+0000] {standard_task_runner.py:83} INFO - Job 2160: Subtask tarea3
[2024-12-21T19:46:24.505+0000] {task_command.py:376} INFO - Running <TaskInstance: 5.2-orquestacion.tarea3 scheduled__2024-05-06T07:00:00+00:00 [running]> on host a39b43f32cb0
[2024-12-21T19:46:24.579+0000] {taskinstance.py:1592} INFO - Exporting the following env vars:
AIRFLOW_CTX_DAG_OWNER=***
AIRFLOW_CTX_DAG_ID=5.2-orquestacion
AIRFLOW_CTX_TASK_ID=tarea3
AIRFLOW_CTX_EXECUTION_DATE=2024-05-06T07:00:00+00:00
AIRFLOW_CTX_TRY_NUMBER=1
AIRFLOW_CTX_DAG_RUN_ID=scheduled__2024-05-06T07:00:00+00:00
[2024-12-21T19:46:24.584+0000] {subprocess.py:63} INFO - Tmp dir root location: 
 /tmp
[2024-12-21T19:46:24.586+0000] {subprocess.py:75} INFO - Running command: ['/bin/bash', '-c', "sleep 2 && echo 'Tarea 3'"]
[2024-12-21T19:46:24.598+0000] {subprocess.py:86} INFO - Output:
[2024-12-21T19:46:26.602+0000] {subprocess.py:93} INFO - Tarea 3
[2024-12-21T19:46:26.603+0000] {subprocess.py:97} INFO - Command exited with return code 0
[2024-12-21T19:46:26.633+0000] {taskinstance.py:1406} INFO - Marking task as SUCCESS. dag_id=5.2-orquestacion, task_id=tarea3, execution_date=20240506T070000, start_date=20241221T194624, end_date=20241221T194626
[2024-12-21T19:46:26.687+0000] {local_task_job.py:164} INFO - Task exited with return code 0
[2024-12-21T19:46:26.709+0000] {local_task_job.py:273} INFO - 0 downstream tasks scheduled from follow-on schedule check
