[2024-12-21T20:26:25.798+0000] {taskinstance.py:1165} INFO - Dependencies all met for <TaskInstance: 6.1-monitoreando.tarea2 scheduled__2022-06-21T00:00:00+00:00 [queued]>
[2024-12-21T20:26:26.111+0000] {taskinstance.py:1165} INFO - Dependencies all met for <TaskInstance: 6.1-monitoreando.tarea2 scheduled__2022-06-21T00:00:00+00:00 [queued]>
[2024-12-21T20:26:26.133+0000] {taskinstance.py:1362} INFO - 
--------------------------------------------------------------------------------
[2024-12-21T20:26:26.139+0000] {taskinstance.py:1363} INFO - Starting attempt 2 of 2
[2024-12-21T20:26:26.153+0000] {taskinstance.py:1364} INFO - 
--------------------------------------------------------------------------------
[2024-12-21T20:26:26.458+0000] {taskinstance.py:1383} INFO - Executing <Task(BashOperator): tarea2> on 2022-06-21 00:00:00+00:00
[2024-12-21T20:26:26.572+0000] {standard_task_runner.py:55} INFO - Started process 4645 to run task
[2024-12-21T20:26:26.772+0000] {standard_task_runner.py:82} INFO - Running: ['***', 'tasks', 'run', '6.1-monitoreando', 'tarea2', 'scheduled__2022-06-21T00:00:00+00:00', '--job-id', '2389', '--raw', '--subdir', 'DAGS_FOLDER/6.1-monitoring.py', '--cfg-path', '/tmp/tmp1tkymuy0']
[2024-12-21T20:26:26.909+0000] {standard_task_runner.py:83} INFO - Job 2389: Subtask tarea2
[2024-12-21T20:26:28.546+0000] {task_command.py:376} INFO - Running <TaskInstance: 6.1-monitoreando.tarea2 scheduled__2022-06-21T00:00:00+00:00 [running]> on host a39b43f32cb0
[2024-12-21T20:26:31.060+0000] {taskinstance.py:1592} INFO - Exporting the following env vars:
AIRFLOW_CTX_DAG_OWNER=***
AIRFLOW_CTX_DAG_ID=6.1-monitoreando
AIRFLOW_CTX_TASK_ID=tarea2
AIRFLOW_CTX_EXECUTION_DATE=2022-06-21T00:00:00+00:00
AIRFLOW_CTX_TRY_NUMBER=2
AIRFLOW_CTX_DAG_RUN_ID=scheduled__2022-06-21T00:00:00+00:00
[2024-12-21T20:26:31.146+0000] {subprocess.py:63} INFO - Tmp dir root location: 
 /tmp
[2024-12-21T20:26:31.169+0000] {subprocess.py:75} INFO - Running command: ['/bin/bash', '-c', "sleep 2 && echo 'Tarea 2'"]
[2024-12-21T20:26:31.249+0000] {subprocess.py:86} INFO - Output:
[2024-12-21T20:26:33.315+0000] {subprocess.py:93} INFO - Tarea 2
[2024-12-21T20:26:33.324+0000] {subprocess.py:97} INFO - Command exited with return code 0
[2024-12-21T20:26:34.405+0000] {taskinstance.py:1406} INFO - Marking task as SUCCESS. dag_id=6.1-monitoreando, task_id=tarea2, execution_date=20220621T000000, start_date=20241221T202625, end_date=20241221T202634
[2024-12-21T20:26:35.073+0000] {local_task_job.py:164} INFO - Task exited with return code 0
[2024-12-21T20:26:35.748+0000] {local_task_job.py:273} INFO - 1 downstream tasks scheduled from follow-on schedule check
