[2024-12-21T20:25:29.165+0000] {taskinstance.py:1165} INFO - Dependencies all met for <TaskInstance: 6.1-monitoreando.tarea1 scheduled__2022-07-12T00:00:00+00:00 [queued]>
[2024-12-21T20:25:29.424+0000] {taskinstance.py:1165} INFO - Dependencies all met for <TaskInstance: 6.1-monitoreando.tarea1 scheduled__2022-07-12T00:00:00+00:00 [queued]>
[2024-12-21T20:25:29.429+0000] {taskinstance.py:1362} INFO - 
--------------------------------------------------------------------------------
[2024-12-21T20:25:29.435+0000] {taskinstance.py:1363} INFO - Starting attempt 1 of 1
[2024-12-21T20:25:29.441+0000] {taskinstance.py:1364} INFO - 
--------------------------------------------------------------------------------
[2024-12-21T20:25:30.585+0000] {taskinstance.py:1383} INFO - Executing <Task(BashOperator): tarea1> on 2022-07-12 00:00:00+00:00
[2024-12-21T20:25:30.675+0000] {standard_task_runner.py:55} INFO - Started process 4453 to run task
[2024-12-21T20:25:30.711+0000] {standard_task_runner.py:82} INFO - Running: ['***', 'tasks', 'run', '6.1-monitoreando', 'tarea1', 'scheduled__2022-07-12T00:00:00+00:00', '--job-id', '2348', '--raw', '--subdir', 'DAGS_FOLDER/6.1-monitoring.py', '--cfg-path', '/tmp/tmpxrmsh9s9']
[2024-12-21T20:25:30.727+0000] {standard_task_runner.py:83} INFO - Job 2348: Subtask tarea1
[2024-12-21T20:25:32.925+0000] {task_command.py:376} INFO - Running <TaskInstance: 6.1-monitoreando.tarea1 scheduled__2022-07-12T00:00:00+00:00 [running]> on host a39b43f32cb0
[2024-12-21T20:25:34.496+0000] {taskinstance.py:1592} INFO - Exporting the following env vars:
AIRFLOW_CTX_DAG_OWNER=***
AIRFLOW_CTX_DAG_ID=6.1-monitoreando
AIRFLOW_CTX_TASK_ID=tarea1
AIRFLOW_CTX_EXECUTION_DATE=2022-07-12T00:00:00+00:00
AIRFLOW_CTX_TRY_NUMBER=1
AIRFLOW_CTX_DAG_RUN_ID=scheduled__2022-07-12T00:00:00+00:00
[2024-12-21T20:25:34.512+0000] {subprocess.py:63} INFO - Tmp dir root location: 
 /tmp
[2024-12-21T20:25:34.514+0000] {subprocess.py:75} INFO - Running command: ['/bin/bash', '-c', "sleep 2 && echo 'Tarea 1'"]
[2024-12-21T20:25:34.608+0000] {subprocess.py:86} INFO - Output:
[2024-12-21T20:25:36.667+0000] {subprocess.py:93} INFO - Tarea 1
[2024-12-21T20:25:36.823+0000] {subprocess.py:97} INFO - Command exited with return code 0
[2024-12-21T20:25:38.698+0000] {taskinstance.py:1406} INFO - Marking task as SUCCESS. dag_id=6.1-monitoreando, task_id=tarea1, execution_date=20220712T000000, start_date=20241221T202529, end_date=20241221T202538
[2024-12-21T20:25:39.193+0000] {local_task_job.py:164} INFO - Task exited with return code 0
[2024-12-21T20:25:39.810+0000] {local_task_job.py:273} INFO - 1 downstream tasks scheduled from follow-on schedule check
