[2024-12-21T21:26:00.916+0000] {taskinstance.py:1165} INFO - Dependencies all met for <TaskInstance: commiteando_cosas.check scheduled__2024-12-21T21:25:00+00:00 [queued]>
[2024-12-21T21:26:00.927+0000] {taskinstance.py:1165} INFO - Dependencies all met for <TaskInstance: commiteando_cosas.check scheduled__2024-12-21T21:25:00+00:00 [queued]>
[2024-12-21T21:26:00.927+0000] {taskinstance.py:1362} INFO - 
--------------------------------------------------------------------------------
[2024-12-21T21:26:00.927+0000] {taskinstance.py:1363} INFO - Starting attempt 1 of 1
[2024-12-21T21:26:00.927+0000] {taskinstance.py:1364} INFO - 
--------------------------------------------------------------------------------
[2024-12-21T21:26:00.937+0000] {taskinstance.py:1383} INFO - Executing <Task(BashOperator): check> on 2024-12-21 21:25:00+00:00
[2024-12-21T21:26:00.941+0000] {standard_task_runner.py:55} INFO - Started process 8028 to run task
[2024-12-21T21:26:00.947+0000] {standard_task_runner.py:82} INFO - Running: ['***', 'tasks', 'run', 'commiteando_cosas', 'check', 'scheduled__2024-12-21T21:25:00+00:00', '--job-id', '2626', '--raw', '--subdir', 'DAGS_FOLDER/elPataCommits.py', '--cfg-path', '/tmp/tmp_eprt3op']
[2024-12-21T21:26:00.948+0000] {standard_task_runner.py:83} INFO - Job 2626: Subtask check
[2024-12-21T21:26:01.003+0000] {task_command.py:376} INFO - Running <TaskInstance: commiteando_cosas.check scheduled__2024-12-21T21:25:00+00:00 [running]> on host a39b43f32cb0
[2024-12-21T21:26:01.059+0000] {taskinstance.py:1592} INFO - Exporting the following env vars:
AIRFLOW_CTX_DAG_OWNER=***
AIRFLOW_CTX_DAG_ID=commiteando_cosas
AIRFLOW_CTX_TASK_ID=check
AIRFLOW_CTX_EXECUTION_DATE=2024-12-21T21:25:00+00:00
AIRFLOW_CTX_TRY_NUMBER=1
AIRFLOW_CTX_DAG_RUN_ID=scheduled__2024-12-21T21:25:00+00:00
[2024-12-21T21:26:01.060+0000] {subprocess.py:63} INFO - Tmp dir root location: 
 /tmp
[2024-12-21T21:26:01.061+0000] {subprocess.py:75} INFO - Running command: ['/bin/bash', '-c', '\n        echo && \n        whoami && \n        echo && \n        pwd && \n        echo\n        ']
[2024-12-21T21:26:01.068+0000] {subprocess.py:86} INFO - Output:
[2024-12-21T21:26:01.071+0000] {subprocess.py:93} INFO - 
[2024-12-21T21:26:01.072+0000] {subprocess.py:93} INFO - ***
[2024-12-21T21:26:01.073+0000] {subprocess.py:93} INFO - 
[2024-12-21T21:26:01.073+0000] {subprocess.py:93} INFO - /tmp/***tmp1uv5x91b
[2024-12-21T21:26:01.073+0000] {subprocess.py:93} INFO - 
[2024-12-21T21:26:01.073+0000] {subprocess.py:97} INFO - Command exited with return code 0
[2024-12-21T21:26:01.092+0000] {taskinstance.py:1406} INFO - Marking task as SUCCESS. dag_id=commiteando_cosas, task_id=check, execution_date=20241221T212500, start_date=20241221T212600, end_date=20241221T212601
[2024-12-21T21:26:01.124+0000] {local_task_job.py:164} INFO - Task exited with return code 0
[2024-12-21T21:26:01.146+0000] {local_task_job.py:273} INFO - 1 downstream tasks scheduled from follow-on schedule check
