[2024-12-21T20:27:03.630+0000] {taskinstance.py:1165} INFO - Dependencies all met for <TaskInstance: 6.1-monitoreando.tarea4 scheduled__2022-07-16T00:00:00+00:00 [queued]>
[2024-12-21T20:27:03.641+0000] {taskinstance.py:1165} INFO - Dependencies all met for <TaskInstance: 6.1-monitoreando.tarea4 scheduled__2022-07-16T00:00:00+00:00 [queued]>
[2024-12-21T20:27:03.644+0000] {taskinstance.py:1362} INFO - 
--------------------------------------------------------------------------------
[2024-12-21T20:27:03.645+0000] {taskinstance.py:1363} INFO - Starting attempt 1 of 1
[2024-12-21T20:27:03.646+0000] {taskinstance.py:1364} INFO - 
--------------------------------------------------------------------------------
[2024-12-21T20:27:03.664+0000] {taskinstance.py:1383} INFO - Executing <Task(BashOperator): tarea4> on 2022-07-16 00:00:00+00:00
[2024-12-21T20:27:03.670+0000] {standard_task_runner.py:55} INFO - Started process 4797 to run task
[2024-12-21T20:27:03.674+0000] {standard_task_runner.py:82} INFO - Running: ['***', 'tasks', 'run', '6.1-monitoreando', 'tarea4', 'scheduled__2022-07-16T00:00:00+00:00', '--job-id', '2433', '--raw', '--subdir', 'DAGS_FOLDER/6.1-monitoring.py', '--cfg-path', '/tmp/tmp7w15ioun']
[2024-12-21T20:27:03.676+0000] {standard_task_runner.py:83} INFO - Job 2433: Subtask tarea4
[2024-12-21T20:27:03.751+0000] {task_command.py:376} INFO - Running <TaskInstance: 6.1-monitoreando.tarea4 scheduled__2022-07-16T00:00:00+00:00 [running]> on host a39b43f32cb0
[2024-12-21T20:27:03.848+0000] {taskinstance.py:1592} INFO - Exporting the following env vars:
AIRFLOW_CTX_DAG_OWNER=***
AIRFLOW_CTX_DAG_ID=6.1-monitoreando
AIRFLOW_CTX_TASK_ID=tarea4
AIRFLOW_CTX_EXECUTION_DATE=2022-07-16T00:00:00+00:00
AIRFLOW_CTX_TRY_NUMBER=1
AIRFLOW_CTX_DAG_RUN_ID=scheduled__2022-07-16T00:00:00+00:00
[2024-12-21T20:27:03.849+0000] {subprocess.py:63} INFO - Tmp dir root location: 
 /tmp
[2024-12-21T20:27:03.851+0000] {subprocess.py:75} INFO - Running command: ['/bin/bash', '-c', "sleep 2 && echo 'Tarea 4'"]
[2024-12-21T20:27:03.860+0000] {subprocess.py:86} INFO - Output:
[2024-12-21T20:27:05.867+0000] {subprocess.py:93} INFO - Tarea 4
[2024-12-21T20:27:05.872+0000] {subprocess.py:97} INFO - Command exited with return code 0
[2024-12-21T20:27:05.932+0000] {taskinstance.py:1406} INFO - Marking task as SUCCESS. dag_id=6.1-monitoreando, task_id=tarea4, execution_date=20220716T000000, start_date=20241221T202703, end_date=20241221T202705
[2024-12-21T20:27:05.991+0000] {local_task_job.py:164} INFO - Task exited with return code 0
[2024-12-21T20:27:06.044+0000] {local_task_job.py:273} INFO - 1 downstream tasks scheduled from follow-on schedule check
