[2024-12-21T20:24:43.154+0000] {taskinstance.py:1165} INFO - Dependencies all met for <TaskInstance: 6.1-monitoreando.tarea1 scheduled__2022-06-14T00:00:00+00:00 [queued]>
[2024-12-21T20:24:43.242+0000] {taskinstance.py:1165} INFO - Dependencies all met for <TaskInstance: 6.1-monitoreando.tarea1 scheduled__2022-06-14T00:00:00+00:00 [queued]>
[2024-12-21T20:24:43.243+0000] {taskinstance.py:1362} INFO - 
--------------------------------------------------------------------------------
[2024-12-21T20:24:43.247+0000] {taskinstance.py:1363} INFO - Starting attempt 1 of 1
[2024-12-21T20:24:43.247+0000] {taskinstance.py:1364} INFO - 
--------------------------------------------------------------------------------
[2024-12-21T20:24:43.416+0000] {taskinstance.py:1383} INFO - Executing <Task(BashOperator): tarea1> on 2022-06-14 00:00:00+00:00
[2024-12-21T20:24:43.431+0000] {standard_task_runner.py:55} INFO - Started process 4225 to run task
[2024-12-21T20:24:43.466+0000] {standard_task_runner.py:82} INFO - Running: ['***', 'tasks', 'run', '6.1-monitoreando', 'tarea1', 'scheduled__2022-06-14T00:00:00+00:00', '--job-id', '2293', '--raw', '--subdir', 'DAGS_FOLDER/6.1-monitoring.py', '--cfg-path', '/tmp/tmp1ds2fpvf']
[2024-12-21T20:24:43.472+0000] {standard_task_runner.py:83} INFO - Job 2293: Subtask tarea1
[2024-12-21T20:24:43.820+0000] {task_command.py:376} INFO - Running <TaskInstance: 6.1-monitoreando.tarea1 scheduled__2022-06-14T00:00:00+00:00 [running]> on host a39b43f32cb0
[2024-12-21T20:24:44.411+0000] {taskinstance.py:1592} INFO - Exporting the following env vars:
AIRFLOW_CTX_DAG_OWNER=***
AIRFLOW_CTX_DAG_ID=6.1-monitoreando
AIRFLOW_CTX_TASK_ID=tarea1
AIRFLOW_CTX_EXECUTION_DATE=2022-06-14T00:00:00+00:00
AIRFLOW_CTX_TRY_NUMBER=1
AIRFLOW_CTX_DAG_RUN_ID=scheduled__2022-06-14T00:00:00+00:00
[2024-12-21T20:24:44.429+0000] {subprocess.py:63} INFO - Tmp dir root location: 
 /tmp
[2024-12-21T20:24:44.452+0000] {subprocess.py:75} INFO - Running command: ['/bin/bash', '-c', "sleep 2 && echo 'Tarea 1'"]
[2024-12-21T20:24:44.598+0000] {subprocess.py:86} INFO - Output:
[2024-12-21T20:24:46.650+0000] {subprocess.py:93} INFO - Tarea 1
[2024-12-21T20:24:46.658+0000] {subprocess.py:97} INFO - Command exited with return code 0
[2024-12-21T20:24:46.707+0000] {taskinstance.py:1406} INFO - Marking task as SUCCESS. dag_id=6.1-monitoreando, task_id=tarea1, execution_date=20220614T000000, start_date=20241221T202443, end_date=20241221T202446
[2024-12-21T20:24:46.747+0000] {local_task_job.py:164} INFO - Task exited with return code 0
[2024-12-21T20:24:46.813+0000] {local_task_job.py:273} INFO - 1 downstream tasks scheduled from follow-on schedule check
