[2024-12-21T21:05:00.578+0000] {taskinstance.py:1165} INFO - Dependencies all met for <TaskInstance: commiteando_cosas.check scheduled__2024-12-21T21:04:00+00:00 [queued]>
[2024-12-21T21:05:00.591+0000] {taskinstance.py:1165} INFO - Dependencies all met for <TaskInstance: commiteando_cosas.check scheduled__2024-12-21T21:04:00+00:00 [queued]>
[2024-12-21T21:05:00.592+0000] {taskinstance.py:1362} INFO - 
--------------------------------------------------------------------------------
[2024-12-21T21:05:00.592+0000] {taskinstance.py:1363} INFO - Starting attempt 1 of 1
[2024-12-21T21:05:00.592+0000] {taskinstance.py:1364} INFO - 
--------------------------------------------------------------------------------
[2024-12-21T21:05:00.606+0000] {taskinstance.py:1383} INFO - Executing <Task(BashOperator): check> on 2024-12-21 21:04:00+00:00
[2024-12-21T21:05:00.618+0000] {standard_task_runner.py:55} INFO - Started process 7078 to run task
[2024-12-21T21:05:00.637+0000] {standard_task_runner.py:82} INFO - Running: ['***', 'tasks', 'run', 'commiteando_cosas', 'check', 'scheduled__2024-12-21T21:04:00+00:00', '--job-id', '2576', '--raw', '--subdir', 'DAGS_FOLDER/elPataCommits.py', '--cfg-path', '/tmp/tmp10vbyvr4']
[2024-12-21T21:05:00.638+0000] {standard_task_runner.py:83} INFO - Job 2576: Subtask check
[2024-12-21T21:05:00.713+0000] {task_command.py:376} INFO - Running <TaskInstance: commiteando_cosas.check scheduled__2024-12-21T21:04:00+00:00 [running]> on host a39b43f32cb0
[2024-12-21T21:05:00.808+0000] {taskinstance.py:1592} INFO - Exporting the following env vars:
AIRFLOW_CTX_DAG_OWNER=***
AIRFLOW_CTX_DAG_ID=commiteando_cosas
AIRFLOW_CTX_TASK_ID=check
AIRFLOW_CTX_EXECUTION_DATE=2024-12-21T21:04:00+00:00
AIRFLOW_CTX_TRY_NUMBER=1
AIRFLOW_CTX_DAG_RUN_ID=scheduled__2024-12-21T21:04:00+00:00
[2024-12-21T21:05:00.810+0000] {subprocess.py:63} INFO - Tmp dir root location: 
 /tmp
[2024-12-21T21:05:00.811+0000] {subprocess.py:75} INFO - Running command: ['/bin/bash', '-c', '\n        echo \n\n        whoami\n        echo \n\n        pwd    \n        echo \n    \n        ']
[2024-12-21T21:05:00.821+0000] {subprocess.py:86} INFO - Output:
[2024-12-21T21:05:00.824+0000] {subprocess.py:93} INFO - 
[2024-12-21T21:05:00.826+0000] {subprocess.py:93} INFO - ***
[2024-12-21T21:05:00.826+0000] {subprocess.py:93} INFO - 
[2024-12-21T21:05:00.826+0000] {subprocess.py:93} INFO - /tmp/***tmpjb1jjgdb
[2024-12-21T21:05:00.826+0000] {subprocess.py:93} INFO - 
[2024-12-21T21:05:00.827+0000] {subprocess.py:97} INFO - Command exited with return code 0
[2024-12-21T21:05:00.853+0000] {taskinstance.py:1406} INFO - Marking task as SUCCESS. dag_id=commiteando_cosas, task_id=check, execution_date=20241221T210400, start_date=20241221T210500, end_date=20241221T210500
[2024-12-21T21:05:00.899+0000] {local_task_job.py:164} INFO - Task exited with return code 0
[2024-12-21T21:05:00.943+0000] {local_task_job.py:273} INFO - 1 downstream tasks scheduled from follow-on schedule check
