[2024-12-21T20:25:51.336+0000] {taskinstance.py:1165} INFO - Dependencies all met for <TaskInstance: 6.1-monitoreando.tarea2 scheduled__2022-07-14T00:00:00+00:00 [queued]>
[2024-12-21T20:25:51.487+0000] {taskinstance.py:1165} INFO - Dependencies all met for <TaskInstance: 6.1-monitoreando.tarea2 scheduled__2022-07-14T00:00:00+00:00 [queued]>
[2024-12-21T20:25:51.489+0000] {taskinstance.py:1362} INFO - 
--------------------------------------------------------------------------------
[2024-12-21T20:25:51.489+0000] {taskinstance.py:1363} INFO - Starting attempt 1 of 1
[2024-12-21T20:25:51.501+0000] {taskinstance.py:1364} INFO - 
--------------------------------------------------------------------------------
[2024-12-21T20:25:52.483+0000] {taskinstance.py:1383} INFO - Executing <Task(BashOperator): tarea2> on 2022-07-14 00:00:00+00:00
[2024-12-21T20:25:52.573+0000] {standard_task_runner.py:55} INFO - Started process 4549 to run task
[2024-12-21T20:25:52.721+0000] {standard_task_runner.py:82} INFO - Running: ['***', 'tasks', 'run', '6.1-monitoreando', 'tarea2', 'scheduled__2022-07-14T00:00:00+00:00', '--job-id', '2369', '--raw', '--subdir', 'DAGS_FOLDER/6.1-monitoring.py', '--cfg-path', '/tmp/tmp7rvx1zcu']
[2024-12-21T20:25:52.755+0000] {standard_task_runner.py:83} INFO - Job 2369: Subtask tarea2
[2024-12-21T20:25:54.965+0000] {task_command.py:376} INFO - Running <TaskInstance: 6.1-monitoreando.tarea2 scheduled__2022-07-14T00:00:00+00:00 [running]> on host a39b43f32cb0
[2024-12-21T20:25:55.840+0000] {taskinstance.py:1592} INFO - Exporting the following env vars:
AIRFLOW_CTX_DAG_OWNER=***
AIRFLOW_CTX_DAG_ID=6.1-monitoreando
AIRFLOW_CTX_TASK_ID=tarea2
AIRFLOW_CTX_EXECUTION_DATE=2022-07-14T00:00:00+00:00
AIRFLOW_CTX_TRY_NUMBER=1
AIRFLOW_CTX_DAG_RUN_ID=scheduled__2022-07-14T00:00:00+00:00
[2024-12-21T20:25:55.890+0000] {subprocess.py:63} INFO - Tmp dir root location: 
 /tmp
[2024-12-21T20:25:55.895+0000] {subprocess.py:75} INFO - Running command: ['/bin/bash', '-c', "sleep 2 && echo 'Tarea 2'"]
[2024-12-21T20:25:55.968+0000] {subprocess.py:86} INFO - Output:
[2024-12-21T20:25:58.108+0000] {subprocess.py:93} INFO - Tarea 2
[2024-12-21T20:25:58.138+0000] {subprocess.py:97} INFO - Command exited with return code 0
[2024-12-21T20:25:59.046+0000] {taskinstance.py:1406} INFO - Marking task as SUCCESS. dag_id=6.1-monitoreando, task_id=tarea2, execution_date=20220714T000000, start_date=20241221T202551, end_date=20241221T202559
[2024-12-21T20:25:59.924+0000] {local_task_job.py:164} INFO - Task exited with return code 0
[2024-12-21T20:26:01.509+0000] {local_task_job.py:273} INFO - 0 downstream tasks scheduled from follow-on schedule check
