[2024-12-21T22:23:01.213+0000] {taskinstance.py:1165} INFO - Dependencies all met for <TaskInstance: commiteando_cosas.check scheduled__2024-12-21T22:22:00+00:00 [queued]>
[2024-12-21T22:23:01.228+0000] {taskinstance.py:1165} INFO - Dependencies all met for <TaskInstance: commiteando_cosas.check scheduled__2024-12-21T22:22:00+00:00 [queued]>
[2024-12-21T22:23:01.229+0000] {taskinstance.py:1362} INFO - 
--------------------------------------------------------------------------------
[2024-12-21T22:23:01.229+0000] {taskinstance.py:1363} INFO - Starting attempt 1 of 1
[2024-12-21T22:23:01.229+0000] {taskinstance.py:1364} INFO - 
--------------------------------------------------------------------------------
[2024-12-21T22:23:01.240+0000] {taskinstance.py:1383} INFO - Executing <Task(BashOperator): check> on 2024-12-21 22:22:00+00:00
[2024-12-21T22:23:01.245+0000] {standard_task_runner.py:55} INFO - Started process 11343 to run task
[2024-12-21T22:23:01.251+0000] {standard_task_runner.py:82} INFO - Running: ['***', 'tasks', 'run', 'commiteando_cosas', 'check', 'scheduled__2024-12-21T22:22:00+00:00', '--job-id', '2797', '--raw', '--subdir', 'DAGS_FOLDER/elPataCommits.py', '--cfg-path', '/tmp/tmph5yd4ln9']
[2024-12-21T22:23:01.252+0000] {standard_task_runner.py:83} INFO - Job 2797: Subtask check
[2024-12-21T22:23:01.326+0000] {task_command.py:376} INFO - Running <TaskInstance: commiteando_cosas.check scheduled__2024-12-21T22:22:00+00:00 [running]> on host a39b43f32cb0
[2024-12-21T22:23:01.400+0000] {taskinstance.py:1592} INFO - Exporting the following env vars:
AIRFLOW_CTX_DAG_OWNER=***
AIRFLOW_CTX_DAG_ID=commiteando_cosas
AIRFLOW_CTX_TASK_ID=check
AIRFLOW_CTX_EXECUTION_DATE=2024-12-21T22:22:00+00:00
AIRFLOW_CTX_TRY_NUMBER=1
AIRFLOW_CTX_DAG_RUN_ID=scheduled__2024-12-21T22:22:00+00:00
[2024-12-21T22:23:01.402+0000] {subprocess.py:63} INFO - Tmp dir root location: 
 /tmp
[2024-12-21T22:23:01.403+0000] {subprocess.py:75} INFO - Running command: ['/bin/bash', '-c', '\n        echo && \n        whoami && \n        echo && \n        pwd && \n        echo\n        ']
[2024-12-21T22:23:01.411+0000] {subprocess.py:86} INFO - Output:
[2024-12-21T22:23:01.414+0000] {subprocess.py:93} INFO - 
[2024-12-21T22:23:01.415+0000] {subprocess.py:93} INFO - ***
[2024-12-21T22:23:01.415+0000] {subprocess.py:93} INFO - 
[2024-12-21T22:23:01.416+0000] {subprocess.py:93} INFO - /tmp/***tmpza1qzy38
[2024-12-21T22:23:01.416+0000] {subprocess.py:93} INFO - 
[2024-12-21T22:23:01.416+0000] {subprocess.py:97} INFO - Command exited with return code 0
[2024-12-21T22:23:01.438+0000] {taskinstance.py:1406} INFO - Marking task as SUCCESS. dag_id=commiteando_cosas, task_id=check, execution_date=20241221T222200, start_date=20241221T222301, end_date=20241221T222301
[2024-12-21T22:23:01.470+0000] {local_task_job.py:164} INFO - Task exited with return code 0
[2024-12-21T22:23:01.494+0000] {local_task_job.py:273} INFO - 1 downstream tasks scheduled from follow-on schedule check
