[2024-12-21T13:42:25.006+0000] {taskinstance.py:1165} INFO - Dependencies all met for <TaskInstance: bashoperator.hello_with_bash scheduled__2024-07-11T00:00:00+00:00 [queued]>
[2024-12-21T13:42:25.041+0000] {taskinstance.py:1165} INFO - Dependencies all met for <TaskInstance: bashoperator.hello_with_bash scheduled__2024-07-11T00:00:00+00:00 [queued]>
[2024-12-21T13:42:25.042+0000] {taskinstance.py:1362} INFO - 
--------------------------------------------------------------------------------
[2024-12-21T13:42:25.043+0000] {taskinstance.py:1363} INFO - Starting attempt 1 of 1
[2024-12-21T13:42:25.045+0000] {taskinstance.py:1364} INFO - 
--------------------------------------------------------------------------------
[2024-12-21T13:42:25.102+0000] {taskinstance.py:1383} INFO - Executing <Task(BashOperator): hello_with_bash> on 2024-07-11 00:00:00+00:00
[2024-12-21T13:42:25.112+0000] {standard_task_runner.py:55} INFO - Started process 4421 to run task
[2024-12-21T13:42:25.119+0000] {standard_task_runner.py:82} INFO - Running: ['***', 'tasks', 'run', 'bashoperator', 'hello_with_bash', 'scheduled__2024-07-11T00:00:00+00:00', '--job-id', '887', '--raw', '--subdir', 'DAGS_FOLDER/1-bashoperator.py', '--cfg-path', '/tmp/tmpvx3rn_6j']
[2024-12-21T13:42:25.120+0000] {standard_task_runner.py:83} INFO - Job 887: Subtask hello_with_bash
[2024-12-21T13:42:25.266+0000] {task_command.py:376} INFO - Running <TaskInstance: bashoperator.hello_with_bash scheduled__2024-07-11T00:00:00+00:00 [running]> on host a39b43f32cb0
[2024-12-21T13:42:25.518+0000] {taskinstance.py:1592} INFO - Exporting the following env vars:
AIRFLOW_CTX_DAG_OWNER=***
AIRFLOW_CTX_DAG_ID=bashoperator
AIRFLOW_CTX_TASK_ID=hello_with_bash
AIRFLOW_CTX_EXECUTION_DATE=2024-07-11T00:00:00+00:00
AIRFLOW_CTX_TRY_NUMBER=1
AIRFLOW_CTX_DAG_RUN_ID=scheduled__2024-07-11T00:00:00+00:00
[2024-12-21T13:42:25.523+0000] {subprocess.py:63} INFO - Tmp dir root location: 
 /tmp
[2024-12-21T13:42:25.524+0000] {subprocess.py:75} INFO - Running command: ['/bin/bash', '-c', "echo 'hello gente'"]
[2024-12-21T13:42:25.553+0000] {subprocess.py:86} INFO - Output:
[2024-12-21T13:42:25.557+0000] {subprocess.py:93} INFO - hello gente
[2024-12-21T13:42:25.559+0000] {subprocess.py:97} INFO - Command exited with return code 0
[2024-12-21T13:42:25.644+0000] {taskinstance.py:1406} INFO - Marking task as SUCCESS. dag_id=bashoperator, task_id=hello_with_bash, execution_date=20240711T000000, start_date=20241221T134225, end_date=20241221T134225
[2024-12-21T13:42:25.739+0000] {local_task_job.py:164} INFO - Task exited with return code 0
[2024-12-21T13:42:25.873+0000] {local_task_job.py:273} INFO - 0 downstream tasks scheduled from follow-on schedule check
