[2024-12-21T19:46:48.765+0000] {taskinstance.py:1165} INFO - Dependencies all met for <TaskInstance: 5.2-orquestacion.tarea1 scheduled__2024-05-27T07:00:00+00:00 [queued]>
[2024-12-21T19:46:48.774+0000] {taskinstance.py:1165} INFO - Dependencies all met for <TaskInstance: 5.2-orquestacion.tarea1 scheduled__2024-05-27T07:00:00+00:00 [queued]>
[2024-12-21T19:46:48.774+0000] {taskinstance.py:1362} INFO - 
--------------------------------------------------------------------------------
[2024-12-21T19:46:48.774+0000] {taskinstance.py:1363} INFO - Starting attempt 1 of 1
[2024-12-21T19:46:48.774+0000] {taskinstance.py:1364} INFO - 
--------------------------------------------------------------------------------
[2024-12-21T19:46:48.785+0000] {taskinstance.py:1383} INFO - Executing <Task(BashOperator): tarea1> on 2024-05-27 07:00:00+00:00
[2024-12-21T19:46:48.788+0000] {standard_task_runner.py:55} INFO - Started process 2512 to run task
[2024-12-21T19:46:48.791+0000] {standard_task_runner.py:82} INFO - Running: ['***', 'tasks', 'run', '5.2-orquestacion', 'tarea1', 'scheduled__2024-05-27T07:00:00+00:00', '--job-id', '2170', '--raw', '--subdir', 'DAGS_FOLDER/5.2-orquestation.py', '--cfg-path', '/tmp/tmpobbvy5gy']
[2024-12-21T19:46:48.791+0000] {standard_task_runner.py:83} INFO - Job 2170: Subtask tarea1
[2024-12-21T19:46:48.840+0000] {task_command.py:376} INFO - Running <TaskInstance: 5.2-orquestacion.tarea1 scheduled__2024-05-27T07:00:00+00:00 [running]> on host a39b43f32cb0
[2024-12-21T19:46:48.896+0000] {taskinstance.py:1592} INFO - Exporting the following env vars:
AIRFLOW_CTX_DAG_OWNER=***
AIRFLOW_CTX_DAG_ID=5.2-orquestacion
AIRFLOW_CTX_TASK_ID=tarea1
AIRFLOW_CTX_EXECUTION_DATE=2024-05-27T07:00:00+00:00
AIRFLOW_CTX_TRY_NUMBER=1
AIRFLOW_CTX_DAG_RUN_ID=scheduled__2024-05-27T07:00:00+00:00
[2024-12-21T19:46:48.897+0000] {subprocess.py:63} INFO - Tmp dir root location: 
 /tmp
[2024-12-21T19:46:48.898+0000] {subprocess.py:75} INFO - Running command: ['/bin/bash', '-c', "sleep 2 && echo 'Tarea 1'"]
[2024-12-21T19:46:48.904+0000] {subprocess.py:86} INFO - Output:
[2024-12-21T19:46:50.913+0000] {subprocess.py:93} INFO - Tarea 1
[2024-12-21T19:46:50.920+0000] {subprocess.py:97} INFO - Command exited with return code 0
[2024-12-21T19:46:50.978+0000] {taskinstance.py:1406} INFO - Marking task as SUCCESS. dag_id=5.2-orquestacion, task_id=tarea1, execution_date=20240527T070000, start_date=20241221T194648, end_date=20241221T194650
[2024-12-21T19:46:51.002+0000] {local_task_job.py:164} INFO - Task exited with return code 0
[2024-12-21T19:46:51.047+0000] {local_task_job.py:273} INFO - 1 downstream tasks scheduled from follow-on schedule check
