[2024-12-21T20:26:04.957+0000] {taskinstance.py:1165} INFO - Dependencies all met for <TaskInstance: 6.1-monitoreando.tarea4 scheduled__2022-07-06T00:00:00+00:00 [queued]>
[2024-12-21T20:26:05.469+0000] {taskinstance.py:1165} INFO - Dependencies all met for <TaskInstance: 6.1-monitoreando.tarea4 scheduled__2022-07-06T00:00:00+00:00 [queued]>
[2024-12-21T20:26:05.496+0000] {taskinstance.py:1362} INFO - 
--------------------------------------------------------------------------------
[2024-12-21T20:26:05.498+0000] {taskinstance.py:1363} INFO - Starting attempt 1 of 1
[2024-12-21T20:26:05.498+0000] {taskinstance.py:1364} INFO - 
--------------------------------------------------------------------------------
[2024-12-21T20:26:05.888+0000] {taskinstance.py:1383} INFO - Executing <Task(BashOperator): tarea4> on 2022-07-06 00:00:00+00:00
[2024-12-21T20:26:06.258+0000] {standard_task_runner.py:55} INFO - Started process 4587 to run task
[2024-12-21T20:26:06.377+0000] {standard_task_runner.py:82} INFO - Running: ['***', 'tasks', 'run', '6.1-monitoreando', 'tarea4', 'scheduled__2022-07-06T00:00:00+00:00', '--job-id', '2380', '--raw', '--subdir', 'DAGS_FOLDER/6.1-monitoring.py', '--cfg-path', '/tmp/tmpnmkstbdr']
[2024-12-21T20:26:06.379+0000] {standard_task_runner.py:83} INFO - Job 2380: Subtask tarea4
[2024-12-21T20:26:08.781+0000] {task_command.py:376} INFO - Running <TaskInstance: 6.1-monitoreando.tarea4 scheduled__2022-07-06T00:00:00+00:00 [running]> on host a39b43f32cb0
[2024-12-21T20:26:10.673+0000] {taskinstance.py:1592} INFO - Exporting the following env vars:
AIRFLOW_CTX_DAG_OWNER=***
AIRFLOW_CTX_DAG_ID=6.1-monitoreando
AIRFLOW_CTX_TASK_ID=tarea4
AIRFLOW_CTX_EXECUTION_DATE=2022-07-06T00:00:00+00:00
AIRFLOW_CTX_TRY_NUMBER=1
AIRFLOW_CTX_DAG_RUN_ID=scheduled__2022-07-06T00:00:00+00:00
[2024-12-21T20:26:10.778+0000] {subprocess.py:63} INFO - Tmp dir root location: 
 /tmp
[2024-12-21T20:26:10.805+0000] {subprocess.py:75} INFO - Running command: ['/bin/bash', '-c', "sleep 2 && echo 'Tarea 4'"]
[2024-12-21T20:26:10.865+0000] {subprocess.py:86} INFO - Output:
[2024-12-21T20:26:13.010+0000] {subprocess.py:93} INFO - Tarea 4
[2024-12-21T20:26:13.225+0000] {subprocess.py:97} INFO - Command exited with return code 0
[2024-12-21T20:26:14.942+0000] {taskinstance.py:1406} INFO - Marking task as SUCCESS. dag_id=6.1-monitoreando, task_id=tarea4, execution_date=20220706T000000, start_date=20241221T202605, end_date=20241221T202614
[2024-12-21T20:26:16.230+0000] {local_task_job.py:164} INFO - Task exited with return code 0
[2024-12-21T20:26:18.061+0000] {local_task_job.py:273} INFO - 0 downstream tasks scheduled from follow-on schedule check
