[2024-12-21T22:01:01.032+0000] {taskinstance.py:1165} INFO - Dependencies all met for <TaskInstance: commiteando_cosas.check scheduled__2024-12-21T22:00:00+00:00 [queued]>
[2024-12-21T22:01:01.043+0000] {taskinstance.py:1165} INFO - Dependencies all met for <TaskInstance: commiteando_cosas.check scheduled__2024-12-21T22:00:00+00:00 [queued]>
[2024-12-21T22:01:01.043+0000] {taskinstance.py:1362} INFO - 
--------------------------------------------------------------------------------
[2024-12-21T22:01:01.043+0000] {taskinstance.py:1363} INFO - Starting attempt 1 of 1
[2024-12-21T22:01:01.043+0000] {taskinstance.py:1364} INFO - 
--------------------------------------------------------------------------------
[2024-12-21T22:01:01.055+0000] {taskinstance.py:1383} INFO - Executing <Task(BashOperator): check> on 2024-12-21 22:00:00+00:00
[2024-12-21T22:01:01.059+0000] {standard_task_runner.py:55} INFO - Started process 10083 to run task
[2024-12-21T22:01:01.064+0000] {standard_task_runner.py:82} INFO - Running: ['***', 'tasks', 'run', 'commiteando_cosas', 'check', 'scheduled__2024-12-21T22:00:00+00:00', '--job-id', '2731', '--raw', '--subdir', 'DAGS_FOLDER/elPataCommits.py', '--cfg-path', '/tmp/tmp_13cfnuj']
[2024-12-21T22:01:01.065+0000] {standard_task_runner.py:83} INFO - Job 2731: Subtask check
[2024-12-21T22:01:01.141+0000] {task_command.py:376} INFO - Running <TaskInstance: commiteando_cosas.check scheduled__2024-12-21T22:00:00+00:00 [running]> on host a39b43f32cb0
[2024-12-21T22:01:01.223+0000] {taskinstance.py:1592} INFO - Exporting the following env vars:
AIRFLOW_CTX_DAG_OWNER=***
AIRFLOW_CTX_DAG_ID=commiteando_cosas
AIRFLOW_CTX_TASK_ID=check
AIRFLOW_CTX_EXECUTION_DATE=2024-12-21T22:00:00+00:00
AIRFLOW_CTX_TRY_NUMBER=1
AIRFLOW_CTX_DAG_RUN_ID=scheduled__2024-12-21T22:00:00+00:00
[2024-12-21T22:01:01.225+0000] {subprocess.py:63} INFO - Tmp dir root location: 
 /tmp
[2024-12-21T22:01:01.226+0000] {subprocess.py:75} INFO - Running command: ['/bin/bash', '-c', '\n        echo && \n        whoami && \n        echo && \n        pwd && \n        echo\n        ']
[2024-12-21T22:01:01.235+0000] {subprocess.py:86} INFO - Output:
[2024-12-21T22:01:01.238+0000] {subprocess.py:93} INFO - 
[2024-12-21T22:01:01.240+0000] {subprocess.py:93} INFO - ***
[2024-12-21T22:01:01.240+0000] {subprocess.py:93} INFO - 
[2024-12-21T22:01:01.240+0000] {subprocess.py:93} INFO - /tmp/***tmpc2wxr6wq
[2024-12-21T22:01:01.241+0000] {subprocess.py:93} INFO - 
[2024-12-21T22:01:01.241+0000] {subprocess.py:97} INFO - Command exited with return code 0
[2024-12-21T22:01:01.267+0000] {taskinstance.py:1406} INFO - Marking task as SUCCESS. dag_id=commiteando_cosas, task_id=check, execution_date=20241221T220000, start_date=20241221T220101, end_date=20241221T220101
[2024-12-21T22:01:01.285+0000] {local_task_job.py:164} INFO - Task exited with return code 0
[2024-12-21T22:01:01.310+0000] {local_task_job.py:273} INFO - 1 downstream tasks scheduled from follow-on schedule check
