[2024-12-21T13:37:38.802+0000] {taskinstance.py:1165} INFO - Dependencies all met for <TaskInstance: bashoperator.hello_with_bash scheduled__2023-05-18T00:00:00+00:00 [queued]>
[2024-12-21T13:37:38.824+0000] {taskinstance.py:1165} INFO - Dependencies all met for <TaskInstance: bashoperator.hello_with_bash scheduled__2023-05-18T00:00:00+00:00 [queued]>
[2024-12-21T13:37:38.826+0000] {taskinstance.py:1362} INFO - 
--------------------------------------------------------------------------------
[2024-12-21T13:37:38.827+0000] {taskinstance.py:1363} INFO - Starting attempt 1 of 1
[2024-12-21T13:37:38.828+0000] {taskinstance.py:1364} INFO - 
--------------------------------------------------------------------------------
[2024-12-21T13:37:38.871+0000] {taskinstance.py:1383} INFO - Executing <Task(BashOperator): hello_with_bash> on 2023-05-18 00:00:00+00:00
[2024-12-21T13:37:38.881+0000] {standard_task_runner.py:55} INFO - Started process 2966 to run task
[2024-12-21T13:37:38.887+0000] {standard_task_runner.py:82} INFO - Running: ['***', 'tasks', 'run', 'bashoperator', 'hello_with_bash', 'scheduled__2023-05-18T00:00:00+00:00', '--job-id', '467', '--raw', '--subdir', 'DAGS_FOLDER/1-bashoperator.py', '--cfg-path', '/tmp/tmpq0c5w3aa']
[2024-12-21T13:37:38.888+0000] {standard_task_runner.py:83} INFO - Job 467: Subtask hello_with_bash
[2024-12-21T13:37:39.036+0000] {task_command.py:376} INFO - Running <TaskInstance: bashoperator.hello_with_bash scheduled__2023-05-18T00:00:00+00:00 [running]> on host a39b43f32cb0
[2024-12-21T13:37:39.180+0000] {taskinstance.py:1592} INFO - Exporting the following env vars:
AIRFLOW_CTX_DAG_OWNER=***
AIRFLOW_CTX_DAG_ID=bashoperator
AIRFLOW_CTX_TASK_ID=hello_with_bash
AIRFLOW_CTX_EXECUTION_DATE=2023-05-18T00:00:00+00:00
AIRFLOW_CTX_TRY_NUMBER=1
AIRFLOW_CTX_DAG_RUN_ID=scheduled__2023-05-18T00:00:00+00:00
[2024-12-21T13:37:39.183+0000] {subprocess.py:63} INFO - Tmp dir root location: 
 /tmp
[2024-12-21T13:37:39.184+0000] {subprocess.py:75} INFO - Running command: ['/bin/bash', '-c', "echo 'hello gente'"]
[2024-12-21T13:37:39.198+0000] {subprocess.py:86} INFO - Output:
[2024-12-21T13:37:39.204+0000] {subprocess.py:93} INFO - hello gente
[2024-12-21T13:37:39.205+0000] {subprocess.py:97} INFO - Command exited with return code 0
[2024-12-21T13:37:39.255+0000] {taskinstance.py:1406} INFO - Marking task as SUCCESS. dag_id=bashoperator, task_id=hello_with_bash, execution_date=20230518T000000, start_date=20241221T133738, end_date=20241221T133739
[2024-12-21T13:37:39.320+0000] {local_task_job.py:164} INFO - Task exited with return code 0
[2024-12-21T13:37:39.361+0000] {local_task_job.py:273} INFO - 0 downstream tasks scheduled from follow-on schedule check
