[2024-12-21T13:36:04.325+0000] {taskinstance.py:1165} INFO - Dependencies all met for <TaskInstance: bashoperator.hello_with_bash scheduled__2022-11-15T00:00:00+00:00 [queued]>
[2024-12-21T13:36:04.412+0000] {taskinstance.py:1165} INFO - Dependencies all met for <TaskInstance: bashoperator.hello_with_bash scheduled__2022-11-15T00:00:00+00:00 [queued]>
[2024-12-21T13:36:04.418+0000] {taskinstance.py:1362} INFO - 
--------------------------------------------------------------------------------
[2024-12-21T13:36:04.419+0000] {taskinstance.py:1363} INFO - Starting attempt 1 of 1
[2024-12-21T13:36:04.420+0000] {taskinstance.py:1364} INFO - 
--------------------------------------------------------------------------------
[2024-12-21T13:36:04.682+0000] {taskinstance.py:1383} INFO - Executing <Task(BashOperator): hello_with_bash> on 2022-11-15 00:00:00+00:00
[2024-12-21T13:36:04.757+0000] {standard_task_runner.py:55} INFO - Started process 2343 to run task
[2024-12-21T13:36:04.802+0000] {standard_task_runner.py:82} INFO - Running: ['***', 'tasks', 'run', 'bashoperator', 'hello_with_bash', 'scheduled__2022-11-15T00:00:00+00:00', '--job-id', '283', '--raw', '--subdir', 'DAGS_FOLDER/1-bashoperator.py', '--cfg-path', '/tmp/tmp_36bdvf9']
[2024-12-21T13:36:04.810+0000] {standard_task_runner.py:83} INFO - Job 283: Subtask hello_with_bash
[2024-12-21T13:36:05.429+0000] {task_command.py:376} INFO - Running <TaskInstance: bashoperator.hello_with_bash scheduled__2022-11-15T00:00:00+00:00 [running]> on host a39b43f32cb0
[2024-12-21T13:36:05.667+0000] {taskinstance.py:1592} INFO - Exporting the following env vars:
AIRFLOW_CTX_DAG_OWNER=***
AIRFLOW_CTX_DAG_ID=bashoperator
AIRFLOW_CTX_TASK_ID=hello_with_bash
AIRFLOW_CTX_EXECUTION_DATE=2022-11-15T00:00:00+00:00
AIRFLOW_CTX_TRY_NUMBER=1
AIRFLOW_CTX_DAG_RUN_ID=scheduled__2022-11-15T00:00:00+00:00
[2024-12-21T13:36:05.674+0000] {subprocess.py:63} INFO - Tmp dir root location: 
 /tmp
[2024-12-21T13:36:05.679+0000] {subprocess.py:75} INFO - Running command: ['/bin/bash', '-c', "echo 'hello gente'"]
[2024-12-21T13:36:05.702+0000] {subprocess.py:86} INFO - Output:
[2024-12-21T13:36:05.710+0000] {subprocess.py:93} INFO - hello gente
[2024-12-21T13:36:05.711+0000] {subprocess.py:97} INFO - Command exited with return code 0
[2024-12-21T13:36:05.802+0000] {taskinstance.py:1406} INFO - Marking task as SUCCESS. dag_id=bashoperator, task_id=hello_with_bash, execution_date=20221115T000000, start_date=20241221T133604, end_date=20241221T133605
[2024-12-21T13:36:05.855+0000] {local_task_job.py:164} INFO - Task exited with return code 0
[2024-12-21T13:36:05.959+0000] {local_task_job.py:273} INFO - 0 downstream tasks scheduled from follow-on schedule check
