[2024-12-21T20:27:28.342+0000] {taskinstance.py:1165} INFO - Dependencies all met for <TaskInstance: 6.1-monitoreando.tarea3 scheduled__2022-07-29T00:00:00+00:00 [queued]>
[2024-12-21T20:27:28.406+0000] {taskinstance.py:1165} INFO - Dependencies all met for <TaskInstance: 6.1-monitoreando.tarea3 scheduled__2022-07-29T00:00:00+00:00 [queued]>
[2024-12-21T20:27:28.425+0000] {taskinstance.py:1362} INFO - 
--------------------------------------------------------------------------------
[2024-12-21T20:27:28.425+0000] {taskinstance.py:1363} INFO - Starting attempt 1 of 1
[2024-12-21T20:27:28.426+0000] {taskinstance.py:1364} INFO - 
--------------------------------------------------------------------------------
[2024-12-21T20:27:28.627+0000] {taskinstance.py:1383} INFO - Executing <Task(BashOperator): tarea3> on 2022-07-29 00:00:00+00:00
[2024-12-21T20:27:28.650+0000] {standard_task_runner.py:55} INFO - Started process 5001 to run task
[2024-12-21T20:27:28.679+0000] {standard_task_runner.py:82} INFO - Running: ['***', 'tasks', 'run', '6.1-monitoreando', 'tarea3', 'scheduled__2022-07-29T00:00:00+00:00', '--job-id', '2482', '--raw', '--subdir', 'DAGS_FOLDER/6.1-monitoring.py', '--cfg-path', '/tmp/tmp9t_7n89l']
[2024-12-21T20:27:28.681+0000] {standard_task_runner.py:83} INFO - Job 2482: Subtask tarea3
[2024-12-21T20:27:29.111+0000] {task_command.py:376} INFO - Running <TaskInstance: 6.1-monitoreando.tarea3 scheduled__2022-07-29T00:00:00+00:00 [running]> on host a39b43f32cb0
[2024-12-21T20:27:29.678+0000] {taskinstance.py:1592} INFO - Exporting the following env vars:
AIRFLOW_CTX_DAG_OWNER=***
AIRFLOW_CTX_DAG_ID=6.1-monitoreando
AIRFLOW_CTX_TASK_ID=tarea3
AIRFLOW_CTX_EXECUTION_DATE=2022-07-29T00:00:00+00:00
AIRFLOW_CTX_TRY_NUMBER=1
AIRFLOW_CTX_DAG_RUN_ID=scheduled__2022-07-29T00:00:00+00:00
[2024-12-21T20:27:29.697+0000] {subprocess.py:63} INFO - Tmp dir root location: 
 /tmp
[2024-12-21T20:27:29.700+0000] {subprocess.py:75} INFO - Running command: ['/bin/bash', '-c', "sleep 2 && echo 'Tarea 3'"]
[2024-12-21T20:27:29.786+0000] {subprocess.py:86} INFO - Output:
[2024-12-21T20:27:31.808+0000] {subprocess.py:93} INFO - Tarea 3
[2024-12-21T20:27:31.813+0000] {subprocess.py:97} INFO - Command exited with return code 0
[2024-12-21T20:27:33.186+0000] {taskinstance.py:1406} INFO - Marking task as SUCCESS. dag_id=6.1-monitoreando, task_id=tarea3, execution_date=20220729T000000, start_date=20241221T202728, end_date=20241221T202733
[2024-12-21T20:27:34.372+0000] {local_task_job.py:164} INFO - Task exited with return code 0
[2024-12-21T20:27:34.907+0000] {local_task_job.py:273} INFO - 1 downstream tasks scheduled from follow-on schedule check
