[2024-12-21T14:35:47.685+0000] {taskinstance.py:1165} INFO - Dependencies all met for <TaskInstance: customOperator.hello scheduled__2022-08-22T00:00:00+00:00 [queued]>
[2024-12-21T14:35:47.717+0000] {taskinstance.py:1165} INFO - Dependencies all met for <TaskInstance: customOperator.hello scheduled__2022-08-22T00:00:00+00:00 [queued]>
[2024-12-21T14:35:47.718+0000] {taskinstance.py:1362} INFO - 
--------------------------------------------------------------------------------
[2024-12-21T14:35:47.718+0000] {taskinstance.py:1363} INFO - Starting attempt 1 of 1
[2024-12-21T14:35:47.718+0000] {taskinstance.py:1364} INFO - 
--------------------------------------------------------------------------------
[2024-12-21T14:35:47.773+0000] {taskinstance.py:1383} INFO - Executing <Task(HelloOperator): hello> on 2022-08-22 00:00:00+00:00
[2024-12-21T14:35:47.783+0000] {standard_task_runner.py:55} INFO - Started process 7559 to run task
[2024-12-21T14:35:47.788+0000] {standard_task_runner.py:82} INFO - Running: ['***', 'tasks', 'run', 'customOperator', 'hello', 'scheduled__2022-08-22T00:00:00+00:00', '--job-id', '1291', '--raw', '--subdir', 'DAGS_FOLDER/4-customoperator.py', '--cfg-path', '/tmp/tmp3e07u3wv']
[2024-12-21T14:35:47.790+0000] {standard_task_runner.py:83} INFO - Job 1291: Subtask hello
[2024-12-21T14:35:47.920+0000] {task_command.py:376} INFO - Running <TaskInstance: customOperator.hello scheduled__2022-08-22T00:00:00+00:00 [running]> on host a39b43f32cb0
[2024-12-21T14:35:48.135+0000] {taskinstance.py:1592} INFO - Exporting the following env vars:
AIRFLOW_CTX_DAG_OWNER=***
AIRFLOW_CTX_DAG_ID=customOperator
AIRFLOW_CTX_TASK_ID=hello
AIRFLOW_CTX_EXECUTION_DATE=2022-08-22T00:00:00+00:00
AIRFLOW_CTX_TRY_NUMBER=1
AIRFLOW_CTX_DAG_RUN_ID=scheduled__2022-08-22T00:00:00+00:00
[2024-12-21T14:35:48.137+0000] {logging_mixin.py:120} INFO - hola Freddy
[2024-12-21T14:35:48.158+0000] {taskinstance.py:1406} INFO - Marking task as SUCCESS. dag_id=customOperator, task_id=hello, execution_date=20220822T000000, start_date=20241221T143547, end_date=20241221T143548
[2024-12-21T14:35:48.225+0000] {local_task_job.py:164} INFO - Task exited with return code 0
[2024-12-21T14:35:48.274+0000] {local_task_job.py:273} INFO - 0 downstream tasks scheduled from follow-on schedule check
