[2024-12-21T13:44:01.245+0000] {taskinstance.py:1165} INFO - Dependencies all met for <TaskInstance: bashoperator.hello_with_bash scheduled__2024-12-01T00:00:00+00:00 [queued]>
[2024-12-21T13:44:01.263+0000] {taskinstance.py:1165} INFO - Dependencies all met for <TaskInstance: bashoperator.hello_with_bash scheduled__2024-12-01T00:00:00+00:00 [queued]>
[2024-12-21T13:44:01.264+0000] {taskinstance.py:1362} INFO - 
--------------------------------------------------------------------------------
[2024-12-21T13:44:01.264+0000] {taskinstance.py:1363} INFO - Starting attempt 1 of 1
[2024-12-21T13:44:01.265+0000] {taskinstance.py:1364} INFO - 
--------------------------------------------------------------------------------
[2024-12-21T13:44:01.290+0000] {taskinstance.py:1383} INFO - Executing <Task(BashOperator): hello_with_bash> on 2024-12-01 00:00:00+00:00
[2024-12-21T13:44:01.300+0000] {standard_task_runner.py:55} INFO - Started process 4921 to run task
[2024-12-21T13:44:01.306+0000] {standard_task_runner.py:82} INFO - Running: ['***', 'tasks', 'run', 'bashoperator', 'hello_with_bash', 'scheduled__2024-12-01T00:00:00+00:00', '--job-id', '1030', '--raw', '--subdir', 'DAGS_FOLDER/1-bashoperator.py', '--cfg-path', '/tmp/tmpxbd5ok90']
[2024-12-21T13:44:01.307+0000] {standard_task_runner.py:83} INFO - Job 1030: Subtask hello_with_bash
[2024-12-21T13:44:01.448+0000] {task_command.py:376} INFO - Running <TaskInstance: bashoperator.hello_with_bash scheduled__2024-12-01T00:00:00+00:00 [running]> on host a39b43f32cb0
[2024-12-21T13:44:01.602+0000] {taskinstance.py:1592} INFO - Exporting the following env vars:
AIRFLOW_CTX_DAG_OWNER=***
AIRFLOW_CTX_DAG_ID=bashoperator
AIRFLOW_CTX_TASK_ID=hello_with_bash
AIRFLOW_CTX_EXECUTION_DATE=2024-12-01T00:00:00+00:00
AIRFLOW_CTX_TRY_NUMBER=1
AIRFLOW_CTX_DAG_RUN_ID=scheduled__2024-12-01T00:00:00+00:00
[2024-12-21T13:44:01.605+0000] {subprocess.py:63} INFO - Tmp dir root location: 
 /tmp
[2024-12-21T13:44:01.606+0000] {subprocess.py:75} INFO - Running command: ['/bin/bash', '-c', "echo 'hello gente'"]
[2024-12-21T13:44:01.618+0000] {subprocess.py:86} INFO - Output:
[2024-12-21T13:44:01.620+0000] {subprocess.py:93} INFO - hello gente
[2024-12-21T13:44:01.621+0000] {subprocess.py:97} INFO - Command exited with return code 0
[2024-12-21T13:44:01.678+0000] {taskinstance.py:1406} INFO - Marking task as SUCCESS. dag_id=bashoperator, task_id=hello_with_bash, execution_date=20241201T000000, start_date=20241221T134401, end_date=20241221T134401
[2024-12-21T13:44:01.758+0000] {local_task_job.py:164} INFO - Task exited with return code 0
[2024-12-21T13:44:01.930+0000] {local_task_job.py:273} INFO - 0 downstream tasks scheduled from follow-on schedule check
