[2024-12-21T20:25:22.907+0000] {taskinstance.py:1165} INFO - Dependencies all met for <TaskInstance: 6.1-monitoreando.tarea2 scheduled__2022-07-01T00:00:00+00:00 [queued]>
[2024-12-21T20:25:23.202+0000] {taskinstance.py:1165} INFO - Dependencies all met for <TaskInstance: 6.1-monitoreando.tarea2 scheduled__2022-07-01T00:00:00+00:00 [queued]>
[2024-12-21T20:25:23.203+0000] {taskinstance.py:1362} INFO - 
--------------------------------------------------------------------------------
[2024-12-21T20:25:23.204+0000] {taskinstance.py:1363} INFO - Starting attempt 1 of 1
[2024-12-21T20:25:23.208+0000] {taskinstance.py:1364} INFO - 
--------------------------------------------------------------------------------
[2024-12-21T20:25:23.651+0000] {taskinstance.py:1383} INFO - Executing <Task(BashOperator): tarea2> on 2022-07-01 00:00:00+00:00
[2024-12-21T20:25:23.822+0000] {standard_task_runner.py:55} INFO - Started process 4425 to run task
[2024-12-21T20:25:23.927+0000] {standard_task_runner.py:82} INFO - Running: ['***', 'tasks', 'run', '6.1-monitoreando', 'tarea2', 'scheduled__2022-07-01T00:00:00+00:00', '--job-id', '2342', '--raw', '--subdir', 'DAGS_FOLDER/6.1-monitoring.py', '--cfg-path', '/tmp/tmpdum2s5dy']
[2024-12-21T20:25:23.928+0000] {standard_task_runner.py:83} INFO - Job 2342: Subtask tarea2
[2024-12-21T20:25:24.812+0000] {task_command.py:376} INFO - Running <TaskInstance: 6.1-monitoreando.tarea2 scheduled__2022-07-01T00:00:00+00:00 [running]> on host a39b43f32cb0
[2024-12-21T20:25:25.707+0000] {taskinstance.py:1592} INFO - Exporting the following env vars:
AIRFLOW_CTX_DAG_OWNER=***
AIRFLOW_CTX_DAG_ID=6.1-monitoreando
AIRFLOW_CTX_TASK_ID=tarea2
AIRFLOW_CTX_EXECUTION_DATE=2022-07-01T00:00:00+00:00
AIRFLOW_CTX_TRY_NUMBER=1
AIRFLOW_CTX_DAG_RUN_ID=scheduled__2022-07-01T00:00:00+00:00
[2024-12-21T20:25:25.785+0000] {subprocess.py:63} INFO - Tmp dir root location: 
 /tmp
[2024-12-21T20:25:25.791+0000] {subprocess.py:75} INFO - Running command: ['/bin/bash', '-c', "sleep 2 && echo 'Tarea 2'"]
[2024-12-21T20:25:25.941+0000] {subprocess.py:86} INFO - Output:
[2024-12-21T20:25:28.269+0000] {subprocess.py:93} INFO - Tarea 2
[2024-12-21T20:25:28.301+0000] {subprocess.py:97} INFO - Command exited with return code 0
[2024-12-21T20:25:29.165+0000] {taskinstance.py:1406} INFO - Marking task as SUCCESS. dag_id=6.1-monitoreando, task_id=tarea2, execution_date=20220701T000000, start_date=20241221T202522, end_date=20241221T202529
[2024-12-21T20:25:30.665+0000] {local_task_job.py:164} INFO - Task exited with return code 0
[2024-12-21T20:25:31.866+0000] {local_task_job.py:273} INFO - 1 downstream tasks scheduled from follow-on schedule check
