[2024-12-21T13:41:14.011+0000] {taskinstance.py:1165} INFO - Dependencies all met for <TaskInstance: bashoperator.hello_with_bash scheduled__2024-03-19T00:00:00+00:00 [queued]>
[2024-12-21T13:41:14.043+0000] {taskinstance.py:1165} INFO - Dependencies all met for <TaskInstance: bashoperator.hello_with_bash scheduled__2024-03-19T00:00:00+00:00 [queued]>
[2024-12-21T13:41:14.043+0000] {taskinstance.py:1362} INFO - 
--------------------------------------------------------------------------------
[2024-12-21T13:41:14.044+0000] {taskinstance.py:1363} INFO - Starting attempt 1 of 1
[2024-12-21T13:41:14.048+0000] {taskinstance.py:1364} INFO - 
--------------------------------------------------------------------------------
[2024-12-21T13:41:14.089+0000] {taskinstance.py:1383} INFO - Executing <Task(BashOperator): hello_with_bash> on 2024-03-19 00:00:00+00:00
[2024-12-21T13:41:14.098+0000] {standard_task_runner.py:55} INFO - Started process 4032 to run task
[2024-12-21T13:41:14.131+0000] {standard_task_runner.py:82} INFO - Running: ['***', 'tasks', 'run', 'bashoperator', 'hello_with_bash', 'scheduled__2024-03-19T00:00:00+00:00', '--job-id', '773', '--raw', '--subdir', 'DAGS_FOLDER/1-bashoperator.py', '--cfg-path', '/tmp/tmpqqb7_avr']
[2024-12-21T13:41:14.137+0000] {standard_task_runner.py:83} INFO - Job 773: Subtask hello_with_bash
[2024-12-21T13:41:14.525+0000] {task_command.py:376} INFO - Running <TaskInstance: bashoperator.hello_with_bash scheduled__2024-03-19T00:00:00+00:00 [running]> on host a39b43f32cb0
[2024-12-21T13:41:14.869+0000] {taskinstance.py:1592} INFO - Exporting the following env vars:
AIRFLOW_CTX_DAG_OWNER=***
AIRFLOW_CTX_DAG_ID=bashoperator
AIRFLOW_CTX_TASK_ID=hello_with_bash
AIRFLOW_CTX_EXECUTION_DATE=2024-03-19T00:00:00+00:00
AIRFLOW_CTX_TRY_NUMBER=1
AIRFLOW_CTX_DAG_RUN_ID=scheduled__2024-03-19T00:00:00+00:00
[2024-12-21T13:41:14.877+0000] {subprocess.py:63} INFO - Tmp dir root location: 
 /tmp
[2024-12-21T13:41:14.881+0000] {subprocess.py:75} INFO - Running command: ['/bin/bash', '-c', "echo 'hello gente'"]
[2024-12-21T13:41:14.939+0000] {subprocess.py:86} INFO - Output:
[2024-12-21T13:41:14.941+0000] {subprocess.py:93} INFO - hello gente
[2024-12-21T13:41:14.943+0000] {subprocess.py:97} INFO - Command exited with return code 0
[2024-12-21T13:41:15.123+0000] {taskinstance.py:1406} INFO - Marking task as SUCCESS. dag_id=bashoperator, task_id=hello_with_bash, execution_date=20240319T000000, start_date=20241221T134114, end_date=20241221T134115
[2024-12-21T13:41:15.198+0000] {local_task_job.py:164} INFO - Task exited with return code 0
[2024-12-21T13:41:15.252+0000] {local_task_job.py:273} INFO - 0 downstream tasks scheduled from follow-on schedule check
