[2024-12-21T14:43:11.388+0000] {taskinstance.py:1165} INFO - Dependencies all met for <TaskInstance: customOperator.hello scheduled__2024-09-09T00:00:00+00:00 [queued]>
[2024-12-21T14:43:11.399+0000] {taskinstance.py:1165} INFO - Dependencies all met for <TaskInstance: customOperator.hello scheduled__2024-09-09T00:00:00+00:00 [queued]>
[2024-12-21T14:43:11.400+0000] {taskinstance.py:1362} INFO - 
--------------------------------------------------------------------------------
[2024-12-21T14:43:11.400+0000] {taskinstance.py:1363} INFO - Starting attempt 1 of 1
[2024-12-21T14:43:11.401+0000] {taskinstance.py:1364} INFO - 
--------------------------------------------------------------------------------
[2024-12-21T14:43:11.423+0000] {taskinstance.py:1383} INFO - Executing <Task(HelloOperator): hello> on 2024-09-09 00:00:00+00:00
[2024-12-21T14:43:11.428+0000] {standard_task_runner.py:55} INFO - Started process 9413 to run task
[2024-12-21T14:43:11.435+0000] {standard_task_runner.py:82} INFO - Running: ['***', 'tasks', 'run', 'customOperator', 'hello', 'scheduled__2024-09-09T00:00:00+00:00', '--job-id', '2040', '--raw', '--subdir', 'DAGS_FOLDER/4-customoperator.py', '--cfg-path', '/tmp/tmpcsi3gpmm']
[2024-12-21T14:43:11.437+0000] {standard_task_runner.py:83} INFO - Job 2040: Subtask hello
[2024-12-21T14:43:11.552+0000] {task_command.py:376} INFO - Running <TaskInstance: customOperator.hello scheduled__2024-09-09T00:00:00+00:00 [running]> on host a39b43f32cb0
[2024-12-21T14:43:11.666+0000] {taskinstance.py:1592} INFO - Exporting the following env vars:
AIRFLOW_CTX_DAG_OWNER=***
AIRFLOW_CTX_DAG_ID=customOperator
AIRFLOW_CTX_TASK_ID=hello
AIRFLOW_CTX_EXECUTION_DATE=2024-09-09T00:00:00+00:00
AIRFLOW_CTX_TRY_NUMBER=1
AIRFLOW_CTX_DAG_RUN_ID=scheduled__2024-09-09T00:00:00+00:00
[2024-12-21T14:43:11.668+0000] {logging_mixin.py:120} INFO - hola Freddy
[2024-12-21T14:43:11.681+0000] {taskinstance.py:1406} INFO - Marking task as SUCCESS. dag_id=customOperator, task_id=hello, execution_date=20240909T000000, start_date=20241221T144311, end_date=20241221T144311
[2024-12-21T14:43:11.740+0000] {local_task_job.py:164} INFO - Task exited with return code 0
[2024-12-21T14:43:11.765+0000] {local_task_job.py:273} INFO - 0 downstream tasks scheduled from follow-on schedule check
