[2024-12-21T14:40:56.814+0000] {taskinstance.py:1165} INFO - Dependencies all met for <TaskInstance: customOperator.hello scheduled__2024-01-23T00:00:00+00:00 [queued]>
[2024-12-21T14:40:56.833+0000] {taskinstance.py:1165} INFO - Dependencies all met for <TaskInstance: customOperator.hello scheduled__2024-01-23T00:00:00+00:00 [queued]>
[2024-12-21T14:40:56.833+0000] {taskinstance.py:1362} INFO - 
--------------------------------------------------------------------------------
[2024-12-21T14:40:56.835+0000] {taskinstance.py:1363} INFO - Starting attempt 1 of 1
[2024-12-21T14:40:56.837+0000] {taskinstance.py:1364} INFO - 
--------------------------------------------------------------------------------
[2024-12-21T14:40:56.865+0000] {taskinstance.py:1383} INFO - Executing <Task(HelloOperator): hello> on 2024-01-23 00:00:00+00:00
[2024-12-21T14:40:56.870+0000] {standard_task_runner.py:55} INFO - Started process 8844 to run task
[2024-12-21T14:40:56.875+0000] {standard_task_runner.py:82} INFO - Running: ['***', 'tasks', 'run', 'customOperator', 'hello', 'scheduled__2024-01-23T00:00:00+00:00', '--job-id', '1810', '--raw', '--subdir', 'DAGS_FOLDER/4-customoperator.py', '--cfg-path', '/tmp/tmpb_zivr28']
[2024-12-21T14:40:56.876+0000] {standard_task_runner.py:83} INFO - Job 1810: Subtask hello
[2024-12-21T14:40:56.989+0000] {task_command.py:376} INFO - Running <TaskInstance: customOperator.hello scheduled__2024-01-23T00:00:00+00:00 [running]> on host a39b43f32cb0
[2024-12-21T14:40:57.112+0000] {taskinstance.py:1592} INFO - Exporting the following env vars:
AIRFLOW_CTX_DAG_OWNER=***
AIRFLOW_CTX_DAG_ID=customOperator
AIRFLOW_CTX_TASK_ID=hello
AIRFLOW_CTX_EXECUTION_DATE=2024-01-23T00:00:00+00:00
AIRFLOW_CTX_TRY_NUMBER=1
AIRFLOW_CTX_DAG_RUN_ID=scheduled__2024-01-23T00:00:00+00:00
[2024-12-21T14:40:57.114+0000] {logging_mixin.py:120} INFO - hola Freddy
[2024-12-21T14:40:57.139+0000] {taskinstance.py:1406} INFO - Marking task as SUCCESS. dag_id=customOperator, task_id=hello, execution_date=20240123T000000, start_date=20241221T144056, end_date=20241221T144057
[2024-12-21T14:40:57.177+0000] {local_task_job.py:164} INFO - Task exited with return code 0
[2024-12-21T14:40:57.207+0000] {local_task_job.py:273} INFO - 0 downstream tasks scheduled from follow-on schedule check
