[2024-12-21T20:12:21.241+0000] {taskinstance.py:1165} INFO - Dependencies all met for <TaskInstance: 5.2-orquestacion.tarea3 scheduled__2024-06-01T00:00:00+00:00 [queued]>
[2024-12-21T20:12:21.257+0000] {taskinstance.py:1165} INFO - Dependencies all met for <TaskInstance: 5.2-orquestacion.tarea3 scheduled__2024-06-01T00:00:00+00:00 [queued]>
[2024-12-21T20:12:21.259+0000] {taskinstance.py:1362} INFO - 
--------------------------------------------------------------------------------
[2024-12-21T20:12:21.260+0000] {taskinstance.py:1363} INFO - Starting attempt 1 of 1
[2024-12-21T20:12:21.260+0000] {taskinstance.py:1364} INFO - 
--------------------------------------------------------------------------------
[2024-12-21T20:12:21.271+0000] {taskinstance.py:1383} INFO - Executing <Task(BashOperator): tarea3> on 2024-06-01 00:00:00+00:00
[2024-12-21T20:12:21.274+0000] {standard_task_runner.py:55} INFO - Started process 3232 to run task
[2024-12-21T20:12:21.277+0000] {standard_task_runner.py:82} INFO - Running: ['***', 'tasks', 'run', '5.2-orquestacion', 'tarea3', 'scheduled__2024-06-01T00:00:00+00:00', '--job-id', '2179', '--raw', '--subdir', 'DAGS_FOLDER/5.2-orquestation.py', '--cfg-path', '/tmp/tmplt3ys6l2']
[2024-12-21T20:12:21.278+0000] {standard_task_runner.py:83} INFO - Job 2179: Subtask tarea3
[2024-12-21T20:12:21.330+0000] {task_command.py:376} INFO - Running <TaskInstance: 5.2-orquestacion.tarea3 scheduled__2024-06-01T00:00:00+00:00 [running]> on host a39b43f32cb0
[2024-12-21T20:12:21.388+0000] {taskinstance.py:1592} INFO - Exporting the following env vars:
AIRFLOW_CTX_DAG_OWNER=***
AIRFLOW_CTX_DAG_ID=5.2-orquestacion
AIRFLOW_CTX_TASK_ID=tarea3
AIRFLOW_CTX_EXECUTION_DATE=2024-06-01T00:00:00+00:00
AIRFLOW_CTX_TRY_NUMBER=1
AIRFLOW_CTX_DAG_RUN_ID=scheduled__2024-06-01T00:00:00+00:00
[2024-12-21T20:12:21.391+0000] {subprocess.py:63} INFO - Tmp dir root location: 
 /tmp
[2024-12-21T20:12:21.391+0000] {subprocess.py:75} INFO - Running command: ['/bin/bash', '-c', "sleep 2 && echo 'Tarea 3'"]
[2024-12-21T20:12:21.403+0000] {subprocess.py:86} INFO - Output:
[2024-12-21T20:12:23.407+0000] {subprocess.py:93} INFO - Tarea 3
[2024-12-21T20:12:23.408+0000] {subprocess.py:97} INFO - Command exited with return code 0
[2024-12-21T20:12:23.443+0000] {taskinstance.py:1406} INFO - Marking task as SUCCESS. dag_id=5.2-orquestacion, task_id=tarea3, execution_date=20240601T000000, start_date=20241221T201221, end_date=20241221T201223
[2024-12-21T20:12:23.493+0000] {local_task_job.py:164} INFO - Task exited with return code 0
[2024-12-21T20:12:23.513+0000] {local_task_job.py:273} INFO - 0 downstream tasks scheduled from follow-on schedule check
[2024-12-21T20:13:49.948+0000] {taskinstance.py:1165} INFO - Dependencies all met for <TaskInstance: 5.2-orquestacion.tarea3 scheduled__2024-06-01T00:00:00+00:00 [queued]>
[2024-12-21T20:13:49.960+0000] {taskinstance.py:1165} INFO - Dependencies all met for <TaskInstance: 5.2-orquestacion.tarea3 scheduled__2024-06-01T00:00:00+00:00 [queued]>
[2024-12-21T20:13:49.962+0000] {taskinstance.py:1362} INFO - 
--------------------------------------------------------------------------------
[2024-12-21T20:13:49.963+0000] {taskinstance.py:1363} INFO - Starting attempt 1 of 1
[2024-12-21T20:13:49.965+0000] {taskinstance.py:1364} INFO - 
--------------------------------------------------------------------------------
[2024-12-21T20:13:49.976+0000] {taskinstance.py:1383} INFO - Executing <Task(BashOperator): tarea3> on 2024-06-01 00:00:00+00:00
[2024-12-21T20:13:49.979+0000] {standard_task_runner.py:55} INFO - Started process 3343 to run task
[2024-12-21T20:13:49.983+0000] {standard_task_runner.py:82} INFO - Running: ['***', 'tasks', 'run', '5.2-orquestacion', 'tarea3', 'scheduled__2024-06-01T00:00:00+00:00', '--job-id', '2188', '--raw', '--subdir', 'DAGS_FOLDER/5.2-orquestation.py', '--cfg-path', '/tmp/tmp2siueus_']
[2024-12-21T20:13:49.983+0000] {standard_task_runner.py:83} INFO - Job 2188: Subtask tarea3
[2024-12-21T20:13:50.037+0000] {task_command.py:376} INFO - Running <TaskInstance: 5.2-orquestacion.tarea3 scheduled__2024-06-01T00:00:00+00:00 [running]> on host a39b43f32cb0
[2024-12-21T20:13:50.097+0000] {taskinstance.py:1592} INFO - Exporting the following env vars:
AIRFLOW_CTX_DAG_OWNER=***
AIRFLOW_CTX_DAG_ID=5.2-orquestacion
AIRFLOW_CTX_TASK_ID=tarea3
AIRFLOW_CTX_EXECUTION_DATE=2024-06-01T00:00:00+00:00
AIRFLOW_CTX_TRY_NUMBER=1
AIRFLOW_CTX_DAG_RUN_ID=scheduled__2024-06-01T00:00:00+00:00
[2024-12-21T20:13:50.098+0000] {subprocess.py:63} INFO - Tmp dir root location: 
 /tmp
[2024-12-21T20:13:50.099+0000] {subprocess.py:75} INFO - Running command: ['/bin/bash', '-c', "sleep 2 && echo 'Tarea 3'"]
[2024-12-21T20:13:50.106+0000] {subprocess.py:86} INFO - Output:
[2024-12-21T20:13:52.114+0000] {subprocess.py:93} INFO - Tarea 3
[2024-12-21T20:13:52.118+0000] {subprocess.py:97} INFO - Command exited with return code 0
[2024-12-21T20:13:52.167+0000] {taskinstance.py:1406} INFO - Marking task as SUCCESS. dag_id=5.2-orquestacion, task_id=tarea3, execution_date=20240601T000000, start_date=20241221T201349, end_date=20241221T201352
[2024-12-21T20:13:52.195+0000] {local_task_job.py:164} INFO - Task exited with return code 0
[2024-12-21T20:13:52.214+0000] {local_task_job.py:273} INFO - 0 downstream tasks scheduled from follow-on schedule check
