[2024-12-21T20:25:58.144+0000] {taskinstance.py:1165} INFO - Dependencies all met for <TaskInstance: 6.1-monitoreando.tarea4 scheduled__2022-07-02T00:00:00+00:00 [queued]>
[2024-12-21T20:25:58.377+0000] {taskinstance.py:1165} INFO - Dependencies all met for <TaskInstance: 6.1-monitoreando.tarea4 scheduled__2022-07-02T00:00:00+00:00 [queued]>
[2024-12-21T20:25:58.402+0000] {taskinstance.py:1362} INFO - 
--------------------------------------------------------------------------------
[2024-12-21T20:25:58.419+0000] {taskinstance.py:1363} INFO - Starting attempt 1 of 1
[2024-12-21T20:25:58.421+0000] {taskinstance.py:1364} INFO - 
--------------------------------------------------------------------------------
[2024-12-21T20:25:59.076+0000] {taskinstance.py:1383} INFO - Executing <Task(BashOperator): tarea4> on 2022-07-02 00:00:00+00:00
[2024-12-21T20:25:59.313+0000] {standard_task_runner.py:55} INFO - Started process 4569 to run task
[2024-12-21T20:25:59.510+0000] {standard_task_runner.py:82} INFO - Running: ['***', 'tasks', 'run', '6.1-monitoreando', 'tarea4', 'scheduled__2022-07-02T00:00:00+00:00', '--job-id', '2373', '--raw', '--subdir', 'DAGS_FOLDER/6.1-monitoring.py', '--cfg-path', '/tmp/tmpq5lp8pca']
[2024-12-21T20:25:59.537+0000] {standard_task_runner.py:83} INFO - Job 2373: Subtask tarea4
[2024-12-21T20:26:03.841+0000] {task_command.py:376} INFO - Running <TaskInstance: 6.1-monitoreando.tarea4 scheduled__2022-07-02T00:00:00+00:00 [running]> on host a39b43f32cb0
[2024-12-21T20:26:05.321+0000] {taskinstance.py:1592} INFO - Exporting the following env vars:
AIRFLOW_CTX_DAG_OWNER=***
AIRFLOW_CTX_DAG_ID=6.1-monitoreando
AIRFLOW_CTX_TASK_ID=tarea4
AIRFLOW_CTX_EXECUTION_DATE=2022-07-02T00:00:00+00:00
AIRFLOW_CTX_TRY_NUMBER=1
AIRFLOW_CTX_DAG_RUN_ID=scheduled__2022-07-02T00:00:00+00:00
[2024-12-21T20:26:05.383+0000] {subprocess.py:63} INFO - Tmp dir root location: 
 /tmp
[2024-12-21T20:26:05.399+0000] {subprocess.py:75} INFO - Running command: ['/bin/bash', '-c', "sleep 2 && echo 'Tarea 4'"]
[2024-12-21T20:26:05.954+0000] {subprocess.py:86} INFO - Output:
[2024-12-21T20:26:08.312+0000] {subprocess.py:93} INFO - Tarea 4
[2024-12-21T20:26:08.497+0000] {subprocess.py:97} INFO - Command exited with return code 0
[2024-12-21T20:26:09.181+0000] {taskinstance.py:1406} INFO - Marking task as SUCCESS. dag_id=6.1-monitoreando, task_id=tarea4, execution_date=20220702T000000, start_date=20241221T202558, end_date=20241221T202609
[2024-12-21T20:26:10.548+0000] {local_task_job.py:164} INFO - Task exited with return code 0
[2024-12-21T20:26:10.885+0000] {local_task_job.py:273} INFO - 1 downstream tasks scheduled from follow-on schedule check
