[2024-12-21T20:27:24.200+0000] {taskinstance.py:1165} INFO - Dependencies all met for <TaskInstance: 6.1-monitoreando.tarea3 scheduled__2022-07-23T00:00:00+00:00 [queued]>
[2024-12-21T20:27:24.374+0000] {taskinstance.py:1165} INFO - Dependencies all met for <TaskInstance: 6.1-monitoreando.tarea3 scheduled__2022-07-23T00:00:00+00:00 [queued]>
[2024-12-21T20:27:24.384+0000] {taskinstance.py:1362} INFO - 
--------------------------------------------------------------------------------
[2024-12-21T20:27:24.388+0000] {taskinstance.py:1363} INFO - Starting attempt 1 of 1
[2024-12-21T20:27:24.391+0000] {taskinstance.py:1364} INFO - 
--------------------------------------------------------------------------------
[2024-12-21T20:27:24.527+0000] {taskinstance.py:1383} INFO - Executing <Task(BashOperator): tarea3> on 2022-07-23 00:00:00+00:00
[2024-12-21T20:27:24.544+0000] {standard_task_runner.py:55} INFO - Started process 4963 to run task
[2024-12-21T20:27:24.588+0000] {standard_task_runner.py:82} INFO - Running: ['***', 'tasks', 'run', '6.1-monitoreando', 'tarea3', 'scheduled__2022-07-23T00:00:00+00:00', '--job-id', '2473', '--raw', '--subdir', 'DAGS_FOLDER/6.1-monitoring.py', '--cfg-path', '/tmp/tmpunw_qq9x']
[2024-12-21T20:27:24.592+0000] {standard_task_runner.py:83} INFO - Job 2473: Subtask tarea3
[2024-12-21T20:27:25.025+0000] {task_command.py:376} INFO - Running <TaskInstance: 6.1-monitoreando.tarea3 scheduled__2022-07-23T00:00:00+00:00 [running]> on host a39b43f32cb0
[2024-12-21T20:27:25.553+0000] {taskinstance.py:1592} INFO - Exporting the following env vars:
AIRFLOW_CTX_DAG_OWNER=***
AIRFLOW_CTX_DAG_ID=6.1-monitoreando
AIRFLOW_CTX_TASK_ID=tarea3
AIRFLOW_CTX_EXECUTION_DATE=2022-07-23T00:00:00+00:00
AIRFLOW_CTX_TRY_NUMBER=1
AIRFLOW_CTX_DAG_RUN_ID=scheduled__2022-07-23T00:00:00+00:00
[2024-12-21T20:27:25.605+0000] {subprocess.py:63} INFO - Tmp dir root location: 
 /tmp
[2024-12-21T20:27:25.625+0000] {subprocess.py:75} INFO - Running command: ['/bin/bash', '-c', "sleep 2 && echo 'Tarea 3'"]
[2024-12-21T20:27:25.669+0000] {subprocess.py:86} INFO - Output:
[2024-12-21T20:27:27.703+0000] {subprocess.py:93} INFO - Tarea 3
[2024-12-21T20:27:27.752+0000] {subprocess.py:97} INFO - Command exited with return code 0
[2024-12-21T20:27:28.082+0000] {taskinstance.py:1406} INFO - Marking task as SUCCESS. dag_id=6.1-monitoreando, task_id=tarea3, execution_date=20220723T000000, start_date=20241221T202724, end_date=20241221T202728
[2024-12-21T20:27:28.539+0000] {local_task_job.py:164} INFO - Task exited with return code 0
[2024-12-21T20:27:29.031+0000] {local_task_job.py:273} INFO - 1 downstream tasks scheduled from follow-on schedule check
