[2024-12-21T20:26:04.059+0000] {taskinstance.py:1165} INFO - Dependencies all met for <TaskInstance: 6.1-monitoreando.tarea4 scheduled__2022-07-03T00:00:00+00:00 [queued]>
[2024-12-21T20:26:04.379+0000] {taskinstance.py:1165} INFO - Dependencies all met for <TaskInstance: 6.1-monitoreando.tarea4 scheduled__2022-07-03T00:00:00+00:00 [queued]>
[2024-12-21T20:26:04.386+0000] {taskinstance.py:1362} INFO - 
--------------------------------------------------------------------------------
[2024-12-21T20:26:04.395+0000] {taskinstance.py:1363} INFO - Starting attempt 1 of 1
[2024-12-21T20:26:04.408+0000] {taskinstance.py:1364} INFO - 
--------------------------------------------------------------------------------
[2024-12-21T20:26:04.576+0000] {taskinstance.py:1383} INFO - Executing <Task(BashOperator): tarea4> on 2022-07-03 00:00:00+00:00
[2024-12-21T20:26:04.760+0000] {standard_task_runner.py:55} INFO - Started process 4580 to run task
[2024-12-21T20:26:04.787+0000] {standard_task_runner.py:82} INFO - Running: ['***', 'tasks', 'run', '6.1-monitoreando', 'tarea4', 'scheduled__2022-07-03T00:00:00+00:00', '--job-id', '2379', '--raw', '--subdir', 'DAGS_FOLDER/6.1-monitoring.py', '--cfg-path', '/tmp/tmp1e2qzcy2']
[2024-12-21T20:26:04.794+0000] {standard_task_runner.py:83} INFO - Job 2379: Subtask tarea4
[2024-12-21T20:26:06.270+0000] {task_command.py:376} INFO - Running <TaskInstance: 6.1-monitoreando.tarea4 scheduled__2022-07-03T00:00:00+00:00 [running]> on host a39b43f32cb0
[2024-12-21T20:26:09.772+0000] {taskinstance.py:1592} INFO - Exporting the following env vars:
AIRFLOW_CTX_DAG_OWNER=***
AIRFLOW_CTX_DAG_ID=6.1-monitoreando
AIRFLOW_CTX_TASK_ID=tarea4
AIRFLOW_CTX_EXECUTION_DATE=2022-07-03T00:00:00+00:00
AIRFLOW_CTX_TRY_NUMBER=1
AIRFLOW_CTX_DAG_RUN_ID=scheduled__2022-07-03T00:00:00+00:00
[2024-12-21T20:26:10.329+0000] {subprocess.py:63} INFO - Tmp dir root location: 
 /tmp
[2024-12-21T20:26:10.371+0000] {subprocess.py:75} INFO - Running command: ['/bin/bash', '-c', "sleep 2 && echo 'Tarea 4'"]
[2024-12-21T20:26:10.568+0000] {subprocess.py:86} INFO - Output:
[2024-12-21T20:26:12.825+0000] {subprocess.py:93} INFO - Tarea 4
[2024-12-21T20:26:12.854+0000] {subprocess.py:97} INFO - Command exited with return code 0
[2024-12-21T20:26:13.983+0000] {taskinstance.py:1406} INFO - Marking task as SUCCESS. dag_id=6.1-monitoreando, task_id=tarea4, execution_date=20220703T000000, start_date=20241221T202604, end_date=20241221T202613
[2024-12-21T20:26:16.386+0000] {local_task_job.py:164} INFO - Task exited with return code 0
[2024-12-21T20:26:17.983+0000] {local_task_job.py:273} INFO - 0 downstream tasks scheduled from follow-on schedule check
