[2024-12-21T20:12:18.540+0000] {taskinstance.py:1165} INFO - Dependencies all met for <TaskInstance: 5.2-orquestacion.tarea2 scheduled__2024-06-01T00:00:00+00:00 [queued]>
[2024-12-21T20:12:18.550+0000] {taskinstance.py:1165} INFO - Dependencies all met for <TaskInstance: 5.2-orquestacion.tarea2 scheduled__2024-06-01T00:00:00+00:00 [queued]>
[2024-12-21T20:12:18.551+0000] {taskinstance.py:1362} INFO - 
--------------------------------------------------------------------------------
[2024-12-21T20:12:18.551+0000] {taskinstance.py:1363} INFO - Starting attempt 1 of 1
[2024-12-21T20:12:18.551+0000] {taskinstance.py:1364} INFO - 
--------------------------------------------------------------------------------
[2024-12-21T20:12:18.562+0000] {taskinstance.py:1383} INFO - Executing <Task(BashOperator): tarea2> on 2024-06-01 00:00:00+00:00
[2024-12-21T20:12:18.566+0000] {standard_task_runner.py:55} INFO - Started process 3226 to run task
[2024-12-21T20:12:18.570+0000] {standard_task_runner.py:82} INFO - Running: ['***', 'tasks', 'run', '5.2-orquestacion', 'tarea2', 'scheduled__2024-06-01T00:00:00+00:00', '--job-id', '2177', '--raw', '--subdir', 'DAGS_FOLDER/5.2-orquestation.py', '--cfg-path', '/tmp/tmp1l9fgux9']
[2024-12-21T20:12:18.570+0000] {standard_task_runner.py:83} INFO - Job 2177: Subtask tarea2
[2024-12-21T20:12:18.625+0000] {task_command.py:376} INFO - Running <TaskInstance: 5.2-orquestacion.tarea2 scheduled__2024-06-01T00:00:00+00:00 [running]> on host a39b43f32cb0
[2024-12-21T20:12:18.676+0000] {taskinstance.py:1592} INFO - Exporting the following env vars:
AIRFLOW_CTX_DAG_OWNER=***
AIRFLOW_CTX_DAG_ID=5.2-orquestacion
AIRFLOW_CTX_TASK_ID=tarea2
AIRFLOW_CTX_EXECUTION_DATE=2024-06-01T00:00:00+00:00
AIRFLOW_CTX_TRY_NUMBER=1
AIRFLOW_CTX_DAG_RUN_ID=scheduled__2024-06-01T00:00:00+00:00
[2024-12-21T20:12:18.677+0000] {subprocess.py:63} INFO - Tmp dir root location: 
 /tmp
[2024-12-21T20:12:18.678+0000] {subprocess.py:75} INFO - Running command: ['/bin/bash', '-c', "sleep 2 && echo 'Tarea 2'"]
[2024-12-21T20:12:18.684+0000] {subprocess.py:86} INFO - Output:
[2024-12-21T20:12:20.690+0000] {subprocess.py:93} INFO - Tarea 2
[2024-12-21T20:12:20.692+0000] {subprocess.py:97} INFO - Command exited with return code 0
[2024-12-21T20:12:20.729+0000] {taskinstance.py:1406} INFO - Marking task as SUCCESS. dag_id=5.2-orquestacion, task_id=tarea2, execution_date=20240601T000000, start_date=20241221T201218, end_date=20241221T201220
[2024-12-21T20:12:20.764+0000] {local_task_job.py:164} INFO - Task exited with return code 0
[2024-12-21T20:12:20.789+0000] {local_task_job.py:273} INFO - 2 downstream tasks scheduled from follow-on schedule check
[2024-12-21T20:13:47.179+0000] {taskinstance.py:1165} INFO - Dependencies all met for <TaskInstance: 5.2-orquestacion.tarea2 scheduled__2024-06-01T00:00:00+00:00 [queued]>
[2024-12-21T20:13:47.193+0000] {taskinstance.py:1165} INFO - Dependencies all met for <TaskInstance: 5.2-orquestacion.tarea2 scheduled__2024-06-01T00:00:00+00:00 [queued]>
[2024-12-21T20:13:47.193+0000] {taskinstance.py:1362} INFO - 
--------------------------------------------------------------------------------
[2024-12-21T20:13:47.193+0000] {taskinstance.py:1363} INFO - Starting attempt 1 of 1
[2024-12-21T20:13:47.193+0000] {taskinstance.py:1364} INFO - 
--------------------------------------------------------------------------------
[2024-12-21T20:13:47.208+0000] {taskinstance.py:1383} INFO - Executing <Task(BashOperator): tarea2> on 2024-06-01 00:00:00+00:00
[2024-12-21T20:13:47.214+0000] {standard_task_runner.py:55} INFO - Started process 3338 to run task
[2024-12-21T20:13:47.218+0000] {standard_task_runner.py:82} INFO - Running: ['***', 'tasks', 'run', '5.2-orquestacion', 'tarea2', 'scheduled__2024-06-01T00:00:00+00:00', '--job-id', '2187', '--raw', '--subdir', 'DAGS_FOLDER/5.2-orquestation.py', '--cfg-path', '/tmp/tmp9tz25eyg']
[2024-12-21T20:13:47.218+0000] {standard_task_runner.py:83} INFO - Job 2187: Subtask tarea2
[2024-12-21T20:13:47.276+0000] {task_command.py:376} INFO - Running <TaskInstance: 5.2-orquestacion.tarea2 scheduled__2024-06-01T00:00:00+00:00 [running]> on host a39b43f32cb0
[2024-12-21T20:13:47.425+0000] {taskinstance.py:1592} INFO - Exporting the following env vars:
AIRFLOW_CTX_DAG_OWNER=***
AIRFLOW_CTX_DAG_ID=5.2-orquestacion
AIRFLOW_CTX_TASK_ID=tarea2
AIRFLOW_CTX_EXECUTION_DATE=2024-06-01T00:00:00+00:00
AIRFLOW_CTX_TRY_NUMBER=1
AIRFLOW_CTX_DAG_RUN_ID=scheduled__2024-06-01T00:00:00+00:00
[2024-12-21T20:13:47.427+0000] {subprocess.py:63} INFO - Tmp dir root location: 
 /tmp
[2024-12-21T20:13:47.429+0000] {subprocess.py:75} INFO - Running command: ['/bin/bash', '-c', "sleep 2 && echo 'Tarea 2'"]
[2024-12-21T20:13:47.446+0000] {subprocess.py:86} INFO - Output:
[2024-12-21T20:13:49.456+0000] {subprocess.py:93} INFO - Tarea 2
[2024-12-21T20:13:49.458+0000] {subprocess.py:97} INFO - Command exited with return code 0
[2024-12-21T20:13:49.487+0000] {taskinstance.py:1406} INFO - Marking task as SUCCESS. dag_id=5.2-orquestacion, task_id=tarea2, execution_date=20240601T000000, start_date=20241221T201347, end_date=20241221T201349
[2024-12-21T20:13:49.520+0000] {local_task_job.py:164} INFO - Task exited with return code 0
[2024-12-21T20:13:49.546+0000] {local_task_job.py:273} INFO - 2 downstream tasks scheduled from follow-on schedule check
