[2024-12-21T13:44:05.479+0000] {taskinstance.py:1165} INFO - Dependencies all met for <TaskInstance: bashoperator.hello_with_bash scheduled__2024-12-07T00:00:00+00:00 [queued]>
[2024-12-21T13:44:05.505+0000] {taskinstance.py:1165} INFO - Dependencies all met for <TaskInstance: bashoperator.hello_with_bash scheduled__2024-12-07T00:00:00+00:00 [queued]>
[2024-12-21T13:44:05.506+0000] {taskinstance.py:1362} INFO - 
--------------------------------------------------------------------------------
[2024-12-21T13:44:05.506+0000] {taskinstance.py:1363} INFO - Starting attempt 1 of 1
[2024-12-21T13:44:05.506+0000] {taskinstance.py:1364} INFO - 
--------------------------------------------------------------------------------
[2024-12-21T13:44:05.527+0000] {taskinstance.py:1383} INFO - Executing <Task(BashOperator): hello_with_bash> on 2024-12-07 00:00:00+00:00
[2024-12-21T13:44:05.533+0000] {standard_task_runner.py:55} INFO - Started process 4940 to run task
[2024-12-21T13:44:05.538+0000] {standard_task_runner.py:82} INFO - Running: ['***', 'tasks', 'run', 'bashoperator', 'hello_with_bash', 'scheduled__2024-12-07T00:00:00+00:00', '--job-id', '1036', '--raw', '--subdir', 'DAGS_FOLDER/1-bashoperator.py', '--cfg-path', '/tmp/tmprm5i4rgo']
[2024-12-21T13:44:05.539+0000] {standard_task_runner.py:83} INFO - Job 1036: Subtask hello_with_bash
[2024-12-21T13:44:05.636+0000] {task_command.py:376} INFO - Running <TaskInstance: bashoperator.hello_with_bash scheduled__2024-12-07T00:00:00+00:00 [running]> on host a39b43f32cb0
[2024-12-21T13:44:05.743+0000] {taskinstance.py:1592} INFO - Exporting the following env vars:
AIRFLOW_CTX_DAG_OWNER=***
AIRFLOW_CTX_DAG_ID=bashoperator
AIRFLOW_CTX_TASK_ID=hello_with_bash
AIRFLOW_CTX_EXECUTION_DATE=2024-12-07T00:00:00+00:00
AIRFLOW_CTX_TRY_NUMBER=1
AIRFLOW_CTX_DAG_RUN_ID=scheduled__2024-12-07T00:00:00+00:00
[2024-12-21T13:44:05.748+0000] {subprocess.py:63} INFO - Tmp dir root location: 
 /tmp
[2024-12-21T13:44:05.749+0000] {subprocess.py:75} INFO - Running command: ['/bin/bash', '-c', "echo 'hello gente'"]
[2024-12-21T13:44:05.763+0000] {subprocess.py:86} INFO - Output:
[2024-12-21T13:44:05.765+0000] {subprocess.py:93} INFO - hello gente
[2024-12-21T13:44:05.766+0000] {subprocess.py:97} INFO - Command exited with return code 0
[2024-12-21T13:44:05.803+0000] {taskinstance.py:1406} INFO - Marking task as SUCCESS. dag_id=bashoperator, task_id=hello_with_bash, execution_date=20241207T000000, start_date=20241221T134405, end_date=20241221T134405
[2024-12-21T13:44:05.847+0000] {local_task_job.py:164} INFO - Task exited with return code 0
[2024-12-21T13:44:05.981+0000] {local_task_job.py:273} INFO - 0 downstream tasks scheduled from follow-on schedule check
