[2024-12-21T20:57:00.924+0000] {taskinstance.py:1165} INFO - Dependencies all met for <TaskInstance: commiteando_cosas.crear_archivo_fecha_task scheduled__2024-12-21T20:56:00+00:00 [queued]>
[2024-12-21T20:57:00.936+0000] {taskinstance.py:1165} INFO - Dependencies all met for <TaskInstance: commiteando_cosas.crear_archivo_fecha_task scheduled__2024-12-21T20:56:00+00:00 [queued]>
[2024-12-21T20:57:00.936+0000] {taskinstance.py:1362} INFO - 
--------------------------------------------------------------------------------
[2024-12-21T20:57:00.937+0000] {taskinstance.py:1363} INFO - Starting attempt 1 of 1
[2024-12-21T20:57:00.937+0000] {taskinstance.py:1364} INFO - 
--------------------------------------------------------------------------------
[2024-12-21T20:57:00.949+0000] {taskinstance.py:1383} INFO - Executing <Task(BashOperator): crear_archivo_fecha_task> on 2024-12-21 20:56:00+00:00
[2024-12-21T20:57:00.954+0000] {standard_task_runner.py:55} INFO - Started process 6629 to run task
[2024-12-21T20:57:00.961+0000] {standard_task_runner.py:82} INFO - Running: ['***', 'tasks', 'run', 'commiteando_cosas', 'crear_archivo_fecha_task', 'scheduled__2024-12-21T20:56:00+00:00', '--job-id', '2557', '--raw', '--subdir', 'DAGS_FOLDER/elPataCommits.py', '--cfg-path', '/tmp/tmp_87j67te']
[2024-12-21T20:57:00.961+0000] {standard_task_runner.py:83} INFO - Job 2557: Subtask crear_archivo_fecha_task
[2024-12-21T20:57:01.042+0000] {task_command.py:376} INFO - Running <TaskInstance: commiteando_cosas.crear_archivo_fecha_task scheduled__2024-12-21T20:56:00+00:00 [running]> on host a39b43f32cb0
[2024-12-21T20:57:01.106+0000] {taskinstance.py:1592} INFO - Exporting the following env vars:
AIRFLOW_CTX_DAG_OWNER=***
AIRFLOW_CTX_DAG_ID=commiteando_cosas
AIRFLOW_CTX_TASK_ID=crear_archivo_fecha_task
AIRFLOW_CTX_EXECUTION_DATE=2024-12-21T20:56:00+00:00
AIRFLOW_CTX_TRY_NUMBER=1
AIRFLOW_CTX_DAG_RUN_ID=scheduled__2024-12-21T20:56:00+00:00
[2024-12-21T20:57:01.108+0000] {subprocess.py:63} INFO - Tmp dir root location: 
 /tmp
[2024-12-21T20:57:01.109+0000] {subprocess.py:75} INFO - Running command: ['/bin/bash', '-c', '\n        output_path="/root/usr/"\n        mkdir -p $output_path\n        today_date=$(date \'+%Y-%m-%d_%H-%M-%S\')\n        echo "Archivo creado el $today_date" > juan.txt\n        echo "Archivo juan.txt creado exitosamente."\n        ']
[2024-12-21T20:57:01.117+0000] {subprocess.py:86} INFO - Output:
[2024-12-21T20:57:01.123+0000] {subprocess.py:93} INFO - mkdir: cannot create directory ‘/root’: Permission denied
[2024-12-21T20:57:01.125+0000] {subprocess.py:93} INFO - Archivo juan.txt creado exitosamente.
[2024-12-21T20:57:01.125+0000] {subprocess.py:97} INFO - Command exited with return code 0
[2024-12-21T20:57:01.145+0000] {taskinstance.py:1406} INFO - Marking task as SUCCESS. dag_id=commiteando_cosas, task_id=crear_archivo_fecha_task, execution_date=20241221T205600, start_date=20241221T205700, end_date=20241221T205701
[2024-12-21T20:57:01.186+0000] {local_task_job.py:164} INFO - Task exited with return code 0
[2024-12-21T20:57:01.204+0000] {local_task_job.py:273} INFO - 1 downstream tasks scheduled from follow-on schedule check
