[2024-12-21T21:53:00.918+0000] {taskinstance.py:1165} INFO - Dependencies all met for <TaskInstance: commiteando_cosas.check scheduled__2024-12-21T21:52:00+00:00 [queued]>
[2024-12-21T21:53:00.927+0000] {taskinstance.py:1165} INFO - Dependencies all met for <TaskInstance: commiteando_cosas.check scheduled__2024-12-21T21:52:00+00:00 [queued]>
[2024-12-21T21:53:00.928+0000] {taskinstance.py:1362} INFO - 
--------------------------------------------------------------------------------
[2024-12-21T21:53:00.928+0000] {taskinstance.py:1363} INFO - Starting attempt 1 of 1
[2024-12-21T21:53:00.928+0000] {taskinstance.py:1364} INFO - 
--------------------------------------------------------------------------------
[2024-12-21T21:53:00.941+0000] {taskinstance.py:1383} INFO - Executing <Task(BashOperator): check> on 2024-12-21 21:52:00+00:00
[2024-12-21T21:53:00.946+0000] {standard_task_runner.py:55} INFO - Started process 9617 to run task
[2024-12-21T21:53:00.951+0000] {standard_task_runner.py:82} INFO - Running: ['***', 'tasks', 'run', 'commiteando_cosas', 'check', 'scheduled__2024-12-21T21:52:00+00:00', '--job-id', '2707', '--raw', '--subdir', 'DAGS_FOLDER/elPataCommits.py', '--cfg-path', '/tmp/tmpubeduo8j']
[2024-12-21T21:53:00.952+0000] {standard_task_runner.py:83} INFO - Job 2707: Subtask check
[2024-12-21T21:53:01.096+0000] {task_command.py:376} INFO - Running <TaskInstance: commiteando_cosas.check scheduled__2024-12-21T21:52:00+00:00 [running]> on host a39b43f32cb0
[2024-12-21T21:53:01.162+0000] {taskinstance.py:1592} INFO - Exporting the following env vars:
AIRFLOW_CTX_DAG_OWNER=***
AIRFLOW_CTX_DAG_ID=commiteando_cosas
AIRFLOW_CTX_TASK_ID=check
AIRFLOW_CTX_EXECUTION_DATE=2024-12-21T21:52:00+00:00
AIRFLOW_CTX_TRY_NUMBER=1
AIRFLOW_CTX_DAG_RUN_ID=scheduled__2024-12-21T21:52:00+00:00
[2024-12-21T21:53:01.164+0000] {subprocess.py:63} INFO - Tmp dir root location: 
 /tmp
[2024-12-21T21:53:01.165+0000] {subprocess.py:75} INFO - Running command: ['/bin/bash', '-c', '\n        echo && \n        whoami && \n        echo && \n        pwd && \n        echo\n        ']
[2024-12-21T21:53:01.172+0000] {subprocess.py:86} INFO - Output:
[2024-12-21T21:53:01.176+0000] {subprocess.py:93} INFO - 
[2024-12-21T21:53:01.178+0000] {subprocess.py:93} INFO - ***
[2024-12-21T21:53:01.178+0000] {subprocess.py:93} INFO - 
[2024-12-21T21:53:01.178+0000] {subprocess.py:93} INFO - /tmp/***tmpoiadhuli
[2024-12-21T21:53:01.178+0000] {subprocess.py:93} INFO - 
[2024-12-21T21:53:01.178+0000] {subprocess.py:97} INFO - Command exited with return code 0
[2024-12-21T21:53:01.198+0000] {taskinstance.py:1406} INFO - Marking task as SUCCESS. dag_id=commiteando_cosas, task_id=check, execution_date=20241221T215200, start_date=20241221T215300, end_date=20241221T215301
[2024-12-21T21:53:01.255+0000] {local_task_job.py:164} INFO - Task exited with return code 0
[2024-12-21T21:53:01.277+0000] {local_task_job.py:273} INFO - 1 downstream tasks scheduled from follow-on schedule check
