[2024-12-21T14:42:16.591+0000] {taskinstance.py:1165} INFO - Dependencies all met for <TaskInstance: customOperator.hello scheduled__2024-06-26T00:00:00+00:00 [queued]>
[2024-12-21T14:42:16.604+0000] {taskinstance.py:1165} INFO - Dependencies all met for <TaskInstance: customOperator.hello scheduled__2024-06-26T00:00:00+00:00 [queued]>
[2024-12-21T14:42:16.605+0000] {taskinstance.py:1362} INFO - 
--------------------------------------------------------------------------------
[2024-12-21T14:42:16.605+0000] {taskinstance.py:1363} INFO - Starting attempt 1 of 1
[2024-12-21T14:42:16.606+0000] {taskinstance.py:1364} INFO - 
--------------------------------------------------------------------------------
[2024-12-21T14:42:16.629+0000] {taskinstance.py:1383} INFO - Executing <Task(HelloOperator): hello> on 2024-06-26 00:00:00+00:00
[2024-12-21T14:42:16.638+0000] {standard_task_runner.py:55} INFO - Started process 9217 to run task
[2024-12-21T14:42:16.644+0000] {standard_task_runner.py:82} INFO - Running: ['***', 'tasks', 'run', 'customOperator', 'hello', 'scheduled__2024-06-26T00:00:00+00:00', '--job-id', '1965', '--raw', '--subdir', 'DAGS_FOLDER/4-customoperator.py', '--cfg-path', '/tmp/tmpfeg4224f']
[2024-12-21T14:42:16.645+0000] {standard_task_runner.py:83} INFO - Job 1965: Subtask hello
[2024-12-21T14:42:16.781+0000] {task_command.py:376} INFO - Running <TaskInstance: customOperator.hello scheduled__2024-06-26T00:00:00+00:00 [running]> on host a39b43f32cb0
[2024-12-21T14:42:16.963+0000] {taskinstance.py:1592} INFO - Exporting the following env vars:
AIRFLOW_CTX_DAG_OWNER=***
AIRFLOW_CTX_DAG_ID=customOperator
AIRFLOW_CTX_TASK_ID=hello
AIRFLOW_CTX_EXECUTION_DATE=2024-06-26T00:00:00+00:00
AIRFLOW_CTX_TRY_NUMBER=1
AIRFLOW_CTX_DAG_RUN_ID=scheduled__2024-06-26T00:00:00+00:00
[2024-12-21T14:42:16.967+0000] {logging_mixin.py:120} INFO - hola Freddy
[2024-12-21T14:42:16.986+0000] {taskinstance.py:1406} INFO - Marking task as SUCCESS. dag_id=customOperator, task_id=hello, execution_date=20240626T000000, start_date=20241221T144216, end_date=20241221T144216
[2024-12-21T14:42:17.031+0000] {local_task_job.py:164} INFO - Task exited with return code 0
[2024-12-21T14:42:17.107+0000] {local_task_job.py:273} INFO - 0 downstream tasks scheduled from follow-on schedule check
