[2024-12-21T14:41:20.203+0000] {taskinstance.py:1165} INFO - Dependencies all met for <TaskInstance: customOperator.hello scheduled__2024-03-11T00:00:00+00:00 [queued]>
[2024-12-21T14:41:20.216+0000] {taskinstance.py:1165} INFO - Dependencies all met for <TaskInstance: customOperator.hello scheduled__2024-03-11T00:00:00+00:00 [queued]>
[2024-12-21T14:41:20.218+0000] {taskinstance.py:1362} INFO - 
--------------------------------------------------------------------------------
[2024-12-21T14:41:20.218+0000] {taskinstance.py:1363} INFO - Starting attempt 1 of 1
[2024-12-21T14:41:20.218+0000] {taskinstance.py:1364} INFO - 
--------------------------------------------------------------------------------
[2024-12-21T14:41:20.234+0000] {taskinstance.py:1383} INFO - Executing <Task(HelloOperator): hello> on 2024-03-11 00:00:00+00:00
[2024-12-21T14:41:20.238+0000] {standard_task_runner.py:55} INFO - Started process 8956 to run task
[2024-12-21T14:41:20.244+0000] {standard_task_runner.py:82} INFO - Running: ['***', 'tasks', 'run', 'customOperator', 'hello', 'scheduled__2024-03-11T00:00:00+00:00', '--job-id', '1858', '--raw', '--subdir', 'DAGS_FOLDER/4-customoperator.py', '--cfg-path', '/tmp/tmpmj7u25v8']
[2024-12-21T14:41:20.246+0000] {standard_task_runner.py:83} INFO - Job 1858: Subtask hello
[2024-12-21T14:41:20.325+0000] {task_command.py:376} INFO - Running <TaskInstance: customOperator.hello scheduled__2024-03-11T00:00:00+00:00 [running]> on host a39b43f32cb0
[2024-12-21T14:41:20.398+0000] {taskinstance.py:1592} INFO - Exporting the following env vars:
AIRFLOW_CTX_DAG_OWNER=***
AIRFLOW_CTX_DAG_ID=customOperator
AIRFLOW_CTX_TASK_ID=hello
AIRFLOW_CTX_EXECUTION_DATE=2024-03-11T00:00:00+00:00
AIRFLOW_CTX_TRY_NUMBER=1
AIRFLOW_CTX_DAG_RUN_ID=scheduled__2024-03-11T00:00:00+00:00
[2024-12-21T14:41:20.399+0000] {logging_mixin.py:120} INFO - hola Freddy
[2024-12-21T14:41:20.408+0000] {taskinstance.py:1406} INFO - Marking task as SUCCESS. dag_id=customOperator, task_id=hello, execution_date=20240311T000000, start_date=20241221T144120, end_date=20241221T144120
[2024-12-21T14:41:20.423+0000] {local_task_job.py:164} INFO - Task exited with return code 0
[2024-12-21T14:41:20.441+0000] {local_task_job.py:273} INFO - 0 downstream tasks scheduled from follow-on schedule check
