[2024-12-21T13:36:00.823+0000] {taskinstance.py:1165} INFO - Dependencies all met for <TaskInstance: bashoperator.hello_with_bash scheduled__2022-11-14T00:00:00+00:00 [queued]>
[2024-12-21T13:36:00.833+0000] {taskinstance.py:1165} INFO - Dependencies all met for <TaskInstance: bashoperator.hello_with_bash scheduled__2022-11-14T00:00:00+00:00 [queued]>
[2024-12-21T13:36:00.833+0000] {taskinstance.py:1362} INFO - 
--------------------------------------------------------------------------------
[2024-12-21T13:36:00.837+0000] {taskinstance.py:1363} INFO - Starting attempt 1 of 1
[2024-12-21T13:36:00.837+0000] {taskinstance.py:1364} INFO - 
--------------------------------------------------------------------------------
[2024-12-21T13:36:00.859+0000] {taskinstance.py:1383} INFO - Executing <Task(BashOperator): hello_with_bash> on 2022-11-14 00:00:00+00:00
[2024-12-21T13:36:00.864+0000] {standard_task_runner.py:55} INFO - Started process 2336 to run task
[2024-12-21T13:36:00.869+0000] {standard_task_runner.py:82} INFO - Running: ['***', 'tasks', 'run', 'bashoperator', 'hello_with_bash', 'scheduled__2022-11-14T00:00:00+00:00', '--job-id', '282', '--raw', '--subdir', 'DAGS_FOLDER/1-bashoperator.py', '--cfg-path', '/tmp/tmpt54ba50b']
[2024-12-21T13:36:00.870+0000] {standard_task_runner.py:83} INFO - Job 282: Subtask hello_with_bash
[2024-12-21T13:36:00.969+0000] {task_command.py:376} INFO - Running <TaskInstance: bashoperator.hello_with_bash scheduled__2022-11-14T00:00:00+00:00 [running]> on host a39b43f32cb0
[2024-12-21T13:36:01.036+0000] {taskinstance.py:1592} INFO - Exporting the following env vars:
AIRFLOW_CTX_DAG_OWNER=***
AIRFLOW_CTX_DAG_ID=bashoperator
AIRFLOW_CTX_TASK_ID=hello_with_bash
AIRFLOW_CTX_EXECUTION_DATE=2022-11-14T00:00:00+00:00
AIRFLOW_CTX_TRY_NUMBER=1
AIRFLOW_CTX_DAG_RUN_ID=scheduled__2022-11-14T00:00:00+00:00
[2024-12-21T13:36:01.038+0000] {subprocess.py:63} INFO - Tmp dir root location: 
 /tmp
[2024-12-21T13:36:01.039+0000] {subprocess.py:75} INFO - Running command: ['/bin/bash', '-c', "echo 'hello gente'"]
[2024-12-21T13:36:01.047+0000] {subprocess.py:86} INFO - Output:
[2024-12-21T13:36:01.049+0000] {subprocess.py:93} INFO - hello gente
[2024-12-21T13:36:01.049+0000] {subprocess.py:97} INFO - Command exited with return code 0
[2024-12-21T13:36:01.070+0000] {taskinstance.py:1406} INFO - Marking task as SUCCESS. dag_id=bashoperator, task_id=hello_with_bash, execution_date=20221114T000000, start_date=20241221T133600, end_date=20241221T133601
[2024-12-21T13:36:01.089+0000] {local_task_job.py:164} INFO - Task exited with return code 0
[2024-12-21T13:36:01.104+0000] {local_task_job.py:273} INFO - 0 downstream tasks scheduled from follow-on schedule check
