[2024-12-21T22:14:01.366+0000] {taskinstance.py:1165} INFO - Dependencies all met for <TaskInstance: commiteando_cosas.check scheduled__2024-12-21T22:13:00+00:00 [queued]>
[2024-12-21T22:14:01.374+0000] {taskinstance.py:1165} INFO - Dependencies all met for <TaskInstance: commiteando_cosas.check scheduled__2024-12-21T22:13:00+00:00 [queued]>
[2024-12-21T22:14:01.374+0000] {taskinstance.py:1362} INFO - 
--------------------------------------------------------------------------------
[2024-12-21T22:14:01.374+0000] {taskinstance.py:1363} INFO - Starting attempt 1 of 1
[2024-12-21T22:14:01.375+0000] {taskinstance.py:1364} INFO - 
--------------------------------------------------------------------------------
[2024-12-21T22:14:01.389+0000] {taskinstance.py:1383} INFO - Executing <Task(BashOperator): check> on 2024-12-21 22:13:00+00:00
[2024-12-21T22:14:01.393+0000] {standard_task_runner.py:55} INFO - Started process 10813 to run task
[2024-12-21T22:14:01.398+0000] {standard_task_runner.py:82} INFO - Running: ['***', 'tasks', 'run', 'commiteando_cosas', 'check', 'scheduled__2024-12-21T22:13:00+00:00', '--job-id', '2770', '--raw', '--subdir', 'DAGS_FOLDER/elPataCommits.py', '--cfg-path', '/tmp/tmpj_fzkm73']
[2024-12-21T22:14:01.399+0000] {standard_task_runner.py:83} INFO - Job 2770: Subtask check
[2024-12-21T22:14:01.461+0000] {task_command.py:376} INFO - Running <TaskInstance: commiteando_cosas.check scheduled__2024-12-21T22:13:00+00:00 [running]> on host a39b43f32cb0
[2024-12-21T22:14:01.542+0000] {taskinstance.py:1592} INFO - Exporting the following env vars:
AIRFLOW_CTX_DAG_OWNER=***
AIRFLOW_CTX_DAG_ID=commiteando_cosas
AIRFLOW_CTX_TASK_ID=check
AIRFLOW_CTX_EXECUTION_DATE=2024-12-21T22:13:00+00:00
AIRFLOW_CTX_TRY_NUMBER=1
AIRFLOW_CTX_DAG_RUN_ID=scheduled__2024-12-21T22:13:00+00:00
[2024-12-21T22:14:01.544+0000] {subprocess.py:63} INFO - Tmp dir root location: 
 /tmp
[2024-12-21T22:14:01.544+0000] {subprocess.py:75} INFO - Running command: ['/bin/bash', '-c', '\n        echo && \n        whoami && \n        echo && \n        pwd && \n        echo\n        ']
[2024-12-21T22:14:01.553+0000] {subprocess.py:86} INFO - Output:
[2024-12-21T22:14:01.556+0000] {subprocess.py:93} INFO - 
[2024-12-21T22:14:01.557+0000] {subprocess.py:93} INFO - ***
[2024-12-21T22:14:01.558+0000] {subprocess.py:93} INFO - 
[2024-12-21T22:14:01.558+0000] {subprocess.py:93} INFO - /tmp/***tmp2xno_50d
[2024-12-21T22:14:01.558+0000] {subprocess.py:93} INFO - 
[2024-12-21T22:14:01.558+0000] {subprocess.py:97} INFO - Command exited with return code 0
[2024-12-21T22:14:01.579+0000] {taskinstance.py:1406} INFO - Marking task as SUCCESS. dag_id=commiteando_cosas, task_id=check, execution_date=20241221T221300, start_date=20241221T221401, end_date=20241221T221401
[2024-12-21T22:14:01.620+0000] {local_task_job.py:164} INFO - Task exited with return code 0
[2024-12-21T22:14:01.644+0000] {local_task_job.py:273} INFO - 1 downstream tasks scheduled from follow-on schedule check
