[2024-12-21T20:25:47.098+0000] {taskinstance.py:1165} INFO - Dependencies all met for <TaskInstance: 6.1-monitoreando.tarea3 scheduled__2022-07-06T00:00:00+00:00 [queued]>
[2024-12-21T20:25:47.210+0000] {taskinstance.py:1165} INFO - Dependencies all met for <TaskInstance: 6.1-monitoreando.tarea3 scheduled__2022-07-06T00:00:00+00:00 [queued]>
[2024-12-21T20:25:47.214+0000] {taskinstance.py:1362} INFO - 
--------------------------------------------------------------------------------
[2024-12-21T20:25:47.216+0000] {taskinstance.py:1363} INFO - Starting attempt 1 of 1
[2024-12-21T20:25:47.219+0000] {taskinstance.py:1364} INFO - 
--------------------------------------------------------------------------------
[2024-12-21T20:25:47.801+0000] {taskinstance.py:1383} INFO - Executing <Task(BashOperator): tarea3> on 2022-07-06 00:00:00+00:00
[2024-12-21T20:25:47.832+0000] {standard_task_runner.py:55} INFO - Started process 4529 to run task
[2024-12-21T20:25:47.870+0000] {standard_task_runner.py:82} INFO - Running: ['***', 'tasks', 'run', '6.1-monitoreando', 'tarea3', 'scheduled__2022-07-06T00:00:00+00:00', '--job-id', '2364', '--raw', '--subdir', 'DAGS_FOLDER/6.1-monitoring.py', '--cfg-path', '/tmp/tmpw4jb4gf7']
[2024-12-21T20:25:47.873+0000] {standard_task_runner.py:83} INFO - Job 2364: Subtask tarea3
[2024-12-21T20:25:50.788+0000] {task_command.py:376} INFO - Running <TaskInstance: 6.1-monitoreando.tarea3 scheduled__2022-07-06T00:00:00+00:00 [running]> on host a39b43f32cb0
[2024-12-21T20:25:52.118+0000] {taskinstance.py:1592} INFO - Exporting the following env vars:
AIRFLOW_CTX_DAG_OWNER=***
AIRFLOW_CTX_DAG_ID=6.1-monitoreando
AIRFLOW_CTX_TASK_ID=tarea3
AIRFLOW_CTX_EXECUTION_DATE=2022-07-06T00:00:00+00:00
AIRFLOW_CTX_TRY_NUMBER=1
AIRFLOW_CTX_DAG_RUN_ID=scheduled__2022-07-06T00:00:00+00:00
[2024-12-21T20:25:52.136+0000] {subprocess.py:63} INFO - Tmp dir root location: 
 /tmp
[2024-12-21T20:25:52.140+0000] {subprocess.py:75} INFO - Running command: ['/bin/bash', '-c', "sleep 2 && echo 'Tarea 3'"]
[2024-12-21T20:25:52.389+0000] {subprocess.py:86} INFO - Output:
[2024-12-21T20:25:54.428+0000] {subprocess.py:93} INFO - Tarea 3
[2024-12-21T20:25:54.491+0000] {subprocess.py:97} INFO - Command exited with return code 0
[2024-12-21T20:25:55.270+0000] {taskinstance.py:1406} INFO - Marking task as SUCCESS. dag_id=6.1-monitoreando, task_id=tarea3, execution_date=20220706T000000, start_date=20241221T202547, end_date=20241221T202555
[2024-12-21T20:25:55.587+0000] {local_task_job.py:164} INFO - Task exited with return code 0
[2024-12-21T20:25:55.913+0000] {local_task_job.py:273} INFO - 1 downstream tasks scheduled from follow-on schedule check
