[2024-12-21T14:42:38.441+0000] {taskinstance.py:1165} INFO - Dependencies all met for <TaskInstance: customOperator.hello scheduled__2024-08-01T00:00:00+00:00 [queued]>
[2024-12-21T14:42:38.460+0000] {taskinstance.py:1165} INFO - Dependencies all met for <TaskInstance: customOperator.hello scheduled__2024-08-01T00:00:00+00:00 [queued]>
[2024-12-21T14:42:38.461+0000] {taskinstance.py:1362} INFO - 
--------------------------------------------------------------------------------
[2024-12-21T14:42:38.462+0000] {taskinstance.py:1363} INFO - Starting attempt 1 of 1
[2024-12-21T14:42:38.463+0000] {taskinstance.py:1364} INFO - 
--------------------------------------------------------------------------------
[2024-12-21T14:42:38.514+0000] {taskinstance.py:1383} INFO - Executing <Task(HelloOperator): hello> on 2024-08-01 00:00:00+00:00
[2024-12-21T14:42:38.519+0000] {standard_task_runner.py:55} INFO - Started process 9307 to run task
[2024-12-21T14:42:38.523+0000] {standard_task_runner.py:82} INFO - Running: ['***', 'tasks', 'run', 'customOperator', 'hello', 'scheduled__2024-08-01T00:00:00+00:00', '--job-id', '2001', '--raw', '--subdir', 'DAGS_FOLDER/4-customoperator.py', '--cfg-path', '/tmp/tmps_a9ss74']
[2024-12-21T14:42:38.526+0000] {standard_task_runner.py:83} INFO - Job 2001: Subtask hello
[2024-12-21T14:42:38.600+0000] {task_command.py:376} INFO - Running <TaskInstance: customOperator.hello scheduled__2024-08-01T00:00:00+00:00 [running]> on host a39b43f32cb0
[2024-12-21T14:42:38.678+0000] {taskinstance.py:1592} INFO - Exporting the following env vars:
AIRFLOW_CTX_DAG_OWNER=***
AIRFLOW_CTX_DAG_ID=customOperator
AIRFLOW_CTX_TASK_ID=hello
AIRFLOW_CTX_EXECUTION_DATE=2024-08-01T00:00:00+00:00
AIRFLOW_CTX_TRY_NUMBER=1
AIRFLOW_CTX_DAG_RUN_ID=scheduled__2024-08-01T00:00:00+00:00
[2024-12-21T14:42:38.679+0000] {logging_mixin.py:120} INFO - hola Freddy
[2024-12-21T14:42:38.688+0000] {taskinstance.py:1406} INFO - Marking task as SUCCESS. dag_id=customOperator, task_id=hello, execution_date=20240801T000000, start_date=20241221T144238, end_date=20241221T144238
[2024-12-21T14:42:38.745+0000] {local_task_job.py:164} INFO - Task exited with return code 0
[2024-12-21T14:42:38.766+0000] {local_task_job.py:273} INFO - 0 downstream tasks scheduled from follow-on schedule check
