[2024-12-21T20:27:42.771+0000] {taskinstance.py:1165} INFO - Dependencies all met for <TaskInstance: 6.1-monitoreando.tarea4 scheduled__2022-08-01T00:00:00+00:00 [queued]>
[2024-12-21T20:27:42.924+0000] {taskinstance.py:1165} INFO - Dependencies all met for <TaskInstance: 6.1-monitoreando.tarea4 scheduled__2022-08-01T00:00:00+00:00 [queued]>
[2024-12-21T20:27:42.928+0000] {taskinstance.py:1362} INFO - 
--------------------------------------------------------------------------------
[2024-12-21T20:27:42.931+0000] {taskinstance.py:1363} INFO - Starting attempt 1 of 1
[2024-12-21T20:27:42.932+0000] {taskinstance.py:1364} INFO - 
--------------------------------------------------------------------------------
[2024-12-21T20:27:43.047+0000] {taskinstance.py:1383} INFO - Executing <Task(BashOperator): tarea4> on 2022-08-01 00:00:00+00:00
[2024-12-21T20:27:43.087+0000] {standard_task_runner.py:55} INFO - Started process 5070 to run task
[2024-12-21T20:27:43.124+0000] {standard_task_runner.py:82} INFO - Running: ['***', 'tasks', 'run', '6.1-monitoreando', 'tarea4', 'scheduled__2022-08-01T00:00:00+00:00', '--job-id', '2502', '--raw', '--subdir', 'DAGS_FOLDER/6.1-monitoring.py', '--cfg-path', '/tmp/tmp_k2nn2o1']
[2024-12-21T20:27:43.132+0000] {standard_task_runner.py:83} INFO - Job 2502: Subtask tarea4
[2024-12-21T20:27:43.479+0000] {task_command.py:376} INFO - Running <TaskInstance: 6.1-monitoreando.tarea4 scheduled__2022-08-01T00:00:00+00:00 [running]> on host a39b43f32cb0
[2024-12-21T20:27:43.818+0000] {taskinstance.py:1592} INFO - Exporting the following env vars:
AIRFLOW_CTX_DAG_OWNER=***
AIRFLOW_CTX_DAG_ID=6.1-monitoreando
AIRFLOW_CTX_TASK_ID=tarea4
AIRFLOW_CTX_EXECUTION_DATE=2022-08-01T00:00:00+00:00
AIRFLOW_CTX_TRY_NUMBER=1
AIRFLOW_CTX_DAG_RUN_ID=scheduled__2022-08-01T00:00:00+00:00
[2024-12-21T20:27:43.824+0000] {subprocess.py:63} INFO - Tmp dir root location: 
 /tmp
[2024-12-21T20:27:43.826+0000] {subprocess.py:75} INFO - Running command: ['/bin/bash', '-c', "sleep 2 && echo 'Tarea 4'"]
[2024-12-21T20:27:43.844+0000] {subprocess.py:86} INFO - Output:
[2024-12-21T20:27:45.884+0000] {subprocess.py:93} INFO - Tarea 4
[2024-12-21T20:27:45.933+0000] {subprocess.py:97} INFO - Command exited with return code 0
[2024-12-21T20:27:46.486+0000] {taskinstance.py:1406} INFO - Marking task as SUCCESS. dag_id=6.1-monitoreando, task_id=tarea4, execution_date=20220801T000000, start_date=20241221T202742, end_date=20241221T202746
[2024-12-21T20:27:46.947+0000] {local_task_job.py:164} INFO - Task exited with return code 0
[2024-12-21T20:27:47.221+0000] {local_task_job.py:273} INFO - 1 downstream tasks scheduled from follow-on schedule check
