[2024-12-21T20:14:32.463+0000] {taskinstance.py:1165} INFO - Dependencies all met for <TaskInstance: 5.2-orquestacion.tarea3 scheduled__2024-10-01T00:00:00+00:00 [queued]>
[2024-12-21T20:14:32.479+0000] {taskinstance.py:1165} INFO - Dependencies all met for <TaskInstance: 5.2-orquestacion.tarea3 scheduled__2024-10-01T00:00:00+00:00 [queued]>
[2024-12-21T20:14:32.482+0000] {taskinstance.py:1362} INFO - 
--------------------------------------------------------------------------------
[2024-12-21T20:14:32.485+0000] {taskinstance.py:1363} INFO - Starting attempt 1 of 1
[2024-12-21T20:14:32.485+0000] {taskinstance.py:1364} INFO - 
--------------------------------------------------------------------------------
[2024-12-21T20:14:32.503+0000] {taskinstance.py:1383} INFO - Executing <Task(BashOperator): tarea3> on 2024-10-01 00:00:00+00:00
[2024-12-21T20:14:32.508+0000] {standard_task_runner.py:55} INFO - Started process 3442 to run task
[2024-12-21T20:14:32.512+0000] {standard_task_runner.py:82} INFO - Running: ['***', 'tasks', 'run', '5.2-orquestacion', 'tarea3', 'scheduled__2024-10-01T00:00:00+00:00', '--job-id', '2205', '--raw', '--subdir', 'DAGS_FOLDER/5.2-orquestation.py', '--cfg-path', '/tmp/tmpxzmmsr7a']
[2024-12-21T20:14:32.513+0000] {standard_task_runner.py:83} INFO - Job 2205: Subtask tarea3
[2024-12-21T20:14:32.582+0000] {task_command.py:376} INFO - Running <TaskInstance: 5.2-orquestacion.tarea3 scheduled__2024-10-01T00:00:00+00:00 [running]> on host a39b43f32cb0
[2024-12-21T20:14:32.652+0000] {taskinstance.py:1592} INFO - Exporting the following env vars:
AIRFLOW_CTX_DAG_OWNER=***
AIRFLOW_CTX_DAG_ID=5.2-orquestacion
AIRFLOW_CTX_TASK_ID=tarea3
AIRFLOW_CTX_EXECUTION_DATE=2024-10-01T00:00:00+00:00
AIRFLOW_CTX_TRY_NUMBER=1
AIRFLOW_CTX_DAG_RUN_ID=scheduled__2024-10-01T00:00:00+00:00
[2024-12-21T20:14:32.655+0000] {subprocess.py:63} INFO - Tmp dir root location: 
 /tmp
[2024-12-21T20:14:32.656+0000] {subprocess.py:75} INFO - Running command: ['/bin/bash', '-c', "sleep 2 && echo 'Tarea 3'"]
[2024-12-21T20:14:32.666+0000] {subprocess.py:86} INFO - Output:
[2024-12-21T20:14:34.671+0000] {subprocess.py:93} INFO - Tarea 3
[2024-12-21T20:14:34.673+0000] {subprocess.py:97} INFO - Command exited with return code 0
[2024-12-21T20:14:34.709+0000] {taskinstance.py:1406} INFO - Marking task as SUCCESS. dag_id=5.2-orquestacion, task_id=tarea3, execution_date=20241001T000000, start_date=20241221T201432, end_date=20241221T201434
[2024-12-21T20:14:34.764+0000] {local_task_job.py:164} INFO - Task exited with return code 0
[2024-12-21T20:14:34.781+0000] {local_task_job.py:273} INFO - 0 downstream tasks scheduled from follow-on schedule check
