[2024-12-21T20:26:04.352+0000] {taskinstance.py:1165} INFO - Dependencies all met for <TaskInstance: 6.1-monitoreando.tarea3 scheduled__2022-07-12T00:00:00+00:00 [queued]>
[2024-12-21T20:26:04.414+0000] {taskinstance.py:1165} INFO - Dependencies all met for <TaskInstance: 6.1-monitoreando.tarea3 scheduled__2022-07-12T00:00:00+00:00 [queued]>
[2024-12-21T20:26:04.422+0000] {taskinstance.py:1362} INFO - 
--------------------------------------------------------------------------------
[2024-12-21T20:26:04.429+0000] {taskinstance.py:1363} INFO - Starting attempt 1 of 1
[2024-12-21T20:26:04.441+0000] {taskinstance.py:1364} INFO - 
--------------------------------------------------------------------------------
[2024-12-21T20:26:05.756+0000] {taskinstance.py:1383} INFO - Executing <Task(BashOperator): tarea3> on 2022-07-12 00:00:00+00:00
[2024-12-21T20:26:06.072+0000] {standard_task_runner.py:55} INFO - Started process 4584 to run task
[2024-12-21T20:26:06.133+0000] {standard_task_runner.py:82} INFO - Running: ['***', 'tasks', 'run', '6.1-monitoreando', 'tarea3', 'scheduled__2022-07-12T00:00:00+00:00', '--job-id', '2381', '--raw', '--subdir', 'DAGS_FOLDER/6.1-monitoring.py', '--cfg-path', '/tmp/tmpf6k5y5qj']
[2024-12-21T20:26:06.140+0000] {standard_task_runner.py:83} INFO - Job 2381: Subtask tarea3
[2024-12-21T20:26:08.319+0000] {task_command.py:376} INFO - Running <TaskInstance: 6.1-monitoreando.tarea3 scheduled__2022-07-12T00:00:00+00:00 [running]> on host a39b43f32cb0
[2024-12-21T20:26:10.847+0000] {taskinstance.py:1592} INFO - Exporting the following env vars:
AIRFLOW_CTX_DAG_OWNER=***
AIRFLOW_CTX_DAG_ID=6.1-monitoreando
AIRFLOW_CTX_TASK_ID=tarea3
AIRFLOW_CTX_EXECUTION_DATE=2022-07-12T00:00:00+00:00
AIRFLOW_CTX_TRY_NUMBER=1
AIRFLOW_CTX_DAG_RUN_ID=scheduled__2022-07-12T00:00:00+00:00
[2024-12-21T20:26:10.854+0000] {subprocess.py:63} INFO - Tmp dir root location: 
 /tmp
[2024-12-21T20:26:10.855+0000] {subprocess.py:75} INFO - Running command: ['/bin/bash', '-c', "sleep 2 && echo 'Tarea 3'"]
[2024-12-21T20:26:10.915+0000] {subprocess.py:86} INFO - Output:
[2024-12-21T20:26:13.081+0000] {subprocess.py:93} INFO - Tarea 3
[2024-12-21T20:26:13.290+0000] {subprocess.py:97} INFO - Command exited with return code 0
[2024-12-21T20:26:14.327+0000] {taskinstance.py:1406} INFO - Marking task as SUCCESS. dag_id=6.1-monitoreando, task_id=tarea3, execution_date=20220712T000000, start_date=20241221T202604, end_date=20241221T202614
[2024-12-21T20:26:14.799+0000] {local_task_job.py:164} INFO - Task exited with return code 0
[2024-12-21T20:26:16.133+0000] {local_task_job.py:273} INFO - 0 downstream tasks scheduled from follow-on schedule check
