[2024-12-21T14:40:20.438+0000] {taskinstance.py:1165} INFO - Dependencies all met for <TaskInstance: customOperator.hello scheduled__2023-11-26T00:00:00+00:00 [queued]>
[2024-12-21T14:40:20.475+0000] {taskinstance.py:1165} INFO - Dependencies all met for <TaskInstance: customOperator.hello scheduled__2023-11-26T00:00:00+00:00 [queued]>
[2024-12-21T14:40:20.481+0000] {taskinstance.py:1362} INFO - 
--------------------------------------------------------------------------------
[2024-12-21T14:40:20.482+0000] {taskinstance.py:1363} INFO - Starting attempt 1 of 1
[2024-12-21T14:40:20.482+0000] {taskinstance.py:1364} INFO - 
--------------------------------------------------------------------------------
[2024-12-21T14:40:20.515+0000] {taskinstance.py:1383} INFO - Executing <Task(HelloOperator): hello> on 2023-11-26 00:00:00+00:00
[2024-12-21T14:40:20.521+0000] {standard_task_runner.py:55} INFO - Started process 8695 to run task
[2024-12-21T14:40:20.528+0000] {standard_task_runner.py:82} INFO - Running: ['***', 'tasks', 'run', 'customOperator', 'hello', 'scheduled__2023-11-26T00:00:00+00:00', '--job-id', '1752', '--raw', '--subdir', 'DAGS_FOLDER/4-customoperator.py', '--cfg-path', '/tmp/tmpamrm53d4']
[2024-12-21T14:40:20.530+0000] {standard_task_runner.py:83} INFO - Job 1752: Subtask hello
[2024-12-21T14:40:20.678+0000] {task_command.py:376} INFO - Running <TaskInstance: customOperator.hello scheduled__2023-11-26T00:00:00+00:00 [running]> on host a39b43f32cb0
[2024-12-21T14:40:20.865+0000] {taskinstance.py:1592} INFO - Exporting the following env vars:
AIRFLOW_CTX_DAG_OWNER=***
AIRFLOW_CTX_DAG_ID=customOperator
AIRFLOW_CTX_TASK_ID=hello
AIRFLOW_CTX_EXECUTION_DATE=2023-11-26T00:00:00+00:00
AIRFLOW_CTX_TRY_NUMBER=1
AIRFLOW_CTX_DAG_RUN_ID=scheduled__2023-11-26T00:00:00+00:00
[2024-12-21T14:40:20.866+0000] {logging_mixin.py:120} INFO - hola Freddy
[2024-12-21T14:40:20.883+0000] {taskinstance.py:1406} INFO - Marking task as SUCCESS. dag_id=customOperator, task_id=hello, execution_date=20231126T000000, start_date=20241221T144020, end_date=20241221T144020
[2024-12-21T14:40:20.961+0000] {local_task_job.py:164} INFO - Task exited with return code 0
[2024-12-21T14:40:21.056+0000] {local_task_job.py:273} INFO - 0 downstream tasks scheduled from follow-on schedule check
