[2024-12-21T13:37:02.716+0000] {taskinstance.py:1165} INFO - Dependencies all met for <TaskInstance: bashoperator.hello_with_bash scheduled__2023-03-08T00:00:00+00:00 [queued]>
[2024-12-21T13:37:02.737+0000] {taskinstance.py:1165} INFO - Dependencies all met for <TaskInstance: bashoperator.hello_with_bash scheduled__2023-03-08T00:00:00+00:00 [queued]>
[2024-12-21T13:37:02.738+0000] {taskinstance.py:1362} INFO - 
--------------------------------------------------------------------------------
[2024-12-21T13:37:02.738+0000] {taskinstance.py:1363} INFO - Starting attempt 1 of 1
[2024-12-21T13:37:02.742+0000] {taskinstance.py:1364} INFO - 
--------------------------------------------------------------------------------
[2024-12-21T13:37:02.766+0000] {taskinstance.py:1383} INFO - Executing <Task(BashOperator): hello_with_bash> on 2023-03-08 00:00:00+00:00
[2024-12-21T13:37:02.771+0000] {standard_task_runner.py:55} INFO - Started process 2724 to run task
[2024-12-21T13:37:02.777+0000] {standard_task_runner.py:82} INFO - Running: ['***', 'tasks', 'run', 'bashoperator', 'hello_with_bash', 'scheduled__2023-03-08T00:00:00+00:00', '--job-id', '396', '--raw', '--subdir', 'DAGS_FOLDER/1-bashoperator.py', '--cfg-path', '/tmp/tmp5s2d59lt']
[2024-12-21T13:37:02.778+0000] {standard_task_runner.py:83} INFO - Job 396: Subtask hello_with_bash
[2024-12-21T13:37:02.881+0000] {task_command.py:376} INFO - Running <TaskInstance: bashoperator.hello_with_bash scheduled__2023-03-08T00:00:00+00:00 [running]> on host a39b43f32cb0
[2024-12-21T13:37:03.007+0000] {taskinstance.py:1592} INFO - Exporting the following env vars:
AIRFLOW_CTX_DAG_OWNER=***
AIRFLOW_CTX_DAG_ID=bashoperator
AIRFLOW_CTX_TASK_ID=hello_with_bash
AIRFLOW_CTX_EXECUTION_DATE=2023-03-08T00:00:00+00:00
AIRFLOW_CTX_TRY_NUMBER=1
AIRFLOW_CTX_DAG_RUN_ID=scheduled__2023-03-08T00:00:00+00:00
[2024-12-21T13:37:03.010+0000] {subprocess.py:63} INFO - Tmp dir root location: 
 /tmp
[2024-12-21T13:37:03.012+0000] {subprocess.py:75} INFO - Running command: ['/bin/bash', '-c', "echo 'hello gente'"]
[2024-12-21T13:37:03.028+0000] {subprocess.py:86} INFO - Output:
[2024-12-21T13:37:03.032+0000] {subprocess.py:93} INFO - hello gente
[2024-12-21T13:37:03.034+0000] {subprocess.py:97} INFO - Command exited with return code 0
[2024-12-21T13:37:03.100+0000] {taskinstance.py:1406} INFO - Marking task as SUCCESS. dag_id=bashoperator, task_id=hello_with_bash, execution_date=20230308T000000, start_date=20241221T133702, end_date=20241221T133703
[2024-12-21T13:37:03.167+0000] {local_task_job.py:164} INFO - Task exited with return code 0
[2024-12-21T13:37:03.253+0000] {local_task_job.py:273} INFO - 0 downstream tasks scheduled from follow-on schedule check
