[2024-12-21T20:27:41.946+0000] {taskinstance.py:1165} INFO - Dependencies all met for <TaskInstance: 6.1-monitoreando.tarea4 scheduled__2022-08-02T00:00:00+00:00 [queued]>
[2024-12-21T20:27:42.101+0000] {taskinstance.py:1165} INFO - Dependencies all met for <TaskInstance: 6.1-monitoreando.tarea4 scheduled__2022-08-02T00:00:00+00:00 [queued]>
[2024-12-21T20:27:42.110+0000] {taskinstance.py:1362} INFO - 
--------------------------------------------------------------------------------
[2024-12-21T20:27:42.114+0000] {taskinstance.py:1363} INFO - Starting attempt 1 of 1
[2024-12-21T20:27:42.126+0000] {taskinstance.py:1364} INFO - 
--------------------------------------------------------------------------------
[2024-12-21T20:27:42.335+0000] {taskinstance.py:1383} INFO - Executing <Task(BashOperator): tarea4> on 2022-08-02 00:00:00+00:00
[2024-12-21T20:27:42.372+0000] {standard_task_runner.py:55} INFO - Started process 5063 to run task
[2024-12-21T20:27:42.429+0000] {standard_task_runner.py:82} INFO - Running: ['***', 'tasks', 'run', '6.1-monitoreando', 'tarea4', 'scheduled__2022-08-02T00:00:00+00:00', '--job-id', '2499', '--raw', '--subdir', 'DAGS_FOLDER/6.1-monitoring.py', '--cfg-path', '/tmp/tmpi_2mz_57']
[2024-12-21T20:27:42.439+0000] {standard_task_runner.py:83} INFO - Job 2499: Subtask tarea4
[2024-12-21T20:27:43.214+0000] {task_command.py:376} INFO - Running <TaskInstance: 6.1-monitoreando.tarea4 scheduled__2022-08-02T00:00:00+00:00 [running]> on host a39b43f32cb0
[2024-12-21T20:27:43.708+0000] {taskinstance.py:1592} INFO - Exporting the following env vars:
AIRFLOW_CTX_DAG_OWNER=***
AIRFLOW_CTX_DAG_ID=6.1-monitoreando
AIRFLOW_CTX_TASK_ID=tarea4
AIRFLOW_CTX_EXECUTION_DATE=2022-08-02T00:00:00+00:00
AIRFLOW_CTX_TRY_NUMBER=1
AIRFLOW_CTX_DAG_RUN_ID=scheduled__2022-08-02T00:00:00+00:00
[2024-12-21T20:27:43.723+0000] {subprocess.py:63} INFO - Tmp dir root location: 
 /tmp
[2024-12-21T20:27:43.725+0000] {subprocess.py:75} INFO - Running command: ['/bin/bash', '-c', "sleep 2 && echo 'Tarea 4'"]
[2024-12-21T20:27:43.764+0000] {subprocess.py:86} INFO - Output:
[2024-12-21T20:27:45.834+0000] {subprocess.py:93} INFO - Tarea 4
[2024-12-21T20:27:45.872+0000] {subprocess.py:97} INFO - Command exited with return code 0
[2024-12-21T20:27:46.248+0000] {taskinstance.py:1406} INFO - Marking task as SUCCESS. dag_id=6.1-monitoreando, task_id=tarea4, execution_date=20220802T000000, start_date=20241221T202741, end_date=20241221T202746
[2024-12-21T20:27:46.496+0000] {local_task_job.py:164} INFO - Task exited with return code 0
[2024-12-21T20:27:47.148+0000] {local_task_job.py:273} INFO - 1 downstream tasks scheduled from follow-on schedule check
