[2024-12-21T13:41:38.351+0000] {taskinstance.py:1165} INFO - Dependencies all met for <TaskInstance: bashoperator.hello_with_bash scheduled__2024-04-28T00:00:00+00:00 [queued]>
[2024-12-21T13:41:38.373+0000] {taskinstance.py:1165} INFO - Dependencies all met for <TaskInstance: bashoperator.hello_with_bash scheduled__2024-04-28T00:00:00+00:00 [queued]>
[2024-12-21T13:41:38.374+0000] {taskinstance.py:1362} INFO - 
--------------------------------------------------------------------------------
[2024-12-21T13:41:38.374+0000] {taskinstance.py:1363} INFO - Starting attempt 1 of 1
[2024-12-21T13:41:38.374+0000] {taskinstance.py:1364} INFO - 
--------------------------------------------------------------------------------
[2024-12-21T13:41:38.422+0000] {taskinstance.py:1383} INFO - Executing <Task(BashOperator): hello_with_bash> on 2024-04-28 00:00:00+00:00
[2024-12-21T13:41:38.431+0000] {standard_task_runner.py:55} INFO - Started process 4163 to run task
[2024-12-21T13:41:38.438+0000] {standard_task_runner.py:82} INFO - Running: ['***', 'tasks', 'run', 'bashoperator', 'hello_with_bash', 'scheduled__2024-04-28T00:00:00+00:00', '--job-id', '813', '--raw', '--subdir', 'DAGS_FOLDER/1-bashoperator.py', '--cfg-path', '/tmp/tmpz0_5ija8']
[2024-12-21T13:41:38.439+0000] {standard_task_runner.py:83} INFO - Job 813: Subtask hello_with_bash
[2024-12-21T13:41:38.716+0000] {task_command.py:376} INFO - Running <TaskInstance: bashoperator.hello_with_bash scheduled__2024-04-28T00:00:00+00:00 [running]> on host a39b43f32cb0
[2024-12-21T13:41:38.944+0000] {taskinstance.py:1592} INFO - Exporting the following env vars:
AIRFLOW_CTX_DAG_OWNER=***
AIRFLOW_CTX_DAG_ID=bashoperator
AIRFLOW_CTX_TASK_ID=hello_with_bash
AIRFLOW_CTX_EXECUTION_DATE=2024-04-28T00:00:00+00:00
AIRFLOW_CTX_TRY_NUMBER=1
AIRFLOW_CTX_DAG_RUN_ID=scheduled__2024-04-28T00:00:00+00:00
[2024-12-21T13:41:38.948+0000] {subprocess.py:63} INFO - Tmp dir root location: 
 /tmp
[2024-12-21T13:41:38.950+0000] {subprocess.py:75} INFO - Running command: ['/bin/bash', '-c', "echo 'hello gente'"]
[2024-12-21T13:41:38.980+0000] {subprocess.py:86} INFO - Output:
[2024-12-21T13:41:38.985+0000] {subprocess.py:93} INFO - hello gente
[2024-12-21T13:41:38.987+0000] {subprocess.py:97} INFO - Command exited with return code 0
[2024-12-21T13:41:39.095+0000] {taskinstance.py:1406} INFO - Marking task as SUCCESS. dag_id=bashoperator, task_id=hello_with_bash, execution_date=20240428T000000, start_date=20241221T134138, end_date=20241221T134139
[2024-12-21T13:41:39.200+0000] {local_task_job.py:164} INFO - Task exited with return code 0
[2024-12-21T13:41:39.378+0000] {local_task_job.py:273} INFO - 0 downstream tasks scheduled from follow-on schedule check
