[2024-12-21T21:40:01.888+0000] {taskinstance.py:1165} INFO - Dependencies all met for <TaskInstance: commiteando_cosas.crear_archivo_fecha_task scheduled__2024-12-21T21:39:00+00:00 [queued]>
[2024-12-21T21:40:01.895+0000] {taskinstance.py:1165} INFO - Dependencies all met for <TaskInstance: commiteando_cosas.crear_archivo_fecha_task scheduled__2024-12-21T21:39:00+00:00 [queued]>
[2024-12-21T21:40:01.895+0000] {taskinstance.py:1362} INFO - 
--------------------------------------------------------------------------------
[2024-12-21T21:40:01.896+0000] {taskinstance.py:1363} INFO - Starting attempt 1 of 1
[2024-12-21T21:40:01.896+0000] {taskinstance.py:1364} INFO - 
--------------------------------------------------------------------------------
[2024-12-21T21:40:01.906+0000] {taskinstance.py:1383} INFO - Executing <Task(BashOperator): crear_archivo_fecha_task> on 2024-12-21 21:39:00+00:00
[2024-12-21T21:40:01.909+0000] {standard_task_runner.py:55} INFO - Started process 8856 to run task
[2024-12-21T21:40:01.912+0000] {standard_task_runner.py:82} INFO - Running: ['***', 'tasks', 'run', 'commiteando_cosas', 'crear_archivo_fecha_task', 'scheduled__2024-12-21T21:39:00+00:00', '--job-id', '2669', '--raw', '--subdir', 'DAGS_FOLDER/elPataCommits.py', '--cfg-path', '/tmp/tmp6q7t7s00']
[2024-12-21T21:40:01.913+0000] {standard_task_runner.py:83} INFO - Job 2669: Subtask crear_archivo_fecha_task
[2024-12-21T21:40:01.958+0000] {task_command.py:376} INFO - Running <TaskInstance: commiteando_cosas.crear_archivo_fecha_task scheduled__2024-12-21T21:39:00+00:00 [running]> on host a39b43f32cb0
[2024-12-21T21:40:02.012+0000] {taskinstance.py:1592} INFO - Exporting the following env vars:
AIRFLOW_CTX_DAG_OWNER=***
AIRFLOW_CTX_DAG_ID=commiteando_cosas
AIRFLOW_CTX_TASK_ID=crear_archivo_fecha_task
AIRFLOW_CTX_EXECUTION_DATE=2024-12-21T21:39:00+00:00
AIRFLOW_CTX_TRY_NUMBER=1
AIRFLOW_CTX_DAG_RUN_ID=scheduled__2024-12-21T21:39:00+00:00
[2024-12-21T21:40:02.014+0000] {subprocess.py:63} INFO - Tmp dir root location: 
 /tmp
[2024-12-21T21:40:02.015+0000] {subprocess.py:75} INFO - Running command: ['/bin/bash', '-c', '\n        today_date=$(date \'+%Y-%m_%H-%M-%S\')\n        echo "Archivo creado el $today_date" > juan.txt\n        ']
[2024-12-21T21:40:02.026+0000] {subprocess.py:86} INFO - Output:
[2024-12-21T21:40:02.031+0000] {subprocess.py:97} INFO - Command exited with return code 0
[2024-12-21T21:40:02.051+0000] {taskinstance.py:1406} INFO - Marking task as SUCCESS. dag_id=commiteando_cosas, task_id=crear_archivo_fecha_task, execution_date=20241221T213900, start_date=20241221T214001, end_date=20241221T214002
[2024-12-21T21:40:02.091+0000] {local_task_job.py:164} INFO - Task exited with return code 0
[2024-12-21T21:40:02.109+0000] {local_task_job.py:273} INFO - 1 downstream tasks scheduled from follow-on schedule check
