[2024-12-21T20:25:17.970+0000] {taskinstance.py:1165} INFO - Dependencies all met for <TaskInstance: 6.1-monitoreando.tarea1 scheduled__2022-07-06T00:00:00+00:00 [queued]>
[2024-12-21T20:25:17.998+0000] {taskinstance.py:1165} INFO - Dependencies all met for <TaskInstance: 6.1-monitoreando.tarea1 scheduled__2022-07-06T00:00:00+00:00 [queued]>
[2024-12-21T20:25:17.999+0000] {taskinstance.py:1362} INFO - 
--------------------------------------------------------------------------------
[2024-12-21T20:25:18.000+0000] {taskinstance.py:1363} INFO - Starting attempt 1 of 1
[2024-12-21T20:25:18.000+0000] {taskinstance.py:1364} INFO - 
--------------------------------------------------------------------------------
[2024-12-21T20:25:18.060+0000] {taskinstance.py:1383} INFO - Executing <Task(BashOperator): tarea1> on 2022-07-06 00:00:00+00:00
[2024-12-21T20:25:18.067+0000] {standard_task_runner.py:55} INFO - Started process 4398 to run task
[2024-12-21T20:25:18.104+0000] {standard_task_runner.py:82} INFO - Running: ['***', 'tasks', 'run', '6.1-monitoreando', 'tarea1', 'scheduled__2022-07-06T00:00:00+00:00', '--job-id', '2337', '--raw', '--subdir', 'DAGS_FOLDER/6.1-monitoring.py', '--cfg-path', '/tmp/tmp8ubexzc7']
[2024-12-21T20:25:18.110+0000] {standard_task_runner.py:83} INFO - Job 2337: Subtask tarea1
[2024-12-21T20:25:18.518+0000] {task_command.py:376} INFO - Running <TaskInstance: 6.1-monitoreando.tarea1 scheduled__2022-07-06T00:00:00+00:00 [running]> on host a39b43f32cb0
[2024-12-21T20:25:19.035+0000] {taskinstance.py:1592} INFO - Exporting the following env vars:
AIRFLOW_CTX_DAG_OWNER=***
AIRFLOW_CTX_DAG_ID=6.1-monitoreando
AIRFLOW_CTX_TASK_ID=tarea1
AIRFLOW_CTX_EXECUTION_DATE=2022-07-06T00:00:00+00:00
AIRFLOW_CTX_TRY_NUMBER=1
AIRFLOW_CTX_DAG_RUN_ID=scheduled__2022-07-06T00:00:00+00:00
[2024-12-21T20:25:19.039+0000] {subprocess.py:63} INFO - Tmp dir root location: 
 /tmp
[2024-12-21T20:25:19.040+0000] {subprocess.py:75} INFO - Running command: ['/bin/bash', '-c', "sleep 2 && echo 'Tarea 1'"]
[2024-12-21T20:25:19.090+0000] {subprocess.py:86} INFO - Output:
[2024-12-21T20:25:21.174+0000] {subprocess.py:93} INFO - Tarea 1
[2024-12-21T20:25:21.228+0000] {subprocess.py:97} INFO - Command exited with return code 0
[2024-12-21T20:25:22.047+0000] {taskinstance.py:1406} INFO - Marking task as SUCCESS. dag_id=6.1-monitoreando, task_id=tarea1, execution_date=20220706T000000, start_date=20241221T202517, end_date=20241221T202522
[2024-12-21T20:25:22.278+0000] {local_task_job.py:164} INFO - Task exited with return code 0
[2024-12-21T20:25:23.118+0000] {local_task_job.py:273} INFO - 1 downstream tasks scheduled from follow-on schedule check
