[2024-12-21T13:45:12.866+0000] {taskinstance.py:1165} INFO - Dependencies all met for <TaskInstance: pythonoperator.hello_with_python scheduled__2022-08-01T00:00:00+00:00 [queued]>
[2024-12-21T13:45:12.875+0000] {taskinstance.py:1165} INFO - Dependencies all met for <TaskInstance: pythonoperator.hello_with_python scheduled__2022-08-01T00:00:00+00:00 [queued]>
[2024-12-21T13:45:12.876+0000] {taskinstance.py:1362} INFO - 
--------------------------------------------------------------------------------
[2024-12-21T13:45:12.876+0000] {taskinstance.py:1363} INFO - Starting attempt 1 of 1
[2024-12-21T13:45:12.876+0000] {taskinstance.py:1364} INFO - 
--------------------------------------------------------------------------------
[2024-12-21T13:45:12.888+0000] {taskinstance.py:1383} INFO - Executing <Task(PythonOperator): hello_with_python> on 2022-08-01 00:00:00+00:00
[2024-12-21T13:45:12.897+0000] {standard_task_runner.py:55} INFO - Started process 5034 to run task
[2024-12-21T13:45:12.907+0000] {standard_task_runner.py:82} INFO - Running: ['***', 'tasks', 'run', 'pythonoperator', 'hello_with_python', 'scheduled__2022-08-01T00:00:00+00:00', '--job-id', '1050', '--raw', '--subdir', 'DAGS_FOLDER/2-pythonoperator.py', '--cfg-path', '/tmp/tmpy0ty4gky']
[2024-12-21T13:45:12.908+0000] {standard_task_runner.py:83} INFO - Job 1050: Subtask hello_with_python
[2024-12-21T13:45:12.970+0000] {task_command.py:376} INFO - Running <TaskInstance: pythonoperator.hello_with_python scheduled__2022-08-01T00:00:00+00:00 [running]> on host a39b43f32cb0
[2024-12-21T13:45:13.024+0000] {taskinstance.py:1592} INFO - Exporting the following env vars:
AIRFLOW_CTX_DAG_OWNER=***
AIRFLOW_CTX_DAG_ID=pythonoperator
AIRFLOW_CTX_TASK_ID=hello_with_python
AIRFLOW_CTX_EXECUTION_DATE=2022-08-01T00:00:00+00:00
AIRFLOW_CTX_TRY_NUMBER=1
AIRFLOW_CTX_DAG_RUN_ID=scheduled__2022-08-01T00:00:00+00:00
[2024-12-21T13:45:13.025+0000] {logging_mixin.py:120} INFO - Hello gente de Platzi
[2024-12-21T13:45:13.026+0000] {python.py:177} INFO - Done. Returned value was: None
[2024-12-21T13:45:13.034+0000] {taskinstance.py:1406} INFO - Marking task as SUCCESS. dag_id=pythonoperator, task_id=hello_with_python, execution_date=20220801T000000, start_date=20241221T134512, end_date=20241221T134513
[2024-12-21T13:45:13.050+0000] {local_task_job.py:164} INFO - Task exited with return code 0
[2024-12-21T13:45:13.065+0000] {local_task_job.py:273} INFO - 0 downstream tasks scheduled from follow-on schedule check
