[2024-12-21T20:26:07.518+0000] {taskinstance.py:1165} INFO - Dependencies all met for <TaskInstance: 6.1-monitoreando.tarea4 scheduled__2022-07-08T00:00:00+00:00 [queued]>
[2024-12-21T20:26:08.211+0000] {taskinstance.py:1165} INFO - Dependencies all met for <TaskInstance: 6.1-monitoreando.tarea4 scheduled__2022-07-08T00:00:00+00:00 [queued]>
[2024-12-21T20:26:08.250+0000] {taskinstance.py:1362} INFO - 
--------------------------------------------------------------------------------
[2024-12-21T20:26:08.384+0000] {taskinstance.py:1363} INFO - Starting attempt 1 of 1
[2024-12-21T20:26:08.389+0000] {taskinstance.py:1364} INFO - 
--------------------------------------------------------------------------------
[2024-12-21T20:26:08.758+0000] {taskinstance.py:1383} INFO - Executing <Task(BashOperator): tarea4> on 2022-07-08 00:00:00+00:00
[2024-12-21T20:26:08.776+0000] {standard_task_runner.py:55} INFO - Started process 4597 to run task
[2024-12-21T20:26:08.824+0000] {standard_task_runner.py:82} INFO - Running: ['***', 'tasks', 'run', '6.1-monitoreando', 'tarea4', 'scheduled__2022-07-08T00:00:00+00:00', '--job-id', '2384', '--raw', '--subdir', 'DAGS_FOLDER/6.1-monitoring.py', '--cfg-path', '/tmp/tmpspdcwgu_']
[2024-12-21T20:26:08.829+0000] {standard_task_runner.py:83} INFO - Job 2384: Subtask tarea4
[2024-12-21T20:26:10.249+0000] {task_command.py:376} INFO - Running <TaskInstance: 6.1-monitoreando.tarea4 scheduled__2022-07-08T00:00:00+00:00 [running]> on host a39b43f32cb0
[2024-12-21T20:26:11.119+0000] {taskinstance.py:1592} INFO - Exporting the following env vars:
AIRFLOW_CTX_DAG_OWNER=***
AIRFLOW_CTX_DAG_ID=6.1-monitoreando
AIRFLOW_CTX_TASK_ID=tarea4
AIRFLOW_CTX_EXECUTION_DATE=2022-07-08T00:00:00+00:00
AIRFLOW_CTX_TRY_NUMBER=1
AIRFLOW_CTX_DAG_RUN_ID=scheduled__2022-07-08T00:00:00+00:00
[2024-12-21T20:26:11.132+0000] {subprocess.py:63} INFO - Tmp dir root location: 
 /tmp
[2024-12-21T20:26:11.156+0000] {subprocess.py:75} INFO - Running command: ['/bin/bash', '-c', "sleep 2 && echo 'Tarea 4'"]
[2024-12-21T20:26:11.214+0000] {subprocess.py:86} INFO - Output:
[2024-12-21T20:26:13.274+0000] {subprocess.py:93} INFO - Tarea 4
[2024-12-21T20:26:13.418+0000] {subprocess.py:97} INFO - Command exited with return code 0
[2024-12-21T20:26:14.392+0000] {taskinstance.py:1406} INFO - Marking task as SUCCESS. dag_id=6.1-monitoreando, task_id=tarea4, execution_date=20220708T000000, start_date=20241221T202607, end_date=20241221T202614
[2024-12-21T20:26:16.158+0000] {local_task_job.py:164} INFO - Task exited with return code 0
[2024-12-21T20:26:18.662+0000] {local_task_job.py:273} INFO - 0 downstream tasks scheduled from follow-on schedule check
