[2024-12-21T20:26:40.862+0000] {taskinstance.py:1165} INFO - Dependencies all met for <TaskInstance: 6.1-monitoreando.tarea3 scheduled__2022-06-21T00:00:00+00:00 [queued]>
[2024-12-21T20:26:40.956+0000] {taskinstance.py:1165} INFO - Dependencies all met for <TaskInstance: 6.1-monitoreando.tarea3 scheduled__2022-06-21T00:00:00+00:00 [queued]>
[2024-12-21T20:26:40.957+0000] {taskinstance.py:1362} INFO - 
--------------------------------------------------------------------------------
[2024-12-21T20:26:40.960+0000] {taskinstance.py:1363} INFO - Starting attempt 1 of 1
[2024-12-21T20:26:40.965+0000] {taskinstance.py:1364} INFO - 
--------------------------------------------------------------------------------
[2024-12-21T20:26:41.035+0000] {taskinstance.py:1383} INFO - Executing <Task(BashOperator): tarea3> on 2022-06-21 00:00:00+00:00
[2024-12-21T20:26:41.055+0000] {standard_task_runner.py:55} INFO - Started process 4684 to run task
[2024-12-21T20:26:41.129+0000] {standard_task_runner.py:82} INFO - Running: ['***', 'tasks', 'run', '6.1-monitoreando', 'tarea3', 'scheduled__2022-06-21T00:00:00+00:00', '--job-id', '2405', '--raw', '--subdir', 'DAGS_FOLDER/6.1-monitoring.py', '--cfg-path', '/tmp/tmp2ibrypcm']
[2024-12-21T20:26:41.136+0000] {standard_task_runner.py:83} INFO - Job 2405: Subtask tarea3
[2024-12-21T20:26:41.939+0000] {task_command.py:376} INFO - Running <TaskInstance: 6.1-monitoreando.tarea3 scheduled__2022-06-21T00:00:00+00:00 [running]> on host a39b43f32cb0
[2024-12-21T20:26:43.431+0000] {taskinstance.py:1592} INFO - Exporting the following env vars:
AIRFLOW_CTX_DAG_OWNER=***
AIRFLOW_CTX_DAG_ID=6.1-monitoreando
AIRFLOW_CTX_TASK_ID=tarea3
AIRFLOW_CTX_EXECUTION_DATE=2022-06-21T00:00:00+00:00
AIRFLOW_CTX_TRY_NUMBER=1
AIRFLOW_CTX_DAG_RUN_ID=scheduled__2022-06-21T00:00:00+00:00
[2024-12-21T20:26:43.441+0000] {subprocess.py:63} INFO - Tmp dir root location: 
 /tmp
[2024-12-21T20:26:43.444+0000] {subprocess.py:75} INFO - Running command: ['/bin/bash', '-c', "sleep 2 && echo 'Tarea 3'"]
[2024-12-21T20:26:43.520+0000] {subprocess.py:86} INFO - Output:
[2024-12-21T20:26:45.552+0000] {subprocess.py:93} INFO - Tarea 3
[2024-12-21T20:26:45.585+0000] {subprocess.py:97} INFO - Command exited with return code 0
[2024-12-21T20:26:45.738+0000] {taskinstance.py:1406} INFO - Marking task as SUCCESS. dag_id=6.1-monitoreando, task_id=tarea3, execution_date=20220621T000000, start_date=20241221T202640, end_date=20241221T202645
[2024-12-21T20:26:45.841+0000] {local_task_job.py:164} INFO - Task exited with return code 0
[2024-12-21T20:26:46.138+0000] {local_task_job.py:273} INFO - 1 downstream tasks scheduled from follow-on schedule check
