[2024-12-21T21:01:09.546+0000] {taskinstance.py:1165} INFO - Dependencies all met for <TaskInstance: commiteando_cosas.commit_and_push_task scheduled__2024-12-21T20:55:00+00:00 [queued]>
[2024-12-21T21:01:09.582+0000] {taskinstance.py:1165} INFO - Dependencies all met for <TaskInstance: commiteando_cosas.commit_and_push_task scheduled__2024-12-21T20:55:00+00:00 [queued]>
[2024-12-21T21:01:09.582+0000] {taskinstance.py:1362} INFO - 
--------------------------------------------------------------------------------
[2024-12-21T21:01:09.582+0000] {taskinstance.py:1363} INFO - Starting attempt 2 of 2
[2024-12-21T21:01:09.583+0000] {taskinstance.py:1364} INFO - 
--------------------------------------------------------------------------------
[2024-12-21T21:01:09.597+0000] {taskinstance.py:1383} INFO - Executing <Task(BashOperator): commit_and_push_task> on 2024-12-21 20:55:00+00:00
[2024-12-21T21:01:09.605+0000] {standard_task_runner.py:55} INFO - Started process 6871 to run task
[2024-12-21T21:01:09.613+0000] {standard_task_runner.py:82} INFO - Running: ['***', 'tasks', 'run', 'commiteando_cosas', 'commit_and_push_task', 'scheduled__2024-12-21T20:55:00+00:00', '--job-id', '2568', '--raw', '--subdir', 'DAGS_FOLDER/elPataCommits.py', '--cfg-path', '/tmp/tmpinq2nqx7']
[2024-12-21T21:01:09.613+0000] {standard_task_runner.py:83} INFO - Job 2568: Subtask commit_and_push_task
[2024-12-21T21:01:09.728+0000] {task_command.py:376} INFO - Running <TaskInstance: commiteando_cosas.commit_and_push_task scheduled__2024-12-21T20:55:00+00:00 [running]> on host a39b43f32cb0
[2024-12-21T21:01:09.800+0000] {taskinstance.py:1592} INFO - Exporting the following env vars:
AIRFLOW_CTX_DAG_OWNER=***
AIRFLOW_CTX_DAG_ID=commiteando_cosas
AIRFLOW_CTX_TASK_ID=commit_and_push_task
AIRFLOW_CTX_EXECUTION_DATE=2024-12-21T20:55:00+00:00
AIRFLOW_CTX_TRY_NUMBER=2
AIRFLOW_CTX_DAG_RUN_ID=scheduled__2024-12-21T20:55:00+00:00
[2024-12-21T21:01:09.802+0000] {subprocess.py:63} INFO - Tmp dir root location: 
 /tmp
[2024-12-21T21:01:09.803+0000] {subprocess.py:75} INFO - Running command: ['/bin/bash', '-c', '\n        git add . &&\n        git commit -m "Commit diario: $(date \'+%Y-%m\')" &&\n        git push origin main\n        ']
[2024-12-21T21:01:09.812+0000] {subprocess.py:86} INFO - Output:
[2024-12-21T21:01:09.829+0000] {subprocess.py:93} INFO - fatal: not a git repository (or any of the parent directories): .git
[2024-12-21T21:01:09.831+0000] {subprocess.py:97} INFO - Command exited with return code 128
[2024-12-21T21:01:09.849+0000] {taskinstance.py:1851} ERROR - Task failed with exception
Traceback (most recent call last):
  File "/home/airflow/.local/lib/python3.7/site-packages/airflow/operators/bash.py", line 197, in execute
    f'Bash command failed. The command returned a non-zero exit code {result.exit_code}.'
airflow.exceptions.AirflowException: Bash command failed. The command returned a non-zero exit code 128.
[2024-12-21T21:01:09.853+0000] {taskinstance.py:1406} INFO - Marking task as FAILED. dag_id=commiteando_cosas, task_id=commit_and_push_task, execution_date=20241221T205500, start_date=20241221T210109, end_date=20241221T210109
[2024-12-21T21:01:09.866+0000] {standard_task_runner.py:105} ERROR - Failed to execute job 2568 for task commit_and_push_task (Bash command failed. The command returned a non-zero exit code 128.; 6871)
[2024-12-21T21:01:09.874+0000] {local_task_job.py:164} INFO - Task exited with return code 1
[2024-12-21T21:01:09.900+0000] {local_task_job.py:273} INFO - 0 downstream tasks scheduled from follow-on schedule check
