[2024-12-21T20:29:21.826+0000] {taskinstance.py:1165} INFO - Dependencies all met for <TaskInstance: 6.1-monitoreando.tarea4 scheduled__2022-08-03T00:00:00+00:00 [queued]>
[2024-12-21T20:29:21.990+0000] {taskinstance.py:1165} INFO - Dependencies all met for <TaskInstance: 6.1-monitoreando.tarea4 scheduled__2022-08-03T00:00:00+00:00 [queued]>
[2024-12-21T20:29:21.999+0000] {taskinstance.py:1362} INFO - 
--------------------------------------------------------------------------------
[2024-12-21T20:29:22.000+0000] {taskinstance.py:1363} INFO - Starting attempt 1 of 1
[2024-12-21T20:29:22.009+0000] {taskinstance.py:1364} INFO - 
--------------------------------------------------------------------------------
[2024-12-21T20:29:22.555+0000] {taskinstance.py:1383} INFO - Executing <Task(BashOperator): tarea4> on 2022-08-03 00:00:00+00:00
[2024-12-21T20:29:22.707+0000] {standard_task_runner.py:55} INFO - Started process 5187 to run task
[2024-12-21T20:29:22.740+0000] {standard_task_runner.py:82} INFO - Running: ['***', 'tasks', 'run', '6.1-monitoreando', 'tarea4', 'scheduled__2022-08-03T00:00:00+00:00', '--job-id', '2513', '--raw', '--subdir', 'DAGS_FOLDER/6.1-monitoring.py', '--cfg-path', '/tmp/tmpk3n5z_hq']
[2024-12-21T20:29:22.747+0000] {standard_task_runner.py:83} INFO - Job 2513: Subtask tarea4
[2024-12-21T20:29:24.260+0000] {task_command.py:376} INFO - Running <TaskInstance: 6.1-monitoreando.tarea4 scheduled__2022-08-03T00:00:00+00:00 [running]> on host a39b43f32cb0
[2024-12-21T20:29:25.226+0000] {taskinstance.py:1592} INFO - Exporting the following env vars:
AIRFLOW_CTX_DAG_OWNER=***
AIRFLOW_CTX_DAG_ID=6.1-monitoreando
AIRFLOW_CTX_TASK_ID=tarea4
AIRFLOW_CTX_EXECUTION_DATE=2022-08-03T00:00:00+00:00
AIRFLOW_CTX_TRY_NUMBER=1
AIRFLOW_CTX_DAG_RUN_ID=scheduled__2022-08-03T00:00:00+00:00
[2024-12-21T20:29:25.236+0000] {subprocess.py:63} INFO - Tmp dir root location: 
 /tmp
[2024-12-21T20:29:25.238+0000] {subprocess.py:75} INFO - Running command: ['/bin/bash', '-c', "sleep 2 && echo 'Tarea 4'"]
[2024-12-21T20:29:25.277+0000] {subprocess.py:86} INFO - Output:
[2024-12-21T20:29:27.296+0000] {subprocess.py:93} INFO - Tarea 4
[2024-12-21T20:29:27.309+0000] {subprocess.py:97} INFO - Command exited with return code 0
[2024-12-21T20:29:27.473+0000] {taskinstance.py:1406} INFO - Marking task as SUCCESS. dag_id=6.1-monitoreando, task_id=tarea4, execution_date=20220803T000000, start_date=20241221T202921, end_date=20241221T202927
[2024-12-21T20:29:27.556+0000] {local_task_job.py:164} INFO - Task exited with return code 0
[2024-12-21T20:29:27.675+0000] {local_task_job.py:273} INFO - 1 downstream tasks scheduled from follow-on schedule check
