[2024-12-21T19:46:31.699+0000] {taskinstance.py:1165} INFO - Dependencies all met for <TaskInstance: 5.2-orquestacion.tarea2 scheduled__2024-05-13T07:00:00+00:00 [queued]>
[2024-12-21T19:46:31.709+0000] {taskinstance.py:1165} INFO - Dependencies all met for <TaskInstance: 5.2-orquestacion.tarea2 scheduled__2024-05-13T07:00:00+00:00 [queued]>
[2024-12-21T19:46:31.709+0000] {taskinstance.py:1362} INFO - 
--------------------------------------------------------------------------------
[2024-12-21T19:46:31.710+0000] {taskinstance.py:1363} INFO - Starting attempt 1 of 1
[2024-12-21T19:46:31.710+0000] {taskinstance.py:1364} INFO - 
--------------------------------------------------------------------------------
[2024-12-21T19:46:31.720+0000] {taskinstance.py:1383} INFO - Executing <Task(BashOperator): tarea2> on 2024-05-13 07:00:00+00:00
[2024-12-21T19:46:31.723+0000] {standard_task_runner.py:55} INFO - Started process 2475 to run task
[2024-12-21T19:46:31.726+0000] {standard_task_runner.py:82} INFO - Running: ['***', 'tasks', 'run', '5.2-orquestacion', 'tarea2', 'scheduled__2024-05-13T07:00:00+00:00', '--job-id', '2163', '--raw', '--subdir', 'DAGS_FOLDER/5.2-orquestation.py', '--cfg-path', '/tmp/tmpgeqpjl3n']
[2024-12-21T19:46:31.727+0000] {standard_task_runner.py:83} INFO - Job 2163: Subtask tarea2
[2024-12-21T19:46:31.780+0000] {task_command.py:376} INFO - Running <TaskInstance: 5.2-orquestacion.tarea2 scheduled__2024-05-13T07:00:00+00:00 [running]> on host a39b43f32cb0
[2024-12-21T19:46:31.837+0000] {taskinstance.py:1592} INFO - Exporting the following env vars:
AIRFLOW_CTX_DAG_OWNER=***
AIRFLOW_CTX_DAG_ID=5.2-orquestacion
AIRFLOW_CTX_TASK_ID=tarea2
AIRFLOW_CTX_EXECUTION_DATE=2024-05-13T07:00:00+00:00
AIRFLOW_CTX_TRY_NUMBER=1
AIRFLOW_CTX_DAG_RUN_ID=scheduled__2024-05-13T07:00:00+00:00
[2024-12-21T19:46:31.838+0000] {subprocess.py:63} INFO - Tmp dir root location: 
 /tmp
[2024-12-21T19:46:31.839+0000] {subprocess.py:75} INFO - Running command: ['/bin/bash', '-c', "sleep 2 && echo 'Tarea 2'"]
[2024-12-21T19:46:31.845+0000] {subprocess.py:86} INFO - Output:
[2024-12-21T19:46:33.852+0000] {subprocess.py:93} INFO - Tarea 2
[2024-12-21T19:46:33.853+0000] {subprocess.py:97} INFO - Command exited with return code 0
[2024-12-21T19:46:33.890+0000] {taskinstance.py:1406} INFO - Marking task as SUCCESS. dag_id=5.2-orquestacion, task_id=tarea2, execution_date=20240513T070000, start_date=20241221T194631, end_date=20241221T194633
[2024-12-21T19:46:33.942+0000] {local_task_job.py:164} INFO - Task exited with return code 0
[2024-12-21T19:46:33.976+0000] {local_task_job.py:273} INFO - 2 downstream tasks scheduled from follow-on schedule check
