[2024-12-21T14:35:06.592+0000] {taskinstance.py:1165} INFO - Dependencies all met for <TaskInstance: customOperator.hello scheduled__2022-06-26T00:00:00+00:00 [queued]>
[2024-12-21T14:35:06.619+0000] {taskinstance.py:1165} INFO - Dependencies all met for <TaskInstance: customOperator.hello scheduled__2022-06-26T00:00:00+00:00 [queued]>
[2024-12-21T14:35:06.619+0000] {taskinstance.py:1362} INFO - 
--------------------------------------------------------------------------------
[2024-12-21T14:35:06.620+0000] {taskinstance.py:1363} INFO - Starting attempt 1 of 1
[2024-12-21T14:35:06.621+0000] {taskinstance.py:1364} INFO - 
--------------------------------------------------------------------------------
[2024-12-21T14:35:06.652+0000] {taskinstance.py:1383} INFO - Executing <Task(HelloOperator): hello> on 2022-06-26 00:00:00+00:00
[2024-12-21T14:35:06.670+0000] {standard_task_runner.py:55} INFO - Started process 7419 to run task
[2024-12-21T14:35:06.680+0000] {standard_task_runner.py:82} INFO - Running: ['***', 'tasks', 'run', 'customOperator', 'hello', 'scheduled__2022-06-26T00:00:00+00:00', '--job-id', '1234', '--raw', '--subdir', 'DAGS_FOLDER/4-customoperator.py', '--cfg-path', '/tmp/tmpataq0224']
[2024-12-21T14:35:06.681+0000] {standard_task_runner.py:83} INFO - Job 1234: Subtask hello
[2024-12-21T14:35:06.824+0000] {task_command.py:376} INFO - Running <TaskInstance: customOperator.hello scheduled__2022-06-26T00:00:00+00:00 [running]> on host a39b43f32cb0
[2024-12-21T14:35:07.023+0000] {taskinstance.py:1592} INFO - Exporting the following env vars:
AIRFLOW_CTX_DAG_OWNER=***
AIRFLOW_CTX_DAG_ID=customOperator
AIRFLOW_CTX_TASK_ID=hello
AIRFLOW_CTX_EXECUTION_DATE=2022-06-26T00:00:00+00:00
AIRFLOW_CTX_TRY_NUMBER=1
AIRFLOW_CTX_DAG_RUN_ID=scheduled__2022-06-26T00:00:00+00:00
[2024-12-21T14:35:07.024+0000] {logging_mixin.py:120} INFO - hola Freddy
[2024-12-21T14:35:07.042+0000] {taskinstance.py:1406} INFO - Marking task as SUCCESS. dag_id=customOperator, task_id=hello, execution_date=20220626T000000, start_date=20241221T143506, end_date=20241221T143507
[2024-12-21T14:35:07.160+0000] {local_task_job.py:164} INFO - Task exited with return code 0
[2024-12-21T14:35:07.307+0000] {local_task_job.py:273} INFO - 0 downstream tasks scheduled from follow-on schedule check
