[2024-12-21T20:14:04.701+0000] {taskinstance.py:1165} INFO - Dependencies all met for <TaskInstance: 5.2-orquestacion.tarea1 scheduled__2024-08-01T00:00:00+00:00 [queued]>
[2024-12-21T20:14:04.711+0000] {taskinstance.py:1165} INFO - Dependencies all met for <TaskInstance: 5.2-orquestacion.tarea1 scheduled__2024-08-01T00:00:00+00:00 [queued]>
[2024-12-21T20:14:04.712+0000] {taskinstance.py:1362} INFO - 
--------------------------------------------------------------------------------
[2024-12-21T20:14:04.712+0000] {taskinstance.py:1363} INFO - Starting attempt 1 of 1
[2024-12-21T20:14:04.712+0000] {taskinstance.py:1364} INFO - 
--------------------------------------------------------------------------------
[2024-12-21T20:14:04.724+0000] {taskinstance.py:1383} INFO - Executing <Task(BashOperator): tarea1> on 2024-08-01 00:00:00+00:00
[2024-12-21T20:14:04.727+0000] {standard_task_runner.py:55} INFO - Started process 3375 to run task
[2024-12-21T20:14:04.731+0000] {standard_task_runner.py:82} INFO - Running: ['***', 'tasks', 'run', '5.2-orquestacion', 'tarea1', 'scheduled__2024-08-01T00:00:00+00:00', '--job-id', '2194', '--raw', '--subdir', 'DAGS_FOLDER/5.2-orquestation.py', '--cfg-path', '/tmp/tmpeij6sife']
[2024-12-21T20:14:04.731+0000] {standard_task_runner.py:83} INFO - Job 2194: Subtask tarea1
[2024-12-21T20:14:04.784+0000] {task_command.py:376} INFO - Running <TaskInstance: 5.2-orquestacion.tarea1 scheduled__2024-08-01T00:00:00+00:00 [running]> on host a39b43f32cb0
[2024-12-21T20:14:04.839+0000] {taskinstance.py:1592} INFO - Exporting the following env vars:
AIRFLOW_CTX_DAG_OWNER=***
AIRFLOW_CTX_DAG_ID=5.2-orquestacion
AIRFLOW_CTX_TASK_ID=tarea1
AIRFLOW_CTX_EXECUTION_DATE=2024-08-01T00:00:00+00:00
AIRFLOW_CTX_TRY_NUMBER=1
AIRFLOW_CTX_DAG_RUN_ID=scheduled__2024-08-01T00:00:00+00:00
[2024-12-21T20:14:04.841+0000] {subprocess.py:63} INFO - Tmp dir root location: 
 /tmp
[2024-12-21T20:14:04.841+0000] {subprocess.py:75} INFO - Running command: ['/bin/bash', '-c', "sleep 2 && echo 'Tarea 1'"]
[2024-12-21T20:14:04.848+0000] {subprocess.py:86} INFO - Output:
[2024-12-21T20:14:06.858+0000] {subprocess.py:93} INFO - Tarea 1
[2024-12-21T20:14:06.860+0000] {subprocess.py:97} INFO - Command exited with return code 0
[2024-12-21T20:14:06.898+0000] {taskinstance.py:1406} INFO - Marking task as SUCCESS. dag_id=5.2-orquestacion, task_id=tarea1, execution_date=20240801T000000, start_date=20241221T201404, end_date=20241221T201406
[2024-12-21T20:14:06.915+0000] {local_task_job.py:164} INFO - Task exited with return code 0
[2024-12-21T20:14:06.947+0000] {local_task_job.py:273} INFO - 1 downstream tasks scheduled from follow-on schedule check
