[2024-12-21T20:29:22.668+0000] {taskinstance.py:1165} INFO - Dependencies all met for <TaskInstance: 6.1-monitoreando.tarea5 scheduled__2022-08-01T00:00:00+00:00 [queued]>
[2024-12-21T20:29:23.015+0000] {taskinstance.py:1165} INFO - Dependencies all met for <TaskInstance: 6.1-monitoreando.tarea5 scheduled__2022-08-01T00:00:00+00:00 [queued]>
[2024-12-21T20:29:23.034+0000] {taskinstance.py:1362} INFO - 
--------------------------------------------------------------------------------
[2024-12-21T20:29:23.105+0000] {taskinstance.py:1363} INFO - Starting attempt 1 of 1
[2024-12-21T20:29:23.110+0000] {taskinstance.py:1364} INFO - 
--------------------------------------------------------------------------------
[2024-12-21T20:29:23.529+0000] {taskinstance.py:1383} INFO - Executing <Task(PythonOperator): tarea5> on 2022-08-01 00:00:00+00:00
[2024-12-21T20:29:23.614+0000] {standard_task_runner.py:55} INFO - Started process 5193 to run task
[2024-12-21T20:29:23.723+0000] {standard_task_runner.py:82} INFO - Running: ['***', 'tasks', 'run', '6.1-monitoreando', 'tarea5', 'scheduled__2022-08-01T00:00:00+00:00', '--job-id', '2515', '--raw', '--subdir', 'DAGS_FOLDER/6.1-monitoring.py', '--cfg-path', '/tmp/tmp0xn0jwsk']
[2024-12-21T20:29:23.731+0000] {standard_task_runner.py:83} INFO - Job 2515: Subtask tarea5
[2024-12-21T20:29:24.504+0000] {task_command.py:376} INFO - Running <TaskInstance: 6.1-monitoreando.tarea5 scheduled__2022-08-01T00:00:00+00:00 [running]> on host a39b43f32cb0
[2024-12-21T20:29:25.246+0000] {taskinstance.py:1592} INFO - Exporting the following env vars:
AIRFLOW_CTX_DAG_OWNER=***
AIRFLOW_CTX_DAG_ID=6.1-monitoreando
AIRFLOW_CTX_TASK_ID=tarea5
AIRFLOW_CTX_EXECUTION_DATE=2022-08-01T00:00:00+00:00
AIRFLOW_CTX_TRY_NUMBER=1
AIRFLOW_CTX_DAG_RUN_ID=scheduled__2022-08-01T00:00:00+00:00
[2024-12-21T20:29:25.251+0000] {python.py:177} INFO - Done. Returned value was: None
[2024-12-21T20:29:25.305+0000] {taskinstance.py:1406} INFO - Marking task as SUCCESS. dag_id=6.1-monitoreando, task_id=tarea5, execution_date=20220801T000000, start_date=20241221T202922, end_date=20241221T202925
[2024-12-21T20:29:25.362+0000] {local_task_job.py:164} INFO - Task exited with return code 0
[2024-12-21T20:29:25.497+0000] {local_task_job.py:273} INFO - 0 downstream tasks scheduled from follow-on schedule check
