[2024-12-21T20:29:19.613+0000] {taskinstance.py:1165} INFO - Dependencies all met for <TaskInstance: 6.1-monitoreando.tarea5 scheduled__2022-07-22T00:00:00+00:00 [queued]>
[2024-12-21T20:29:19.743+0000] {taskinstance.py:1165} INFO - Dependencies all met for <TaskInstance: 6.1-monitoreando.tarea5 scheduled__2022-07-22T00:00:00+00:00 [queued]>
[2024-12-21T20:29:19.753+0000] {taskinstance.py:1362} INFO - 
--------------------------------------------------------------------------------
[2024-12-21T20:29:19.756+0000] {taskinstance.py:1363} INFO - Starting attempt 1 of 1
[2024-12-21T20:29:19.756+0000] {taskinstance.py:1364} INFO - 
--------------------------------------------------------------------------------
[2024-12-21T20:29:20.029+0000] {taskinstance.py:1383} INFO - Executing <Task(PythonOperator): tarea5> on 2022-07-22 00:00:00+00:00
[2024-12-21T20:29:20.316+0000] {standard_task_runner.py:55} INFO - Started process 5179 to run task
[2024-12-21T20:29:20.363+0000] {standard_task_runner.py:82} INFO - Running: ['***', 'tasks', 'run', '6.1-monitoreando', 'tarea5', 'scheduled__2022-07-22T00:00:00+00:00', '--job-id', '2504', '--raw', '--subdir', 'DAGS_FOLDER/6.1-monitoring.py', '--cfg-path', '/tmp/tmpgxs54zot']
[2024-12-21T20:29:20.367+0000] {standard_task_runner.py:83} INFO - Job 2504: Subtask tarea5
[2024-12-21T20:29:21.687+0000] {task_command.py:376} INFO - Running <TaskInstance: 6.1-monitoreando.tarea5 scheduled__2022-07-22T00:00:00+00:00 [running]> on host a39b43f32cb0
[2024-12-21T20:29:23.597+0000] {taskinstance.py:1592} INFO - Exporting the following env vars:
AIRFLOW_CTX_DAG_OWNER=***
AIRFLOW_CTX_DAG_ID=6.1-monitoreando
AIRFLOW_CTX_TASK_ID=tarea5
AIRFLOW_CTX_EXECUTION_DATE=2022-07-22T00:00:00+00:00
AIRFLOW_CTX_TRY_NUMBER=1
AIRFLOW_CTX_DAG_RUN_ID=scheduled__2022-07-22T00:00:00+00:00
[2024-12-21T20:29:23.607+0000] {python.py:177} INFO - Done. Returned value was: None
[2024-12-21T20:29:23.827+0000] {taskinstance.py:1406} INFO - Marking task as SUCCESS. dag_id=6.1-monitoreando, task_id=tarea5, execution_date=20220722T000000, start_date=20241221T202919, end_date=20241221T202923
[2024-12-21T20:29:23.940+0000] {local_task_job.py:164} INFO - Task exited with return code 0
[2024-12-21T20:29:24.326+0000] {local_task_job.py:273} INFO - 0 downstream tasks scheduled from follow-on schedule check
