[2024-12-21T20:29:22.016+0000] {taskinstance.py:1165} INFO - Dependencies all met for <TaskInstance: 6.1-monitoreando.tarea5 scheduled__2022-07-25T00:00:00+00:00 [queued]>
[2024-12-21T20:29:22.455+0000] {taskinstance.py:1165} INFO - Dependencies all met for <TaskInstance: 6.1-monitoreando.tarea5 scheduled__2022-07-25T00:00:00+00:00 [queued]>
[2024-12-21T20:29:22.469+0000] {taskinstance.py:1362} INFO - 
--------------------------------------------------------------------------------
[2024-12-21T20:29:22.470+0000] {taskinstance.py:1363} INFO - Starting attempt 1 of 1
[2024-12-21T20:29:22.473+0000] {taskinstance.py:1364} INFO - 
--------------------------------------------------------------------------------
[2024-12-21T20:29:22.760+0000] {taskinstance.py:1383} INFO - Executing <Task(PythonOperator): tarea5> on 2022-07-25 00:00:00+00:00
[2024-12-21T20:29:22.779+0000] {standard_task_runner.py:55} INFO - Started process 5188 to run task
[2024-12-21T20:29:22.812+0000] {standard_task_runner.py:82} INFO - Running: ['***', 'tasks', 'run', '6.1-monitoreando', 'tarea5', 'scheduled__2022-07-25T00:00:00+00:00', '--job-id', '2514', '--raw', '--subdir', 'DAGS_FOLDER/6.1-monitoring.py', '--cfg-path', '/tmp/tmp0qu9gjse']
[2024-12-21T20:29:22.814+0000] {standard_task_runner.py:83} INFO - Job 2514: Subtask tarea5
[2024-12-21T20:29:23.445+0000] {task_command.py:376} INFO - Running <TaskInstance: 6.1-monitoreando.tarea5 scheduled__2022-07-25T00:00:00+00:00 [running]> on host a39b43f32cb0
[2024-12-21T20:29:24.273+0000] {taskinstance.py:1592} INFO - Exporting the following env vars:
AIRFLOW_CTX_DAG_OWNER=***
AIRFLOW_CTX_DAG_ID=6.1-monitoreando
AIRFLOW_CTX_TASK_ID=tarea5
AIRFLOW_CTX_EXECUTION_DATE=2022-07-25T00:00:00+00:00
AIRFLOW_CTX_TRY_NUMBER=1
AIRFLOW_CTX_DAG_RUN_ID=scheduled__2022-07-25T00:00:00+00:00
[2024-12-21T20:29:24.323+0000] {python.py:177} INFO - Done. Returned value was: None
[2024-12-21T20:29:24.528+0000] {taskinstance.py:1406} INFO - Marking task as SUCCESS. dag_id=6.1-monitoreando, task_id=tarea5, execution_date=20220725T000000, start_date=20241221T202922, end_date=20241221T202924
[2024-12-21T20:29:24.839+0000] {local_task_job.py:164} INFO - Task exited with return code 0
[2024-12-21T20:29:25.113+0000] {local_task_job.py:273} INFO - 0 downstream tasks scheduled from follow-on schedule check
