[2024-12-21T13:37:06.323+0000] {taskinstance.py:1165} INFO - Dependencies all met for <TaskInstance: bashoperator.hello_with_bash scheduled__2023-03-17T00:00:00+00:00 [queued]>
[2024-12-21T13:37:06.347+0000] {taskinstance.py:1165} INFO - Dependencies all met for <TaskInstance: bashoperator.hello_with_bash scheduled__2023-03-17T00:00:00+00:00 [queued]>
[2024-12-21T13:37:06.347+0000] {taskinstance.py:1362} INFO - 
--------------------------------------------------------------------------------
[2024-12-21T13:37:06.348+0000] {taskinstance.py:1363} INFO - Starting attempt 1 of 1
[2024-12-21T13:37:06.348+0000] {taskinstance.py:1364} INFO - 
--------------------------------------------------------------------------------
[2024-12-21T13:37:06.415+0000] {taskinstance.py:1383} INFO - Executing <Task(BashOperator): hello_with_bash> on 2023-03-17 00:00:00+00:00
[2024-12-21T13:37:06.430+0000] {standard_task_runner.py:55} INFO - Started process 2751 to run task
[2024-12-21T13:37:06.440+0000] {standard_task_runner.py:82} INFO - Running: ['***', 'tasks', 'run', 'bashoperator', 'hello_with_bash', 'scheduled__2023-03-17T00:00:00+00:00', '--job-id', '405', '--raw', '--subdir', 'DAGS_FOLDER/1-bashoperator.py', '--cfg-path', '/tmp/tmpaa8rfxoy']
[2024-12-21T13:37:06.442+0000] {standard_task_runner.py:83} INFO - Job 405: Subtask hello_with_bash
[2024-12-21T13:37:06.647+0000] {task_command.py:376} INFO - Running <TaskInstance: bashoperator.hello_with_bash scheduled__2023-03-17T00:00:00+00:00 [running]> on host a39b43f32cb0
[2024-12-21T13:37:06.863+0000] {taskinstance.py:1592} INFO - Exporting the following env vars:
AIRFLOW_CTX_DAG_OWNER=***
AIRFLOW_CTX_DAG_ID=bashoperator
AIRFLOW_CTX_TASK_ID=hello_with_bash
AIRFLOW_CTX_EXECUTION_DATE=2023-03-17T00:00:00+00:00
AIRFLOW_CTX_TRY_NUMBER=1
AIRFLOW_CTX_DAG_RUN_ID=scheduled__2023-03-17T00:00:00+00:00
[2024-12-21T13:37:06.865+0000] {subprocess.py:63} INFO - Tmp dir root location: 
 /tmp
[2024-12-21T13:37:06.867+0000] {subprocess.py:75} INFO - Running command: ['/bin/bash', '-c', "echo 'hello gente'"]
[2024-12-21T13:37:06.887+0000] {subprocess.py:86} INFO - Output:
[2024-12-21T13:37:06.889+0000] {subprocess.py:93} INFO - hello gente
[2024-12-21T13:37:06.890+0000] {subprocess.py:97} INFO - Command exited with return code 0
[2024-12-21T13:37:06.993+0000] {taskinstance.py:1406} INFO - Marking task as SUCCESS. dag_id=bashoperator, task_id=hello_with_bash, execution_date=20230317T000000, start_date=20241221T133706, end_date=20241221T133706
[2024-12-21T13:37:07.042+0000] {local_task_job.py:164} INFO - Task exited with return code 0
[2024-12-21T13:37:07.085+0000] {local_task_job.py:273} INFO - 0 downstream tasks scheduled from follow-on schedule check
