[2024-12-21T20:25:23.459+0000] {taskinstance.py:1165} INFO - Dependencies all met for <TaskInstance: 6.1-monitoreando.tarea2 scheduled__2022-07-02T00:00:00+00:00 [queued]>
[2024-12-21T20:25:23.606+0000] {taskinstance.py:1165} INFO - Dependencies all met for <TaskInstance: 6.1-monitoreando.tarea2 scheduled__2022-07-02T00:00:00+00:00 [queued]>
[2024-12-21T20:25:23.613+0000] {taskinstance.py:1362} INFO - 
--------------------------------------------------------------------------------
[2024-12-21T20:25:23.621+0000] {taskinstance.py:1363} INFO - Starting attempt 1 of 1
[2024-12-21T20:25:23.630+0000] {taskinstance.py:1364} INFO - 
--------------------------------------------------------------------------------
[2024-12-21T20:25:23.799+0000] {taskinstance.py:1383} INFO - Executing <Task(BashOperator): tarea2> on 2022-07-02 00:00:00+00:00
[2024-12-21T20:25:23.820+0000] {standard_task_runner.py:55} INFO - Started process 4424 to run task
[2024-12-21T20:25:23.870+0000] {standard_task_runner.py:82} INFO - Running: ['***', 'tasks', 'run', '6.1-monitoreando', 'tarea2', 'scheduled__2022-07-02T00:00:00+00:00', '--job-id', '2344', '--raw', '--subdir', 'DAGS_FOLDER/6.1-monitoring.py', '--cfg-path', '/tmp/tmpmbn2d7hk']
[2024-12-21T20:25:23.880+0000] {standard_task_runner.py:83} INFO - Job 2344: Subtask tarea2
[2024-12-21T20:25:24.497+0000] {task_command.py:376} INFO - Running <TaskInstance: 6.1-monitoreando.tarea2 scheduled__2022-07-02T00:00:00+00:00 [running]> on host a39b43f32cb0
[2024-12-21T20:25:25.337+0000] {taskinstance.py:1592} INFO - Exporting the following env vars:
AIRFLOW_CTX_DAG_OWNER=***
AIRFLOW_CTX_DAG_ID=6.1-monitoreando
AIRFLOW_CTX_TASK_ID=tarea2
AIRFLOW_CTX_EXECUTION_DATE=2022-07-02T00:00:00+00:00
AIRFLOW_CTX_TRY_NUMBER=1
AIRFLOW_CTX_DAG_RUN_ID=scheduled__2022-07-02T00:00:00+00:00
[2024-12-21T20:25:25.347+0000] {subprocess.py:63} INFO - Tmp dir root location: 
 /tmp
[2024-12-21T20:25:25.378+0000] {subprocess.py:75} INFO - Running command: ['/bin/bash', '-c', "sleep 2 && echo 'Tarea 2'"]
[2024-12-21T20:25:25.577+0000] {subprocess.py:86} INFO - Output:
[2024-12-21T20:25:27.725+0000] {subprocess.py:93} INFO - Tarea 2
[2024-12-21T20:25:27.828+0000] {subprocess.py:97} INFO - Command exited with return code 0
[2024-12-21T20:25:28.809+0000] {taskinstance.py:1406} INFO - Marking task as SUCCESS. dag_id=6.1-monitoreando, task_id=tarea2, execution_date=20220702T000000, start_date=20241221T202523, end_date=20241221T202528
[2024-12-21T20:25:30.486+0000] {local_task_job.py:164} INFO - Task exited with return code 0
[2024-12-21T20:25:30.789+0000] {local_task_job.py:273} INFO - 1 downstream tasks scheduled from follow-on schedule check
