[2024-12-21T14:38:52.528+0000] {taskinstance.py:1165} INFO - Dependencies all met for <TaskInstance: customOperator.hello scheduled__2023-07-07T00:00:00+00:00 [queued]>
[2024-12-21T14:38:52.544+0000] {taskinstance.py:1165} INFO - Dependencies all met for <TaskInstance: customOperator.hello scheduled__2023-07-07T00:00:00+00:00 [queued]>
[2024-12-21T14:38:52.545+0000] {taskinstance.py:1362} INFO - 
--------------------------------------------------------------------------------
[2024-12-21T14:38:52.547+0000] {taskinstance.py:1363} INFO - Starting attempt 1 of 1
[2024-12-21T14:38:52.547+0000] {taskinstance.py:1364} INFO - 
--------------------------------------------------------------------------------
[2024-12-21T14:38:52.570+0000] {taskinstance.py:1383} INFO - Executing <Task(HelloOperator): hello> on 2023-07-07 00:00:00+00:00
[2024-12-21T14:38:52.575+0000] {standard_task_runner.py:55} INFO - Started process 8340 to run task
[2024-12-21T14:38:52.582+0000] {standard_task_runner.py:82} INFO - Running: ['***', 'tasks', 'run', 'customOperator', 'hello', 'scheduled__2023-07-07T00:00:00+00:00', '--job-id', '1610', '--raw', '--subdir', 'DAGS_FOLDER/4-customoperator.py', '--cfg-path', '/tmp/tmpujxgsq8m']
[2024-12-21T14:38:52.584+0000] {standard_task_runner.py:83} INFO - Job 1610: Subtask hello
[2024-12-21T14:38:52.689+0000] {task_command.py:376} INFO - Running <TaskInstance: customOperator.hello scheduled__2023-07-07T00:00:00+00:00 [running]> on host a39b43f32cb0
[2024-12-21T14:38:52.820+0000] {taskinstance.py:1592} INFO - Exporting the following env vars:
AIRFLOW_CTX_DAG_OWNER=***
AIRFLOW_CTX_DAG_ID=customOperator
AIRFLOW_CTX_TASK_ID=hello
AIRFLOW_CTX_EXECUTION_DATE=2023-07-07T00:00:00+00:00
AIRFLOW_CTX_TRY_NUMBER=1
AIRFLOW_CTX_DAG_RUN_ID=scheduled__2023-07-07T00:00:00+00:00
[2024-12-21T14:38:52.821+0000] {logging_mixin.py:120} INFO - hola Freddy
[2024-12-21T14:38:52.835+0000] {taskinstance.py:1406} INFO - Marking task as SUCCESS. dag_id=customOperator, task_id=hello, execution_date=20230707T000000, start_date=20241221T143852, end_date=20241221T143852
[2024-12-21T14:38:52.885+0000] {local_task_job.py:164} INFO - Task exited with return code 0
[2024-12-21T14:38:52.915+0000] {local_task_job.py:273} INFO - 0 downstream tasks scheduled from follow-on schedule check
