[2024-12-21T13:36:55.619+0000] {taskinstance.py:1165} INFO - Dependencies all met for <TaskInstance: bashoperator.hello_with_bash scheduled__2023-02-24T00:00:00+00:00 [queued]>
[2024-12-21T13:36:55.635+0000] {taskinstance.py:1165} INFO - Dependencies all met for <TaskInstance: bashoperator.hello_with_bash scheduled__2023-02-24T00:00:00+00:00 [queued]>
[2024-12-21T13:36:55.638+0000] {taskinstance.py:1362} INFO - 
--------------------------------------------------------------------------------
[2024-12-21T13:36:55.643+0000] {taskinstance.py:1363} INFO - Starting attempt 1 of 1
[2024-12-21T13:36:55.644+0000] {taskinstance.py:1364} INFO - 
--------------------------------------------------------------------------------
[2024-12-21T13:36:55.679+0000] {taskinstance.py:1383} INFO - Executing <Task(BashOperator): hello_with_bash> on 2023-02-24 00:00:00+00:00
[2024-12-21T13:36:55.687+0000] {standard_task_runner.py:55} INFO - Started process 2689 to run task
[2024-12-21T13:36:55.691+0000] {standard_task_runner.py:82} INFO - Running: ['***', 'tasks', 'run', 'bashoperator', 'hello_with_bash', 'scheduled__2023-02-24T00:00:00+00:00', '--job-id', '384', '--raw', '--subdir', 'DAGS_FOLDER/1-bashoperator.py', '--cfg-path', '/tmp/tmp2nptwoq7']
[2024-12-21T13:36:55.693+0000] {standard_task_runner.py:83} INFO - Job 384: Subtask hello_with_bash
[2024-12-21T13:36:55.831+0000] {task_command.py:376} INFO - Running <TaskInstance: bashoperator.hello_with_bash scheduled__2023-02-24T00:00:00+00:00 [running]> on host a39b43f32cb0
[2024-12-21T13:36:55.945+0000] {taskinstance.py:1592} INFO - Exporting the following env vars:
AIRFLOW_CTX_DAG_OWNER=***
AIRFLOW_CTX_DAG_ID=bashoperator
AIRFLOW_CTX_TASK_ID=hello_with_bash
AIRFLOW_CTX_EXECUTION_DATE=2023-02-24T00:00:00+00:00
AIRFLOW_CTX_TRY_NUMBER=1
AIRFLOW_CTX_DAG_RUN_ID=scheduled__2023-02-24T00:00:00+00:00
[2024-12-21T13:36:55.948+0000] {subprocess.py:63} INFO - Tmp dir root location: 
 /tmp
[2024-12-21T13:36:55.951+0000] {subprocess.py:75} INFO - Running command: ['/bin/bash', '-c', "echo 'hello gente'"]
[2024-12-21T13:36:55.967+0000] {subprocess.py:86} INFO - Output:
[2024-12-21T13:36:55.969+0000] {subprocess.py:93} INFO - hello gente
[2024-12-21T13:36:55.970+0000] {subprocess.py:97} INFO - Command exited with return code 0
[2024-12-21T13:36:56.010+0000] {taskinstance.py:1406} INFO - Marking task as SUCCESS. dag_id=bashoperator, task_id=hello_with_bash, execution_date=20230224T000000, start_date=20241221T133655, end_date=20241221T133656
[2024-12-21T13:36:56.044+0000] {local_task_job.py:164} INFO - Task exited with return code 0
[2024-12-21T13:36:56.082+0000] {local_task_job.py:273} INFO - 0 downstream tasks scheduled from follow-on schedule check
