[2024-12-21T13:43:22.885+0000] {taskinstance.py:1165} INFO - Dependencies all met for <TaskInstance: bashoperator.hello_with_bash scheduled__2024-10-13T00:00:00+00:00 [queued]>
[2024-12-21T13:43:22.923+0000] {taskinstance.py:1165} INFO - Dependencies all met for <TaskInstance: bashoperator.hello_with_bash scheduled__2024-10-13T00:00:00+00:00 [queued]>
[2024-12-21T13:43:22.924+0000] {taskinstance.py:1362} INFO - 
--------------------------------------------------------------------------------
[2024-12-21T13:43:22.924+0000] {taskinstance.py:1363} INFO - Starting attempt 1 of 1
[2024-12-21T13:43:22.925+0000] {taskinstance.py:1364} INFO - 
--------------------------------------------------------------------------------
[2024-12-21T13:43:22.996+0000] {taskinstance.py:1383} INFO - Executing <Task(BashOperator): hello_with_bash> on 2024-10-13 00:00:00+00:00
[2024-12-21T13:43:23.008+0000] {standard_task_runner.py:55} INFO - Started process 4749 to run task
[2024-12-21T13:43:23.017+0000] {standard_task_runner.py:82} INFO - Running: ['***', 'tasks', 'run', 'bashoperator', 'hello_with_bash', 'scheduled__2024-10-13T00:00:00+00:00', '--job-id', '981', '--raw', '--subdir', 'DAGS_FOLDER/1-bashoperator.py', '--cfg-path', '/tmp/tmpowhjxdfw']
[2024-12-21T13:43:23.018+0000] {standard_task_runner.py:83} INFO - Job 981: Subtask hello_with_bash
[2024-12-21T13:43:23.223+0000] {task_command.py:376} INFO - Running <TaskInstance: bashoperator.hello_with_bash scheduled__2024-10-13T00:00:00+00:00 [running]> on host a39b43f32cb0
[2024-12-21T13:43:23.404+0000] {taskinstance.py:1592} INFO - Exporting the following env vars:
AIRFLOW_CTX_DAG_OWNER=***
AIRFLOW_CTX_DAG_ID=bashoperator
AIRFLOW_CTX_TASK_ID=hello_with_bash
AIRFLOW_CTX_EXECUTION_DATE=2024-10-13T00:00:00+00:00
AIRFLOW_CTX_TRY_NUMBER=1
AIRFLOW_CTX_DAG_RUN_ID=scheduled__2024-10-13T00:00:00+00:00
[2024-12-21T13:43:23.407+0000] {subprocess.py:63} INFO - Tmp dir root location: 
 /tmp
[2024-12-21T13:43:23.411+0000] {subprocess.py:75} INFO - Running command: ['/bin/bash', '-c', "echo 'hello gente'"]
[2024-12-21T13:43:23.429+0000] {subprocess.py:86} INFO - Output:
[2024-12-21T13:43:23.436+0000] {subprocess.py:93} INFO - hello gente
[2024-12-21T13:43:23.437+0000] {subprocess.py:97} INFO - Command exited with return code 0
[2024-12-21T13:43:23.541+0000] {taskinstance.py:1406} INFO - Marking task as SUCCESS. dag_id=bashoperator, task_id=hello_with_bash, execution_date=20241013T000000, start_date=20241221T134322, end_date=20241221T134323
[2024-12-21T13:43:23.749+0000] {local_task_job.py:164} INFO - Task exited with return code 0
[2024-12-21T13:43:24.001+0000] {local_task_job.py:273} INFO - 0 downstream tasks scheduled from follow-on schedule check
