[2024-12-21T13:38:56.445+0000] {taskinstance.py:1165} INFO - Dependencies all met for <TaskInstance: bashoperator.hello_with_bash scheduled__2023-09-30T00:00:00+00:00 [queued]>
[2024-12-21T13:38:56.471+0000] {taskinstance.py:1165} INFO - Dependencies all met for <TaskInstance: bashoperator.hello_with_bash scheduled__2023-09-30T00:00:00+00:00 [queued]>
[2024-12-21T13:38:56.471+0000] {taskinstance.py:1362} INFO - 
--------------------------------------------------------------------------------
[2024-12-21T13:38:56.472+0000] {taskinstance.py:1363} INFO - Starting attempt 1 of 1
[2024-12-21T13:38:56.472+0000] {taskinstance.py:1364} INFO - 
--------------------------------------------------------------------------------
[2024-12-21T13:38:56.538+0000] {taskinstance.py:1383} INFO - Executing <Task(BashOperator): hello_with_bash> on 2023-09-30 00:00:00+00:00
[2024-12-21T13:38:56.546+0000] {standard_task_runner.py:55} INFO - Started process 3422 to run task
[2024-12-21T13:38:56.554+0000] {standard_task_runner.py:82} INFO - Running: ['***', 'tasks', 'run', 'bashoperator', 'hello_with_bash', 'scheduled__2023-09-30T00:00:00+00:00', '--job-id', '602', '--raw', '--subdir', 'DAGS_FOLDER/1-bashoperator.py', '--cfg-path', '/tmp/tmpapvspj5v']
[2024-12-21T13:38:56.555+0000] {standard_task_runner.py:83} INFO - Job 602: Subtask hello_with_bash
[2024-12-21T13:38:56.683+0000] {task_command.py:376} INFO - Running <TaskInstance: bashoperator.hello_with_bash scheduled__2023-09-30T00:00:00+00:00 [running]> on host a39b43f32cb0
[2024-12-21T13:38:56.880+0000] {taskinstance.py:1592} INFO - Exporting the following env vars:
AIRFLOW_CTX_DAG_OWNER=***
AIRFLOW_CTX_DAG_ID=bashoperator
AIRFLOW_CTX_TASK_ID=hello_with_bash
AIRFLOW_CTX_EXECUTION_DATE=2023-09-30T00:00:00+00:00
AIRFLOW_CTX_TRY_NUMBER=1
AIRFLOW_CTX_DAG_RUN_ID=scheduled__2023-09-30T00:00:00+00:00
[2024-12-21T13:38:56.882+0000] {subprocess.py:63} INFO - Tmp dir root location: 
 /tmp
[2024-12-21T13:38:56.885+0000] {subprocess.py:75} INFO - Running command: ['/bin/bash', '-c', "echo 'hello gente'"]
[2024-12-21T13:38:56.898+0000] {subprocess.py:86} INFO - Output:
[2024-12-21T13:38:56.902+0000] {subprocess.py:93} INFO - hello gente
[2024-12-21T13:38:56.903+0000] {subprocess.py:97} INFO - Command exited with return code 0
[2024-12-21T13:38:56.972+0000] {taskinstance.py:1406} INFO - Marking task as SUCCESS. dag_id=bashoperator, task_id=hello_with_bash, execution_date=20230930T000000, start_date=20241221T133856, end_date=20241221T133856
[2024-12-21T13:38:57.021+0000] {local_task_job.py:164} INFO - Task exited with return code 0
[2024-12-21T13:38:57.064+0000] {local_task_job.py:273} INFO - 0 downstream tasks scheduled from follow-on schedule check
