[2024-12-21T20:27:24.218+0000] {taskinstance.py:1165} INFO - Dependencies all met for <TaskInstance: 6.1-monitoreando.tarea3 scheduled__2022-07-24T00:00:00+00:00 [queued]>
[2024-12-21T20:27:24.350+0000] {taskinstance.py:1165} INFO - Dependencies all met for <TaskInstance: 6.1-monitoreando.tarea3 scheduled__2022-07-24T00:00:00+00:00 [queued]>
[2024-12-21T20:27:24.354+0000] {taskinstance.py:1362} INFO - 
--------------------------------------------------------------------------------
[2024-12-21T20:27:24.355+0000] {taskinstance.py:1363} INFO - Starting attempt 1 of 1
[2024-12-21T20:27:24.364+0000] {taskinstance.py:1364} INFO - 
--------------------------------------------------------------------------------
[2024-12-21T20:27:24.499+0000] {taskinstance.py:1383} INFO - Executing <Task(BashOperator): tarea3> on 2022-07-24 00:00:00+00:00
[2024-12-21T20:27:24.526+0000] {standard_task_runner.py:55} INFO - Started process 4961 to run task
[2024-12-21T20:27:24.542+0000] {standard_task_runner.py:82} INFO - Running: ['***', 'tasks', 'run', '6.1-monitoreando', 'tarea3', 'scheduled__2022-07-24T00:00:00+00:00', '--job-id', '2475', '--raw', '--subdir', 'DAGS_FOLDER/6.1-monitoring.py', '--cfg-path', '/tmp/tmpls2xejoa']
[2024-12-21T20:27:24.545+0000] {standard_task_runner.py:83} INFO - Job 2475: Subtask tarea3
[2024-12-21T20:27:24.949+0000] {task_command.py:376} INFO - Running <TaskInstance: 6.1-monitoreando.tarea3 scheduled__2022-07-24T00:00:00+00:00 [running]> on host a39b43f32cb0
[2024-12-21T20:27:25.293+0000] {taskinstance.py:1592} INFO - Exporting the following env vars:
AIRFLOW_CTX_DAG_OWNER=***
AIRFLOW_CTX_DAG_ID=6.1-monitoreando
AIRFLOW_CTX_TASK_ID=tarea3
AIRFLOW_CTX_EXECUTION_DATE=2022-07-24T00:00:00+00:00
AIRFLOW_CTX_TRY_NUMBER=1
AIRFLOW_CTX_DAG_RUN_ID=scheduled__2022-07-24T00:00:00+00:00
[2024-12-21T20:27:25.298+0000] {subprocess.py:63} INFO - Tmp dir root location: 
 /tmp
[2024-12-21T20:27:25.301+0000] {subprocess.py:75} INFO - Running command: ['/bin/bash', '-c', "sleep 2 && echo 'Tarea 3'"]
[2024-12-21T20:27:25.330+0000] {subprocess.py:86} INFO - Output:
[2024-12-21T20:27:27.349+0000] {subprocess.py:93} INFO - Tarea 3
[2024-12-21T20:27:27.370+0000] {subprocess.py:97} INFO - Command exited with return code 0
[2024-12-21T20:27:27.854+0000] {taskinstance.py:1406} INFO - Marking task as SUCCESS. dag_id=6.1-monitoreando, task_id=tarea3, execution_date=20220724T000000, start_date=20241221T202724, end_date=20241221T202727
[2024-12-21T20:27:28.438+0000] {local_task_job.py:164} INFO - Task exited with return code 0
[2024-12-21T20:27:28.809+0000] {local_task_job.py:273} INFO - 1 downstream tasks scheduled from follow-on schedule check
