[2024-12-21T22:23:02.273+0000] {taskinstance.py:1165} INFO - Dependencies all met for <TaskInstance: commiteando_cosas.crear_archivo_fecha_task scheduled__2024-12-21T22:22:00+00:00 [queued]>
[2024-12-21T22:23:02.281+0000] {taskinstance.py:1165} INFO - Dependencies all met for <TaskInstance: commiteando_cosas.crear_archivo_fecha_task scheduled__2024-12-21T22:22:00+00:00 [queued]>
[2024-12-21T22:23:02.281+0000] {taskinstance.py:1362} INFO - 
--------------------------------------------------------------------------------
[2024-12-21T22:23:02.281+0000] {taskinstance.py:1363} INFO - Starting attempt 1 of 1
[2024-12-21T22:23:02.281+0000] {taskinstance.py:1364} INFO - 
--------------------------------------------------------------------------------
[2024-12-21T22:23:02.291+0000] {taskinstance.py:1383} INFO - Executing <Task(BashOperator): crear_archivo_fecha_task> on 2024-12-21 22:22:00+00:00
[2024-12-21T22:23:02.294+0000] {standard_task_runner.py:55} INFO - Started process 11347 to run task
[2024-12-21T22:23:02.298+0000] {standard_task_runner.py:82} INFO - Running: ['***', 'tasks', 'run', 'commiteando_cosas', 'crear_archivo_fecha_task', 'scheduled__2024-12-21T22:22:00+00:00', '--job-id', '2798', '--raw', '--subdir', 'DAGS_FOLDER/elPataCommits.py', '--cfg-path', '/tmp/tmp0y57yta3']
[2024-12-21T22:23:02.299+0000] {standard_task_runner.py:83} INFO - Job 2798: Subtask crear_archivo_fecha_task
[2024-12-21T22:23:02.372+0000] {task_command.py:376} INFO - Running <TaskInstance: commiteando_cosas.crear_archivo_fecha_task scheduled__2024-12-21T22:22:00+00:00 [running]> on host a39b43f32cb0
[2024-12-21T22:23:02.464+0000] {taskinstance.py:1592} INFO - Exporting the following env vars:
AIRFLOW_CTX_DAG_OWNER=***
AIRFLOW_CTX_DAG_ID=commiteando_cosas
AIRFLOW_CTX_TASK_ID=crear_archivo_fecha_task
AIRFLOW_CTX_EXECUTION_DATE=2024-12-21T22:22:00+00:00
AIRFLOW_CTX_TRY_NUMBER=1
AIRFLOW_CTX_DAG_RUN_ID=scheduled__2024-12-21T22:22:00+00:00
[2024-12-21T22:23:02.467+0000] {subprocess.py:63} INFO - Tmp dir root location: 
 /tmp
[2024-12-21T22:23:02.469+0000] {subprocess.py:75} INFO - Running command: ['/bin/bash', '-c', '\n        today_date=$(date \'+%Y-%m_%H-%M-%S\')\n        echo "Archivo creado el $today_date" > juan.txt\n        ']
[2024-12-21T22:23:02.483+0000] {subprocess.py:86} INFO - Output:
[2024-12-21T22:23:02.490+0000] {subprocess.py:97} INFO - Command exited with return code 0
[2024-12-21T22:23:02.519+0000] {taskinstance.py:1406} INFO - Marking task as SUCCESS. dag_id=commiteando_cosas, task_id=crear_archivo_fecha_task, execution_date=20241221T222200, start_date=20241221T222302, end_date=20241221T222302
[2024-12-21T22:23:02.561+0000] {local_task_job.py:164} INFO - Task exited with return code 0
[2024-12-21T22:23:02.582+0000] {local_task_job.py:273} INFO - 1 downstream tasks scheduled from follow-on schedule check
