[2024-12-21T21:41:00.499+0000] {taskinstance.py:1165} INFO - Dependencies all met for <TaskInstance: commiteando_cosas.check scheduled__2024-12-21T21:40:00+00:00 [queued]>
[2024-12-21T21:41:00.507+0000] {taskinstance.py:1165} INFO - Dependencies all met for <TaskInstance: commiteando_cosas.check scheduled__2024-12-21T21:40:00+00:00 [queued]>
[2024-12-21T21:41:00.507+0000] {taskinstance.py:1362} INFO - 
--------------------------------------------------------------------------------
[2024-12-21T21:41:00.507+0000] {taskinstance.py:1363} INFO - Starting attempt 1 of 1
[2024-12-21T21:41:00.507+0000] {taskinstance.py:1364} INFO - 
--------------------------------------------------------------------------------
[2024-12-21T21:41:00.524+0000] {taskinstance.py:1383} INFO - Executing <Task(BashOperator): check> on 2024-12-21 21:40:00+00:00
[2024-12-21T21:41:00.530+0000] {standard_task_runner.py:55} INFO - Started process 8909 to run task
[2024-12-21T21:41:00.538+0000] {standard_task_runner.py:82} INFO - Running: ['***', 'tasks', 'run', 'commiteando_cosas', 'check', 'scheduled__2024-12-21T21:40:00+00:00', '--job-id', '2671', '--raw', '--subdir', 'DAGS_FOLDER/elPataCommits.py', '--cfg-path', '/tmp/tmpsz51yhvw']
[2024-12-21T21:41:00.539+0000] {standard_task_runner.py:83} INFO - Job 2671: Subtask check
[2024-12-21T21:41:00.606+0000] {task_command.py:376} INFO - Running <TaskInstance: commiteando_cosas.check scheduled__2024-12-21T21:40:00+00:00 [running]> on host a39b43f32cb0
[2024-12-21T21:41:00.669+0000] {taskinstance.py:1592} INFO - Exporting the following env vars:
AIRFLOW_CTX_DAG_OWNER=***
AIRFLOW_CTX_DAG_ID=commiteando_cosas
AIRFLOW_CTX_TASK_ID=check
AIRFLOW_CTX_EXECUTION_DATE=2024-12-21T21:40:00+00:00
AIRFLOW_CTX_TRY_NUMBER=1
AIRFLOW_CTX_DAG_RUN_ID=scheduled__2024-12-21T21:40:00+00:00
[2024-12-21T21:41:00.670+0000] {subprocess.py:63} INFO - Tmp dir root location: 
 /tmp
[2024-12-21T21:41:00.671+0000] {subprocess.py:75} INFO - Running command: ['/bin/bash', '-c', '\n        echo && \n        whoami && \n        echo && \n        pwd && \n        echo\n        ']
[2024-12-21T21:41:00.687+0000] {subprocess.py:86} INFO - Output:
[2024-12-21T21:41:00.694+0000] {subprocess.py:93} INFO - 
[2024-12-21T21:41:00.696+0000] {subprocess.py:93} INFO - ***
[2024-12-21T21:41:00.696+0000] {subprocess.py:93} INFO - 
[2024-12-21T21:41:00.696+0000] {subprocess.py:93} INFO - /tmp/***tmphxvqb2ho
[2024-12-21T21:41:00.696+0000] {subprocess.py:93} INFO - 
[2024-12-21T21:41:00.697+0000] {subprocess.py:97} INFO - Command exited with return code 0
[2024-12-21T21:41:00.719+0000] {taskinstance.py:1406} INFO - Marking task as SUCCESS. dag_id=commiteando_cosas, task_id=check, execution_date=20241221T214000, start_date=20241221T214100, end_date=20241221T214100
[2024-12-21T21:41:00.756+0000] {local_task_job.py:164} INFO - Task exited with return code 0
[2024-12-21T21:41:00.782+0000] {local_task_job.py:273} INFO - 1 downstream tasks scheduled from follow-on schedule check
