[2024-12-21T14:38:46.264+0000] {taskinstance.py:1165} INFO - Dependencies all met for <TaskInstance: customOperator.hello scheduled__2023-06-23T00:00:00+00:00 [queued]>
[2024-12-21T14:38:46.283+0000] {taskinstance.py:1165} INFO - Dependencies all met for <TaskInstance: customOperator.hello scheduled__2023-06-23T00:00:00+00:00 [queued]>
[2024-12-21T14:38:46.285+0000] {taskinstance.py:1362} INFO - 
--------------------------------------------------------------------------------
[2024-12-21T14:38:46.287+0000] {taskinstance.py:1363} INFO - Starting attempt 1 of 1
[2024-12-21T14:38:46.287+0000] {taskinstance.py:1364} INFO - 
--------------------------------------------------------------------------------
[2024-12-21T14:38:46.323+0000] {taskinstance.py:1383} INFO - Executing <Task(HelloOperator): hello> on 2023-06-23 00:00:00+00:00
[2024-12-21T14:38:46.337+0000] {standard_task_runner.py:55} INFO - Started process 8304 to run task
[2024-12-21T14:38:46.343+0000] {standard_task_runner.py:82} INFO - Running: ['***', 'tasks', 'run', 'customOperator', 'hello', 'scheduled__2023-06-23T00:00:00+00:00', '--job-id', '1596', '--raw', '--subdir', 'DAGS_FOLDER/4-customoperator.py', '--cfg-path', '/tmp/tmps_qxrvnm']
[2024-12-21T14:38:46.344+0000] {standard_task_runner.py:83} INFO - Job 1596: Subtask hello
[2024-12-21T14:38:46.480+0000] {task_command.py:376} INFO - Running <TaskInstance: customOperator.hello scheduled__2023-06-23T00:00:00+00:00 [running]> on host a39b43f32cb0
[2024-12-21T14:38:46.636+0000] {taskinstance.py:1592} INFO - Exporting the following env vars:
AIRFLOW_CTX_DAG_OWNER=***
AIRFLOW_CTX_DAG_ID=customOperator
AIRFLOW_CTX_TASK_ID=hello
AIRFLOW_CTX_EXECUTION_DATE=2023-06-23T00:00:00+00:00
AIRFLOW_CTX_TRY_NUMBER=1
AIRFLOW_CTX_DAG_RUN_ID=scheduled__2023-06-23T00:00:00+00:00
[2024-12-21T14:38:46.637+0000] {logging_mixin.py:120} INFO - hola Freddy
[2024-12-21T14:38:46.670+0000] {taskinstance.py:1406} INFO - Marking task as SUCCESS. dag_id=customOperator, task_id=hello, execution_date=20230623T000000, start_date=20241221T143846, end_date=20241221T143846
[2024-12-21T14:38:46.745+0000] {local_task_job.py:164} INFO - Task exited with return code 0
[2024-12-21T14:38:46.789+0000] {local_task_job.py:273} INFO - 0 downstream tasks scheduled from follow-on schedule check
