[2024-12-21T21:52:02.620+0000] {taskinstance.py:1165} INFO - Dependencies all met for <TaskInstance: commiteando_cosas.crear_archivo_fecha_task scheduled__2024-12-21T21:51:00+00:00 [queued]>
[2024-12-21T21:52:02.631+0000] {taskinstance.py:1165} INFO - Dependencies all met for <TaskInstance: commiteando_cosas.crear_archivo_fecha_task scheduled__2024-12-21T21:51:00+00:00 [queued]>
[2024-12-21T21:52:02.632+0000] {taskinstance.py:1362} INFO - 
--------------------------------------------------------------------------------
[2024-12-21T21:52:02.632+0000] {taskinstance.py:1363} INFO - Starting attempt 1 of 1
[2024-12-21T21:52:02.632+0000] {taskinstance.py:1364} INFO - 
--------------------------------------------------------------------------------
[2024-12-21T21:52:02.647+0000] {taskinstance.py:1383} INFO - Executing <Task(BashOperator): crear_archivo_fecha_task> on 2024-12-21 21:51:00+00:00
[2024-12-21T21:52:02.653+0000] {standard_task_runner.py:55} INFO - Started process 9566 to run task
[2024-12-21T21:52:02.657+0000] {standard_task_runner.py:82} INFO - Running: ['***', 'tasks', 'run', 'commiteando_cosas', 'crear_archivo_fecha_task', 'scheduled__2024-12-21T21:51:00+00:00', '--job-id', '2705', '--raw', '--subdir', 'DAGS_FOLDER/elPataCommits.py', '--cfg-path', '/tmp/tmpqw4qwmtt']
[2024-12-21T21:52:02.659+0000] {standard_task_runner.py:83} INFO - Job 2705: Subtask crear_archivo_fecha_task
[2024-12-21T21:52:02.735+0000] {task_command.py:376} INFO - Running <TaskInstance: commiteando_cosas.crear_archivo_fecha_task scheduled__2024-12-21T21:51:00+00:00 [running]> on host a39b43f32cb0
[2024-12-21T21:52:02.818+0000] {taskinstance.py:1592} INFO - Exporting the following env vars:
AIRFLOW_CTX_DAG_OWNER=***
AIRFLOW_CTX_DAG_ID=commiteando_cosas
AIRFLOW_CTX_TASK_ID=crear_archivo_fecha_task
AIRFLOW_CTX_EXECUTION_DATE=2024-12-21T21:51:00+00:00
AIRFLOW_CTX_TRY_NUMBER=1
AIRFLOW_CTX_DAG_RUN_ID=scheduled__2024-12-21T21:51:00+00:00
[2024-12-21T21:52:02.819+0000] {subprocess.py:63} INFO - Tmp dir root location: 
 /tmp
[2024-12-21T21:52:02.820+0000] {subprocess.py:75} INFO - Running command: ['/bin/bash', '-c', '\n        today_date=$(date \'+%Y-%m_%H-%M-%S\')\n        echo "Archivo creado el $today_date" > juan.txt\n        ']
[2024-12-21T21:52:02.833+0000] {subprocess.py:86} INFO - Output:
[2024-12-21T21:52:02.839+0000] {subprocess.py:97} INFO - Command exited with return code 0
[2024-12-21T21:52:02.871+0000] {taskinstance.py:1406} INFO - Marking task as SUCCESS. dag_id=commiteando_cosas, task_id=crear_archivo_fecha_task, execution_date=20241221T215100, start_date=20241221T215202, end_date=20241221T215202
[2024-12-21T21:52:02.921+0000] {local_task_job.py:164} INFO - Task exited with return code 0
[2024-12-21T21:52:02.948+0000] {local_task_job.py:273} INFO - 1 downstream tasks scheduled from follow-on schedule check
