[2024-12-21T14:33:20.164+0000] {taskinstance.py:1165} INFO - Dependencies all met for <TaskInstance: customOperator.hello scheduled__2022-01-02T00:00:00+00:00 [queued]>
[2024-12-21T14:33:20.213+0000] {taskinstance.py:1165} INFO - Dependencies all met for <TaskInstance: customOperator.hello scheduled__2022-01-02T00:00:00+00:00 [queued]>
[2024-12-21T14:33:20.218+0000] {taskinstance.py:1362} INFO - 
--------------------------------------------------------------------------------
[2024-12-21T14:33:20.218+0000] {taskinstance.py:1363} INFO - Starting attempt 2 of 2
[2024-12-21T14:33:20.222+0000] {taskinstance.py:1364} INFO - 
--------------------------------------------------------------------------------
[2024-12-21T14:33:20.276+0000] {taskinstance.py:1383} INFO - Executing <Task(HelloOperator): hello> on 2022-01-02 00:00:00+00:00
[2024-12-21T14:33:20.301+0000] {standard_task_runner.py:55} INFO - Started process 6998 to run task
[2024-12-21T14:33:20.313+0000] {standard_task_runner.py:82} INFO - Running: ['***', 'tasks', 'run', 'customOperator', 'hello', 'scheduled__2022-01-02T00:00:00+00:00', '--job-id', '1061', '--raw', '--subdir', 'DAGS_FOLDER/4-customoperator.py', '--cfg-path', '/tmp/tmp8u_o5vzt']
[2024-12-21T14:33:20.315+0000] {standard_task_runner.py:83} INFO - Job 1061: Subtask hello
[2024-12-21T14:33:20.744+0000] {task_command.py:376} INFO - Running <TaskInstance: customOperator.hello scheduled__2022-01-02T00:00:00+00:00 [running]> on host a39b43f32cb0
[2024-12-21T14:33:21.135+0000] {taskinstance.py:1592} INFO - Exporting the following env vars:
AIRFLOW_CTX_DAG_OWNER=***
AIRFLOW_CTX_DAG_ID=customOperator
AIRFLOW_CTX_TASK_ID=hello
AIRFLOW_CTX_EXECUTION_DATE=2022-01-02T00:00:00+00:00
AIRFLOW_CTX_TRY_NUMBER=2
AIRFLOW_CTX_DAG_RUN_ID=scheduled__2022-01-02T00:00:00+00:00
[2024-12-21T14:33:21.139+0000] {logging_mixin.py:120} INFO - hola Freddy
[2024-12-21T14:33:21.197+0000] {taskinstance.py:1406} INFO - Marking task as SUCCESS. dag_id=customOperator, task_id=hello, execution_date=20220102T000000, start_date=20241221T143320, end_date=20241221T143321
[2024-12-21T14:33:21.251+0000] {local_task_job.py:164} INFO - Task exited with return code 0
[2024-12-21T14:33:21.335+0000] {local_task_job.py:273} INFO - 0 downstream tasks scheduled from follow-on schedule check
