[2024-12-21T14:40:12.074+0000] {taskinstance.py:1165} INFO - Dependencies all met for <TaskInstance: customOperator.hello scheduled__2023-11-11T00:00:00+00:00 [queued]>
[2024-12-21T14:40:12.092+0000] {taskinstance.py:1165} INFO - Dependencies all met for <TaskInstance: customOperator.hello scheduled__2023-11-11T00:00:00+00:00 [queued]>
[2024-12-21T14:40:12.094+0000] {taskinstance.py:1362} INFO - 
--------------------------------------------------------------------------------
[2024-12-21T14:40:12.096+0000] {taskinstance.py:1363} INFO - Starting attempt 1 of 1
[2024-12-21T14:40:12.097+0000] {taskinstance.py:1364} INFO - 
--------------------------------------------------------------------------------
[2024-12-21T14:40:12.123+0000] {taskinstance.py:1383} INFO - Executing <Task(HelloOperator): hello> on 2023-11-11 00:00:00+00:00
[2024-12-21T14:40:12.130+0000] {standard_task_runner.py:55} INFO - Started process 8647 to run task
[2024-12-21T14:40:12.135+0000] {standard_task_runner.py:82} INFO - Running: ['***', 'tasks', 'run', 'customOperator', 'hello', 'scheduled__2023-11-11T00:00:00+00:00', '--job-id', '1737', '--raw', '--subdir', 'DAGS_FOLDER/4-customoperator.py', '--cfg-path', '/tmp/tmpjuko9e0t']
[2024-12-21T14:40:12.137+0000] {standard_task_runner.py:83} INFO - Job 1737: Subtask hello
[2024-12-21T14:40:12.277+0000] {task_command.py:376} INFO - Running <TaskInstance: customOperator.hello scheduled__2023-11-11T00:00:00+00:00 [running]> on host a39b43f32cb0
[2024-12-21T14:40:12.436+0000] {taskinstance.py:1592} INFO - Exporting the following env vars:
AIRFLOW_CTX_DAG_OWNER=***
AIRFLOW_CTX_DAG_ID=customOperator
AIRFLOW_CTX_TASK_ID=hello
AIRFLOW_CTX_EXECUTION_DATE=2023-11-11T00:00:00+00:00
AIRFLOW_CTX_TRY_NUMBER=1
AIRFLOW_CTX_DAG_RUN_ID=scheduled__2023-11-11T00:00:00+00:00
[2024-12-21T14:40:12.439+0000] {logging_mixin.py:120} INFO - hola Freddy
[2024-12-21T14:40:12.457+0000] {taskinstance.py:1406} INFO - Marking task as SUCCESS. dag_id=customOperator, task_id=hello, execution_date=20231111T000000, start_date=20241221T144012, end_date=20241221T144012
[2024-12-21T14:40:12.523+0000] {local_task_job.py:164} INFO - Task exited with return code 0
[2024-12-21T14:40:12.636+0000] {local_task_job.py:273} INFO - 0 downstream tasks scheduled from follow-on schedule check
