[2024-12-21T20:27:29.410+0000] {taskinstance.py:1165} INFO - Dependencies all met for <TaskInstance: 6.1-monitoreando.tarea3 scheduled__2022-08-02T00:00:00+00:00 [queued]>
[2024-12-21T20:27:29.484+0000] {taskinstance.py:1165} INFO - Dependencies all met for <TaskInstance: 6.1-monitoreando.tarea3 scheduled__2022-08-02T00:00:00+00:00 [queued]>
[2024-12-21T20:27:29.497+0000] {taskinstance.py:1362} INFO - 
--------------------------------------------------------------------------------
[2024-12-21T20:27:29.497+0000] {taskinstance.py:1363} INFO - Starting attempt 1 of 1
[2024-12-21T20:27:29.498+0000] {taskinstance.py:1364} INFO - 
--------------------------------------------------------------------------------
[2024-12-21T20:27:29.849+0000] {taskinstance.py:1383} INFO - Executing <Task(BashOperator): tarea3> on 2022-08-02 00:00:00+00:00
[2024-12-21T20:27:29.881+0000] {standard_task_runner.py:55} INFO - Started process 5013 to run task
[2024-12-21T20:27:29.901+0000] {standard_task_runner.py:82} INFO - Running: ['***', 'tasks', 'run', '6.1-monitoreando', 'tarea3', 'scheduled__2022-08-02T00:00:00+00:00', '--job-id', '2484', '--raw', '--subdir', 'DAGS_FOLDER/6.1-monitoring.py', '--cfg-path', '/tmp/tmpr8xpmqer']
[2024-12-21T20:27:29.903+0000] {standard_task_runner.py:83} INFO - Job 2484: Subtask tarea3
[2024-12-21T20:27:30.455+0000] {task_command.py:376} INFO - Running <TaskInstance: 6.1-monitoreando.tarea3 scheduled__2022-08-02T00:00:00+00:00 [running]> on host a39b43f32cb0
[2024-12-21T20:27:31.075+0000] {taskinstance.py:1592} INFO - Exporting the following env vars:
AIRFLOW_CTX_DAG_OWNER=***
AIRFLOW_CTX_DAG_ID=6.1-monitoreando
AIRFLOW_CTX_TASK_ID=tarea3
AIRFLOW_CTX_EXECUTION_DATE=2022-08-02T00:00:00+00:00
AIRFLOW_CTX_TRY_NUMBER=1
AIRFLOW_CTX_DAG_RUN_ID=scheduled__2022-08-02T00:00:00+00:00
[2024-12-21T20:27:31.089+0000] {subprocess.py:63} INFO - Tmp dir root location: 
 /tmp
[2024-12-21T20:27:31.091+0000] {subprocess.py:75} INFO - Running command: ['/bin/bash', '-c', "sleep 2 && echo 'Tarea 3'"]
[2024-12-21T20:27:31.124+0000] {subprocess.py:86} INFO - Output:
[2024-12-21T20:27:33.240+0000] {subprocess.py:93} INFO - Tarea 3
[2024-12-21T20:27:33.265+0000] {subprocess.py:97} INFO - Command exited with return code 0
[2024-12-21T20:27:33.420+0000] {taskinstance.py:1406} INFO - Marking task as SUCCESS. dag_id=6.1-monitoreando, task_id=tarea3, execution_date=20220802T000000, start_date=20241221T202729, end_date=20241221T202733
[2024-12-21T20:27:34.104+0000] {local_task_job.py:164} INFO - Task exited with return code 0
[2024-12-21T20:27:34.686+0000] {local_task_job.py:273} INFO - 1 downstream tasks scheduled from follow-on schedule check
