[2024-12-21T20:27:22.783+0000] {taskinstance.py:1165} INFO - Dependencies all met for <TaskInstance: 6.1-monitoreando.tarea3 scheduled__2022-07-22T00:00:00+00:00 [queued]>
[2024-12-21T20:27:22.813+0000] {taskinstance.py:1165} INFO - Dependencies all met for <TaskInstance: 6.1-monitoreando.tarea3 scheduled__2022-07-22T00:00:00+00:00 [queued]>
[2024-12-21T20:27:22.814+0000] {taskinstance.py:1362} INFO - 
--------------------------------------------------------------------------------
[2024-12-21T20:27:22.814+0000] {taskinstance.py:1363} INFO - Starting attempt 1 of 1
[2024-12-21T20:27:22.815+0000] {taskinstance.py:1364} INFO - 
--------------------------------------------------------------------------------
[2024-12-21T20:27:23.399+0000] {taskinstance.py:1383} INFO - Executing <Task(BashOperator): tarea3> on 2022-07-22 00:00:00+00:00
[2024-12-21T20:27:23.414+0000] {standard_task_runner.py:55} INFO - Started process 4950 to run task
[2024-12-21T20:27:23.444+0000] {standard_task_runner.py:82} INFO - Running: ['***', 'tasks', 'run', '6.1-monitoreando', 'tarea3', 'scheduled__2022-07-22T00:00:00+00:00', '--job-id', '2472', '--raw', '--subdir', 'DAGS_FOLDER/6.1-monitoring.py', '--cfg-path', '/tmp/tmpptho6396']
[2024-12-21T20:27:23.453+0000] {standard_task_runner.py:83} INFO - Job 2472: Subtask tarea3
[2024-12-21T20:27:23.743+0000] {task_command.py:376} INFO - Running <TaskInstance: 6.1-monitoreando.tarea3 scheduled__2022-07-22T00:00:00+00:00 [running]> on host a39b43f32cb0
[2024-12-21T20:27:24.036+0000] {taskinstance.py:1592} INFO - Exporting the following env vars:
AIRFLOW_CTX_DAG_OWNER=***
AIRFLOW_CTX_DAG_ID=6.1-monitoreando
AIRFLOW_CTX_TASK_ID=tarea3
AIRFLOW_CTX_EXECUTION_DATE=2022-07-22T00:00:00+00:00
AIRFLOW_CTX_TRY_NUMBER=1
AIRFLOW_CTX_DAG_RUN_ID=scheduled__2022-07-22T00:00:00+00:00
[2024-12-21T20:27:24.071+0000] {subprocess.py:63} INFO - Tmp dir root location: 
 /tmp
[2024-12-21T20:27:24.076+0000] {subprocess.py:75} INFO - Running command: ['/bin/bash', '-c', "sleep 2 && echo 'Tarea 3'"]
[2024-12-21T20:27:24.140+0000] {subprocess.py:86} INFO - Output:
[2024-12-21T20:27:26.182+0000] {subprocess.py:93} INFO - Tarea 3
[2024-12-21T20:27:26.232+0000] {subprocess.py:97} INFO - Command exited with return code 0
[2024-12-21T20:27:26.632+0000] {taskinstance.py:1406} INFO - Marking task as SUCCESS. dag_id=6.1-monitoreando, task_id=tarea3, execution_date=20220722T000000, start_date=20241221T202722, end_date=20241221T202726
[2024-12-21T20:27:27.141+0000] {local_task_job.py:164} INFO - Task exited with return code 0
[2024-12-21T20:27:27.615+0000] {local_task_job.py:273} INFO - 1 downstream tasks scheduled from follow-on schedule check
