[2024-12-21T21:28:01.225+0000] {taskinstance.py:1165} INFO - Dependencies all met for <TaskInstance: commiteando_cosas.check scheduled__2024-12-21T21:27:00+00:00 [queued]>
[2024-12-21T21:28:01.233+0000] {taskinstance.py:1165} INFO - Dependencies all met for <TaskInstance: commiteando_cosas.check scheduled__2024-12-21T21:27:00+00:00 [queued]>
[2024-12-21T21:28:01.233+0000] {taskinstance.py:1362} INFO - 
--------------------------------------------------------------------------------
[2024-12-21T21:28:01.234+0000] {taskinstance.py:1363} INFO - Starting attempt 1 of 1
[2024-12-21T21:28:01.234+0000] {taskinstance.py:1364} INFO - 
--------------------------------------------------------------------------------
[2024-12-21T21:28:01.245+0000] {taskinstance.py:1383} INFO - Executing <Task(BashOperator): check> on 2024-12-21 21:27:00+00:00
[2024-12-21T21:28:01.249+0000] {standard_task_runner.py:55} INFO - Started process 8151 to run task
[2024-12-21T21:28:01.253+0000] {standard_task_runner.py:82} INFO - Running: ['***', 'tasks', 'run', 'commiteando_cosas', 'check', 'scheduled__2024-12-21T21:27:00+00:00', '--job-id', '2632', '--raw', '--subdir', 'DAGS_FOLDER/elPataCommits.py', '--cfg-path', '/tmp/tmp5lhioli4']
[2024-12-21T21:28:01.254+0000] {standard_task_runner.py:83} INFO - Job 2632: Subtask check
[2024-12-21T21:28:01.299+0000] {task_command.py:376} INFO - Running <TaskInstance: commiteando_cosas.check scheduled__2024-12-21T21:27:00+00:00 [running]> on host a39b43f32cb0
[2024-12-21T21:28:01.356+0000] {taskinstance.py:1592} INFO - Exporting the following env vars:
AIRFLOW_CTX_DAG_OWNER=***
AIRFLOW_CTX_DAG_ID=commiteando_cosas
AIRFLOW_CTX_TASK_ID=check
AIRFLOW_CTX_EXECUTION_DATE=2024-12-21T21:27:00+00:00
AIRFLOW_CTX_TRY_NUMBER=1
AIRFLOW_CTX_DAG_RUN_ID=scheduled__2024-12-21T21:27:00+00:00
[2024-12-21T21:28:01.357+0000] {subprocess.py:63} INFO - Tmp dir root location: 
 /tmp
[2024-12-21T21:28:01.357+0000] {subprocess.py:75} INFO - Running command: ['/bin/bash', '-c', '\n        echo && \n        whoami && \n        echo && \n        pwd && \n        echo\n        ']
[2024-12-21T21:28:01.365+0000] {subprocess.py:86} INFO - Output:
[2024-12-21T21:28:01.368+0000] {subprocess.py:93} INFO - 
[2024-12-21T21:28:01.369+0000] {subprocess.py:93} INFO - ***
[2024-12-21T21:28:01.369+0000] {subprocess.py:93} INFO - 
[2024-12-21T21:28:01.369+0000] {subprocess.py:93} INFO - /tmp/***tmpxzd7n9yu
[2024-12-21T21:28:01.369+0000] {subprocess.py:93} INFO - 
[2024-12-21T21:28:01.369+0000] {subprocess.py:97} INFO - Command exited with return code 0
[2024-12-21T21:28:01.388+0000] {taskinstance.py:1406} INFO - Marking task as SUCCESS. dag_id=commiteando_cosas, task_id=check, execution_date=20241221T212700, start_date=20241221T212801, end_date=20241221T212801
[2024-12-21T21:28:01.437+0000] {local_task_job.py:164} INFO - Task exited with return code 0
[2024-12-21T21:28:01.459+0000] {local_task_job.py:273} INFO - 1 downstream tasks scheduled from follow-on schedule check
