[2024-12-21T13:33:17.077+0000] {taskinstance.py:1165} INFO - Dependencies all met for <TaskInstance: bashoperator.hello_with_bash scheduled__2022-02-18T00:00:00+00:00 [queued]>
[2024-12-21T13:33:17.130+0000] {taskinstance.py:1165} INFO - Dependencies all met for <TaskInstance: bashoperator.hello_with_bash scheduled__2022-02-18T00:00:00+00:00 [queued]>
[2024-12-21T13:33:17.131+0000] {taskinstance.py:1362} INFO - 
--------------------------------------------------------------------------------
[2024-12-21T13:33:17.132+0000] {taskinstance.py:1363} INFO - Starting attempt 1 of 1
[2024-12-21T13:33:17.133+0000] {taskinstance.py:1364} INFO - 
--------------------------------------------------------------------------------
[2024-12-21T13:33:17.286+0000] {taskinstance.py:1383} INFO - Executing <Task(BashOperator): hello_with_bash> on 2022-02-18 00:00:00+00:00
[2024-12-21T13:33:17.297+0000] {standard_task_runner.py:55} INFO - Started process 1399 to run task
[2024-12-21T13:33:17.304+0000] {standard_task_runner.py:82} INFO - Running: ['***', 'tasks', 'run', 'bashoperator', 'hello_with_bash', 'scheduled__2022-02-18T00:00:00+00:00', '--job-id', '10', '--raw', '--subdir', 'DAGS_FOLDER/1-bashoperator.py', '--cfg-path', '/tmp/tmp03ntu4rd']
[2024-12-21T13:33:17.305+0000] {standard_task_runner.py:83} INFO - Job 10: Subtask hello_with_bash
[2024-12-21T13:33:17.462+0000] {task_command.py:376} INFO - Running <TaskInstance: bashoperator.hello_with_bash scheduled__2022-02-18T00:00:00+00:00 [running]> on host a39b43f32cb0
[2024-12-21T13:33:17.823+0000] {taskinstance.py:1592} INFO - Exporting the following env vars:
AIRFLOW_CTX_DAG_OWNER=***
AIRFLOW_CTX_DAG_ID=bashoperator
AIRFLOW_CTX_TASK_ID=hello_with_bash
AIRFLOW_CTX_EXECUTION_DATE=2022-02-18T00:00:00+00:00
AIRFLOW_CTX_TRY_NUMBER=1
AIRFLOW_CTX_DAG_RUN_ID=scheduled__2022-02-18T00:00:00+00:00
[2024-12-21T13:33:17.840+0000] {subprocess.py:63} INFO - Tmp dir root location: 
 /tmp
[2024-12-21T13:33:17.846+0000] {subprocess.py:75} INFO - Running command: ['/bin/bash', '-c', "echo 'hello gente'"]
[2024-12-21T13:33:17.867+0000] {subprocess.py:86} INFO - Output:
[2024-12-21T13:33:17.876+0000] {subprocess.py:93} INFO - hello gente
[2024-12-21T13:33:17.880+0000] {subprocess.py:97} INFO - Command exited with return code 0
[2024-12-21T13:33:17.969+0000] {taskinstance.py:1406} INFO - Marking task as SUCCESS. dag_id=bashoperator, task_id=hello_with_bash, execution_date=20220218T000000, start_date=20241221T133317, end_date=20241221T133317
[2024-12-21T13:33:18.048+0000] {local_task_job.py:164} INFO - Task exited with return code 0
[2024-12-21T13:33:18.131+0000] {local_task_job.py:273} INFO - 0 downstream tasks scheduled from follow-on schedule check
